 -----------------------------------------------------------
 BIOVIA COSMOtherm Version 2019 (build: 19.0.5 [65f0de1d5f])
 -----------------------------------------------------------

 Copyright (C) 1999-2019, Dassault Systemes BIOVIA corp, all rights reserved

 Job name   : !! Computation of compound SIGMA-PROFILES
 Job date   : 10/14/2021
 Job time   : 03:22:03
 Hostname   : unknown
 OS type    : unknown
 Executable : Linux 64-bit

 Reading COSMOtherm parameter file BP_TZVP_C30_1701.ctd from directory /home/nastya/COSMOlogic/COSMOthermX19/COSMOtherm/CTDATA-FILES/OLDPARAM/
 Info: # COSMOtherm parameter file ./BP_TZVP_C30_1701.ctd for BP-TZVP optimized COSMO files                                                                  

 Reading COSMOtherm license key license.txt from directory /home/nastya/COSMOlogic/COSMOthermX19/licensefiles/

 COSMOtherm license key expiration date 01/16/2022
 COSMOtherm license key version 19.0
 Customer : TU Delft, Faculty of Applied Sciences
 ID       : 107270

 License keys:
  product                   |    licensed version    | status
 ------------------------------------------------------------------------------ 
  COSMOtherm                |          19.0          | active
  TURBOMOLE                 |          7.3           | active
 ------------------------------------------------------------------------------ 
 Sigma potentials for all mixtures will be written to /media/nastya/storage/Project_nastya/sigma_potential_17/AYFVYJQAPQTCCC-STHAYSLISA-N.pot
 
 Reading COSMO information for compound 1 conformer 1 from file /media/nastya/storage/Project_nastya/cosmo/AYFVYJQAPQTCCC-STHAYSLISA-N.cosmo
 Note: Gas phase energy file could not be found for compound 1 conformer 1
 Note: converting Gaussian COSMO-file information of compound 1 conformer 1


 --- Compound 1 (AYFVYJQAPQTCCC-STHAYSLISA-N) ---

 Compound Information for compound 1 conformer 1 (COSMO file /media/nastya/storage/Project_nastya/cosmo/AYFVYJQAPQTCCC-STHAYSLISA-N.cosmo)
 Atomic weights         : 11111111111111111
 E_COSMO+dE             :    -275151.2828 kcal/mol
 E_gas                  :    -275124.1027 kcal/mol
 E_COSMO-E_gas+dE       :        -27.1801 kcal/mol
 E_diel                 :        -40.3051 kcal/mol
 Averaging corr dE      :          1.0335 kcal/mol
 Area                   :        146.8724 A^2
 Volume                 :        142.0718 A^3
 Molecular Weight       :        119.1197 a.m.u.
 Total COSMO charge     :          0.0044 a.u.
 Dipole moment (t,x,y,z):         11.8282 -8.140828  7.509978 -4.151406 Debye                            
 Sigma moments (1-6)    :          0.0000  2.04E+02  4.45E+01  5.25E+02  1.98E+02  1.56E+03              
 H-bond moment (accept) :         16.3434
 H-bond moment (donor)  :          9.0242
 
 WARNING: QM computation level of compound 1 conformer 1 could not be determined - it may differ from the QM level of the parameter set.
 No gas phase energy for compound 1 conformer 1 specified, thus it will be estimated


 Total number of processed compounds:    1


----------------
 START job     1
----------------


 Results for mixture 1
 ---------------------
 Temperature          :    298.150 K
 Compound Nr.         :         1
 Compound             : AYFVYJQAP
 Mole Fraction        :    1.0000

 Compound: 1  (AYFVYJQAPQTCCC-STHAYSLISA-N)
 Chemical potential of the compound in the mixture :        -2.81879 kcal/mol
 Log10(partial pressure [mbar])                    :       -14.41529
 Free energy of molecule in mix (E_COSMO+dE+Mu)    :   -275154.10163 kcal/mol
 Total mean interaction energy in the mix (H_int)  :       -18.48430 kcal/mol
 Misfit interaction energy in the mix (H_MF)       :         2.53727 kcal/mol
 H-Bond interaction energy in the mix (H_HB)       :       -14.73321 kcal/mol
 VdW interaction energy in the mix (H_vdW)         :        -6.28835 kcal/mol


----------------
 END job       1
----------------

 Note: Sigma-potentials are tabulated in /media/nastya/storage/Project_nastya/sigma_potential_17/AYFVYJQAPQTCCC-STHAYSLISA-N.tab

