 -----------------------------------------------------------
 BIOVIA COSMOtherm Version 2019 (build: 19.0.5 [65f0de1d5f])
 -----------------------------------------------------------

 Copyright (C) 1999-2019, Dassault Systemes BIOVIA corp, all rights reserved

 Job name   : !! Computation of compound SIGMA-PROFILES
 Job date   : 10/14/2021
 Job time   : 03:22:06
 Hostname   : unknown
 OS type    : unknown
 Executable : Linux 64-bit

 Reading COSMOtherm parameter file BP_TZVP_C30_1701.ctd from directory /home/nastya/COSMOlogic/COSMOthermX19/COSMOtherm/CTDATA-FILES/OLDPARAM/
 Info: # COSMOtherm parameter file ./BP_TZVP_C30_1701.ctd for BP-TZVP optimized COSMO files                                                                  

 Reading COSMOtherm license key license.txt from directory /home/nastya/COSMOlogic/COSMOthermX19/licensefiles/

 COSMOtherm license key expiration date 01/16/2022
 COSMOtherm license key version 19.0
 Customer : TU Delft, Faculty of Applied Sciences
 ID       : 107270

 License keys:
  product                   |    licensed version    | status
 ------------------------------------------------------------------------------ 
  COSMOtherm                |          19.0          | active
  TURBOMOLE                 |          7.3           | active
 ------------------------------------------------------------------------------ 
 Sigma potentials for all mixtures will be written to /media/nastya/storage/Project_nastya/sigma_potential_17/CPELXLSAUQHCOX-UHFFFAOYSA-M.pot
 
 Reading COSMO information for compound 1 conformer 1 from file /media/nastya/storage/Project_nastya/cosmo/CPELXLSAUQHCOX-UHFFFAOYSA-M.cosmo
 Note: Gas phase energy file could not be found for compound 1 conformer 1
 Note: converting Gaussian COSMO-file information of compound 1 conformer 1


 --- Compound 1 (CPELXLSAUQHCOX-UHFFFAOYSA-M) ---

 Compound Information for compound 1 conformer 1 (COSMO file /media/nastya/storage/Project_nastya/cosmo/CPELXLSAUQHCOX-UHFFFAOYSA-M.cosmo)
 Atomic weights         : 1
 E_COSMO+dE             :   -1615601.9244 kcal/mol
 E_gas                  :   -1615548.1169 kcal/mol
 E_COSMO-E_gas+dE       :        -53.8074 kcal/mol
 E_diel                 :        -77.0548 kcal/mol
 Averaging corr dE      :          0.1309 kcal/mol
 Area                   :         58.6297 A^2
 Volume                 :         42.2134 A^3
 Molecular Weight       :         79.9041 a.m.u.
 Total COSMO charge     :          1.0021 a.u.
 Dipole moment (t,x,y,z):          0.0000  0.000000  0.000000  0.000000 Debye                            
 Sigma moments (1-6)    :        100.0000  1.71E+02  2.91E+02  4.96E+02  8.46E+02  1.44E+03              
 H-bond moment (accept) :         29.6444
 H-bond moment (donor)  :          0.0000
 
 WARNING: QM computation level of compound 1 conformer 1 could not be determined - it may differ from the QM level of the parameter set.
 No gas phase energy for compound 1 conformer 1 specified, thus it will be estimated
 Molecule CPELXLSAUQHCOX-UHFFFAOYSA-M is an atom


 Total number of processed compounds:    1


----------------
 START job     1
----------------


 Results for mixture 1
 ---------------------
 Temperature          :    298.150 K
 Compound Nr.         :         1
 Compound             : CPELXLSAU
 Mole Fraction        :    1.0000

 WARNING: Mixture    1 is not charge neutral!
 WARNING: Total molecular charge of mixture =      -1.0000
 WARNING: Relative screening charge of ions in the mixture =       1.0000

 Compound: 1  (CPELXLSAUQHCOX-UHFFFAOYSA-M)
 Chemical potential of the compound in the mixture :        36.78406 kcal/mol
 Log10(partial pressure [mbar])                    :        -5.09452
 Free energy of molecule in mix (E_COSMO+dE+Mu)    :  -1615565.14030 kcal/mol
 Total mean interaction energy in the mix (H_int)  :        36.02624 kcal/mol
 Misfit interaction energy in the mix (H_MF)       :        40.96256 kcal/mol
 H-Bond interaction energy in the mix (H_HB)       :         0.00000 kcal/mol
 VdW interaction energy in the mix (H_vdW)         :        -4.93632 kcal/mol


----------------
 END job       1
----------------

 Note: Sigma-potentials are tabulated in /media/nastya/storage/Project_nastya/sigma_potential_17/CPELXLSAUQHCOX-UHFFFAOYSA-M.tab

