 -----------------------------------------------------------
 BIOVIA COSMOtherm Version 2019 (build: 19.0.5 [65f0de1d5f])
 -----------------------------------------------------------

 Copyright (C) 1999-2019, Dassault Systemes BIOVIA corp, all rights reserved

 Job name   : !! Computation of compound SIGMA-PROFILES
 Job date   : 10/14/2021
 Job time   : 03:22:09
 Hostname   : unknown
 OS type    : unknown
 Executable : Linux 64-bit

 Reading COSMOtherm parameter file BP_TZVP_C30_1701.ctd from directory /home/nastya/COSMOlogic/COSMOthermX19/COSMOtherm/CTDATA-FILES/OLDPARAM/
 Info: # COSMOtherm parameter file ./BP_TZVP_C30_1701.ctd for BP-TZVP optimized COSMO files                                                                  

 Reading COSMOtherm license key license.txt from directory /home/nastya/COSMOlogic/COSMOthermX19/licensefiles/

 COSMOtherm license key expiration date 01/16/2022
 COSMOtherm license key version 19.0
 Customer : TU Delft, Faculty of Applied Sciences
 ID       : 107270

 License keys:
  product                   |    licensed version    | status
 ------------------------------------------------------------------------------ 
  COSMOtherm                |          19.0          | active
  TURBOMOLE                 |          7.3           | active
 ------------------------------------------------------------------------------ 
 Sigma potentials for all mixtures will be written to /media/nastya/storage/Project_nastya/sigma_potential_17/CZMRCDWAGMRECN-FBXJDJJESA-N.pot
 
 Reading COSMO information for compound 1 conformer 1 from file /media/nastya/storage/Project_nastya/cosmo/CZMRCDWAGMRECN-FBXJDJJESA-N.cosmo
 Note: Gas phase energy file could not be found for compound 1 conformer 1
 Note: converting Gaussian COSMO-file information of compound 1 conformer 1


 --- Compound 1 (CZMRCDWAGMRECN-FBXJDJJESA-N) ---

 Compound Information for compound 1 conformer 1 (COSMO file /media/nastya/storage/Project_nastya/cosmo/CZMRCDWAGMRECN-FBXJDJJESA-N.cosmo)
 Atomic weights         : 111111111111111111111111111111111111111111111
 E_COSMO+dE             :    -814790.8881 kcal/mol
 E_gas                  :    -814762.1007 kcal/mol
 E_COSMO-E_gas+dE       :        -28.7873 kcal/mol
 E_diel                 :        -44.6230 kcal/mol
 Averaging corr dE      :          2.4488 kcal/mol
 Area                   :        294.2899 A^2
 Volume                 :        371.8573 A^3
 Molecular Weight       :        342.2979 a.m.u.
 Total COSMO charge     :          0.0019 a.u.
 Dipole moment (t,x,y,z):          6.2808 -5.356696  2.945033 -1.442429 Debye                            
 Sigma moments (1-6)    :          0.0000  3.28E+02  6.95E+01  7.01E+02  2.79E+02  1.90E+03              
 H-bond moment (accept) :         20.7401
 H-bond moment (donor)  :         13.8069
 
 WARNING: QM computation level of compound 1 conformer 1 could not be determined - it may differ from the QM level of the parameter set.
 No gas phase energy for compound 1 conformer 1 specified, thus it will be estimated


 Total number of processed compounds:    1


----------------
 START job     1
----------------


 Results for mixture 1
 ---------------------
 Temperature          :    298.150 K
 Compound Nr.         :         1
 Compound             : CZMRCDWAG
 Mole Fraction        :    1.0000

 Compound: 1  (CZMRCDWAGMRECN-FBXJDJJESA-N)
 Chemical potential of the compound in the mixture :        -7.39132 kcal/mol
 Log10(partial pressure [mbar])                    :       -20.46834
 Free energy of molecule in mix (E_COSMO+dE+Mu)    :   -814798.27939 kcal/mol
 Total mean interaction energy in the mix (H_int)  :       -39.33307 kcal/mol
 Misfit interaction energy in the mix (H_MF)       :         4.22377 kcal/mol
 H-Bond interaction energy in the mix (H_HB)       :       -32.09074 kcal/mol
 VdW interaction energy in the mix (H_vdW)         :       -11.46611 kcal/mol


----------------
 END job       1
----------------

 Note: Sigma-potentials are tabulated in /media/nastya/storage/Project_nastya/sigma_potential_17/CZMRCDWAGMRECN-FBXJDJJESA-N.tab

