 -----------------------------------------------------------
 BIOVIA COSMOtherm Version 2019 (build: 19.0.5 [65f0de1d5f])
 -----------------------------------------------------------

 Copyright (C) 1999-2019, Dassault Systemes BIOVIA corp, all rights reserved

 Job name   : !! Computation of compound SIGMA-PROFILES
 Job date   : 10/14/2021
 Job time   : 03:22:14
 Hostname   : unknown
 OS type    : unknown
 Executable : Linux 64-bit

 Reading COSMOtherm parameter file BP_TZVP_C30_1701.ctd from directory /home/nastya/COSMOlogic/COSMOthermX19/COSMOtherm/CTDATA-FILES/OLDPARAM/
 Info: # COSMOtherm parameter file ./BP_TZVP_C30_1701.ctd for BP-TZVP optimized COSMO files                                                                  

 Reading COSMOtherm license key license.txt from directory /home/nastya/COSMOlogic/COSMOthermX19/licensefiles/

 COSMOtherm license key expiration date 01/16/2022
 COSMOtherm license key version 19.0
 Customer : TU Delft, Faculty of Applied Sciences
 ID       : 107270

 License keys:
  product                   |    licensed version    | status
 ------------------------------------------------------------------------------ 
  COSMOtherm                |          19.0          | active
  TURBOMOLE                 |          7.3           | active
 ------------------------------------------------------------------------------ 
 Sigma potentials for all mixtures will be written to /media/nastya/storage/Project_nastya/sigma_potential_17/FBPFZTCFMRRESA-JGWLITMVSA-N.pot
 
 Reading COSMO information for compound 1 conformer 1 from file /media/nastya/storage/Project_nastya/cosmo/FBPFZTCFMRRESA-JGWLITMVSA-N.cosmo
 Note: Gas phase energy file could not be found for compound 1 conformer 1
 Note: converting Gaussian COSMO-file information of compound 1 conformer 1


 --- Compound 1 (FBPFZTCFMRRESA-JGWLITMVSA-N) ---

 Compound Information for compound 1 conformer 1 (COSMO file /media/nastya/storage/Project_nastya/cosmo/FBPFZTCFMRRESA-JGWLITMVSA-N.cosmo)
 Atomic weights         : 11111111111111111111111111
 E_COSMO+dE             :    -432147.8074 kcal/mol
 E_gas                  :    -432130.8495 kcal/mol
 E_COSMO-E_gas+dE       :        -16.9578 kcal/mol
 E_diel                 :        -26.4710 kcal/mol
 Averaging corr dE      :          1.5719 kcal/mol
 Area                   :        197.9502 A^2
 Volume                 :        210.3738 A^3
 Molecular Weight       :        182.1725 a.m.u.
 Total COSMO charge     :          0.0060 a.u.
 Dipole moment (t,x,y,z):          7.1920  3.106065 -6.380204 -1.170307 Debye                            
 Sigma moments (1-6)    :          0.0000  1.91E+02  3.80E+01  3.75E+02  1.00E+02  9.00E+02              
 H-bond moment (accept) :         11.2361
 H-bond moment (donor)  :          7.5200
 
 WARNING: QM computation level of compound 1 conformer 1 could not be determined - it may differ from the QM level of the parameter set.
 No gas phase energy for compound 1 conformer 1 specified, thus it will be estimated


 Total number of processed compounds:    1


----------------
 START job     1
----------------


 Results for mixture 1
 ---------------------
 Temperature          :    298.150 K
 Compound Nr.         :         1
 Compound             : FBPFZTCFM
 Mole Fraction        :    1.0000

 Compound: 1  (FBPFZTCFMRRESA-JGWLITMVSA-N)
 Chemical potential of the compound in the mixture :        -4.40000 kcal/mol
 Log10(partial pressure [mbar])                    :        -8.08132
 Free energy of molecule in mix (E_COSMO+dE+Mu)    :   -432152.20737 kcal/mol
 Total mean interaction energy in the mix (H_int)  :       -21.47903 kcal/mol
 Misfit interaction energy in the mix (H_MF)       :         2.68431 kcal/mol
 H-Bond interaction energy in the mix (H_HB)       :       -16.62777 kcal/mol
 VdW interaction energy in the mix (H_vdW)         :        -7.53557 kcal/mol


----------------
 END job       1
----------------

 Note: Sigma-potentials are tabulated in /media/nastya/storage/Project_nastya/sigma_potential_17/FBPFZTCFMRRESA-JGWLITMVSA-N.tab

