 -----------------------------------------------------------
 BIOVIA COSMOtherm Version 2019 (build: 19.0.5 [65f0de1d5f])
 -----------------------------------------------------------

 Copyright (C) 1999-2019, Dassault Systemes BIOVIA corp, all rights reserved

 Job name   : !! Computation of compound SIGMA-PROFILES
 Job date   : 10/14/2021
 Job time   : 03:22:14
 Hostname   : unknown
 OS type    : unknown
 Executable : Linux 64-bit

 Reading COSMOtherm parameter file BP_TZVP_C30_1701.ctd from directory /home/nastya/COSMOlogic/COSMOthermX19/COSMOtherm/CTDATA-FILES/OLDPARAM/
 Info: # COSMOtherm parameter file ./BP_TZVP_C30_1701.ctd for BP-TZVP optimized COSMO files                                                                  

 Reading COSMOtherm license key license.txt from directory /home/nastya/COSMOlogic/COSMOthermX19/licensefiles/

 COSMOtherm license key expiration date 01/16/2022
 COSMOtherm license key version 19.0
 Customer : TU Delft, Faculty of Applied Sciences
 ID       : 107270

 License keys:
  product                   |    licensed version    | status
 ------------------------------------------------------------------------------ 
  COSMOtherm                |          19.0          | active
  TURBOMOLE                 |          7.3           | active
 ------------------------------------------------------------------------------ 
 Sigma potentials for all mixtures will be written to /media/nastya/storage/Project_nastya/sigma_potential_17/FEWJPZIEWOKRBE-JCYAYHJZSA-N.pot
 
 Reading COSMO information for compound 1 conformer 1 from file /media/nastya/storage/Project_nastya/cosmo/FEWJPZIEWOKRBE-JCYAYHJZSA-N.cosmo
 Note: Gas phase energy file could not be found for compound 1 conformer 1
 Note: converting Gaussian COSMO-file information of compound 1 conformer 1


 --- Compound 1 (FEWJPZIEWOKRBE-JCYAYHJZSA-N) ---

 Compound Information for compound 1 conformer 1 (COSMO file /media/nastya/storage/Project_nastya/cosmo/FEWJPZIEWOKRBE-JCYAYHJZSA-N.cosmo)
 Atomic weights         : 1111111111111111
 E_COSMO+dE             :    -381318.5350 kcal/mol
 E_gas                  :    -381303.2908 kcal/mol
 E_COSMO-E_gas+dE       :        -15.2442 kcal/mol
 E_diel                 :        -23.4136 kcal/mol
 Averaging corr dE      :          1.3997 kcal/mol
 Area                   :        157.9128 A^2
 Volume                 :        156.2063 A^3
 Molecular Weight       :        150.0874 a.m.u.
 Total COSMO charge     :          0.0068 a.u.
 Dipole moment (t,x,y,z):          4.7197 -0.538861  0.256870  4.681764 Debye                            
 Sigma moments (1-6)    :          0.0000  1.74E+02 -6.09E+01  3.66E+02 -3.10E+02  1.01E+03              
 H-bond moment (accept) :          3.8617
 H-bond moment (donor)  :         12.4986
 
 WARNING: QM computation level of compound 1 conformer 1 could not be determined - it may differ from the QM level of the parameter set.
 No gas phase energy for compound 1 conformer 1 specified, thus it will be estimated


 Total number of processed compounds:    1


----------------
 START job     1
----------------


 Results for mixture 1
 ---------------------
 Temperature          :    298.150 K
 Compound Nr.         :         1
 Compound             : FEWJPZIEW
 Mole Fraction        :    1.0000

 Compound: 1  (FEWJPZIEWOKRBE-JCYAYHJZSA-N)
 Chemical potential of the compound in the mixture :        -2.14230 kcal/mol
 Log10(partial pressure [mbar])                    :        -5.17032
 Free energy of molecule in mix (E_COSMO+dE+Mu)    :   -381320.67733 kcal/mol
 Total mean interaction energy in the mix (H_int)  :       -15.12581 kcal/mol
 Misfit interaction energy in the mix (H_MF)       :         2.38625 kcal/mol
 H-Bond interaction energy in the mix (H_HB)       :       -12.99890 kcal/mol
 VdW interaction energy in the mix (H_vdW)         :        -4.51315 kcal/mol


----------------
 END job       1
----------------

 Note: Sigma-potentials are tabulated in /media/nastya/storage/Project_nastya/sigma_potential_17/FEWJPZIEWOKRBE-JCYAYHJZSA-N.tab

