 -----------------------------------------------------------
 BIOVIA COSMOtherm Version 2019 (build: 19.0.5 [65f0de1d5f])
 -----------------------------------------------------------

 Copyright (C) 1999-2019, Dassault Systemes BIOVIA corp, all rights reserved

 Job name   : !! Computation of compound SIGMA-PROFILES
 Job date   : 10/14/2021
 Job time   : 03:22:14
 Hostname   : unknown
 OS type    : unknown
 Executable : Linux 64-bit

 Reading COSMOtherm parameter file BP_TZVP_C30_1701.ctd from directory /home/nastya/COSMOlogic/COSMOthermX19/COSMOtherm/CTDATA-FILES/OLDPARAM/
 Info: # COSMOtherm parameter file ./BP_TZVP_C30_1701.ctd for BP-TZVP optimized COSMO files                                                                  

 Reading COSMOtherm license key license.txt from directory /home/nastya/COSMOlogic/COSMOthermX19/licensefiles/

 COSMOtherm license key expiration date 01/16/2022
 COSMOtherm license key version 19.0
 Customer : TU Delft, Faculty of Applied Sciences
 ID       : 107270

 License keys:
  product                   |    licensed version    | status
 ------------------------------------------------------------------------------ 
  COSMOtherm                |          19.0          | active
  TURBOMOLE                 |          7.3           | active
 ------------------------------------------------------------------------------ 
 Sigma potentials for all mixtures will be written to /media/nastya/storage/Project_nastya/sigma_potential_17/FFEARJCKVFRZRR-BYPYZUCNSA-N.pot
 
 Reading COSMO information for compound 1 conformer 1 from file /media/nastya/storage/Project_nastya/cosmo/FFEARJCKVFRZRR-BYPYZUCNSA-N.cosmo
 Note: Gas phase energy file could not be found for compound 1 conformer 1
 Note: converting Gaussian COSMO-file information of compound 1 conformer 1


 --- Compound 1 (FFEARJCKVFRZRR-BYPYZUCNSA-N) ---

 Compound Information for compound 1 conformer 1 (COSMO file /media/nastya/storage/Project_nastya/cosmo/FFEARJCKVFRZRR-BYPYZUCNSA-N.cosmo)
 Atomic weights         : 11111111111111111111
 E_COSMO+dE             :    -502500.1891 kcal/mol
 E_gas                  :    -502472.8534 kcal/mol
 E_COSMO-E_gas+dE       :        -27.3357 kcal/mol
 E_diel                 :        -40.4069 kcal/mol
 Averaging corr dE      :          0.9491 kcal/mol
 Area                   :        184.3368 A^2
 Volume                 :        182.0981 A^3
 Molecular Weight       :        149.2124 a.m.u.
 Total COSMO charge     :          0.0051 a.u.
 Dipole moment (t,x,y,z):         10.9499  0.353419 -1.02E+01 -3.853536 Debye                            
 Sigma moments (1-6)    :          0.0000  1.99E+02  3.44E+01  4.82E+02  1.26E+02  1.42E+03              
 H-bond moment (accept) :         14.0589
 H-bond moment (donor)  :          8.8490
 
 WARNING: QM computation level of compound 1 conformer 1 could not be determined - it may differ from the QM level of the parameter set.
 No gas phase energy for compound 1 conformer 1 specified, thus it will be estimated


 Total number of processed compounds:    1


----------------
 START job     1
----------------


 Results for mixture 1
 ---------------------
 Temperature          :    298.150 K
 Compound Nr.         :         1
 Compound             : FFEARJCKV
 Mole Fraction        :    1.0000

 Compound: 1  (FFEARJCKVFRZRR-BYPYZUCNSA-N)
 Chemical potential of the compound in the mixture :        -1.94536 kcal/mol
 Log10(partial pressure [mbar])                    :       -13.88913
 Free energy of molecule in mix (E_COSMO+dE+Mu)    :   -502502.13446 kcal/mol
 Total mean interaction energy in the mix (H_int)  :       -15.75709 kcal/mol
 Misfit interaction energy in the mix (H_MF)       :         3.34504 kcal/mol
 H-Bond interaction energy in the mix (H_HB)       :       -10.00348 kcal/mol
 VdW interaction energy in the mix (H_vdW)         :        -9.09865 kcal/mol


----------------
 END job       1
----------------

 Note: Sigma-potentials are tabulated in /media/nastya/storage/Project_nastya/sigma_potential_17/FFEARJCKVFRZRR-BYPYZUCNSA-N.tab

