 -----------------------------------------------------------
 BIOVIA COSMOtherm Version 2019 (build: 19.0.5 [65f0de1d5f])
 -----------------------------------------------------------

 Copyright (C) 1999-2019, Dassault Systemes BIOVIA corp, all rights reserved

 Job name   : !! Computation of compound SIGMA-PROFILES
 Job date   : 10/14/2021
 Job time   : 03:22:21
 Hostname   : unknown
 OS type    : unknown
 Executable : Linux 64-bit

 Reading COSMOtherm parameter file BP_TZVP_C30_1701.ctd from directory /home/nastya/COSMOlogic/COSMOthermX19/COSMOtherm/CTDATA-FILES/OLDPARAM/
 Info: # COSMOtherm parameter file ./BP_TZVP_C30_1701.ctd for BP-TZVP optimized COSMO files                                                                  

 Reading COSMOtherm license key license.txt from directory /home/nastya/COSMOlogic/COSMOthermX19/licensefiles/

 COSMOtherm license key expiration date 01/16/2022
 COSMOtherm license key version 19.0
 Customer : TU Delft, Faculty of Applied Sciences
 ID       : 107270

 License keys:
  product                   |    licensed version    | status
 ------------------------------------------------------------------------------ 
  COSMOtherm                |          19.0          | active
  TURBOMOLE                 |          7.3           | active
 ------------------------------------------------------------------------------ 
 Sigma potentials for all mixtures will be written to /media/nastya/storage/Project_nastya/sigma_potential_17/JVTAAEKCZFNVCJ-UHFFFAOYSA-N.pot
 
 Reading COSMO information for compound 1 conformer 1 from file /media/nastya/storage/Project_nastya/cosmo/JVTAAEKCZFNVCJ-UHFFFAOYSA-N.cosmo
 Note: Gas phase energy file could not be found for compound 1 conformer 1
 Note: converting Gaussian COSMO-file information of compound 1 conformer 1


 --- Compound 1 (JVTAAEKCZFNVCJ-UHFFFAOYSA-N) ---

 Compound Information for compound 1 conformer 1 (COSMO file /media/nastya/storage/Project_nastya/cosmo/JVTAAEKCZFNVCJ-UHFFFAOYSA-N.cosmo)
 Atomic weights         : 111111111111
 E_COSMO+dE             :    -215715.9293 kcal/mol
 E_gas                  :    -215707.1507 kcal/mol
 E_COSMO-E_gas+dE       :         -8.7786 kcal/mol
 E_diel                 :        -12.1137 kcal/mol
 Averaging corr dE      :          0.8045 kcal/mol
 Area                   :        120.2974 A^2
 Volume                 :        106.9309 A^3
 Molecular Weight       :         90.0783 a.m.u.
 Total COSMO charge     :          0.0019 a.u.
 Dipole moment (t,x,y,z):          1.9919 -0.844347  1.558418 -0.908996 Debye                            
 Sigma moments (1-6)    :          0.0000  9.53E+01 -9.153887  1.83E+02 -8.17E+01  4.59E+02              
 H-bond moment (accept) :          3.0367
 H-bond moment (donor)  :          5.3216
 
 WARNING: QM computation level of compound 1 conformer 1 could not be determined - it may differ from the QM level of the parameter set.
 No gas phase energy for compound 1 conformer 1 specified, thus it will be estimated


 Total number of processed compounds:    1


----------------
 START job     1
----------------


 Results for mixture 1
 ---------------------
 Temperature          :    298.150 K
 Compound Nr.         :         1
 Compound             : JVTAAEKCZ
 Mole Fraction        :    1.0000

 Compound: 1  (JVTAAEKCZFNVCJ-UHFFFAOYSA-N)
 Chemical potential of the compound in the mixture :        -2.40631 kcal/mol
 Log10(partial pressure [mbar])                    :        -0.62450
 Free energy of molecule in mix (E_COSMO+dE+Mu)    :   -215718.33559 kcal/mol
 Total mean interaction energy in the mix (H_int)  :        -9.83994 kcal/mol
 Misfit interaction energy in the mix (H_MF)       :         1.75152 kcal/mol
 H-Bond interaction energy in the mix (H_HB)       :        -6.95564 kcal/mol
 VdW interaction energy in the mix (H_vdW)         :        -4.63582 kcal/mol


----------------
 END job       1
----------------

 Note: Sigma-potentials are tabulated in /media/nastya/storage/Project_nastya/sigma_potential_17/JVTAAEKCZFNVCJ-UHFFFAOYSA-N.tab

