 -----------------------------------------------------------
 BIOVIA COSMOtherm Version 2019 (build: 19.0.5 [65f0de1d5f])
 -----------------------------------------------------------

 Copyright (C) 1999-2019, Dassault Systemes BIOVIA corp, all rights reserved

 Job name   : !! Computation of compound SIGMA-PROFILES
 Job date   : 10/14/2021
 Job time   : 03:22:23
 Hostname   : unknown
 OS type    : unknown
 Executable : Linux 64-bit

 Reading COSMOtherm parameter file BP_TZVP_C30_1701.ctd from directory /home/nastya/COSMOlogic/COSMOthermX19/COSMOtherm/CTDATA-FILES/OLDPARAM/
 Info: # COSMOtherm parameter file ./BP_TZVP_C30_1701.ctd for BP-TZVP optimized COSMO files                                                                  

 Reading COSMOtherm license key license.txt from directory /home/nastya/COSMOlogic/COSMOthermX19/licensefiles/

 COSMOtherm license key expiration date 01/16/2022
 COSMOtherm license key version 19.0
 Customer : TU Delft, Faculty of Applied Sciences
 ID       : 107270

 License keys:
  product                   |    licensed version    | status
 ------------------------------------------------------------------------------ 
  COSMOtherm                |          19.0          | active
  TURBOMOLE                 |          7.3           | active
 ------------------------------------------------------------------------------ 
 Sigma potentials for all mixtures will be written to /media/nastya/storage/Project_nastya/sigma_potential_17/KRKNYBCHXYNGOX-UHFFFAOYSA-N.pot
 
 Reading COSMO information for compound 1 conformer 1 from file /media/nastya/storage/Project_nastya/cosmo/KRKNYBCHXYNGOX-UHFFFAOYSA-N.cosmo
 Note: Gas phase energy file could not be found for compound 1 conformer 1
 Note: converting Gaussian COSMO-file information of compound 1 conformer 1


 --- Compound 1 (KRKNYBCHXYNGOX-UHFFFAOYSA-N) ---

 Compound Information for compound 1 conformer 1 (COSMO file /media/nastya/storage/Project_nastya/cosmo/KRKNYBCHXYNGOX-UHFFFAOYSA-N.cosmo)
 Atomic weights         : 111111111111111111111
 E_COSMO+dE             :    -477162.2028 kcal/mol
 E_gas                  :    -477142.3253 kcal/mol
 E_COSMO-E_gas+dE       :        -19.8774 kcal/mol
 E_diel                 :        -30.6893 kcal/mol
 Averaging corr dE      :          1.6051 kcal/mol
 Area                   :        192.7428 A^2
 Volume                 :        200.3224 A^3
 Molecular Weight       :        192.1243 a.m.u.
 Total COSMO charge     :          0.0087 a.u.
 Dipole moment (t,x,y,z):          8.3553 -4.487449 -2.320288 -6.655129 Debye                            
 Sigma moments (1-6)    :          0.0000  2.00E+02 -2.92E+01  4.52E+02 -1.78E+02  1.38E+03              
 H-bond moment (accept) :          7.8477
 H-bond moment (donor)  :         12.4588
 
 WARNING: QM computation level of compound 1 conformer 1 could not be determined - it may differ from the QM level of the parameter set.
 No gas phase energy for compound 1 conformer 1 specified, thus it will be estimated


 Total number of processed compounds:    1


----------------
 START job     1
----------------


 Results for mixture 1
 ---------------------
 Temperature          :    298.150 K
 Compound Nr.         :         1
 Compound             : KRKNYBCHX
 Mole Fraction        :    1.0000

 Compound: 1  (KRKNYBCHXYNGOX-UHFFFAOYSA-N)
 Chemical potential of the compound in the mixture :        -4.32899 kcal/mol
 Log10(partial pressure [mbar])                    :       -10.16937
 Free energy of molecule in mix (E_COSMO+dE+Mu)    :   -477166.53175 kcal/mol
 Total mean interaction energy in the mix (H_int)  :       -23.42371 kcal/mol
 Misfit interaction energy in the mix (H_MF)       :         2.54766 kcal/mol
 H-Bond interaction energy in the mix (H_HB)       :       -20.08928 kcal/mol
 VdW interaction energy in the mix (H_vdW)         :        -5.88208 kcal/mol


----------------
 END job       1
----------------

 Note: Sigma-potentials are tabulated in /media/nastya/storage/Project_nastya/sigma_potential_17/KRKNYBCHXYNGOX-UHFFFAOYSA-N.tab

