 -----------------------------------------------------------
 BIOVIA COSMOtherm Version 2019 (build: 19.0.5 [65f0de1d5f])
 -----------------------------------------------------------

 Copyright (C) 1999-2019, Dassault Systemes BIOVIA corp, all rights reserved

 Job name   : !! Computation of compound SIGMA-PROFILES
 Job date   : 10/14/2021
 Job time   : 03:22:23
 Hostname   : unknown
 OS type    : unknown
 Executable : Linux 64-bit

 Reading COSMOtherm parameter file BP_TZVP_C30_1701.ctd from directory /home/nastya/COSMOlogic/COSMOthermX19/COSMOtherm/CTDATA-FILES/OLDPARAM/
 Info: # COSMOtherm parameter file ./BP_TZVP_C30_1701.ctd for BP-TZVP optimized COSMO files                                                                  

 Reading COSMOtherm license key license.txt from directory /home/nastya/COSMOlogic/COSMOthermX19/licensefiles/

 COSMOtherm license key expiration date 01/16/2022
 COSMOtherm license key version 19.0
 Customer : TU Delft, Faculty of Applied Sciences
 ID       : 107270

 License keys:
  product                   |    licensed version    | status
 ------------------------------------------------------------------------------ 
  COSMOtherm                |          19.0          | active
  TURBOMOLE                 |          7.3           | active
 ------------------------------------------------------------------------------ 
 Sigma potentials for all mixtures will be written to /media/nastya/storage/Project_nastya/sigma_potential_17/KXDAEFPNCMNJSK-UHFFFAOYSA-N.pot
 
 Reading COSMO information for compound 1 conformer 1 from file /media/nastya/storage/Project_nastya/cosmo/KXDAEFPNCMNJSK-UHFFFAOYSA-N.cosmo
 Note: Gas phase energy file could not be found for compound 1 conformer 1
 Note: converting Gaussian COSMO-file information of compound 1 conformer 1


 --- Compound 1 (KXDAEFPNCMNJSK-UHFFFAOYSA-N) ---

 Compound Information for compound 1 conformer 1 (COSMO file /media/nastya/storage/Project_nastya/cosmo/KXDAEFPNCMNJSK-UHFFFAOYSA-N.cosmo)
 Atomic weights         : 1111111111111111
 E_COSMO+dE             :    -251699.6868 kcal/mol
 E_gas                  :    -251688.9969 kcal/mol
 E_COSMO-E_gas+dE       :        -10.6900 kcal/mol
 E_diel                 :        -14.5713 kcal/mol
 Averaging corr dE      :          0.5830 kcal/mol
 Area                   :        157.1442 A^2
 Volume                 :        151.2388 A^3
 Molecular Weight       :        121.1372 a.m.u.
 Total COSMO charge     :          0.0003 a.u.
 Dipole moment (t,x,y,z):          5.5472  1.970108  4.795093  1.974249 Debye                            
 Sigma moments (1-6)    :          0.0000  8.85E+01  1.24E+01  1.47E+02  5.06E+01  3.20E+02              
 H-bond moment (accept) :          4.6536
 H-bond moment (donor)  :          2.5203
 
 WARNING: QM computation level of compound 1 conformer 1 could not be determined - it may differ from the QM level of the parameter set.
 No gas phase energy for compound 1 conformer 1 specified, thus it will be estimated


 Total number of processed compounds:    1


----------------
 START job     1
----------------


 Results for mixture 1
 ---------------------
 Temperature          :    298.150 K
 Compound Nr.         :         1
 Compound             : KXDAEFPNC
 Mole Fraction        :    1.0000

 Compound: 1  (KXDAEFPNCMNJSK-UHFFFAOYSA-N)
 Chemical potential of the compound in the mixture :        -2.30009 kcal/mol
 Log10(partial pressure [mbar])                    :        -2.77858
 Free energy of molecule in mix (E_COSMO+dE+Mu)    :   -251701.98693 kcal/mol
 Total mean interaction energy in the mix (H_int)  :        -7.48660 kcal/mol
 Misfit interaction energy in the mix (H_MF)       :         2.53109 kcal/mol
 H-Bond interaction energy in the mix (H_HB)       :        -2.49249 kcal/mol
 VdW interaction energy in the mix (H_vdW)         :        -7.52520 kcal/mol


----------------
 END job       1
----------------

 Note: Sigma-potentials are tabulated in /media/nastya/storage/Project_nastya/sigma_potential_17/KXDAEFPNCMNJSK-UHFFFAOYSA-N.tab

