 -----------------------------------------------------------
 BIOVIA COSMOtherm Version 2019 (build: 19.0.5 [65f0de1d5f])
 -----------------------------------------------------------

 Copyright (C) 1999-2019, Dassault Systemes BIOVIA corp, all rights reserved

 Job name   : !! Computation of compound SIGMA-PROFILES
 Job date   : 10/14/2021
 Job time   : 03:22:26
 Hostname   : unknown
 OS type    : unknown
 Executable : Linux 64-bit

 Reading COSMOtherm parameter file BP_TZVP_C30_1701.ctd from directory /home/nastya/COSMOlogic/COSMOthermX19/COSMOtherm/CTDATA-FILES/OLDPARAM/
 Info: # COSMOtherm parameter file ./BP_TZVP_C30_1701.ctd for BP-TZVP optimized COSMO files                                                                  

 Reading COSMOtherm license key license.txt from directory /home/nastya/COSMOlogic/COSMOthermX19/licensefiles/

 COSMOtherm license key expiration date 01/16/2022
 COSMOtherm license key version 19.0
 Customer : TU Delft, Faculty of Applied Sciences
 ID       : 107270

 License keys:
  product                   |    licensed version    | status
 ------------------------------------------------------------------------------ 
  COSMOtherm                |          19.0          | active
  TURBOMOLE                 |          7.3           | active
 ------------------------------------------------------------------------------ 
 Sigma potentials for all mixtures will be written to /media/nastya/storage/Project_nastya/sigma_potential_17/MUBZPKHOEPUJKR-UHFFFAOYSA-N.pot
 
 Reading COSMO information for compound 1 conformer 1 from file /media/nastya/storage/Project_nastya/cosmo/MUBZPKHOEPUJKR-UHFFFAOYSA-N.cosmo
 Note: Gas phase energy file could not be found for compound 1 conformer 1
 Note: converting Gaussian COSMO-file information of compound 1 conformer 1


 --- Compound 1 (MUBZPKHOEPUJKR-UHFFFAOYSA-N) ---

 Compound Information for compound 1 conformer 1 (COSMO file /media/nastya/storage/Project_nastya/cosmo/MUBZPKHOEPUJKR-UHFFFAOYSA-N.cosmo)
 Atomic weights         : 11111111
 E_COSMO+dE             :    -237516.2480 kcal/mol
 E_gas                  :    -237505.3539 kcal/mol
 E_COSMO-E_gas+dE       :        -10.8941 kcal/mol
 E_diel                 :        -15.2580 kcal/mol
 Averaging corr dE      :          0.8357 kcal/mol
 Area                   :        106.9113 A^2
 Volume                 :         90.2631 A^3
 Molecular Weight       :         90.0352 a.m.u.
 Total COSMO charge     :          0.0050 a.u.
 Dipole moment (t,x,y,z):          0.0041 -0.003739 -0.001660 -0.000440 Debye                            
 Sigma moments (1-6)    :          0.0000  1.14E+02 -7.00E+01  2.67E+02 -3.61E+02  8.84E+02              
 H-bond moment (accept) :          0.7600
 H-bond moment (donor)  :         10.3423
 
 WARNING: QM computation level of compound 1 conformer 1 could not be determined - it may differ from the QM level of the parameter set.
 No gas phase energy for compound 1 conformer 1 specified, thus it will be estimated


 Total number of processed compounds:    1


----------------
 START job     1
----------------


 Results for mixture 1
 ---------------------
 Temperature          :    298.150 K
 Compound Nr.         :         1
 Compound             : MUBZPKHOE
 Mole Fraction        :    1.0000

 Compound: 1  (MUBZPKHOEPUJKR-UHFFFAOYSA-N)
 Chemical potential of the compound in the mixture :        -0.21469 kcal/mol
 Log10(partial pressure [mbar])                    :        -0.56873
 Free energy of molecule in mix (E_COSMO+dE+Mu)    :   -237516.46270 kcal/mol
 Total mean interaction energy in the mix (H_int)  :        -6.32416 kcal/mol
 Misfit interaction energy in the mix (H_MF)       :         2.10927 kcal/mol
 H-Bond interaction energy in the mix (H_HB)       :        -5.70125 kcal/mol
 VdW interaction energy in the mix (H_vdW)         :        -2.73217 kcal/mol


----------------
 END job       1
----------------

 Note: Sigma-potentials are tabulated in /media/nastya/storage/Project_nastya/sigma_potential_17/MUBZPKHOEPUJKR-UHFFFAOYSA-N.tab

