 -----------------------------------------------------------
 BIOVIA COSMOtherm Version 2019 (build: 19.0.5 [65f0de1d5f])
 -----------------------------------------------------------

 Copyright (C) 1999-2019, Dassault Systemes BIOVIA corp, all rights reserved

 Job name   : !! Computation of compound SIGMA-PROFILES
 Job date   : 10/14/2021
 Job time   : 03:22:26
 Hostname   : unknown
 OS type    : unknown
 Executable : Linux 64-bit

 Reading COSMOtherm parameter file BP_TZVP_C30_1701.ctd from directory /home/nastya/COSMOlogic/COSMOthermX19/COSMOtherm/CTDATA-FILES/OLDPARAM/
 Info: # COSMOtherm parameter file ./BP_TZVP_C30_1701.ctd for BP-TZVP optimized COSMO files                                                                  

 Reading COSMOtherm license key license.txt from directory /home/nastya/COSMOlogic/COSMOthermX19/licensefiles/

 COSMOtherm license key expiration date 01/16/2022
 COSMOtherm license key version 19.0
 Customer : TU Delft, Faculty of Applied Sciences
 ID       : 107270

 License keys:
  product                   |    licensed version    | status
 ------------------------------------------------------------------------------ 
  COSMOtherm                |          19.0          | active
  TURBOMOLE                 |          7.3           | active
 ------------------------------------------------------------------------------ 
 Sigma potentials for all mixtures will be written to /media/nastya/storage/Project_nastya/sigma_potential_17/MUMGGOZAMZWBJJ-DYKIIFRCSA-N.pot
 
 Reading COSMO information for compound 1 conformer 1 from file /media/nastya/storage/Project_nastya/cosmo/MUMGGOZAMZWBJJ-DYKIIFRCSA-N.cosmo
 Note: Gas phase energy file could not be found for compound 1 conformer 1
 Note: converting Gaussian COSMO-file information of compound 1 conformer 1


 --- Compound 1 (MUMGGOZAMZWBJJ-DYKIIFRCSA-N) ---

 Compound Information for compound 1 conformer 1 (COSMO file /media/nastya/storage/Project_nastya/cosmo/MUMGGOZAMZWBJJ-DYKIIFRCSA-N.cosmo)
 Atomic weights         : 1111111111111111111111111111111111111111111111111
 E_COSMO+dE             :    -559504.6474 kcal/mol
 E_gas                  :    -559493.0028 kcal/mol
 E_COSMO-E_gas+dE       :        -11.6446 kcal/mol
 E_diel                 :        -16.1480 kcal/mol
 Averaging corr dE      :          0.6675 kcal/mol
 Area                   :        297.5100 A^2
 Volume                 :        370.9582 A^3
 Molecular Weight       :        288.4262 a.m.u.
 Total COSMO charge     :         -0.0025 a.u.
 Dipole moment (t,x,y,z):          5.2059 -4.779959 -1.118707  1.732708 Debye                            
 Sigma moments (1-6)    :          0.0000  9.63E+01  6.89E+01  1.62E+02  1.77E+02  3.81E+02              
 H-bond moment (accept) :          7.0018
 H-bond moment (donor)  :          1.0286
 
 WARNING: QM computation level of compound 1 conformer 1 could not be determined - it may differ from the QM level of the parameter set.
 No gas phase energy for compound 1 conformer 1 specified, thus it will be estimated


 Total number of processed compounds:    1


----------------
 START job     1
----------------


 Results for mixture 1
 ---------------------
 Temperature          :    298.150 K
 Compound Nr.         :         1
 Compound             : MUMGGOZAM
 Mole Fraction        :    1.0000

 Compound: 1  (MUMGGOZAMZWBJJ-DYKIIFRCSA-N)
 Chemical potential of the compound in the mixture :        -5.21552 kcal/mol
 Log10(partial pressure [mbar])                    :        -7.13860
 Free energy of molecule in mix (E_COSMO+dE+Mu)    :   -559509.86290 kcal/mol
 Total mean interaction energy in the mix (H_int)  :       -12.31624 kcal/mol
 Misfit interaction energy in the mix (H_MF)       :         4.78339 kcal/mol
 H-Bond interaction energy in the mix (H_HB)       :        -2.96027 kcal/mol
 VdW interaction energy in the mix (H_vdW)         :       -14.13937 kcal/mol


----------------
 END job       1
----------------

 Note: Sigma-potentials are tabulated in /media/nastya/storage/Project_nastya/sigma_potential_17/MUMGGOZAMZWBJJ-DYKIIFRCSA-N.tab

