 -----------------------------------------------------------
 BIOVIA COSMOtherm Version 2019 (build: 19.0.5 [65f0de1d5f])
 -----------------------------------------------------------

 Copyright (C) 1999-2019, Dassault Systemes BIOVIA corp, all rights reserved

 Job name   : !! Computation of compound SIGMA-PROFILES
 Job date   : 10/14/2021
 Job time   : 03:22:26
 Hostname   : unknown
 OS type    : unknown
 Executable : Linux 64-bit

 Reading COSMOtherm parameter file BP_TZVP_C30_1701.ctd from directory /home/nastya/COSMOlogic/COSMOthermX19/COSMOtherm/CTDATA-FILES/OLDPARAM/
 Info: # COSMOtherm parameter file ./BP_TZVP_C30_1701.ctd for BP-TZVP optimized COSMO files                                                                  

 Reading COSMOtherm license key license.txt from directory /home/nastya/COSMOlogic/COSMOthermX19/licensefiles/

 COSMOtherm license key expiration date 01/16/2022
 COSMOtherm license key version 19.0
 Customer : TU Delft, Faculty of Applied Sciences
 ID       : 107270

 License keys:
  product                   |    licensed version    | status
 ------------------------------------------------------------------------------ 
  COSMOtherm                |          19.0          | active
  TURBOMOLE                 |          7.3           | active
 ------------------------------------------------------------------------------ 
 Sigma potentials for all mixtures will be written to /media/nastya/storage/Project_nastya/sigma_potential_17/NGSWKAQJJWESNS-ZZXKWVIFSA-N.pot
 
 Reading COSMO information for compound 1 conformer 1 from file /media/nastya/storage/Project_nastya/cosmo/NGSWKAQJJWESNS-ZZXKWVIFSA-N.cosmo
 Note: Gas phase energy file could not be found for compound 1 conformer 1
 Note: converting Gaussian COSMO-file information of compound 1 conformer 1


 --- Compound 1 (NGSWKAQJJWESNS-ZZXKWVIFSA-N) ---

 Compound Information for compound 1 conformer 1 (COSMO file /media/nastya/storage/Project_nastya/cosmo/NGSWKAQJJWESNS-ZZXKWVIFSA-N.cosmo)
 Atomic weights         : 11111111111111111111
 E_COSMO+dE             :    -359988.1078 kcal/mol
 E_gas                  :    -359976.3961 kcal/mol
 E_COSMO-E_gas+dE       :        -11.7117 kcal/mol
 E_diel                 :        -16.6751 kcal/mol
 Averaging corr dE      :          0.9398 kcal/mol
 Area                   :        198.0342 A^2
 Volume                 :        195.2647 A^3
 Molecular Weight       :        164.1589 a.m.u.
 Total COSMO charge     :          0.0034 a.u.
 Dipole moment (t,x,y,z):          5.2738  5.269048  0.224105 -0.005796 Debye                            
 Sigma moments (1-6)    :          0.0000  1.18E+02 -3.36E+01  2.15E+02 -1.53E+02  5.54E+02              
 H-bond moment (accept) :          2.6974
 H-bond moment (donor)  :          6.9519
 
 WARNING: QM computation level of compound 1 conformer 1 could not be determined - it may differ from the QM level of the parameter set.
 No gas phase energy for compound 1 conformer 1 specified, thus it will be estimated


 Total number of processed compounds:    1


----------------
 START job     1
----------------


 Results for mixture 1
 ---------------------
 Temperature          :    298.150 K
 Compound Nr.         :         1
 Compound             : NGSWKAQJJ
 Mole Fraction        :    1.0000

 Compound: 1  (NGSWKAQJJWESNS-ZZXKWVIFSA-N)
 Chemical potential of the compound in the mixture :        -3.64425 kcal/mol
 Log10(partial pressure [mbar])                    :        -4.51280
 Free energy of molecule in mix (E_COSMO+dE+Mu)    :   -359991.75202 kcal/mol
 Total mean interaction energy in the mix (H_int)  :       -13.46849 kcal/mol
 Misfit interaction energy in the mix (H_MF)       :         2.76237 kcal/mol
 H-Bond interaction energy in the mix (H_HB)       :        -7.41562 kcal/mol
 VdW interaction energy in the mix (H_vdW)         :        -8.81524 kcal/mol


----------------
 END job       1
----------------

 Note: Sigma-potentials are tabulated in /media/nastya/storage/Project_nastya/sigma_potential_17/NGSWKAQJJWESNS-ZZXKWVIFSA-N.tab

