 -----------------------------------------------------------
 BIOVIA COSMOtherm Version 2019 (build: 19.0.5 [65f0de1d5f])
 -----------------------------------------------------------

 Copyright (C) 1999-2019, Dassault Systemes BIOVIA corp, all rights reserved

 Job name   : !! Computation of compound SIGMA-PROFILES
 Job date   : 10/14/2021
 Job time   : 03:22:29
 Hostname   : unknown
 OS type    : unknown
 Executable : Linux 64-bit

 Reading COSMOtherm parameter file BP_TZVP_C30_1701.ctd from directory /home/nastya/COSMOlogic/COSMOthermX19/COSMOtherm/CTDATA-FILES/OLDPARAM/
 Info: # COSMOtherm parameter file ./BP_TZVP_C30_1701.ctd for BP-TZVP optimized COSMO files                                                                  

 Reading COSMOtherm license key license.txt from directory /home/nastya/COSMOlogic/COSMOthermX19/licensefiles/

 COSMOtherm license key expiration date 01/16/2022
 COSMOtherm license key version 19.0
 Customer : TU Delft, Faculty of Applied Sciences
 ID       : 107270

 License keys:
  product                   |    licensed version    | status
 ------------------------------------------------------------------------------ 
  COSMOtherm                |          19.0          | active
  TURBOMOLE                 |          7.3           | active
 ------------------------------------------------------------------------------ 
 Sigma potentials for all mixtures will be written to /media/nastya/storage/Project_nastya/sigma_potential_17/ODKSFYDXXFIFQN-BYPYZUCNSA-N.pot
 
 Reading COSMO information for compound 1 conformer 1 from file /media/nastya/storage/Project_nastya/cosmo/ODKSFYDXXFIFQN-BYPYZUCNSA-N.cosmo
 Note: Gas phase energy file could not be found for compound 1 conformer 1
 Note: converting Gaussian COSMO-file information of compound 1 conformer 1


 --- Compound 1 (ODKSFYDXXFIFQN-BYPYZUCNSA-N) ---

 Compound Information for compound 1 conformer 1 (COSMO file /media/nastya/storage/Project_nastya/cosmo/ODKSFYDXXFIFQN-BYPYZUCNSA-N.cosmo)
 Atomic weights         : 11111111111111111111111111
 E_COSMO+dE             :    -380784.1989 kcal/mol
 E_gas                  :    -380728.1177 kcal/mol
 E_COSMO-E_gas+dE       :        -56.0812 kcal/mol
 E_diel                 :        -82.3944 kcal/mol
 Averaging corr dE      :          1.5949 kcal/mol
 Area                   :        216.9593 A^2
 Volume                 :        217.8950 A^3
 Molecular Weight       :        174.2017 a.m.u.
 Total COSMO charge     :          0.0030 a.u.
 Dipole moment (t,x,y,z):         30.9858 -3.05E+01 -5.113878 -1.685849 Debye                            
 Sigma moments (1-6)    :          0.0000  3.26E+02  1.94E+02  1.11E+03  1.18E+03  4.53E+03              
 H-bond moment (accept) :         35.5225
 H-bond moment (donor)  :         15.4357
 
 WARNING: QM computation level of compound 1 conformer 1 could not be determined - it may differ from the QM level of the parameter set.
 No gas phase energy for compound 1 conformer 1 specified, thus it will be estimated


 Total number of processed compounds:    1


----------------
 START job     1
----------------


 Results for mixture 1
 ---------------------
 Temperature          :    298.150 K
 Compound Nr.         :         1
 Compound             : ODKSFYDXX
 Mole Fraction        :    1.0000

 Compound: 1  (ODKSFYDXXFIFQN-BYPYZUCNSA-N)
 Chemical potential of the compound in the mixture :        -3.82129 kcal/mol
 Log10(partial pressure [mbar])                    :       -36.33477
 Free energy of molecule in mix (E_COSMO+dE+Mu)    :   -380788.02015 kcal/mol
 Total mean interaction energy in the mix (H_int)  :       -30.41902 kcal/mol
 Misfit interaction energy in the mix (H_MF)       :         4.90873 kcal/mol
 H-Bond interaction energy in the mix (H_HB)       :       -26.27458 kcal/mol
 VdW interaction energy in the mix (H_vdW)         :        -9.05317 kcal/mol


----------------
 END job       1
----------------

 Note: Sigma-potentials are tabulated in /media/nastya/storage/Project_nastya/sigma_potential_17/ODKSFYDXXFIFQN-BYPYZUCNSA-N.tab

