 -----------------------------------------------------------
 BIOVIA COSMOtherm Version 2019 (build: 19.0.5 [65f0de1d5f])
 -----------------------------------------------------------

 Copyright (C) 1999-2019, Dassault Systemes BIOVIA corp, all rights reserved

 Job name   : !! Computation of compound SIGMA-PROFILES
 Job date   : 10/14/2021
 Job time   : 03:22:29
 Hostname   : unknown
 OS type    : unknown
 Executable : Linux 64-bit

 Reading COSMOtherm parameter file BP_TZVP_C30_1701.ctd from directory /home/nastya/COSMOlogic/COSMOthermX19/COSMOtherm/CTDATA-FILES/OLDPARAM/
 Info: # COSMOtherm parameter file ./BP_TZVP_C30_1701.ctd for BP-TZVP optimized COSMO files                                                                  

 Reading COSMOtherm license key license.txt from directory /home/nastya/COSMOlogic/COSMOthermX19/licensefiles/

 COSMOtherm license key expiration date 01/16/2022
 COSMOtherm license key version 19.0
 Customer : TU Delft, Faculty of Applied Sciences
 ID       : 107270

 License keys:
  product                   |    licensed version    | status
 ------------------------------------------------------------------------------ 
  COSMOtherm                |          19.0          | active
  TURBOMOLE                 |          7.3           | active
 ------------------------------------------------------------------------------ 
 Sigma potentials for all mixtures will be written to /media/nastya/storage/Project_nastya/sigma_potential_17/OFOBLEOULBTSOW-UHFFFAOYSA-N.pot
 
 Reading COSMO information for compound 1 conformer 1 from file /media/nastya/storage/Project_nastya/cosmo/OFOBLEOULBTSOW-UHFFFAOYSA-N.cosmo
 Note: Gas phase energy file could not be found for compound 1 conformer 1
 Note: converting Gaussian COSMO-file information of compound 1 conformer 1


 --- Compound 1 (OFOBLEOULBTSOW-UHFFFAOYSA-N) ---

 Compound Information for compound 1 conformer 1 (COSMO file /media/nastya/storage/Project_nastya/cosmo/OFOBLEOULBTSOW-UHFFFAOYSA-N.cosmo)
 Atomic weights         : 11111111111
 E_COSMO+dE             :    -262201.4707 kcal/mol
 E_gas                  :    -262190.6778 kcal/mol
 E_COSMO-E_gas+dE       :        -10.7929 kcal/mol
 E_diel                 :        -15.2179 kcal/mol
 Averaging corr dE      :          0.9104 kcal/mol
 Area                   :        125.6038 A^2
 Volume                 :        112.3446 A^3
 Molecular Weight       :        104.0618 a.m.u.
 Total COSMO charge     :          0.0061 a.u.
 Dipole moment (t,x,y,z):          1.0041  0.004942  0.001251 -1.004111 Debye                            
 Sigma moments (1-6)    :          0.0000  1.17E+02 -4.60E+01  2.29E+02 -2.30E+02  6.38E+02              
 H-bond moment (accept) :          1.3824
 H-bond moment (donor)  :          8.0480
 
 WARNING: QM computation level of compound 1 conformer 1 could not be determined - it may differ from the QM level of the parameter set.
 No gas phase energy for compound 1 conformer 1 specified, thus it will be estimated


 Total number of processed compounds:    1


----------------
 START job     1
----------------


 Results for mixture 1
 ---------------------
 Temperature          :    298.150 K
 Compound Nr.         :         1
 Compound             : OFOBLEOUL
 Mole Fraction        :    1.0000

 Compound: 1  (OFOBLEOULBTSOW-UHFFFAOYSA-N)
 Chemical potential of the compound in the mixture :        -0.94394 kcal/mol
 Log10(partial pressure [mbar])                    :        -1.02909
 Free energy of molecule in mix (E_COSMO+dE+Mu)    :   -262202.41468 kcal/mol
 Total mean interaction energy in the mix (H_int)  :        -7.94575 kcal/mol
 Misfit interaction energy in the mix (H_MF)       :         1.99480 kcal/mol
 H-Bond interaction energy in the mix (H_HB)       :        -6.12527 kcal/mol
 VdW interaction energy in the mix (H_vdW)         :        -3.81527 kcal/mol


----------------
 END job       1
----------------

 Note: Sigma-potentials are tabulated in /media/nastya/storage/Project_nastya/sigma_potential_17/OFOBLEOULBTSOW-UHFFFAOYSA-N.tab

