 -----------------------------------------------------------
 BIOVIA COSMOtherm Version 2019 (build: 19.0.5 [65f0de1d5f])
 -----------------------------------------------------------

 Copyright (C) 1999-2019, Dassault Systemes BIOVIA corp, all rights reserved

 Job name   : !! Computation of compound SIGMA-PROFILES
 Job date   : 10/14/2021
 Job time   : 03:22:29
 Hostname   : unknown
 OS type    : unknown
 Executable : Linux 64-bit

 Reading COSMOtherm parameter file BP_TZVP_C30_1701.ctd from directory /home/nastya/COSMOlogic/COSMOthermX19/COSMOtherm/CTDATA-FILES/OLDPARAM/
 Info: # COSMOtherm parameter file ./BP_TZVP_C30_1701.ctd for BP-TZVP optimized COSMO files                                                                  

 Reading COSMOtherm license key license.txt from directory /home/nastya/COSMOlogic/COSMOthermX19/licensefiles/

 COSMOtherm license key expiration date 01/16/2022
 COSMOtherm license key version 19.0
 Customer : TU Delft, Faculty of Applied Sciences
 ID       : 107270

 License keys:
  product                   |    licensed version    | status
 ------------------------------------------------------------------------------ 
  COSMOtherm                |          19.0          | active
  TURBOMOLE                 |          7.3           | active
 ------------------------------------------------------------------------------ 
 Sigma potentials for all mixtures will be written to /media/nastya/storage/Project_nastya/sigma_potential_17/OIPILFWXSMYKGL-UHFFFAOYSA-N.pot
 
 Reading COSMO information for compound 1 conformer 1 from file /media/nastya/storage/Project_nastya/cosmo/OIPILFWXSMYKGL-UHFFFAOYSA-N.cosmo
 Note: Gas phase energy file could not be found for compound 1 conformer 1
 Note: converting Gaussian COSMO-file information of compound 1 conformer 1


 --- Compound 1 (OIPILFWXSMYKGL-UHFFFAOYSA-N) ---

 Compound Information for compound 1 conformer 1 (COSMO file /media/nastya/storage/Project_nastya/cosmo/OIPILFWXSMYKGL-UHFFFAOYSA-N.cosmo)
 Atomic weights         : 11111111111111111111111111
 E_COSMO+dE             :    -302207.9694 kcal/mol
 E_gas                  :    -302168.0332 kcal/mol
 E_COSMO-E_gas+dE       :        -39.9362 kcal/mol
 E_diel                 :        -57.8355 kcal/mol
 Averaging corr dE      :          0.5487 kcal/mol
 Area                   :        196.4544 A^2
 Volume                 :        204.7471 A^3
 Molecular Weight       :        146.2082 a.m.u.
 Total COSMO charge     :         -0.9917 a.u.
 Dipole moment (t,x,y,z):          0.0000  0.000000  0.000000  0.000000 Debye                            
 Sigma moments (1-6)    :       -100.0000  1.27E+02 -7.55E+01  1.27E+02 -7.24E+01  1.57E+02              
 H-bond moment (accept) :          0.7708
 H-bond moment (donor)  :          1.2756
 
 WARNING: QM computation level of compound 1 conformer 1 could not be determined - it may differ from the QM level of the parameter set.
 No gas phase energy for compound 1 conformer 1 specified, thus it will be estimated


 Total number of processed compounds:    1


----------------
 START job     1
----------------


 Results for mixture 1
 ---------------------
 Temperature          :    298.150 K
 Compound Nr.         :         1
 Compound             : OIPILFWXS
 Mole Fraction        :    1.0000

 WARNING: Mixture    1 is not charge neutral!
 WARNING: Total molecular charge of mixture =       1.0000
 WARNING: Relative screening charge of ions in the mixture =      -1.0000

 Compound: 1  (OIPILFWXSMYKGL-UHFFFAOYSA-N)
 Chemical potential of the compound in the mixture :        10.04650 kcal/mol
 Log10(partial pressure [mbar])                    :       -14.33524
 Free energy of molecule in mix (E_COSMO+dE+Mu)    :   -302197.92291 kcal/mol
 Total mean interaction energy in the mix (H_int)  :         6.72219 kcal/mol
 Misfit interaction energy in the mix (H_MF)       :        16.55109 kcal/mol
 H-Bond interaction energy in the mix (H_HB)       :        -0.60717 kcal/mol
 VdW interaction energy in the mix (H_vdW)         :        -9.22172 kcal/mol


----------------
 END job       1
----------------

 Note: Sigma-potentials are tabulated in /media/nastya/storage/Project_nastya/sigma_potential_17/OIPILFWXSMYKGL-UHFFFAOYSA-N.tab

