 -----------------------------------------------------------
 BIOVIA COSMOtherm Version 2019 (build: 19.0.5 [65f0de1d5f])
 -----------------------------------------------------------

 Copyright (C) 1999-2019, Dassault Systemes BIOVIA corp, all rights reserved

 Job name   : !! Computation of compound SIGMA-PROFILES
 Job date   : 10/14/2021
 Job time   : 03:22:32
 Hostname   : unknown
 OS type    : unknown
 Executable : Linux 64-bit

 Reading COSMOtherm parameter file BP_TZVP_C30_1701.ctd from directory /home/nastya/COSMOlogic/COSMOthermX19/COSMOtherm/CTDATA-FILES/OLDPARAM/
 Info: # COSMOtherm parameter file ./BP_TZVP_C30_1701.ctd for BP-TZVP optimized COSMO files                                                                  

 Reading COSMOtherm license key license.txt from directory /home/nastya/COSMOlogic/COSMOthermX19/licensefiles/

 COSMOtherm license key expiration date 01/16/2022
 COSMOtherm license key version 19.0
 Customer : TU Delft, Faculty of Applied Sciences
 ID       : 107270

 License keys:
  product                   |    licensed version    | status
 ------------------------------------------------------------------------------ 
  COSMOtherm                |          19.0          | active
  TURBOMOLE                 |          7.3           | active
 ------------------------------------------------------------------------------ 
 Sigma potentials for all mixtures will be written to /media/nastya/storage/Project_nastya/sigma_potential_17/PHWBOXQYWZNQIN-UHFFFAOYSA-N.pot
 
 Reading COSMO information for compound 1 conformer 1 from file /media/nastya/storage/Project_nastya/cosmo/PHWBOXQYWZNQIN-UHFFFAOYSA-N.cosmo
 Note: Gas phase energy file could not be found for compound 1 conformer 1
 Note: converting Gaussian COSMO-file information of compound 1 conformer 1


 --- Compound 1 (PHWBOXQYWZNQIN-UHFFFAOYSA-N) ---

 Compound Information for compound 1 conformer 1 (COSMO file /media/nastya/storage/Project_nastya/cosmo/PHWBOXQYWZNQIN-UHFFFAOYSA-N.cosmo)
 Atomic weights         : 1111111111111111111111111111111
 E_COSMO+dE             :    -913236.4518 kcal/mol
 E_gas                  :    -913230.2494 kcal/mol
 E_COSMO-E_gas+dE       :         -6.2024 kcal/mol
 E_diel                 :         -8.2180 kcal/mol
 Averaging corr dE      :          0.5261 kcal/mol
 Area                   :        272.7290 A^2
 Volume                 :        309.8605 A^3
 Molecular Weight       :        263.7876 a.m.u.
 Total COSMO charge     :         -0.0054 a.u.
 Dipole moment (t,x,y,z):          3.5080 -1.375410  2.141870  2.413887 Debye                            
 Sigma moments (1-6)    :          0.0000  5.53E+01  3.605316  2.81E+01  1.20E+01  3.09E+01              
 H-bond moment (accept) :          0.4667
 H-bond moment (donor)  :          0.0000
 
 WARNING: QM computation level of compound 1 conformer 1 could not be determined - it may differ from the QM level of the parameter set.
 No gas phase energy for compound 1 conformer 1 specified, thus it will be estimated


 Total number of processed compounds:    1


----------------
 START job     1
----------------


 Results for mixture 1
 ---------------------
 Temperature          :    298.150 K
 Compound Nr.         :         1
 Compound             : PHWBOXQYW
 Mole Fraction        :    1.0000

 Compound: 1  (PHWBOXQYWZNQIN-UHFFFAOYSA-N)
 Chemical potential of the compound in the mixture :        -7.79535 kcal/mol
 Log10(partial pressure [mbar])                    :        -4.76354
 Free energy of molecule in mix (E_COSMO+dE+Mu)    :   -913244.24713 kcal/mol
 Total mean interaction energy in the mix (H_int)  :       -12.13199 kcal/mol
 Misfit interaction energy in the mix (H_MF)       :         2.86675 kcal/mol
 H-Bond interaction energy in the mix (H_HB)       :        -0.00467 kcal/mol
 VdW interaction energy in the mix (H_vdW)         :       -14.99408 kcal/mol


----------------
 END job       1
----------------

 Note: Sigma-potentials are tabulated in /media/nastya/storage/Project_nastya/sigma_potential_17/PHWBOXQYWZNQIN-UHFFFAOYSA-N.tab

