 -----------------------------------------------------------
 BIOVIA COSMOtherm Version 2019 (build: 19.0.5 [65f0de1d5f])
 -----------------------------------------------------------

 Copyright (C) 1999-2019, Dassault Systemes BIOVIA corp, all rights reserved

 Job name   : !! Computation of compound SIGMA-PROFILES
 Job date   : 10/14/2021
 Job time   : 03:22:35
 Hostname   : unknown
 OS type    : unknown
 Executable : Linux 64-bit

 Reading COSMOtherm parameter file BP_TZVP_C30_1701.ctd from directory /home/nastya/COSMOlogic/COSMOthermX19/COSMOtherm/CTDATA-FILES/OLDPARAM/
 Info: # COSMOtherm parameter file ./BP_TZVP_C30_1701.ctd for BP-TZVP optimized COSMO files                                                                  

 Reading COSMOtherm license key license.txt from directory /home/nastya/COSMOlogic/COSMOthermX19/licensefiles/

 COSMOtherm license key expiration date 01/16/2022
 COSMOtherm license key version 19.0
 Customer : TU Delft, Faculty of Applied Sciences
 ID       : 107270

 License keys:
  product                   |    licensed version    | status
 ------------------------------------------------------------------------------ 
  COSMOtherm                |          19.0          | active
  TURBOMOLE                 |          7.3           | active
 ------------------------------------------------------------------------------ 
 Sigma potentials for all mixtures will be written to /media/nastya/storage/Project_nastya/sigma_potential_17/QVRFXIWAQRNWEX-UHFFFAOYSA-M.pot
 
 Reading COSMO information for compound 1 conformer 1 from file /media/nastya/storage/Project_nastya/cosmo/QVRFXIWAQRNWEX-UHFFFAOYSA-M.cosmo
 Note: Gas phase energy file could not be found for compound 1 conformer 1
 Note: converting Gaussian COSMO-file information of compound 1 conformer 1


 --- Compound 1 (QVRFXIWAQRNWEX-UHFFFAOYSA-M) ---

 Compound Information for compound 1 conformer 1 (COSMO file /media/nastya/storage/Project_nastya/cosmo/QVRFXIWAQRNWEX-UHFFFAOYSA-M.cosmo)
 Atomic weights         : 111111111111111111111
 E_COSMO+dE             :    -552476.9461 kcal/mol
 E_gas                  :    -552451.1207 kcal/mol
 E_COSMO-E_gas+dE       :        -25.8254 kcal/mol
 E_diel                 :        -38.0813 kcal/mol
 Averaging corr dE      :          0.8315 kcal/mol
 Area                   :        187.6922 A^2
 Volume                 :        200.9888 A^3
 Molecular Weight       :        162.6182 a.m.u.
 Total COSMO charge     :          0.0063 a.u.
 Dipole moment (t,x,y,z):         14.1192 -3.801050 -1.35E+01 -1.586473 Debye                            
 Sigma moments (1-6)    :          0.0000  1.72E+02  1.12E+02  3.23E+02  3.66E+02  7.64E+02              
 H-bond moment (accept) :         14.8837
 H-bond moment (donor)  :          0.9240
 
 WARNING: QM computation level of compound 1 conformer 1 could not be determined - it may differ from the QM level of the parameter set.
 No gas phase energy for compound 1 conformer 1 specified, thus it will be estimated


 Total number of processed compounds:    1


----------------
 START job     1
----------------


 Results for mixture 1
 ---------------------
 Temperature          :    298.150 K
 Compound Nr.         :         1
 Compound             : QVRFXIWAQ
 Mole Fraction        :    1.0000

 Compound: 1  (QVRFXIWAQRNWEX-UHFFFAOYSA-M)
 Chemical potential of the compound in the mixture :         0.66981 kcal/mol
 Log10(partial pressure [mbar])                    :       -11.55749
 Free energy of molecule in mix (E_COSMO+dE+Mu)    :   -552476.27633 kcal/mol
 Total mean interaction energy in the mix (H_int)  :        -7.05082 kcal/mol
 Misfit interaction energy in the mix (H_MF)       :         6.04509 kcal/mol
 H-Bond interaction energy in the mix (H_HB)       :        -3.55917 kcal/mol
 VdW interaction energy in the mix (H_vdW)         :        -9.53674 kcal/mol


----------------
 END job       1
----------------

 Note: Sigma-potentials are tabulated in /media/nastya/storage/Project_nastya/sigma_potential_17/QVRFXIWAQRNWEX-UHFFFAOYSA-M.tab

