 -----------------------------------------------------------
 BIOVIA COSMOtherm Version 2019 (build: 19.0.5 [65f0de1d5f])
 -----------------------------------------------------------

 Copyright (C) 1999-2019, Dassault Systemes BIOVIA corp, all rights reserved

 Job name   : !! Computation of compound SIGMA-PROFILES
 Job date   : 10/14/2021
 Job time   : 03:22:42
 Hostname   : unknown
 OS type    : unknown
 Executable : Linux 64-bit

 Reading COSMOtherm parameter file BP_TZVP_C30_1701.ctd from directory /home/nastya/COSMOlogic/COSMOthermX19/COSMOtherm/CTDATA-FILES/OLDPARAM/
 Info: # COSMOtherm parameter file ./BP_TZVP_C30_1701.ctd for BP-TZVP optimized COSMO files                                                                  

 Reading COSMOtherm license key license.txt from directory /home/nastya/COSMOlogic/COSMOthermX19/licensefiles/

 COSMOtherm license key expiration date 01/16/2022
 COSMOtherm license key version 19.0
 Customer : TU Delft, Faculty of Applied Sciences
 ID       : 107270

 License keys:
  product                   |    licensed version    | status
 ------------------------------------------------------------------------------ 
  COSMOtherm                |          19.0          | active
  TURBOMOLE                 |          7.3           | active
 ------------------------------------------------------------------------------ 
 Sigma potentials for all mixtures will be written to /media/nastya/storage/Project_nastya/sigma_potential_17/TYFQFVWCELRYAO-UHFFFAOYSA-N.pot
 
 Reading COSMO information for compound 1 conformer 1 from file /media/nastya/storage/Project_nastya/cosmo/TYFQFVWCELRYAO-UHFFFAOYSA-N.cosmo
 Note: Gas phase energy file could not be found for compound 1 conformer 1
 Note: converting Gaussian COSMO-file information of compound 1 conformer 1


 --- Compound 1 (TYFQFVWCELRYAO-UHFFFAOYSA-N) ---

 Compound Information for compound 1 conformer 1 (COSMO file /media/nastya/storage/Project_nastya/cosmo/TYFQFVWCELRYAO-UHFFFAOYSA-N.cosmo)
 Atomic weights         : 11111111111111111111111111
 E_COSMO+dE             :    -385587.3111 kcal/mol
 E_gas                  :    -385575.7014 kcal/mol
 E_COSMO-E_gas+dE       :        -11.6097 kcal/mol
 E_diel                 :        -16.5997 kcal/mol
 Averaging corr dE      :          0.9934 kcal/mol
 Area                   :        224.9287 A^2
 Volume                 :        222.6888 A^3
 Molecular Weight       :        174.1952 a.m.u.
 Total COSMO charge     :          0.0016 a.u.
 Dipole moment (t,x,y,z):          3.0373 -1.130536  2.292623 -1.640361 Debye                            
 Sigma moments (1-6)    :          0.0000  1.25E+02  4.024684  2.20E+02 -8.01E+01  5.29E+02              
 H-bond moment (accept) :          3.5456
 H-bond moment (donor)  :          6.2074
 
 WARNING: QM computation level of compound 1 conformer 1 could not be determined - it may differ from the QM level of the parameter set.
 No gas phase energy for compound 1 conformer 1 specified, thus it will be estimated


 Total number of processed compounds:    1


----------------
 START job     1
----------------


 Results for mixture 1
 ---------------------
 Temperature          :    298.150 K
 Compound Nr.         :         1
 Compound             : TYFQFVWCE
 Mole Fraction        :    1.0000

 Compound: 1  (TYFQFVWCELRYAO-UHFFFAOYSA-N)
 Chemical potential of the compound in the mixture :        -3.45972 kcal/mol
 Log10(partial pressure [mbar])                    :        -3.47192
 Free energy of molecule in mix (E_COSMO+dE+Mu)    :   -385590.77085 kcal/mol
 Total mean interaction energy in the mix (H_int)  :       -13.32078 kcal/mol
 Misfit interaction energy in the mix (H_MF)       :         3.36953 kcal/mol
 H-Bond interaction energy in the mix (H_HB)       :        -7.30559 kcal/mol
 VdW interaction energy in the mix (H_vdW)         :        -9.38472 kcal/mol


----------------
 END job       1
----------------

 Note: Sigma-potentials are tabulated in /media/nastya/storage/Project_nastya/sigma_potential_17/TYFQFVWCELRYAO-UHFFFAOYSA-N.tab

