 -----------------------------------------------------------
 BIOVIA COSMOtherm Version 2019 (build: 19.0.5 [65f0de1d5f])
 -----------------------------------------------------------

 Copyright (C) 1999-2019, Dassault Systemes BIOVIA corp, all rights reserved

 Job name   : !! Computation of compound SIGMA-PROFILES
 Job date   : 10/14/2021
 Job time   : 03:22:42
 Hostname   : unknown
 OS type    : unknown
 Executable : Linux 64-bit

 Reading COSMOtherm parameter file BP_TZVP_C30_1701.ctd from directory /home/nastya/COSMOlogic/COSMOthermX19/COSMOtherm/CTDATA-FILES/OLDPARAM/
 Info: # COSMOtherm parameter file ./BP_TZVP_C30_1701.ctd for BP-TZVP optimized COSMO files                                                                  

 Reading COSMOtherm license key license.txt from directory /home/nastya/COSMOlogic/COSMOthermX19/licensefiles/

 COSMOtherm license key expiration date 01/16/2022
 COSMOtherm license key version 19.0
 Customer : TU Delft, Faculty of Applied Sciences
 ID       : 107270

 License keys:
  product                   |    licensed version    | status
 ------------------------------------------------------------------------------ 
  COSMOtherm                |          19.0          | active
  TURBOMOLE                 |          7.3           | active
 ------------------------------------------------------------------------------ 
 Sigma potentials for all mixtures will be written to /media/nastya/storage/Project_nastya/sigma_potential_17/UHZZMRAGKVHANO-UHFFFAOYSA-M.pot
 
 Reading COSMO information for compound 1 conformer 1 from file /media/nastya/storage/Project_nastya/cosmo/UHZZMRAGKVHANO-UHFFFAOYSA-M.cosmo
 Note: Gas phase energy file could not be found for compound 1 conformer 1
 Note: converting Gaussian COSMO-file information of compound 1 conformer 1


 --- Compound 1 (UHZZMRAGKVHANO-UHFFFAOYSA-M) ---

 Compound Information for compound 1 conformer 1 (COSMO file /media/nastya/storage/Project_nastya/cosmo/UHZZMRAGKVHANO-UHFFFAOYSA-M.cosmo)
 Atomic weights         : 111111111111111111111
 E_COSMO+dE             :    -736520.9233 kcal/mol
 E_gas                  :    -736493.4379 kcal/mol
 E_COSMO-E_gas+dE       :        -27.4854 kcal/mol
 E_diel                 :        -40.3654 kcal/mol
 Averaging corr dE      :          0.7703 kcal/mol
 Area                   :        188.8341 A^2
 Volume                 :        201.5919 A^3
 Molecular Weight       :        158.0703 a.m.u.
 Total COSMO charge     :          0.0109 a.u.
 Dipole moment (t,x,y,z):         14.4552  1.12E+01  9.123634  0.433169 Debye                            
 Sigma moments (1-6)    :          0.0000  1.77E+02  1.24E+02  3.58E+02  4.57E+02  9.33E+02              
 H-bond moment (accept) :         17.1810
 H-bond moment (donor)  :          0.4311
 
 WARNING: QM computation level of compound 1 conformer 1 could not be determined - it may differ from the QM level of the parameter set.
 No gas phase energy for compound 1 conformer 1 specified, thus it will be estimated


 Total number of processed compounds:    1


----------------
 START job     1
----------------


 Results for mixture 1
 ---------------------
 Temperature          :    298.150 K
 Compound Nr.         :         1
 Compound             : UHZZMRAGK
 Mole Fraction        :    1.0000

 Compound: 1  (UHZZMRAGKVHANO-UHFFFAOYSA-M)
 Chemical potential of the compound in the mixture :         0.84741 kcal/mol
 Log10(partial pressure [mbar])                    :       -11.95174
 Free energy of molecule in mix (E_COSMO+dE+Mu)    :   -736520.07592 kcal/mol
 Total mean interaction energy in the mix (H_int)  :        -7.57470 kcal/mol
 Misfit interaction energy in the mix (H_MF)       :         6.48642 kcal/mol
 H-Bond interaction energy in the mix (H_HB)       :        -3.70836 kcal/mol
 VdW interaction energy in the mix (H_vdW)         :       -10.35275 kcal/mol


----------------
 END job       1
----------------

 Note: Sigma-potentials are tabulated in /media/nastya/storage/Project_nastya/sigma_potential_17/UHZZMRAGKVHANO-UHFFFAOYSA-M.tab

