 -----------------------------------------------------------
 BIOVIA COSMOtherm Version 2019 (build: 19.0.5 [65f0de1d5f])
 -----------------------------------------------------------

 Copyright (C) 1999-2019, Dassault Systemes BIOVIA corp, all rights reserved

 Job name   : !! Computation of compound SIGMA-PROFILES
 Job date   : 10/14/2021
 Job time   : 03:22:42
 Hostname   : unknown
 OS type    : unknown
 Executable : Linux 64-bit

 Reading COSMOtherm parameter file BP_TZVP_C30_1701.ctd from directory /home/nastya/COSMOlogic/COSMOthermX19/COSMOtherm/CTDATA-FILES/OLDPARAM/
 Info: # COSMOtherm parameter file ./BP_TZVP_C30_1701.ctd for BP-TZVP optimized COSMO files                                                                  

 Reading COSMOtherm license key license.txt from directory /home/nastya/COSMOlogic/COSMOthermX19/licensefiles/

 COSMOtherm license key expiration date 01/16/2022
 COSMOtherm license key version 19.0
 Customer : TU Delft, Faculty of Applied Sciences
 ID       : 107270

 License keys:
  product                   |    licensed version    | status
 ------------------------------------------------------------------------------ 
  COSMOtherm                |          19.0          | active
  TURBOMOLE                 |          7.3           | active
 ------------------------------------------------------------------------------ 
 Sigma potentials for all mixtures will be written to /media/nastya/storage/Project_nastya/sigma_potential_17/UNXHWFMMPAWVPI-ZXZARUISSA-N.pot
 
 Reading COSMO information for compound 1 conformer 1 from file /media/nastya/storage/Project_nastya/cosmo/UNXHWFMMPAWVPI-ZXZARUISSA-N.cosmo
 Note: Gas phase energy file could not be found for compound 1 conformer 1
 Note: converting Gaussian COSMO-file information of compound 1 conformer 1


 --- Compound 1 (UNXHWFMMPAWVPI-ZXZARUISSA-N) ---

 Compound Information for compound 1 conformer 1 (COSMO file /media/nastya/storage/Project_nastya/cosmo/UNXHWFMMPAWVPI-ZXZARUISSA-N.cosmo)
 Atomic weights         : 111111111111111111
 E_COSMO+dE             :    -288347.1005 kcal/mol
 E_gas                  :    -288332.7533 kcal/mol
 E_COSMO-E_gas+dE       :        -14.3473 kcal/mol
 E_diel                 :        -21.2542 kcal/mol
 Averaging corr dE      :          1.0874 kcal/mol
 Area                   :        150.8000 A^2
 Volume                 :        145.8312 A^3
 Molecular Weight       :        122.1203 a.m.u.
 Total COSMO charge     :         -0.0011 a.u.
 Dipole moment (t,x,y,z):          5.2632 -2.008416 -0.702030 -4.813973 Debye                            
 Sigma moments (1-6)    :          0.0000  1.48E+02  4.38E+01  3.11E+02  1.40E+02  7.96E+02              
 H-bond moment (accept) :         10.2471
 H-bond moment (donor)  :          5.7563
 
 WARNING: QM computation level of compound 1 conformer 1 could not be determined - it may differ from the QM level of the parameter set.
 No gas phase energy for compound 1 conformer 1 specified, thus it will be estimated


 Total number of processed compounds:    1


----------------
 START job     1
----------------


 Results for mixture 1
 ---------------------
 Temperature          :    298.150 K
 Compound Nr.         :         1
 Compound             : UNXHWFMMP
 Mole Fraction        :    1.0000

 Compound: 1  (UNXHWFMMPAWVPI-ZXZARUISSA-N)
 Chemical potential of the compound in the mixture :        -4.00924 kcal/mol
 Log10(partial pressure [mbar])                    :        -5.88135
 Free energy of molecule in mix (E_COSMO+dE+Mu)    :   -288351.10977 kcal/mol
 Total mean interaction energy in the mix (H_int)  :       -18.34886 kcal/mol
 Misfit interaction energy in the mix (H_MF)       :         2.29285 kcal/mol
 H-Bond interaction energy in the mix (H_HB)       :       -14.50226 kcal/mol
 VdW interaction energy in the mix (H_vdW)         :        -6.13945 kcal/mol


----------------
 END job       1
----------------

 Note: Sigma-potentials are tabulated in /media/nastya/storage/Project_nastya/sigma_potential_17/UNXHWFMMPAWVPI-ZXZARUISSA-N.tab

