 -----------------------------------------------------------
 BIOVIA COSMOtherm Version 2019 (build: 19.0.5 [65f0de1d5f])
 -----------------------------------------------------------

 Copyright (C) 1999-2019, Dassault Systemes BIOVIA corp, all rights reserved

 Job name   : !! Computation of compound SIGMA-PROFILES
 Job date   : 10/14/2021
 Job time   : 03:22:42
 Hostname   : unknown
 OS type    : unknown
 Executable : Linux 64-bit

 Reading COSMOtherm parameter file BP_TZVP_C30_1701.ctd from directory /home/nastya/COSMOlogic/COSMOthermX19/COSMOtherm/CTDATA-FILES/OLDPARAM/
 Info: # COSMOtherm parameter file ./BP_TZVP_C30_1701.ctd for BP-TZVP optimized COSMO files                                                                  

 Reading COSMOtherm license key license.txt from directory /home/nastya/COSMOlogic/COSMOthermX19/licensefiles/

 COSMOtherm license key expiration date 01/16/2022
 COSMOtherm license key version 19.0
 Customer : TU Delft, Faculty of Applied Sciences
 ID       : 107270

 License keys:
  product                   |    licensed version    | status
 ------------------------------------------------------------------------------ 
  COSMOtherm                |          19.0          | active
  TURBOMOLE                 |          7.3           | active
 ------------------------------------------------------------------------------ 
 Sigma potentials for all mixtures will be written to /media/nastya/storage/Project_nastya/sigma_potential_17/VEXZGXHMUGYJMC-UHFFFAOYSA-M.pot
 
 Reading COSMO information for compound 1 conformer 1 from file /media/nastya/storage/Project_nastya/cosmo/VEXZGXHMUGYJMC-UHFFFAOYSA-M.cosmo
 Note: Gas phase energy file could not be found for compound 1 conformer 1
 Note: converting Gaussian COSMO-file information of compound 1 conformer 1


 --- Compound 1 (VEXZGXHMUGYJMC-UHFFFAOYSA-M) ---

 Compound Information for compound 1 conformer 1 (COSMO file /media/nastya/storage/Project_nastya/cosmo/VEXZGXHMUGYJMC-UHFFFAOYSA-M.cosmo)
 Atomic weights         : 1
 E_COSMO+dE             :    -288931.0338 kcal/mol
 E_gas                  :    -288874.3392 kcal/mol
 E_COSMO-E_gas+dE       :        -56.6946 kcal/mol
 E_diel                 :        -81.1894 kcal/mol
 Averaging corr dE      :          0.1379 kcal/mol
 Area                   :         52.8102 A^2
 Volume                 :         36.0870 A^3
 Molecular Weight       :         35.4532 a.m.u.
 Total COSMO charge     :          1.0021 a.u.
 Dipole moment (t,x,y,z):          0.0000  0.000000  0.000000  0.000000 Debye                            
 Sigma moments (1-6)    :        100.0000  1.89E+02  3.59E+02  6.79E+02  1.29E+03  2.43E+03              
 H-bond moment (accept) :         36.6278
 H-bond moment (donor)  :          0.0000
 
 WARNING: QM computation level of compound 1 conformer 1 could not be determined - it may differ from the QM level of the parameter set.
 No gas phase energy for compound 1 conformer 1 specified, thus it will be estimated
 Molecule VEXZGXHMUGYJMC-UHFFFAOYSA-M is an atom


 Total number of processed compounds:    1


----------------
 START job     1
----------------


 Results for mixture 1
 ---------------------
 Temperature          :    298.150 K
 Compound Nr.         :         1
 Compound             : VEXZGXHMU
 Mole Fraction        :    1.0000

 WARNING: Mixture    1 is not charge neutral!
 WARNING: Total molecular charge of mixture =      -1.0000
 WARNING: Relative screening charge of ions in the mixture =       1.0000

 Compound: 1  (VEXZGXHMUGYJMC-UHFFFAOYSA-M)
 Chemical potential of the compound in the mixture :        42.28117 kcal/mol
 Log10(partial pressure [mbar])                    :        -3.18145
 Free energy of molecule in mix (E_COSMO+dE+Mu)    :   -288888.75267 kcal/mol
 Total mean interaction energy in the mix (H_int)  :        42.03414 kcal/mol
 Misfit interaction energy in the mix (H_MF)       :        45.47649 kcal/mol
 H-Bond interaction energy in the mix (H_HB)       :         0.00000 kcal/mol
 VdW interaction energy in the mix (H_vdW)         :        -3.44235 kcal/mol


----------------
 END job       1
----------------

 Note: Sigma-potentials are tabulated in /media/nastya/storage/Project_nastya/sigma_potential_17/VEXZGXHMUGYJMC-UHFFFAOYSA-M.tab

