 -----------------------------------------------------------
 BIOVIA COSMOtherm Version 2019 (build: 19.0.5 [65f0de1d5f])
 -----------------------------------------------------------

 Copyright (C) 1999-2019, Dassault Systemes BIOVIA corp, all rights reserved

 Job name   : !! Computation of compound SIGMA-PROFILES
 Job date   : 10/14/2021
 Job time   : 03:22:45
 Hostname   : unknown
 OS type    : unknown
 Executable : Linux 64-bit

 Reading COSMOtherm parameter file BP_TZVP_C30_1701.ctd from directory /home/nastya/COSMOlogic/COSMOthermX19/COSMOtherm/CTDATA-FILES/OLDPARAM/
 Info: # COSMOtherm parameter file ./BP_TZVP_C30_1701.ctd for BP-TZVP optimized COSMO files                                                                  

 Reading COSMOtherm license key license.txt from directory /home/nastya/COSMOlogic/COSMOthermX19/licensefiles/

 COSMOtherm license key expiration date 01/16/2022
 COSMOtherm license key version 19.0
 Customer : TU Delft, Faculty of Applied Sciences
 ID       : 107270

 License keys:
  product                   |    licensed version    | status
 ------------------------------------------------------------------------------ 
  COSMOtherm                |          19.0          | active
  TURBOMOLE                 |          7.3           | active
 ------------------------------------------------------------------------------ 
 Sigma potentials for all mixtures will be written to /media/nastya/storage/Project_nastya/sigma_potential_17/WEEGYLXZBRQIMU-UHFFFAOYSA-N.pot
 
 Reading COSMO information for compound 1 conformer 1 from file /media/nastya/storage/Project_nastya/cosmo/WEEGYLXZBRQIMU-UHFFFAOYSA-N.cosmo
 Note: Gas phase energy file could not be found for compound 1 conformer 1
 Note: converting Gaussian COSMO-file information of compound 1 conformer 1


 --- Compound 1 (WEEGYLXZBRQIMU-UHFFFAOYSA-N) ---

 Compound Information for compound 1 conformer 1 (COSMO file /media/nastya/storage/Project_nastya/cosmo/WEEGYLXZBRQIMU-UHFFFAOYSA-N.cosmo)
 Atomic weights         : 11111111111111111111111111111
 E_COSMO+dE             :    -293222.4045 kcal/mol
 E_gas                  :    -293218.8725 kcal/mol
 E_COSMO-E_gas+dE       :         -3.5320 kcal/mol
 E_diel                 :         -4.5480 kcal/mol
 Averaging corr dE      :          0.3101 kcal/mol
 Area                   :        191.8016 A^2
 Volume                 :        213.2661 A^3
 Molecular Weight       :        154.2503 a.m.u.
 Total COSMO charge     :         -0.0052 a.u.
 Dipole moment (t,x,y,z):          2.4902  0.067306  2.489191  0.026687 Debye                            
 Sigma moments (1-6)    :          0.0000  3.24E+01  2.97E+01  5.07E+01  8.03E+01  1.35E+02              
 H-bond moment (accept) :          2.5367
 H-bond moment (donor)  :          0.0000
 
 WARNING: QM computation level of compound 1 conformer 1 could not be determined - it may differ from the QM level of the parameter set.
 No gas phase energy for compound 1 conformer 1 specified, thus it will be estimated


 Total number of processed compounds:    1


----------------
 START job     1
----------------


 Results for mixture 1
 ---------------------
 Temperature          :    298.150 K
 Compound Nr.         :         1
 Compound             : WEEGYLXZB
 Mole Fraction        :    1.0000

 Compound: 1  (WEEGYLXZBRQIMU-UHFFFAOYSA-N)
 Chemical potential of the compound in the mixture :        -5.59087 kcal/mol
 Log10(partial pressure [mbar])                    :        -0.22088
 Free energy of molecule in mix (E_COSMO+dE+Mu)    :   -293227.99536 kcal/mol
 Total mean interaction energy in the mix (H_int)  :        -7.70830 kcal/mol
 Misfit interaction energy in the mix (H_MF)       :         1.79094 kcal/mol
 H-Bond interaction energy in the mix (H_HB)       :         0.00000 kcal/mol
 VdW interaction energy in the mix (H_vdW)         :        -9.49924 kcal/mol


----------------
 END job       1
----------------

 Note: Sigma-potentials are tabulated in /media/nastya/storage/Project_nastya/sigma_potential_17/WEEGYLXZBRQIMU-UHFFFAOYSA-N.tab

