 -----------------------------------------------------------
 BIOVIA COSMOtherm Version 2019 (build: 19.0.5 [65f0de1d5f])
 -----------------------------------------------------------

 Copyright (C) 1999-2019, Dassault Systemes BIOVIA corp, all rights reserved

 Job name   : !! Computation of compound SIGMA-PROFILES
 Job date   : 10/14/2021
 Job time   : 03:22:45
 Hostname   : unknown
 OS type    : unknown
 Executable : Linux 64-bit

 Reading COSMOtherm parameter file BP_TZVP_C30_1701.ctd from directory /home/nastya/COSMOlogic/COSMOthermX19/COSMOtherm/CTDATA-FILES/OLDPARAM/
 Info: # COSMOtherm parameter file ./BP_TZVP_C30_1701.ctd for BP-TZVP optimized COSMO files                                                                  

 Reading COSMOtherm license key license.txt from directory /home/nastya/COSMOlogic/COSMOthermX19/licensefiles/

 COSMOtherm license key expiration date 01/16/2022
 COSMOtherm license key version 19.0
 Customer : TU Delft, Faculty of Applied Sciences
 ID       : 107270

 License keys:
  product                   |    licensed version    | status
 ------------------------------------------------------------------------------ 
  COSMOtherm                |          19.0          | active
  TURBOMOLE                 |          7.3           | active
 ------------------------------------------------------------------------------ 
 Sigma potentials for all mixtures will be written to /media/nastya/storage/Project_nastya/sigma_potential_17/WQZGKKKJIJFFOK-MDMQIMBFSA-N.pot
 
 Reading COSMO information for compound 1 conformer 1 from file /media/nastya/storage/Project_nastya/cosmo/WQZGKKKJIJFFOK-MDMQIMBFSA-N.cosmo
 Note: Gas phase energy file could not be found for compound 1 conformer 1
 Note: converting Gaussian COSMO-file information of compound 1 conformer 1


 --- Compound 1 (WQZGKKKJIJFFOK-MDMQIMBFSA-N) ---

 Compound Information for compound 1 conformer 1 (COSMO file /media/nastya/storage/Project_nastya/cosmo/WQZGKKKJIJFFOK-MDMQIMBFSA-N.cosmo)
 Atomic weights         : 111111111111111111111111
 E_COSMO+dE             :    -431393.7249 kcal/mol
 E_gas                  :    -431379.0889 kcal/mol
 E_COSMO-E_gas+dE       :        -14.6360 kcal/mol
 E_diel                 :        -22.6792 kcal/mol
 Averaging corr dE      :          1.6041 kcal/mol
 Area                   :        188.1623 A^2
 Volume                 :        196.7495 A^3
 Molecular Weight       :        180.1566 a.m.u.
 Total COSMO charge     :  -4.6833677E-05 a.u.
 Dipole moment (t,x,y,z):          3.6305 -1.089962 -1.275196 -3.219639 Debye                            
 Sigma moments (1-6)    :          0.0000  1.83E+02  2.15E+01  3.55E+02  5.03E+01  8.40E+02              
 H-bond moment (accept) :          9.5833
 H-bond moment (donor)  :          7.9272
 
 WARNING: QM computation level of compound 1 conformer 1 could not be determined - it may differ from the QM level of the parameter set.
 No gas phase energy for compound 1 conformer 1 specified, thus it will be estimated


 Total number of processed compounds:    1


----------------
 START job     1
----------------


 Results for mixture 1
 ---------------------
 Temperature          :    298.150 K
 Compound Nr.         :         1
 Compound             : WQZGKKKJI
 Mole Fraction        :    1.0000

 Compound: 1  (WQZGKKKJIJFFOK-MDMQIMBFSA-N)
 Chemical potential of the compound in the mixture :        -4.58137 kcal/mol
 Log10(partial pressure [mbar])                    :        -7.34324
 Free energy of molecule in mix (E_COSMO+dE+Mu)    :   -431398.30622 kcal/mol
 Total mean interaction energy in the mix (H_int)  :       -20.79781 kcal/mol
 Misfit interaction energy in the mix (H_MF)       :         2.40678 kcal/mol
 H-Bond interaction energy in the mix (H_HB)       :       -15.97236 kcal/mol
 VdW interaction energy in the mix (H_vdW)         :        -7.23223 kcal/mol


----------------
 END job       1
----------------

 Note: Sigma-potentials are tabulated in /media/nastya/storage/Project_nastya/sigma_potential_17/WQZGKKKJIJFFOK-MDMQIMBFSA-N.tab

