 -----------------------------------------------------------
 BIOVIA COSMOtherm Version 2019 (build: 19.0.5 [65f0de1d5f])
 -----------------------------------------------------------

 Copyright (C) 1999-2019, Dassault Systemes BIOVIA corp, all rights reserved

 Job name   : !! Computation of compound SIGMA-PROFILES
 Job date   : 10/14/2021
 Job time   : 03:22:48
 Hostname   : unknown
 OS type    : unknown
 Executable : Linux 64-bit

 Reading COSMOtherm parameter file BP_TZVP_C30_1701.ctd from directory /home/nastya/COSMOlogic/COSMOthermX19/COSMOtherm/CTDATA-FILES/OLDPARAM/
 Info: # COSMOtherm parameter file ./BP_TZVP_C30_1701.ctd for BP-TZVP optimized COSMO files                                                                  

 Reading COSMOtherm license key license.txt from directory /home/nastya/COSMOlogic/COSMOthermX19/licensefiles/

 COSMOtherm license key expiration date 01/16/2022
 COSMOtherm license key version 19.0
 Customer : TU Delft, Faculty of Applied Sciences
 ID       : 107270

 License keys:
  product                   |    licensed version    | status
 ------------------------------------------------------------------------------ 
  COSMOtherm                |          19.0          | active
  TURBOMOLE                 |          7.3           | active
 ------------------------------------------------------------------------------ 
 Sigma potentials for all mixtures will be written to /media/nastya/storage/Project_nastya/sigma_potential_17/XLYOFNOQVPJJNP-UHFFFAOYSA-N.pot
 
 Reading COSMO information for compound 1 conformer 1 from file /media/nastya/storage/Project_nastya/cosmo/XLYOFNOQVPJJNP-UHFFFAOYSA-N.cosmo
 Note: Gas phase energy file could not be found for compound 1 conformer 1
 Note: converting Gaussian COSMO-file information of compound 1 conformer 1


 --- Compound 1 (XLYOFNOQVPJJNP-UHFFFAOYSA-N) ---

 Compound Information for compound 1 conformer 1 (COSMO file /media/nastya/storage/Project_nastya/cosmo/XLYOFNOQVPJJNP-UHFFFAOYSA-N.cosmo)
 Atomic weights         : 111
 E_COSMO+dE             :     -47987.1802 kcal/mol
 E_gas                  :     -47981.5445 kcal/mol
 E_COSMO-E_gas+dE       :         -5.6357 kcal/mol
 E_diel                 :         -9.2185 kcal/mol
 Averaging corr dE      :          0.4733 kcal/mol
 Area                   :         43.0677 A^2
 Volume                 :         25.5905 A^3
 Molecular Weight       :         18.0153 a.m.u.
 Total COSMO charge     :         -0.0008 a.u.
 Dipole moment (t,x,y,z):          2.4466 -0.000664 -0.001467 -2.446602 Debye                            
 Sigma moments (1-6)    :          0.0000  7.16E+01  1.19E+01  1.71E+02  6.42E+01  4.58E+02              
 H-bond moment (accept) :          5.3763
 H-bond moment (donor)  :          3.6633
 
 WARNING: QM computation level of compound 1 conformer 1 could not be determined - it may differ from the QM level of the parameter set.
 No gas phase energy for compound 1 conformer 1 specified, thus it will be estimated


 Total number of processed compounds:    1


----------------
 START job     1
----------------


 Results for mixture 1
 ---------------------
 Temperature          :    298.150 K
 Compound Nr.         :         1
 Compound             : XLYOFNOQV
 Mole Fraction        :    1.0000

 Compound: 1  (XLYOFNOQVPJJNP-UHFFFAOYSA-N)
 Chemical potential of the compound in the mixture :        -2.24727 kcal/mol
 Log10(partial pressure [mbar])                    :         1.79583
 Free energy of molecule in mix (E_COSMO+dE+Mu)    :    -47989.42747 kcal/mol
 Total mean interaction energy in the mix (H_int)  :        -6.43145 kcal/mol
 Misfit interaction energy in the mix (H_MF)       :         0.31353 kcal/mol
 H-Bond interaction energy in the mix (H_HB)       :        -5.86710 kcal/mol
 VdW interaction energy in the mix (H_vdW)         :        -0.87787 kcal/mol


----------------
 END job       1
----------------

 Note: Sigma-potentials are tabulated in /media/nastya/storage/Project_nastya/sigma_potential_17/XLYOFNOQVPJJNP-UHFFFAOYSA-N.tab

