 -----------------------------------------------------------
 BIOVIA COSMOtherm Version 2019 (build: 19.0.5 [65f0de1d5f])
 -----------------------------------------------------------

 Copyright (C) 1999-2019, Dassault Systemes BIOVIA corp, all rights reserved

 Job name   : !! Computation of compound SIGMA-PROFILES
 Job date   : 10/14/2021
 Job time   : 03:22:48
 Hostname   : unknown
 OS type    : unknown
 Executable : Linux 64-bit

 Reading COSMOtherm parameter file BP_TZVP_C30_1701.ctd from directory /home/nastya/COSMOlogic/COSMOthermX19/COSMOtherm/CTDATA-FILES/OLDPARAM/
 Info: # COSMOtherm parameter file ./BP_TZVP_C30_1701.ctd for BP-TZVP optimized COSMO files                                                                  

 Reading COSMOtherm license key license.txt from directory /home/nastya/COSMOlogic/COSMOthermX19/licensefiles/

 COSMOtherm license key expiration date 01/16/2022
 COSMOtherm license key version 19.0
 Customer : TU Delft, Faculty of Applied Sciences
 ID       : 107270

 License keys:
  product                   |    licensed version    | status
 ------------------------------------------------------------------------------ 
  COSMOtherm                |          19.0          | active
  TURBOMOLE                 |          7.3           | active
 ------------------------------------------------------------------------------ 
 Sigma potentials for all mixtures will be written to /media/nastya/storage/Project_nastya/sigma_potential_17/XWBDWHCCBGMXKG-UHFFFAOYSA-N.pot
 
 Reading COSMO information for compound 1 conformer 1 from file /media/nastya/storage/Project_nastya/cosmo/XWBDWHCCBGMXKG-UHFFFAOYSA-N.cosmo
 Note: Gas phase energy file could not be found for compound 1 conformer 1
 Note: converting Gaussian COSMO-file information of compound 1 conformer 1


 --- Compound 1 (XWBDWHCCBGMXKG-UHFFFAOYSA-N) ---

 Compound Information for compound 1 conformer 1 (COSMO file /media/nastya/storage/Project_nastya/cosmo/XWBDWHCCBGMXKG-UHFFFAOYSA-N.cosmo)
 Atomic weights         : 111111111111
 E_COSMO+dE             :    -374084.7020 kcal/mol
 E_gas                  :    -374059.1166 kcal/mol
 E_COSMO-E_gas+dE       :        -25.5854 kcal/mol
 E_diel                 :        -37.5197 kcal/mol
 Averaging corr dE      :          0.6784 kcal/mol
 Area                   :        129.7835 A^2
 Volume                 :        112.8892 A^3
 Molecular Weight       :         81.5451 a.m.u.
 Total COSMO charge     :          0.0061 a.u.
 Dipole moment (t,x,y,z):         12.8252  1.24E+01  3.338884 -0.010872 Debye                            
 Sigma moments (1-6)    :          0.0000  1.72E+02  2.96E+01  4.01E+02  3.89E+01  1.04E+03              
 H-bond moment (accept) :         12.8081
 H-bond moment (donor)  :          8.4381
 
 WARNING: QM computation level of compound 1 conformer 1 could not be determined - it may differ from the QM level of the parameter set.
 No gas phase energy for compound 1 conformer 1 specified, thus it will be estimated


 Total number of processed compounds:    1


----------------
 START job     1
----------------


 Results for mixture 1
 ---------------------
 Temperature          :    298.150 K
 Compound Nr.         :         1
 Compound             : XWBDWHCCB
 Mole Fraction        :    1.0000

 Compound: 1  (XWBDWHCCBGMXKG-UHFFFAOYSA-N)
 Chemical potential of the compound in the mixture :        -1.39152 kcal/mol
 Log10(partial pressure [mbar])                    :       -12.20012
 Free energy of molecule in mix (E_COSMO+dE+Mu)    :   -374086.09349 kcal/mol
 Total mean interaction energy in the mix (H_int)  :       -11.70122 kcal/mol
 Misfit interaction energy in the mix (H_MF)       :         3.34943 kcal/mol
 H-Bond interaction energy in the mix (H_HB)       :        -8.11089 kcal/mol
 VdW interaction energy in the mix (H_vdW)         :        -6.93976 kcal/mol


----------------
 END job       1
----------------

 Note: Sigma-potentials are tabulated in /media/nastya/storage/Project_nastya/sigma_potential_17/XWBDWHCCBGMXKG-UHFFFAOYSA-N.tab

