 -----------------------------------------------------------
 BIOVIA COSMOtherm Version 2019 (build: 19.0.5 [65f0de1d5f])
 -----------------------------------------------------------

 Copyright (C) 1999-2019, Dassault Systemes BIOVIA corp, all rights reserved

 Job name   : !! Computation of compound SIGMA-PROFILES
 Job date   : 10/14/2021
 Job time   : 03:22:50
 Hostname   : unknown
 OS type    : unknown
 Executable : Linux 64-bit

 Reading COSMOtherm parameter file BP_TZVP_C30_1701.ctd from directory /home/nastya/COSMOlogic/COSMOthermX19/COSMOtherm/CTDATA-FILES/OLDPARAM/
 Info: # COSMOtherm parameter file ./BP_TZVP_C30_1701.ctd for BP-TZVP optimized COSMO files                                                                  

 Reading COSMOtherm license key license.txt from directory /home/nastya/COSMOlogic/COSMOthermX19/licensefiles/

 COSMOtherm license key expiration date 01/16/2022
 COSMOtherm license key version 19.0
 Customer : TU Delft, Faculty of Applied Sciences
 ID       : 107270

 License keys:
  product                   |    licensed version    | status
 ------------------------------------------------------------------------------ 
  COSMOtherm                |          19.0          | active
  TURBOMOLE                 |          7.3           | active
 ------------------------------------------------------------------------------ 
 Sigma potentials for all mixtures will be written to /media/nastya/storage/Project_nastya/sigma_potential_17/YGSDEFSMJLZEOE-UHFFFAOYSA-N.pot
 
 Reading COSMO information for compound 1 conformer 1 from file /media/nastya/storage/Project_nastya/cosmo/YGSDEFSMJLZEOE-UHFFFAOYSA-N.cosmo
 Note: Gas phase energy file could not be found for compound 1 conformer 1
 Note: converting Gaussian COSMO-file information of compound 1 conformer 1


 --- Compound 1 (YGSDEFSMJLZEOE-UHFFFAOYSA-N) ---

 Compound Information for compound 1 conformer 1 (COSMO file /media/nastya/storage/Project_nastya/cosmo/YGSDEFSMJLZEOE-UHFFFAOYSA-N.cosmo)
 Atomic weights         : 1111111111111111
 E_COSMO+dE             :    -311404.0137 kcal/mol
 E_gas                  :    -311397.4242 kcal/mol
 E_COSMO-E_gas+dE       :         -6.5895 kcal/mol
 E_diel                 :         -8.9272 kcal/mol
 Averaging corr dE      :          0.6748 kcal/mol
 Area                   :        158.6000 A^2
 Volume                 :        153.7806 A^3
 Molecular Weight       :        138.1214 a.m.u.
 Total COSMO charge     :          0.0040 a.u.
 Dipole moment (t,x,y,z):          3.1762 -0.491676 -3.137872  0.002028 Debye                            
 Sigma moments (1-6)    :          0.0000  7.03E+01 -2.34E+01  1.15E+02 -1.13E+02  3.12E+02              
 H-bond moment (accept) :          0.6837
 H-bond moment (donor)  :          3.9338
 
 WARNING: QM computation level of compound 1 conformer 1 could not be determined - it may differ from the QM level of the parameter set.
 No gas phase energy for compound 1 conformer 1 specified, thus it will be estimated


 Total number of processed compounds:    1


----------------
 START job     1
----------------


 Results for mixture 1
 ---------------------
 Temperature          :    298.150 K
 Compound Nr.         :         1
 Compound             : YGSDEFSMJ
 Mole Fraction        :    1.0000

 Compound: 1  (YGSDEFSMJLZEOE-UHFFFAOYSA-N)
 Chemical potential of the compound in the mixture :        -3.13862 kcal/mol
 Log10(partial pressure [mbar])                    :        -0.38754
 Free energy of molecule in mix (E_COSMO+dE+Mu)    :   -311407.15234 kcal/mol
 Total mean interaction energy in the mix (H_int)  :        -7.36030 kcal/mol
 Misfit interaction energy in the mix (H_MF)       :         2.00765 kcal/mol
 H-Bond interaction energy in the mix (H_HB)       :        -2.53158 kcal/mol
 VdW interaction energy in the mix (H_vdW)         :        -6.83636 kcal/mol


----------------
 END job       1
----------------

 Note: Sigma-potentials are tabulated in /media/nastya/storage/Project_nastya/sigma_potential_17/YGSDEFSMJLZEOE-UHFFFAOYSA-N.tab

