 -----------------------------------------------------------
 BIOVIA COSMOtherm Version 2019 (build: 19.0.5 [65f0de1d5f])
 -----------------------------------------------------------

 Copyright (C) 1999-2019, Dassault Systemes BIOVIA corp, all rights reserved

 Job name   : !! Computation of compound SIGMA-PROFILES
 Job date   : 10/14/2021
 Job time   : 03:22:50
 Hostname   : unknown
 OS type    : unknown
 Executable : Linux 64-bit

 Reading COSMOtherm parameter file BP_TZVP_C30_1701.ctd from directory /home/nastya/COSMOlogic/COSMOthermX19/COSMOtherm/CTDATA-FILES/OLDPARAM/
 Info: # COSMOtherm parameter file ./BP_TZVP_C30_1701.ctd for BP-TZVP optimized COSMO files                                                                  

 Reading COSMOtherm license key license.txt from directory /home/nastya/COSMOlogic/COSMOthermX19/licensefiles/

 COSMOtherm license key expiration date 01/16/2022
 COSMOtherm license key version 19.0
 Customer : TU Delft, Faculty of Applied Sciences
 ID       : 107270

 License keys:
  product                   |    licensed version    | status
 ------------------------------------------------------------------------------ 
  COSMOtherm                |          19.0          | active
  TURBOMOLE                 |          7.3           | active
 ------------------------------------------------------------------------------ 
 Sigma potentials for all mixtures will be written to /media/nastya/storage/Project_nastya/sigma_potential_17/YTRIOKYQEVFKGU-UHFFFAOYSA-M.pot
 
 Reading COSMO information for compound 1 conformer 1 from file /media/nastya/storage/Project_nastya/cosmo/YTRIOKYQEVFKGU-UHFFFAOYSA-M.cosmo
 Note: Gas phase energy file could not be found for compound 1 conformer 1
 Note: converting Gaussian COSMO-file information of compound 1 conformer 1


 --- Compound 1 (YTRIOKYQEVFKGU-UHFFFAOYSA-M) ---

 Compound Information for compound 1 conformer 1 (COSMO file /media/nastya/storage/Project_nastya/cosmo/YTRIOKYQEVFKGU-UHFFFAOYSA-M.cosmo)
 Atomic weights         : 1111111111111111111111111111111111111111111111
 E_COSMO+dE             :    -716489.1214 kcal/mol
 E_gas                  :    -716461.3689 kcal/mol
 E_COSMO-E_gas+dE       :        -27.7525 kcal/mol
 E_diel                 :        -40.5949 kcal/mol
 Averaging corr dE      :          0.6640 kcal/mol
 Area                   :        315.9410 A^2
 Volume                 :        385.1216 A^3
 Molecular Weight       :        269.8549 a.m.u.
 Total COSMO charge     :          0.0088 a.u.
 Dipole moment (t,x,y,z):         17.5527  1.39E+01 -0.254283  1.08E+01 Debye                            
 Sigma moments (1-6)    :          0.0000  1.77E+02  1.83E+02  4.19E+02  6.93E+02  1.35E+03              
 H-bond moment (accept) :         21.2684
 H-bond moment (donor)  :          0.0515
 
 WARNING: QM computation level of compound 1 conformer 1 could not be determined - it may differ from the QM level of the parameter set.
 No gas phase energy for compound 1 conformer 1 specified, thus it will be estimated


 Total number of processed compounds:    1


----------------
 START job     1
----------------


 Results for mixture 1
 ---------------------
 Temperature          :    298.150 K
 Compound Nr.         :         1
 Compound             : YTRIOKYQE
 Mole Fraction        :    1.0000

 Compound: 1  (YTRIOKYQEVFKGU-UHFFFAOYSA-M)
 Chemical potential of the compound in the mixture :        -0.45928 kcal/mol
 Log10(partial pressure [mbar])                    :       -13.93618
 Free energy of molecule in mix (E_COSMO+dE+Mu)    :   -716489.58064 kcal/mol
 Total mean interaction energy in the mix (H_int)  :        -8.58469 kcal/mol
 Misfit interaction energy in the mix (H_MF)       :         9.12008 kcal/mol
 H-Bond interaction energy in the mix (H_HB)       :        -1.39143 kcal/mol
 VdW interaction energy in the mix (H_vdW)         :       -16.31333 kcal/mol


----------------
 END job       1
----------------

 Note: Sigma-potentials are tabulated in /media/nastya/storage/Project_nastya/sigma_potential_17/YTRIOKYQEVFKGU-UHFFFAOYSA-M.tab

