 -----------------------------------------------------------
 BIOVIA COSMOtherm Version 2019 (build: 19.0.5 [65f0de1d5f])
 -----------------------------------------------------------

 Copyright (C) 1999-2019, Dassault Systemes BIOVIA corp, all rights reserved

 Job name   : !! generated by COSMOthermX !!
 Job date   : 10/14/2021
 Job time   : 03:21:31
 Hostname   : unknown
 OS type    : unknown
 Executable : Linux 64-bit

 Reading COSMOtherm parameter file BP_TZVP_C30_1701.ctd from directory /home/nastya/COSMOlogic/COSMOthermX19/COSMOtherm/CTDATA-FILES/OLDPARAM/
 Info: # COSMOtherm parameter file ./BP_TZVP_C30_1701.ctd for BP-TZVP optimized COSMO files                                                                  

 Reading COSMOtherm license key license.txt from directory /home/nastya/COSMOlogic/COSMOthermX19/licensefiles/

 COSMOtherm license key expiration date 01/16/2022
 COSMOtherm license key version 19.0
 Customer : TU Delft, Faculty of Applied Sciences
 ID       : 107270

 License keys:
  product                   |    licensed version    | status
 ------------------------------------------------------------------------------ 
  COSMOtherm                |          19.0          | active
  TURBOMOLE                 |          7.3           | active
 ------------------------------------------------------------------------------ 
 Sigma moments for all molecules will be written to /media/nastya/storage/Project_nastya/sigma_moments_17/QGZKDVFQNNGYKY-UHFFFAOYSA-O.mom
 
 Reading COSMO information for compound 1 conformer 1 from file /media/nastya/storage/Project_nastya/cosmo/QGZKDVFQNNGYKY-UHFFFAOYSA-O.cosmo
 Note: Gas phase energy file could not be found for compound 1 conformer 1
 Note: converting Gaussian COSMO-file information of compound 1 conformer 1


 --- Compound 1 (QGZKDVFQNNGYKY-UHFFFAOYSA-O) ---

 Compound Information for compound 1 conformer 1 (COSMO file /media/nastya/storage/Project_nastya/cosmo/QGZKDVFQNNGYKY-UHFFFAOYSA-O.cosmo)
 Atomic weights         : 11111
 E_COSMO+dE             :     -35802.6143 kcal/mol
 E_gas                  :     -35744.7051 kcal/mol
 E_COSMO-E_gas+dE       :        -57.9093 kcal/mol
 E_diel                 :        -82.4588 kcal/mol
 Averaging corr dE      :         -0.1881 kcal/mol
 Area                   :         51.2225 A^2
 Volume                 :         32.4469 A^3
 Molecular Weight       :         18.0385 a.m.u.
 Total COSMO charge     :         -0.9973 a.u.
 Dipole moment (t,x,y,z):          0.0000  0.000000  0.000000  0.000000 Debye                            
 Sigma moments (1-6)    :       -100.0000  1.96E+02 -3.85E+02  7.57E+02 -1.49E+03  2.95E+03              
 H-bond moment (accept) :          0.0000
 H-bond moment (donor)  :         26.8177
 
 WARNING: QM computation level of compound 1 conformer 1 could not be determined - it may differ from the QM level of the parameter set.
 No gas phase energy for compound 1 conformer 1 specified, thus it will be estimated


 Total number of processed compounds:    1


 Note: No temperatures / mixtures found in /media/nastya/storage/Project_nastya/sigma_moments_17/QGZKDVFQNNGYKY-UHFFFAOYSA-O.inp
 COSMOtherm will terminate
