 -----------------------------------------------------------
 BIOVIA COSMOtherm Version 2019 (build: 19.0.5 [65f0de1d5f])
 -----------------------------------------------------------

 Copyright (C) 1999-2019, Dassault Systemes BIOVIA corp, all rights reserved

 Job name   : !! generated by COSMOthermX !!
 Job date   : 10/14/2021
 Job time   : 03:21:31
 Hostname   : unknown
 OS type    : unknown
 Executable : Linux 64-bit

 Reading COSMOtherm parameter file BP_TZVP_C30_1701.ctd from directory /home/nastya/COSMOlogic/COSMOthermX19/COSMOtherm/CTDATA-FILES/OLDPARAM/
 Info: # COSMOtherm parameter file ./BP_TZVP_C30_1701.ctd for BP-TZVP optimized COSMO files                                                                  

 Reading COSMOtherm license key license.txt from directory /home/nastya/COSMOlogic/COSMOthermX19/licensefiles/

 COSMOtherm license key expiration date 01/16/2022
 COSMOtherm license key version 19.0
 Customer : TU Delft, Faculty of Applied Sciences
 ID       : 107270

 License keys:
  product                   |    licensed version    | status
 ------------------------------------------------------------------------------ 
  COSMOtherm                |          19.0          | active
  TURBOMOLE                 |          7.3           | active
 ------------------------------------------------------------------------------ 
 Sigma moments for all molecules will be written to /media/nastya/storage/Project_nastya/sigma_moments_17/QNAYBMKLOCPYGJ-UHFFFAOYSA-N.mom
 
 Reading COSMO information for compound 1 conformer 1 from file /media/nastya/storage/Project_nastya/cosmo/QNAYBMKLOCPYGJ-UHFFFAOYSA-N.cosmo
 Note: Gas phase energy file could not be found for compound 1 conformer 1
 Note: converting Gaussian COSMO-file information of compound 1 conformer 1


 --- Compound 1 (QNAYBMKLOCPYGJ-UHFFFAOYSA-N) ---

 Compound Information for compound 1 conformer 1 (COSMO file /media/nastya/storage/Project_nastya/cosmo/QNAYBMKLOCPYGJ-UHFFFAOYSA-N.cosmo)
 Atomic weights         : 1111111111111
 E_COSMO+dE             :    -203251.4486 kcal/mol
 E_gas                  :    -203224.3729 kcal/mol
 E_COSMO-E_gas+dE       :        -27.0757 kcal/mol
 E_diel                 :        -39.7713 kcal/mol
 Averaging corr dE      :          0.7642 kcal/mol
 Area                   :        122.4946 A^2
 Volume                 :        109.9261 A^3
 Molecular Weight       :         89.0935 a.m.u.
 Total COSMO charge     :          0.0023 a.u.
 Dipole moment (t,x,y,z):         12.5275  1.20E+01 -3.380258 -1.285392 Debye                            
 Sigma moments (1-6)    :          0.0000  1.83E+02  4.74E+01  4.91E+02  2.04E+02  1.50E+03              
 H-bond moment (accept) :         15.7798
 H-bond moment (donor)  :          8.5012
 
 WARNING: QM computation level of compound 1 conformer 1 could not be determined - it may differ from the QM level of the parameter set.
 No gas phase energy for compound 1 conformer 1 specified, thus it will be estimated


 Total number of processed compounds:    1


 Note: No temperatures / mixtures found in /media/nastya/storage/Project_nastya/sigma_moments_17/QNAYBMKLOCPYGJ-UHFFFAOYSA-N.inp
 COSMOtherm will terminate
