 -----------------------------------------------------------
 BIOVIA COSMOtherm Version 2019 (build: 19.0.5 [65f0de1d5f])
 -----------------------------------------------------------

 Copyright (C) 1999-2019, Dassault Systemes BIOVIA corp, all rights reserved

 Job name   : !! generated by COSMOthermX !!
 Job date   : 10/14/2021
 Job time   : 03:21:45
 Hostname   : unknown
 OS type    : unknown
 Executable : Linux 64-bit

 Reading COSMOtherm parameter file BP_TZVP_C30_1701.ctd from directory /home/nastya/COSMOlogic/COSMOthermX19/COSMOtherm/CTDATA-FILES/OLDPARAM/
 Info: # COSMOtherm parameter file ./BP_TZVP_C30_1701.ctd for BP-TZVP optimized COSMO files                                                                  

 Reading COSMOtherm license key license.txt from directory /home/nastya/COSMOlogic/COSMOthermX19/licensefiles/

 COSMOtherm license key expiration date 01/16/2022
 COSMOtherm license key version 19.0
 Customer : TU Delft, Faculty of Applied Sciences
 ID       : 107270

 License keys:
  product                   |    licensed version    | status
 ------------------------------------------------------------------------------ 
  COSMOtherm                |          19.0          | active
  TURBOMOLE                 |          7.3           | active
 ------------------------------------------------------------------------------ 
 Sigma moments for all molecules will be written to /media/nastya/storage/Project_nastya/sigma_moments_17/YTRIOKYQEVFKGU-UHFFFAOYSA-M.mom
 
 Reading COSMO information for compound 1 conformer 1 from file /media/nastya/storage/Project_nastya/cosmo/YTRIOKYQEVFKGU-UHFFFAOYSA-M.cosmo
 Note: Gas phase energy file could not be found for compound 1 conformer 1
 Note: converting Gaussian COSMO-file information of compound 1 conformer 1


 --- Compound 1 (YTRIOKYQEVFKGU-UHFFFAOYSA-M) ---

 Compound Information for compound 1 conformer 1 (COSMO file /media/nastya/storage/Project_nastya/cosmo/YTRIOKYQEVFKGU-UHFFFAOYSA-M.cosmo)
 Atomic weights         : 1111111111111111111111111111111111111111111111
 E_COSMO+dE             :    -716489.1214 kcal/mol
 E_gas                  :    -716461.3689 kcal/mol
 E_COSMO-E_gas+dE       :        -27.7525 kcal/mol
 E_diel                 :        -40.5949 kcal/mol
 Averaging corr dE      :          0.6640 kcal/mol
 Area                   :        315.9410 A^2
 Volume                 :        385.1216 A^3
 Molecular Weight       :        269.8549 a.m.u.
 Total COSMO charge     :          0.0088 a.u.
 Dipole moment (t,x,y,z):         17.5527  1.39E+01 -0.254283  1.08E+01 Debye                            
 Sigma moments (1-6)    :          0.0000  1.77E+02  1.83E+02  4.19E+02  6.93E+02  1.35E+03              
 H-bond moment (accept) :         21.2684
 H-bond moment (donor)  :          0.0515
 
 WARNING: QM computation level of compound 1 conformer 1 could not be determined - it may differ from the QM level of the parameter set.
 No gas phase energy for compound 1 conformer 1 specified, thus it will be estimated


 Total number of processed compounds:    1


 Note: No temperatures / mixtures found in /media/nastya/storage/Project_nastya/sigma_moments_17/YTRIOKYQEVFKGU-UHFFFAOYSA-M.inp
 COSMOtherm will terminate
