 -----------------------------------------------------------
 BIOVIA COSMOtherm Version 2019 (build: 19.0.5 [65f0de1d5f])
 -----------------------------------------------------------

 Copyright (C) 1999-2019, Dassault Systemes BIOVIA corp, all rights reserved

 Job name   : !! generated by COSMOthermX !!
 Job date   : 10/20/2021
 Job time   : 17:32:31
 Hostname   : unknown
 OS type    : unknown
 Executable : Linux 64-bit

 Reading COSMOtherm parameter file BP_TZVP_C30_1701.ctd from directory /home/nastya/COSMOlogic/COSMOthermX19/COSMOtherm/CTDATA-FILES/OLDPARAM/
 Info: # COSMOtherm parameter file ./BP_TZVP_C30_1701.ctd for BP-TZVP optimized COSMO files                                                                  

 Reading COSMOtherm license key license.txt from directory /home/nastya/COSMOlogic/COSMOthermX19/licensefiles/

 COSMOtherm license key expiration date 01/16/2022
 COSMOtherm license key version 19.0
 Customer : TU Delft, Faculty of Applied Sciences
 ID       : 107270

 License keys:
  product                   |    licensed version    | status
 ------------------------------------------------------------------------------ 
  COSMOtherm                |          19.0          | active
  TURBOMOLE                 |          7.3           | active
 ------------------------------------------------------------------------------ 
 
 Note: Vapor pressure / property file could not be found for compound 1
 Reading COSMO information for compound 1 conformer 1 from file /media/nastya/storage/Project_nastya/cosmo/BJEPYKJPYRNKOW-UHFFFAOYSA-N.cosmo
 Note: Gas phase energy file could not be found for compound 1 conformer 1
 Note: converting Gaussian COSMO-file information of compound 1 conformer 1
 
 Note: Vapor pressure / property file could not be found for compound 2
 Reading COSMO information for compound 2 conformer 1 from file /media/nastya/storage/Project_nastya/cosmo/QNAYBMKLOCPYGJ-UHFFFAOYSA-N.cosmo
 Note: Gas phase energy file could not be found for compound 2 conformer 1
 Note: converting Gaussian COSMO-file information of compound 2 conformer 1


 --- Compound 1 (BJEPYKJPYRNKOW-UHFFFAOYSA-N) ---

 Compound Information for compound 1 conformer 1 (COSMO file /media/nastya/storage/Project_nastya/cosmo/BJEPYKJPYRNKOW-UHFFFAOYSA-N.cosmo)
 Atomic weights         : 111111111111111
 E_COSMO+dE             :    -334099.8811 kcal/mol
 E_gas                  :    -334085.0840 kcal/mol
 E_COSMO-E_gas+dE       :        -14.7971 kcal/mol
 E_diel                 :        -22.2138 kcal/mol
 Averaging corr dE      :          1.1831 kcal/mol
 Area                   :        151.1022 A^2
 Volume                 :        144.7347 A^3
 Molecular Weight       :        134.0880 a.m.u.
 Total COSMO charge     :          0.0044 a.u.
 Dipole moment (t,x,y,z):          3.5165 -3.473566  0.433213 -0.335720 Debye                            
 Sigma moments (1-6)    :          0.0000  1.61E+02 -3.49E+01  3.32E+02 -1.99E+02  8.80E+02              
 H-bond moment (accept) :          4.7934
 H-bond moment (donor)  :         10.3965
 
 WARNING: QM computation level of compound 1 conformer 1 could not be determined - it may differ from the QM level of the parameter set.
 No gas phase energy for compound 1 conformer 1 specified, thus it will be estimated


 --- Compound 2 (QNAYBMKLOCPYGJ-UHFFFAOYSA-N) ---

 Compound Information for compound 2 conformer 1 (COSMO file /media/nastya/storage/Project_nastya/cosmo/QNAYBMKLOCPYGJ-UHFFFAOYSA-N.cosmo)
 Atomic weights         : 1111111111111
 E_COSMO+dE             :    -203251.4486 kcal/mol
 E_gas                  :    -203224.3729 kcal/mol
 E_COSMO-E_gas+dE       :        -27.0757 kcal/mol
 E_diel                 :        -39.7713 kcal/mol
 Averaging corr dE      :          0.7642 kcal/mol
 Area                   :        122.4946 A^2
 Volume                 :        109.9261 A^3
 Molecular Weight       :         89.0935 a.m.u.
 Total COSMO charge     :          0.0023 a.u.
 Dipole moment (t,x,y,z):         12.5275  1.20E+01 -3.380258 -1.285392 Debye                            
 Sigma moments (1-6)    :          0.0000  1.83E+02  4.74E+01  4.91E+02  2.04E+02  1.50E+03              
 H-bond moment (accept) :         15.7798
 H-bond moment (donor)  :          8.5012
 
 WARNING: QM computation level of compound 2 conformer 1 could not be determined - it may differ from the QM level of the parameter set.
 No gas phase energy for compound 2 conformer 1 specified, thus it will be estimated


 Total number of processed compounds:    2


----------------
 START job     1
----------------


 Results for mixture 1
 ---------------------
 Temperature          :    298.000 K
 Compound Nr.         :         1         2
 Compound             : BJEPYKJPY QNAYBMKLO
 Mole Fraction        :    0.5000    0.5000

 Compound: 1  (BJEPYKJPYRNKOW-UHFFFAOYSA-N)
 Chemical potential of the compound in the mixture :        -3.98281 kcal/mol
 Log10(partial pressure [mbar])                    :        -6.19829
 Free energy of molecule in mix (E_COSMO+dE+Mu)    :   -334103.86388 kcal/mol
 Total mean interaction energy in the mix (H_int)  :       -17.92051 kcal/mol
 Misfit interaction energy in the mix (H_MF)       :         2.37436 kcal/mol
 H-Bond interaction energy in the mix (H_HB)       :       -14.76856 kcal/mol
 VdW interaction energy in the mix (H_vdW)         :        -5.52630 kcal/mol

 Compound: 2  (QNAYBMKLOCPYGJ-UHFFFAOYSA-N)
 Chemical potential of the compound in the mixture :        -2.68109 kcal/mol
 Log10(partial pressure [mbar])                    :       -14.24848
 Free energy of molecule in mix (E_COSMO+dE+Mu)    :   -203254.12968 kcal/mol
 Total mean interaction energy in the mix (H_int)  :       -19.31515 kcal/mol
 Misfit interaction energy in the mix (H_MF)       :         1.95330 kcal/mol
 H-Bond interaction energy in the mix (H_HB)       :       -16.13552 kcal/mol
 VdW interaction energy in the mix (H_vdW)         :        -5.13294 kcal/mol



 Compound: 1 Conformer: 1 (BJEPYKJPYRNKOW-UHFFFAOYSA-N)
 Chemical potential of the molecule in the mixture :        -3.98281 kcal/mol
 Log10(partial pressure [mbar])                    :        -6.19829
 Free energy of molecule in mix (E_COSMO+dE+Mu)    :   -334103.86388 kcal/mol
 Total mean interaction energy in the mix          :       -17.92051 kcal/mol
 Misfit interaction energy in the mix              :         2.37436 kcal/mol
 H-Bond interaction energy in the mix              :       -14.76856 kcal/mol
 VdW interaction energy in the mix                 :        -5.52630 kcal/mol
 Normalized weight factor of molecule in compound  :         1.00000
 Normalized weight factor of molecule in gas phase :         1.00000

 Compound: 2 Conformer: 1 (QNAYBMKLOCPYGJ-UHFFFAOYSA-N)
 Chemical potential of the molecule in the mixture :        -2.68109 kcal/mol
 Log10(partial pressure [mbar])                    :       -14.24848
 Free energy of molecule in mix (E_COSMO+dE+Mu)    :   -203254.12968 kcal/mol
 Total mean interaction energy in the mix          :       -19.31515 kcal/mol
 Misfit interaction energy in the mix              :         1.95330 kcal/mol
 H-Bond interaction energy in the mix              :       -16.13552 kcal/mol
 VdW interaction energy in the mix                 :        -5.13294 kcal/mol
 Normalized weight factor of molecule in compound  :         1.00000
 Normalized weight factor of molecule in gas phase :         1.00000



 Note: Compound properties are tabulated in /media/nastya/storage/Project_nastya/mu_CA_05/BJEPYKJPYRNKOW-UHFFFAOYSA-N_QNAYBMKLOCPYGJ-UHFFFAOYSA-N.tab
----------------
 END job       1
----------------
