 -----------------------------------------------------------
 BIOVIA COSMOtherm Version 2019 (build: 19.0.5 [d8ec0c4a68])
 -----------------------------------------------------------

 Copyright (C) 1999-2019, Dassault Systemes BIOVIA corp, all rights reserved

 Job name   : !! generated by COSMOthermX !!
 Job date   : 08/28/2022
 Job time   : 21:44:45
 Hostname   : unknown
 OS type    : Windows_NT
 Executable : Windows 64-bit

 Reading COSMOtherm parameter file BP_TZVP_C30_1701.ctd from directory C:\Program Files\COSMOlogic\COSMOthermX19\COSMOtherm\CTDATA-FILES\OLDPARAM/
 Info: # COSMOtherm parameter file ./BP_TZVP_C30_1701.ctd for BP-TZVP optimized COSMO files                                                                  

 Reading COSMOtherm license key license.txt from directory C:\Program Files\COSMOlogic\COSMOthermX19\COSMOthermX\..\licensefiles/

 COSMOtherm license key expiration date 04/26/2025
 COSMOtherm license key version 21
 Customer : 200000000032966
 ID       : LKO1978637

 License keys:
  product                   |    licensed version    | status
 ------------------------------------------------------------------------------ 
  COSMOtherm                |          21            | active
  TURBOMOLE                 |          21            | active
 ------------------------------------------------------------------------------ 
 
 Note: Vapor pressure / property file could not be found for compound 1
 Reading COSMO information for compound 1 conformer 1 from file C:\Users\computer\Desktop\My\Research\DES\DES_MP_ML\cosmo_files\cosmo/DLFVBJFMPXGRIB-UHFFFAOYSA-N.cosmo
 Note: Gas phase energy file could not be found for compound 1 conformer 1
 Note: converting Gaussian COSMO-file information of compound 1 conformer 1
 
 Note: Vapor pressure / property file could not be found for compound 2
 Reading COSMO information for compound 2 conformer 1 from file C:\Users\computer\Desktop\My\Research\DES\DES_MP_ML\cosmo_files\cosmo/XWBDWHCCBGMXKG-UHFFFAOYSA-N.cosmo
 Note: Gas phase energy file could not be found for compound 2 conformer 1
 Note: converting Gaussian COSMO-file information of compound 2 conformer 1


 --- Compound 1 (DLFVBJFMPXGRIB-UHFFFAOYSA-N) ---

 Compound Information for compound 1 conformer 1 (COSMO file C:\Users\computer\Desktop\My\Research\DES\DES_MP_ML\cosmo_files\cosmo/DLFVBJFMPXGRIB-UHFFFAOYSA-N.cosmo)
 Atomic weights         : 111111111
 E_COSMO+dE             :    -131347.7502 kcal/mol
 E_gas                  :    -131337.3454 kcal/mol
 E_COSMO-E_gas+dE       :        -10.4048 kcal/mol
 E_diel                 :        -14.0144 kcal/mol
 Averaging corr dE      :          0.4928 kcal/mol
 Area                   :         96.7756 A^2
 Volume                 :         79.3091 A^3
 Molecular Weight       :         59.0674 a.m.u.
 Total COSMO charge     :         -0.0013 a.u.
 Dipole moment (t,x,y,z):          5.5317  0.366289 -5.519589  0.001702 Debye                            
 Sigma moments (1-6)    :          0.0000  8.21E+01  3.04E+01  1.62E+02  1.06E+02  3.89E+02              
 H-bond moment (accept) :          6.0756
 H-bond moment (donor)  :          2.2394
 
 WARNING: QM computation level of compound 1 conformer 1 could not be determined - it may differ from the QM level of the parameter set.
 No gas phase energy for compound 1 conformer 1 specified, thus it will be estimated


 --- Compound 2 (XWBDWHCCBGMXKG-UHFFFAOYSA-N) ---

 Compound Information for compound 2 conformer 1 (COSMO file C:\Users\computer\Desktop\My\Research\DES\DES_MP_ML\cosmo_files\cosmo/XWBDWHCCBGMXKG-UHFFFAOYSA-N.cosmo)
 Atomic weights         : 111111111111
 E_COSMO+dE             :    -374084.7020 kcal/mol
 E_gas                  :    -374059.1166 kcal/mol
 E_COSMO-E_gas+dE       :        -25.5854 kcal/mol
 E_diel                 :        -37.5197 kcal/mol
 Averaging corr dE      :          0.6784 kcal/mol
 Area                   :        129.7835 A^2
 Volume                 :        112.8892 A^3
 Molecular Weight       :         81.5451 a.m.u.
 Total COSMO charge     :          0.0061 a.u.
 Dipole moment (t,x,y,z):         12.8252  1.24E+01  3.338884 -0.010872 Debye                            
 Sigma moments (1-6)    :          0.0000  1.72E+02  2.96E+01  4.01E+02  3.89E+01  1.04E+03              
 H-bond moment (accept) :         12.8081
 H-bond moment (donor)  :          8.4381
 
 WARNING: QM computation level of compound 2 conformer 1 could not be determined - it may differ from the QM level of the parameter set.
 No gas phase energy for compound 2 conformer 1 specified, thus it will be estimated


 Total number of processed compounds:    2


----------------
 START job     1
----------------


 Results for mixture 1
 ---------------------
 Temperature          :    298.000 K
 Compound Nr.         :         1         2
 Compound             : DLFVBJFMP XWBDWHCCB
 Mole Fraction        :    0.5000    0.5000

 Compound: 1  (DLFVBJFMPXGRIB-UHFFFAOYSA-N)
 Chemical potential of the compound in the mixture :        -0.82535 kcal/mol
 Log10(partial pressure [mbar])                    :        -0.66147
 Free energy of molecule in mix (E_COSMO+dE+Mu)    :   -131348.57550 kcal/mol
 Total mean interaction energy in the mix (H_int)  :        -5.75098 kcal/mol
 Misfit interaction energy in the mix (H_MF)       :         2.16255 kcal/mol
 H-Bond interaction energy in the mix (H_HB)       :        -3.39994 kcal/mol
 VdW interaction energy in the mix (H_vdW)         :        -4.51359 kcal/mol

 Compound: 2  (XWBDWHCCBGMXKG-UHFFFAOYSA-N)
 Chemical potential of the compound in the mixture :        -1.33628 kcal/mol
 Log10(partial pressure [mbar])                    :       -12.16923
 Free energy of molecule in mix (E_COSMO+dE+Mu)    :   -374086.03825 kcal/mol
 Total mean interaction energy in the mix (H_int)  :       -11.58874 kcal/mol
 Misfit interaction energy in the mix (H_MF)       :         3.11668 kcal/mol
 H-Bond interaction energy in the mix (H_HB)       :        -8.02865 kcal/mol
 VdW interaction energy in the mix (H_vdW)         :        -6.67677 kcal/mol



 Compound: 1 Conformer: 1 (DLFVBJFMPXGRIB-UHFFFAOYSA-N)
 Chemical potential of the molecule in the mixture :        -0.82535 kcal/mol
 Log10(partial pressure [mbar])                    :        -0.66147
 Free energy of molecule in mix (E_COSMO+dE+Mu)    :   -131348.57550 kcal/mol
 Total mean interaction energy in the mix          :        -5.75098 kcal/mol
 Misfit interaction energy in the mix              :         2.16255 kcal/mol
 H-Bond interaction energy in the mix              :        -3.39994 kcal/mol
 VdW interaction energy in the mix                 :        -4.51359 kcal/mol
 Normalized weight factor of molecule in compound  :         1.00000
 Normalized weight factor of molecule in gas phase :         1.00000

 Compound: 2 Conformer: 1 (XWBDWHCCBGMXKG-UHFFFAOYSA-N)
 Chemical potential of the molecule in the mixture :        -1.33628 kcal/mol
 Log10(partial pressure [mbar])                    :       -12.16923
 Free energy of molecule in mix (E_COSMO+dE+Mu)    :   -374086.03825 kcal/mol
 Total mean interaction energy in the mix          :       -11.58874 kcal/mol
 Misfit interaction energy in the mix              :         3.11668 kcal/mol
 H-Bond interaction energy in the mix              :        -8.02865 kcal/mol
 VdW interaction energy in the mix                 :        -6.67677 kcal/mol
 Normalized weight factor of molecule in compound  :         1.00000
 Normalized weight factor of molecule in gas phase :         1.00000



 Note: Compound properties are tabulated in C:\Users\computer\COSMOlogicAppData\COSMOthermX19_1\temp\Temp_Project\DLFVBJFMPXGRIB-UHFFFAOYSA-N_XWBDWHCCBGMXKG-UHFFFAOYSA-N\DLFVBJFMPXGRIB-UHFFFAOYSA-N_XWBDWHCCBGMXKG-UHFFFAOYSA-N.tab
----------------
 END job       1
----------------
