 -----------------------------------------------------------
 BIOVIA COSMOtherm Version 2019 (build: 19.0.5 [65f0de1d5f])
 -----------------------------------------------------------

 Copyright (C) 1999-2019, Dassault Systemes BIOVIA corp, all rights reserved

 Job name   : !! generated by COSMOthermX !!
 Job date   : 10/20/2021
 Job time   : 17:32:34
 Hostname   : unknown
 OS type    : unknown
 Executable : Linux 64-bit

 Reading COSMOtherm parameter file BP_TZVP_C30_1701.ctd from directory /home/nastya/COSMOlogic/COSMOthermX19/COSMOtherm/CTDATA-FILES/OLDPARAM/
 Info: # COSMOtherm parameter file ./BP_TZVP_C30_1701.ctd for BP-TZVP optimized COSMO files                                                                  

 Reading COSMOtherm license key license.txt from directory /home/nastya/COSMOlogic/COSMOthermX19/licensefiles/

 COSMOtherm license key expiration date 01/16/2022
 COSMOtherm license key version 19.0
 Customer : TU Delft, Faculty of Applied Sciences
 ID       : 107270

 License keys:
  product                   |    licensed version    | status
 ------------------------------------------------------------------------------ 
  COSMOtherm                |          19.0          | active
  TURBOMOLE                 |          7.3           | active
 ------------------------------------------------------------------------------ 
 
 Note: Vapor pressure / property file could not be found for compound 1
 Reading COSMO information for compound 1 conformer 1 from file /media/nastya/storage/Project_nastya/cosmo/FBPFZTCFMRRESA-JGWLITMVSA-N.cosmo
 Note: Gas phase energy file could not be found for compound 1 conformer 1
 Note: converting Gaussian COSMO-file information of compound 1 conformer 1
 
 Note: Vapor pressure / property file could not be found for compound 2
 Reading COSMO information for compound 2 conformer 1 from file /media/nastya/storage/Project_nastya/cosmo/KWIUHFFTVRNATP-UHFFFAOYSA-N.cosmo
 Note: Gas phase energy file could not be found for compound 2 conformer 1
 Note: converting Gaussian COSMO-file information of compound 2 conformer 1


 --- Compound 1 (FBPFZTCFMRRESA-JGWLITMVSA-N) ---

 Compound Information for compound 1 conformer 1 (COSMO file /media/nastya/storage/Project_nastya/cosmo/FBPFZTCFMRRESA-JGWLITMVSA-N.cosmo)
 Atomic weights         : 11111111111111111111111111
 E_COSMO+dE             :    -432147.8074 kcal/mol
 E_gas                  :    -432130.8495 kcal/mol
 E_COSMO-E_gas+dE       :        -16.9578 kcal/mol
 E_diel                 :        -26.4710 kcal/mol
 Averaging corr dE      :          1.5719 kcal/mol
 Area                   :        197.9502 A^2
 Volume                 :        210.3738 A^3
 Molecular Weight       :        182.1725 a.m.u.
 Total COSMO charge     :          0.0060 a.u.
 Dipole moment (t,x,y,z):          7.1920  3.106065 -6.380204 -1.170307 Debye                            
 Sigma moments (1-6)    :          0.0000  1.91E+02  3.80E+01  3.75E+02  1.00E+02  9.00E+02              
 H-bond moment (accept) :         11.2361
 H-bond moment (donor)  :          7.5200
 
 WARNING: QM computation level of compound 1 conformer 1 could not be determined - it may differ from the QM level of the parameter set.
 No gas phase energy for compound 1 conformer 1 specified, thus it will be estimated


 --- Compound 2 (KWIUHFFTVRNATP-UHFFFAOYSA-N) ---

 Compound Information for compound 2 conformer 1 (COSMO file /media/nastya/storage/Project_nastya/cosmo/KWIUHFFTVRNATP-UHFFFAOYSA-N.cosmo)
 Atomic weights         : 1111111111111111111
 E_COSMO+dE             :    -252580.8433 kcal/mol
 E_gas                  :    -252553.4740 kcal/mol
 E_COSMO-E_gas+dE       :        -27.3693 kcal/mol
 E_diel                 :        -40.1242 kcal/mol
 Averaging corr dE      :          0.7176 kcal/mol
 Area                   :        154.0612 A^2
 Volume                 :        155.3798 A^3
 Molecular Weight       :        117.1469 a.m.u.
 Total COSMO charge     :          0.0039 a.u.
 Dipole moment (t,x,y,z):         15.1887  1.51E+01 -1.715292  0.002027 Debye                            
 Sigma moments (1-6)    :          0.0000  1.69E+02  1.64E+02  4.27E+02  6.97E+02  1.45E+03              
 H-bond moment (accept) :         19.6211
 H-bond moment (donor)  :          0.1747
 
 WARNING: QM computation level of compound 2 conformer 1 could not be determined - it may differ from the QM level of the parameter set.
 No gas phase energy for compound 2 conformer 1 specified, thus it will be estimated


 Total number of processed compounds:    2


----------------
 START job     1
----------------


 Results for mixture 1
 ---------------------
 Temperature          :    298.000 K
 Compound Nr.         :         1         2
 Compound             : FBPFZTCFM KWIUHFFTV
 Mole Fraction        :    0.5000    0.5000

 Compound: 1  (FBPFZTCFMRRESA-JGWLITMVSA-N)
 Chemical potential of the compound in the mixture :        -6.16882 kcal/mol
 Log10(partial pressure [mbar])                    :        -9.38608
 Free energy of molecule in mix (E_COSMO+dE+Mu)    :   -432153.97619 kcal/mol
 Total mean interaction energy in the mix (H_int)  :       -19.78911 kcal/mol
 Misfit interaction energy in the mix (H_MF)       :         3.87556 kcal/mol
 H-Bond interaction energy in the mix (H_HB)       :       -15.65735 kcal/mol
 VdW interaction energy in the mix (H_vdW)         :        -8.00732 kcal/mol

 Compound: 2  (KWIUHFFTVRNATP-UHFFFAOYSA-N)
 Chemical potential of the compound in the mixture :         1.78594 kcal/mol
 Log10(partial pressure [mbar])                    :       -11.18777
 Free energy of molecule in mix (E_COSMO+dE+Mu)    :   -252579.05734 kcal/mol
 Total mean interaction energy in the mix (H_int)  :       -13.26302 kcal/mol
 Misfit interaction energy in the mix (H_MF)       :         4.55483 kcal/mol
 H-Bond interaction energy in the mix (H_HB)       :       -11.21201 kcal/mol
 VdW interaction energy in the mix (H_vdW)         :        -6.60585 kcal/mol



 Compound: 1 Conformer: 1 (FBPFZTCFMRRESA-JGWLITMVSA-N)
 Chemical potential of the molecule in the mixture :        -6.16882 kcal/mol
 Log10(partial pressure [mbar])                    :        -9.38608
 Free energy of molecule in mix (E_COSMO+dE+Mu)    :   -432153.97619 kcal/mol
 Total mean interaction energy in the mix          :       -19.78911 kcal/mol
 Misfit interaction energy in the mix              :         3.87556 kcal/mol
 H-Bond interaction energy in the mix              :       -15.65735 kcal/mol
 VdW interaction energy in the mix                 :        -8.00732 kcal/mol
 Normalized weight factor of molecule in compound  :         1.00000
 Normalized weight factor of molecule in gas phase :         1.00000

 Compound: 2 Conformer: 1 (KWIUHFFTVRNATP-UHFFFAOYSA-N)
 Chemical potential of the molecule in the mixture :         1.78594 kcal/mol
 Log10(partial pressure [mbar])                    :       -11.18777
 Free energy of molecule in mix (E_COSMO+dE+Mu)    :   -252579.05734 kcal/mol
 Total mean interaction energy in the mix          :       -13.26302 kcal/mol
 Misfit interaction energy in the mix              :         4.55483 kcal/mol
 H-Bond interaction energy in the mix              :       -11.21201 kcal/mol
 VdW interaction energy in the mix                 :        -6.60585 kcal/mol
 Normalized weight factor of molecule in compound  :         1.00000
 Normalized weight factor of molecule in gas phase :         1.00000



 Note: Compound properties are tabulated in /media/nastya/storage/Project_nastya/mu_CA_05/FBPFZTCFMRRESA-JGWLITMVSA-N_KWIUHFFTVRNATP-UHFFFAOYSA-N.tab
----------------
 END job       1
----------------
