 -----------------------------------------------------------
 BIOVIA COSMOtherm Version 2019 (build: 19.0.5 [65f0de1d5f])
 -----------------------------------------------------------

 Copyright (C) 1999-2019, Dassault Systemes BIOVIA corp, all rights reserved

 Job name   : !! generated by COSMOthermX !!
 Job date   : 10/20/2021
 Job time   : 17:32:05
 Hostname   : unknown
 OS type    : unknown
 Executable : Linux 64-bit

 Reading COSMOtherm parameter file BP_TZVP_C30_1701.ctd from directory /home/nastya/COSMOlogic/COSMOthermX19/COSMOtherm/CTDATA-FILES/OLDPARAM/
 Info: # COSMOtherm parameter file ./BP_TZVP_C30_1701.ctd for BP-TZVP optimized COSMO files                                                                  

 Reading COSMOtherm license key license.txt from directory /home/nastya/COSMOlogic/COSMOthermX19/licensefiles/

 COSMOtherm license key expiration date 01/16/2022
 COSMOtherm license key version 19.0
 Customer : TU Delft, Faculty of Applied Sciences
 ID       : 107270

 License keys:
  product                   |    licensed version    | status
 ------------------------------------------------------------------------------ 
  COSMOtherm                |          19.0          | active
  TURBOMOLE                 |          7.3           | active
 ------------------------------------------------------------------------------ 
 
 Note: Vapor pressure / property file could not be found for compound 1
 Reading COSMO information for compound 1 conformer 1 from file /media/nastya/storage/Project_nastya/cosmo/IPCSVZSSVZVIGE-UHFFFAOYSA-N.cosmo
 Note: Gas phase energy file could not be found for compound 1 conformer 1
 Note: converting Gaussian COSMO-file information of compound 1 conformer 1
 
 Note: Vapor pressure / property file could not be found for compound 2
 Reading COSMO information for compound 2 conformer 1 from file /media/nastya/storage/Project_nastya/cosmo/HEFNNWSXXWATRW-UHFFFAOYSA-N.cosmo
 Note: Gas phase energy file could not be found for compound 2 conformer 1
 Note: converting Gaussian COSMO-file information of compound 2 conformer 1


 --- Compound 1 (IPCSVZSSVZVIGE-UHFFFAOYSA-N) ---

 Compound Information for compound 1 conformer 1 (COSMO file /media/nastya/storage/Project_nastya/cosmo/IPCSVZSSVZVIGE-UHFFFAOYSA-N.cosmo)
 Atomic weights         : 11111111111111111111111111111111111111111111111111
 E_COSMO+dE             :    -489285.3869 kcal/mol
 E_gas                  :    -489278.5545 kcal/mol
 E_COSMO-E_gas+dE       :         -6.8323 kcal/mol
 E_diel                 :         -9.1917 kcal/mol
 Averaging corr dE      :          0.6299 kcal/mol
 Area                   :        370.6735 A^2
 Volume                 :        382.3013 A^3
 Molecular Weight       :        256.4256 a.m.u.
 Total COSMO charge     :         -0.0084 a.u.
 Dipole moment (t,x,y,z):          2.9239  2.200857  0.248724 -1.908865 Debye                            
 Sigma moments (1-6)    :          0.0000  7.11E+01  4.312203  1.10E+02 -3.70E+01  2.63E+02              
 H-bond moment (accept) :          1.8280
 H-bond moment (donor)  :          3.0802
 
 WARNING: QM computation level of compound 1 conformer 1 could not be determined - it may differ from the QM level of the parameter set.
 No gas phase energy for compound 1 conformer 1 specified, thus it will be estimated


 --- Compound 2 (HEFNNWSXXWATRW-UHFFFAOYSA-N) ---

 Compound Information for compound 2 conformer 1 (COSMO file /media/nastya/storage/Project_nastya/cosmo/HEFNNWSXXWATRW-UHFFFAOYSA-N.cosmo)
 Atomic weights         : 111111111111111111111111111111111
 E_COSMO+dE             :    -412229.3612 kcal/mol
 E_gas                  :    -412221.4418 kcal/mol
 E_COSMO-E_gas+dE       :         -7.9194 kcal/mol
 E_diel                 :        -10.6830 kcal/mol
 Averaging corr dE      :          0.6404 kcal/mol
 Area                   :        256.5874 A^2
 Volume                 :        279.8755 A^3
 Molecular Weight       :        206.2820 a.m.u.
 Total COSMO charge     :         -0.0027 a.u.
 Dipole moment (t,x,y,z):          2.5554  1.065317 -1.104739  2.043154 Debye                            
 Sigma moments (1-6)    :          0.0000  7.86E+01 -3.156244  1.12E+02 -5.20E+01  2.69E+02              
 H-bond moment (accept) :          1.6159
 H-bond moment (donor)  :          3.2289
 
 WARNING: QM computation level of compound 2 conformer 1 could not be determined - it may differ from the QM level of the parameter set.
 No gas phase energy for compound 2 conformer 1 specified, thus it will be estimated


 Total number of processed compounds:    2


----------------
 START job     1
----------------


 Results for mixture 1
 ---------------------
 Temperature          :    298.000 K
 Compound Nr.         :         1         2
 Compound             : IPCSVZSSV HEFNNWSXX
 Mole Fraction        :    0.5000    0.5000

 Compound: 1  (IPCSVZSSVZVIGE-UHFFFAOYSA-N)
 Chemical potential of the compound in the mixture :        -9.67285 kcal/mol
 Log10(partial pressure [mbar])                    :        -4.53007
 Free energy of molecule in mix (E_COSMO+dE+Mu)    :   -489295.05972 kcal/mol
 Total mean interaction energy in the mix (H_int)  :       -18.27509 kcal/mol
 Misfit interaction energy in the mix (H_MF)       :         2.87209 kcal/mol
 H-Bond interaction energy in the mix (H_HB)       :        -3.37729 kcal/mol
 VdW interaction energy in the mix (H_vdW)         :       -17.76989 kcal/mol

 Compound: 2  (HEFNNWSXXWATRW-UHFFFAOYSA-N)
 Chemical potential of the compound in the mixture :        -5.59266 kcal/mol
 Log10(partial pressure [mbar])                    :        -3.16630
 Free energy of molecule in mix (E_COSMO+dE+Mu)    :   -412234.95386 kcal/mol
 Total mean interaction energy in the mix (H_int)  :       -12.69969 kcal/mol
 Misfit interaction energy in the mix (H_MF)       :         2.62175 kcal/mol
 H-Bond interaction energy in the mix (H_HB)       :        -3.24273 kcal/mol
 VdW interaction energy in the mix (H_vdW)         :       -12.07871 kcal/mol



 Compound: 1 Conformer: 1 (IPCSVZSSVZVIGE-UHFFFAOYSA-N)
 Chemical potential of the molecule in the mixture :        -9.67285 kcal/mol
 Log10(partial pressure [mbar])                    :        -4.53007
 Free energy of molecule in mix (E_COSMO+dE+Mu)    :   -489295.05972 kcal/mol
 Total mean interaction energy in the mix          :       -18.27509 kcal/mol
 Misfit interaction energy in the mix              :         2.87209 kcal/mol
 H-Bond interaction energy in the mix              :        -3.37729 kcal/mol
 VdW interaction energy in the mix                 :       -17.76989 kcal/mol
 Normalized weight factor of molecule in compound  :         1.00000
 Normalized weight factor of molecule in gas phase :         1.00000

 Compound: 2 Conformer: 1 (HEFNNWSXXWATRW-UHFFFAOYSA-N)
 Chemical potential of the molecule in the mixture :        -5.59266 kcal/mol
 Log10(partial pressure [mbar])                    :        -3.16630
 Free energy of molecule in mix (E_COSMO+dE+Mu)    :   -412234.95386 kcal/mol
 Total mean interaction energy in the mix          :       -12.69969 kcal/mol
 Misfit interaction energy in the mix              :         2.62175 kcal/mol
 H-Bond interaction energy in the mix              :        -3.24273 kcal/mol
 VdW interaction energy in the mix                 :       -12.07871 kcal/mol
 Normalized weight factor of molecule in compound  :         1.00000
 Normalized weight factor of molecule in gas phase :         1.00000



 Note: Compound properties are tabulated in /media/nastya/storage/Project_nastya/mu_CA_05/IPCSVZSSVZVIGE-UHFFFAOYSA-N_HEFNNWSXXWATRW-UHFFFAOYSA-N.tab
----------------
 END job       1
----------------
