 -----------------------------------------------------------
 BIOVIA COSMOtherm Version 2019 (build: 19.0.5 [65f0de1d5f])
 -----------------------------------------------------------

 Copyright (C) 1999-2019, Dassault Systemes BIOVIA corp, all rights reserved

 Job name   : !! generated by COSMOthermX !!
 Job date   : 10/20/2021
 Job time   : 17:32:20
 Hostname   : unknown
 OS type    : unknown
 Executable : Linux 64-bit

 Reading COSMOtherm parameter file BP_TZVP_C30_1701.ctd from directory /home/nastya/COSMOlogic/COSMOthermX19/COSMOtherm/CTDATA-FILES/OLDPARAM/
 Info: # COSMOtherm parameter file ./BP_TZVP_C30_1701.ctd for BP-TZVP optimized COSMO files                                                                  

 Reading COSMOtherm license key license.txt from directory /home/nastya/COSMOlogic/COSMOthermX19/licensefiles/

 COSMOtherm license key expiration date 01/16/2022
 COSMOtherm license key version 19.0
 Customer : TU Delft, Faculty of Applied Sciences
 ID       : 107270

 License keys:
  product                   |    licensed version    | status
 ------------------------------------------------------------------------------ 
  COSMOtherm                |          19.0          | active
  TURBOMOLE                 |          7.3           | active
 ------------------------------------------------------------------------------ 
 
 Note: Vapor pressure / property file could not be found for compound 1
 Reading COSMO information for compound 1 conformer 1 from file /media/nastya/storage/Project_nastya/cosmo/JGOAIQNSOGZNBX-UHFFFAOYSA-N.cosmo
 Note: Gas phase energy file could not be found for compound 1 conformer 1
 Note: converting Gaussian COSMO-file information of compound 1 conformer 1
 
 Note: Vapor pressure / property file could not be found for compound 2
 Reading COSMO information for compound 2 conformer 1 from file /media/nastya/storage/Project_nastya/cosmo/BSYNRYMUTXBXSQ-UHFFFAOYSA-N.cosmo
 Note: Gas phase energy file could not be found for compound 2 conformer 1
 Note: converting Gaussian COSMO-file information of compound 2 conformer 1


 --- Compound 1 (JGOAIQNSOGZNBX-UHFFFAOYSA-N) ---

 Compound Information for compound 1 conformer 1 (COSMO file /media/nastya/storage/Project_nastya/cosmo/JGOAIQNSOGZNBX-UHFFFAOYSA-N.cosmo)
 Atomic weights         : 111111111111111111111111111111111111111111111111
 E_COSMO+dE             :    -616656.3131 kcal/mol
 E_gas                  :    -616647.3650 kcal/mol
 E_COSMO-E_gas+dE       :         -8.9481 kcal/mol
 E_diel                 :        -12.2838 kcal/mol
 Averaging corr dE      :          0.7546 kcal/mol
 Area                   :        355.8614 A^2
 Volume                 :        413.0982 A^3
 Molecular Weight       :        311.4199 a.m.u.
 Total COSMO charge     :         -0.0057 a.u.
 Dipole moment (t,x,y,z):          3.9504 -1.060714  1.370021  3.550179 Debye                            
 Sigma moments (1-6)    :          0.0000  8.75E+01  3.14E+01  7.46E+01  7.35E+01  1.23E+02              
 H-bond moment (accept) :          2.2583
 H-bond moment (donor)  :          0.0000
 
 WARNING: QM computation level of compound 1 conformer 1 could not be determined - it may differ from the QM level of the parameter set.
 No gas phase energy for compound 1 conformer 1 specified, thus it will be estimated


 --- Compound 2 (BSYNRYMUTXBXSQ-UHFFFAOYSA-N) ---

 Compound Information for compound 2 conformer 1 (COSMO file /media/nastya/storage/Project_nastya/cosmo/BSYNRYMUTXBXSQ-UHFFFAOYSA-N.cosmo)
 Atomic weights         : 111111111111111111111
 E_COSMO+dE             :    -407222.2675 kcal/mol
 E_gas                  :    -407212.4772 kcal/mol
 E_COSMO-E_gas+dE       :         -9.7903 kcal/mol
 E_diel                 :        -13.4947 kcal/mol
 Averaging corr dE      :          0.7529 kcal/mol
 Area                   :        199.6929 A^2
 Volume                 :        205.4205 A^3
 Molecular Weight       :        180.1583 a.m.u.
 Total COSMO charge     :          0.0021 a.u.
 Dipole moment (t,x,y,z):          2.9372  2.299910  0.989224 -1.535928 Debye                            
 Sigma moments (1-6)    :          0.0000  9.35E+01 -4.680367  1.35E+02 -6.37E+01  3.12E+02              
 H-bond moment (accept) :          1.5569
 H-bond moment (donor)  :          3.5158
 
 WARNING: QM computation level of compound 2 conformer 1 could not be determined - it may differ from the QM level of the parameter set.
 No gas phase energy for compound 2 conformer 1 specified, thus it will be estimated


 Total number of processed compounds:    2


----------------
 START job     1
----------------


 Results for mixture 1
 ---------------------
 Temperature          :    298.000 K
 Compound Nr.         :         1         2
 Compound             : JGOAIQNSO BSYNRYMUT
 Mole Fraction        :    0.5000    0.5000

 Compound: 1  (JGOAIQNSOGZNBX-UHFFFAOYSA-N)
 Chemical potential of the compound in the mixture :        -7.50624 kcal/mol
 Log10(partial pressure [mbar])                    :        -6.15539
 Free energy of molecule in mix (E_COSMO+dE+Mu)    :   -616663.81932 kcal/mol
 Total mean interaction energy in the mix (H_int)  :       -14.05600 kcal/mol
 Misfit interaction energy in the mix (H_MF)       :         4.49768 kcal/mol
 H-Bond interaction energy in the mix (H_HB)       :        -1.46841 kcal/mol
 VdW interaction energy in the mix (H_vdW)         :       -17.08527 kcal/mol

 Compound: 2  (BSYNRYMUTXBXSQ-UHFFFAOYSA-N)
 Chemical potential of the compound in the mixture :        -3.21613 kcal/mol
 Log10(partial pressure [mbar])                    :        -2.79546
 Free energy of molecule in mix (E_COSMO+dE+Mu)    :   -407225.48364 kcal/mol
 Total mean interaction energy in the mix (H_int)  :        -9.04792 kcal/mol
 Misfit interaction energy in the mix (H_MF)       :         2.86660 kcal/mol
 H-Bond interaction energy in the mix (H_HB)       :        -2.82466 kcal/mol
 VdW interaction energy in the mix (H_vdW)         :        -9.08985 kcal/mol



 Compound: 1 Conformer: 1 (JGOAIQNSOGZNBX-UHFFFAOYSA-N)
 Chemical potential of the molecule in the mixture :        -7.50624 kcal/mol
 Log10(partial pressure [mbar])                    :        -6.15539
 Free energy of molecule in mix (E_COSMO+dE+Mu)    :   -616663.81932 kcal/mol
 Total mean interaction energy in the mix          :       -14.05600 kcal/mol
 Misfit interaction energy in the mix              :         4.49768 kcal/mol
 H-Bond interaction energy in the mix              :        -1.46841 kcal/mol
 VdW interaction energy in the mix                 :       -17.08527 kcal/mol
 Normalized weight factor of molecule in compound  :         1.00000
 Normalized weight factor of molecule in gas phase :         1.00000

 Compound: 2 Conformer: 1 (BSYNRYMUTXBXSQ-UHFFFAOYSA-N)
 Chemical potential of the molecule in the mixture :        -3.21613 kcal/mol
 Log10(partial pressure [mbar])                    :        -2.79546
 Free energy of molecule in mix (E_COSMO+dE+Mu)    :   -407225.48364 kcal/mol
 Total mean interaction energy in the mix          :        -9.04792 kcal/mol
 Misfit interaction energy in the mix              :         2.86660 kcal/mol
 H-Bond interaction energy in the mix              :        -2.82466 kcal/mol
 VdW interaction energy in the mix                 :        -9.08985 kcal/mol
 Normalized weight factor of molecule in compound  :         1.00000
 Normalized weight factor of molecule in gas phase :         1.00000



 Note: Compound properties are tabulated in /media/nastya/storage/Project_nastya/mu_CA_05/JGOAIQNSOGZNBX-UHFFFAOYSA-N_BSYNRYMUTXBXSQ-UHFFFAOYSA-N.tab
----------------
 END job       1
----------------
