 -----------------------------------------------------------
 BIOVIA COSMOtherm Version 2019 (build: 19.0.5 [65f0de1d5f])
 -----------------------------------------------------------

 Copyright (C) 1999-2019, Dassault Systemes BIOVIA corp, all rights reserved

 Job name   : !! generated by COSMOthermX !!
 Job date   : 10/20/2021
 Job time   : 17:31:34
 Hostname   : unknown
 OS type    : unknown
 Executable : Linux 64-bit

 Reading COSMOtherm parameter file BP_TZVP_C30_1701.ctd from directory /home/nastya/COSMOlogic/COSMOthermX19/COSMOtherm/CTDATA-FILES/OLDPARAM/
 Info: # COSMOtherm parameter file ./BP_TZVP_C30_1701.ctd for BP-TZVP optimized COSMO files                                                                  

 Reading COSMOtherm license key license.txt from directory /home/nastya/COSMOlogic/COSMOthermX19/licensefiles/

 COSMOtherm license key expiration date 01/16/2022
 COSMOtherm license key version 19.0
 Customer : TU Delft, Faculty of Applied Sciences
 ID       : 107270

 License keys:
  product                   |    licensed version    | status
 ------------------------------------------------------------------------------ 
  COSMOtherm                |          19.0          | active
  TURBOMOLE                 |          7.3           | active
 ------------------------------------------------------------------------------ 
 
 Note: Vapor pressure / property file could not be found for compound 1
 Reading COSMO information for compound 1 conformer 1 from file /media/nastya/storage/Project_nastya/cosmo/JVTAAEKCZFNVCJ-UHFFFAOYSA-N.cosmo
 Note: Gas phase energy file could not be found for compound 1 conformer 1
 Note: converting Gaussian COSMO-file information of compound 1 conformer 1
 
 Note: Vapor pressure / property file could not be found for compound 2
 Reading COSMO information for compound 2 conformer 1 from file /media/nastya/storage/Project_nastya/cosmo/YTRIOKYQEVFKGU-UHFFFAOYSA-M.cosmo
 Note: Gas phase energy file could not be found for compound 2 conformer 1
 Note: converting Gaussian COSMO-file information of compound 2 conformer 1


 --- Compound 1 (JVTAAEKCZFNVCJ-UHFFFAOYSA-N) ---

 Compound Information for compound 1 conformer 1 (COSMO file /media/nastya/storage/Project_nastya/cosmo/JVTAAEKCZFNVCJ-UHFFFAOYSA-N.cosmo)
 Atomic weights         : 111111111111
 E_COSMO+dE             :    -215715.9293 kcal/mol
 E_gas                  :    -215707.1507 kcal/mol
 E_COSMO-E_gas+dE       :         -8.7786 kcal/mol
 E_diel                 :        -12.1137 kcal/mol
 Averaging corr dE      :          0.8045 kcal/mol
 Area                   :        120.2974 A^2
 Volume                 :        106.9309 A^3
 Molecular Weight       :         90.0783 a.m.u.
 Total COSMO charge     :          0.0019 a.u.
 Dipole moment (t,x,y,z):          1.9919 -0.844347  1.558418 -0.908996 Debye                            
 Sigma moments (1-6)    :          0.0000  9.53E+01 -9.153887  1.83E+02 -8.17E+01  4.59E+02              
 H-bond moment (accept) :          3.0367
 H-bond moment (donor)  :          5.3216
 
 WARNING: QM computation level of compound 1 conformer 1 could not be determined - it may differ from the QM level of the parameter set.
 No gas phase energy for compound 1 conformer 1 specified, thus it will be estimated


 --- Compound 2 (YTRIOKYQEVFKGU-UHFFFAOYSA-M) ---

 Compound Information for compound 2 conformer 1 (COSMO file /media/nastya/storage/Project_nastya/cosmo/YTRIOKYQEVFKGU-UHFFFAOYSA-M.cosmo)
 Atomic weights         : 1111111111111111111111111111111111111111111111
 E_COSMO+dE             :    -716489.1214 kcal/mol
 E_gas                  :    -716461.3689 kcal/mol
 E_COSMO-E_gas+dE       :        -27.7525 kcal/mol
 E_diel                 :        -40.5949 kcal/mol
 Averaging corr dE      :          0.6640 kcal/mol
 Area                   :        315.9410 A^2
 Volume                 :        385.1216 A^3
 Molecular Weight       :        269.8549 a.m.u.
 Total COSMO charge     :          0.0088 a.u.
 Dipole moment (t,x,y,z):         17.5527  1.39E+01 -0.254283  1.08E+01 Debye                            
 Sigma moments (1-6)    :          0.0000  1.77E+02  1.83E+02  4.19E+02  6.93E+02  1.35E+03              
 H-bond moment (accept) :         21.2684
 H-bond moment (donor)  :          0.0515
 
 WARNING: QM computation level of compound 2 conformer 1 could not be determined - it may differ from the QM level of the parameter set.
 No gas phase energy for compound 2 conformer 1 specified, thus it will be estimated


 Total number of processed compounds:    2


----------------
 START job     1
----------------


 Results for mixture 1
 ---------------------
 Temperature          :    298.000 K
 Compound Nr.         :         1         2
 Compound             : JVTAAEKCZ YTRIOKYQE
 Mole Fraction        :    0.5000    0.5000

 Compound: 1  (JVTAAEKCZFNVCJ-UHFFFAOYSA-N)
 Chemical potential of the compound in the mixture :        -5.16295 kcal/mol
 Log10(partial pressure [mbar])                    :        -2.64995
 Free energy of molecule in mix (E_COSMO+dE+Mu)    :   -215721.09223 kcal/mol
 Total mean interaction energy in the mix (H_int)  :       -11.05950 kcal/mol
 Misfit interaction energy in the mix (H_MF)       :         2.23691 kcal/mol
 H-Bond interaction energy in the mix (H_HB)       :        -7.90586 kcal/mol
 VdW interaction energy in the mix (H_vdW)         :        -5.39055 kcal/mol

 Compound: 2  (YTRIOKYQEVFKGU-UHFFFAOYSA-M)
 Chemical potential of the compound in the mixture :        -1.14485 kcal/mol
 Log10(partial pressure [mbar])                    :       -14.44946
 Free energy of molecule in mix (E_COSMO+dE+Mu)    :   -716490.26622 kcal/mol
 Total mean interaction energy in the mix (H_int)  :       -16.61663 kcal/mol
 Misfit interaction energy in the mix (H_MF)       :         7.44149 kcal/mol
 H-Bond interaction energy in the mix (H_HB)       :        -8.26837 kcal/mol
 VdW interaction energy in the mix (H_vdW)         :       -15.78975 kcal/mol



 Compound: 1 Conformer: 1 (JVTAAEKCZFNVCJ-UHFFFAOYSA-N)
 Chemical potential of the molecule in the mixture :        -5.16295 kcal/mol
 Log10(partial pressure [mbar])                    :        -2.64995
 Free energy of molecule in mix (E_COSMO+dE+Mu)    :   -215721.09223 kcal/mol
 Total mean interaction energy in the mix          :       -11.05950 kcal/mol
 Misfit interaction energy in the mix              :         2.23691 kcal/mol
 H-Bond interaction energy in the mix              :        -7.90586 kcal/mol
 VdW interaction energy in the mix                 :        -5.39055 kcal/mol
 Normalized weight factor of molecule in compound  :         1.00000
 Normalized weight factor of molecule in gas phase :         1.00000

 Compound: 2 Conformer: 1 (YTRIOKYQEVFKGU-UHFFFAOYSA-M)
 Chemical potential of the molecule in the mixture :        -1.14485 kcal/mol
 Log10(partial pressure [mbar])                    :       -14.44946
 Free energy of molecule in mix (E_COSMO+dE+Mu)    :   -716490.26622 kcal/mol
 Total mean interaction energy in the mix          :       -16.61663 kcal/mol
 Misfit interaction energy in the mix              :         7.44149 kcal/mol
 H-Bond interaction energy in the mix              :        -8.26837 kcal/mol
 VdW interaction energy in the mix                 :       -15.78975 kcal/mol
 Normalized weight factor of molecule in compound  :         1.00000
 Normalized weight factor of molecule in gas phase :         1.00000



 Note: Compound properties are tabulated in /media/nastya/storage/Project_nastya/mu_CA_05/JVTAAEKCZFNVCJ-UHFFFAOYSA-N_YTRIOKYQEVFKGU-UHFFFAOYSA-M.tab
----------------
 END job       1
----------------
