 -----------------------------------------------------------
 BIOVIA COSMOtherm Version 2019 (build: 19.0.5 [65f0de1d5f])
 -----------------------------------------------------------

 Copyright (C) 1999-2019, Dassault Systemes BIOVIA corp, all rights reserved

 Job name   : !! generated by COSMOthermX !!
 Job date   : 10/20/2021
 Job time   : 17:31:34
 Hostname   : unknown
 OS type    : unknown
 Executable : Linux 64-bit

 Reading COSMOtherm parameter file BP_TZVP_C30_1701.ctd from directory /home/nastya/COSMOlogic/COSMOthermX19/COSMOtherm/CTDATA-FILES/OLDPARAM/
 Info: # COSMOtherm parameter file ./BP_TZVP_C30_1701.ctd for BP-TZVP optimized COSMO files                                                                  

 Reading COSMOtherm license key license.txt from directory /home/nastya/COSMOlogic/COSMOthermX19/licensefiles/

 COSMOtherm license key expiration date 01/16/2022
 COSMOtherm license key version 19.0
 Customer : TU Delft, Faculty of Applied Sciences
 ID       : 107270

 License keys:
  product                   |    licensed version    | status
 ------------------------------------------------------------------------------ 
  COSMOtherm                |          19.0          | active
  TURBOMOLE                 |          7.3           | active
 ------------------------------------------------------------------------------ 
 
 Note: Vapor pressure / property file could not be found for compound 1
 Reading COSMO information for compound 1 conformer 1 from file /media/nastya/storage/Project_nastya/cosmo/JVTAAEKCZFNVCJ-UHFFFAOYSA-N.cosmo
 Note: Gas phase energy file could not be found for compound 1 conformer 1
 Note: converting Gaussian COSMO-file information of compound 1 conformer 1
 
 Note: Vapor pressure / property file could not be found for compound 2
 Reading COSMO information for compound 2 conformer 1 from file /media/nastya/storage/Project_nastya/cosmo/QNAYBMKLOCPYGJ-UHFFFAOYSA-N.cosmo
 Note: Gas phase energy file could not be found for compound 2 conformer 1
 Note: converting Gaussian COSMO-file information of compound 2 conformer 1


 --- Compound 1 (JVTAAEKCZFNVCJ-UHFFFAOYSA-N) ---

 Compound Information for compound 1 conformer 1 (COSMO file /media/nastya/storage/Project_nastya/cosmo/JVTAAEKCZFNVCJ-UHFFFAOYSA-N.cosmo)
 Atomic weights         : 111111111111
 E_COSMO+dE             :    -215715.9293 kcal/mol
 E_gas                  :    -215707.1507 kcal/mol
 E_COSMO-E_gas+dE       :         -8.7786 kcal/mol
 E_diel                 :        -12.1137 kcal/mol
 Averaging corr dE      :          0.8045 kcal/mol
 Area                   :        120.2974 A^2
 Volume                 :        106.9309 A^3
 Molecular Weight       :         90.0783 a.m.u.
 Total COSMO charge     :          0.0019 a.u.
 Dipole moment (t,x,y,z):          1.9919 -0.844347  1.558418 -0.908996 Debye                            
 Sigma moments (1-6)    :          0.0000  9.53E+01 -9.153887  1.83E+02 -8.17E+01  4.59E+02              
 H-bond moment (accept) :          3.0367
 H-bond moment (donor)  :          5.3216
 
 WARNING: QM computation level of compound 1 conformer 1 could not be determined - it may differ from the QM level of the parameter set.
 No gas phase energy for compound 1 conformer 1 specified, thus it will be estimated


 --- Compound 2 (QNAYBMKLOCPYGJ-UHFFFAOYSA-N) ---

 Compound Information for compound 2 conformer 1 (COSMO file /media/nastya/storage/Project_nastya/cosmo/QNAYBMKLOCPYGJ-UHFFFAOYSA-N.cosmo)
 Atomic weights         : 1111111111111
 E_COSMO+dE             :    -203251.4486 kcal/mol
 E_gas                  :    -203224.3729 kcal/mol
 E_COSMO-E_gas+dE       :        -27.0757 kcal/mol
 E_diel                 :        -39.7713 kcal/mol
 Averaging corr dE      :          0.7642 kcal/mol
 Area                   :        122.4946 A^2
 Volume                 :        109.9261 A^3
 Molecular Weight       :         89.0935 a.m.u.
 Total COSMO charge     :          0.0023 a.u.
 Dipole moment (t,x,y,z):         12.5275  1.20E+01 -3.380258 -1.285392 Debye                            
 Sigma moments (1-6)    :          0.0000  1.83E+02  4.74E+01  4.91E+02  2.04E+02  1.50E+03              
 H-bond moment (accept) :         15.7798
 H-bond moment (donor)  :          8.5012
 
 WARNING: QM computation level of compound 2 conformer 1 could not be determined - it may differ from the QM level of the parameter set.
 No gas phase energy for compound 2 conformer 1 specified, thus it will be estimated


 Total number of processed compounds:    2


----------------
 START job     1
----------------


 Results for mixture 1
 ---------------------
 Temperature          :    298.000 K
 Compound Nr.         :         1         2
 Compound             : JVTAAEKCZ QNAYBMKLO
 Mole Fraction        :    0.5000    0.5000

 Compound: 1  (JVTAAEKCZFNVCJ-UHFFFAOYSA-N)
 Chemical potential of the compound in the mixture :        -3.11446 kcal/mol
 Log10(partial pressure [mbar])                    :        -1.14764
 Free energy of molecule in mix (E_COSMO+dE+Mu)    :   -215719.04374 kcal/mol
 Total mean interaction energy in the mix (H_int)  :       -10.74492 kcal/mol
 Misfit interaction energy in the mix (H_MF)       :         2.02231 kcal/mol
 H-Bond interaction energy in the mix (H_HB)       :        -7.85377 kcal/mol
 VdW interaction energy in the mix (H_vdW)         :        -4.91346 kcal/mol

 Compound: 2  (QNAYBMKLOCPYGJ-UHFFFAOYSA-N)
 Chemical potential of the compound in the mixture :        -1.88653 kcal/mol
 Log10(partial pressure [mbar])                    :       -13.66577
 Free energy of molecule in mix (E_COSMO+dE+Mu)    :   -203253.33512 kcal/mol
 Total mean interaction energy in the mix (H_int)  :       -17.25261 kcal/mol
 Misfit interaction energy in the mix (H_MF)       :         2.07147 kcal/mol
 H-Bond interaction energy in the mix (H_HB)       :       -14.06688 kcal/mol
 VdW interaction energy in the mix (H_vdW)         :        -5.25720 kcal/mol



 Compound: 1 Conformer: 1 (JVTAAEKCZFNVCJ-UHFFFAOYSA-N)
 Chemical potential of the molecule in the mixture :        -3.11446 kcal/mol
 Log10(partial pressure [mbar])                    :        -1.14764
 Free energy of molecule in mix (E_COSMO+dE+Mu)    :   -215719.04374 kcal/mol
 Total mean interaction energy in the mix          :       -10.74492 kcal/mol
 Misfit interaction energy in the mix              :         2.02231 kcal/mol
 H-Bond interaction energy in the mix              :        -7.85377 kcal/mol
 VdW interaction energy in the mix                 :        -4.91346 kcal/mol
 Normalized weight factor of molecule in compound  :         1.00000
 Normalized weight factor of molecule in gas phase :         1.00000

 Compound: 2 Conformer: 1 (QNAYBMKLOCPYGJ-UHFFFAOYSA-N)
 Chemical potential of the molecule in the mixture :        -1.88653 kcal/mol
 Log10(partial pressure [mbar])                    :       -13.66577
 Free energy of molecule in mix (E_COSMO+dE+Mu)    :   -203253.33512 kcal/mol
 Total mean interaction energy in the mix          :       -17.25261 kcal/mol
 Misfit interaction energy in the mix              :         2.07147 kcal/mol
 H-Bond interaction energy in the mix              :       -14.06688 kcal/mol
 VdW interaction energy in the mix                 :        -5.25720 kcal/mol
 Normalized weight factor of molecule in compound  :         1.00000
 Normalized weight factor of molecule in gas phase :         1.00000



 Note: Compound properties are tabulated in /media/nastya/storage/Project_nastya/mu_CA_05/JVTAAEKCZFNVCJ-UHFFFAOYSA-N_QNAYBMKLOCPYGJ-UHFFFAOYSA-N.tab
----------------
 END job       1
----------------
