 -----------------------------------------------------------
 BIOVIA COSMOtherm Version 2019 (build: 19.0.5 [65f0de1d5f])
 -----------------------------------------------------------

 Copyright (C) 1999-2019, Dassault Systemes BIOVIA corp, all rights reserved

 Job name   : !! generated by COSMOthermX !!
 Job date   : 10/20/2021
 Job time   : 17:32:47
 Hostname   : unknown
 OS type    : unknown
 Executable : Linux 64-bit

 Reading COSMOtherm parameter file BP_TZVP_C30_1701.ctd from directory /home/nastya/COSMOlogic/COSMOthermX19/COSMOtherm/CTDATA-FILES/OLDPARAM/
 Info: # COSMOtherm parameter file ./BP_TZVP_C30_1701.ctd for BP-TZVP optimized COSMO files                                                                  

 Reading COSMOtherm license key license.txt from directory /home/nastya/COSMOlogic/COSMOthermX19/licensefiles/

 COSMOtherm license key expiration date 01/16/2022
 COSMOtherm license key version 19.0
 Customer : TU Delft, Faculty of Applied Sciences
 ID       : 107270

 License keys:
  product                   |    licensed version    | status
 ------------------------------------------------------------------------------ 
  COSMOtherm                |          19.0          | active
  TURBOMOLE                 |          7.3           | active
 ------------------------------------------------------------------------------ 
 
 Note: Vapor pressure / property file could not be found for compound 1
 Reading COSMO information for compound 1 conformer 1 from file /media/nastya/storage/Project_nastya/cosmo/LYCAIKOWRPUZTN-UHFFFAOYSA-N.cosmo
 Note: Gas phase energy file could not be found for compound 1 conformer 1
 Note: converting Gaussian COSMO-file information of compound 1 conformer 1
 
 Note: Vapor pressure / property file could not be found for compound 2
 Reading COSMO information for compound 2 conformer 1 from file /media/nastya/storage/Project_nastya/cosmo/QLKGUVGAXDXFFW-UHFFFAOYSA-M.cosmo
 Note: Gas phase energy file could not be found for compound 2 conformer 1
 Note: converting Gaussian COSMO-file information of compound 2 conformer 1


 --- Compound 1 (LYCAIKOWRPUZTN-UHFFFAOYSA-N) ---

 Compound Information for compound 1 conformer 1 (COSMO file /media/nastya/storage/Project_nastya/cosmo/LYCAIKOWRPUZTN-UHFFFAOYSA-N.cosmo)
 Atomic weights         : 1111111111
 E_COSMO+dE             :    -144549.2569 kcal/mol
 E_gas                  :    -144541.3854 kcal/mol
 E_COSMO-E_gas+dE       :         -7.8715 kcal/mol
 E_diel                 :        -10.6996 kcal/mol
 Averaging corr dE      :          0.7003 kcal/mol
 Area                   :         99.4396 A^2
 Volume                 :         81.1295 A^3
 Molecular Weight       :         62.0681 a.m.u.
 Total COSMO charge     :         -0.0029 a.u.
 Dipole moment (t,x,y,z):          0.0208  0.001221  0.000216 -0.020802 Debye                            
 Sigma moments (1-6)    :          0.0000  8.67E+01  1.84E+01  1.76E+02  4.89E+01  4.27E+02              
 H-bond moment (accept) :          5.3810
 H-bond moment (donor)  :          3.6973
 
 WARNING: QM computation level of compound 1 conformer 1 could not be determined - it may differ from the QM level of the parameter set.
 No gas phase energy for compound 1 conformer 1 specified, thus it will be estimated


 --- Compound 2 (QLKGUVGAXDXFFW-UHFFFAOYSA-M) ---

 Compound Information for compound 2 conformer 1 (COSMO file /media/nastya/storage/Project_nastya/cosmo/QLKGUVGAXDXFFW-UHFFFAOYSA-M.cosmo)
 Atomic weights         : 1111111111111111111111111111
 E_COSMO+dE             :    -349914.6704 kcal/mol
 E_gas                  :    -349890.3387 kcal/mol
 E_COSMO-E_gas+dE       :        -24.3317 kcal/mol
 E_diel                 :        -36.0707 kcal/mol
 Averaging corr dE      :          0.9178 kcal/mol
 Area                   :        204.9913 A^2
 Volume                 :        221.5786 A^3
 Molecular Weight       :        163.2156 a.m.u.
 Total COSMO charge     :          0.0030 a.u.
 Dipole moment (t,x,y,z):         14.9966  1.36E+01 -6.369518  0.116156 Debye                            
 Sigma moments (1-6)    :          0.0000  1.59E+02  1.21E+02  3.22E+02  4.61E+02  9.39E+02              
 H-bond moment (accept) :         14.1385
 H-bond moment (donor)  :          0.1641
 
 WARNING: QM computation level of compound 2 conformer 1 could not be determined - it may differ from the QM level of the parameter set.
 No gas phase energy for compound 2 conformer 1 specified, thus it will be estimated


 Total number of processed compounds:    2


----------------
 START job     1
----------------


 Results for mixture 1
 ---------------------
 Temperature          :    298.000 K
 Compound Nr.         :         1         2
 Compound             : LYCAIKOWR QLKGUVGAX
 Mole Fraction        :    0.5000    0.5000

 Compound: 1  (LYCAIKOWRPUZTN-UHFFFAOYSA-N)
 Chemical potential of the compound in the mixture :        -3.66849 kcal/mol
 Log10(partial pressure [mbar])                    :        -0.88872
 Free energy of molecule in mix (E_COSMO+dE+Mu)    :   -144552.92537 kcal/mol
 Total mean interaction energy in the mix (H_int)  :        -9.64361 kcal/mol
 Misfit interaction energy in the mix (H_MF)       :         1.83184 kcal/mol
 H-Bond interaction energy in the mix (H_HB)       :        -7.16296 kcal/mol
 VdW interaction energy in the mix (H_vdW)         :        -4.31250 kcal/mol

 Compound: 2  (QLKGUVGAXDXFFW-UHFFFAOYSA-M)
 Chemical potential of the compound in the mixture :         0.46436 kcal/mol
 Log10(partial pressure [mbar])                    :        -9.92929
 Free energy of molecule in mix (E_COSMO+dE+Mu)    :   -349914.20607 kcal/mol
 Total mean interaction energy in the mix (H_int)  :       -10.77998 kcal/mol
 Misfit interaction energy in the mix (H_MF)       :         4.77003 kcal/mol
 H-Bond interaction energy in the mix (H_HB)       :        -6.33499 kcal/mol
 VdW interaction energy in the mix (H_vdW)         :        -9.21502 kcal/mol



 Compound: 1 Conformer: 1 (LYCAIKOWRPUZTN-UHFFFAOYSA-N)
 Chemical potential of the molecule in the mixture :        -3.66849 kcal/mol
 Log10(partial pressure [mbar])                    :        -0.88872
 Free energy of molecule in mix (E_COSMO+dE+Mu)    :   -144552.92537 kcal/mol
 Total mean interaction energy in the mix          :        -9.64361 kcal/mol
 Misfit interaction energy in the mix              :         1.83184 kcal/mol
 H-Bond interaction energy in the mix              :        -7.16296 kcal/mol
 VdW interaction energy in the mix                 :        -4.31250 kcal/mol
 Normalized weight factor of molecule in compound  :         1.00000
 Normalized weight factor of molecule in gas phase :         1.00000

 Compound: 2 Conformer: 1 (QLKGUVGAXDXFFW-UHFFFAOYSA-M)
 Chemical potential of the molecule in the mixture :         0.46436 kcal/mol
 Log10(partial pressure [mbar])                    :        -9.92929
 Free energy of molecule in mix (E_COSMO+dE+Mu)    :   -349914.20607 kcal/mol
 Total mean interaction energy in the mix          :       -10.77998 kcal/mol
 Misfit interaction energy in the mix              :         4.77003 kcal/mol
 H-Bond interaction energy in the mix              :        -6.33499 kcal/mol
 VdW interaction energy in the mix                 :        -9.21502 kcal/mol
 Normalized weight factor of molecule in compound  :         1.00000
 Normalized weight factor of molecule in gas phase :         1.00000



 Note: Compound properties are tabulated in /media/nastya/storage/Project_nastya/mu_CA_05/LYCAIKOWRPUZTN-UHFFFAOYSA-N_QLKGUVGAXDXFFW-UHFFFAOYSA-M.tab
----------------
 END job       1
----------------
