 -----------------------------------------------------------
 BIOVIA COSMOtherm Version 2019 (build: 19.0.5 [65f0de1d5f])
 -----------------------------------------------------------

 Copyright (C) 1999-2019, Dassault Systemes BIOVIA corp, all rights reserved

 Job name   : !! generated by COSMOthermX !!
 Job date   : 10/20/2021
 Job time   : 17:32:20
 Hostname   : unknown
 OS type    : unknown
 Executable : Linux 64-bit

 Reading COSMOtherm parameter file BP_TZVP_C30_1701.ctd from directory /home/nastya/COSMOlogic/COSMOthermX19/COSMOtherm/CTDATA-FILES/OLDPARAM/
 Info: # COSMOtherm parameter file ./BP_TZVP_C30_1701.ctd for BP-TZVP optimized COSMO files                                                                  

 Reading COSMOtherm license key license.txt from directory /home/nastya/COSMOlogic/COSMOthermX19/licensefiles/

 COSMOtherm license key expiration date 01/16/2022
 COSMOtherm license key version 19.0
 Customer : TU Delft, Faculty of Applied Sciences
 ID       : 107270

 License keys:
  product                   |    licensed version    | status
 ------------------------------------------------------------------------------ 
  COSMOtherm                |          19.0          | active
  TURBOMOLE                 |          7.3           | active
 ------------------------------------------------------------------------------ 
 
 Note: Vapor pressure / property file could not be found for compound 1
 Reading COSMO information for compound 1 conformer 1 from file /media/nastya/storage/Project_nastya/cosmo/MGJKQDOBUOMPEZ-UHFFFAOYSA-N.cosmo
 Note: Gas phase energy file could not be found for compound 1 conformer 1
 Note: converting Gaussian COSMO-file information of compound 1 conformer 1
 
 Note: Vapor pressure / property file could not be found for compound 2
 Reading COSMO information for compound 2 conformer 1 from file /media/nastya/storage/Project_nastya/cosmo/HWCKGOZZJDHMNC-UHFFFAOYSA-M.cosmo
 Note: Gas phase energy file could not be found for compound 2 conformer 1
 Note: converting Gaussian COSMO-file information of compound 2 conformer 1


 --- Compound 1 (MGJKQDOBUOMPEZ-UHFFFAOYSA-N) ---

 Compound Information for compound 1 conformer 1 (COSMO file /media/nastya/storage/Project_nastya/cosmo/MGJKQDOBUOMPEZ-UHFFFAOYSA-N.cosmo)
 Atomic weights         : 11111111111111
 E_COSMO+dE             :    -190771.3818 kcal/mol
 E_gas                  :    -190760.1332 kcal/mol
 E_COSMO-E_gas+dE       :        -11.2486 kcal/mol
 E_diel                 :        -15.4280 kcal/mol
 Averaging corr dE      :          0.5934 kcal/mol
 Area                   :        131.5352 A^2
 Volume                 :        116.6579 A^3
 Molecular Weight       :         88.1088 a.m.u.
 Total COSMO charge     :         -0.0018 a.u.
 Dipole moment (t,x,y,z):          5.8092 -0.003948 -5.809169 -0.008690 Debye                            
 Sigma moments (1-6)    :          0.0000  8.94E+01  3.67E+01  1.85E+02  1.30E+02  4.79E+02              
 H-bond moment (accept) :          6.8407
 H-bond moment (donor)  :          2.7386
 
 WARNING: QM computation level of compound 1 conformer 1 could not be determined - it may differ from the QM level of the parameter set.
 No gas phase energy for compound 1 conformer 1 specified, thus it will be estimated


 --- Compound 2 (HWCKGOZZJDHMNC-UHFFFAOYSA-M) ---

 Compound Information for compound 2 conformer 1 (COSMO file /media/nastya/storage/Project_nastya/cosmo/HWCKGOZZJDHMNC-UHFFFAOYSA-M.cosmo)
 Atomic weights         : 111111111111111111111111111111
 E_COSMO+dE             :   -1848780.5017 kcal/mol
 E_gas                  :   -1848752.6625 kcal/mol
 E_COSMO-E_gas+dE       :        -27.8392 kcal/mol
 E_diel                 :        -40.5118 kcal/mol
 Averaging corr dE      :          0.5191 kcal/mol
 Area                   :        217.9637 A^2
 Volume                 :        246.3720 A^3
 Molecular Weight       :        210.1560 a.m.u.
 Total COSMO charge     :          0.0093 a.u.
 Dipole moment (t,x,y,z):         18.4992  1.84E+01  1.453623 -0.300269 Debye                            
 Sigma moments (1-6)    :          0.0000  1.54E+02  1.41E+02  2.94E+02  4.16E+02  7.08E+02              
 H-bond moment (accept) :         15.8609
 H-bond moment (donor)  :          0.0002
 
 WARNING: QM computation level of compound 2 conformer 1 could not be determined - it may differ from the QM level of the parameter set.
 No gas phase energy for compound 2 conformer 1 specified, thus it will be estimated


 Total number of processed compounds:    2


----------------
 START job     1
----------------


 Results for mixture 1
 ---------------------
 Temperature          :    298.000 K
 Compound Nr.         :         1         2
 Compound             : MGJKQDOBU HWCKGOZZJ
 Mole Fraction        :    0.5000    0.5000

 Compound: 1  (MGJKQDOBUOMPEZ-UHFFFAOYSA-N)
 Chemical potential of the compound in the mixture :        -2.02935 kcal/mol
 Log10(partial pressure [mbar])                    :        -2.16328
 Free energy of molecule in mix (E_COSMO+dE+Mu)    :   -190773.41115 kcal/mol
 Total mean interaction energy in the mix (H_int)  :        -6.00006 kcal/mol
 Misfit interaction energy in the mix (H_MF)       :         3.10900 kcal/mol
 H-Bond interaction energy in the mix (H_HB)       :        -2.84467 kcal/mol
 VdW interaction energy in the mix (H_vdW)         :        -6.26439 kcal/mol

 Compound: 2  (HWCKGOZZJDHMNC-UHFFFAOYSA-M)
 Chemical potential of the compound in the mixture :         1.82859 kcal/mol
 Log10(partial pressure [mbar])                    :       -11.50112
 Free energy of molecule in mix (E_COSMO+dE+Mu)    :  -1848778.67312 kcal/mol
 Total mean interaction energy in the mix (H_int)  :        -5.52628 kcal/mol
 Misfit interaction energy in the mix (H_MF)       :         7.71672 kcal/mol
 H-Bond interaction energy in the mix (H_HB)       :        -1.91425 kcal/mol
 VdW interaction energy in the mix (H_vdW)         :       -11.32875 kcal/mol



 Compound: 1 Conformer: 1 (MGJKQDOBUOMPEZ-UHFFFAOYSA-N)
 Chemical potential of the molecule in the mixture :        -2.02935 kcal/mol
 Log10(partial pressure [mbar])                    :        -2.16328
 Free energy of molecule in mix (E_COSMO+dE+Mu)    :   -190773.41115 kcal/mol
 Total mean interaction energy in the mix          :        -6.00006 kcal/mol
 Misfit interaction energy in the mix              :         3.10900 kcal/mol
 H-Bond interaction energy in the mix              :        -2.84467 kcal/mol
 VdW interaction energy in the mix                 :        -6.26439 kcal/mol
 Normalized weight factor of molecule in compound  :         1.00000
 Normalized weight factor of molecule in gas phase :         1.00000

 Compound: 2 Conformer: 1 (HWCKGOZZJDHMNC-UHFFFAOYSA-M)
 Chemical potential of the molecule in the mixture :         1.82859 kcal/mol
 Log10(partial pressure [mbar])                    :       -11.50112
 Free energy of molecule in mix (E_COSMO+dE+Mu)    :  -1848778.67312 kcal/mol
 Total mean interaction energy in the mix          :        -5.52628 kcal/mol
 Misfit interaction energy in the mix              :         7.71672 kcal/mol
 H-Bond interaction energy in the mix              :        -1.91425 kcal/mol
 VdW interaction energy in the mix                 :       -11.32875 kcal/mol
 Normalized weight factor of molecule in compound  :         1.00000
 Normalized weight factor of molecule in gas phase :         1.00000



 Note: Compound properties are tabulated in /media/nastya/storage/Project_nastya/mu_CA_05/MGJKQDOBUOMPEZ-UHFFFAOYSA-N_HWCKGOZZJDHMNC-UHFFFAOYSA-M.tab
----------------
 END job       1
----------------
