 -----------------------------------------------------------
 BIOVIA COSMOtherm Version 2019 (build: 19.0.5 [65f0de1d5f])
 -----------------------------------------------------------

 Copyright (C) 1999-2019, Dassault Systemes BIOVIA corp, all rights reserved

 Job name   : !! generated by COSMOthermX !!
 Job date   : 10/20/2021
 Job time   : 17:31:44
 Hostname   : unknown
 OS type    : unknown
 Executable : Linux 64-bit

 Reading COSMOtherm parameter file BP_TZVP_C30_1701.ctd from directory /home/nastya/COSMOlogic/COSMOthermX19/COSMOtherm/CTDATA-FILES/OLDPARAM/
 Info: # COSMOtherm parameter file ./BP_TZVP_C30_1701.ctd for BP-TZVP optimized COSMO files                                                                  

 Reading COSMOtherm license key license.txt from directory /home/nastya/COSMOlogic/COSMOthermX19/licensefiles/

 COSMOtherm license key expiration date 01/16/2022
 COSMOtherm license key version 19.0
 Customer : TU Delft, Faculty of Applied Sciences
 ID       : 107270

 License keys:
  product                   |    licensed version    | status
 ------------------------------------------------------------------------------ 
  COSMOtherm                |          19.0          | active
  TURBOMOLE                 |          7.3           | active
 ------------------------------------------------------------------------------ 
 
 Note: Vapor pressure / property file could not be found for compound 1
 Reading COSMO information for compound 1 conformer 1 from file /media/nastya/storage/Project_nastya/cosmo/NHGXDBSUJJNIRV-UHFFFAOYSA-M.cosmo
 Note: Gas phase energy file could not be found for compound 1 conformer 1
 Note: converting Gaussian COSMO-file information of compound 1 conformer 1
 
 Note: Vapor pressure / property file could not be found for compound 2
 Reading COSMO information for compound 2 conformer 1 from file /media/nastya/storage/Project_nastya/cosmo/MTCFGRXMJLQNBG-UWTATZPHSA-N.cosmo
 Note: Gas phase energy file could not be found for compound 2 conformer 1
 Note: converting Gaussian COSMO-file information of compound 2 conformer 1


 --- Compound 1 (NHGXDBSUJJNIRV-UHFFFAOYSA-M) ---

 Compound Information for compound 1 conformer 1 (COSMO file /media/nastya/storage/Project_nastya/cosmo/NHGXDBSUJJNIRV-UHFFFAOYSA-M.cosmo)
 Atomic weights         : 111111111111111111111111111111111111111111111111111111
 E_COSMO+dE             :    -719517.9701 kcal/mol
 E_gas                  :    -719490.0954 kcal/mol
 E_COSMO-E_gas+dE       :        -27.8747 kcal/mol
 E_diel                 :        -40.6586 kcal/mol
 Averaging corr dE      :          0.5864 kcal/mol
 Area                   :        346.8419 A^2
 Volume                 :        412.6118 A^3
 Molecular Weight       :        277.9185 a.m.u.
 Total COSMO charge     :          0.0092 a.u.
 Dipole moment (t,x,y,z):         18.0212  1.17E+01 -8.942479 -1.03E+01 Debye                            
 Sigma moments (1-6)    :          0.0000  1.71E+02  2.01E+02  4.29E+02  7.39E+02  1.41E+03              
 H-bond moment (accept) :         22.3888
 H-bond moment (donor)  :          0.0050
 
 WARNING: QM computation level of compound 1 conformer 1 could not be determined - it may differ from the QM level of the parameter set.
 No gas phase energy for compound 1 conformer 1 specified, thus it will be estimated


 --- Compound 2 (MTCFGRXMJLQNBG-UWTATZPHSA-N) ---

 Compound Information for compound 2 conformer 1 (COSMO file /media/nastya/storage/Project_nastya/cosmo/MTCFGRXMJLQNBG-UWTATZPHSA-N.cosmo)
 Atomic weights         : 11111111111111
 E_COSMO+dE             :    -250468.5011 kcal/mol
 E_gas                  :    -250436.1745 kcal/mol
 E_COSMO-E_gas+dE       :        -32.3267 kcal/mol
 E_diel                 :        -47.6605 kcal/mol
 Averaging corr dE      :          1.0357 kcal/mol
 Area                   :        131.9848 A^2
 Volume                 :        121.0499 A^3
 Molecular Weight       :        105.0930 a.m.u.
 Total COSMO charge     :          0.0041 a.u.
 Dipole moment (t,x,y,z):         13.1753 -3.822819  1.26E+01  0.138665 Debye                            
 Sigma moments (1-6)    :          0.0000  2.31E+02  3.99E+01  6.22E+02  1.76E+02  1.90E+03              
 H-bond moment (accept) :         18.7909
 H-bond moment (donor)  :         11.8226
 
 WARNING: QM computation level of compound 2 conformer 1 could not be determined - it may differ from the QM level of the parameter set.
 No gas phase energy for compound 2 conformer 1 specified, thus it will be estimated


 Total number of processed compounds:    2


----------------
 START job     1
----------------


 Results for mixture 1
 ---------------------
 Temperature          :    298.000 K
 Compound Nr.         :         1         2
 Compound             : NHGXDBSUJ MTCFGRXMJ
 Mole Fraction        :    0.5000    0.5000

 Compound: 1  (NHGXDBSUJJNIRV-UHFFFAOYSA-M)
 Chemical potential of the compound in the mixture :        -0.34572 kcal/mol
 Log10(partial pressure [mbar])                    :       -13.12171
 Free energy of molecule in mix (E_COSMO+dE+Mu)    :   -719518.31581 kcal/mol
 Total mean interaction energy in the mix (H_int)  :       -15.06257 kcal/mol
 Misfit interaction energy in the mix (H_MF)       :         8.33083 kcal/mol
 H-Bond interaction energy in the mix (H_HB)       :        -6.00653 kcal/mol
 VdW interaction energy in the mix (H_vdW)         :       -17.38686 kcal/mol

 Compound: 2  (MTCFGRXMJLQNBG-UWTATZPHSA-N)
 Chemical potential of the compound in the mixture :        -3.01562 kcal/mol
 Log10(partial pressure [mbar])                    :       -18.34472
 Free energy of molecule in mix (E_COSMO+dE+Mu)    :   -250471.51674 kcal/mol
 Total mean interaction energy in the mix (H_int)  :       -17.06551 kcal/mol
 Misfit interaction energy in the mix (H_MF)       :         3.46051 kcal/mol
 H-Bond interaction energy in the mix (H_HB)       :       -14.58497 kcal/mol
 VdW interaction energy in the mix (H_vdW)         :        -5.94104 kcal/mol



 Compound: 1 Conformer: 1 (NHGXDBSUJJNIRV-UHFFFAOYSA-M)
 Chemical potential of the molecule in the mixture :        -0.34572 kcal/mol
 Log10(partial pressure [mbar])                    :       -13.12171
 Free energy of molecule in mix (E_COSMO+dE+Mu)    :   -719518.31581 kcal/mol
 Total mean interaction energy in the mix          :       -15.06257 kcal/mol
 Misfit interaction energy in the mix              :         8.33083 kcal/mol
 H-Bond interaction energy in the mix              :        -6.00653 kcal/mol
 VdW interaction energy in the mix                 :       -17.38686 kcal/mol
 Normalized weight factor of molecule in compound  :         1.00000
 Normalized weight factor of molecule in gas phase :         1.00000

 Compound: 2 Conformer: 1 (MTCFGRXMJLQNBG-UWTATZPHSA-N)
 Chemical potential of the molecule in the mixture :        -3.01562 kcal/mol
 Log10(partial pressure [mbar])                    :       -18.34472
 Free energy of molecule in mix (E_COSMO+dE+Mu)    :   -250471.51674 kcal/mol
 Total mean interaction energy in the mix          :       -17.06551 kcal/mol
 Misfit interaction energy in the mix              :         3.46051 kcal/mol
 H-Bond interaction energy in the mix              :       -14.58497 kcal/mol
 VdW interaction energy in the mix                 :        -5.94104 kcal/mol
 Normalized weight factor of molecule in compound  :         1.00000
 Normalized weight factor of molecule in gas phase :         1.00000



 Note: Compound properties are tabulated in /media/nastya/storage/Project_nastya/mu_CA_05/NHGXDBSUJJNIRV-UHFFFAOYSA-M_MTCFGRXMJLQNBG-UWTATZPHSA-N.tab
----------------
 END job       1
----------------
