 -----------------------------------------------------------
 BIOVIA COSMOtherm Version 2019 (build: 19.0.5 [65f0de1d5f])
 -----------------------------------------------------------

 Copyright (C) 1999-2019, Dassault Systemes BIOVIA corp, all rights reserved

 Job name   : !! generated by COSMOthermX !!
 Job date   : 10/20/2021
 Job time   : 17:32:23
 Hostname   : unknown
 OS type    : unknown
 Executable : Linux 64-bit

 Reading COSMOtherm parameter file BP_TZVP_C30_1701.ctd from directory /home/nastya/COSMOlogic/COSMOthermX19/COSMOtherm/CTDATA-FILES/OLDPARAM/
 Info: # COSMOtherm parameter file ./BP_TZVP_C30_1701.ctd for BP-TZVP optimized COSMO files                                                                  

 Reading COSMOtherm license key license.txt from directory /home/nastya/COSMOlogic/COSMOthermX19/licensefiles/

 COSMOtherm license key expiration date 01/16/2022
 COSMOtherm license key version 19.0
 Customer : TU Delft, Faculty of Applied Sciences
 ID       : 107270

 License keys:
  product                   |    licensed version    | status
 ------------------------------------------------------------------------------ 
  COSMOtherm                |          19.0          | active
  TURBOMOLE                 |          7.3           | active
 ------------------------------------------------------------------------------ 
 
 Note: Vapor pressure / property file could not be found for compound 1
 Reading COSMO information for compound 1 conformer 1 from file /media/nastya/storage/Project_nastya/cosmo/NRKYWOKHZRQRJR-UHFFFAOYSA-N.cosmo
 Note: Gas phase energy file could not be found for compound 1 conformer 1
 Note: converting Gaussian COSMO-file information of compound 1 conformer 1
 
 Reading vapor pressure and property information for compound 2 from file /media/nastya/storage/Project_nastya/cosmo/SGMZJAMFUVOLNK-UHFFFAOYSA-M.vap
 Reading COSMO information for compound 2 conformer 1 from file /media/nastya/storage/Project_nastya/cosmo/SGMZJAMFUVOLNK-UHFFFAOYSA-M.cosmo
 Note: Gas phase energy file could not be found for compound 2 conformer 1
 Note: converting Gaussian COSMO-file information of compound 2 conformer 1


 --- Compound 1 (NRKYWOKHZRQRJR-UHFFFAOYSA-N) ---

 Compound Information for compound 1 conformer 1 (COSMO file /media/nastya/storage/Project_nastya/cosmo/NRKYWOKHZRQRJR-UHFFFAOYSA-N.cosmo)
 Atomic weights         : 111111111
 E_COSMO+dE             :    -318246.7997 kcal/mol
 E_gas                  :    -318237.6743 kcal/mol
 E_COSMO-E_gas+dE       :         -9.1253 kcal/mol
 E_diel                 :        -12.1209 kcal/mol
 Averaging corr dE      :          0.4629 kcal/mol
 Area                   :        114.6277 A^2
 Volume                 :        102.0687 A^3
 Molecular Weight       :        113.0388 a.m.u.
 Total COSMO charge     :          0.0078 a.u.
 Dipole moment (t,x,y,z):          5.4306  2.159966 -4.982542 -0.000957 Debye                            
 Sigma moments (1-6)    :          0.0000  7.07E+01 -3.41E+01  1.39E+02 -1.22E+02  3.40E+02              
 H-bond moment (accept) :          1.2557
 H-bond moment (donor)  :          5.1992
 
 WARNING: QM computation level of compound 1 conformer 1 could not be determined - it may differ from the QM level of the parameter set.
 No gas phase energy for compound 1 conformer 1 specified, thus it will be estimated


 --- Compound 2 (SGMZJAMFUVOLNK-UHFFFAOYSA-M) ---

 Compound Information for compound 2 conformer 1 (COSMO file /media/nastya/storage/Project_nastya/cosmo/SGMZJAMFUVOLNK-UHFFFAOYSA-M.cosmo)
 Atomic weights         : 1111111111111111111111
 E_COSMO+dE             :    -495311.0092 kcal/mol
 E_gas                  :    -495280.9240 kcal/mol
 E_COSMO-E_gas+dE       :        -30.0852 kcal/mol
 E_diel                 :        -43.9005 kcal/mol
 Averaging corr dE      :          0.6451 kcal/mol
 Area                   :        177.0496 A^2
 Volume                 :        188.1524 A^3
 Molecular Weight       :        139.6245 a.m.u.
 Total COSMO charge     :          0.0093 a.u.
 Dipole moment (t,x,y,z):         18.3247 -1.83E+01  0.122140 -1.618568 Debye                            
 Sigma moments (1-6)    :          0.0000  1.72E+02  1.20E+02  3.11E+02  3.77E+02  7.14E+02              
 H-bond moment (accept) :         15.0395
 H-bond moment (donor)  :          0.2290
 
 WARNING: QM computation level of compound 2 conformer 1 could not be determined - it may differ from the QM level of the parameter set.
 No gas phase energy for compound 2 conformer 1 specified, thus it will be estimated


 Total number of processed compounds:    2


----------------
 START job     1
----------------


 Results for mixture 1
 ---------------------
 Temperature          :    298.000 K
 Compound Nr.         :         1         2
 Compound             : NRKYWOKHZ SGMZJAMFU
 Mole Fraction        :    0.5000    0.5000

 Compound: 1  (NRKYWOKHZRQRJR-UHFFFAOYSA-N)
 Chemical potential of the compound in the mixture :        -1.85515 kcal/mol
 Log10(partial pressure [mbar])                    :        -0.47838
 Free energy of molecule in mix (E_COSMO+dE+Mu)    :   -318248.65480 kcal/mol
 Total mean interaction energy in the mix (H_int)  :        -5.52334 kcal/mol
 Misfit interaction energy in the mix (H_MF)       :         1.83866 kcal/mol
 H-Bond interaction energy in the mix (H_HB)       :        -2.82116 kcal/mol
 VdW interaction energy in the mix (H_vdW)         :        -4.54084 kcal/mol

 Compound: 2  (SGMZJAMFUVOLNK-UHFFFAOYSA-M)
 Chemical potential of the compound in the mixture :         1.29526 kcal/mol
 Log10(partial pressure [mbar])                    :       -13.53940
 Free energy of molecule in mix (E_COSMO+dE+Mu)    :   -495309.71398 kcal/mol
 Total mean interaction energy in the mix (H_int)  :        -7.80452 kcal/mol
 Misfit interaction energy in the mix (H_MF)       :         4.64877 kcal/mol
 H-Bond interaction energy in the mix (H_HB)       :        -4.17595 kcal/mol
 VdW interaction energy in the mix (H_vdW)         :        -8.27733 kcal/mol



 Compound: 1 Conformer: 1 (NRKYWOKHZRQRJR-UHFFFAOYSA-N)
 Chemical potential of the molecule in the mixture :        -1.85515 kcal/mol
 Log10(partial pressure [mbar])                    :        -0.47838
 Free energy of molecule in mix (E_COSMO+dE+Mu)    :   -318248.65480 kcal/mol
 Total mean interaction energy in the mix          :        -5.52334 kcal/mol
 Misfit interaction energy in the mix              :         1.83866 kcal/mol
 H-Bond interaction energy in the mix              :        -2.82116 kcal/mol
 VdW interaction energy in the mix                 :        -4.54084 kcal/mol
 Normalized weight factor of molecule in compound  :         1.00000
 Normalized weight factor of molecule in gas phase :         1.00000

 Compound: 2 Conformer: 1 (SGMZJAMFUVOLNK-UHFFFAOYSA-M)
 Chemical potential of the molecule in the mixture :         1.29526 kcal/mol
 Log10(partial pressure [mbar])                    :       -13.53940
 Free energy of molecule in mix (E_COSMO+dE+Mu)    :   -495309.71398 kcal/mol
 Total mean interaction energy in the mix          :        -7.80452 kcal/mol
 Misfit interaction energy in the mix              :         4.64877 kcal/mol
 H-Bond interaction energy in the mix              :        -4.17595 kcal/mol
 VdW interaction energy in the mix                 :        -8.27733 kcal/mol
 Normalized weight factor of molecule in compound  :         1.00000
 Normalized weight factor of molecule in gas phase :         1.00000



 Note: Compound properties are tabulated in /media/nastya/storage/Project_nastya/mu_CA_05/NRKYWOKHZRQRJR-UHFFFAOYSA-N_SGMZJAMFUVOLNK-UHFFFAOYSA-M.tab
----------------
 END job       1
----------------
