 -----------------------------------------------------------
 BIOVIA COSMOtherm Version 2019 (build: 19.0.5 [65f0de1d5f])
 -----------------------------------------------------------

 Copyright (C) 1999-2019, Dassault Systemes BIOVIA corp, all rights reserved

 Job name   : !! generated by COSMOthermX !!
 Job date   : 10/20/2021
 Job time   : 17:32:41
 Hostname   : unknown
 OS type    : unknown
 Executable : Linux 64-bit

 Reading COSMOtherm parameter file BP_TZVP_C30_1701.ctd from directory /home/nastya/COSMOlogic/COSMOthermX19/COSMOtherm/CTDATA-FILES/OLDPARAM/
 Info: # COSMOtherm parameter file ./BP_TZVP_C30_1701.ctd for BP-TZVP optimized COSMO files                                                                  

 Reading COSMOtherm license key license.txt from directory /home/nastya/COSMOlogic/COSMOthermX19/licensefiles/

 COSMOtherm license key expiration date 01/16/2022
 COSMOtherm license key version 19.0
 Customer : TU Delft, Faculty of Applied Sciences
 ID       : 107270

 License keys:
  product                   |    licensed version    | status
 ------------------------------------------------------------------------------ 
  COSMOtherm                |          19.0          | active
  TURBOMOLE                 |          7.3           | active
 ------------------------------------------------------------------------------ 
 
 Reading vapor pressure and property information for compound 1 from file /media/nastya/storage/Project_nastya/cosmo/PEDCQBHIVMGVHV-UHFFFAOYSA-N.vap
 Reading COSMO information for compound 1 conformer 1 from file /media/nastya/storage/Project_nastya/cosmo/PEDCQBHIVMGVHV-UHFFFAOYSA-N.cosmo
 Note: Gas phase energy file could not be found for compound 1 conformer 1
 Note: converting Gaussian COSMO-file information of compound 1 conformer 1
 
 Note: Vapor pressure / property file could not be found for compound 2
 Reading COSMO information for compound 2 conformer 1 from file /media/nastya/storage/Project_nastya/cosmo/DBQUKJMNGUJRFI-UHFFFAOYSA-N.cosmo
 Note: Gas phase energy file could not be found for compound 2 conformer 1
 Note: converting Gaussian COSMO-file information of compound 2 conformer 1


 --- Compound 1 (PEDCQBHIVMGVHV-UHFFFAOYSA-N) ---

 Compound Information for compound 1 conformer 1 (COSMO file /media/nastya/storage/Project_nastya/cosmo/PEDCQBHIVMGVHV-UHFFFAOYSA-N.cosmo)
 Atomic weights         : 11111111111111
 E_COSMO+dE             :    -216450.8175 kcal/mol
 E_gas                  :    -216438.7312 kcal/mol
 E_COSMO-E_gas+dE       :        -12.0862 kcal/mol
 E_diel                 :        -17.1657 kcal/mol
 Averaging corr dE      :          0.8777 kcal/mol
 Area                   :        126.6265 A^2
 Volume                 :        113.4743 A^3
 Molecular Weight       :         92.0942 a.m.u.
 Total COSMO charge     :         -0.0004 a.u.
 Dipole moment (t,x,y,z):          5.2353  1.707453 -4.401773  2.262224 Debye                            
 Sigma moments (1-6)    :          0.0000  1.18E+02  4.06E+01  2.45E+02  1.29E+02  6.19E+02              
 H-bond moment (accept) :          8.4909
 H-bond moment (donor)  :          4.1451
 
 WARNING: QM computation level of compound 1 conformer 1 could not be determined - it may differ from the QM level of the parameter set.
 No gas phase energy for compound 1 conformer 1 specified, thus it will be estimated


 --- Compound 2 (DBQUKJMNGUJRFI-UHFFFAOYSA-N) ---

 Compound Information for compound 2 conformer 1 (COSMO file /media/nastya/storage/Project_nastya/cosmo/DBQUKJMNGUJRFI-UHFFFAOYSA-N.cosmo)
 Atomic weights         : 1111111111111111111111111
 E_COSMO+dE             :    -519998.5331 kcal/mol
 E_gas                  :    -519978.7034 kcal/mol
 E_COSMO-E_gas+dE       :        -19.8297 kcal/mol
 E_diel                 :        -29.1952 kcal/mol
 Averaging corr dE      :          0.6069 kcal/mol
 Area                   :        189.7992 A^2
 Volume                 :        207.9421 A^3
 Molecular Weight       :        153.6512 a.m.u.
 Total COSMO charge     :          0.0061 a.u.
 Dipole moment (t,x,y,z):         13.4725 -7.834606 -1.10E+01  0.144876 Debye                            
 Sigma moments (1-6)    :          0.0000  1.25E+02  8.11E+01  1.83E+02  2.11E+02  3.59E+02              
 H-bond moment (accept) :          7.8115
 H-bond moment (donor)  :          0.0123
 
 WARNING: QM computation level of compound 2 conformer 1 could not be determined - it may differ from the QM level of the parameter set.
 No gas phase energy for compound 2 conformer 1 specified, thus it will be estimated


 Total number of processed compounds:    2


----------------
 START job     1
----------------


 Results for mixture 1
 ---------------------
 Temperature          :    298.000 K
 Compound Nr.         :         1         2
 Compound             : PEDCQBHIV DBQUKJMNG
 Mole Fraction        :    0.5000    0.5000

 Compound: 1  (PEDCQBHIVMGVHV-UHFFFAOYSA-N)
 Chemical potential of the compound in the mixture :        -3.08877 kcal/mol
 Log10(partial pressure [mbar])                    :        -3.55455
 Free energy of molecule in mix (E_COSMO+dE+Mu)    :   -216453.90623 kcal/mol
 Total mean interaction energy in the mix (H_int)  :       -11.36599 kcal/mol
 Misfit interaction energy in the mix (H_MF)       :         2.64626 kcal/mol
 H-Bond interaction energy in the mix (H_HB)       :        -8.46165 kcal/mol
 VdW interaction energy in the mix (H_vdW)         :        -5.55060 kcal/mol

 Compound: 2  (DBQUKJMNGUJRFI-UHFFFAOYSA-N)
 Chemical potential of the compound in the mixture :         0.14848 kcal/mol
 Log10(partial pressure [mbar])                    :        -6.85930
 Free energy of molecule in mix (E_COSMO+dE+Mu)    :   -519998.38466 kcal/mol
 Total mean interaction energy in the mix (H_int)  :        -6.97297 kcal/mol
 Misfit interaction energy in the mix (H_MF)       :         4.88756 kcal/mol
 H-Bond interaction energy in the mix (H_HB)       :        -2.65353 kcal/mol
 VdW interaction energy in the mix (H_vdW)         :        -9.20700 kcal/mol



 Compound: 1 Conformer: 1 (PEDCQBHIVMGVHV-UHFFFAOYSA-N)
 Chemical potential of the molecule in the mixture :        -3.08877 kcal/mol
 Log10(partial pressure [mbar])                    :        -3.55455
 Free energy of molecule in mix (E_COSMO+dE+Mu)    :   -216453.90623 kcal/mol
 Total mean interaction energy in the mix          :       -11.36599 kcal/mol
 Misfit interaction energy in the mix              :         2.64626 kcal/mol
 H-Bond interaction energy in the mix              :        -8.46165 kcal/mol
 VdW interaction energy in the mix                 :        -5.55060 kcal/mol
 Normalized weight factor of molecule in compound  :         1.00000
 Normalized weight factor of molecule in gas phase :         1.00000

 Compound: 2 Conformer: 1 (DBQUKJMNGUJRFI-UHFFFAOYSA-N)
 Chemical potential of the molecule in the mixture :         0.14848 kcal/mol
 Log10(partial pressure [mbar])                    :        -6.85930
 Free energy of molecule in mix (E_COSMO+dE+Mu)    :   -519998.38466 kcal/mol
 Total mean interaction energy in the mix          :        -6.97297 kcal/mol
 Misfit interaction energy in the mix              :         4.88756 kcal/mol
 H-Bond interaction energy in the mix              :        -2.65353 kcal/mol
 VdW interaction energy in the mix                 :        -9.20700 kcal/mol
 Normalized weight factor of molecule in compound  :         1.00000
 Normalized weight factor of molecule in gas phase :         1.00000



 Note: Compound properties are tabulated in /media/nastya/storage/Project_nastya/mu_CA_05/PEDCQBHIVMGVHV-UHFFFAOYSA-N_DBQUKJMNGUJRFI-UHFFFAOYSA-N.tab
----------------
 END job       1
----------------
