 -----------------------------------------------------------
 BIOVIA COSMOtherm Version 2019 (build: 19.0.5 [65f0de1d5f])
 -----------------------------------------------------------

 Copyright (C) 1999-2019, Dassault Systemes BIOVIA corp, all rights reserved

 Job name   : !! generated by COSMOthermX !!
 Job date   : 10/20/2021
 Job time   : 17:32:34
 Hostname   : unknown
 OS type    : unknown
 Executable : Linux 64-bit

 Reading COSMOtherm parameter file BP_TZVP_C30_1701.ctd from directory /home/nastya/COSMOlogic/COSMOthermX19/COSMOtherm/CTDATA-FILES/OLDPARAM/
 Info: # COSMOtherm parameter file ./BP_TZVP_C30_1701.ctd for BP-TZVP optimized COSMO files                                                                  

 Reading COSMOtherm license key license.txt from directory /home/nastya/COSMOlogic/COSMOthermX19/licensefiles/

 COSMOtherm license key expiration date 01/16/2022
 COSMOtherm license key version 19.0
 Customer : TU Delft, Faculty of Applied Sciences
 ID       : 107270

 License keys:
  product                   |    licensed version    | status
 ------------------------------------------------------------------------------ 
  COSMOtherm                |          19.0          | active
  TURBOMOLE                 |          7.3           | active
 ------------------------------------------------------------------------------ 
 
 Note: Vapor pressure / property file could not be found for compound 1
 Reading COSMO information for compound 1 conformer 1 from file /media/nastya/storage/Project_nastya/cosmo/TYFQFVWCELRYAO-UHFFFAOYSA-N.cosmo
 Note: Gas phase energy file could not be found for compound 1 conformer 1
 Note: converting Gaussian COSMO-file information of compound 1 conformer 1
 
 Reading vapor pressure and property information for compound 2 from file /media/nastya/storage/Project_nastya/cosmo/SGMZJAMFUVOLNK-UHFFFAOYSA-M.vap
 Reading COSMO information for compound 2 conformer 1 from file /media/nastya/storage/Project_nastya/cosmo/SGMZJAMFUVOLNK-UHFFFAOYSA-M.cosmo
 Note: Gas phase energy file could not be found for compound 2 conformer 1
 Note: converting Gaussian COSMO-file information of compound 2 conformer 1


 --- Compound 1 (TYFQFVWCELRYAO-UHFFFAOYSA-N) ---

 Compound Information for compound 1 conformer 1 (COSMO file /media/nastya/storage/Project_nastya/cosmo/TYFQFVWCELRYAO-UHFFFAOYSA-N.cosmo)
 Atomic weights         : 11111111111111111111111111
 E_COSMO+dE             :    -385587.3111 kcal/mol
 E_gas                  :    -385575.7014 kcal/mol
 E_COSMO-E_gas+dE       :        -11.6097 kcal/mol
 E_diel                 :        -16.5997 kcal/mol
 Averaging corr dE      :          0.9934 kcal/mol
 Area                   :        224.9287 A^2
 Volume                 :        222.6888 A^3
 Molecular Weight       :        174.1952 a.m.u.
 Total COSMO charge     :          0.0016 a.u.
 Dipole moment (t,x,y,z):          3.0373 -1.130536  2.292623 -1.640361 Debye                            
 Sigma moments (1-6)    :          0.0000  1.25E+02  4.024684  2.20E+02 -8.01E+01  5.29E+02              
 H-bond moment (accept) :          3.5456
 H-bond moment (donor)  :          6.2074
 
 WARNING: QM computation level of compound 1 conformer 1 could not be determined - it may differ from the QM level of the parameter set.
 No gas phase energy for compound 1 conformer 1 specified, thus it will be estimated


 --- Compound 2 (SGMZJAMFUVOLNK-UHFFFAOYSA-M) ---

 Compound Information for compound 2 conformer 1 (COSMO file /media/nastya/storage/Project_nastya/cosmo/SGMZJAMFUVOLNK-UHFFFAOYSA-M.cosmo)
 Atomic weights         : 1111111111111111111111
 E_COSMO+dE             :    -495311.0092 kcal/mol
 E_gas                  :    -495280.9240 kcal/mol
 E_COSMO-E_gas+dE       :        -30.0852 kcal/mol
 E_diel                 :        -43.9005 kcal/mol
 Averaging corr dE      :          0.6451 kcal/mol
 Area                   :        177.0496 A^2
 Volume                 :        188.1524 A^3
 Molecular Weight       :        139.6245 a.m.u.
 Total COSMO charge     :          0.0093 a.u.
 Dipole moment (t,x,y,z):         18.3247 -1.83E+01  0.122140 -1.618568 Debye                            
 Sigma moments (1-6)    :          0.0000  1.72E+02  1.20E+02  3.11E+02  3.77E+02  7.14E+02              
 H-bond moment (accept) :         15.0395
 H-bond moment (donor)  :          0.2290
 
 WARNING: QM computation level of compound 2 conformer 1 could not be determined - it may differ from the QM level of the parameter set.
 No gas phase energy for compound 2 conformer 1 specified, thus it will be estimated


 Total number of processed compounds:    2


----------------
 START job     1
----------------


 Results for mixture 1
 ---------------------
 Temperature          :    298.000 K
 Compound Nr.         :         1         2
 Compound             : TYFQFVWCE SGMZJAMFU
 Mole Fraction        :    0.5000    0.5000

 Compound: 1  (TYFQFVWCELRYAO-UHFFFAOYSA-N)
 Chemical potential of the compound in the mixture :        -4.58956 kcal/mol
 Log10(partial pressure [mbar])                    :        -4.30575
 Free energy of molecule in mix (E_COSMO+dE+Mu)    :   -385591.90068 kcal/mol
 Total mean interaction energy in the mix (H_int)  :       -12.68020 kcal/mol
 Misfit interaction energy in the mix (H_MF)       :         4.29241 kcal/mol
 H-Bond interaction energy in the mix (H_HB)       :        -6.99232 kcal/mol
 VdW interaction energy in the mix (H_vdW)         :        -9.98029 kcal/mol

 Compound: 2  (SGMZJAMFUVOLNK-UHFFFAOYSA-M)
 Chemical potential of the compound in the mixture :         1.27067 kcal/mol
 Log10(partial pressure [mbar])                    :       -13.55744
 Free energy of molecule in mix (E_COSMO+dE+Mu)    :   -495309.73857 kcal/mol
 Total mean interaction energy in the mix (H_int)  :       -10.94766 kcal/mol
 Misfit interaction energy in the mix (H_MF)       :         4.77822 kcal/mol
 H-Bond interaction energy in the mix (H_HB)       :        -7.19810 kcal/mol
 VdW interaction energy in the mix (H_vdW)         :        -8.52778 kcal/mol



 Compound: 1 Conformer: 1 (TYFQFVWCELRYAO-UHFFFAOYSA-N)
 Chemical potential of the molecule in the mixture :        -4.58956 kcal/mol
 Log10(partial pressure [mbar])                    :        -4.30575
 Free energy of molecule in mix (E_COSMO+dE+Mu)    :   -385591.90068 kcal/mol
 Total mean interaction energy in the mix          :       -12.68020 kcal/mol
 Misfit interaction energy in the mix              :         4.29241 kcal/mol
 H-Bond interaction energy in the mix              :        -6.99232 kcal/mol
 VdW interaction energy in the mix                 :        -9.98029 kcal/mol
 Normalized weight factor of molecule in compound  :         1.00000
 Normalized weight factor of molecule in gas phase :         1.00000

 Compound: 2 Conformer: 1 (SGMZJAMFUVOLNK-UHFFFAOYSA-M)
 Chemical potential of the molecule in the mixture :         1.27067 kcal/mol
 Log10(partial pressure [mbar])                    :       -13.55744
 Free energy of molecule in mix (E_COSMO+dE+Mu)    :   -495309.73857 kcal/mol
 Total mean interaction energy in the mix          :       -10.94766 kcal/mol
 Misfit interaction energy in the mix              :         4.77822 kcal/mol
 H-Bond interaction energy in the mix              :        -7.19810 kcal/mol
 VdW interaction energy in the mix                 :        -8.52778 kcal/mol
 Normalized weight factor of molecule in compound  :         1.00000
 Normalized weight factor of molecule in gas phase :         1.00000



 Note: Compound properties are tabulated in /media/nastya/storage/Project_nastya/mu_CA_05/TYFQFVWCELRYAO-UHFFFAOYSA-N_SGMZJAMFUVOLNK-UHFFFAOYSA-M.tab
----------------
 END job       1
----------------
