 -----------------------------------------------------------
 BIOVIA COSMOtherm Version 2019 (build: 19.0.5 [65f0de1d5f])
 -----------------------------------------------------------

 Copyright (C) 1999-2019, Dassault Systemes BIOVIA corp, all rights reserved

 Job name   : !! generated by COSMOthermX !!
 Job date   : 10/20/2021
 Job time   : 17:32:34
 Hostname   : unknown
 OS type    : unknown
 Executable : Linux 64-bit

 Reading COSMOtherm parameter file BP_TZVP_C30_1701.ctd from directory /home/nastya/COSMOlogic/COSMOthermX19/COSMOtherm/CTDATA-FILES/OLDPARAM/
 Info: # COSMOtherm parameter file ./BP_TZVP_C30_1701.ctd for BP-TZVP optimized COSMO files                                                                  

 Reading COSMOtherm license key license.txt from directory /home/nastya/COSMOlogic/COSMOthermX19/licensefiles/

 COSMOtherm license key expiration date 01/16/2022
 COSMOtherm license key version 19.0
 Customer : TU Delft, Faculty of Applied Sciences
 ID       : 107270

 License keys:
  product                   |    licensed version    | status
 ------------------------------------------------------------------------------ 
  COSMOtherm                |          19.0          | active
  TURBOMOLE                 |          7.3           | active
 ------------------------------------------------------------------------------ 
 
 Note: Vapor pressure / property file could not be found for compound 1
 Reading COSMO information for compound 1 conformer 1 from file /media/nastya/storage/Project_nastya/cosmo/WLJVNTCWHIRURA-UHFFFAOYSA-N.cosmo
 Note: Gas phase energy file could not be found for compound 1 conformer 1
 Note: converting Gaussian COSMO-file information of compound 1 conformer 1
 
 Note: Vapor pressure / property file could not be found for compound 2
 Reading COSMO information for compound 2 conformer 1 from file /media/nastya/storage/Project_nastya/cosmo/SPALIFXDWQTXKS-UHFFFAOYSA-M.cosmo
 Note: Gas phase energy file could not be found for compound 2 conformer 1
 Note: converting Gaussian COSMO-file information of compound 2 conformer 1


 --- Compound 1 (WLJVNTCWHIRURA-UHFFFAOYSA-N) ---

 Compound Information for compound 1 conformer 1 (COSMO file /media/nastya/storage/Project_nastya/cosmo/WLJVNTCWHIRURA-UHFFFAOYSA-N.cosmo)
 Atomic weights         : 11111111111111111111111
 E_COSMO+dE             :    -360911.7484 kcal/mol
 E_gas                  :    -360900.0048 kcal/mol
 E_COSMO-E_gas+dE       :        -11.7436 kcal/mol
 E_diel                 :        -16.8209 kcal/mol
 Averaging corr dE      :          1.0012 kcal/mol
 Area                   :        204.7413 A^2
 Volume                 :        199.6750 A^3
 Molecular Weight       :        160.1685 a.m.u.
 Total COSMO charge     :          0.0011 a.u.
 Dipole moment (t,x,y,z):          4.5503 -0.002148  4.550336  0.003959 Debye                            
 Sigma moments (1-6)    :          0.0000  1.25E+02  0.587884  2.18E+02 -8.79E+01  5.23E+02              
 H-bond moment (accept) :          3.2848
 H-bond moment (donor)  :          6.2513
 
 WARNING: QM computation level of compound 1 conformer 1 could not be determined - it may differ from the QM level of the parameter set.
 No gas phase energy for compound 1 conformer 1 specified, thus it will be estimated


 --- Compound 2 (SPALIFXDWQTXKS-UHFFFAOYSA-M) ---

 Compound Information for compound 2 conformer 1 (COSMO file /media/nastya/storage/Project_nastya/cosmo/SPALIFXDWQTXKS-UHFFFAOYSA-M.cosmo)
 Atomic weights         : 111111111111111111111111111111111111111111111111111111111111111111
 E_COSMO+dE             :   -2144885.6217 kcal/mol
 E_gas                  :   -2144858.9979 kcal/mol
 E_COSMO-E_gas+dE       :        -26.6238 kcal/mol
 E_diel                 :        -38.9629 kcal/mol
 Averaging corr dE      :          0.6502 kcal/mol
 Area                   :        412.2863 A^2
 Volume                 :        515.4850 A^3
 Molecular Weight       :        378.4761 a.m.u.
 Total COSMO charge     :          0.0035 a.u.
 Dipole moment (t,x,y,z):         19.0657 -1.35E+01  1.10E+01  7.716158 Debye                            
 Sigma moments (1-6)    :          0.0000  1.55E+02  1.53E+02  3.08E+02  4.60E+02  8.04E+02              
 H-bond moment (accept) :         16.6850
 H-bond moment (donor)  :          0.0314
 
 WARNING: QM computation level of compound 2 conformer 1 could not be determined - it may differ from the QM level of the parameter set.
 No gas phase energy for compound 2 conformer 1 specified, thus it will be estimated


 Total number of processed compounds:    2


----------------
 START job     1
----------------


 Results for mixture 1
 ---------------------
 Temperature          :    298.000 K
 Compound Nr.         :         1         2
 Compound             : WLJVNTCWH SPALIFXDW
 Mole Fraction        :    0.5000    0.5000

 Compound: 1  (WLJVNTCWHIRURA-UHFFFAOYSA-N)
 Chemical potential of the compound in the mixture :        -4.83659 kcal/mol
 Log10(partial pressure [mbar])                    :        -4.58505
 Free energy of molecule in mix (E_COSMO+dE+Mu)    :   -360916.58498 kcal/mol
 Total mean interaction energy in the mix (H_int)  :       -12.60354 kcal/mol
 Misfit interaction energy in the mix (H_MF)       :         3.78232 kcal/mol
 H-Bond interaction energy in the mix (H_HB)       :        -7.14085 kcal/mol
 VdW interaction energy in the mix (H_vdW)         :        -9.24501 kcal/mol

 Compound: 2  (SPALIFXDWQTXKS-UHFFFAOYSA-M)
 Chemical potential of the compound in the mixture :        -4.37617 kcal/mol
 Log10(partial pressure [mbar])                    :       -15.16016
 Free energy of molecule in mix (E_COSMO+dE+Mu)    :  -2144889.99784 kcal/mol
 Total mean interaction energy in the mix (H_int)  :       -19.34145 kcal/mol
 Misfit interaction energy in the mix (H_MF)       :         7.97398 kcal/mol
 H-Bond interaction energy in the mix (H_HB)       :        -6.71687 kcal/mol
 VdW interaction energy in the mix (H_vdW)         :       -20.59856 kcal/mol



 Compound: 1 Conformer: 1 (WLJVNTCWHIRURA-UHFFFAOYSA-N)
 Chemical potential of the molecule in the mixture :        -4.83659 kcal/mol
 Log10(partial pressure [mbar])                    :        -4.58505
 Free energy of molecule in mix (E_COSMO+dE+Mu)    :   -360916.58498 kcal/mol
 Total mean interaction energy in the mix          :       -12.60354 kcal/mol
 Misfit interaction energy in the mix              :         3.78232 kcal/mol
 H-Bond interaction energy in the mix              :        -7.14085 kcal/mol
 VdW interaction energy in the mix                 :        -9.24501 kcal/mol
 Normalized weight factor of molecule in compound  :         1.00000
 Normalized weight factor of molecule in gas phase :         1.00000

 Compound: 2 Conformer: 1 (SPALIFXDWQTXKS-UHFFFAOYSA-M)
 Chemical potential of the molecule in the mixture :        -4.37617 kcal/mol
 Log10(partial pressure [mbar])                    :       -15.16016
 Free energy of molecule in mix (E_COSMO+dE+Mu)    :  -2144889.99784 kcal/mol
 Total mean interaction energy in the mix          :       -19.34145 kcal/mol
 Misfit interaction energy in the mix              :         7.97398 kcal/mol
 H-Bond interaction energy in the mix              :        -6.71687 kcal/mol
 VdW interaction energy in the mix                 :       -20.59856 kcal/mol
 Normalized weight factor of molecule in compound  :         1.00000
 Normalized weight factor of molecule in gas phase :         1.00000



 Note: Compound properties are tabulated in /media/nastya/storage/Project_nastya/mu_CA_05/WLJVNTCWHIRURA-UHFFFAOYSA-N_SPALIFXDWQTXKS-UHFFFAOYSA-M.tab
----------------
 END job       1
----------------
