 -----------------------------------------------------------
 BIOVIA COSMOtherm Version 2019 (build: 19.0.5 [65f0de1d5f])
 -----------------------------------------------------------

 Copyright (C) 1999-2019, Dassault Systemes BIOVIA corp, all rights reserved

 Job name   : !! generated by COSMOthermX !!
 Job date   : 10/20/2021
 Job time   : 17:31:53
 Hostname   : unknown
 OS type    : unknown
 Executable : Linux 64-bit

 Reading COSMOtherm parameter file BP_TZVP_C30_1701.ctd from directory /home/nastya/COSMOlogic/COSMOthermX19/COSMOtherm/CTDATA-FILES/OLDPARAM/
 Info: # COSMOtherm parameter file ./BP_TZVP_C30_1701.ctd for BP-TZVP optimized COSMO files                                                                  

 Reading COSMOtherm license key license.txt from directory /home/nastya/COSMOlogic/COSMOthermX19/licensefiles/

 COSMOtherm license key expiration date 01/16/2022
 COSMOtherm license key version 19.0
 Customer : TU Delft, Faculty of Applied Sciences
 ID       : 107270

 License keys:
  product                   |    licensed version    | status
 ------------------------------------------------------------------------------ 
  COSMOtherm                |          19.0          | active
  TURBOMOLE                 |          7.3           | active
 ------------------------------------------------------------------------------ 
 
 Note: Vapor pressure / property file could not be found for compound 1
 Reading COSMO information for compound 1 conformer 1 from file /media/nastya/storage/Project_nastya/cosmo/WWZKQHOCKIZLMA-UHFFFAOYSA-N.cosmo
 Note: Gas phase energy file could not be found for compound 1 conformer 1
 Note: converting Gaussian COSMO-file information of compound 1 conformer 1
 
 Note: Vapor pressure / property file could not be found for compound 2
 Reading COSMO information for compound 2 conformer 1 from file /media/nastya/storage/Project_nastya/cosmo/POULHZVOKOAJMA-UHFFFAOYSA-N.cosmo
 Note: Gas phase energy file could not be found for compound 2 conformer 1
 Note: converting Gaussian COSMO-file information of compound 2 conformer 1


 --- Compound 1 (WWZKQHOCKIZLMA-UHFFFAOYSA-N) ---

 Compound Information for compound 1 conformer 1 (COSMO file /media/nastya/storage/Project_nastya/cosmo/WWZKQHOCKIZLMA-UHFFFAOYSA-N.cosmo)
 Atomic weights         : 11111111111111111111111111
 E_COSMO+dE             :    -291876.6847 kcal/mol
 E_gas                  :    -291870.1685 kcal/mol
 E_COSMO-E_gas+dE       :         -6.5163 kcal/mol
 E_diel                 :         -8.6800 kcal/mol
 Averaging corr dE      :          0.5620 kcal/mol
 Area                   :        210.8442 A^2
 Volume                 :        205.6622 A^3
 Molecular Weight       :        144.2123 a.m.u.
 Total COSMO charge     :         -0.0034 a.u.
 Dipole moment (t,x,y,z):          2.2928 -0.606376 -2.211132 -0.000460 Debye                            
 Sigma moments (1-6)    :          0.0000  6.65E+01  2.546047  1.10E+02 -3.82E+01  2.61E+02              
 H-bond moment (accept) :          1.7688
 H-bond moment (donor)  :          3.0695
 
 WARNING: QM computation level of compound 1 conformer 1 could not be determined - it may differ from the QM level of the parameter set.
 No gas phase energy for compound 1 conformer 1 specified, thus it will be estimated


 --- Compound 2 (POULHZVOKOAJMA-UHFFFAOYSA-N) ---

 Compound Information for compound 2 conformer 1 (COSMO file /media/nastya/storage/Project_nastya/cosmo/POULHZVOKOAJMA-UHFFFAOYSA-N.cosmo)
 Atomic weights         : 11111111111111111111111111111111111111
 E_COSMO+dE             :    -390580.7254 kcal/mol
 E_gas                  :    -390574.0746 kcal/mol
 E_COSMO-E_gas+dE       :         -6.6509 kcal/mol
 E_diel                 :         -8.8835 kcal/mol
 Averaging corr dE      :          0.5805 kcal/mol
 Area                   :        290.8402 A^2
 Volume                 :        293.8848 A^3
 Molecular Weight       :        200.3189 a.m.u.
 Total COSMO charge     :         -0.0054 a.u.
 Dipole moment (t,x,y,z):          2.7845 -1.969186  0.295376 -1.946373 Debye                            
 Sigma moments (1-6)    :          0.0000  6.83E+01  4.984125  1.11E+02 -3.31E+01  2.64E+02              
 H-bond moment (accept) :          1.9325
 H-bond moment (donor)  :          3.0371
 
 WARNING: QM computation level of compound 2 conformer 1 could not be determined - it may differ from the QM level of the parameter set.
 No gas phase energy for compound 2 conformer 1 specified, thus it will be estimated


 Total number of processed compounds:    2


----------------
 START job     1
----------------


 Results for mixture 1
 ---------------------
 Temperature          :    298.000 K
 Compound Nr.         :         1         2
 Compound             : WWZKQHOCK POULHZVOK
 Mole Fraction        :    0.5000    0.5000

 Compound: 1  (WWZKQHOCKIZLMA-UHFFFAOYSA-N)
 Chemical potential of the compound in the mixture :        -4.93132 kcal/mol
 Log10(partial pressure [mbar])                    :        -0.82095
 Free energy of molecule in mix (E_COSMO+dE+Mu)    :   -291881.61606 kcal/mol
 Total mean interaction energy in the mix (H_int)  :       -11.11329 kcal/mol
 Misfit interaction energy in the mix (H_MF)       :         2.09162 kcal/mol
 H-Bond interaction energy in the mix (H_HB)       :        -3.39282 kcal/mol
 VdW interaction energy in the mix (H_vdW)         :        -9.81208 kcal/mol

 Compound: 2  (POULHZVOKOAJMA-UHFFFAOYSA-N)
 Chemical potential of the compound in the mixture :        -7.34395 kcal/mol
 Log10(partial pressure [mbar])                    :        -2.68905
 Free energy of molecule in mix (E_COSMO+dE+Mu)    :   -390588.06939 kcal/mol
 Total mean interaction energy in the mix (H_int)  :       -14.80406 kcal/mol
 Misfit interaction energy in the mix (H_MF)       :         2.49459 kcal/mol
 H-Bond interaction energy in the mix (H_HB)       :        -3.55584 kcal/mol
 VdW interaction energy in the mix (H_vdW)         :       -13.74282 kcal/mol



 Compound: 1 Conformer: 1 (WWZKQHOCKIZLMA-UHFFFAOYSA-N)
 Chemical potential of the molecule in the mixture :        -4.93132 kcal/mol
 Log10(partial pressure [mbar])                    :        -0.82095
 Free energy of molecule in mix (E_COSMO+dE+Mu)    :   -291881.61606 kcal/mol
 Total mean interaction energy in the mix          :       -11.11329 kcal/mol
 Misfit interaction energy in the mix              :         2.09162 kcal/mol
 H-Bond interaction energy in the mix              :        -3.39282 kcal/mol
 VdW interaction energy in the mix                 :        -9.81208 kcal/mol
 Normalized weight factor of molecule in compound  :         1.00000
 Normalized weight factor of molecule in gas phase :         1.00000

 Compound: 2 Conformer: 1 (POULHZVOKOAJMA-UHFFFAOYSA-N)
 Chemical potential of the molecule in the mixture :        -7.34395 kcal/mol
 Log10(partial pressure [mbar])                    :        -2.68905
 Free energy of molecule in mix (E_COSMO+dE+Mu)    :   -390588.06939 kcal/mol
 Total mean interaction energy in the mix          :       -14.80406 kcal/mol
 Misfit interaction energy in the mix              :         2.49459 kcal/mol
 H-Bond interaction energy in the mix              :        -3.55584 kcal/mol
 VdW interaction energy in the mix                 :       -13.74282 kcal/mol
 Normalized weight factor of molecule in compound  :         1.00000
 Normalized weight factor of molecule in gas phase :         1.00000



 Note: Compound properties are tabulated in /media/nastya/storage/Project_nastya/mu_CA_05/WWZKQHOCKIZLMA-UHFFFAOYSA-N_POULHZVOKOAJMA-UHFFFAOYSA-N.tab
----------------
 END job       1
----------------
