 -----------------------------------------------------------
 BIOVIA COSMOtherm Version 2019 (build: 19.0.5 [65f0de1d5f])
 -----------------------------------------------------------

 Copyright (C) 1999-2019, Dassault Systemes BIOVIA corp, all rights reserved

 Job name   : !! generated by COSMOthermX !!
 Job date   : 10/20/2021
 Job time   : 17:31:24
 Hostname   : unknown
 OS type    : unknown
 Executable : Linux 64-bit

 Reading COSMOtherm parameter file BP_TZVP_C30_1701.ctd from directory /home/nastya/COSMOlogic/COSMOthermX19/COSMOtherm/CTDATA-FILES/OLDPARAM/
 Info: # COSMOtherm parameter file ./BP_TZVP_C30_1701.ctd for BP-TZVP optimized COSMO files                                                                  

 Reading COSMOtherm license key license.txt from directory /home/nastya/COSMOlogic/COSMOthermX19/licensefiles/

 COSMOtherm license key expiration date 01/16/2022
 COSMOtherm license key version 19.0
 Customer : TU Delft, Faculty of Applied Sciences
 ID       : 107270

 License keys:
  product                   |    licensed version    | status
 ------------------------------------------------------------------------------ 
  COSMOtherm                |          19.0          | active
  TURBOMOLE                 |          7.3           | active
 ------------------------------------------------------------------------------ 
 
 Note: Vapor pressure / property file could not be found for compound 1
 Reading COSMO information for compound 1 conformer 1 from file /media/nastya/storage/Project_nastya/cosmo/XMGQYMWWDOXHJM-SNVBAGLBSA-N.cosmo
 Note: Gas phase energy file could not be found for compound 1 conformer 1
 Note: converting Gaussian COSMO-file information of compound 1 conformer 1
 
 Note: Vapor pressure / property file could not be found for compound 2
 Reading COSMO information for compound 2 conformer 1 from file /media/nastya/storage/Project_nastya/cosmo/TUNFSRHWOTWDNC-UHFFFAOYSA-N.cosmo
 Note: Gas phase energy file could not be found for compound 2 conformer 1
 Note: converting Gaussian COSMO-file information of compound 2 conformer 1


 --- Compound 1 (XMGQYMWWDOXHJM-SNVBAGLBSA-N) ---

 Compound Information for compound 1 conformer 1 (COSMO file /media/nastya/storage/Project_nastya/cosmo/XMGQYMWWDOXHJM-SNVBAGLBSA-N.cosmo)
 Atomic weights         : 11111111111111111111111111
 E_COSMO+dE             :    -245223.8298 kcal/mol
 E_gas                  :    -245221.6374 kcal/mol
 E_COSMO-E_gas+dE       :         -2.1924 kcal/mol
 E_diel                 :         -2.8533 kcal/mol
 Averaging corr dE      :          0.2524 kcal/mol
 Area                   :        196.0094 A^2
 Volume                 :        204.7482 A^3
 Molecular Weight       :        136.2350 a.m.u.
 Total COSMO charge     :         -0.0040 a.u.
 Dipole moment (t,x,y,z):          0.8793  0.559387 -0.300934 -0.608058 Debye                            
 Sigma moments (1-6)    :          0.0000  2.46E+01  6.902662  9.063582  5.496420  5.223130              
 H-bond moment (accept) :          0.0000
 H-bond moment (donor)  :          0.0000
 
 WARNING: QM computation level of compound 1 conformer 1 could not be determined - it may differ from the QM level of the parameter set.
 No gas phase energy for compound 1 conformer 1 specified, thus it will be estimated


 --- Compound 2 (TUNFSRHWOTWDNC-UHFFFAOYSA-N) ---

 Compound Information for compound 2 conformer 1 (COSMO file /media/nastya/storage/Project_nastya/cosmo/TUNFSRHWOTWDNC-UHFFFAOYSA-N.cosmo)
 Atomic weights         : 11111111111111111111111111111111111111111111
 E_COSMO+dE             :    -439933.0532 kcal/mol
 E_gas                  :    -439926.3022 kcal/mol
 E_COSMO-E_gas+dE       :         -6.7510 kcal/mol
 E_diel                 :         -9.0544 kcal/mol
 Averaging corr dE      :          0.6086 kcal/mol
 Area                   :        330.5786 A^2
 Volume                 :        338.0133 A^3
 Molecular Weight       :        228.3723 a.m.u.
 Total COSMO charge     :         -0.0072 a.u.
 Dipole moment (t,x,y,z):          2.8730  2.129440  0.418204 -1.882675 Debye                            
 Sigma moments (1-6)    :          0.0000  6.97E+01  4.338649  1.10E+02 -3.62E+01  2.63E+02              
 H-bond moment (accept) :          1.8457
 H-bond moment (donor)  :          3.0730
 
 WARNING: QM computation level of compound 2 conformer 1 could not be determined - it may differ from the QM level of the parameter set.
 No gas phase energy for compound 2 conformer 1 specified, thus it will be estimated


 Total number of processed compounds:    2


----------------
 START job     1
----------------


 Results for mixture 1
 ---------------------
 Temperature          :    298.000 K
 Compound Nr.         :         1         2
 Compound             : XMGQYMWWD TUNFSRHWO
 Mole Fraction        :    0.5000    0.5000

 Compound: 1  (XMGQYMWWDOXHJM-SNVBAGLBSA-N)
 Chemical potential of the compound in the mixture :        -6.18998 kcal/mol
 Log10(partial pressure [mbar])                    :         0.59568
 Free energy of molecule in mix (E_COSMO+dE+Mu)    :   -245230.01981 kcal/mol
 Total mean interaction energy in the mix (H_int)  :        -8.32643 kcal/mol
 Misfit interaction energy in the mix (H_MF)       :         1.35451 kcal/mol
 H-Bond interaction energy in the mix (H_HB)       :        -0.00231 kcal/mol
 VdW interaction energy in the mix (H_vdW)         :        -9.67863 kcal/mol

 Compound: 2  (TUNFSRHWOTWDNC-UHFFFAOYSA-N)
 Chemical potential of the compound in the mixture :        -8.46902 kcal/mol
 Log10(partial pressure [mbar])                    :        -3.58756
 Free energy of molecule in mix (E_COSMO+dE+Mu)    :   -439941.52225 kcal/mol
 Total mean interaction energy in the mix (H_int)  :       -16.53183 kcal/mol
 Misfit interaction energy in the mix (H_MF)       :         2.49507 kcal/mol
 H-Bond interaction energy in the mix (H_HB)       :        -3.08413 kcal/mol
 VdW interaction energy in the mix (H_vdW)         :       -15.94276 kcal/mol



 Compound: 1 Conformer: 1 (XMGQYMWWDOXHJM-SNVBAGLBSA-N)
 Chemical potential of the molecule in the mixture :        -6.18998 kcal/mol
 Log10(partial pressure [mbar])                    :         0.59568
 Free energy of molecule in mix (E_COSMO+dE+Mu)    :   -245230.01981 kcal/mol
 Total mean interaction energy in the mix          :        -8.32643 kcal/mol
 Misfit interaction energy in the mix              :         1.35451 kcal/mol
 H-Bond interaction energy in the mix              :        -0.00231 kcal/mol
 VdW interaction energy in the mix                 :        -9.67863 kcal/mol
 Normalized weight factor of molecule in compound  :         1.00000
 Normalized weight factor of molecule in gas phase :         1.00000

 Compound: 2 Conformer: 1 (TUNFSRHWOTWDNC-UHFFFAOYSA-N)
 Chemical potential of the molecule in the mixture :        -8.46902 kcal/mol
 Log10(partial pressure [mbar])                    :        -3.58756
 Free energy of molecule in mix (E_COSMO+dE+Mu)    :   -439941.52225 kcal/mol
 Total mean interaction energy in the mix          :       -16.53183 kcal/mol
 Misfit interaction energy in the mix              :         2.49507 kcal/mol
 H-Bond interaction energy in the mix              :        -3.08413 kcal/mol
 VdW interaction energy in the mix                 :       -15.94276 kcal/mol
 Normalized weight factor of molecule in compound  :         1.00000
 Normalized weight factor of molecule in gas phase :         1.00000



 Note: Compound properties are tabulated in /media/nastya/storage/Project_nastya/mu_CA_05/XMGQYMWWDOXHJM-SNVBAGLBSA-N_TUNFSRHWOTWDNC-UHFFFAOYSA-N.tab
----------------
 END job       1
----------------
