 -----------------------------------------------------------
 BIOVIA COSMOtherm Version 2019 (build: 19.0.5 [65f0de1d5f])
 -----------------------------------------------------------

 Copyright (C) 1999-2019, Dassault Systemes BIOVIA corp, all rights reserved

 Job name   : !! generated by COSMOthermX !!
 Job date   : 10/20/2021
 Job time   : 17:32:47
 Hostname   : unknown
 OS type    : unknown
 Executable : Linux 64-bit

 Reading COSMOtherm parameter file BP_TZVP_C30_1701.ctd from directory /home/nastya/COSMOlogic/COSMOthermX19/COSMOtherm/CTDATA-FILES/OLDPARAM/
 Info: # COSMOtherm parameter file ./BP_TZVP_C30_1701.ctd for BP-TZVP optimized COSMO files                                                                  

 Reading COSMOtherm license key license.txt from directory /home/nastya/COSMOlogic/COSMOthermX19/licensefiles/

 COSMOtherm license key expiration date 01/16/2022
 COSMOtherm license key version 19.0
 Customer : TU Delft, Faculty of Applied Sciences
 ID       : 107270

 License keys:
  product                   |    licensed version    | status
 ------------------------------------------------------------------------------ 
  COSMOtherm                |          19.0          | active
  TURBOMOLE                 |          7.3           | active
 ------------------------------------------------------------------------------ 
 
 Note: Vapor pressure / property file could not be found for compound 1
 Reading COSMO information for compound 1 conformer 1 from file /media/nastya/storage/Project_nastya/cosmo/ZIBGPFATKBEMQZ-UHFFFAOYSA-N.cosmo
 Note: Gas phase energy file could not be found for compound 1 conformer 1
 Note: converting Gaussian COSMO-file information of compound 1 conformer 1
 
 Note: Vapor pressure / property file could not be found for compound 2
 Reading COSMO information for compound 2 conformer 1 from file /media/nastya/storage/Project_nastya/cosmo/USFRYJRPHFMVBZ-UHFFFAOYSA-M.cosmo
 Note: Gas phase energy file could not be found for compound 2 conformer 1
 Note: converting Gaussian COSMO-file information of compound 2 conformer 1


 --- Compound 1 (ZIBGPFATKBEMQZ-UHFFFAOYSA-N) ---

 Compound Information for compound 1 conformer 1 (COSMO file /media/nastya/storage/Project_nastya/cosmo/ZIBGPFATKBEMQZ-UHFFFAOYSA-N.cosmo)
 Atomic weights         : 111111111111111111111111
 E_COSMO+dE             :    -337680.5771 kcal/mol
 E_gas                  :    -337668.7350 kcal/mol
 E_COSMO-E_gas+dE       :        -11.8421 kcal/mol
 E_diel                 :        -17.0221 kcal/mol
 Averaging corr dE      :          1.0308 kcal/mol
 Area                   :        204.9417 A^2
 Volume                 :        191.5174 A^3
 Molecular Weight       :        150.1737 a.m.u.
 Total COSMO charge     :         -0.0011 a.u.
 Dipole moment (t,x,y,z):          2.8965 -1.212930 -2.525282  0.735785 Debye                            
 Sigma moments (1-6)    :          0.0000  1.29E+02  5.68E+01  2.40E+02  1.46E+02  5.75E+02              
 H-bond moment (accept) :          8.2543
 H-bond moment (donor)  :          3.6342
 
 WARNING: QM computation level of compound 1 conformer 1 could not be determined - it may differ from the QM level of the parameter set.
 No gas phase energy for compound 1 conformer 1 specified, thus it will be estimated


 --- Compound 2 (USFRYJRPHFMVBZ-UHFFFAOYSA-M) ---

 Compound Information for compound 2 conformer 1 (COSMO file /media/nastya/storage/Project_nastya/cosmo/USFRYJRPHFMVBZ-UHFFFAOYSA-M.cosmo)
 Atomic weights         : 1111111111111111111111111111111111111111111111111
 E_COSMO+dE             :   -1109360.9106 kcal/mol
 E_gas                  :   -1109332.2767 kcal/mol
 E_COSMO-E_gas+dE       :        -28.6339 kcal/mol
 E_diel                 :        -42.2770 kcal/mol
 Averaging corr dE      :          0.9600 kcal/mol
 Area                   :        376.9414 A^2
 Volume                 :        486.3940 A^3
 Molecular Weight       :        388.8713 a.m.u.
 Total COSMO charge     :          0.0027 a.u.
 Dipole moment (t,x,y,z):         20.0557 -1.436301  1.87E+01  7.226439 Debye                            
 Sigma moments (1-6)    :          0.0000  1.87E+02  1.51E+02  3.86E+02  6.13E+02  1.26E+03              
 H-bond moment (accept) :         18.3549
 H-bond moment (donor)  :          0.1409
 
 WARNING: QM computation level of compound 2 conformer 1 could not be determined - it may differ from the QM level of the parameter set.
 No gas phase energy for compound 2 conformer 1 specified, thus it will be estimated


 Total number of processed compounds:    2


----------------
 START job     1
----------------


 Results for mixture 1
 ---------------------
 Temperature          :    298.000 K
 Compound Nr.         :         1         2
 Compound             : ZIBGPFATK USFRYJRPH
 Mole Fraction        :    0.5000    0.5000

 Compound: 1  (ZIBGPFATKBEMQZ-UHFFFAOYSA-N)
 Chemical potential of the compound in the mixture :        -4.34233 kcal/mol
 Log10(partial pressure [mbar])                    :        -4.29485
 Free energy of molecule in mix (E_COSMO+dE+Mu)    :   -337684.91943 kcal/mol
 Total mean interaction energy in the mix (H_int)  :       -12.97368 kcal/mol
 Misfit interaction energy in the mix (H_MF)       :         4.02994 kcal/mol
 H-Bond interaction energy in the mix (H_HB)       :        -7.47595 kcal/mol
 VdW interaction energy in the mix (H_vdW)         :        -9.52767 kcal/mol

 Compound: 2  (USFRYJRPHFMVBZ-UHFFFAOYSA-M)
 Chemical potential of the compound in the mixture :        -3.07094 kcal/mol
 Log10(partial pressure [mbar])                    :       -19.00229
 Free energy of molecule in mix (E_COSMO+dE+Mu)    :  -1109363.98159 kcal/mol
 Total mean interaction energy in the mix (H_int)  :       -17.07047 kcal/mol
 Misfit interaction energy in the mix (H_MF)       :         8.03153 kcal/mol
 H-Bond interaction energy in the mix (H_HB)       :        -5.97471 kcal/mol
 VdW interaction energy in the mix (H_vdW)         :       -19.12728 kcal/mol



 Compound: 1 Conformer: 1 (ZIBGPFATKBEMQZ-UHFFFAOYSA-N)
 Chemical potential of the molecule in the mixture :        -4.34233 kcal/mol
 Log10(partial pressure [mbar])                    :        -4.29485
 Free energy of molecule in mix (E_COSMO+dE+Mu)    :   -337684.91943 kcal/mol
 Total mean interaction energy in the mix          :       -12.97368 kcal/mol
 Misfit interaction energy in the mix              :         4.02994 kcal/mol
 H-Bond interaction energy in the mix              :        -7.47595 kcal/mol
 VdW interaction energy in the mix                 :        -9.52767 kcal/mol
 Normalized weight factor of molecule in compound  :         1.00000
 Normalized weight factor of molecule in gas phase :         1.00000

 Compound: 2 Conformer: 1 (USFRYJRPHFMVBZ-UHFFFAOYSA-M)
 Chemical potential of the molecule in the mixture :        -3.07094 kcal/mol
 Log10(partial pressure [mbar])                    :       -19.00229
 Free energy of molecule in mix (E_COSMO+dE+Mu)    :  -1109363.98159 kcal/mol
 Total mean interaction energy in the mix          :       -17.07047 kcal/mol
 Misfit interaction energy in the mix              :         8.03153 kcal/mol
 H-Bond interaction energy in the mix              :        -5.97471 kcal/mol
 VdW interaction energy in the mix                 :       -19.12728 kcal/mol
 Normalized weight factor of molecule in compound  :         1.00000
 Normalized weight factor of molecule in gas phase :         1.00000



 Note: Compound properties are tabulated in /media/nastya/storage/Project_nastya/mu_CA_05/ZIBGPFATKBEMQZ-UHFFFAOYSA-N_USFRYJRPHFMVBZ-UHFFFAOYSA-M.tab
----------------
 END job       1
----------------
