 -----------------------------------------------------------
 BIOVIA COSMOtherm Version 2019 (build: 19.0.5 [65f0de1d5f])
 -----------------------------------------------------------

 Copyright (C) 1999-2019, Dassault Systemes BIOVIA corp, all rights reserved

 Job name   : !! generated by COSMOthermX !!
 Job date   : 10/20/2021
 Job time   : 17:31:53
 Hostname   : unknown
 OS type    : unknown
 Executable : Linux 64-bit

 Reading COSMOtherm parameter file BP_TZVP_C30_1701.ctd from directory /home/nastya/COSMOlogic/COSMOthermX19/COSMOtherm/CTDATA-FILES/OLDPARAM/
 Info: # COSMOtherm parameter file ./BP_TZVP_C30_1701.ctd for BP-TZVP optimized COSMO files                                                                  

 Reading COSMOtherm license key license.txt from directory /home/nastya/COSMOlogic/COSMOthermX19/licensefiles/

 COSMOtherm license key expiration date 01/16/2022
 COSMOtherm license key version 19.0
 Customer : TU Delft, Faculty of Applied Sciences
 ID       : 107270

 License keys:
  product                   |    licensed version    | status
 ------------------------------------------------------------------------------ 
  COSMOtherm                |          19.0          | active
  TURBOMOLE                 |          7.3           | active
 ------------------------------------------------------------------------------ 
 
 Note: Vapor pressure / property file could not be found for compound 1
 Reading COSMO information for compound 1 conformer 1 from file /media/nastya/storage/Project_nastya/cosmo/ZQPPMHVWECSIRJ-KTKRTIGZSA-N.cosmo
 Note: Gas phase energy file could not be found for compound 1 conformer 1
 Note: converting Gaussian COSMO-file information of compound 1 conformer 1
 
 Note: Vapor pressure / property file could not be found for compound 2
 Reading COSMO information for compound 2 conformer 1 from file /media/nastya/storage/Project_nastya/cosmo/GHVNFZFCNZKVNT-UHFFFAOYSA-N.cosmo
 Note: Gas phase energy file could not be found for compound 2 conformer 1
 Note: converting Gaussian COSMO-file information of compound 2 conformer 1


 --- Compound 1 (ZQPPMHVWECSIRJ-KTKRTIGZSA-N) ---

 Compound Information for compound 1 conformer 1 (COSMO file /media/nastya/storage/Project_nastya/cosmo/ZQPPMHVWECSIRJ-KTKRTIGZSA-N.cosmo)
 Atomic weights         : 111111111111111111111111111111111111111111111111111111
 E_COSMO+dE             :    -537866.5562 kcal/mol
 E_gas                  :    -537858.8071 kcal/mol
 E_COSMO-E_gas+dE       :         -7.7492 kcal/mol
 E_diel                 :        -10.5632 kcal/mol
 Averaging corr dE      :          0.7235 kcal/mol
 Area                   :        398.4355 A^2
 Volume                 :        420.6404 A^3
 Molecular Weight       :        282.4631 a.m.u.
 Total COSMO charge     :         -0.0098 a.u.
 Dipole moment (t,x,y,z):          2.3747  0.039635  0.214982  2.364618 Debye                            
 Sigma moments (1-6)    :          0.0000  8.18E+01  7.302317  1.14E+02 -3.43E+01  2.61E+02              
 H-bond moment (accept) :          1.7574
 H-bond moment (donor)  :          3.0458
 
 WARNING: QM computation level of compound 1 conformer 1 could not be determined - it may differ from the QM level of the parameter set.
 No gas phase energy for compound 1 conformer 1 specified, thus it will be estimated


 --- Compound 2 (GHVNFZFCNZKVNT-UHFFFAOYSA-N) ---

 Compound Information for compound 2 conformer 1 (COSMO file /media/nastya/storage/Project_nastya/cosmo/GHVNFZFCNZKVNT-UHFFFAOYSA-N.cosmo)
 Atomic weights         : 11111111111111111111111111111111
 E_COSMO+dE             :    -341228.4087 kcal/mol
 E_gas                  :    -341221.8182 kcal/mol
 E_COSMO-E_gas+dE       :         -6.5905 kcal/mol
 E_diel                 :         -8.7806 kcal/mol
 Averaging corr dE      :          0.5636 kcal/mol
 Area                   :        251.5038 A^2
 Volume                 :        251.0810 A^3
 Molecular Weight       :        172.2656 a.m.u.
 Total COSMO charge     :         -0.0042 a.u.
 Dipole moment (t,x,y,z):          2.7231 -1.896075  0.952154 -1.706973 Debye                            
 Sigma moments (1-6)    :          0.0000  6.73E+01  3.907905  1.11E+02 -3.63E+01  2.65E+02              
 H-bond moment (accept) :          1.8764
 H-bond moment (donor)  :          3.0810
 
 WARNING: QM computation level of compound 2 conformer 1 could not be determined - it may differ from the QM level of the parameter set.
 No gas phase energy for compound 2 conformer 1 specified, thus it will be estimated


 Total number of processed compounds:    2


----------------
 START job     1
----------------


 Results for mixture 1
 ---------------------
 Temperature          :    298.000 K
 Compound Nr.         :         1         2
 Compound             : ZQPPMHVWE GHVNFZFCN
 Mole Fraction        :    0.5000    0.5000

 Compound: 1  (ZQPPMHVWECSIRJ-KTKRTIGZSA-N)
 Chemical potential of the compound in the mixture :        -9.83966 kcal/mol
 Log10(partial pressure [mbar])                    :        -5.32480
 Free energy of molecule in mix (E_COSMO+dE+Mu)    :   -537876.39590 kcal/mol
 Total mean interaction energy in the mix (H_int)  :       -19.06534 kcal/mol
 Misfit interaction energy in the mix (H_MF)       :         3.29234 kcal/mol
 H-Bond interaction energy in the mix (H_HB)       :        -3.21894 kcal/mol
 VdW interaction energy in the mix (H_vdW)         :       -19.13874 kcal/mol

 Compound: 2  (GHVNFZFCNZKVNT-UHFFFAOYSA-N)
 Chemical potential of the compound in the mixture :        -6.17831 kcal/mol
 Log10(partial pressure [mbar])                    :        -1.78990
 Free energy of molecule in mix (E_COSMO+dE+Mu)    :   -341234.58698 kcal/mol
 Total mean interaction energy in the mix (H_int)  :       -13.06853 kcal/mol
 Misfit interaction energy in the mix (H_MF)       :         2.21945 kcal/mol
 H-Bond interaction energy in the mix (H_HB)       :        -3.39973 kcal/mol
 VdW interaction energy in the mix (H_vdW)         :       -11.88824 kcal/mol



 Compound: 1 Conformer: 1 (ZQPPMHVWECSIRJ-KTKRTIGZSA-N)
 Chemical potential of the molecule in the mixture :        -9.83966 kcal/mol
 Log10(partial pressure [mbar])                    :        -5.32480
 Free energy of molecule in mix (E_COSMO+dE+Mu)    :   -537876.39590 kcal/mol
 Total mean interaction energy in the mix          :       -19.06534 kcal/mol
 Misfit interaction energy in the mix              :         3.29234 kcal/mol
 H-Bond interaction energy in the mix              :        -3.21894 kcal/mol
 VdW interaction energy in the mix                 :       -19.13874 kcal/mol
 Normalized weight factor of molecule in compound  :         1.00000
 Normalized weight factor of molecule in gas phase :         1.00000

 Compound: 2 Conformer: 1 (GHVNFZFCNZKVNT-UHFFFAOYSA-N)
 Chemical potential of the molecule in the mixture :        -6.17831 kcal/mol
 Log10(partial pressure [mbar])                    :        -1.78990
 Free energy of molecule in mix (E_COSMO+dE+Mu)    :   -341234.58698 kcal/mol
 Total mean interaction energy in the mix          :       -13.06853 kcal/mol
 Misfit interaction energy in the mix              :         2.21945 kcal/mol
 H-Bond interaction energy in the mix              :        -3.39973 kcal/mol
 VdW interaction energy in the mix                 :       -11.88824 kcal/mol
 Normalized weight factor of molecule in compound  :         1.00000
 Normalized weight factor of molecule in gas phase :         1.00000



 Note: Compound properties are tabulated in /media/nastya/storage/Project_nastya/mu_CA_05/ZQPPMHVWECSIRJ-KTKRTIGZSA-N_GHVNFZFCNZKVNT-UHFFFAOYSA-N.tab
----------------
 END job       1
----------------
