 -----------------------------------------------------------
 BIOVIA COSMOtherm Version 2019 (build: 19.0.5 [65f0de1d5f])
 -----------------------------------------------------------

 Copyright (C) 1999-2019, Dassault Systemes BIOVIA corp, all rights reserved

 Job name   : !! generated by COSMOthermX !!
 Job date   : 08/03/2022
 Job time   : 16:10:41
 Hostname   : unknown
 OS type    : unknown
 Executable : Linux 64-bit

 Reading COSMOtherm parameter file BP_TZVP_C30_1701.ctd from directory /home/comp5/Nastya/COSMOlogic/COSMOthermX19/COSMOtherm/CTDATA-FILES/OLDPARAM/
 Info: # COSMOtherm parameter file ./BP_TZVP_C30_1701.ctd for BP-TZVP optimized COSMO files                                                                  

 Reading COSMOtherm license key license.txt from directory /home/comp5/Nastya/COSMOlogic/COSMOthermX19/licensefiles/

 COSMOtherm license key expiration date 04/26/2025
 COSMOtherm license key version 21
 Customer : 200000000032966
 ID       : LKO1978637

 License keys:
  product                   |    licensed version    | status
 ------------------------------------------------------------------------------ 
  COSMOtherm                |          21            | active
  TURBOMOLE                 |          21            | active
 ------------------------------------------------------------------------------ 
 
 Reading vapor pressure and property information for compound 1 from file /home/comp5/Nastya/cosmo/AEMRFAOFKBGASW-UHFFFAOYSA-N.vap
 Reading COSMO information for compound 1 conformer 1 from file /home/comp5/Nastya/cosmo/AEMRFAOFKBGASW-UHFFFAOYSA-N.cosmo
 Note: Gas phase energy file could not be found for compound 1 conformer 1
 Note: converting Gaussian COSMO-file information of compound 1 conformer 1
 
 Reading vapor pressure and property information for compound 2 from file /home/comp5/Nastya/cosmo/KWIUHFFTVRNATP-UHFFFAOYSA-N.vap
 Reading COSMO information for compound 2 conformer 1 from file /home/comp5/Nastya/cosmo/KWIUHFFTVRNATP-UHFFFAOYSA-N.cosmo
 Note: Gas phase energy file could not be found for compound 2 conformer 1
 Note: converting Gaussian COSMO-file information of compound 2 conformer 1


 --- Compound 1 (AEMRFAOFKBGASW-UHFFFAOYSA-N) ---

 Compound Information for compound 1 conformer 1 (COSMO file /home/comp5/Nastya/cosmo/AEMRFAOFKBGASW-UHFFFAOYSA-N.cosmo)
 Atomic weights         : 111111111
 E_COSMO+dE             :    -191037.1089 kcal/mol
 E_gas                  :    -191025.4501 kcal/mol
 E_COSMO-E_gas+dE       :        -11.6588 kcal/mol
 E_diel                 :        -16.3195 kcal/mol
 Averaging corr dE      :          0.7641 kcal/mol
 Area                   :        102.9747 A^2
 Volume                 :         85.5418 A^3
 Molecular Weight       :         76.0516 a.m.u.
 Total COSMO charge     :          0.0014 a.u.
 Dipole moment (t,x,y,z):          4.3584 -0.049263 -4.358095  0.009115 Debye                            
 Sigma moments (1-6)    :          0.0000  1.11E+02 -4.268798  2.32E+02 -5.48E+01  6.11E+02              
 H-bond moment (accept) :          4.8943
 H-bond moment (donor)  :          6.2232
 
 WARNING: QM computation level of compound 1 conformer 1 could not be determined - it may differ from the QM level of the parameter set.
 No gas phase energy for compound 1 conformer 1 specified, thus it will be estimated


 --- Compound 2 (KWIUHFFTVRNATP-UHFFFAOYSA-N) ---

 Compound Information for compound 2 conformer 1 (COSMO file /home/comp5/Nastya/cosmo/KWIUHFFTVRNATP-UHFFFAOYSA-N.cosmo)
 Atomic weights         : 1111111111111111111
 E_COSMO+dE             :    -252580.8433 kcal/mol
 E_gas                  :    -252553.4740 kcal/mol
 E_COSMO-E_gas+dE       :        -27.3693 kcal/mol
 E_diel                 :        -40.1242 kcal/mol
 Averaging corr dE      :          0.7176 kcal/mol
 Area                   :        154.0612 A^2
 Volume                 :        155.3798 A^3
 Molecular Weight       :        117.1469 a.m.u.
 Total COSMO charge     :          0.0039 a.u.
 Dipole moment (t,x,y,z):         15.1887  1.51E+01 -1.715292  0.002027 Debye                            
 Sigma moments (1-6)    :          0.0000  1.69E+02  1.64E+02  4.27E+02  6.97E+02  1.45E+03              
 H-bond moment (accept) :         19.6211
 H-bond moment (donor)  :          0.1747
 
 WARNING: QM computation level of compound 2 conformer 1 could not be determined - it may differ from the QM level of the parameter set.
 No gas phase energy for compound 2 conformer 1 specified, thus it will be estimated


 Total number of processed compounds:    2


----------------
 START job     1
----------------


 Results for mixture 1
 ---------------------
 Temperature          :    350.800 K
 Compound Nr.         :         1         2
 Compound             : AEMRFAOFK KWIUHFFTV
 Mole Fraction        :    1.0000    0.0000

 Compound: 1  (AEMRFAOFKBGASW-UHFFFAOYSA-N)
 Chemical potential of the compound in the mixture :        -1.11199 kcal/mol
 Log10(partial pressure [mbar])                    :        -0.48022
 Free energy of molecule in mix (E_COSMO+dE+Mu)    :   -191038.22093 kcal/mol
 Total mean interaction energy in the mix (H_int)  :       -10.16195 kcal/mol
 Misfit interaction energy in the mix (H_MF)       :         1.83244 kcal/mol
 H-Bond interaction energy in the mix (H_HB)       :        -8.42407 kcal/mol
 VdW interaction energy in the mix (H_vdW)         :        -3.57032 kcal/mol

 Compound: 2  (KWIUHFFTVRNATP-UHFFFAOYSA-N)
 Chemical potential of the compound in the mixture :        -2.52661 kcal/mol
 Log10(partial pressure [mbar])                    :       -11.14903
 Free energy of molecule in mix (E_COSMO+dE+Mu)    :   -252583.36989 kcal/mol
 Total mean interaction energy in the mix (H_int)  :       -21.02677 kcal/mol
 Misfit interaction energy in the mix (H_MF)       :         3.02576 kcal/mol
 H-Bond interaction energy in the mix (H_HB)       :       -17.88416 kcal/mol
 VdW interaction energy in the mix (H_vdW)         :        -6.16837 kcal/mol



 Compound: 1 Conformer: 1 (AEMRFAOFKBGASW-UHFFFAOYSA-N)
 Chemical potential of the molecule in the mixture :        -1.11199 kcal/mol
 Log10(partial pressure [mbar])                    :        -0.48022
 Free energy of molecule in mix (E_COSMO+dE+Mu)    :   -191038.22093 kcal/mol
 Total mean interaction energy in the mix          :       -10.16195 kcal/mol
 Misfit interaction energy in the mix              :         1.83244 kcal/mol
 H-Bond interaction energy in the mix              :        -8.42407 kcal/mol
 VdW interaction energy in the mix                 :        -3.57032 kcal/mol
 Normalized weight factor of molecule in compound  :         1.00000
 Normalized weight factor of molecule in gas phase :         1.00000

 Compound: 2 Conformer: 1 (KWIUHFFTVRNATP-UHFFFAOYSA-N)
 Chemical potential of the molecule in the mixture :        -2.52661 kcal/mol
 Log10(partial pressure [mbar])                    :       -11.14903
 Free energy of molecule in mix (E_COSMO+dE+Mu)    :   -252583.36989 kcal/mol
 Total mean interaction energy in the mix          :       -21.02677 kcal/mol
 Misfit interaction energy in the mix              :         3.02576 kcal/mol
 H-Bond interaction energy in the mix              :       -17.88416 kcal/mol
 VdW interaction energy in the mix                 :        -6.16837 kcal/mol
 Normalized weight factor of molecule in compound  :         1.00000
 Normalized weight factor of molecule in gas phase :         1.00000



 Note: Compound properties are tabulated in /home/comp5/Nastya/mu_CA_update/AEMRFAOFKBGASW-UHFFFAOYSA-N_KWIUHFFTVRNATP-UHFFFAOYSA-N.tab
----------------
 END job       1
----------------
----------------
 START job     2
----------------


 Results for mixture 2
 ---------------------
 Temperature          :    514.150 K
 Compound Nr.         :         1         2
 Compound             : AEMRFAOFK KWIUHFFTV
 Mole Fraction        :    0.0000    1.0000

 Compound: 1  (AEMRFAOFKBGASW-UHFFFAOYSA-N)
 Chemical potential of the compound in the mixture :        -0.40483 kcal/mol
 Log10(partial pressure [mbar])                    :         2.17142
 Free energy of molecule in mix (E_COSMO+dE+Mu)    :   -191037.51376 kcal/mol
 Total mean interaction energy in the mix (H_int)  :        -2.78203 kcal/mol
 Misfit interaction energy in the mix (H_MF)       :         3.79602 kcal/mol
 H-Bond interaction energy in the mix (H_HB)       :        -3.06679 kcal/mol
 VdW interaction energy in the mix (H_vdW)         :        -3.51127 kcal/mol

 Compound: 2  (KWIUHFFTVRNATP-UHFFFAOYSA-N)
 Chemical potential of the compound in the mixture :         6.29354 kcal/mol
 Log10(partial pressure [mbar])                    :        -1.65929
 Free energy of molecule in mix (E_COSMO+dE+Mu)    :   -252574.54973 kcal/mol
 Total mean interaction energy in the mix (H_int)  :         2.49216 kcal/mol
 Misfit interaction energy in the mix (H_MF)       :         9.01748 kcal/mol
 H-Bond interaction energy in the mix (H_HB)       :        -0.86390 kcal/mol
 VdW interaction energy in the mix (H_vdW)         :        -5.66142 kcal/mol



 Compound: 1 Conformer: 1 (AEMRFAOFKBGASW-UHFFFAOYSA-N)
 Chemical potential of the molecule in the mixture :        -0.40483 kcal/mol
 Log10(partial pressure [mbar])                    :         2.17142
 Free energy of molecule in mix (E_COSMO+dE+Mu)    :   -191037.51376 kcal/mol
 Total mean interaction energy in the mix          :        -2.78203 kcal/mol
 Misfit interaction energy in the mix              :         3.79602 kcal/mol
 H-Bond interaction energy in the mix              :        -3.06679 kcal/mol
 VdW interaction energy in the mix                 :        -3.51127 kcal/mol
 Normalized weight factor of molecule in compound  :         1.00000
 Normalized weight factor of molecule in gas phase :         1.00000

 Compound: 2 Conformer: 1 (KWIUHFFTVRNATP-UHFFFAOYSA-N)
 Chemical potential of the molecule in the mixture :         6.29354 kcal/mol
 Log10(partial pressure [mbar])                    :        -1.65929
 Free energy of molecule in mix (E_COSMO+dE+Mu)    :   -252574.54973 kcal/mol
 Total mean interaction energy in the mix          :         2.49216 kcal/mol
 Misfit interaction energy in the mix              :         9.01748 kcal/mol
 H-Bond interaction energy in the mix              :        -0.86390 kcal/mol
 VdW interaction energy in the mix                 :        -5.66142 kcal/mol
 Normalized weight factor of molecule in compound  :         1.00000
 Normalized weight factor of molecule in gas phase :         1.00000



 Note: Compound properties are tabulated in /home/comp5/Nastya/mu_CA_update/AEMRFAOFKBGASW-UHFFFAOYSA-N_KWIUHFFTVRNATP-UHFFFAOYSA-N.tab
----------------
 END job       2
----------------
