 -----------------------------------------------------------
 BIOVIA COSMOtherm Version 2019 (build: 19.0.5 [65f0de1d5f])
 -----------------------------------------------------------

 Copyright (C) 1999-2019, Dassault Systemes BIOVIA corp, all rights reserved

 Job name   : !! generated by COSMOthermX !!
 Job date   : 08/03/2022
 Job time   : 16:11:02
 Hostname   : unknown
 OS type    : unknown
 Executable : Linux 64-bit

 Reading COSMOtherm parameter file BP_TZVP_C30_1701.ctd from directory /home/comp5/Nastya/COSMOlogic/COSMOthermX19/COSMOtherm/CTDATA-FILES/OLDPARAM/
 Info: # COSMOtherm parameter file ./BP_TZVP_C30_1701.ctd for BP-TZVP optimized COSMO files                                                                  

 Reading COSMOtherm license key license.txt from directory /home/comp5/Nastya/COSMOlogic/COSMOthermX19/licensefiles/

 COSMOtherm license key expiration date 04/26/2025
 COSMOtherm license key version 21
 Customer : 200000000032966
 ID       : LKO1978637

 License keys:
  product                   |    licensed version    | status
 ------------------------------------------------------------------------------ 
  COSMOtherm                |          21            | active
  TURBOMOLE                 |          21            | active
 ------------------------------------------------------------------------------ 
 
 Note: Vapor pressure / property file could not be found for compound 1
 Reading COSMO information for compound 1 conformer 1 from file /home/comp5/Nastya/cosmo/BJEPYKJPYRNKOW-UHFFFAOYSA-N.cosmo
 Note: Gas phase energy file could not be found for compound 1 conformer 1
 Note: converting Gaussian COSMO-file information of compound 1 conformer 1
 
 Reading vapor pressure and property information for compound 2 from file /home/comp5/Nastya/cosmo/KWIUHFFTVRNATP-UHFFFAOYSA-N.vap
 Reading COSMO information for compound 2 conformer 1 from file /home/comp5/Nastya/cosmo/KWIUHFFTVRNATP-UHFFFAOYSA-N.cosmo
 Note: Gas phase energy file could not be found for compound 2 conformer 1
 Note: converting Gaussian COSMO-file information of compound 2 conformer 1


 --- Compound 1 (BJEPYKJPYRNKOW-UHFFFAOYSA-N) ---

 Compound Information for compound 1 conformer 1 (COSMO file /home/comp5/Nastya/cosmo/BJEPYKJPYRNKOW-UHFFFAOYSA-N.cosmo)
 Atomic weights         : 111111111111111
 E_COSMO+dE             :    -334099.8811 kcal/mol
 E_gas                  :    -334085.0840 kcal/mol
 E_COSMO-E_gas+dE       :        -14.7971 kcal/mol
 E_diel                 :        -22.2138 kcal/mol
 Averaging corr dE      :          1.1831 kcal/mol
 Area                   :        151.1022 A^2
 Volume                 :        144.7347 A^3
 Molecular Weight       :        134.0880 a.m.u.
 Total COSMO charge     :          0.0044 a.u.
 Dipole moment (t,x,y,z):          3.5165 -3.473566  0.433213 -0.335720 Debye                            
 Sigma moments (1-6)    :          0.0000  1.61E+02 -3.49E+01  3.32E+02 -1.99E+02  8.80E+02              
 H-bond moment (accept) :          4.7934
 H-bond moment (donor)  :         10.3965
 
 WARNING: QM computation level of compound 1 conformer 1 could not be determined - it may differ from the QM level of the parameter set.
 No gas phase energy for compound 1 conformer 1 specified, thus it will be estimated


 --- Compound 2 (KWIUHFFTVRNATP-UHFFFAOYSA-N) ---

 Compound Information for compound 2 conformer 1 (COSMO file /home/comp5/Nastya/cosmo/KWIUHFFTVRNATP-UHFFFAOYSA-N.cosmo)
 Atomic weights         : 1111111111111111111
 E_COSMO+dE             :    -252580.8433 kcal/mol
 E_gas                  :    -252553.4740 kcal/mol
 E_COSMO-E_gas+dE       :        -27.3693 kcal/mol
 E_diel                 :        -40.1242 kcal/mol
 Averaging corr dE      :          0.7176 kcal/mol
 Area                   :        154.0612 A^2
 Volume                 :        155.3798 A^3
 Molecular Weight       :        117.1469 a.m.u.
 Total COSMO charge     :          0.0039 a.u.
 Dipole moment (t,x,y,z):         15.1887  1.51E+01 -1.715292  0.002027 Debye                            
 Sigma moments (1-6)    :          0.0000  1.69E+02  1.64E+02  4.27E+02  6.97E+02  1.45E+03              
 H-bond moment (accept) :         19.6211
 H-bond moment (donor)  :          0.1747
 
 WARNING: QM computation level of compound 2 conformer 1 could not be determined - it may differ from the QM level of the parameter set.
 No gas phase energy for compound 2 conformer 1 specified, thus it will be estimated


 Total number of processed compounds:    2


----------------
 START job     1
----------------


 Results for mixture 1
 ---------------------
 Temperature          :    404.300 K
 Compound Nr.         :         1         2
 Compound             : BJEPYKJPY KWIUHFFTV
 Mole Fraction        :    1.0000    0.0000

 Compound: 1  (BJEPYKJPYRNKOW-UHFFFAOYSA-N)
 Chemical potential of the compound in the mixture :         0.92721 kcal/mol
 Log10(partial pressure [mbar])                    :        -0.09511
 Free energy of molecule in mix (E_COSMO+dE+Mu)    :   -334098.95386 kcal/mol
 Total mean interaction energy in the mix (H_int)  :        -8.90831 kcal/mol
 Misfit interaction energy in the mix (H_MF)       :         3.28233 kcal/mol
 H-Bond interaction energy in the mix (H_HB)       :        -7.63070 kcal/mol
 VdW interaction energy in the mix (H_vdW)         :        -4.55994 kcal/mol

 Compound: 2  (KWIUHFFTVRNATP-UHFFFAOYSA-N)
 Chemical potential of the compound in the mixture :        -1.58434 kcal/mol
 Log10(partial pressure [mbar])                    :        -8.24868
 Free energy of molecule in mix (E_COSMO+dE+Mu)    :   -252582.42762 kcal/mol
 Total mean interaction energy in the mix (H_int)  :       -16.90397 kcal/mol
 Misfit interaction energy in the mix (H_MF)       :         3.16108 kcal/mol
 H-Bond interaction energy in the mix (H_HB)       :       -14.23157 kcal/mol
 VdW interaction energy in the mix (H_vdW)         :        -5.83349 kcal/mol



 Compound: 1 Conformer: 1 (BJEPYKJPYRNKOW-UHFFFAOYSA-N)
 Chemical potential of the molecule in the mixture :         0.92721 kcal/mol
 Log10(partial pressure [mbar])                    :        -0.09511
 Free energy of molecule in mix (E_COSMO+dE+Mu)    :   -334098.95386 kcal/mol
 Total mean interaction energy in the mix          :        -8.90831 kcal/mol
 Misfit interaction energy in the mix              :         3.28233 kcal/mol
 H-Bond interaction energy in the mix              :        -7.63070 kcal/mol
 VdW interaction energy in the mix                 :        -4.55994 kcal/mol
 Normalized weight factor of molecule in compound  :         1.00000
 Normalized weight factor of molecule in gas phase :         1.00000

 Compound: 2 Conformer: 1 (KWIUHFFTVRNATP-UHFFFAOYSA-N)
 Chemical potential of the molecule in the mixture :        -1.58434 kcal/mol
 Log10(partial pressure [mbar])                    :        -8.24868
 Free energy of molecule in mix (E_COSMO+dE+Mu)    :   -252582.42762 kcal/mol
 Total mean interaction energy in the mix          :       -16.90397 kcal/mol
 Misfit interaction energy in the mix              :         3.16108 kcal/mol
 H-Bond interaction energy in the mix              :       -14.23157 kcal/mol
 VdW interaction energy in the mix                 :        -5.83349 kcal/mol
 Normalized weight factor of molecule in compound  :         1.00000
 Normalized weight factor of molecule in gas phase :         1.00000



 Note: Compound properties are tabulated in /home/comp5/Nastya/mu_CA_update/BJEPYKJPYRNKOW-UHFFFAOYSA-N_KWIUHFFTVRNATP-UHFFFAOYSA-N.tab
----------------
 END job       1
----------------
----------------
 START job     2
----------------


 Results for mixture 2
 ---------------------
 Temperature          :    514.150 K
 Compound Nr.         :         1         2
 Compound             : BJEPYKJPY KWIUHFFTV
 Mole Fraction        :    0.0000    1.0000

 Compound: 1  (BJEPYKJPYRNKOW-UHFFFAOYSA-N)
 Chemical potential of the compound in the mixture :        -0.74781 kcal/mol
 Log10(partial pressure [mbar])                    :         0.69166
 Free energy of molecule in mix (E_COSMO+dE+Mu)    :   -334100.62888 kcal/mol
 Total mean interaction energy in the mix (H_int)  :        -4.99923 kcal/mol
 Misfit interaction energy in the mix (H_MF)       :         5.04052 kcal/mol
 H-Bond interaction energy in the mix (H_HB)       :        -4.97494 kcal/mol
 VdW interaction energy in the mix (H_vdW)         :        -5.06481 kcal/mol

 Compound: 2  (KWIUHFFTVRNATP-UHFFFAOYSA-N)
 Chemical potential of the compound in the mixture :         6.29354 kcal/mol
 Log10(partial pressure [mbar])                    :        -1.65929
 Free energy of molecule in mix (E_COSMO+dE+Mu)    :   -252574.54973 kcal/mol
 Total mean interaction energy in the mix (H_int)  :         2.49216 kcal/mol
 Misfit interaction energy in the mix (H_MF)       :         9.01748 kcal/mol
 H-Bond interaction energy in the mix (H_HB)       :        -0.86390 kcal/mol
 VdW interaction energy in the mix (H_vdW)         :        -5.66142 kcal/mol



 Compound: 1 Conformer: 1 (BJEPYKJPYRNKOW-UHFFFAOYSA-N)
 Chemical potential of the molecule in the mixture :        -0.74781 kcal/mol
 Log10(partial pressure [mbar])                    :         0.69166
 Free energy of molecule in mix (E_COSMO+dE+Mu)    :   -334100.62888 kcal/mol
 Total mean interaction energy in the mix          :        -4.99923 kcal/mol
 Misfit interaction energy in the mix              :         5.04052 kcal/mol
 H-Bond interaction energy in the mix              :        -4.97494 kcal/mol
 VdW interaction energy in the mix                 :        -5.06481 kcal/mol
 Normalized weight factor of molecule in compound  :         1.00000
 Normalized weight factor of molecule in gas phase :         1.00000

 Compound: 2 Conformer: 1 (KWIUHFFTVRNATP-UHFFFAOYSA-N)
 Chemical potential of the molecule in the mixture :         6.29354 kcal/mol
 Log10(partial pressure [mbar])                    :        -1.65929
 Free energy of molecule in mix (E_COSMO+dE+Mu)    :   -252574.54973 kcal/mol
 Total mean interaction energy in the mix          :         2.49216 kcal/mol
 Misfit interaction energy in the mix              :         9.01748 kcal/mol
 H-Bond interaction energy in the mix              :        -0.86390 kcal/mol
 VdW interaction energy in the mix                 :        -5.66142 kcal/mol
 Normalized weight factor of molecule in compound  :         1.00000
 Normalized weight factor of molecule in gas phase :         1.00000



 Note: Compound properties are tabulated in /home/comp5/Nastya/mu_CA_update/BJEPYKJPYRNKOW-UHFFFAOYSA-N_KWIUHFFTVRNATP-UHFFFAOYSA-N.tab
----------------
 END job       2
----------------
