 -----------------------------------------------------------
 BIOVIA COSMOtherm Version 2019 (build: 19.0.5 [65f0de1d5f])
 -----------------------------------------------------------

 Copyright (C) 1999-2019, Dassault Systemes BIOVIA corp, all rights reserved

 Job name   : !! generated by COSMOthermX !!
 Job date   : 08/03/2022
 Job time   : 16:10:09
 Hostname   : unknown
 OS type    : unknown
 Executable : Linux 64-bit

 Reading COSMOtherm parameter file BP_TZVP_C30_1701.ctd from directory /home/comp5/Nastya/COSMOlogic/COSMOthermX19/COSMOtherm/CTDATA-FILES/OLDPARAM/
 Info: # COSMOtherm parameter file ./BP_TZVP_C30_1701.ctd for BP-TZVP optimized COSMO files                                                                  

 Reading COSMOtherm license key license.txt from directory /home/comp5/Nastya/COSMOlogic/COSMOthermX19/licensefiles/

 COSMOtherm license key expiration date 04/26/2025
 COSMOtherm license key version 21
 Customer : 200000000032966
 ID       : LKO1978637

 License keys:
  product                   |    licensed version    | status
 ------------------------------------------------------------------------------ 
  COSMOtherm                |          21            | active
  TURBOMOLE                 |          21            | active
 ------------------------------------------------------------------------------ 
 
 Note: Vapor pressure / property file could not be found for compound 1
 Reading COSMO information for compound 1 conformer 1 from file /home/comp5/Nastya/cosmo/BSYNRYMUTXBXSQ-UHFFFAOYSA-N.cosmo
 Note: Gas phase energy file could not be found for compound 1 conformer 1
 Note: converting Gaussian COSMO-file information of compound 1 conformer 1
 
 Reading vapor pressure and property information for compound 2 from file /home/comp5/Nastya/cosmo/SGMZJAMFUVOLNK-UHFFFAOYSA-M.vap
 Reading COSMO information for compound 2 conformer 1 from file /home/comp5/Nastya/cosmo/SGMZJAMFUVOLNK-UHFFFAOYSA-M.cosmo
 Note: Gas phase energy file could not be found for compound 2 conformer 1
 Note: converting Gaussian COSMO-file information of compound 2 conformer 1


 --- Compound 1 (BSYNRYMUTXBXSQ-UHFFFAOYSA-N) ---

 Compound Information for compound 1 conformer 1 (COSMO file /home/comp5/Nastya/cosmo/BSYNRYMUTXBXSQ-UHFFFAOYSA-N.cosmo)
 Atomic weights         : 111111111111111111111
 E_COSMO+dE             :    -407222.2675 kcal/mol
 E_gas                  :    -407212.4772 kcal/mol
 E_COSMO-E_gas+dE       :         -9.7903 kcal/mol
 E_diel                 :        -13.4947 kcal/mol
 Averaging corr dE      :          0.7529 kcal/mol
 Area                   :        199.6929 A^2
 Volume                 :        205.4205 A^3
 Molecular Weight       :        180.1583 a.m.u.
 Total COSMO charge     :          0.0021 a.u.
 Dipole moment (t,x,y,z):          2.9372  2.299910  0.989224 -1.535928 Debye                            
 Sigma moments (1-6)    :          0.0000  9.35E+01 -4.680367  1.35E+02 -6.37E+01  3.12E+02              
 H-bond moment (accept) :          1.5569
 H-bond moment (donor)  :          3.5158
 
 WARNING: QM computation level of compound 1 conformer 1 could not be determined - it may differ from the QM level of the parameter set.
 No gas phase energy for compound 1 conformer 1 specified, thus it will be estimated


 --- Compound 2 (SGMZJAMFUVOLNK-UHFFFAOYSA-M) ---

 Compound Information for compound 2 conformer 1 (COSMO file /home/comp5/Nastya/cosmo/SGMZJAMFUVOLNK-UHFFFAOYSA-M.cosmo)
 Atomic weights         : 1111111111111111111111
 E_COSMO+dE             :    -495311.0092 kcal/mol
 E_gas                  :    -495280.9240 kcal/mol
 E_COSMO-E_gas+dE       :        -30.0852 kcal/mol
 E_diel                 :        -43.9005 kcal/mol
 Averaging corr dE      :          0.6451 kcal/mol
 Area                   :        177.0496 A^2
 Volume                 :        188.1524 A^3
 Molecular Weight       :        139.6245 a.m.u.
 Total COSMO charge     :          0.0093 a.u.
 Dipole moment (t,x,y,z):         18.3247 -1.83E+01  0.122140 -1.618568 Debye                            
 Sigma moments (1-6)    :          0.0000  1.72E+02  1.20E+02  3.11E+02  3.77E+02  7.14E+02              
 H-bond moment (accept) :         15.0395
 H-bond moment (donor)  :          0.2290
 
 WARNING: QM computation level of compound 2 conformer 1 could not be determined - it may differ from the QM level of the parameter set.
 No gas phase energy for compound 2 conformer 1 specified, thus it will be estimated


 Total number of processed compounds:    2


----------------
 START job     1
----------------


 Results for mixture 1
 ---------------------
 Temperature          :    414.000 K
 Compound Nr.         :         1         2
 Compound             : BSYNRYMUT SGMZJAMFU
 Mole Fraction        :    1.0000    0.0000

 Compound: 1  (BSYNRYMUTXBXSQ-UHFFFAOYSA-N)
 Chemical potential of the compound in the mixture :        -1.50625 kcal/mol
 Log10(partial pressure [mbar])                    :         0.82932
 Free energy of molecule in mix (E_COSMO+dE+Mu)    :   -407223.77376 kcal/mol
 Total mean interaction energy in the mix (H_int)  :        -5.78182 kcal/mol
 Misfit interaction energy in the mix (H_MF)       :         3.69230 kcal/mol
 H-Bond interaction energy in the mix (H_HB)       :        -1.32094 kcal/mol
 VdW interaction energy in the mix (H_vdW)         :        -8.15319 kcal/mol

 Compound: 2  (SGMZJAMFUVOLNK-UHFFFAOYSA-M)
 Chemical potential of the compound in the mixture :         2.74415 kcal/mol
 Log10(partial pressure [mbar])                    :        -7.04202
 Free energy of molecule in mix (E_COSMO+dE+Mu)    :   -495308.26508 kcal/mol
 Total mean interaction energy in the mix (H_int)  :       -10.37653 kcal/mol
 Misfit interaction energy in the mix (H_MF)       :         4.72309 kcal/mol
 H-Bond interaction energy in the mix (H_HB)       :        -7.39439 kcal/mol
 VdW interaction energy in the mix (H_vdW)         :        -7.70523 kcal/mol



 Compound: 1 Conformer: 1 (BSYNRYMUTXBXSQ-UHFFFAOYSA-N)
 Chemical potential of the molecule in the mixture :        -1.50625 kcal/mol
 Log10(partial pressure [mbar])                    :         0.82932
 Free energy of molecule in mix (E_COSMO+dE+Mu)    :   -407223.77376 kcal/mol
 Total mean interaction energy in the mix          :        -5.78182 kcal/mol
 Misfit interaction energy in the mix              :         3.69230 kcal/mol
 H-Bond interaction energy in the mix              :        -1.32094 kcal/mol
 VdW interaction energy in the mix                 :        -8.15319 kcal/mol
 Normalized weight factor of molecule in compound  :         1.00000
 Normalized weight factor of molecule in gas phase :         1.00000

 Compound: 2 Conformer: 1 (SGMZJAMFUVOLNK-UHFFFAOYSA-M)
 Chemical potential of the molecule in the mixture :         2.74415 kcal/mol
 Log10(partial pressure [mbar])                    :        -7.04202
 Free energy of molecule in mix (E_COSMO+dE+Mu)    :   -495308.26508 kcal/mol
 Total mean interaction energy in the mix          :       -10.37653 kcal/mol
 Misfit interaction energy in the mix              :         4.72309 kcal/mol
 H-Bond interaction energy in the mix              :        -7.39439 kcal/mol
 VdW interaction energy in the mix                 :        -7.70523 kcal/mol
 Normalized weight factor of molecule in compound  :         1.00000
 Normalized weight factor of molecule in gas phase :         1.00000



 Note: Compound properties are tabulated in /home/comp5/Nastya/mu_CA_update/BSYNRYMUTXBXSQ-UHFFFAOYSA-N_SGMZJAMFUVOLNK-UHFFFAOYSA-M.tab
----------------
 END job       1
----------------
----------------
 START job     2
----------------


 Results for mixture 2
 ---------------------
 Temperature          :    578.150 K
 Compound Nr.         :         1         2
 Compound             : BSYNRYMUT SGMZJAMFU
 Mole Fraction        :    0.0000    1.0000

 Compound: 1  (BSYNRYMUTXBXSQ-UHFFFAOYSA-N)
 Chemical potential of the compound in the mixture :        -0.10168 kcal/mol
 Log10(partial pressure [mbar])                    :         3.08948
 Free energy of molecule in mix (E_COSMO+dE+Mu)    :   -407222.36919 kcal/mol
 Total mean interaction energy in the mix (H_int)  :        -0.55466 kcal/mol
 Misfit interaction energy in the mix (H_MF)       :         7.16926 kcal/mol
 H-Bond interaction energy in the mix (H_HB)       :        -0.73761 kcal/mol
 VdW interaction energy in the mix (H_vdW)         :        -6.98631 kcal/mol

 Compound: 2  (SGMZJAMFUVOLNK-UHFFFAOYSA-M)
 Chemical potential of the compound in the mixture :         5.74815 kcal/mol
 Log10(partial pressure [mbar])                    :        -1.94240
 Free energy of molecule in mix (E_COSMO+dE+Mu)    :   -495305.26108 kcal/mol
 Total mean interaction energy in the mix (H_int)  :         1.34719 kcal/mol
 Misfit interaction energy in the mix (H_MF)       :         8.54801 kcal/mol
 H-Bond interaction energy in the mix (H_HB)       :        -0.49990 kcal/mol
 VdW interaction energy in the mix (H_vdW)         :        -6.70093 kcal/mol



 Compound: 1 Conformer: 1 (BSYNRYMUTXBXSQ-UHFFFAOYSA-N)
 Chemical potential of the molecule in the mixture :        -0.10168 kcal/mol
 Log10(partial pressure [mbar])                    :         3.08948
 Free energy of molecule in mix (E_COSMO+dE+Mu)    :   -407222.36919 kcal/mol
 Total mean interaction energy in the mix          :        -0.55466 kcal/mol
 Misfit interaction energy in the mix              :         7.16926 kcal/mol
 H-Bond interaction energy in the mix              :        -0.73761 kcal/mol
 VdW interaction energy in the mix                 :        -6.98631 kcal/mol
 Normalized weight factor of molecule in compound  :         1.00000
 Normalized weight factor of molecule in gas phase :         1.00000

 Compound: 2 Conformer: 1 (SGMZJAMFUVOLNK-UHFFFAOYSA-M)
 Chemical potential of the molecule in the mixture :         5.74815 kcal/mol
 Log10(partial pressure [mbar])                    :        -1.94240
 Free energy of molecule in mix (E_COSMO+dE+Mu)    :   -495305.26108 kcal/mol
 Total mean interaction energy in the mix          :         1.34719 kcal/mol
 Misfit interaction energy in the mix              :         8.54801 kcal/mol
 H-Bond interaction energy in the mix              :        -0.49990 kcal/mol
 VdW interaction energy in the mix                 :        -6.70093 kcal/mol
 Normalized weight factor of molecule in compound  :         1.00000
 Normalized weight factor of molecule in gas phase :         1.00000



 Note: Compound properties are tabulated in /home/comp5/Nastya/mu_CA_update/BSYNRYMUTXBXSQ-UHFFFAOYSA-N_SGMZJAMFUVOLNK-UHFFFAOYSA-M.tab
----------------
 END job       2
----------------
