 -----------------------------------------------------------
 BIOVIA COSMOtherm Version 2019 (build: 19.0.5 [65f0de1d5f])
 -----------------------------------------------------------

 Copyright (C) 1999-2019, Dassault Systemes BIOVIA corp, all rights reserved

 Job name   : !! generated by COSMOthermX !!
 Job date   : 08/03/2022
 Job time   : 16:11:43
 Hostname   : unknown
 OS type    : unknown
 Executable : Linux 64-bit

 Reading COSMOtherm parameter file BP_TZVP_C30_1701.ctd from directory /home/comp5/Nastya/COSMOlogic/COSMOthermX19/COSMOtherm/CTDATA-FILES/OLDPARAM/
 Info: # COSMOtherm parameter file ./BP_TZVP_C30_1701.ctd for BP-TZVP optimized COSMO files                                                                  

 Reading COSMOtherm license key license.txt from directory /home/comp5/Nastya/COSMOlogic/COSMOthermX19/licensefiles/

 COSMOtherm license key expiration date 04/26/2025
 COSMOtherm license key version 21
 Customer : 200000000032966
 ID       : LKO1978637

 License keys:
  product                   |    licensed version    | status
 ------------------------------------------------------------------------------ 
  COSMOtherm                |          21            | active
  TURBOMOLE                 |          21            | active
 ------------------------------------------------------------------------------ 
 
 Reading vapor pressure and property information for compound 1 from file /home/comp5/Nastya/cosmo/DNIAPMSPPWPWGF-UHFFFAOYSA-N.vap
 Reading COSMO information for compound 1 conformer 1 from file /home/comp5/Nastya/cosmo/DNIAPMSPPWPWGF-UHFFFAOYSA-N.cosmo
 Note: Gas phase energy file could not be found for compound 1 conformer 1
 Note: converting Gaussian COSMO-file information of compound 1 conformer 1
 
 Reading vapor pressure and property information for compound 2 from file /home/comp5/Nastya/cosmo/KWIUHFFTVRNATP-UHFFFAOYSA-N.vap
 Reading COSMO information for compound 2 conformer 1 from file /home/comp5/Nastya/cosmo/KWIUHFFTVRNATP-UHFFFAOYSA-N.cosmo
 Note: Gas phase energy file could not be found for compound 2 conformer 1
 Note: converting Gaussian COSMO-file information of compound 2 conformer 1


 --- Compound 1 (DNIAPMSPPWPWGF-UHFFFAOYSA-N) ---

 Compound Information for compound 1 conformer 1 (COSMO file /home/comp5/Nastya/cosmo/DNIAPMSPPWPWGF-UHFFFAOYSA-N.cosmo)
 Atomic weights         : 1111111111111
 E_COSMO+dE             :    -169229.9922 kcal/mol
 E_gas                  :    -169220.1909 kcal/mol
 E_COSMO-E_gas+dE       :         -9.8013 kcal/mol
 E_diel                 :        -13.3981 kcal/mol
 Averaging corr dE      :          0.6756 kcal/mol
 Area                   :        118.1141 A^2
 Volume                 :        103.9375 A^3
 Molecular Weight       :         76.0948 a.m.u.
 Total COSMO charge     :         -0.0019 a.u.
 Dipole moment (t,x,y,z):          3.0948 -1.530640 -2.688510 -0.082485 Debye                            
 Sigma moments (1-6)    :          0.0000  9.49E+01  4.35E+01  2.10E+02  1.55E+02  5.68E+02              
 H-bond moment (accept) :          7.8399
 H-bond moment (donor)  :          3.0886
 
 WARNING: QM computation level of compound 1 conformer 1 could not be determined - it may differ from the QM level of the parameter set.
 No gas phase energy for compound 1 conformer 1 specified, thus it will be estimated


 --- Compound 2 (KWIUHFFTVRNATP-UHFFFAOYSA-N) ---

 Compound Information for compound 2 conformer 1 (COSMO file /home/comp5/Nastya/cosmo/KWIUHFFTVRNATP-UHFFFAOYSA-N.cosmo)
 Atomic weights         : 1111111111111111111
 E_COSMO+dE             :    -252580.8433 kcal/mol
 E_gas                  :    -252553.4740 kcal/mol
 E_COSMO-E_gas+dE       :        -27.3693 kcal/mol
 E_diel                 :        -40.1242 kcal/mol
 Averaging corr dE      :          0.7176 kcal/mol
 Area                   :        154.0612 A^2
 Volume                 :        155.3798 A^3
 Molecular Weight       :        117.1469 a.m.u.
 Total COSMO charge     :          0.0039 a.u.
 Dipole moment (t,x,y,z):         15.1887  1.51E+01 -1.715292  0.002027 Debye                            
 Sigma moments (1-6)    :          0.0000  1.69E+02  1.64E+02  4.27E+02  6.97E+02  1.45E+03              
 H-bond moment (accept) :         19.6211
 H-bond moment (donor)  :          0.1747
 
 WARNING: QM computation level of compound 2 conformer 1 could not be determined - it may differ from the QM level of the parameter set.
 No gas phase energy for compound 2 conformer 1 specified, thus it will be estimated


 Total number of processed compounds:    2


----------------
 START job     1
----------------


 Results for mixture 1
 ---------------------
 Temperature          :    237.150 K
 Compound Nr.         :         1         2
 Compound             : DNIAPMSPP KWIUHFFTV
 Mole Fraction        :    1.0000    0.0000

 Compound: 1  (DNIAPMSPPWPWGF-UHFFFAOYSA-N)
 Chemical potential of the compound in the mixture :        -5.21067 kcal/mol
 Log10(partial pressure [mbar])                    :        -6.09191
 Free energy of molecule in mix (E_COSMO+dE+Mu)    :   -169235.20290 kcal/mol
 Total mean interaction energy in the mix (H_int)  :       -14.24322 kcal/mol
 Misfit interaction energy in the mix (H_MF)       :         1.77447 kcal/mol
 H-Bond interaction energy in the mix (H_HB)       :       -10.76612 kcal/mol
 VdW interaction energy in the mix (H_vdW)         :        -5.25158 kcal/mol

 Compound: 2  (KWIUHFFTVRNATP-UHFFFAOYSA-N)
 Chemical potential of the compound in the mixture :        -2.13443 kcal/mol
 Log10(partial pressure [mbar])                    :       -19.44678
 Free energy of molecule in mix (E_COSMO+dE+Mu)    :   -252582.97771 kcal/mol
 Total mean interaction energy in the mix (H_int)  :       -20.11003 kcal/mol
 Misfit interaction energy in the mix (H_MF)       :         3.24033 kcal/mol
 H-Bond interaction energy in the mix (H_HB)       :       -16.58399 kcal/mol
 VdW interaction energy in the mix (H_vdW)         :        -6.76636 kcal/mol



 Compound: 1 Conformer: 1 (DNIAPMSPPWPWGF-UHFFFAOYSA-N)
 Chemical potential of the molecule in the mixture :        -5.21067 kcal/mol
 Log10(partial pressure [mbar])                    :        -6.09191
 Free energy of molecule in mix (E_COSMO+dE+Mu)    :   -169235.20290 kcal/mol
 Total mean interaction energy in the mix          :       -14.24322 kcal/mol
 Misfit interaction energy in the mix              :         1.77447 kcal/mol
 H-Bond interaction energy in the mix              :       -10.76612 kcal/mol
 VdW interaction energy in the mix                 :        -5.25158 kcal/mol
 Normalized weight factor of molecule in compound  :         1.00000
 Normalized weight factor of molecule in gas phase :         1.00000

 Compound: 2 Conformer: 1 (KWIUHFFTVRNATP-UHFFFAOYSA-N)
 Chemical potential of the molecule in the mixture :        -2.13443 kcal/mol
 Log10(partial pressure [mbar])                    :       -19.44678
 Free energy of molecule in mix (E_COSMO+dE+Mu)    :   -252582.97771 kcal/mol
 Total mean interaction energy in the mix          :       -20.11003 kcal/mol
 Misfit interaction energy in the mix              :         3.24033 kcal/mol
 H-Bond interaction energy in the mix              :       -16.58399 kcal/mol
 VdW interaction energy in the mix                 :        -6.76636 kcal/mol
 Normalized weight factor of molecule in compound  :         1.00000
 Normalized weight factor of molecule in gas phase :         1.00000



 Note: Compound properties are tabulated in /home/comp5/Nastya/mu_CA_update/DNIAPMSPPWPWGF-UHFFFAOYSA-N_KWIUHFFTVRNATP-UHFFFAOYSA-N.tab
----------------
 END job       1
----------------
----------------
 START job     2
----------------


 Results for mixture 2
 ---------------------
 Temperature          :    514.150 K
 Compound Nr.         :         1         2
 Compound             : DNIAPMSPP KWIUHFFTV
 Mole Fraction        :    0.0000    1.0000

 Compound: 1  (DNIAPMSPPWPWGF-UHFFFAOYSA-N)
 Chemical potential of the compound in the mixture :         0.18918 kcal/mol
 Log10(partial pressure [mbar])                    :         3.21346
 Free energy of molecule in mix (E_COSMO+dE+Mu)    :   -169229.80306 kcal/mol
 Total mean interaction energy in the mix (H_int)  :        -1.25541 kcal/mol
 Misfit interaction energy in the mix (H_MF)       :         4.99268 kcal/mol
 H-Bond interaction energy in the mix (H_HB)       :        -1.89346 kcal/mol
 VdW interaction energy in the mix (H_vdW)         :        -4.35462 kcal/mol

 Compound: 2  (KWIUHFFTVRNATP-UHFFFAOYSA-N)
 Chemical potential of the compound in the mixture :         6.29354 kcal/mol
 Log10(partial pressure [mbar])                    :        -1.65929
 Free energy of molecule in mix (E_COSMO+dE+Mu)    :   -252574.54973 kcal/mol
 Total mean interaction energy in the mix (H_int)  :         2.49216 kcal/mol
 Misfit interaction energy in the mix (H_MF)       :         9.01748 kcal/mol
 H-Bond interaction energy in the mix (H_HB)       :        -0.86390 kcal/mol
 VdW interaction energy in the mix (H_vdW)         :        -5.66142 kcal/mol



 Compound: 1 Conformer: 1 (DNIAPMSPPWPWGF-UHFFFAOYSA-N)
 Chemical potential of the molecule in the mixture :         0.18918 kcal/mol
 Log10(partial pressure [mbar])                    :         3.21346
 Free energy of molecule in mix (E_COSMO+dE+Mu)    :   -169229.80306 kcal/mol
 Total mean interaction energy in the mix          :        -1.25541 kcal/mol
 Misfit interaction energy in the mix              :         4.99268 kcal/mol
 H-Bond interaction energy in the mix              :        -1.89346 kcal/mol
 VdW interaction energy in the mix                 :        -4.35462 kcal/mol
 Normalized weight factor of molecule in compound  :         1.00000
 Normalized weight factor of molecule in gas phase :         1.00000

 Compound: 2 Conformer: 1 (KWIUHFFTVRNATP-UHFFFAOYSA-N)
 Chemical potential of the molecule in the mixture :         6.29354 kcal/mol
 Log10(partial pressure [mbar])                    :        -1.65929
 Free energy of molecule in mix (E_COSMO+dE+Mu)    :   -252574.54973 kcal/mol
 Total mean interaction energy in the mix          :         2.49216 kcal/mol
 Misfit interaction energy in the mix              :         9.01748 kcal/mol
 H-Bond interaction energy in the mix              :        -0.86390 kcal/mol
 VdW interaction energy in the mix                 :        -5.66142 kcal/mol
 Normalized weight factor of molecule in compound  :         1.00000
 Normalized weight factor of molecule in gas phase :         1.00000



 Note: Compound properties are tabulated in /home/comp5/Nastya/mu_CA_update/DNIAPMSPPWPWGF-UHFFFAOYSA-N_KWIUHFFTVRNATP-UHFFFAOYSA-N.tab
----------------
 END job       2
----------------
