 -----------------------------------------------------------
 BIOVIA COSMOtherm Version 2019 (build: 19.0.5 [65f0de1d5f])
 -----------------------------------------------------------

 Copyright (C) 1999-2019, Dassault Systemes BIOVIA corp, all rights reserved

 Job name   : !! generated by COSMOthermX !!
 Job date   : 08/03/2022
 Job time   : 16:11:34
 Hostname   : unknown
 OS type    : unknown
 Executable : Linux 64-bit

 Reading COSMOtherm parameter file BP_TZVP_C30_1701.ctd from directory /home/comp5/Nastya/COSMOlogic/COSMOthermX19/COSMOtherm/CTDATA-FILES/OLDPARAM/
 Info: # COSMOtherm parameter file ./BP_TZVP_C30_1701.ctd for BP-TZVP optimized COSMO files                                                                  

 Reading COSMOtherm license key license.txt from directory /home/comp5/Nastya/COSMOlogic/COSMOthermX19/licensefiles/

 COSMOtherm license key expiration date 04/26/2025
 COSMOtherm license key version 21
 Customer : 200000000032966
 ID       : LKO1978637

 License keys:
  product                   |    licensed version    | status
 ------------------------------------------------------------------------------ 
  COSMOtherm                |          21            | active
  TURBOMOLE                 |          21            | active
 ------------------------------------------------------------------------------ 
 
 Note: Vapor pressure / property file could not be found for compound 1
 Reading COSMO information for compound 1 conformer 1 from file /home/comp5/Nastya/cosmo/FBUKVWPVBMHYJY-UHFFFAOYSA-N.cosmo
 Note: Gas phase energy file could not be found for compound 1 conformer 1
 Note: converting Gaussian COSMO-file information of compound 1 conformer 1
 
 Note: Vapor pressure / property file could not be found for compound 2
 Reading COSMO information for compound 2 conformer 1 from file /home/comp5/Nastya/cosmo/POULHZVOKOAJMA-UHFFFAOYSA-N.cosmo
 Note: Gas phase energy file could not be found for compound 2 conformer 1
 Note: converting Gaussian COSMO-file information of compound 2 conformer 1


 --- Compound 1 (FBUKVWPVBMHYJY-UHFFFAOYSA-N) ---

 Compound Information for compound 1 conformer 1 (COSMO file /home/comp5/Nastya/cosmo/FBUKVWPVBMHYJY-UHFFFAOYSA-N.cosmo)
 Atomic weights         : 11111111111111111111111111111
 E_COSMO+dE             :    -316552.8580 kcal/mol
 E_gas                  :    -316546.3104 kcal/mol
 E_COSMO-E_gas+dE       :         -6.5476 kcal/mol
 E_diel                 :         -8.7338 kcal/mol
 Averaging corr dE      :          0.5713 kcal/mol
 Area                   :        230.7916 A^2
 Volume                 :        227.6150 A^3
 Molecular Weight       :        158.2389 a.m.u.
 Total COSMO charge     :         -0.0041 a.u.
 Dipole moment (t,x,y,z):          2.3840 -0.577691 -2.312966  0.002076 Debye                            
 Sigma moments (1-6)    :          0.0000  6.70E+01  2.381022  1.09E+02 -3.92E+01  2.60E+02              
 H-bond moment (accept) :          1.7289
 H-bond moment (donor)  :          3.0692
 
 WARNING: QM computation level of compound 1 conformer 1 could not be determined - it may differ from the QM level of the parameter set.
 No gas phase energy for compound 1 conformer 1 specified, thus it will be estimated


 --- Compound 2 (POULHZVOKOAJMA-UHFFFAOYSA-N) ---

 Compound Information for compound 2 conformer 1 (COSMO file /home/comp5/Nastya/cosmo/POULHZVOKOAJMA-UHFFFAOYSA-N.cosmo)
 Atomic weights         : 11111111111111111111111111111111111111
 E_COSMO+dE             :    -390580.7254 kcal/mol
 E_gas                  :    -390574.0746 kcal/mol
 E_COSMO-E_gas+dE       :         -6.6509 kcal/mol
 E_diel                 :         -8.8835 kcal/mol
 Averaging corr dE      :          0.5805 kcal/mol
 Area                   :        290.8402 A^2
 Volume                 :        293.8848 A^3
 Molecular Weight       :        200.3189 a.m.u.
 Total COSMO charge     :         -0.0054 a.u.
 Dipole moment (t,x,y,z):          2.7845 -1.969186  0.295376 -1.946373 Debye                            
 Sigma moments (1-6)    :          0.0000  6.83E+01  4.984125  1.11E+02 -3.31E+01  2.64E+02              
 H-bond moment (accept) :          1.9325
 H-bond moment (donor)  :          3.0371
 
 WARNING: QM computation level of compound 2 conformer 1 could not be determined - it may differ from the QM level of the parameter set.
 No gas phase energy for compound 2 conformer 1 specified, thus it will be estimated


 Total number of processed compounds:    2


----------------
 START job     1
----------------


 Results for mixture 1
 ---------------------
 Temperature          :    285.750 K
 Compound Nr.         :         1         2
 Compound             : FBUKVWPVB POULHZVOK
 Mole Fraction        :    1.0000    0.0000

 Compound: 1  (FBUKVWPVBMHYJY-UHFFFAOYSA-N)
 Chemical potential of the compound in the mixture :        -5.78211 kcal/mol
 Log10(partial pressure [mbar])                    :        -1.82745
 Free energy of molecule in mix (E_COSMO+dE+Mu)    :   -316558.64009 kcal/mol
 Total mean interaction energy in the mix (H_int)  :       -12.19927 kcal/mol
 Misfit interaction energy in the mix (H_MF)       :         2.17619 kcal/mol
 H-Bond interaction energy in the mix (H_HB)       :        -3.56682 kcal/mol
 VdW interaction energy in the mix (H_vdW)         :       -10.80864 kcal/mol

 Compound: 2  (POULHZVOKOAJMA-UHFFFAOYSA-N)
 Chemical potential of the compound in the mixture :        -7.65153 kcal/mol
 Log10(partial pressure [mbar])                    :        -3.33622
 Free energy of molecule in mix (E_COSMO+dE+Mu)    :   -390588.37698 kcal/mol
 Total mean interaction energy in the mix (H_int)  :       -15.07065 kcal/mol
 Misfit interaction energy in the mix (H_MF)       :         2.48313 kcal/mol
 H-Bond interaction energy in the mix (H_HB)       :        -3.79426 kcal/mol
 VdW interaction energy in the mix (H_vdW)         :       -13.75952 kcal/mol



 Compound: 1 Conformer: 1 (FBUKVWPVBMHYJY-UHFFFAOYSA-N)
 Chemical potential of the molecule in the mixture :        -5.78211 kcal/mol
 Log10(partial pressure [mbar])                    :        -1.82745
 Free energy of molecule in mix (E_COSMO+dE+Mu)    :   -316558.64009 kcal/mol
 Total mean interaction energy in the mix          :       -12.19927 kcal/mol
 Misfit interaction energy in the mix              :         2.17619 kcal/mol
 H-Bond interaction energy in the mix              :        -3.56682 kcal/mol
 VdW interaction energy in the mix                 :       -10.80864 kcal/mol
 Normalized weight factor of molecule in compound  :         1.00000
 Normalized weight factor of molecule in gas phase :         1.00000

 Compound: 2 Conformer: 1 (POULHZVOKOAJMA-UHFFFAOYSA-N)
 Chemical potential of the molecule in the mixture :        -7.65153 kcal/mol
 Log10(partial pressure [mbar])                    :        -3.33622
 Free energy of molecule in mix (E_COSMO+dE+Mu)    :   -390588.37698 kcal/mol
 Total mean interaction energy in the mix          :       -15.07065 kcal/mol
 Misfit interaction energy in the mix              :         2.48313 kcal/mol
 H-Bond interaction energy in the mix              :        -3.79426 kcal/mol
 VdW interaction energy in the mix                 :       -13.75952 kcal/mol
 Normalized weight factor of molecule in compound  :         1.00000
 Normalized weight factor of molecule in gas phase :         1.00000



 Note: Compound properties are tabulated in /home/comp5/Nastya/mu_CA_update/FBUKVWPVBMHYJY-UHFFFAOYSA-N_POULHZVOKOAJMA-UHFFFAOYSA-N.tab
----------------
 END job       1
----------------
----------------
 START job     2
----------------


 Results for mixture 2
 ---------------------
 Temperature          :    317.500 K
 Compound Nr.         :         1         2
 Compound             : FBUKVWPVB POULHZVOK
 Mole Fraction        :    0.0000    1.0000

 Compound: 1  (FBUKVWPVBMHYJY-UHFFFAOYSA-N)
 Chemical potential of the compound in the mixture :        -5.09837 kcal/mol
 Log10(partial pressure [mbar])                    :        -0.48208
 Free energy of molecule in mix (E_COSMO+dE+Mu)    :   -316557.95635 kcal/mol
 Total mean interaction energy in the mix (H_int)  :       -11.48161 kcal/mol
 Misfit interaction energy in the mix (H_MF)       :         2.24721 kcal/mol
 H-Bond interaction energy in the mix (H_HB)       :        -2.95936 kcal/mol
 VdW interaction energy in the mix (H_vdW)         :       -10.76946 kcal/mol

 Compound: 2  (POULHZVOKOAJMA-UHFFFAOYSA-N)
 Chemical potential of the compound in the mixture :        -6.87543 kcal/mol
 Log10(partial pressure [mbar])                    :        -1.77641
 Free energy of molecule in mix (E_COSMO+dE+Mu)    :   -390587.60088 kcal/mol
 Total mean interaction energy in the mix (H_int)  :       -14.31811 kcal/mol
 Misfit interaction energy in the mix (H_MF)       :         2.51816 kcal/mol
 H-Bond interaction energy in the mix (H_HB)       :        -3.12838 kcal/mol
 VdW interaction energy in the mix (H_vdW)         :       -13.70789 kcal/mol



 Compound: 1 Conformer: 1 (FBUKVWPVBMHYJY-UHFFFAOYSA-N)
 Chemical potential of the molecule in the mixture :        -5.09837 kcal/mol
 Log10(partial pressure [mbar])                    :        -0.48208
 Free energy of molecule in mix (E_COSMO+dE+Mu)    :   -316557.95635 kcal/mol
 Total mean interaction energy in the mix          :       -11.48161 kcal/mol
 Misfit interaction energy in the mix              :         2.24721 kcal/mol
 H-Bond interaction energy in the mix              :        -2.95936 kcal/mol
 VdW interaction energy in the mix                 :       -10.76946 kcal/mol
 Normalized weight factor of molecule in compound  :         1.00000
 Normalized weight factor of molecule in gas phase :         1.00000

 Compound: 2 Conformer: 1 (POULHZVOKOAJMA-UHFFFAOYSA-N)
 Chemical potential of the molecule in the mixture :        -6.87543 kcal/mol
 Log10(partial pressure [mbar])                    :        -1.77641
 Free energy of molecule in mix (E_COSMO+dE+Mu)    :   -390587.60088 kcal/mol
 Total mean interaction energy in the mix          :       -14.31811 kcal/mol
 Misfit interaction energy in the mix              :         2.51816 kcal/mol
 H-Bond interaction energy in the mix              :        -3.12838 kcal/mol
 VdW interaction energy in the mix                 :       -13.70789 kcal/mol
 Normalized weight factor of molecule in compound  :         1.00000
 Normalized weight factor of molecule in gas phase :         1.00000



 Note: Compound properties are tabulated in /home/comp5/Nastya/mu_CA_update/FBUKVWPVBMHYJY-UHFFFAOYSA-N_POULHZVOKOAJMA-UHFFFAOYSA-N.tab
----------------
 END job       2
----------------
