 -----------------------------------------------------------
 BIOVIA COSMOtherm Version 2019 (build: 19.0.5 [65f0de1d5f])
 -----------------------------------------------------------

 Copyright (C) 1999-2019, Dassault Systemes BIOVIA corp, all rights reserved

 Job name   : !! generated by COSMOthermX !!
 Job date   : 08/03/2022
 Job time   : 16:10:14
 Hostname   : unknown
 OS type    : unknown
 Executable : Linux 64-bit

 Reading COSMOtherm parameter file BP_TZVP_C30_1701.ctd from directory /home/comp5/Nastya/COSMOlogic/COSMOthermX19/COSMOtherm/CTDATA-FILES/OLDPARAM/
 Info: # COSMOtherm parameter file ./BP_TZVP_C30_1701.ctd for BP-TZVP optimized COSMO files                                                                  

 Reading COSMOtherm license key license.txt from directory /home/comp5/Nastya/COSMOlogic/COSMOthermX19/licensefiles/

 COSMOtherm license key expiration date 04/26/2025
 COSMOtherm license key version 21
 Customer : 200000000032966
 ID       : LKO1978637

 License keys:
  product                   |    licensed version    | status
 ------------------------------------------------------------------------------ 
  COSMOtherm                |          21            | active
  TURBOMOLE                 |          21            | active
 ------------------------------------------------------------------------------ 
 
 Note: Vapor pressure / property file could not be found for compound 1
 Reading COSMO information for compound 1 conformer 1 from file /home/comp5/Nastya/cosmo/GHVNFZFCNZKVNT-UHFFFAOYSA-N.cosmo
 Note: Gas phase energy file could not be found for compound 1 conformer 1
 Note: converting Gaussian COSMO-file information of compound 1 conformer 1
 
 Note: Vapor pressure / property file could not be found for compound 2
 Reading COSMO information for compound 2 conformer 1 from file /home/comp5/Nastya/cosmo/NHGXDBSUJJNIRV-UHFFFAOYSA-M.cosmo
 Note: Gas phase energy file could not be found for compound 2 conformer 1
 Note: converting Gaussian COSMO-file information of compound 2 conformer 1


 --- Compound 1 (GHVNFZFCNZKVNT-UHFFFAOYSA-N) ---

 Compound Information for compound 1 conformer 1 (COSMO file /home/comp5/Nastya/cosmo/GHVNFZFCNZKVNT-UHFFFAOYSA-N.cosmo)
 Atomic weights         : 11111111111111111111111111111111
 E_COSMO+dE             :    -341228.4087 kcal/mol
 E_gas                  :    -341221.8182 kcal/mol
 E_COSMO-E_gas+dE       :         -6.5905 kcal/mol
 E_diel                 :         -8.7806 kcal/mol
 Averaging corr dE      :          0.5636 kcal/mol
 Area                   :        251.5038 A^2
 Volume                 :        251.0810 A^3
 Molecular Weight       :        172.2656 a.m.u.
 Total COSMO charge     :         -0.0042 a.u.
 Dipole moment (t,x,y,z):          2.7231 -1.896075  0.952154 -1.706973 Debye                            
 Sigma moments (1-6)    :          0.0000  6.73E+01  3.907905  1.11E+02 -3.63E+01  2.65E+02              
 H-bond moment (accept) :          1.8764
 H-bond moment (donor)  :          3.0810
 
 WARNING: QM computation level of compound 1 conformer 1 could not be determined - it may differ from the QM level of the parameter set.
 No gas phase energy for compound 1 conformer 1 specified, thus it will be estimated


 --- Compound 2 (NHGXDBSUJJNIRV-UHFFFAOYSA-M) ---

 Compound Information for compound 2 conformer 1 (COSMO file /home/comp5/Nastya/cosmo/NHGXDBSUJJNIRV-UHFFFAOYSA-M.cosmo)
 Atomic weights         : 111111111111111111111111111111111111111111111111111111
 E_COSMO+dE             :    -719517.9701 kcal/mol
 E_gas                  :    -719490.0954 kcal/mol
 E_COSMO-E_gas+dE       :        -27.8747 kcal/mol
 E_diel                 :        -40.6586 kcal/mol
 Averaging corr dE      :          0.5864 kcal/mol
 Area                   :        346.8419 A^2
 Volume                 :        412.6118 A^3
 Molecular Weight       :        277.9185 a.m.u.
 Total COSMO charge     :          0.0092 a.u.
 Dipole moment (t,x,y,z):         18.0212  1.17E+01 -8.942479 -1.03E+01 Debye                            
 Sigma moments (1-6)    :          0.0000  1.71E+02  2.01E+02  4.29E+02  7.39E+02  1.41E+03              
 H-bond moment (accept) :         22.3888
 H-bond moment (donor)  :          0.0050
 
 WARNING: QM computation level of compound 2 conformer 1 could not be determined - it may differ from the QM level of the parameter set.
 No gas phase energy for compound 2 conformer 1 specified, thus it will be estimated


 Total number of processed compounds:    2


----------------
 START job     1
----------------


 Results for mixture 1
 ---------------------
 Temperature          :    304.800 K
 Compound Nr.         :         1         2
 Compound             : GHVNFZFCN NHGXDBSUJ
 Mole Fraction        :    1.0000    0.0000

 Compound: 1  (GHVNFZFCNZKVNT-UHFFFAOYSA-N)
 Chemical potential of the compound in the mixture :        -6.03283 kcal/mol
 Log10(partial pressure [mbar])                    :        -1.49128
 Free energy of molecule in mix (E_COSMO+dE+Mu)    :   -341234.44150 kcal/mol
 Total mean interaction energy in the mix (H_int)  :       -12.87620 kcal/mol
 Misfit interaction energy in the mix (H_MF)       :         2.30882 kcal/mol
 H-Bond interaction energy in the mix (H_HB)       :        -3.42315 kcal/mol
 VdW interaction energy in the mix (H_vdW)         :       -11.76187 kcal/mol

 Compound: 2  (NHGXDBSUJJNIRV-UHFFFAOYSA-M)
 Chemical potential of the compound in the mixture :       -11.44981 kcal/mol
 Log10(partial pressure [mbar])                    :       -20.63637
 Free energy of molecule in mix (E_COSMO+dE+Mu)    :   -719529.41990 kcal/mol
 Total mean interaction energy in the mix (H_int)  :       -38.87296 kcal/mol
 Misfit interaction energy in the mix (H_MF)       :         3.40233 kcal/mol
 H-Bond interaction energy in the mix (H_HB)       :       -25.25622 kcal/mol
 VdW interaction energy in the mix (H_vdW)         :       -17.01907 kcal/mol



 Compound: 1 Conformer: 1 (GHVNFZFCNZKVNT-UHFFFAOYSA-N)
 Chemical potential of the molecule in the mixture :        -6.03283 kcal/mol
 Log10(partial pressure [mbar])                    :        -1.49128
 Free energy of molecule in mix (E_COSMO+dE+Mu)    :   -341234.44150 kcal/mol
 Total mean interaction energy in the mix          :       -12.87620 kcal/mol
 Misfit interaction energy in the mix              :         2.30882 kcal/mol
 H-Bond interaction energy in the mix              :        -3.42315 kcal/mol
 VdW interaction energy in the mix                 :       -11.76187 kcal/mol
 Normalized weight factor of molecule in compound  :         1.00000
 Normalized weight factor of molecule in gas phase :         1.00000

 Compound: 2 Conformer: 1 (NHGXDBSUJJNIRV-UHFFFAOYSA-M)
 Chemical potential of the molecule in the mixture :       -11.44981 kcal/mol
 Log10(partial pressure [mbar])                    :       -20.63637
 Free energy of molecule in mix (E_COSMO+dE+Mu)    :   -719529.41990 kcal/mol
 Total mean interaction energy in the mix          :       -38.87296 kcal/mol
 Misfit interaction energy in the mix              :         3.40233 kcal/mol
 H-Bond interaction energy in the mix              :       -25.25622 kcal/mol
 VdW interaction energy in the mix                 :       -17.01907 kcal/mol
 Normalized weight factor of molecule in compound  :         1.00000
 Normalized weight factor of molecule in gas phase :         1.00000



 Note: Compound properties are tabulated in /home/comp5/Nastya/mu_CA_update/GHVNFZFCNZKVNT-UHFFFAOYSA-N_NHGXDBSUJJNIRV-UHFFFAOYSA-M.tab
----------------
 END job       1
----------------
----------------
 START job     2
----------------


 Results for mixture 2
 ---------------------
 Temperature          :    344.000 K
 Compound Nr.         :         1         2
 Compound             : GHVNFZFCN NHGXDBSUJ
 Mole Fraction        :    0.0000    1.0000

 Compound: 1  (GHVNFZFCNZKVNT-UHFFFAOYSA-N)
 Chemical potential of the compound in the mixture :        -7.22417 kcal/mol
 Log10(partial pressure [mbar])                    :        -1.28967
 Free energy of molecule in mix (E_COSMO+dE+Mu)    :   -341235.63284 kcal/mol
 Total mean interaction energy in the mix (H_int)  :       -11.85403 kcal/mol
 Misfit interaction energy in the mix (H_MF)       :         4.37283 kcal/mol
 H-Bond interaction energy in the mix (H_HB)       :        -4.07938 kcal/mol
 VdW interaction energy in the mix (H_vdW)         :       -12.14748 kcal/mol

 Compound: 2  (NHGXDBSUJJNIRV-UHFFFAOYSA-M)
 Chemical potential of the compound in the mixture :         0.74069 kcal/mol
 Log10(partial pressure [mbar])                    :        -9.75154
 Free energy of molecule in mix (E_COSMO+dE+Mu)    :   -719517.22940 kcal/mol
 Total mean interaction energy in the mix (H_int)  :        -7.15157 kcal/mol
 Misfit interaction energy in the mix (H_MF)       :        10.96627 kcal/mol
 H-Bond interaction energy in the mix (H_HB)       :        -0.57698 kcal/mol
 VdW interaction energy in the mix (H_vdW)         :       -17.54086 kcal/mol



 Compound: 1 Conformer: 1 (GHVNFZFCNZKVNT-UHFFFAOYSA-N)
 Chemical potential of the molecule in the mixture :        -7.22417 kcal/mol
 Log10(partial pressure [mbar])                    :        -1.28967
 Free energy of molecule in mix (E_COSMO+dE+Mu)    :   -341235.63284 kcal/mol
 Total mean interaction energy in the mix          :       -11.85403 kcal/mol
 Misfit interaction energy in the mix              :         4.37283 kcal/mol
 H-Bond interaction energy in the mix              :        -4.07938 kcal/mol
 VdW interaction energy in the mix                 :       -12.14748 kcal/mol
 Normalized weight factor of molecule in compound  :         1.00000
 Normalized weight factor of molecule in gas phase :         1.00000

 Compound: 2 Conformer: 1 (NHGXDBSUJJNIRV-UHFFFAOYSA-M)
 Chemical potential of the molecule in the mixture :         0.74069 kcal/mol
 Log10(partial pressure [mbar])                    :        -9.75154
 Free energy of molecule in mix (E_COSMO+dE+Mu)    :   -719517.22940 kcal/mol
 Total mean interaction energy in the mix          :        -7.15157 kcal/mol
 Misfit interaction energy in the mix              :        10.96627 kcal/mol
 H-Bond interaction energy in the mix              :        -0.57698 kcal/mol
 VdW interaction energy in the mix                 :       -17.54086 kcal/mol
 Normalized weight factor of molecule in compound  :         1.00000
 Normalized weight factor of molecule in gas phase :         1.00000



 Note: Compound properties are tabulated in /home/comp5/Nastya/mu_CA_update/GHVNFZFCNZKVNT-UHFFFAOYSA-N_NHGXDBSUJJNIRV-UHFFFAOYSA-M.tab
----------------
 END job       2
----------------
