 -----------------------------------------------------------
 BIOVIA COSMOtherm Version 2019 (build: 19.0.5 [65f0de1d5f])
 -----------------------------------------------------------

 Copyright (C) 1999-2019, Dassault Systemes BIOVIA corp, all rights reserved

 Job name   : !! generated by COSMOthermX !!
 Job date   : 08/03/2022
 Job time   : 16:10:20
 Hostname   : unknown
 OS type    : unknown
 Executable : Linux 64-bit

 Reading COSMOtherm parameter file BP_TZVP_C30_1701.ctd from directory /home/comp5/Nastya/COSMOlogic/COSMOthermX19/COSMOtherm/CTDATA-FILES/OLDPARAM/
 Info: # COSMOtherm parameter file ./BP_TZVP_C30_1701.ctd for BP-TZVP optimized COSMO files                                                                  

 Reading COSMOtherm license key license.txt from directory /home/comp5/Nastya/COSMOlogic/COSMOthermX19/licensefiles/

 COSMOtherm license key expiration date 04/26/2025
 COSMOtherm license key version 21
 Customer : 200000000032966
 ID       : LKO1978637

 License keys:
  product                   |    licensed version    | status
 ------------------------------------------------------------------------------ 
  COSMOtherm                |          21            | active
  TURBOMOLE                 |          21            | active
 ------------------------------------------------------------------------------ 
 
 Note: Vapor pressure / property file could not be found for compound 1
 Reading COSMO information for compound 1 conformer 1 from file /home/comp5/Nastya/cosmo/GHVNFZFCNZKVNT-UHFFFAOYSA-N.cosmo
 Note: Gas phase energy file could not be found for compound 1 conformer 1
 Note: converting Gaussian COSMO-file information of compound 1 conformer 1
 
 Note: Vapor pressure / property file could not be found for compound 2
 Reading COSMO information for compound 2 conformer 1 from file /home/comp5/Nastya/cosmo/TUNFSRHWOTWDNC-UHFFFAOYSA-N.cosmo
 Note: Gas phase energy file could not be found for compound 2 conformer 1
 Note: converting Gaussian COSMO-file information of compound 2 conformer 1


 --- Compound 1 (GHVNFZFCNZKVNT-UHFFFAOYSA-N) ---

 Compound Information for compound 1 conformer 1 (COSMO file /home/comp5/Nastya/cosmo/GHVNFZFCNZKVNT-UHFFFAOYSA-N.cosmo)
 Atomic weights         : 11111111111111111111111111111111
 E_COSMO+dE             :    -341228.4087 kcal/mol
 E_gas                  :    -341221.8182 kcal/mol
 E_COSMO-E_gas+dE       :         -6.5905 kcal/mol
 E_diel                 :         -8.7806 kcal/mol
 Averaging corr dE      :          0.5636 kcal/mol
 Area                   :        251.5038 A^2
 Volume                 :        251.0810 A^3
 Molecular Weight       :        172.2656 a.m.u.
 Total COSMO charge     :         -0.0042 a.u.
 Dipole moment (t,x,y,z):          2.7231 -1.896075  0.952154 -1.706973 Debye                            
 Sigma moments (1-6)    :          0.0000  6.73E+01  3.907905  1.11E+02 -3.63E+01  2.65E+02              
 H-bond moment (accept) :          1.8764
 H-bond moment (donor)  :          3.0810
 
 WARNING: QM computation level of compound 1 conformer 1 could not be determined - it may differ from the QM level of the parameter set.
 No gas phase energy for compound 1 conformer 1 specified, thus it will be estimated


 --- Compound 2 (TUNFSRHWOTWDNC-UHFFFAOYSA-N) ---

 Compound Information for compound 2 conformer 1 (COSMO file /home/comp5/Nastya/cosmo/TUNFSRHWOTWDNC-UHFFFAOYSA-N.cosmo)
 Atomic weights         : 11111111111111111111111111111111111111111111
 E_COSMO+dE             :    -439933.0532 kcal/mol
 E_gas                  :    -439926.3022 kcal/mol
 E_COSMO-E_gas+dE       :         -6.7510 kcal/mol
 E_diel                 :         -9.0544 kcal/mol
 Averaging corr dE      :          0.6086 kcal/mol
 Area                   :        330.5786 A^2
 Volume                 :        338.0133 A^3
 Molecular Weight       :        228.3723 a.m.u.
 Total COSMO charge     :         -0.0072 a.u.
 Dipole moment (t,x,y,z):          2.8730  2.129440  0.418204 -1.882675 Debye                            
 Sigma moments (1-6)    :          0.0000  6.97E+01  4.338649  1.10E+02 -3.62E+01  2.63E+02              
 H-bond moment (accept) :          1.8457
 H-bond moment (donor)  :          3.0730
 
 WARNING: QM computation level of compound 2 conformer 1 could not be determined - it may differ from the QM level of the parameter set.
 No gas phase energy for compound 2 conformer 1 specified, thus it will be estimated


 Total number of processed compounds:    2


----------------
 START job     1
----------------


 Results for mixture 1
 ---------------------
 Temperature          :    304.800 K
 Compound Nr.         :         1         2
 Compound             : GHVNFZFCN TUNFSRHWO
 Mole Fraction        :    1.0000    0.0000

 Compound: 1  (GHVNFZFCNZKVNT-UHFFFAOYSA-N)
 Chemical potential of the compound in the mixture :        -6.03283 kcal/mol
 Log10(partial pressure [mbar])                    :        -1.49128
 Free energy of molecule in mix (E_COSMO+dE+Mu)    :   -341234.44150 kcal/mol
 Total mean interaction energy in the mix (H_int)  :       -12.87620 kcal/mol
 Misfit interaction energy in the mix (H_MF)       :         2.30882 kcal/mol
 H-Bond interaction energy in the mix (H_HB)       :        -3.42315 kcal/mol
 VdW interaction energy in the mix (H_vdW)         :       -11.76187 kcal/mol

 Compound: 2  (TUNFSRHWOTWDNC-UHFFFAOYSA-N)
 Chemical potential of the compound in the mixture :        -8.30844 kcal/mol
 Log10(partial pressure [mbar])                    :        -3.23801
 Free energy of molecule in mix (E_COSMO+dE+Mu)    :   -439941.36167 kcal/mol
 Total mean interaction energy in the mix (H_int)  :       -16.26450 kcal/mol
 Misfit interaction energy in the mix (H_MF)       :         2.75262 kcal/mol
 H-Bond interaction energy in the mix (H_HB)       :        -3.36514 kcal/mol
 VdW interaction energy in the mix (H_vdW)         :       -15.65197 kcal/mol



 Compound: 1 Conformer: 1 (GHVNFZFCNZKVNT-UHFFFAOYSA-N)
 Chemical potential of the molecule in the mixture :        -6.03283 kcal/mol
 Log10(partial pressure [mbar])                    :        -1.49128
 Free energy of molecule in mix (E_COSMO+dE+Mu)    :   -341234.44150 kcal/mol
 Total mean interaction energy in the mix          :       -12.87620 kcal/mol
 Misfit interaction energy in the mix              :         2.30882 kcal/mol
 H-Bond interaction energy in the mix              :        -3.42315 kcal/mol
 VdW interaction energy in the mix                 :       -11.76187 kcal/mol
 Normalized weight factor of molecule in compound  :         1.00000
 Normalized weight factor of molecule in gas phase :         1.00000

 Compound: 2 Conformer: 1 (TUNFSRHWOTWDNC-UHFFFAOYSA-N)
 Chemical potential of the molecule in the mixture :        -8.30844 kcal/mol
 Log10(partial pressure [mbar])                    :        -3.23801
 Free energy of molecule in mix (E_COSMO+dE+Mu)    :   -439941.36167 kcal/mol
 Total mean interaction energy in the mix          :       -16.26450 kcal/mol
 Misfit interaction energy in the mix              :         2.75262 kcal/mol
 H-Bond interaction energy in the mix              :        -3.36514 kcal/mol
 VdW interaction energy in the mix                 :       -15.65197 kcal/mol
 Normalized weight factor of molecule in compound  :         1.00000
 Normalized weight factor of molecule in gas phase :         1.00000



 Note: Compound properties are tabulated in /home/comp5/Nastya/mu_CA_update/GHVNFZFCNZKVNT-UHFFFAOYSA-N_TUNFSRHWOTWDNC-UHFFFAOYSA-N.tab
----------------
 END job       1
----------------
----------------
 START job     2
----------------


 Results for mixture 2
 ---------------------
 Temperature          :    327.000 K
 Compound Nr.         :         1         2
 Compound             : GHVNFZFCN TUNFSRHWO
 Mole Fraction        :    0.0000    1.0000

 Compound: 1  (GHVNFZFCNZKVNT-UHFFFAOYSA-N)
 Chemical potential of the compound in the mixture :        -5.53709 kcal/mol
 Log10(partial pressure [mbar])                    :        -0.58893
 Free energy of molecule in mix (E_COSMO+dE+Mu)    :   -341233.94576 kcal/mol
 Total mean interaction energy in the mix (H_int)  :       -12.30541 kcal/mol
 Misfit interaction energy in the mix (H_MF)       :         2.31266 kcal/mol
 H-Bond interaction energy in the mix (H_HB)       :        -2.84760 kcal/mol
 VdW interaction energy in the mix (H_vdW)         :       -11.77046 kcal/mol

 Compound: 2  (TUNFSRHWOTWDNC-UHFFFAOYSA-N)
 Chemical potential of the compound in the mixture :        -7.76650 kcal/mol
 Log10(partial pressure [mbar])                    :        -2.18620
 Free energy of molecule in mix (E_COSMO+dE+Mu)    :   -439940.81973 kcal/mol
 Total mean interaction energy in the mix (H_int)  :       -15.75552 kcal/mol
 Misfit interaction energy in the mix (H_MF)       :         2.70166 kcal/mol
 H-Bond interaction energy in the mix (H_HB)       :        -2.79808 kcal/mol
 VdW interaction energy in the mix (H_vdW)         :       -15.65911 kcal/mol



 Compound: 1 Conformer: 1 (GHVNFZFCNZKVNT-UHFFFAOYSA-N)
 Chemical potential of the molecule in the mixture :        -5.53709 kcal/mol
 Log10(partial pressure [mbar])                    :        -0.58893
 Free energy of molecule in mix (E_COSMO+dE+Mu)    :   -341233.94576 kcal/mol
 Total mean interaction energy in the mix          :       -12.30541 kcal/mol
 Misfit interaction energy in the mix              :         2.31266 kcal/mol
 H-Bond interaction energy in the mix              :        -2.84760 kcal/mol
 VdW interaction energy in the mix                 :       -11.77046 kcal/mol
 Normalized weight factor of molecule in compound  :         1.00000
 Normalized weight factor of molecule in gas phase :         1.00000

 Compound: 2 Conformer: 1 (TUNFSRHWOTWDNC-UHFFFAOYSA-N)
 Chemical potential of the molecule in the mixture :        -7.76650 kcal/mol
 Log10(partial pressure [mbar])                    :        -2.18620
 Free energy of molecule in mix (E_COSMO+dE+Mu)    :   -439940.81973 kcal/mol
 Total mean interaction energy in the mix          :       -15.75552 kcal/mol
 Misfit interaction energy in the mix              :         2.70166 kcal/mol
 H-Bond interaction energy in the mix              :        -2.79808 kcal/mol
 VdW interaction energy in the mix                 :       -15.65911 kcal/mol
 Normalized weight factor of molecule in compound  :         1.00000
 Normalized weight factor of molecule in gas phase :         1.00000



 Note: Compound properties are tabulated in /home/comp5/Nastya/mu_CA_update/GHVNFZFCNZKVNT-UHFFFAOYSA-N_TUNFSRHWOTWDNC-UHFFFAOYSA-N.tab
----------------
 END job       2
----------------
