 -----------------------------------------------------------
 BIOVIA COSMOtherm Version 2019 (build: 19.0.5 [65f0de1d5f])
 -----------------------------------------------------------

 Copyright (C) 1999-2019, Dassault Systemes BIOVIA corp, all rights reserved

 Job name   : !! generated by COSMOthermX !!
 Job date   : 08/03/2022
 Job time   : 16:11:23
 Hostname   : unknown
 OS type    : unknown
 Executable : Linux 64-bit

 Reading COSMOtherm parameter file BP_TZVP_C30_1701.ctd from directory /home/comp5/Nastya/COSMOlogic/COSMOthermX19/COSMOtherm/CTDATA-FILES/OLDPARAM/
 Info: # COSMOtherm parameter file ./BP_TZVP_C30_1701.ctd for BP-TZVP optimized COSMO files                                                                  

 Reading COSMOtherm license key license.txt from directory /home/comp5/Nastya/COSMOlogic/COSMOthermX19/licensefiles/

 COSMOtherm license key expiration date 04/26/2025
 COSMOtherm license key version 21
 Customer : 200000000032966
 ID       : LKO1978637

 License keys:
  product                   |    licensed version    | status
 ------------------------------------------------------------------------------ 
  COSMOtherm                |          21            | active
  TURBOMOLE                 |          21            | active
 ------------------------------------------------------------------------------ 
 
 Note: Vapor pressure / property file could not be found for compound 1
 Reading COSMO information for compound 1 conformer 1 from file /home/comp5/Nastya/cosmo/GLDOVTGHNKAZLK-UHFFFAOYSA-N.cosmo
 Note: Gas phase energy file could not be found for compound 1 conformer 1
 Note: converting Gaussian COSMO-file information of compound 1 conformer 1
 
 Reading vapor pressure and property information for compound 2 from file /home/comp5/Nastya/cosmo/OKIZCWYLBDKLSU-UHFFFAOYSA-M.vap
 Reading COSMO information for compound 2 conformer 1 from file /home/comp5/Nastya/cosmo/OKIZCWYLBDKLSU-UHFFFAOYSA-M.cosmo
 Note: Gas phase energy file could not be found for compound 2 conformer 1
 Note: converting Gaussian COSMO-file information of compound 2 conformer 1


 --- Compound 1 (GLDOVTGHNKAZLK-UHFFFAOYSA-N) ---

 Compound Information for compound 1 conformer 1 (COSMO file /home/comp5/Nastya/cosmo/GLDOVTGHNKAZLK-UHFFFAOYSA-N.cosmo)
 Atomic weights         : 111111111111111111111111111111111111111111111111111111111
 E_COSMO+dE             :    -492148.6378 kcal/mol
 E_gas                  :    -492143.0917 kcal/mol
 E_COSMO-E_gas+dE       :         -5.5461 kcal/mol
 E_diel                 :         -7.3683 kcal/mol
 Averaging corr dE      :          0.5311 kcal/mol
 Area                   :        407.3086 A^2
 Volume                 :        420.8349 A^3
 Molecular Weight       :        270.4955 a.m.u.
 Total COSMO charge     :         -0.0138 a.u.
 Dipole moment (t,x,y,z):          2.2203  0.323372  2.196653 -0.008879 Debye                            
 Sigma moments (1-6)    :          0.0000  5.80E+01  2.18E+01  9.68E+01  6.34E+01  2.41E+02              
 H-bond moment (accept) :          3.4898
 H-bond moment (donor)  :          1.4588
 
 WARNING: QM computation level of compound 1 conformer 1 could not be determined - it may differ from the QM level of the parameter set.
 No gas phase energy for compound 1 conformer 1 specified, thus it will be estimated


 --- Compound 2 (OKIZCWYLBDKLSU-UHFFFAOYSA-M) ---

 Compound Information for compound 2 conformer 1 (COSMO file /home/comp5/Nastya/cosmo/OKIZCWYLBDKLSU-UHFFFAOYSA-M.cosmo)
 Atomic weights         : 111111111111111111
 E_COSMO+dE             :    -423412.3774 kcal/mol
 E_gas                  :    -423382.2428 kcal/mol
 E_COSMO-E_gas+dE       :        -30.1346 kcal/mol
 E_diel                 :        -43.8520 kcal/mol
 Averaging corr dE      :          0.5618 kcal/mol
 Area                   :        158.2413 A^2
 Volume                 :        157.9064 A^3
 Molecular Weight       :        109.5984 a.m.u.
 Total COSMO charge     :          0.0081 a.u.
 Dipole moment (t,x,y,z):         17.2232 -1.72E+01  0.002295  0.008613 Debye                            
 Sigma moments (1-6)    :          0.0000  1.70E+02  1.50E+02  3.79E+02  5.42E+02  1.05E+03              
 H-bond moment (accept) :         19.0972
 H-bond moment (donor)  :          0.1957
 
 WARNING: QM computation level of compound 2 conformer 1 could not be determined - it may differ from the QM level of the parameter set.
 No gas phase energy for compound 2 conformer 1 specified, thus it will be estimated


 Total number of processed compounds:    2


----------------
 START job     1
----------------


 Results for mixture 1
 ---------------------
 Temperature          :    332.900 K
 Compound Nr.         :         1         2
 Compound             : GLDOVTGHN OKIZCWYLB
 Mole Fraction        :    1.0000    0.0000

 Compound: 1  (GLDOVTGHNKAZLK-UHFFFAOYSA-N)
 Chemical potential of the compound in the mixture :       -10.96159 kcal/mol
 Log10(partial pressure [mbar])                    :        -3.33138
 Free energy of molecule in mix (E_COSMO+dE+Mu)    :   -492159.59938 kcal/mol
 Total mean interaction energy in the mix (H_int)  :       -20.45348 kcal/mol
 Misfit interaction energy in the mix (H_MF)       :         2.27490 kcal/mol
 H-Bond interaction energy in the mix (H_HB)       :        -2.70342 kcal/mol
 VdW interaction energy in the mix (H_vdW)         :       -20.02496 kcal/mol

 Compound: 2  (OKIZCWYLBDKLSU-UHFFFAOYSA-M)
 Chemical potential of the compound in the mixture :         5.37780 kcal/mol
 Log10(partial pressure [mbar])                    :        -8.74683
 Free energy of molecule in mix (E_COSMO+dE+Mu)    :   -423406.99964 kcal/mol
 Total mean interaction energy in the mix (H_int)  :       -14.08948 kcal/mol
 Misfit interaction energy in the mix (H_MF)       :         4.95115 kcal/mol
 H-Bond interaction energy in the mix (H_HB)       :       -11.17093 kcal/mol
 VdW interaction energy in the mix (H_vdW)         :        -7.86971 kcal/mol



 Compound: 1 Conformer: 1 (GLDOVTGHNKAZLK-UHFFFAOYSA-N)
 Chemical potential of the molecule in the mixture :       -10.96159 kcal/mol
 Log10(partial pressure [mbar])                    :        -3.33138
 Free energy of molecule in mix (E_COSMO+dE+Mu)    :   -492159.59938 kcal/mol
 Total mean interaction energy in the mix          :       -20.45348 kcal/mol
 Misfit interaction energy in the mix              :         2.27490 kcal/mol
 H-Bond interaction energy in the mix              :        -2.70342 kcal/mol
 VdW interaction energy in the mix                 :       -20.02496 kcal/mol
 Normalized weight factor of molecule in compound  :         1.00000
 Normalized weight factor of molecule in gas phase :         1.00000

 Compound: 2 Conformer: 1 (OKIZCWYLBDKLSU-UHFFFAOYSA-M)
 Chemical potential of the molecule in the mixture :         5.37780 kcal/mol
 Log10(partial pressure [mbar])                    :        -8.74683
 Free energy of molecule in mix (E_COSMO+dE+Mu)    :   -423406.99964 kcal/mol
 Total mean interaction energy in the mix          :       -14.08948 kcal/mol
 Misfit interaction energy in the mix              :         4.95115 kcal/mol
 H-Bond interaction energy in the mix              :       -11.17093 kcal/mol
 VdW interaction energy in the mix                 :        -7.86971 kcal/mol
 Normalized weight factor of molecule in compound  :         1.00000
 Normalized weight factor of molecule in gas phase :         1.00000



 Note: Compound properties are tabulated in /home/comp5/Nastya/mu_CA_update/GLDOVTGHNKAZLK-UHFFFAOYSA-N_OKIZCWYLBDKLSU-UHFFFAOYSA-M.tab
----------------
 END job       1
----------------
----------------
 START job     2
----------------


 Results for mixture 2
 ---------------------
 Temperature          :    612.870 K
 Compound Nr.         :         1         2
 Compound             : GLDOVTGHN OKIZCWYLB
 Mole Fraction        :    0.0000    1.0000

 Compound: 1  (GLDOVTGHNKAZLK-UHFFFAOYSA-N)
 Chemical potential of the compound in the mixture :        -0.88714 kcal/mol
 Log10(partial pressure [mbar])                    :         4.94403
 Free energy of molecule in mix (E_COSMO+dE+Mu)    :   -492149.52493 kcal/mol
 Total mean interaction energy in the mix (H_int)  :         1.52732 kcal/mol
 Misfit interaction energy in the mix (H_MF)       :        16.26723 kcal/mol
 H-Bond interaction energy in the mix (H_HB)       :        -0.42530 kcal/mol
 VdW interaction energy in the mix (H_vdW)         :       -14.31460 kcal/mol

 Compound: 2  (OKIZCWYLBDKLSU-UHFFFAOYSA-M)
 Chemical potential of the compound in the mixture :         6.86588 kcal/mol
 Log10(partial pressure [mbar])                    :        -1.05939
 Free energy of molecule in mix (E_COSMO+dE+Mu)    :   -423405.51155 kcal/mol
 Total mean interaction energy in the mix (H_int)  :         3.40280 kcal/mol
 Misfit interaction energy in the mix (H_MF)       :         9.76692 kcal/mol
 H-Bond interaction energy in the mix (H_HB)       :        -0.47605 kcal/mol
 VdW interaction energy in the mix (H_vdW)         :        -5.88808 kcal/mol



 Compound: 1 Conformer: 1 (GLDOVTGHNKAZLK-UHFFFAOYSA-N)
 Chemical potential of the molecule in the mixture :        -0.88714 kcal/mol
 Log10(partial pressure [mbar])                    :         4.94403
 Free energy of molecule in mix (E_COSMO+dE+Mu)    :   -492149.52493 kcal/mol
 Total mean interaction energy in the mix          :         1.52732 kcal/mol
 Misfit interaction energy in the mix              :        16.26723 kcal/mol
 H-Bond interaction energy in the mix              :        -0.42530 kcal/mol
 VdW interaction energy in the mix                 :       -14.31460 kcal/mol
 Normalized weight factor of molecule in compound  :         1.00000
 Normalized weight factor of molecule in gas phase :         1.00000

 Compound: 2 Conformer: 1 (OKIZCWYLBDKLSU-UHFFFAOYSA-M)
 Chemical potential of the molecule in the mixture :         6.86588 kcal/mol
 Log10(partial pressure [mbar])                    :        -1.05939
 Free energy of molecule in mix (E_COSMO+dE+Mu)    :   -423405.51155 kcal/mol
 Total mean interaction energy in the mix          :         3.40280 kcal/mol
 Misfit interaction energy in the mix              :         9.76692 kcal/mol
 H-Bond interaction energy in the mix              :        -0.47605 kcal/mol
 VdW interaction energy in the mix                 :        -5.88808 kcal/mol
 Normalized weight factor of molecule in compound  :         1.00000
 Normalized weight factor of molecule in gas phase :         1.00000



 Note: Compound properties are tabulated in /home/comp5/Nastya/mu_CA_update/GLDOVTGHNKAZLK-UHFFFAOYSA-N_OKIZCWYLBDKLSU-UHFFFAOYSA-M.tab
----------------
 END job       2
----------------
