 -----------------------------------------------------------
 BIOVIA COSMOtherm Version 2019 (build: 19.0.5 [65f0de1d5f])
 -----------------------------------------------------------

 Copyright (C) 1999-2019, Dassault Systemes BIOVIA corp, all rights reserved

 Job name   : !! generated by COSMOthermX !!
 Job date   : 08/03/2022
 Job time   : 16:12:17
 Hostname   : unknown
 OS type    : unknown
 Executable : Linux 64-bit

 Reading COSMOtherm parameter file BP_TZVP_C30_1701.ctd from directory /home/comp5/Nastya/COSMOlogic/COSMOthermX19/COSMOtherm/CTDATA-FILES/OLDPARAM/
 Info: # COSMOtherm parameter file ./BP_TZVP_C30_1701.ctd for BP-TZVP optimized COSMO files                                                                  

 Reading COSMOtherm license key license.txt from directory /home/comp5/Nastya/COSMOlogic/COSMOthermX19/licensefiles/

 COSMOtherm license key expiration date 04/26/2025
 COSMOtherm license key version 21
 Customer : 200000000032966
 ID       : LKO1978637

 License keys:
  product                   |    licensed version    | status
 ------------------------------------------------------------------------------ 
  COSMOtherm                |          21            | active
  TURBOMOLE                 |          21            | active
 ------------------------------------------------------------------------------ 
 
 Note: Vapor pressure / property file could not be found for compound 1
 Reading COSMO information for compound 1 conformer 1 from file /home/comp5/Nastya/cosmo/HEBKCHPVOIAQTA-SCDXWVJYSA-N.cosmo
 Note: Gas phase energy file could not be found for compound 1 conformer 1
 Note: converting Gaussian COSMO-file information of compound 1 conformer 1
 
 Note: Vapor pressure / property file could not be found for compound 2
 Reading COSMO information for compound 2 conformer 1 from file /home/comp5/Nastya/cosmo/JRMUNVKIHCOMHV-UHFFFAOYSA-M.cosmo
 Note: Gas phase energy file could not be found for compound 2 conformer 1
 Note: converting Gaussian COSMO-file information of compound 2 conformer 1


 --- Compound 1 (HEBKCHPVOIAQTA-SCDXWVJYSA-N) ---

 Compound Information for compound 1 conformer 1 (COSMO file /home/comp5/Nastya/cosmo/HEBKCHPVOIAQTA-SCDXWVJYSA-N.cosmo)
 Atomic weights         : 1111111111111111111111
 E_COSMO+dE             :    -360249.0239 kcal/mol
 E_gas                  :    -360234.1501 kcal/mol
 E_COSMO-E_gas+dE       :        -14.8738 kcal/mol
 E_diel                 :        -22.7020 kcal/mol
 Averaging corr dE      :          1.3789 kcal/mol
 Area                   :        175.5647 A^2
 Volume                 :        178.0718 A^3
 Molecular Weight       :        152.1464 a.m.u.
 Total COSMO charge     :          0.0007 a.u.
 Dipole moment (t,x,y,z):          4.7532 -4.189080 -0.596165 -2.165419 Debye                            
 Sigma moments (1-6)    :          0.0000  1.68E+02  4.06E+01  3.38E+02  1.25E+02  8.32E+02              
 H-bond moment (accept) :         10.4773
 H-bond moment (donor)  :          6.4227
 
 WARNING: QM computation level of compound 1 conformer 1 could not be determined - it may differ from the QM level of the parameter set.
 No gas phase energy for compound 1 conformer 1 specified, thus it will be estimated


 --- Compound 2 (JRMUNVKIHCOMHV-UHFFFAOYSA-M) ---

 Compound Information for compound 2 conformer 1 (COSMO file /home/comp5/Nastya/cosmo/JRMUNVKIHCOMHV-UHFFFAOYSA-M.cosmo)
 Atomic weights         : 111111111111111111111111111111111111111111111111111111
 E_COSMO+dE             :   -2046184.8166 kcal/mol
 E_gas                  :   -2046158.0223 kcal/mol
 E_COSMO-E_gas+dE       :        -26.7942 kcal/mol
 E_diel                 :        -39.0736 kcal/mol
 Averaging corr dE      :          0.5573 kcal/mol
 Area                   :        340.2586 A^2
 Volume                 :        417.7631 A^3
 Molecular Weight       :        322.3694 a.m.u.
 Total COSMO charge     :          0.0094 a.u.
 Dipole moment (t,x,y,z):         19.1244 -1.90E+01  1.879314  0.348338 Debye                            
 Sigma moments (1-6)    :          0.0000  1.58E+02  1.50E+02  3.16E+02  4.43E+02  7.98E+02              
 H-bond moment (accept) :         17.0031
 H-bond moment (donor)  :          0.4091
 
 WARNING: QM computation level of compound 2 conformer 1 could not be determined - it may differ from the QM level of the parameter set.
 No gas phase energy for compound 2 conformer 1 specified, thus it will be estimated


 Total number of processed compounds:    2


----------------
 START job     1
----------------


 Results for mixture 1
 ---------------------
 Temperature          :    365.700 K
 Compound Nr.         :         1         2
 Compound             : HEBKCHPVO JRMUNVKIH
 Mole Fraction        :    1.0000    0.0000

 Compound: 1  (HEBKCHPVOIAQTA-SCDXWVJYSA-N)
 Chemical potential of the compound in the mixture :        -1.33173 kcal/mol
 Log10(partial pressure [mbar])                    :        -2.23136
 Free energy of molecule in mix (E_COSMO+dE+Mu)    :   -360250.35562 kcal/mol
 Total mean interaction energy in the mix (H_int)  :       -14.62478 kcal/mol
 Misfit interaction energy in the mix (H_MF)       :         3.22194 kcal/mol
 H-Bond interaction energy in the mix (H_HB)       :       -11.13640 kcal/mol
 VdW interaction energy in the mix (H_vdW)         :        -6.71032 kcal/mol

 Compound: 2  (JRMUNVKIHCOMHV-UHFFFAOYSA-M)
 Chemical potential of the compound in the mixture :        -1.48387 kcal/mol
 Log10(partial pressure [mbar])                    :        -9.44602
 Free energy of molecule in mix (E_COSMO+dE+Mu)    :  -2046186.30044 kcal/mol
 Total mean interaction energy in the mix (H_int)  :       -18.09940 kcal/mol
 Misfit interaction energy in the mix (H_MF)       :         7.07812 kcal/mol
 H-Bond interaction energy in the mix (H_HB)       :        -9.86542 kcal/mol
 VdW interaction energy in the mix (H_vdW)         :       -15.31209 kcal/mol



 Compound: 1 Conformer: 1 (HEBKCHPVOIAQTA-SCDXWVJYSA-N)
 Chemical potential of the molecule in the mixture :        -1.33173 kcal/mol
 Log10(partial pressure [mbar])                    :        -2.23136
 Free energy of molecule in mix (E_COSMO+dE+Mu)    :   -360250.35562 kcal/mol
 Total mean interaction energy in the mix          :       -14.62478 kcal/mol
 Misfit interaction energy in the mix              :         3.22194 kcal/mol
 H-Bond interaction energy in the mix              :       -11.13640 kcal/mol
 VdW interaction energy in the mix                 :        -6.71032 kcal/mol
 Normalized weight factor of molecule in compound  :         1.00000
 Normalized weight factor of molecule in gas phase :         1.00000

 Compound: 2 Conformer: 1 (JRMUNVKIHCOMHV-UHFFFAOYSA-M)
 Chemical potential of the molecule in the mixture :        -1.48387 kcal/mol
 Log10(partial pressure [mbar])                    :        -9.44602
 Free energy of molecule in mix (E_COSMO+dE+Mu)    :  -2046186.30044 kcal/mol
 Total mean interaction energy in the mix          :       -18.09940 kcal/mol
 Misfit interaction energy in the mix              :         7.07812 kcal/mol
 H-Bond interaction energy in the mix              :        -9.86542 kcal/mol
 VdW interaction energy in the mix                 :       -15.31209 kcal/mol
 Normalized weight factor of molecule in compound  :         1.00000
 Normalized weight factor of molecule in gas phase :         1.00000



 Note: Compound properties are tabulated in /home/comp5/Nastya/mu_CA_update/HEBKCHPVOIAQTA-SCDXWVJYSA-N_JRMUNVKIHCOMHV-UHFFFAOYSA-M.tab
----------------
 END job       1
----------------
----------------
 START job     2
----------------


 Results for mixture 2
 ---------------------
 Temperature          :    390.800 K
 Compound Nr.         :         1         2
 Compound             : HEBKCHPVO JRMUNVKIH
 Mole Fraction        :    0.0000    1.0000

 Compound: 1  (HEBKCHPVOIAQTA-SCDXWVJYSA-N)
 Chemical potential of the compound in the mixture :        -1.49220 kcal/mol
 Log10(partial pressure [mbar])                    :        -1.73334
 Free energy of molecule in mix (E_COSMO+dE+Mu)    :   -360250.51609 kcal/mol
 Total mean interaction energy in the mix (H_int)  :        -9.15672 kcal/mol
 Misfit interaction energy in the mix (H_MF)       :         4.77684 kcal/mol
 H-Bond interaction energy in the mix (H_HB)       :        -6.12563 kcal/mol
 VdW interaction energy in the mix (H_vdW)         :        -7.80793 kcal/mol

 Compound: 2  (JRMUNVKIHCOMHV-UHFFFAOYSA-M)
 Chemical potential of the compound in the mixture :         0.63554 kcal/mol
 Log10(partial pressure [mbar])                    :        -7.20966
 Free energy of molecule in mix (E_COSMO+dE+Mu)    :  -2046184.18103 kcal/mol
 Total mean interaction energy in the mix (H_int)  :        -7.30066 kcal/mol
 Misfit interaction energy in the mix (H_MF)       :        10.32388 kcal/mol
 H-Bond interaction energy in the mix (H_HB)       :        -0.75329 kcal/mol
 VdW interaction energy in the mix (H_vdW)         :       -16.87125 kcal/mol



 Compound: 1 Conformer: 1 (HEBKCHPVOIAQTA-SCDXWVJYSA-N)
 Chemical potential of the molecule in the mixture :        -1.49220 kcal/mol
 Log10(partial pressure [mbar])                    :        -1.73334
 Free energy of molecule in mix (E_COSMO+dE+Mu)    :   -360250.51609 kcal/mol
 Total mean interaction energy in the mix          :        -9.15672 kcal/mol
 Misfit interaction energy in the mix              :         4.77684 kcal/mol
 H-Bond interaction energy in the mix              :        -6.12563 kcal/mol
 VdW interaction energy in the mix                 :        -7.80793 kcal/mol
 Normalized weight factor of molecule in compound  :         1.00000
 Normalized weight factor of molecule in gas phase :         1.00000

 Compound: 2 Conformer: 1 (JRMUNVKIHCOMHV-UHFFFAOYSA-M)
 Chemical potential of the molecule in the mixture :         0.63554 kcal/mol
 Log10(partial pressure [mbar])                    :        -7.20966
 Free energy of molecule in mix (E_COSMO+dE+Mu)    :  -2046184.18103 kcal/mol
 Total mean interaction energy in the mix          :        -7.30066 kcal/mol
 Misfit interaction energy in the mix              :        10.32388 kcal/mol
 H-Bond interaction energy in the mix              :        -0.75329 kcal/mol
 VdW interaction energy in the mix                 :       -16.87125 kcal/mol
 Normalized weight factor of molecule in compound  :         1.00000
 Normalized weight factor of molecule in gas phase :         1.00000



 Note: Compound properties are tabulated in /home/comp5/Nastya/mu_CA_update/HEBKCHPVOIAQTA-SCDXWVJYSA-N_JRMUNVKIHCOMHV-UHFFFAOYSA-M.tab
----------------
 END job       2
----------------
