 -----------------------------------------------------------
 BIOVIA COSMOtherm Version 2019 (build: 19.0.5 [65f0de1d5f])
 -----------------------------------------------------------

 Copyright (C) 1999-2019, Dassault Systemes BIOVIA corp, all rights reserved

 Job name   : !! generated by COSMOthermX !!
 Job date   : 08/03/2022
 Job time   : 16:11:34
 Hostname   : unknown
 OS type    : unknown
 Executable : Linux 64-bit

 Reading COSMOtherm parameter file BP_TZVP_C30_1701.ctd from directory /home/comp5/Nastya/COSMOlogic/COSMOthermX19/COSMOtherm/CTDATA-FILES/OLDPARAM/
 Info: # COSMOtherm parameter file ./BP_TZVP_C30_1701.ctd for BP-TZVP optimized COSMO files                                                                  

 Reading COSMOtherm license key license.txt from directory /home/comp5/Nastya/COSMOlogic/COSMOthermX19/licensefiles/

 COSMOtherm license key expiration date 04/26/2025
 COSMOtherm license key version 21
 Customer : 200000000032966
 ID       : LKO1978637

 License keys:
  product                   |    licensed version    | status
 ------------------------------------------------------------------------------ 
  COSMOtherm                |          21            | active
  TURBOMOLE                 |          21            | active
 ------------------------------------------------------------------------------ 
 
 Note: Vapor pressure / property file could not be found for compound 1
 Reading COSMO information for compound 1 conformer 1 from file /home/comp5/Nastya/cosmo/IPCSVZSSVZVIGE-UHFFFAOYSA-N.cosmo
 Note: Gas phase energy file could not be found for compound 1 conformer 1
 Note: converting Gaussian COSMO-file information of compound 1 conformer 1
 
 Note: Vapor pressure / property file could not be found for compound 2
 Reading COSMO information for compound 2 conformer 1 from file /home/comp5/Nastya/cosmo/FBEVECUEMUUFKM-UHFFFAOYSA-M.cosmo
 Note: Gas phase energy file could not be found for compound 2 conformer 1
 Note: converting Gaussian COSMO-file information of compound 2 conformer 1


 --- Compound 1 (IPCSVZSSVZVIGE-UHFFFAOYSA-N) ---

 Compound Information for compound 1 conformer 1 (COSMO file /home/comp5/Nastya/cosmo/IPCSVZSSVZVIGE-UHFFFAOYSA-N.cosmo)
 Atomic weights         : 11111111111111111111111111111111111111111111111111
 E_COSMO+dE             :    -489285.3869 kcal/mol
 E_gas                  :    -489278.5545 kcal/mol
 E_COSMO-E_gas+dE       :         -6.8323 kcal/mol
 E_diel                 :         -9.1917 kcal/mol
 Averaging corr dE      :          0.6299 kcal/mol
 Area                   :        370.6735 A^2
 Volume                 :        382.3013 A^3
 Molecular Weight       :        256.4256 a.m.u.
 Total COSMO charge     :         -0.0084 a.u.
 Dipole moment (t,x,y,z):          2.9239  2.200857  0.248724 -1.908865 Debye                            
 Sigma moments (1-6)    :          0.0000  7.11E+01  4.312203  1.10E+02 -3.70E+01  2.63E+02              
 H-bond moment (accept) :          1.8280
 H-bond moment (donor)  :          3.0802
 
 WARNING: QM computation level of compound 1 conformer 1 could not be determined - it may differ from the QM level of the parameter set.
 No gas phase energy for compound 1 conformer 1 specified, thus it will be estimated


 --- Compound 2 (FBEVECUEMUUFKM-UHFFFAOYSA-M) ---

 Compound Information for compound 2 conformer 1 (COSMO file /home/comp5/Nastya/cosmo/FBEVECUEMUUFKM-UHFFFAOYSA-M.cosmo)
 Atomic weights         : 111111111111111111111111111111111111111111
 E_COSMO+dE             :    -620812.6747 kcal/mol
 E_gas                  :    -620785.1719 kcal/mol
 E_COSMO-E_gas+dE       :        -27.5028 kcal/mol
 E_diel                 :        -40.2405 kcal/mol
 Averaging corr dE      :          0.6655 kcal/mol
 Area                   :        280.8307 A^2
 Volume                 :        329.4602 A^3
 Molecular Weight       :        221.8118 a.m.u.
 Total COSMO charge     :          0.0099 a.u.
 Dipole moment (t,x,y,z):         17.8291 -1.73E+01  3.722837  2.435407 Debye                            
 Sigma moments (1-6)    :          0.0000  1.63E+02  1.84E+02  3.83E+02  6.32E+02  1.16E+03              
 H-bond moment (accept) :         20.5453
 H-bond moment (donor)  :          0.0005
 
 WARNING: QM computation level of compound 2 conformer 1 could not be determined - it may differ from the QM level of the parameter set.
 No gas phase energy for compound 2 conformer 1 specified, thus it will be estimated


 Total number of processed compounds:    2


----------------
 START job     1
----------------


 Results for mixture 1
 ---------------------
 Temperature          :    336.800 K
 Compound Nr.         :         1         2
 Compound             : IPCSVZSSV FBEVECUEM
 Mole Fraction        :    1.0000    0.0000

 Compound: 1  (IPCSVZSSVZVIGE-UHFFFAOYSA-N)
 Chemical potential of the compound in the mixture :        -8.64770 kcal/mol
 Log10(partial pressure [mbar])                    :        -2.54582
 Free energy of molecule in mix (E_COSMO+dE+Mu)    :   -489294.03457 kcal/mol
 Total mean interaction energy in the mix (H_int)  :       -17.25203 kcal/mol
 Misfit interaction energy in the mix (H_MF)       :         2.87898 kcal/mol
 H-Bond interaction energy in the mix (H_HB)       :        -2.52950 kcal/mol
 VdW interaction energy in the mix (H_vdW)         :       -17.60151 kcal/mol

 Compound: 2  (FBEVECUEMUUFKM-UHFFFAOYSA-M)
 Chemical potential of the compound in the mixture :        -5.17049 kcal/mol
 Log10(partial pressure [mbar])                    :       -13.70231
 Free energy of molecule in mix (E_COSMO+dE+Mu)    :   -620817.84516 kcal/mol
 Total mean interaction energy in the mix (H_int)  :       -30.47392 kcal/mol
 Misfit interaction energy in the mix (H_MF)       :         3.39817 kcal/mol
 H-Bond interaction energy in the mix (H_HB)       :       -20.09997 kcal/mol
 VdW interaction energy in the mix (H_vdW)         :       -13.77212 kcal/mol



 Compound: 1 Conformer: 1 (IPCSVZSSVZVIGE-UHFFFAOYSA-N)
 Chemical potential of the molecule in the mixture :        -8.64770 kcal/mol
 Log10(partial pressure [mbar])                    :        -2.54582
 Free energy of molecule in mix (E_COSMO+dE+Mu)    :   -489294.03457 kcal/mol
 Total mean interaction energy in the mix          :       -17.25203 kcal/mol
 Misfit interaction energy in the mix              :         2.87898 kcal/mol
 H-Bond interaction energy in the mix              :        -2.52950 kcal/mol
 VdW interaction energy in the mix                 :       -17.60151 kcal/mol
 Normalized weight factor of molecule in compound  :         1.00000
 Normalized weight factor of molecule in gas phase :         1.00000

 Compound: 2 Conformer: 1 (FBEVECUEMUUFKM-UHFFFAOYSA-M)
 Chemical potential of the molecule in the mixture :        -5.17049 kcal/mol
 Log10(partial pressure [mbar])                    :       -13.70231
 Free energy of molecule in mix (E_COSMO+dE+Mu)    :   -620817.84516 kcal/mol
 Total mean interaction energy in the mix          :       -30.47392 kcal/mol
 Misfit interaction energy in the mix              :         3.39817 kcal/mol
 H-Bond interaction energy in the mix              :       -20.09997 kcal/mol
 VdW interaction energy in the mix                 :       -13.77212 kcal/mol
 Normalized weight factor of molecule in compound  :         1.00000
 Normalized weight factor of molecule in gas phase :         1.00000



 Note: Compound properties are tabulated in /home/comp5/Nastya/mu_CA_update/IPCSVZSSVZVIGE-UHFFFAOYSA-N_FBEVECUEMUUFKM-UHFFFAOYSA-M.tab
----------------
 END job       1
----------------
----------------
 START job     2
----------------


 Results for mixture 2
 ---------------------
 Temperature          :    502.400 K
 Compound Nr.         :         1         2
 Compound             : IPCSVZSSV FBEVECUEM
 Mole Fraction        :    0.0000    1.0000

 Compound: 1  (IPCSVZSSVZVIGE-UHFFFAOYSA-N)
 Chemical potential of the compound in the mixture :        -5.60116 kcal/mol
 Log10(partial pressure [mbar])                    :         1.89947
 Free energy of molecule in mix (E_COSMO+dE+Mu)    :   -489290.98803 kcal/mol
 Total mean interaction energy in the mix (H_int)  :        -8.51728 kcal/mol
 Misfit interaction energy in the mix (H_MF)       :         8.23587 kcal/mol
 H-Bond interaction energy in the mix (H_HB)       :        -1.30470 kcal/mol
 VdW interaction energy in the mix (H_vdW)         :       -15.44846 kcal/mol

 Compound: 2  (FBEVECUEMUUFKM-UHFFFAOYSA-M)
 Chemical potential of the compound in the mixture :         4.50968 kcal/mol
 Log10(partial pressure [mbar])                    :        -2.69399
 Free energy of molecule in mix (E_COSMO+dE+Mu)    :   -620808.16500 kcal/mol
 Total mean interaction energy in the mix (H_int)  :        -0.77630 kcal/mol
 Misfit interaction energy in the mix (H_MF)       :        11.56310 kcal/mol
 H-Bond interaction energy in the mix (H_HB)       :        -0.15778 kcal/mol
 VdW interaction energy in the mix (H_vdW)         :       -12.18162 kcal/mol



 Compound: 1 Conformer: 1 (IPCSVZSSVZVIGE-UHFFFAOYSA-N)
 Chemical potential of the molecule in the mixture :        -5.60116 kcal/mol
 Log10(partial pressure [mbar])                    :         1.89947
 Free energy of molecule in mix (E_COSMO+dE+Mu)    :   -489290.98803 kcal/mol
 Total mean interaction energy in the mix          :        -8.51728 kcal/mol
 Misfit interaction energy in the mix              :         8.23587 kcal/mol
 H-Bond interaction energy in the mix              :        -1.30470 kcal/mol
 VdW interaction energy in the mix                 :       -15.44846 kcal/mol
 Normalized weight factor of molecule in compound  :         1.00000
 Normalized weight factor of molecule in gas phase :         1.00000

 Compound: 2 Conformer: 1 (FBEVECUEMUUFKM-UHFFFAOYSA-M)
 Chemical potential of the molecule in the mixture :         4.50968 kcal/mol
 Log10(partial pressure [mbar])                    :        -2.69399
 Free energy of molecule in mix (E_COSMO+dE+Mu)    :   -620808.16500 kcal/mol
 Total mean interaction energy in the mix          :        -0.77630 kcal/mol
 Misfit interaction energy in the mix              :        11.56310 kcal/mol
 H-Bond interaction energy in the mix              :        -0.15778 kcal/mol
 VdW interaction energy in the mix                 :       -12.18162 kcal/mol
 Normalized weight factor of molecule in compound  :         1.00000
 Normalized weight factor of molecule in gas phase :         1.00000



 Note: Compound properties are tabulated in /home/comp5/Nastya/mu_CA_update/IPCSVZSSVZVIGE-UHFFFAOYSA-N_FBEVECUEMUUFKM-UHFFFAOYSA-M.tab
----------------
 END job       2
----------------
