 -----------------------------------------------------------
 BIOVIA COSMOtherm Version 2019 (build: 19.0.5 [65f0de1d5f])
 -----------------------------------------------------------

 Copyright (C) 1999-2019, Dassault Systemes BIOVIA corp, all rights reserved

 Job name   : !! generated by COSMOthermX !!
 Job date   : 08/03/2022
 Job time   : 16:09:50
 Hostname   : unknown
 OS type    : unknown
 Executable : Linux 64-bit

 Reading COSMOtherm parameter file BP_TZVP_C30_1701.ctd from directory /home/comp5/Nastya/COSMOlogic/COSMOthermX19/COSMOtherm/CTDATA-FILES/OLDPARAM/
 Info: # COSMOtherm parameter file ./BP_TZVP_C30_1701.ctd for BP-TZVP optimized COSMO files                                                                  

 Reading COSMOtherm license key license.txt from directory /home/comp5/Nastya/COSMOlogic/COSMOthermX19/licensefiles/

 COSMOtherm license key expiration date 04/26/2025
 COSMOtherm license key version 21
 Customer : 200000000032966
 ID       : LKO1978637

 License keys:
  product                   |    licensed version    | status
 ------------------------------------------------------------------------------ 
  COSMOtherm                |          21            | active
  TURBOMOLE                 |          21            | active
 ------------------------------------------------------------------------------ 
 
 Note: Vapor pressure / property file could not be found for compound 1
 Reading COSMO information for compound 1 conformer 1 from file /home/comp5/Nastya/cosmo/JRMUNVKIHCOMHV-UHFFFAOYSA-M.cosmo
 Note: Gas phase energy file could not be found for compound 1 conformer 1
 Note: converting Gaussian COSMO-file information of compound 1 conformer 1
 
 Note: Vapor pressure / property file could not be found for compound 2
 Reading COSMO information for compound 2 conformer 1 from file /home/comp5/Nastya/cosmo/MUBZPKHOEPUJKR-UHFFFAOYSA-N.cosmo
 Note: Gas phase energy file could not be found for compound 2 conformer 1
 Note: converting Gaussian COSMO-file information of compound 2 conformer 1


 --- Compound 1 (JRMUNVKIHCOMHV-UHFFFAOYSA-M) ---

 Compound Information for compound 1 conformer 1 (COSMO file /home/comp5/Nastya/cosmo/JRMUNVKIHCOMHV-UHFFFAOYSA-M.cosmo)
 Atomic weights         : 111111111111111111111111111111111111111111111111111111
 E_COSMO+dE             :   -2046184.8166 kcal/mol
 E_gas                  :   -2046158.0223 kcal/mol
 E_COSMO-E_gas+dE       :        -26.7942 kcal/mol
 E_diel                 :        -39.0736 kcal/mol
 Averaging corr dE      :          0.5573 kcal/mol
 Area                   :        340.2586 A^2
 Volume                 :        417.7631 A^3
 Molecular Weight       :        322.3694 a.m.u.
 Total COSMO charge     :          0.0094 a.u.
 Dipole moment (t,x,y,z):         19.1244 -1.90E+01  1.879314  0.348338 Debye                            
 Sigma moments (1-6)    :          0.0000  1.58E+02  1.50E+02  3.16E+02  4.43E+02  7.98E+02              
 H-bond moment (accept) :         17.0031
 H-bond moment (donor)  :          0.4091
 
 WARNING: QM computation level of compound 1 conformer 1 could not be determined - it may differ from the QM level of the parameter set.
 No gas phase energy for compound 1 conformer 1 specified, thus it will be estimated


 --- Compound 2 (MUBZPKHOEPUJKR-UHFFFAOYSA-N) ---

 Compound Information for compound 2 conformer 1 (COSMO file /home/comp5/Nastya/cosmo/MUBZPKHOEPUJKR-UHFFFAOYSA-N.cosmo)
 Atomic weights         : 11111111
 E_COSMO+dE             :    -237516.2480 kcal/mol
 E_gas                  :    -237505.3539 kcal/mol
 E_COSMO-E_gas+dE       :        -10.8941 kcal/mol
 E_diel                 :        -15.2580 kcal/mol
 Averaging corr dE      :          0.8357 kcal/mol
 Area                   :        106.9113 A^2
 Volume                 :         90.2631 A^3
 Molecular Weight       :         90.0352 a.m.u.
 Total COSMO charge     :          0.0050 a.u.
 Dipole moment (t,x,y,z):          0.0041 -0.003739 -0.001660 -0.000440 Debye                            
 Sigma moments (1-6)    :          0.0000  1.14E+02 -7.00E+01  2.67E+02 -3.61E+02  8.84E+02              
 H-bond moment (accept) :          0.7600
 H-bond moment (donor)  :         10.3423
 
 WARNING: QM computation level of compound 2 conformer 1 could not be determined - it may differ from the QM level of the parameter set.
 No gas phase energy for compound 2 conformer 1 specified, thus it will be estimated


 Total number of processed compounds:    2


----------------
 START job     1
----------------


 Results for mixture 1
 ---------------------
 Temperature          :    390.800 K
 Compound Nr.         :         1         2
 Compound             : JRMUNVKIH MUBZPKHOE
 Mole Fraction        :    1.0000    0.0000

 Compound: 1  (JRMUNVKIHCOMHV-UHFFFAOYSA-M)
 Chemical potential of the compound in the mixture :         0.63554 kcal/mol
 Log10(partial pressure [mbar])                    :        -7.20966
 Free energy of molecule in mix (E_COSMO+dE+Mu)    :  -2046184.18103 kcal/mol
 Total mean interaction energy in the mix (H_int)  :        -7.30066 kcal/mol
 Misfit interaction energy in the mix (H_MF)       :        10.32388 kcal/mol
 H-Bond interaction energy in the mix (H_HB)       :        -0.75329 kcal/mol
 VdW interaction energy in the mix (H_vdW)         :       -16.87125 kcal/mol

 Compound: 2  (MUBZPKHOEPUJKR-UHFFFAOYSA-N)
 Chemical potential of the compound in the mixture :        -3.19572 kcal/mol
 Log10(partial pressure [mbar])                    :        -0.46044
 Free energy of molecule in mix (E_COSMO+dE+Mu)    :   -237519.44373 kcal/mol
 Total mean interaction energy in the mix (H_int)  :        -9.18897 kcal/mol
 Misfit interaction energy in the mix (H_MF)       :         2.34199 kcal/mol
 H-Bond interaction energy in the mix (H_HB)       :        -7.00484 kcal/mol
 VdW interaction energy in the mix (H_vdW)         :        -4.52612 kcal/mol



 Compound: 1 Conformer: 1 (JRMUNVKIHCOMHV-UHFFFAOYSA-M)
 Chemical potential of the molecule in the mixture :         0.63554 kcal/mol
 Log10(partial pressure [mbar])                    :        -7.20966
 Free energy of molecule in mix (E_COSMO+dE+Mu)    :  -2046184.18103 kcal/mol
 Total mean interaction energy in the mix          :        -7.30066 kcal/mol
 Misfit interaction energy in the mix              :        10.32388 kcal/mol
 H-Bond interaction energy in the mix              :        -0.75329 kcal/mol
 VdW interaction energy in the mix                 :       -16.87125 kcal/mol
 Normalized weight factor of molecule in compound  :         1.00000
 Normalized weight factor of molecule in gas phase :         1.00000

 Compound: 2 Conformer: 1 (MUBZPKHOEPUJKR-UHFFFAOYSA-N)
 Chemical potential of the molecule in the mixture :        -3.19572 kcal/mol
 Log10(partial pressure [mbar])                    :        -0.46044
 Free energy of molecule in mix (E_COSMO+dE+Mu)    :   -237519.44373 kcal/mol
 Total mean interaction energy in the mix          :        -9.18897 kcal/mol
 Misfit interaction energy in the mix              :         2.34199 kcal/mol
 H-Bond interaction energy in the mix              :        -7.00484 kcal/mol
 VdW interaction energy in the mix                 :        -4.52612 kcal/mol
 Normalized weight factor of molecule in compound  :         1.00000
 Normalized weight factor of molecule in gas phase :         1.00000



 Note: Compound properties are tabulated in /home/comp5/Nastya/mu_CA_update/JRMUNVKIHCOMHV-UHFFFAOYSA-M_MUBZPKHOEPUJKR-UHFFFAOYSA-N.tab
----------------
 END job       1
----------------
----------------
 START job     2
----------------


 Results for mixture 2
 ---------------------
 Temperature          :    462.400 K
 Compound Nr.         :         1         2
 Compound             : JRMUNVKIH MUBZPKHOE
 Mole Fraction        :    0.0000    1.0000

 Compound: 1  (JRMUNVKIHCOMHV-UHFFFAOYSA-M)
 Chemical potential of the compound in the mixture :        -5.70059 kcal/mol
 Log10(partial pressure [mbar])                    :        -8.01646
 Free energy of molecule in mix (E_COSMO+dE+Mu)    :  -2046190.51716 kcal/mol
 Total mean interaction energy in the mix (H_int)  :       -15.45339 kcal/mol
 Misfit interaction energy in the mix (H_MF)       :         7.82901 kcal/mol
 H-Bond interaction energy in the mix (H_HB)       :       -10.36596 kcal/mol
 VdW interaction energy in the mix (H_vdW)         :       -12.91644 kcal/mol

 Compound: 2  (MUBZPKHOEPUJKR-UHFFFAOYSA-N)
 Chemical potential of the compound in the mixture :         1.94540 kcal/mol
 Log10(partial pressure [mbar])                    :         3.11221
 Free energy of molecule in mix (E_COSMO+dE+Mu)    :   -237514.30261 kcal/mol
 Total mean interaction energy in the mix (H_int)  :        -1.31321 kcal/mol
 Misfit interaction energy in the mix (H_MF)       :         3.22075 kcal/mol
 H-Bond interaction energy in the mix (H_HB)       :        -2.15626 kcal/mol
 VdW interaction energy in the mix (H_vdW)         :        -2.37771 kcal/mol



 Compound: 1 Conformer: 1 (JRMUNVKIHCOMHV-UHFFFAOYSA-M)
 Chemical potential of the molecule in the mixture :        -5.70059 kcal/mol
 Log10(partial pressure [mbar])                    :        -8.01646
 Free energy of molecule in mix (E_COSMO+dE+Mu)    :  -2046190.51716 kcal/mol
 Total mean interaction energy in the mix          :       -15.45339 kcal/mol
 Misfit interaction energy in the mix              :         7.82901 kcal/mol
 H-Bond interaction energy in the mix              :       -10.36596 kcal/mol
 VdW interaction energy in the mix                 :       -12.91644 kcal/mol
 Normalized weight factor of molecule in compound  :         1.00000
 Normalized weight factor of molecule in gas phase :         1.00000

 Compound: 2 Conformer: 1 (MUBZPKHOEPUJKR-UHFFFAOYSA-N)
 Chemical potential of the molecule in the mixture :         1.94540 kcal/mol
 Log10(partial pressure [mbar])                    :         3.11221
 Free energy of molecule in mix (E_COSMO+dE+Mu)    :   -237514.30261 kcal/mol
 Total mean interaction energy in the mix          :        -1.31321 kcal/mol
 Misfit interaction energy in the mix              :         3.22075 kcal/mol
 H-Bond interaction energy in the mix              :        -2.15626 kcal/mol
 VdW interaction energy in the mix                 :        -2.37771 kcal/mol
 Normalized weight factor of molecule in compound  :         1.00000
 Normalized weight factor of molecule in gas phase :         1.00000



 Note: Compound properties are tabulated in /home/comp5/Nastya/mu_CA_update/JRMUNVKIHCOMHV-UHFFFAOYSA-M_MUBZPKHOEPUJKR-UHFFFAOYSA-N.tab
----------------
 END job       2
----------------
