 -----------------------------------------------------------
 BIOVIA COSMOtherm Version 2019 (build: 19.0.5 [65f0de1d5f])
 -----------------------------------------------------------

 Copyright (C) 1999-2019, Dassault Systemes BIOVIA corp, all rights reserved

 Job name   : !! generated by COSMOthermX !!
 Job date   : 08/03/2022
 Job time   : 16:10:49
 Hostname   : unknown
 OS type    : unknown
 Executable : Linux 64-bit

 Reading COSMOtherm parameter file BP_TZVP_C30_1701.ctd from directory /home/comp5/Nastya/COSMOlogic/COSMOthermX19/COSMOtherm/CTDATA-FILES/OLDPARAM/
 Info: # COSMOtherm parameter file ./BP_TZVP_C30_1701.ctd for BP-TZVP optimized COSMO files                                                                  

 Reading COSMOtherm license key license.txt from directory /home/comp5/Nastya/COSMOlogic/COSMOthermX19/licensefiles/

 COSMOtherm license key expiration date 04/26/2025
 COSMOtherm license key version 21
 Customer : 200000000032966
 ID       : LKO1978637

 License keys:
  product                   |    licensed version    | status
 ------------------------------------------------------------------------------ 
  COSMOtherm                |          21            | active
  TURBOMOLE                 |          21            | active
 ------------------------------------------------------------------------------ 
 
 Note: Vapor pressure / property file could not be found for compound 1
 Reading COSMO information for compound 1 conformer 1 from file /home/comp5/Nastya/cosmo/JVTAAEKCZFNVCJ-UHFFFAOYSA-N.cosmo
 Note: Gas phase energy file could not be found for compound 1 conformer 1
 Note: converting Gaussian COSMO-file information of compound 1 conformer 1
 
 Note: Vapor pressure / property file could not be found for compound 2
 Reading COSMO information for compound 2 conformer 1 from file /home/comp5/Nastya/cosmo/QNAYBMKLOCPYGJ-UHFFFAOYSA-N.cosmo
 Note: Gas phase energy file could not be found for compound 2 conformer 1
 Note: converting Gaussian COSMO-file information of compound 2 conformer 1


 --- Compound 1 (JVTAAEKCZFNVCJ-UHFFFAOYSA-N) ---

 Compound Information for compound 1 conformer 1 (COSMO file /home/comp5/Nastya/cosmo/JVTAAEKCZFNVCJ-UHFFFAOYSA-N.cosmo)
 Atomic weights         : 111111111111
 E_COSMO+dE             :    -215715.9293 kcal/mol
 E_gas                  :    -215707.1507 kcal/mol
 E_COSMO-E_gas+dE       :         -8.7786 kcal/mol
 E_diel                 :        -12.1137 kcal/mol
 Averaging corr dE      :          0.8045 kcal/mol
 Area                   :        120.2974 A^2
 Volume                 :        106.9309 A^3
 Molecular Weight       :         90.0783 a.m.u.
 Total COSMO charge     :          0.0019 a.u.
 Dipole moment (t,x,y,z):          1.9919 -0.844347  1.558418 -0.908996 Debye                            
 Sigma moments (1-6)    :          0.0000  9.53E+01 -9.153887  1.83E+02 -8.17E+01  4.59E+02              
 H-bond moment (accept) :          3.0367
 H-bond moment (donor)  :          5.3216
 
 WARNING: QM computation level of compound 1 conformer 1 could not be determined - it may differ from the QM level of the parameter set.
 No gas phase energy for compound 1 conformer 1 specified, thus it will be estimated


 --- Compound 2 (QNAYBMKLOCPYGJ-UHFFFAOYSA-N) ---

 Compound Information for compound 2 conformer 1 (COSMO file /home/comp5/Nastya/cosmo/QNAYBMKLOCPYGJ-UHFFFAOYSA-N.cosmo)
 Atomic weights         : 1111111111111
 E_COSMO+dE             :    -203251.4486 kcal/mol
 E_gas                  :    -203224.3729 kcal/mol
 E_COSMO-E_gas+dE       :        -27.0757 kcal/mol
 E_diel                 :        -39.7713 kcal/mol
 Averaging corr dE      :          0.7642 kcal/mol
 Area                   :        122.4946 A^2
 Volume                 :        109.9261 A^3
 Molecular Weight       :         89.0935 a.m.u.
 Total COSMO charge     :          0.0023 a.u.
 Dipole moment (t,x,y,z):         12.5275  1.20E+01 -3.380258 -1.285392 Debye                            
 Sigma moments (1-6)    :          0.0000  1.83E+02  4.74E+01  4.91E+02  2.04E+02  1.50E+03              
 H-bond moment (accept) :         15.7798
 H-bond moment (donor)  :          8.5012
 
 WARNING: QM computation level of compound 2 conformer 1 could not be determined - it may differ from the QM level of the parameter set.
 No gas phase energy for compound 2 conformer 1 specified, thus it will be estimated


 Total number of processed compounds:    2


----------------
 START job     1
----------------


 Results for mixture 1
 ---------------------
 Temperature          :    289.950 K
 Compound Nr.         :         1         2
 Compound             : JVTAAEKCZ QNAYBMKLO
 Mole Fraction        :    1.0000    0.0000

 Compound: 1  (JVTAAEKCZFNVCJ-UHFFFAOYSA-N)
 Chemical potential of the compound in the mixture :        -2.61452 kcal/mol
 Log10(partial pressure [mbar])                    :        -0.99480
 Free energy of molecule in mix (E_COSMO+dE+Mu)    :   -215718.54380 kcal/mol
 Total mean interaction energy in the mix (H_int)  :       -10.10861 kcal/mol
 Misfit interaction energy in the mix (H_MF)       :         1.69775 kcal/mol
 H-Bond interaction energy in the mix (H_HB)       :        -7.15568 kcal/mol
 VdW interaction energy in the mix (H_vdW)         :        -4.65068 kcal/mol

 Compound: 2  (QNAYBMKLOCPYGJ-UHFFFAOYSA-N)
 Chemical potential of the compound in the mixture :        -5.41188 kcal/mol
 Log10(partial pressure [mbar])                    :       -16.89448
 Free energy of molecule in mix (E_COSMO+dE+Mu)    :   -203256.86047 kcal/mol
 Total mean interaction energy in the mix (H_int)  :       -24.77928 kcal/mol
 Misfit interaction energy in the mix (H_MF)       :         1.83651 kcal/mol
 H-Bond interaction energy in the mix (H_HB)       :       -21.50007 kcal/mol
 VdW interaction energy in the mix (H_vdW)         :        -5.11572 kcal/mol



 Compound: 1 Conformer: 1 (JVTAAEKCZFNVCJ-UHFFFAOYSA-N)
 Chemical potential of the molecule in the mixture :        -2.61452 kcal/mol
 Log10(partial pressure [mbar])                    :        -0.99480
 Free energy of molecule in mix (E_COSMO+dE+Mu)    :   -215718.54380 kcal/mol
 Total mean interaction energy in the mix          :       -10.10861 kcal/mol
 Misfit interaction energy in the mix              :         1.69775 kcal/mol
 H-Bond interaction energy in the mix              :        -7.15568 kcal/mol
 VdW interaction energy in the mix                 :        -4.65068 kcal/mol
 Normalized weight factor of molecule in compound  :         1.00000
 Normalized weight factor of molecule in gas phase :         1.00000

 Compound: 2 Conformer: 1 (QNAYBMKLOCPYGJ-UHFFFAOYSA-N)
 Chemical potential of the molecule in the mixture :        -5.41188 kcal/mol
 Log10(partial pressure [mbar])                    :       -16.89448
 Free energy of molecule in mix (E_COSMO+dE+Mu)    :   -203256.86047 kcal/mol
 Total mean interaction energy in the mix          :       -24.77928 kcal/mol
 Misfit interaction energy in the mix              :         1.83651 kcal/mol
 H-Bond interaction energy in the mix              :       -21.50007 kcal/mol
 VdW interaction energy in the mix                 :        -5.11572 kcal/mol
 Normalized weight factor of molecule in compound  :         1.00000
 Normalized weight factor of molecule in gas phase :         1.00000



 Note: Compound properties are tabulated in /home/comp5/Nastya/mu_CA_update/JVTAAEKCZFNVCJ-UHFFFAOYSA-N_QNAYBMKLOCPYGJ-UHFFFAOYSA-N.tab
----------------
 END job       1
----------------
----------------
 START job     2
----------------


 Results for mixture 2
 ---------------------
 Temperature          :    570.150 K
 Compound Nr.         :         1         2
 Compound             : JVTAAEKCZ QNAYBMKLO
 Mole Fraction        :    0.0000    1.0000

 Compound: 1  (JVTAAEKCZFNVCJ-UHFFFAOYSA-N)
 Chemical potential of the compound in the mixture :         1.90714 kcal/mol
 Log10(partial pressure [mbar])                    :         4.62803
 Free energy of molecule in mix (E_COSMO+dE+Mu)    :   -215714.02214 kcal/mol
 Total mean interaction energy in the mix (H_int)  :        -0.84457 kcal/mol
 Misfit interaction energy in the mix (H_MF)       :         4.58252 kcal/mol
 H-Bond interaction energy in the mix (H_HB)       :        -1.61098 kcal/mol
 VdW interaction energy in the mix (H_vdW)         :        -3.81610 kcal/mol

 Compound: 2  (QNAYBMKLOCPYGJ-UHFFFAOYSA-N)
 Chemical potential of the compound in the mixture :         4.60696 kcal/mol
 Log10(partial pressure [mbar])                    :        -1.35062
 Free energy of molecule in mix (E_COSMO+dE+Mu)    :   -203246.84163 kcal/mol
 Total mean interaction energy in the mix (H_int)  :        -1.54721 kcal/mol
 Misfit interaction energy in the mix (H_MF)       :         4.72464 kcal/mol
 H-Bond interaction energy in the mix (H_HB)       :        -2.21929 kcal/mol
 VdW interaction energy in the mix (H_vdW)         :        -4.05256 kcal/mol



 Compound: 1 Conformer: 1 (JVTAAEKCZFNVCJ-UHFFFAOYSA-N)
 Chemical potential of the molecule in the mixture :         1.90714 kcal/mol
 Log10(partial pressure [mbar])                    :         4.62803
 Free energy of molecule in mix (E_COSMO+dE+Mu)    :   -215714.02214 kcal/mol
 Total mean interaction energy in the mix          :        -0.84457 kcal/mol
 Misfit interaction energy in the mix              :         4.58252 kcal/mol
 H-Bond interaction energy in the mix              :        -1.61098 kcal/mol
 VdW interaction energy in the mix                 :        -3.81610 kcal/mol
 Normalized weight factor of molecule in compound  :         1.00000
 Normalized weight factor of molecule in gas phase :         1.00000

 Compound: 2 Conformer: 1 (QNAYBMKLOCPYGJ-UHFFFAOYSA-N)
 Chemical potential of the molecule in the mixture :         4.60696 kcal/mol
 Log10(partial pressure [mbar])                    :        -1.35062
 Free energy of molecule in mix (E_COSMO+dE+Mu)    :   -203246.84163 kcal/mol
 Total mean interaction energy in the mix          :        -1.54721 kcal/mol
 Misfit interaction energy in the mix              :         4.72464 kcal/mol
 H-Bond interaction energy in the mix              :        -2.21929 kcal/mol
 VdW interaction energy in the mix                 :        -4.05256 kcal/mol
 Normalized weight factor of molecule in compound  :         1.00000
 Normalized weight factor of molecule in gas phase :         1.00000



 Note: Compound properties are tabulated in /home/comp5/Nastya/mu_CA_update/JVTAAEKCZFNVCJ-UHFFFAOYSA-N_QNAYBMKLOCPYGJ-UHFFFAOYSA-N.tab
----------------
 END job       2
----------------
