 -----------------------------------------------------------
 BIOVIA COSMOtherm Version 2019 (build: 19.0.5 [65f0de1d5f])
 -----------------------------------------------------------

 Copyright (C) 1999-2019, Dassault Systemes BIOVIA corp, all rights reserved

 Job name   : !! generated by COSMOthermX !!
 Job date   : 08/03/2022
 Job time   : 16:10:49
 Hostname   : unknown
 OS type    : unknown
 Executable : Linux 64-bit

 Reading COSMOtherm parameter file BP_TZVP_C30_1701.ctd from directory /home/comp5/Nastya/COSMOlogic/COSMOthermX19/COSMOtherm/CTDATA-FILES/OLDPARAM/
 Info: # COSMOtherm parameter file ./BP_TZVP_C30_1701.ctd for BP-TZVP optimized COSMO files                                                                  

 Reading COSMOtherm license key license.txt from directory /home/comp5/Nastya/COSMOlogic/COSMOthermX19/licensefiles/

 COSMOtherm license key expiration date 04/26/2025
 COSMOtherm license key version 21
 Customer : 200000000032966
 ID       : LKO1978637

 License keys:
  product                   |    licensed version    | status
 ------------------------------------------------------------------------------ 
  COSMOtherm                |          21            | active
  TURBOMOLE                 |          21            | active
 ------------------------------------------------------------------------------ 
 
 Note: Vapor pressure / property file could not be found for compound 1
 Reading COSMO information for compound 1 conformer 1 from file /home/comp5/Nastya/cosmo/JVTAAEKCZFNVCJ-UHFFFAOYSA-N.cosmo
 Note: Gas phase energy file could not be found for compound 1 conformer 1
 Note: converting Gaussian COSMO-file information of compound 1 conformer 1
 
 Note: Vapor pressure / property file could not be found for compound 2
 Reading COSMO information for compound 2 conformer 1 from file /home/comp5/Nastya/cosmo/YTRIOKYQEVFKGU-UHFFFAOYSA-M.cosmo
 Note: Gas phase energy file could not be found for compound 2 conformer 1
 Note: converting Gaussian COSMO-file information of compound 2 conformer 1


 --- Compound 1 (JVTAAEKCZFNVCJ-UHFFFAOYSA-N) ---

 Compound Information for compound 1 conformer 1 (COSMO file /home/comp5/Nastya/cosmo/JVTAAEKCZFNVCJ-UHFFFAOYSA-N.cosmo)
 Atomic weights         : 111111111111
 E_COSMO+dE             :    -215715.9293 kcal/mol
 E_gas                  :    -215707.1507 kcal/mol
 E_COSMO-E_gas+dE       :         -8.7786 kcal/mol
 E_diel                 :        -12.1137 kcal/mol
 Averaging corr dE      :          0.8045 kcal/mol
 Area                   :        120.2974 A^2
 Volume                 :        106.9309 A^3
 Molecular Weight       :         90.0783 a.m.u.
 Total COSMO charge     :          0.0019 a.u.
 Dipole moment (t,x,y,z):          1.9919 -0.844347  1.558418 -0.908996 Debye                            
 Sigma moments (1-6)    :          0.0000  9.53E+01 -9.153887  1.83E+02 -8.17E+01  4.59E+02              
 H-bond moment (accept) :          3.0367
 H-bond moment (donor)  :          5.3216
 
 WARNING: QM computation level of compound 1 conformer 1 could not be determined - it may differ from the QM level of the parameter set.
 No gas phase energy for compound 1 conformer 1 specified, thus it will be estimated


 --- Compound 2 (YTRIOKYQEVFKGU-UHFFFAOYSA-M) ---

 Compound Information for compound 2 conformer 1 (COSMO file /home/comp5/Nastya/cosmo/YTRIOKYQEVFKGU-UHFFFAOYSA-M.cosmo)
 Atomic weights         : 1111111111111111111111111111111111111111111111
 E_COSMO+dE             :    -716489.1214 kcal/mol
 E_gas                  :    -716461.3689 kcal/mol
 E_COSMO-E_gas+dE       :        -27.7525 kcal/mol
 E_diel                 :        -40.5949 kcal/mol
 Averaging corr dE      :          0.6640 kcal/mol
 Area                   :        315.9410 A^2
 Volume                 :        385.1216 A^3
 Molecular Weight       :        269.8549 a.m.u.
 Total COSMO charge     :          0.0088 a.u.
 Dipole moment (t,x,y,z):         17.5527  1.39E+01 -0.254283  1.08E+01 Debye                            
 Sigma moments (1-6)    :          0.0000  1.77E+02  1.83E+02  4.19E+02  6.93E+02  1.35E+03              
 H-bond moment (accept) :         21.2684
 H-bond moment (donor)  :          0.0515
 
 WARNING: QM computation level of compound 2 conformer 1 could not be determined - it may differ from the QM level of the parameter set.
 No gas phase energy for compound 2 conformer 1 specified, thus it will be estimated


 Total number of processed compounds:    2


----------------
 START job     1
----------------


 Results for mixture 1
 ---------------------
 Temperature          :    289.950 K
 Compound Nr.         :         1         2
 Compound             : JVTAAEKCZ YTRIOKYQE
 Mole Fraction        :    1.0000    0.0000

 Compound: 1  (JVTAAEKCZFNVCJ-UHFFFAOYSA-N)
 Chemical potential of the compound in the mixture :        -2.61452 kcal/mol
 Log10(partial pressure [mbar])                    :        -0.99480
 Free energy of molecule in mix (E_COSMO+dE+Mu)    :   -215718.54380 kcal/mol
 Total mean interaction energy in the mix (H_int)  :       -10.10861 kcal/mol
 Misfit interaction energy in the mix (H_MF)       :         1.69775 kcal/mol
 H-Bond interaction energy in the mix (H_HB)       :        -7.15568 kcal/mol
 VdW interaction energy in the mix (H_vdW)         :        -4.65068 kcal/mol

 Compound: 2  (YTRIOKYQEVFKGU-UHFFFAOYSA-M)
 Chemical potential of the compound in the mixture :       -12.98349 kcal/mol
 Log10(partial pressure [mbar])                    :       -23.96594
 Free energy of molecule in mix (E_COSMO+dE+Mu)    :   -716502.10486 kcal/mol
 Total mean interaction energy in the mix (H_int)  :       -36.13548 kcal/mol
 Misfit interaction energy in the mix (H_MF)       :         4.22182 kcal/mol
 H-Bond interaction energy in the mix (H_HB)       :       -25.74245 kcal/mol
 VdW interaction energy in the mix (H_vdW)         :       -14.61485 kcal/mol



 Compound: 1 Conformer: 1 (JVTAAEKCZFNVCJ-UHFFFAOYSA-N)
 Chemical potential of the molecule in the mixture :        -2.61452 kcal/mol
 Log10(partial pressure [mbar])                    :        -0.99480
 Free energy of molecule in mix (E_COSMO+dE+Mu)    :   -215718.54380 kcal/mol
 Total mean interaction energy in the mix          :       -10.10861 kcal/mol
 Misfit interaction energy in the mix              :         1.69775 kcal/mol
 H-Bond interaction energy in the mix              :        -7.15568 kcal/mol
 VdW interaction energy in the mix                 :        -4.65068 kcal/mol
 Normalized weight factor of molecule in compound  :         1.00000
 Normalized weight factor of molecule in gas phase :         1.00000

 Compound: 2 Conformer: 1 (YTRIOKYQEVFKGU-UHFFFAOYSA-M)
 Chemical potential of the molecule in the mixture :       -12.98349 kcal/mol
 Log10(partial pressure [mbar])                    :       -23.96594
 Free energy of molecule in mix (E_COSMO+dE+Mu)    :   -716502.10486 kcal/mol
 Total mean interaction energy in the mix          :       -36.13548 kcal/mol
 Misfit interaction energy in the mix              :         4.22182 kcal/mol
 H-Bond interaction energy in the mix              :       -25.74245 kcal/mol
 VdW interaction energy in the mix                 :       -14.61485 kcal/mol
 Normalized weight factor of molecule in compound  :         1.00000
 Normalized weight factor of molecule in gas phase :         1.00000



 Note: Compound properties are tabulated in /home/comp5/Nastya/mu_CA_update/JVTAAEKCZFNVCJ-UHFFFAOYSA-N_YTRIOKYQEVFKGU-UHFFFAOYSA-M.tab
----------------
 END job       1
----------------
----------------
 START job     2
----------------


 Results for mixture 2
 ---------------------
 Temperature          :    478.160 K
 Compound Nr.         :         1         2
 Compound             : JVTAAEKCZ YTRIOKYQE
 Mole Fraction        :    0.0000    1.0000

 Compound: 1  (JVTAAEKCZFNVCJ-UHFFFAOYSA-N)
 Chemical potential of the compound in the mixture :        -1.37336 kcal/mol
 Log10(partial pressure [mbar])                    :         2.68777
 Free energy of molecule in mix (E_COSMO+dE+Mu)    :   -215717.30264 kcal/mol
 Total mean interaction energy in the mix (H_int)  :        -4.39796 kcal/mol
 Misfit interaction energy in the mix (H_MF)       :         3.21028 kcal/mol
 H-Bond interaction energy in the mix (H_HB)       :        -2.75871 kcal/mol
 VdW interaction energy in the mix (H_vdW)         :        -4.84953 kcal/mol

 Compound: 2  (YTRIOKYQEVFKGU-UHFFFAOYSA-M)
 Chemical potential of the compound in the mixture :         3.23237 kcal/mol
 Log10(partial pressure [mbar])                    :        -4.39737
 Free energy of molecule in mix (E_COSMO+dE+Mu)    :   -716485.88900 kcal/mol
 Total mean interaction energy in the mix (H_int)  :        -3.66317 kcal/mol
 Misfit interaction energy in the mix (H_MF)       :        10.85054 kcal/mol
 H-Bond interaction energy in the mix (H_HB)       :        -0.40549 kcal/mol
 VdW interaction energy in the mix (H_vdW)         :       -14.10822 kcal/mol



 Compound: 1 Conformer: 1 (JVTAAEKCZFNVCJ-UHFFFAOYSA-N)
 Chemical potential of the molecule in the mixture :        -1.37336 kcal/mol
 Log10(partial pressure [mbar])                    :         2.68777
 Free energy of molecule in mix (E_COSMO+dE+Mu)    :   -215717.30264 kcal/mol
 Total mean interaction energy in the mix          :        -4.39796 kcal/mol
 Misfit interaction energy in the mix              :         3.21028 kcal/mol
 H-Bond interaction energy in the mix              :        -2.75871 kcal/mol
 VdW interaction energy in the mix                 :        -4.84953 kcal/mol
 Normalized weight factor of molecule in compound  :         1.00000
 Normalized weight factor of molecule in gas phase :         1.00000

 Compound: 2 Conformer: 1 (YTRIOKYQEVFKGU-UHFFFAOYSA-M)
 Chemical potential of the molecule in the mixture :         3.23237 kcal/mol
 Log10(partial pressure [mbar])                    :        -4.39737
 Free energy of molecule in mix (E_COSMO+dE+Mu)    :   -716485.88900 kcal/mol
 Total mean interaction energy in the mix          :        -3.66317 kcal/mol
 Misfit interaction energy in the mix              :        10.85054 kcal/mol
 H-Bond interaction energy in the mix              :        -0.40549 kcal/mol
 VdW interaction energy in the mix                 :       -14.10822 kcal/mol
 Normalized weight factor of molecule in compound  :         1.00000
 Normalized weight factor of molecule in gas phase :         1.00000



 Note: Compound properties are tabulated in /home/comp5/Nastya/mu_CA_update/JVTAAEKCZFNVCJ-UHFFFAOYSA-N_YTRIOKYQEVFKGU-UHFFFAOYSA-M.tab
----------------
 END job       2
----------------
