 -----------------------------------------------------------
 BIOVIA COSMOtherm Version 2019 (build: 19.0.5 [65f0de1d5f])
 -----------------------------------------------------------

 Copyright (C) 1999-2019, Dassault Systemes BIOVIA corp, all rights reserved

 Job name   : !! generated by COSMOthermX !!
 Job date   : 08/03/2022
 Job time   : 16:11:58
 Hostname   : unknown
 OS type    : unknown
 Executable : Linux 64-bit

 Reading COSMOtherm parameter file BP_TZVP_C30_1701.ctd from directory /home/comp5/Nastya/COSMOlogic/COSMOthermX19/COSMOtherm/CTDATA-FILES/OLDPARAM/
 Info: # COSMOtherm parameter file ./BP_TZVP_C30_1701.ctd for BP-TZVP optimized COSMO files                                                                  

 Reading COSMOtherm license key license.txt from directory /home/comp5/Nastya/COSMOlogic/COSMOthermX19/licensefiles/

 COSMOtherm license key expiration date 04/26/2025
 COSMOtherm license key version 21
 Customer : 200000000032966
 ID       : LKO1978637

 License keys:
  product                   |    licensed version    | status
 ------------------------------------------------------------------------------ 
  COSMOtherm                |          21            | active
  TURBOMOLE                 |          21            | active
 ------------------------------------------------------------------------------ 
 
 Note: Vapor pressure / property file could not be found for compound 1
 Reading COSMO information for compound 1 conformer 1 from file /home/comp5/Nastya/cosmo/KDYFGRWQOYBRFD-UHFFFAOYSA-N.cosmo
 Note: Gas phase energy file could not be found for compound 1 conformer 1
 Note: converting Gaussian COSMO-file information of compound 1 conformer 1
 
 Note: Vapor pressure / property file could not be found for compound 2
 Reading COSMO information for compound 2 conformer 1 from file /home/comp5/Nastya/cosmo/HWCKGOZZJDHMNC-UHFFFAOYSA-M.cosmo
 Note: Gas phase energy file could not be found for compound 2 conformer 1
 Note: converting Gaussian COSMO-file information of compound 2 conformer 1


 --- Compound 1 (KDYFGRWQOYBRFD-UHFFFAOYSA-N) ---

 Compound Information for compound 1 conformer 1 (COSMO file /home/comp5/Nastya/cosmo/KDYFGRWQOYBRFD-UHFFFAOYSA-N.cosmo)
 Atomic weights         : 11111111111111
 E_COSMO+dE             :    -286881.8489 kcal/mol
 E_gas                  :    -286871.4579 kcal/mol
 E_COSMO-E_gas+dE       :        -10.3910 kcal/mol
 E_diel                 :        -14.7988 kcal/mol
 Averaging corr dE      :          1.0341 kcal/mol
 Area                   :        145.2771 A^2
 Volume                 :        133.8377 A^3
 Molecular Weight       :        118.0885 a.m.u.
 Total COSMO charge     :          0.0037 a.u.
 Dipole moment (t,x,y,z):          0.0066  0.001456 -0.000970  0.006406 Debye                            
 Sigma moments (1-6)    :          0.0000  1.20E+02 -2.07E+01  2.15E+02 -1.42E+02  5.36E+02              
 H-bond moment (accept) :          2.2281
 H-bond moment (donor)  :          6.7957
 
 WARNING: QM computation level of compound 1 conformer 1 could not be determined - it may differ from the QM level of the parameter set.
 No gas phase energy for compound 1 conformer 1 specified, thus it will be estimated


 --- Compound 2 (HWCKGOZZJDHMNC-UHFFFAOYSA-M) ---

 Compound Information for compound 2 conformer 1 (COSMO file /home/comp5/Nastya/cosmo/HWCKGOZZJDHMNC-UHFFFAOYSA-M.cosmo)
 Atomic weights         : 111111111111111111111111111111
 E_COSMO+dE             :   -1848780.5017 kcal/mol
 E_gas                  :   -1848752.6625 kcal/mol
 E_COSMO-E_gas+dE       :        -27.8392 kcal/mol
 E_diel                 :        -40.5118 kcal/mol
 Averaging corr dE      :          0.5191 kcal/mol
 Area                   :        217.9637 A^2
 Volume                 :        246.3720 A^3
 Molecular Weight       :        210.1560 a.m.u.
 Total COSMO charge     :          0.0093 a.u.
 Dipole moment (t,x,y,z):         18.4992  1.84E+01  1.453623 -0.300269 Debye                            
 Sigma moments (1-6)    :          0.0000  1.54E+02  1.41E+02  2.94E+02  4.16E+02  7.08E+02              
 H-bond moment (accept) :         15.8609
 H-bond moment (donor)  :          0.0002
 
 WARNING: QM computation level of compound 2 conformer 1 could not be determined - it may differ from the QM level of the parameter set.
 No gas phase energy for compound 2 conformer 1 specified, thus it will be estimated


 Total number of processed compounds:    2


----------------
 START job     1
----------------


 Results for mixture 1
 ---------------------
 Temperature          :    455.200 K
 Compound Nr.         :         1         2
 Compound             : KDYFGRWQO HWCKGOZZJ
 Mole Fraction        :    1.0000    0.0000

 Compound: 1  (KDYFGRWQOYBRFD-UHFFFAOYSA-N)
 Chemical potential of the compound in the mixture :         0.96260 kcal/mol
 Log10(partial pressure [mbar])                    :         2.82168
 Free energy of molecule in mix (E_COSMO+dE+Mu)    :   -286880.88629 kcal/mol
 Total mean interaction energy in the mix (H_int)  :        -3.43066 kcal/mol
 Misfit interaction energy in the mix (H_MF)       :         3.56745 kcal/mol
 H-Bond interaction energy in the mix (H_HB)       :        -2.49652 kcal/mol
 VdW interaction energy in the mix (H_vdW)         :        -4.50159 kcal/mol

 Compound: 2  (HWCKGOZZJDHMNC-UHFFFAOYSA-M)
 Chemical potential of the compound in the mixture :        -0.17308 kcal/mol
 Log10(partial pressure [mbar])                    :        -6.10061
 Free energy of molecule in mix (E_COSMO+dE+Mu)    :  -1848780.67479 kcal/mol
 Total mean interaction energy in the mix (H_int)  :       -10.47049 kcal/mol
 Misfit interaction energy in the mix (H_MF)       :         5.34443 kcal/mol
 H-Bond interaction energy in the mix (H_HB)       :        -6.92459 kcal/mol
 VdW interaction energy in the mix (H_vdW)         :        -8.89033 kcal/mol



 Compound: 1 Conformer: 1 (KDYFGRWQOYBRFD-UHFFFAOYSA-N)
 Chemical potential of the molecule in the mixture :         0.96260 kcal/mol
 Log10(partial pressure [mbar])                    :         2.82168
 Free energy of molecule in mix (E_COSMO+dE+Mu)    :   -286880.88629 kcal/mol
 Total mean interaction energy in the mix          :        -3.43066 kcal/mol
 Misfit interaction energy in the mix              :         3.56745 kcal/mol
 H-Bond interaction energy in the mix              :        -2.49652 kcal/mol
 VdW interaction energy in the mix                 :        -4.50159 kcal/mol
 Normalized weight factor of molecule in compound  :         1.00000
 Normalized weight factor of molecule in gas phase :         1.00000

 Compound: 2 Conformer: 1 (HWCKGOZZJDHMNC-UHFFFAOYSA-M)
 Chemical potential of the molecule in the mixture :        -0.17308 kcal/mol
 Log10(partial pressure [mbar])                    :        -6.10061
 Free energy of molecule in mix (E_COSMO+dE+Mu)    :  -1848780.67479 kcal/mol
 Total mean interaction energy in the mix          :       -10.47049 kcal/mol
 Misfit interaction energy in the mix              :         5.34443 kcal/mol
 H-Bond interaction energy in the mix              :        -6.92459 kcal/mol
 VdW interaction energy in the mix                 :        -8.89033 kcal/mol
 Normalized weight factor of molecule in compound  :         1.00000
 Normalized weight factor of molecule in gas phase :         1.00000



 Note: Compound properties are tabulated in /home/comp5/Nastya/mu_CA_update/KDYFGRWQOYBRFD-UHFFFAOYSA-N_HWCKGOZZJDHMNC-UHFFFAOYSA-M.tab
----------------
 END job       1
----------------
----------------
 START job     2
----------------


 Results for mixture 2
 ---------------------
 Temperature          :    633.000 K
 Compound Nr.         :         1         2
 Compound             : KDYFGRWQO HWCKGOZZJ
 Mole Fraction        :    0.0000    1.0000

 Compound: 1  (KDYFGRWQOYBRFD-UHFFFAOYSA-N)
 Chemical potential of the compound in the mixture :         0.41385 kcal/mol
 Log10(partial pressure [mbar])                    :         3.78332
 Free energy of molecule in mix (E_COSMO+dE+Mu)    :   -286881.43504 kcal/mol
 Total mean interaction energy in the mix (H_int)  :        -0.60051 kcal/mol
 Misfit interaction energy in the mix (H_MF)       :         4.96005 kcal/mol
 H-Bond interaction energy in the mix (H_HB)       :        -0.98937 kcal/mol
 VdW interaction energy in the mix (H_vdW)         :        -4.57119 kcal/mol

 Compound: 2  (HWCKGOZZJDHMNC-UHFFFAOYSA-M)
 Chemical potential of the compound in the mixture :         5.56309 kcal/mol
 Log10(partial pressure [mbar])                    :        -0.46294
 Free energy of molecule in mix (E_COSMO+dE+Mu)    :  -1848774.93861 kcal/mol
 Total mean interaction energy in the mix (H_int)  :         2.58609 kcal/mol
 Misfit interaction energy in the mix (H_MF)       :        10.65908 kcal/mol
 H-Bond interaction energy in the mix (H_HB)       :        -0.08540 kcal/mol
 VdW interaction energy in the mix (H_vdW)         :        -7.98759 kcal/mol



 Compound: 1 Conformer: 1 (KDYFGRWQOYBRFD-UHFFFAOYSA-N)
 Chemical potential of the molecule in the mixture :         0.41385 kcal/mol
 Log10(partial pressure [mbar])                    :         3.78332
 Free energy of molecule in mix (E_COSMO+dE+Mu)    :   -286881.43504 kcal/mol
 Total mean interaction energy in the mix          :        -0.60051 kcal/mol
 Misfit interaction energy in the mix              :         4.96005 kcal/mol
 H-Bond interaction energy in the mix              :        -0.98937 kcal/mol
 VdW interaction energy in the mix                 :        -4.57119 kcal/mol
 Normalized weight factor of molecule in compound  :         1.00000
 Normalized weight factor of molecule in gas phase :         1.00000

 Compound: 2 Conformer: 1 (HWCKGOZZJDHMNC-UHFFFAOYSA-M)
 Chemical potential of the molecule in the mixture :         5.56309 kcal/mol
 Log10(partial pressure [mbar])                    :        -0.46294
 Free energy of molecule in mix (E_COSMO+dE+Mu)    :  -1848774.93861 kcal/mol
 Total mean interaction energy in the mix          :         2.58609 kcal/mol
 Misfit interaction energy in the mix              :        10.65908 kcal/mol
 H-Bond interaction energy in the mix              :        -0.08540 kcal/mol
 VdW interaction energy in the mix                 :        -7.98759 kcal/mol
 Normalized weight factor of molecule in compound  :         1.00000
 Normalized weight factor of molecule in gas phase :         1.00000



 Note: Compound properties are tabulated in /home/comp5/Nastya/mu_CA_update/KDYFGRWQOYBRFD-UHFFFAOYSA-N_HWCKGOZZJDHMNC-UHFFFAOYSA-M.tab
----------------
 END job       2
----------------
