 -----------------------------------------------------------
 BIOVIA COSMOtherm Version 2019 (build: 19.0.5 [65f0de1d5f])
 -----------------------------------------------------------

 Copyright (C) 1999-2019, Dassault Systemes BIOVIA corp, all rights reserved

 Job name   : !! generated by COSMOthermX !!
 Job date   : 08/03/2022
 Job time   : 16:10:31
 Hostname   : unknown
 OS type    : unknown
 Executable : Linux 64-bit

 Reading COSMOtherm parameter file BP_TZVP_C30_1701.ctd from directory /home/comp5/Nastya/COSMOlogic/COSMOthermX19/COSMOtherm/CTDATA-FILES/OLDPARAM/
 Info: # COSMOtherm parameter file ./BP_TZVP_C30_1701.ctd for BP-TZVP optimized COSMO files                                                                  

 Reading COSMOtherm license key license.txt from directory /home/comp5/Nastya/COSMOlogic/COSMOthermX19/licensefiles/

 COSMOtherm license key expiration date 04/26/2025
 COSMOtherm license key version 21
 Customer : 200000000032966
 ID       : LKO1978637

 License keys:
  product                   |    licensed version    | status
 ------------------------------------------------------------------------------ 
  COSMOtherm                |          21            | active
  TURBOMOLE                 |          21            | active
 ------------------------------------------------------------------------------ 
 
 Note: Vapor pressure / property file could not be found for compound 1
 Reading COSMO information for compound 1 conformer 1 from file /home/comp5/Nastya/cosmo/LKDRXBCSQODPBY-AZGQCCRYSA-N.cosmo
 Note: Gas phase energy file could not be found for compound 1 conformer 1
 Note: converting Gaussian COSMO-file information of compound 1 conformer 1
 
 Reading vapor pressure and property information for compound 2 from file /home/comp5/Nastya/cosmo/SGMZJAMFUVOLNK-UHFFFAOYSA-M.vap
 Reading COSMO information for compound 2 conformer 1 from file /home/comp5/Nastya/cosmo/SGMZJAMFUVOLNK-UHFFFAOYSA-M.cosmo
 Note: Gas phase energy file could not be found for compound 2 conformer 1
 Note: converting Gaussian COSMO-file information of compound 2 conformer 1


 --- Compound 1 (LKDRXBCSQODPBY-AZGQCCRYSA-N) ---

 Compound Information for compound 1 conformer 1 (COSMO file /home/comp5/Nastya/cosmo/LKDRXBCSQODPBY-AZGQCCRYSA-N.cosmo)
 Atomic weights         : 111111111111111111111111
 E_COSMO+dE             :    -431395.1349 kcal/mol
 E_gas                  :    -431380.7050 kcal/mol
 E_COSMO-E_gas+dE       :        -14.4299 kcal/mol
 E_diel                 :        -22.0605 kcal/mol
 Averaging corr dE      :          1.4641 kcal/mol
 Area                   :        183.2793 A^2
 Volume                 :        194.4720 A^3
 Molecular Weight       :        180.1566 a.m.u.
 Total COSMO charge     :          0.0001 a.u.
 Dipole moment (t,x,y,z):          5.8131 -3.239534 -4.347339  2.097287 Debye                            
 Sigma moments (1-6)    :          0.0000  1.68E+02  4.06E+01  3.22E+02  1.28E+02  7.75E+02              
 H-bond moment (accept) :          9.9118
 H-bond moment (donor)  :          5.7885
 
 WARNING: QM computation level of compound 1 conformer 1 could not be determined - it may differ from the QM level of the parameter set.
 No gas phase energy for compound 1 conformer 1 specified, thus it will be estimated


 --- Compound 2 (SGMZJAMFUVOLNK-UHFFFAOYSA-M) ---

 Compound Information for compound 2 conformer 1 (COSMO file /home/comp5/Nastya/cosmo/SGMZJAMFUVOLNK-UHFFFAOYSA-M.cosmo)
 Atomic weights         : 1111111111111111111111
 E_COSMO+dE             :    -495311.0092 kcal/mol
 E_gas                  :    -495280.9240 kcal/mol
 E_COSMO-E_gas+dE       :        -30.0852 kcal/mol
 E_diel                 :        -43.9005 kcal/mol
 Averaging corr dE      :          0.6451 kcal/mol
 Area                   :        177.0496 A^2
 Volume                 :        188.1524 A^3
 Molecular Weight       :        139.6245 a.m.u.
 Total COSMO charge     :          0.0093 a.u.
 Dipole moment (t,x,y,z):         18.3247 -1.83E+01  0.122140 -1.618568 Debye                            
 Sigma moments (1-6)    :          0.0000  1.72E+02  1.20E+02  3.11E+02  3.77E+02  7.14E+02              
 H-bond moment (accept) :         15.0395
 H-bond moment (donor)  :          0.2290
 
 WARNING: QM computation level of compound 2 conformer 1 could not be determined - it may differ from the QM level of the parameter set.
 No gas phase energy for compound 2 conformer 1 specified, thus it will be estimated


 Total number of processed compounds:    2


----------------
 START job     1
----------------


 Results for mixture 1
 ---------------------
 Temperature          :    386.750 K
 Compound Nr.         :         1         2
 Compound             : LKDRXBCSQ SGMZJAMFU
 Mole Fraction        :    1.0000    0.0000

 Compound: 1  (LKDRXBCSQODPBY-AZGQCCRYSA-N)
 Chemical potential of the compound in the mixture :        -0.63591 kcal/mol
 Log10(partial pressure [mbar])                    :        -1.72974
 Free energy of molecule in mix (E_COSMO+dE+Mu)    :   -431395.77079 kcal/mol
 Total mean interaction energy in the mix (H_int)  :       -11.62297 kcal/mol
 Misfit interaction energy in the mix (H_MF)       :         3.60296 kcal/mol
 H-Bond interaction energy in the mix (H_HB)       :        -8.43863 kcal/mol
 VdW interaction energy in the mix (H_vdW)         :        -6.78731 kcal/mol

 Compound: 2  (SGMZJAMFUVOLNK-UHFFFAOYSA-M)
 Chemical potential of the compound in the mixture :         1.75058 kcal/mol
 Log10(partial pressure [mbar])                    :        -8.58721
 Free energy of molecule in mix (E_COSMO+dE+Mu)    :   -495309.25866 kcal/mol
 Total mean interaction energy in the mix (H_int)  :       -10.95675 kcal/mol
 Misfit interaction energy in the mix (H_MF)       :         4.28729 kcal/mol
 H-Bond interaction energy in the mix (H_HB)       :        -7.60242 kcal/mol
 VdW interaction energy in the mix (H_vdW)         :        -7.64162 kcal/mol



 Compound: 1 Conformer: 1 (LKDRXBCSQODPBY-AZGQCCRYSA-N)
 Chemical potential of the molecule in the mixture :        -0.63591 kcal/mol
 Log10(partial pressure [mbar])                    :        -1.72974
 Free energy of molecule in mix (E_COSMO+dE+Mu)    :   -431395.77079 kcal/mol
 Total mean interaction energy in the mix          :       -11.62297 kcal/mol
 Misfit interaction energy in the mix              :         3.60296 kcal/mol
 H-Bond interaction energy in the mix              :        -8.43863 kcal/mol
 VdW interaction energy in the mix                 :        -6.78731 kcal/mol
 Normalized weight factor of molecule in compound  :         1.00000
 Normalized weight factor of molecule in gas phase :         1.00000

 Compound: 2 Conformer: 1 (SGMZJAMFUVOLNK-UHFFFAOYSA-M)
 Chemical potential of the molecule in the mixture :         1.75058 kcal/mol
 Log10(partial pressure [mbar])                    :        -8.58721
 Free energy of molecule in mix (E_COSMO+dE+Mu)    :   -495309.25866 kcal/mol
 Total mean interaction energy in the mix          :       -10.95675 kcal/mol
 Misfit interaction energy in the mix              :         4.28729 kcal/mol
 H-Bond interaction energy in the mix              :        -7.60242 kcal/mol
 VdW interaction energy in the mix                 :        -7.64162 kcal/mol
 Normalized weight factor of molecule in compound  :         1.00000
 Normalized weight factor of molecule in gas phase :         1.00000



 Note: Compound properties are tabulated in /home/comp5/Nastya/mu_CA_update/LKDRXBCSQODPBY-AZGQCCRYSA-N_SGMZJAMFUVOLNK-UHFFFAOYSA-M.tab
----------------
 END job       1
----------------
----------------
 START job     2
----------------


 Results for mixture 2
 ---------------------
 Temperature          :    578.150 K
 Compound Nr.         :         1         2
 Compound             : LKDRXBCSQ SGMZJAMFU
 Mole Fraction        :    0.0000    1.0000

 Compound: 1  (LKDRXBCSQODPBY-AZGQCCRYSA-N)
 Chemical potential of the compound in the mixture :         1.50458 kcal/mol
 Log10(partial pressure [mbar])                    :         1.94286
 Free energy of molecule in mix (E_COSMO+dE+Mu)    :   -431393.63030 kcal/mol
 Total mean interaction energy in the mix (H_int)  :        -1.03978 kcal/mol
 Misfit interaction energy in the mix (H_MF)       :         6.71332 kcal/mol
 H-Bond interaction energy in the mix (H_HB)       :        -1.53322 kcal/mol
 VdW interaction energy in the mix (H_vdW)         :        -6.21989 kcal/mol

 Compound: 2  (SGMZJAMFUVOLNK-UHFFFAOYSA-M)
 Chemical potential of the compound in the mixture :         5.74815 kcal/mol
 Log10(partial pressure [mbar])                    :        -1.94240
 Free energy of molecule in mix (E_COSMO+dE+Mu)    :   -495305.26108 kcal/mol
 Total mean interaction energy in the mix (H_int)  :         1.34719 kcal/mol
 Misfit interaction energy in the mix (H_MF)       :         8.54801 kcal/mol
 H-Bond interaction energy in the mix (H_HB)       :        -0.49990 kcal/mol
 VdW interaction energy in the mix (H_vdW)         :        -6.70093 kcal/mol



 Compound: 1 Conformer: 1 (LKDRXBCSQODPBY-AZGQCCRYSA-N)
 Chemical potential of the molecule in the mixture :         1.50458 kcal/mol
 Log10(partial pressure [mbar])                    :         1.94286
 Free energy of molecule in mix (E_COSMO+dE+Mu)    :   -431393.63030 kcal/mol
 Total mean interaction energy in the mix          :        -1.03978 kcal/mol
 Misfit interaction energy in the mix              :         6.71332 kcal/mol
 H-Bond interaction energy in the mix              :        -1.53322 kcal/mol
 VdW interaction energy in the mix                 :        -6.21989 kcal/mol
 Normalized weight factor of molecule in compound  :         1.00000
 Normalized weight factor of molecule in gas phase :         1.00000

 Compound: 2 Conformer: 1 (SGMZJAMFUVOLNK-UHFFFAOYSA-M)
 Chemical potential of the molecule in the mixture :         5.74815 kcal/mol
 Log10(partial pressure [mbar])                    :        -1.94240
 Free energy of molecule in mix (E_COSMO+dE+Mu)    :   -495305.26108 kcal/mol
 Total mean interaction energy in the mix          :         1.34719 kcal/mol
 Misfit interaction energy in the mix              :         8.54801 kcal/mol
 H-Bond interaction energy in the mix              :        -0.49990 kcal/mol
 VdW interaction energy in the mix                 :        -6.70093 kcal/mol
 Normalized weight factor of molecule in compound  :         1.00000
 Normalized weight factor of molecule in gas phase :         1.00000



 Note: Compound properties are tabulated in /home/comp5/Nastya/mu_CA_update/LKDRXBCSQODPBY-AZGQCCRYSA-N_SGMZJAMFUVOLNK-UHFFFAOYSA-M.tab
----------------
 END job       2
----------------
