 -----------------------------------------------------------
 BIOVIA COSMOtherm Version 2019 (build: 19.0.5 [65f0de1d5f])
 -----------------------------------------------------------

 Copyright (C) 1999-2019, Dassault Systemes BIOVIA corp, all rights reserved

 Job name   : !! generated by COSMOthermX !!
 Job date   : 08/03/2022
 Job time   : 16:10:27
 Hostname   : unknown
 OS type    : unknown
 Executable : Linux 64-bit

 Reading COSMOtherm parameter file BP_TZVP_C30_1701.ctd from directory /home/comp5/Nastya/COSMOlogic/COSMOthermX19/COSMOtherm/CTDATA-FILES/OLDPARAM/
 Info: # COSMOtherm parameter file ./BP_TZVP_C30_1701.ctd for BP-TZVP optimized COSMO files                                                                  

 Reading COSMOtherm license key license.txt from directory /home/comp5/Nastya/COSMOlogic/COSMOthermX19/licensefiles/

 COSMOtherm license key expiration date 04/26/2025
 COSMOtherm license key version 21
 Customer : 200000000032966
 ID       : LKO1978637

 License keys:
  product                   |    licensed version    | status
 ------------------------------------------------------------------------------ 
  COSMOtherm                |          21            | active
  TURBOMOLE                 |          21            | active
 ------------------------------------------------------------------------------ 
 
 Note: Vapor pressure / property file could not be found for compound 1
 Reading COSMO information for compound 1 conformer 1 from file /home/comp5/Nastya/cosmo/LYCAIKOWRPUZTN-UHFFFAOYSA-N.cosmo
 Note: Gas phase energy file could not be found for compound 1 conformer 1
 Note: converting Gaussian COSMO-file information of compound 1 conformer 1
 
 Note: Vapor pressure / property file could not be found for compound 2
 Reading COSMO information for compound 2 conformer 1 from file /home/comp5/Nastya/cosmo/QLKGUVGAXDXFFW-UHFFFAOYSA-M.cosmo
 Note: Gas phase energy file could not be found for compound 2 conformer 1
 Note: converting Gaussian COSMO-file information of compound 2 conformer 1


 --- Compound 1 (LYCAIKOWRPUZTN-UHFFFAOYSA-N) ---

 Compound Information for compound 1 conformer 1 (COSMO file /home/comp5/Nastya/cosmo/LYCAIKOWRPUZTN-UHFFFAOYSA-N.cosmo)
 Atomic weights         : 1111111111
 E_COSMO+dE             :    -144549.2569 kcal/mol
 E_gas                  :    -144541.3854 kcal/mol
 E_COSMO-E_gas+dE       :         -7.8715 kcal/mol
 E_diel                 :        -10.6996 kcal/mol
 Averaging corr dE      :          0.7003 kcal/mol
 Area                   :         99.4396 A^2
 Volume                 :         81.1295 A^3
 Molecular Weight       :         62.0681 a.m.u.
 Total COSMO charge     :         -0.0029 a.u.
 Dipole moment (t,x,y,z):          0.0208  0.001221  0.000216 -0.020802 Debye                            
 Sigma moments (1-6)    :          0.0000  8.67E+01  1.84E+01  1.76E+02  4.89E+01  4.27E+02              
 H-bond moment (accept) :          5.3810
 H-bond moment (donor)  :          3.6973
 
 WARNING: QM computation level of compound 1 conformer 1 could not be determined - it may differ from the QM level of the parameter set.
 No gas phase energy for compound 1 conformer 1 specified, thus it will be estimated


 --- Compound 2 (QLKGUVGAXDXFFW-UHFFFAOYSA-M) ---

 Compound Information for compound 2 conformer 1 (COSMO file /home/comp5/Nastya/cosmo/QLKGUVGAXDXFFW-UHFFFAOYSA-M.cosmo)
 Atomic weights         : 1111111111111111111111111111
 E_COSMO+dE             :    -349914.6704 kcal/mol
 E_gas                  :    -349890.3387 kcal/mol
 E_COSMO-E_gas+dE       :        -24.3317 kcal/mol
 E_diel                 :        -36.0707 kcal/mol
 Averaging corr dE      :          0.9178 kcal/mol
 Area                   :        204.9913 A^2
 Volume                 :        221.5786 A^3
 Molecular Weight       :        163.2156 a.m.u.
 Total COSMO charge     :          0.0030 a.u.
 Dipole moment (t,x,y,z):         14.9966  1.36E+01 -6.369518  0.116156 Debye                            
 Sigma moments (1-6)    :          0.0000  1.59E+02  1.21E+02  3.22E+02  4.61E+02  9.39E+02              
 H-bond moment (accept) :         14.1385
 H-bond moment (donor)  :          0.1641
 
 WARNING: QM computation level of compound 2 conformer 1 could not be determined - it may differ from the QM level of the parameter set.
 No gas phase energy for compound 2 conformer 1 specified, thus it will be estimated


 Total number of processed compounds:    2


----------------
 START job     1
----------------


 Results for mixture 1
 ---------------------
 Temperature          :    260.600 K
 Compound Nr.         :         1         2
 Compound             : LYCAIKOWR QLKGUVGAX
 Mole Fraction        :    1.0000    0.0000

 Compound: 1  (LYCAIKOWRPUZTN-UHFFFAOYSA-N)
 Chemical potential of the compound in the mixture :        -4.02828 kcal/mol
 Log10(partial pressure [mbar])                    :        -2.31109
 Free energy of molecule in mix (E_COSMO+dE+Mu)    :   -144553.28516 kcal/mol
 Total mean interaction energy in the mix (H_int)  :       -12.20551 kcal/mol
 Misfit interaction energy in the mix (H_MF)       :         1.21214 kcal/mol
 H-Bond interaction energy in the mix (H_HB)       :        -9.18964 kcal/mol
 VdW interaction energy in the mix (H_vdW)         :        -4.22801 kcal/mol

 Compound: 2  (QLKGUVGAXDXFFW-UHFFFAOYSA-M)
 Chemical potential of the compound in the mixture :        -3.72750 kcal/mol
 Log10(partial pressure [mbar])                    :       -15.86279
 Free energy of molecule in mix (E_COSMO+dE+Mu)    :   -349918.39794 kcal/mol
 Total mean interaction energy in the mix (H_int)  :       -19.51956 kcal/mol
 Misfit interaction energy in the mix (H_MF)       :         3.12272 kcal/mol
 H-Bond interaction energy in the mix (H_HB)       :       -13.58775 kcal/mol
 VdW interaction energy in the mix (H_vdW)         :        -9.05453 kcal/mol



 Compound: 1 Conformer: 1 (LYCAIKOWRPUZTN-UHFFFAOYSA-N)
 Chemical potential of the molecule in the mixture :        -4.02828 kcal/mol
 Log10(partial pressure [mbar])                    :        -2.31109
 Free energy of molecule in mix (E_COSMO+dE+Mu)    :   -144553.28516 kcal/mol
 Total mean interaction energy in the mix          :       -12.20551 kcal/mol
 Misfit interaction energy in the mix              :         1.21214 kcal/mol
 H-Bond interaction energy in the mix              :        -9.18964 kcal/mol
 VdW interaction energy in the mix                 :        -4.22801 kcal/mol
 Normalized weight factor of molecule in compound  :         1.00000
 Normalized weight factor of molecule in gas phase :         1.00000

 Compound: 2 Conformer: 1 (QLKGUVGAXDXFFW-UHFFFAOYSA-M)
 Chemical potential of the molecule in the mixture :        -3.72750 kcal/mol
 Log10(partial pressure [mbar])                    :       -15.86279
 Free energy of molecule in mix (E_COSMO+dE+Mu)    :   -349918.39794 kcal/mol
 Total mean interaction energy in the mix          :       -19.51956 kcal/mol
 Misfit interaction energy in the mix              :         3.12272 kcal/mol
 H-Bond interaction energy in the mix              :       -13.58775 kcal/mol
 VdW interaction energy in the mix                 :        -9.05453 kcal/mol
 Normalized weight factor of molecule in compound  :         1.00000
 Normalized weight factor of molecule in gas phase :         1.00000



 Note: Compound properties are tabulated in /home/comp5/Nastya/mu_CA_update/LYCAIKOWRPUZTN-UHFFFAOYSA-N_QLKGUVGAXDXFFW-UHFFFAOYSA-M.tab
----------------
 END job       1
----------------
----------------
 START job     2
----------------


 Results for mixture 2
 ---------------------
 Temperature          :    362.620 K
 Compound Nr.         :         1         2
 Compound             : LYCAIKOWR QLKGUVGAX
 Mole Fraction        :    0.0000    1.0000

 Compound: 1  (LYCAIKOWRPUZTN-UHFFFAOYSA-N)
 Chemical potential of the compound in the mixture :        -2.50625 kcal/mol
 Log10(partial pressure [mbar])                    :         1.20324
 Free energy of molecule in mix (E_COSMO+dE+Mu)    :   -144551.76313 kcal/mol
 Total mean interaction energy in the mix (H_int)  :        -6.98410 kcal/mol
 Misfit interaction energy in the mix (H_MF)       :         2.35099 kcal/mol
 H-Bond interaction energy in the mix (H_HB)       :        -5.10339 kcal/mol
 VdW interaction energy in the mix (H_vdW)         :        -4.23170 kcal/mol

 Compound: 2  (QLKGUVGAXDXFFW-UHFFFAOYSA-M)
 Chemical potential of the compound in the mixture :         2.16770 kcal/mol
 Log10(partial pressure [mbar])                    :        -5.90016
 Free energy of molecule in mix (E_COSMO+dE+Mu)    :   -349912.50274 kcal/mol
 Total mean interaction energy in the mix (H_int)  :        -4.29572 kcal/mol
 Misfit interaction energy in the mix (H_MF)       :         6.28779 kcal/mol
 H-Bond interaction energy in the mix (H_HB)       :        -1.54383 kcal/mol
 VdW interaction energy in the mix (H_vdW)         :        -9.03968 kcal/mol



 Compound: 1 Conformer: 1 (LYCAIKOWRPUZTN-UHFFFAOYSA-N)
 Chemical potential of the molecule in the mixture :        -2.50625 kcal/mol
 Log10(partial pressure [mbar])                    :         1.20324
 Free energy of molecule in mix (E_COSMO+dE+Mu)    :   -144551.76313 kcal/mol
 Total mean interaction energy in the mix          :        -6.98410 kcal/mol
 Misfit interaction energy in the mix              :         2.35099 kcal/mol
 H-Bond interaction energy in the mix              :        -5.10339 kcal/mol
 VdW interaction energy in the mix                 :        -4.23170 kcal/mol
 Normalized weight factor of molecule in compound  :         1.00000
 Normalized weight factor of molecule in gas phase :         1.00000

 Compound: 2 Conformer: 1 (QLKGUVGAXDXFFW-UHFFFAOYSA-M)
 Chemical potential of the molecule in the mixture :         2.16770 kcal/mol
 Log10(partial pressure [mbar])                    :        -5.90016
 Free energy of molecule in mix (E_COSMO+dE+Mu)    :   -349912.50274 kcal/mol
 Total mean interaction energy in the mix          :        -4.29572 kcal/mol
 Misfit interaction energy in the mix              :         6.28779 kcal/mol
 H-Bond interaction energy in the mix              :        -1.54383 kcal/mol
 VdW interaction energy in the mix                 :        -9.03968 kcal/mol
 Normalized weight factor of molecule in compound  :         1.00000
 Normalized weight factor of molecule in gas phase :         1.00000



 Note: Compound properties are tabulated in /home/comp5/Nastya/mu_CA_update/LYCAIKOWRPUZTN-UHFFFAOYSA-N_QLKGUVGAXDXFFW-UHFFFAOYSA-M.tab
----------------
 END job       2
----------------
