 -----------------------------------------------------------
 BIOVIA COSMOtherm Version 2019 (build: 19.0.5 [65f0de1d5f])
 -----------------------------------------------------------

 Copyright (C) 1999-2019, Dassault Systemes BIOVIA corp, all rights reserved

 Job name   : !! generated by COSMOthermX !!
 Job date   : 08/03/2022
 Job time   : 16:12:05
 Hostname   : unknown
 OS type    : unknown
 Executable : Linux 64-bit

 Reading COSMOtherm parameter file BP_TZVP_C30_1701.ctd from directory /home/comp5/Nastya/COSMOlogic/COSMOthermX19/COSMOtherm/CTDATA-FILES/OLDPARAM/
 Info: # COSMOtherm parameter file ./BP_TZVP_C30_1701.ctd for BP-TZVP optimized COSMO files                                                                  

 Reading COSMOtherm license key license.txt from directory /home/comp5/Nastya/COSMOlogic/COSMOthermX19/licensefiles/

 COSMOtherm license key expiration date 04/26/2025
 COSMOtherm license key version 21
 Customer : 200000000032966
 ID       : LKO1978637

 License keys:
  product                   |    licensed version    | status
 ------------------------------------------------------------------------------ 
  COSMOtherm                |          21            | active
  TURBOMOLE                 |          21            | active
 ------------------------------------------------------------------------------ 
 
 Note: Vapor pressure / property file could not be found for compound 1
 Reading COSMO information for compound 1 conformer 1 from file /home/comp5/Nastya/cosmo/MGSRCZKZVOBKFT-UHFFFAOYSA-N.cosmo
 Note: Gas phase energy file could not be found for compound 1 conformer 1
 Note: converting Gaussian COSMO-file information of compound 1 conformer 1
 
 Reading vapor pressure and property information for compound 2 from file /home/comp5/Nastya/cosmo/DSSYKIVIOFKYAU-UHFFFAOYSA-N.vap
 Reading COSMO information for compound 2 conformer 1 from file /home/comp5/Nastya/cosmo/DSSYKIVIOFKYAU-UHFFFAOYSA-N.cosmo
 Note: Gas phase energy file could not be found for compound 2 conformer 1
 Note: converting Gaussian COSMO-file information of compound 2 conformer 1


 --- Compound 1 (MGSRCZKZVOBKFT-UHFFFAOYSA-N) ---

 Compound Information for compound 1 conformer 1 (COSMO file /home/comp5/Nastya/cosmo/MGSRCZKZVOBKFT-UHFFFAOYSA-N.cosmo)
 Atomic weights         : 1111111111111111111111111
 E_COSMO+dE             :    -291719.1309 kcal/mol
 E_gas                  :    -291713.3117 kcal/mol
 E_COSMO-E_gas+dE       :         -5.8192 kcal/mol
 E_diel                 :         -7.6961 kcal/mol
 Averaging corr dE      :          0.5105 kcal/mol
 Area                   :        201.8830 A^2
 Volume                 :        208.9508 A^3
 Molecular Weight       :        150.2185 a.m.u.
 Total COSMO charge     :         -0.0033 a.u.
 Dipole moment (t,x,y,z):          1.8596  1.664018  0.828380  0.055557 Debye                            
 Sigma moments (1-6)    :          0.0000  5.76E+01 -1.68E+01  7.54E+01 -6.93E+01  1.75E+02              
 H-bond moment (accept) :          0.3685
 H-bond moment (donor)  :          2.7955
 
 WARNING: QM computation level of compound 1 conformer 1 could not be determined - it may differ from the QM level of the parameter set.
 No gas phase energy for compound 1 conformer 1 specified, thus it will be estimated


 --- Compound 2 (DSSYKIVIOFKYAU-UHFFFAOYSA-N) ---

 Compound Information for compound 2 conformer 1 (COSMO file /home/comp5/Nastya/cosmo/DSSYKIVIOFKYAU-UHFFFAOYSA-N.cosmo)
 Atomic weights         : 111111111111111111111111111
 E_COSMO+dE             :    -292468.2210 kcal/mol
 E_gas                  :    -292462.3002 kcal/mol
 E_COSMO-E_gas+dE       :         -5.9208 kcal/mol
 E_diel                 :         -7.5606 kcal/mol
 Averaging corr dE      :          0.3048 kcal/mol
 Area                   :        185.4171 A^2
 Volume                 :        208.3361 A^3
 Molecular Weight       :        152.2344 a.m.u.
 Total COSMO charge     :         -0.0021 a.u.
 Dipole moment (t,x,y,z):          4.6881  4.462372  1.420391  0.218991 Debye                            
 Sigma moments (1-6)    :          0.0000  4.44E+01  3.50E+01  5.62E+01  7.29E+01  1.05E+02              
 H-bond moment (accept) :          2.4224
 H-bond moment (donor)  :          0.0000
 
 WARNING: QM computation level of compound 2 conformer 1 could not be determined - it may differ from the QM level of the parameter set.
 No gas phase energy for compound 2 conformer 1 specified, thus it will be estimated


 Total number of processed compounds:    2


----------------
 START job     1
----------------


 Results for mixture 1
 ---------------------
 Temperature          :    323.500 K
 Compound Nr.         :         1         2
 Compound             : MGSRCZKZV DSSYKIVIO
 Mole Fraction        :    1.0000    0.0000

 Compound: 1  (MGSRCZKZVOBKFT-UHFFFAOYSA-N)
 Chemical potential of the compound in the mixture :        -4.29055 kcal/mol
 Log10(partial pressure [mbar])                    :        -0.07277
 Free energy of molecule in mix (E_COSMO+dE+Mu)    :   -291723.42143 kcal/mol
 Total mean interaction energy in the mix (H_int)  :        -7.80905 kcal/mol
 Misfit interaction energy in the mix (H_MF)       :         2.63511 kcal/mol
 H-Bond interaction energy in the mix (H_HB)       :        -0.82965 kcal/mol
 VdW interaction energy in the mix (H_vdW)         :        -9.61451 kcal/mol

 Compound: 2  (DSSYKIVIOFKYAU-UHFFFAOYSA-N)
 Chemical potential of the compound in the mixture :        -5.45500 kcal/mol
 Log10(partial pressure [mbar])                    :        -1.05568
 Free energy of molecule in mix (E_COSMO+dE+Mu)    :   -292473.67595 kcal/mol
 Total mean interaction energy in the mix (H_int)  :       -10.10670 kcal/mol
 Misfit interaction energy in the mix (H_MF)       :         1.89717 kcal/mol
 H-Bond interaction energy in the mix (H_HB)       :        -3.23668 kcal/mol
 VdW interaction energy in the mix (H_vdW)         :        -8.76720 kcal/mol



 Compound: 1 Conformer: 1 (MGSRCZKZVOBKFT-UHFFFAOYSA-N)
 Chemical potential of the molecule in the mixture :        -4.29055 kcal/mol
 Log10(partial pressure [mbar])                    :        -0.07277
 Free energy of molecule in mix (E_COSMO+dE+Mu)    :   -291723.42143 kcal/mol
 Total mean interaction energy in the mix          :        -7.80905 kcal/mol
 Misfit interaction energy in the mix              :         2.63511 kcal/mol
 H-Bond interaction energy in the mix              :        -0.82965 kcal/mol
 VdW interaction energy in the mix                 :        -9.61451 kcal/mol
 Normalized weight factor of molecule in compound  :         1.00000
 Normalized weight factor of molecule in gas phase :         1.00000

 Compound: 2 Conformer: 1 (DSSYKIVIOFKYAU-UHFFFAOYSA-N)
 Chemical potential of the molecule in the mixture :        -5.45500 kcal/mol
 Log10(partial pressure [mbar])                    :        -1.05568
 Free energy of molecule in mix (E_COSMO+dE+Mu)    :   -292473.67595 kcal/mol
 Total mean interaction energy in the mix          :       -10.10670 kcal/mol
 Misfit interaction energy in the mix              :         1.89717 kcal/mol
 H-Bond interaction energy in the mix              :        -3.23668 kcal/mol
 VdW interaction energy in the mix                 :        -8.76720 kcal/mol
 Normalized weight factor of molecule in compound  :         1.00000
 Normalized weight factor of molecule in gas phase :         1.00000



 Note: Compound properties are tabulated in /home/comp5/Nastya/mu_CA_update/MGSRCZKZVOBKFT-UHFFFAOYSA-N_DSSYKIVIOFKYAU-UHFFFAOYSA-N.tab
----------------
 END job       1
----------------
----------------
 START job     2
----------------


 Results for mixture 2
 ---------------------
 Temperature          :    448.150 K
 Compound Nr.         :         1         2
 Compound             : MGSRCZKZV DSSYKIVIO
 Mole Fraction        :    0.0000    1.0000

 Compound: 1  (MGSRCZKZVOBKFT-UHFFFAOYSA-N)
 Chemical potential of the compound in the mixture :        -3.82078 kcal/mol
 Log10(partial pressure [mbar])                    :         2.10126
 Free energy of molecule in mix (E_COSMO+dE+Mu)    :   -291722.95166 kcal/mol
 Total mean interaction energy in the mix (H_int)  :        -6.55766 kcal/mol
 Misfit interaction energy in the mix (H_MF)       :         2.79992 kcal/mol
 H-Bond interaction energy in the mix (H_HB)       :        -0.74022 kcal/mol
 VdW interaction energy in the mix (H_vdW)         :        -8.61737 kcal/mol

 Compound: 2  (DSSYKIVIOFKYAU-UHFFFAOYSA-N)
 Chemical potential of the compound in the mixture :        -3.00457 kcal/mol
 Log10(partial pressure [mbar])                    :         2.35763
 Free energy of molecule in mix (E_COSMO+dE+Mu)    :   -292471.22552 kcal/mol
 Total mean interaction energy in the mix (H_int)  :        -4.86115 kcal/mol
 Misfit interaction energy in the mix (H_MF)       :         3.06431 kcal/mol
 H-Bond interaction energy in the mix (H_HB)       :         0.00000 kcal/mol
 VdW interaction energy in the mix (H_vdW)         :        -7.92546 kcal/mol



 Compound: 1 Conformer: 1 (MGSRCZKZVOBKFT-UHFFFAOYSA-N)
 Chemical potential of the molecule in the mixture :        -3.82078 kcal/mol
 Log10(partial pressure [mbar])                    :         2.10126
 Free energy of molecule in mix (E_COSMO+dE+Mu)    :   -291722.95166 kcal/mol
 Total mean interaction energy in the mix          :        -6.55766 kcal/mol
 Misfit interaction energy in the mix              :         2.79992 kcal/mol
 H-Bond interaction energy in the mix              :        -0.74022 kcal/mol
 VdW interaction energy in the mix                 :        -8.61737 kcal/mol
 Normalized weight factor of molecule in compound  :         1.00000
 Normalized weight factor of molecule in gas phase :         1.00000

 Compound: 2 Conformer: 1 (DSSYKIVIOFKYAU-UHFFFAOYSA-N)
 Chemical potential of the molecule in the mixture :        -3.00457 kcal/mol
 Log10(partial pressure [mbar])                    :         2.35763
 Free energy of molecule in mix (E_COSMO+dE+Mu)    :   -292471.22552 kcal/mol
 Total mean interaction energy in the mix          :        -4.86115 kcal/mol
 Misfit interaction energy in the mix              :         3.06431 kcal/mol
 H-Bond interaction energy in the mix              :         0.00000 kcal/mol
 VdW interaction energy in the mix                 :        -7.92546 kcal/mol
 Normalized weight factor of molecule in compound  :         1.00000
 Normalized weight factor of molecule in gas phase :         1.00000



 Note: Compound properties are tabulated in /home/comp5/Nastya/mu_CA_update/MGSRCZKZVOBKFT-UHFFFAOYSA-N_DSSYKIVIOFKYAU-UHFFFAOYSA-N.tab
----------------
 END job       2
----------------
