 -----------------------------------------------------------
 BIOVIA COSMOtherm Version 2019 (build: 19.0.5 [65f0de1d5f])
 -----------------------------------------------------------

 Copyright (C) 1999-2019, Dassault Systemes BIOVIA corp, all rights reserved

 Job name   : !! generated by COSMOthermX !!
 Job date   : 08/03/2022
 Job time   : 16:09:50
 Hostname   : unknown
 OS type    : unknown
 Executable : Linux 64-bit

 Reading COSMOtherm parameter file BP_TZVP_C30_1701.ctd from directory /home/comp5/Nastya/COSMOlogic/COSMOthermX19/COSMOtherm/CTDATA-FILES/OLDPARAM/
 Info: # COSMOtherm parameter file ./BP_TZVP_C30_1701.ctd for BP-TZVP optimized COSMO files                                                                  

 Reading COSMOtherm license key license.txt from directory /home/comp5/Nastya/COSMOlogic/COSMOthermX19/licensefiles/

 COSMOtherm license key expiration date 04/26/2025
 COSMOtherm license key version 21
 Customer : 200000000032966
 ID       : LKO1978637

 License keys:
  product                   |    licensed version    | status
 ------------------------------------------------------------------------------ 
  COSMOtherm                |          21            | active
  TURBOMOLE                 |          21            | active
 ------------------------------------------------------------------------------ 
 
 Note: Vapor pressure / property file could not be found for compound 1
 Reading COSMO information for compound 1 conformer 1 from file /home/comp5/Nastya/cosmo/NHGXDBSUJJNIRV-UHFFFAOYSA-M.cosmo
 Note: Gas phase energy file could not be found for compound 1 conformer 1
 Note: converting Gaussian COSMO-file information of compound 1 conformer 1
 
 Note: Vapor pressure / property file could not be found for compound 2
 Reading COSMO information for compound 2 conformer 1 from file /home/comp5/Nastya/cosmo/FFEARJCKVFRZRR-BYPYZUCNSA-N.cosmo
 Note: Gas phase energy file could not be found for compound 2 conformer 1
 Note: converting Gaussian COSMO-file information of compound 2 conformer 1


 --- Compound 1 (NHGXDBSUJJNIRV-UHFFFAOYSA-M) ---

 Compound Information for compound 1 conformer 1 (COSMO file /home/comp5/Nastya/cosmo/NHGXDBSUJJNIRV-UHFFFAOYSA-M.cosmo)
 Atomic weights         : 111111111111111111111111111111111111111111111111111111
 E_COSMO+dE             :    -719517.9701 kcal/mol
 E_gas                  :    -719490.0954 kcal/mol
 E_COSMO-E_gas+dE       :        -27.8747 kcal/mol
 E_diel                 :        -40.6586 kcal/mol
 Averaging corr dE      :          0.5864 kcal/mol
 Area                   :        346.8419 A^2
 Volume                 :        412.6118 A^3
 Molecular Weight       :        277.9185 a.m.u.
 Total COSMO charge     :          0.0092 a.u.
 Dipole moment (t,x,y,z):         18.0212  1.17E+01 -8.942479 -1.03E+01 Debye                            
 Sigma moments (1-6)    :          0.0000  1.71E+02  2.01E+02  4.29E+02  7.39E+02  1.41E+03              
 H-bond moment (accept) :         22.3888
 H-bond moment (donor)  :          0.0050
 
 WARNING: QM computation level of compound 1 conformer 1 could not be determined - it may differ from the QM level of the parameter set.
 No gas phase energy for compound 1 conformer 1 specified, thus it will be estimated


 --- Compound 2 (FFEARJCKVFRZRR-BYPYZUCNSA-N) ---

 Compound Information for compound 2 conformer 1 (COSMO file /home/comp5/Nastya/cosmo/FFEARJCKVFRZRR-BYPYZUCNSA-N.cosmo)
 Atomic weights         : 11111111111111111111
 E_COSMO+dE             :    -502500.1891 kcal/mol
 E_gas                  :    -502472.8534 kcal/mol
 E_COSMO-E_gas+dE       :        -27.3357 kcal/mol
 E_diel                 :        -40.4069 kcal/mol
 Averaging corr dE      :          0.9491 kcal/mol
 Area                   :        184.3368 A^2
 Volume                 :        182.0981 A^3
 Molecular Weight       :        149.2124 a.m.u.
 Total COSMO charge     :          0.0051 a.u.
 Dipole moment (t,x,y,z):         10.9499  0.353419 -1.02E+01 -3.853536 Debye                            
 Sigma moments (1-6)    :          0.0000  1.99E+02  3.44E+01  4.82E+02  1.26E+02  1.42E+03              
 H-bond moment (accept) :         14.0589
 H-bond moment (donor)  :          8.8490
 
 WARNING: QM computation level of compound 2 conformer 1 could not be determined - it may differ from the QM level of the parameter set.
 No gas phase energy for compound 2 conformer 1 specified, thus it will be estimated


 Total number of processed compounds:    2


----------------
 START job     1
----------------


 Results for mixture 1
 ---------------------
 Temperature          :    344.000 K
 Compound Nr.         :         1         2
 Compound             : NHGXDBSUJ FFEARJCKV
 Mole Fraction        :    1.0000    0.0000

 Compound: 1  (NHGXDBSUJJNIRV-UHFFFAOYSA-M)
 Chemical potential of the compound in the mixture :         0.74069 kcal/mol
 Log10(partial pressure [mbar])                    :        -9.75154
 Free energy of molecule in mix (E_COSMO+dE+Mu)    :   -719517.22940 kcal/mol
 Total mean interaction energy in the mix (H_int)  :        -7.15157 kcal/mol
 Misfit interaction energy in the mix (H_MF)       :        10.96627 kcal/mol
 H-Bond interaction energy in the mix (H_HB)       :        -0.57698 kcal/mol
 VdW interaction energy in the mix (H_vdW)         :       -17.54086 kcal/mol

 Compound: 2  (FFEARJCKVFRZRR-BYPYZUCNSA-N)
 Chemical potential of the compound in the mixture :        -0.90381 kcal/mol
 Log10(partial pressure [mbar])                    :       -10.45391
 Free energy of molecule in mix (E_COSMO+dE+Mu)    :   -502501.09291 kcal/mol
 Total mean interaction energy in the mix (H_int)  :        -8.86133 kcal/mol
 Misfit interaction energy in the mix (H_MF)       :         5.83856 kcal/mol
 H-Bond interaction energy in the mix (H_HB)       :        -5.53966 kcal/mol
 VdW interaction energy in the mix (H_vdW)         :        -9.16023 kcal/mol



 Compound: 1 Conformer: 1 (NHGXDBSUJJNIRV-UHFFFAOYSA-M)
 Chemical potential of the molecule in the mixture :         0.74069 kcal/mol
 Log10(partial pressure [mbar])                    :        -9.75154
 Free energy of molecule in mix (E_COSMO+dE+Mu)    :   -719517.22940 kcal/mol
 Total mean interaction energy in the mix          :        -7.15157 kcal/mol
 Misfit interaction energy in the mix              :        10.96627 kcal/mol
 H-Bond interaction energy in the mix              :        -0.57698 kcal/mol
 VdW interaction energy in the mix                 :       -17.54086 kcal/mol
 Normalized weight factor of molecule in compound  :         1.00000
 Normalized weight factor of molecule in gas phase :         1.00000

 Compound: 2 Conformer: 1 (FFEARJCKVFRZRR-BYPYZUCNSA-N)
 Chemical potential of the molecule in the mixture :        -0.90381 kcal/mol
 Log10(partial pressure [mbar])                    :       -10.45391
 Free energy of molecule in mix (E_COSMO+dE+Mu)    :   -502501.09291 kcal/mol
 Total mean interaction energy in the mix          :        -8.86133 kcal/mol
 Misfit interaction energy in the mix              :         5.83856 kcal/mol
 H-Bond interaction energy in the mix              :        -5.53966 kcal/mol
 VdW interaction energy in the mix                 :        -9.16023 kcal/mol
 Normalized weight factor of molecule in compound  :         1.00000
 Normalized weight factor of molecule in gas phase :         1.00000



 Note: Compound properties are tabulated in /home/comp5/Nastya/mu_CA_update/NHGXDBSUJJNIRV-UHFFFAOYSA-M_FFEARJCKVFRZRR-BYPYZUCNSA-N.tab
----------------
 END job       1
----------------
----------------
 START job     2
----------------


 Results for mixture 2
 ---------------------
 Temperature          :    559.020 K
 Compound Nr.         :         1         2
 Compound             : NHGXDBSUJ FFEARJCKV
 Mole Fraction        :    0.0000    1.0000

 Compound: 1  (NHGXDBSUJJNIRV-UHFFFAOYSA-M)
 Chemical potential of the compound in the mixture :         5.63853 kcal/mol
 Log10(partial pressure [mbar])                    :        -1.42434
 Free energy of molecule in mix (E_COSMO+dE+Mu)    :   -719512.33156 kcal/mol
 Total mean interaction energy in the mix (H_int)  :        -2.98635 kcal/mol
 Misfit interaction energy in the mix (H_MF)       :        12.05635 kcal/mol
 H-Bond interaction energy in the mix (H_HB)       :        -1.54453 kcal/mol
 VdW interaction energy in the mix (H_vdW)         :       -13.49817 kcal/mol

 Compound: 2  (FFEARJCKVFRZRR-BYPYZUCNSA-N)
 Chemical potential of the compound in the mixture :         5.13165 kcal/mol
 Log10(partial pressure [mbar])                    :        -1.41181
 Free energy of molecule in mix (E_COSMO+dE+Mu)    :   -502495.05745 kcal/mol
 Total mean interaction energy in the mix (H_int)  :        -2.26649 kcal/mol
 Misfit interaction energy in the mix (H_MF)       :         6.60352 kcal/mol
 H-Bond interaction energy in the mix (H_HB)       :        -1.93555 kcal/mol
 VdW interaction energy in the mix (H_vdW)         :        -6.93446 kcal/mol



 Compound: 1 Conformer: 1 (NHGXDBSUJJNIRV-UHFFFAOYSA-M)
 Chemical potential of the molecule in the mixture :         5.63853 kcal/mol
 Log10(partial pressure [mbar])                    :        -1.42434
 Free energy of molecule in mix (E_COSMO+dE+Mu)    :   -719512.33156 kcal/mol
 Total mean interaction energy in the mix          :        -2.98635 kcal/mol
 Misfit interaction energy in the mix              :        12.05635 kcal/mol
 H-Bond interaction energy in the mix              :        -1.54453 kcal/mol
 VdW interaction energy in the mix                 :       -13.49817 kcal/mol
 Normalized weight factor of molecule in compound  :         1.00000
 Normalized weight factor of molecule in gas phase :         1.00000

 Compound: 2 Conformer: 1 (FFEARJCKVFRZRR-BYPYZUCNSA-N)
 Chemical potential of the molecule in the mixture :         5.13165 kcal/mol
 Log10(partial pressure [mbar])                    :        -1.41181
 Free energy of molecule in mix (E_COSMO+dE+Mu)    :   -502495.05745 kcal/mol
 Total mean interaction energy in the mix          :        -2.26649 kcal/mol
 Misfit interaction energy in the mix              :         6.60352 kcal/mol
 H-Bond interaction energy in the mix              :        -1.93555 kcal/mol
 VdW interaction energy in the mix                 :        -6.93446 kcal/mol
 Normalized weight factor of molecule in compound  :         1.00000
 Normalized weight factor of molecule in gas phase :         1.00000



 Note: Compound properties are tabulated in /home/comp5/Nastya/mu_CA_update/NHGXDBSUJJNIRV-UHFFFAOYSA-M_FFEARJCKVFRZRR-BYPYZUCNSA-N.tab
----------------
 END job       2
----------------
