 -----------------------------------------------------------
 BIOVIA COSMOtherm Version 2019 (build: 19.0.5 [65f0de1d5f])
 -----------------------------------------------------------

 Copyright (C) 1999-2019, Dassault Systemes BIOVIA corp, all rights reserved

 Job name   : !! generated by COSMOthermX !!
 Job date   : 08/03/2022
 Job time   : 16:09:50
 Hostname   : unknown
 OS type    : unknown
 Executable : Linux 64-bit

 Reading COSMOtherm parameter file BP_TZVP_C30_1701.ctd from directory /home/comp5/Nastya/COSMOlogic/COSMOthermX19/COSMOtherm/CTDATA-FILES/OLDPARAM/
 Info: # COSMOtherm parameter file ./BP_TZVP_C30_1701.ctd for BP-TZVP optimized COSMO files                                                                  

 Reading COSMOtherm license key license.txt from directory /home/comp5/Nastya/COSMOlogic/COSMOthermX19/licensefiles/

 COSMOtherm license key expiration date 04/26/2025
 COSMOtherm license key version 21
 Customer : 200000000032966
 ID       : LKO1978637

 License keys:
  product                   |    licensed version    | status
 ------------------------------------------------------------------------------ 
  COSMOtherm                |          21            | active
  TURBOMOLE                 |          21            | active
 ------------------------------------------------------------------------------ 
 
 Note: Vapor pressure / property file could not be found for compound 1
 Reading COSMO information for compound 1 conformer 1 from file /home/comp5/Nastya/cosmo/NHGXDBSUJJNIRV-UHFFFAOYSA-M.cosmo
 Note: Gas phase energy file could not be found for compound 1 conformer 1
 Note: converting Gaussian COSMO-file information of compound 1 conformer 1
 
 Note: Vapor pressure / property file could not be found for compound 2
 Reading COSMO information for compound 2 conformer 1 from file /home/comp5/Nastya/cosmo/CKLJMWTZIZZHCS-UWTATZPHSA-N.cosmo
 Note: Gas phase energy file could not be found for compound 2 conformer 1
 Note: converting Gaussian COSMO-file information of compound 2 conformer 1


 --- Compound 1 (NHGXDBSUJJNIRV-UHFFFAOYSA-M) ---

 Compound Information for compound 1 conformer 1 (COSMO file /home/comp5/Nastya/cosmo/NHGXDBSUJJNIRV-UHFFFAOYSA-M.cosmo)
 Atomic weights         : 111111111111111111111111111111111111111111111111111111
 E_COSMO+dE             :    -719517.9701 kcal/mol
 E_gas                  :    -719490.0954 kcal/mol
 E_COSMO-E_gas+dE       :        -27.8747 kcal/mol
 E_diel                 :        -40.6586 kcal/mol
 Averaging corr dE      :          0.5864 kcal/mol
 Area                   :        346.8419 A^2
 Volume                 :        412.6118 A^3
 Molecular Weight       :        277.9185 a.m.u.
 Total COSMO charge     :          0.0092 a.u.
 Dipole moment (t,x,y,z):         18.0212  1.17E+01 -8.942479 -1.03E+01 Debye                            
 Sigma moments (1-6)    :          0.0000  1.71E+02  2.01E+02  4.29E+02  7.39E+02  1.41E+03              
 H-bond moment (accept) :         22.3888
 H-bond moment (donor)  :          0.0050
 
 WARNING: QM computation level of compound 1 conformer 1 could not be determined - it may differ from the QM level of the parameter set.
 No gas phase energy for compound 1 conformer 1 specified, thus it will be estimated


 --- Compound 2 (CKLJMWTZIZZHCS-UWTATZPHSA-N) ---

 Compound Information for compound 2 conformer 1 (COSMO file /home/comp5/Nastya/cosmo/CKLJMWTZIZZHCS-UWTATZPHSA-N.cosmo)
 Atomic weights         : 1111111111111111
 E_COSMO+dE             :    -321635.3620 kcal/mol
 E_gas                  :    -321601.8484 kcal/mol
 E_COSMO-E_gas+dE       :        -33.5137 kcal/mol
 E_diel                 :        -49.6125 kcal/mol
 Averaging corr dE      :          1.2151 kcal/mol
 Area                   :        152.1400 A^2
 Volume                 :        146.7813 A^3
 Molecular Weight       :        133.1032 a.m.u.
 Total COSMO charge     :          0.0050 a.u.
 Dipole moment (t,x,y,z):         13.6732  2.410272  1.33E+01 -1.990789 Debye                            
 Sigma moments (1-6)    :          0.0000  2.43E+02 -1.43E+01  6.10E+02 -9.63E+01  1.78E+03              
 H-bond moment (accept) :         14.6280
 H-bond moment (donor)  :         14.1795
 
 WARNING: QM computation level of compound 2 conformer 1 could not be determined - it may differ from the QM level of the parameter set.
 No gas phase energy for compound 2 conformer 1 specified, thus it will be estimated


 Total number of processed compounds:    2


----------------
 START job     1
----------------


 Results for mixture 1
 ---------------------
 Temperature          :    344.000 K
 Compound Nr.         :         1         2
 Compound             : NHGXDBSUJ CKLJMWTZI
 Mole Fraction        :    1.0000    0.0000

 Compound: 1  (NHGXDBSUJJNIRV-UHFFFAOYSA-M)
 Chemical potential of the compound in the mixture :         0.74069 kcal/mol
 Log10(partial pressure [mbar])                    :        -9.75154
 Free energy of molecule in mix (E_COSMO+dE+Mu)    :   -719517.22940 kcal/mol
 Total mean interaction energy in the mix (H_int)  :        -7.15157 kcal/mol
 Misfit interaction energy in the mix (H_MF)       :        10.96627 kcal/mol
 H-Bond interaction energy in the mix (H_HB)       :        -0.57698 kcal/mol
 VdW interaction energy in the mix (H_vdW)         :       -17.54086 kcal/mol

 Compound: 2  (CKLJMWTZIZZHCS-UWTATZPHSA-N)
 Chemical potential of the compound in the mixture :        -1.74199 kcal/mol
 Log10(partial pressure [mbar])                    :       -14.91129
 Free energy of molecule in mix (E_COSMO+dE+Mu)    :   -321637.10403 kcal/mol
 Total mean interaction energy in the mix (H_int)  :       -12.75699 kcal/mol
 Misfit interaction energy in the mix (H_MF)       :         5.16558 kcal/mol
 H-Bond interaction energy in the mix (H_HB)       :       -11.01370 kcal/mol
 VdW interaction energy in the mix (H_vdW)         :        -6.90886 kcal/mol



 Compound: 1 Conformer: 1 (NHGXDBSUJJNIRV-UHFFFAOYSA-M)
 Chemical potential of the molecule in the mixture :         0.74069 kcal/mol
 Log10(partial pressure [mbar])                    :        -9.75154
 Free energy of molecule in mix (E_COSMO+dE+Mu)    :   -719517.22940 kcal/mol
 Total mean interaction energy in the mix          :        -7.15157 kcal/mol
 Misfit interaction energy in the mix              :        10.96627 kcal/mol
 H-Bond interaction energy in the mix              :        -0.57698 kcal/mol
 VdW interaction energy in the mix                 :       -17.54086 kcal/mol
 Normalized weight factor of molecule in compound  :         1.00000
 Normalized weight factor of molecule in gas phase :         1.00000

 Compound: 2 Conformer: 1 (CKLJMWTZIZZHCS-UWTATZPHSA-N)
 Chemical potential of the molecule in the mixture :        -1.74199 kcal/mol
 Log10(partial pressure [mbar])                    :       -14.91129
 Free energy of molecule in mix (E_COSMO+dE+Mu)    :   -321637.10403 kcal/mol
 Total mean interaction energy in the mix          :       -12.75699 kcal/mol
 Misfit interaction energy in the mix              :         5.16558 kcal/mol
 H-Bond interaction energy in the mix              :       -11.01370 kcal/mol
 VdW interaction energy in the mix                 :        -6.90886 kcal/mol
 Normalized weight factor of molecule in compound  :         1.00000
 Normalized weight factor of molecule in gas phase :         1.00000



 Note: Compound properties are tabulated in /home/comp5/Nastya/mu_CA_update/NHGXDBSUJJNIRV-UHFFFAOYSA-M_CKLJMWTZIZZHCS-UWTATZPHSA-N.tab
----------------
 END job       1
----------------
----------------
 START job     2
----------------


 Results for mixture 2
 ---------------------
 Temperature          :    543.150 K
 Compound Nr.         :         1         2
 Compound             : NHGXDBSUJ CKLJMWTZI
 Mole Fraction        :    0.0000    1.0000

 Compound: 1  (NHGXDBSUJJNIRV-UHFFFAOYSA-M)
 Chemical potential of the compound in the mixture :        10.17830 kcal/mol
 Log10(partial pressure [mbar])                    :         0.15851
 Free energy of molecule in mix (E_COSMO+dE+Mu)    :   -719507.79178 kcal/mol
 Total mean interaction energy in the mix (H_int)  :        -1.23020 kcal/mol
 Misfit interaction energy in the mix (H_MF)       :        13.99028 kcal/mol
 H-Bond interaction energy in the mix (H_HB)       :        -2.93918 kcal/mol
 VdW interaction energy in the mix (H_vdW)         :       -12.28129 kcal/mol

 Compound: 2  (CKLJMWTZIZZHCS-UWTATZPHSA-N)
 Chemical potential of the compound in the mixture :         5.34032 kcal/mol
 Log10(partial pressure [mbar])                    :        -4.05707
 Free energy of molecule in mix (E_COSMO+dE+Mu)    :   -321630.02172 kcal/mol
 Total mean interaction energy in the mix (H_int)  :        -3.94996 kcal/mol
 Misfit interaction energy in the mix (H_MF)       :         4.83371 kcal/mol
 H-Bond interaction energy in the mix (H_HB)       :        -4.16703 kcal/mol
 VdW interaction energy in the mix (H_vdW)         :        -4.61664 kcal/mol



 Compound: 1 Conformer: 1 (NHGXDBSUJJNIRV-UHFFFAOYSA-M)
 Chemical potential of the molecule in the mixture :        10.17830 kcal/mol
 Log10(partial pressure [mbar])                    :         0.15851
 Free energy of molecule in mix (E_COSMO+dE+Mu)    :   -719507.79178 kcal/mol
 Total mean interaction energy in the mix          :        -1.23020 kcal/mol
 Misfit interaction energy in the mix              :        13.99028 kcal/mol
 H-Bond interaction energy in the mix              :        -2.93918 kcal/mol
 VdW interaction energy in the mix                 :       -12.28129 kcal/mol
 Normalized weight factor of molecule in compound  :         1.00000
 Normalized weight factor of molecule in gas phase :         1.00000

 Compound: 2 Conformer: 1 (CKLJMWTZIZZHCS-UWTATZPHSA-N)
 Chemical potential of the molecule in the mixture :         5.34032 kcal/mol
 Log10(partial pressure [mbar])                    :        -4.05707
 Free energy of molecule in mix (E_COSMO+dE+Mu)    :   -321630.02172 kcal/mol
 Total mean interaction energy in the mix          :        -3.94996 kcal/mol
 Misfit interaction energy in the mix              :         4.83371 kcal/mol
 H-Bond interaction energy in the mix              :        -4.16703 kcal/mol
 VdW interaction energy in the mix                 :        -4.61664 kcal/mol
 Normalized weight factor of molecule in compound  :         1.00000
 Normalized weight factor of molecule in gas phase :         1.00000



 Note: Compound properties are tabulated in /home/comp5/Nastya/mu_CA_update/NHGXDBSUJJNIRV-UHFFFAOYSA-M_CKLJMWTZIZZHCS-UWTATZPHSA-N.tab
----------------
 END job       2
----------------
