 -----------------------------------------------------------
 BIOVIA COSMOtherm Version 2019 (build: 19.0.5 [65f0de1d5f])
 -----------------------------------------------------------

 Copyright (C) 1999-2019, Dassault Systemes BIOVIA corp, all rights reserved

 Job name   : !! generated by COSMOthermX !!
 Job date   : 08/03/2022
 Job time   : 16:09:50
 Hostname   : unknown
 OS type    : unknown
 Executable : Linux 64-bit

 Reading COSMOtherm parameter file BP_TZVP_C30_1701.ctd from directory /home/comp5/Nastya/COSMOlogic/COSMOthermX19/COSMOtherm/CTDATA-FILES/OLDPARAM/
 Info: # COSMOtherm parameter file ./BP_TZVP_C30_1701.ctd for BP-TZVP optimized COSMO files                                                                  

 Reading COSMOtherm license key license.txt from directory /home/comp5/Nastya/COSMOlogic/COSMOthermX19/licensefiles/

 COSMOtherm license key expiration date 04/26/2025
 COSMOtherm license key version 21
 Customer : 200000000032966
 ID       : LKO1978637

 License keys:
  product                   |    licensed version    | status
 ------------------------------------------------------------------------------ 
  COSMOtherm                |          21            | active
  TURBOMOLE                 |          21            | active
 ------------------------------------------------------------------------------ 
 
 Note: Vapor pressure / property file could not be found for compound 1
 Reading COSMO information for compound 1 conformer 1 from file /home/comp5/Nastya/cosmo/NHGXDBSUJJNIRV-UHFFFAOYSA-M.cosmo
 Note: Gas phase energy file could not be found for compound 1 conformer 1
 Note: converting Gaussian COSMO-file information of compound 1 conformer 1
 
 Note: Vapor pressure / property file could not be found for compound 2
 Reading COSMO information for compound 2 conformer 1 from file /home/comp5/Nastya/cosmo/ODKSFYDXXFIFQN-BYPYZUCNSA-N.cosmo
 Note: Gas phase energy file could not be found for compound 2 conformer 1
 Note: converting Gaussian COSMO-file information of compound 2 conformer 1


 --- Compound 1 (NHGXDBSUJJNIRV-UHFFFAOYSA-M) ---

 Compound Information for compound 1 conformer 1 (COSMO file /home/comp5/Nastya/cosmo/NHGXDBSUJJNIRV-UHFFFAOYSA-M.cosmo)
 Atomic weights         : 111111111111111111111111111111111111111111111111111111
 E_COSMO+dE             :    -719517.9701 kcal/mol
 E_gas                  :    -719490.0954 kcal/mol
 E_COSMO-E_gas+dE       :        -27.8747 kcal/mol
 E_diel                 :        -40.6586 kcal/mol
 Averaging corr dE      :          0.5864 kcal/mol
 Area                   :        346.8419 A^2
 Volume                 :        412.6118 A^3
 Molecular Weight       :        277.9185 a.m.u.
 Total COSMO charge     :          0.0092 a.u.
 Dipole moment (t,x,y,z):         18.0212  1.17E+01 -8.942479 -1.03E+01 Debye                            
 Sigma moments (1-6)    :          0.0000  1.71E+02  2.01E+02  4.29E+02  7.39E+02  1.41E+03              
 H-bond moment (accept) :         22.3888
 H-bond moment (donor)  :          0.0050
 
 WARNING: QM computation level of compound 1 conformer 1 could not be determined - it may differ from the QM level of the parameter set.
 No gas phase energy for compound 1 conformer 1 specified, thus it will be estimated


 --- Compound 2 (ODKSFYDXXFIFQN-BYPYZUCNSA-N) ---

 Compound Information for compound 2 conformer 1 (COSMO file /home/comp5/Nastya/cosmo/ODKSFYDXXFIFQN-BYPYZUCNSA-N.cosmo)
 Atomic weights         : 11111111111111111111111111
 E_COSMO+dE             :    -380784.1989 kcal/mol
 E_gas                  :    -380728.1177 kcal/mol
 E_COSMO-E_gas+dE       :        -56.0812 kcal/mol
 E_diel                 :        -82.3944 kcal/mol
 Averaging corr dE      :          1.5949 kcal/mol
 Area                   :        216.9593 A^2
 Volume                 :        217.8950 A^3
 Molecular Weight       :        174.2017 a.m.u.
 Total COSMO charge     :          0.0030 a.u.
 Dipole moment (t,x,y,z):         30.9858 -3.05E+01 -5.113878 -1.685849 Debye                            
 Sigma moments (1-6)    :          0.0000  3.26E+02  1.94E+02  1.11E+03  1.18E+03  4.53E+03              
 H-bond moment (accept) :         35.5225
 H-bond moment (donor)  :         15.4357
 
 WARNING: QM computation level of compound 2 conformer 1 could not be determined - it may differ from the QM level of the parameter set.
 No gas phase energy for compound 2 conformer 1 specified, thus it will be estimated


 Total number of processed compounds:    2


----------------
 START job     1
----------------


 Results for mixture 1
 ---------------------
 Temperature          :    344.000 K
 Compound Nr.         :         1         2
 Compound             : NHGXDBSUJ ODKSFYDXX
 Mole Fraction        :    1.0000    0.0000

 Compound: 1  (NHGXDBSUJJNIRV-UHFFFAOYSA-M)
 Chemical potential of the compound in the mixture :         0.74069 kcal/mol
 Log10(partial pressure [mbar])                    :        -9.75154
 Free energy of molecule in mix (E_COSMO+dE+Mu)    :   -719517.22940 kcal/mol
 Total mean interaction energy in the mix (H_int)  :        -7.15157 kcal/mol
 Misfit interaction energy in the mix (H_MF)       :        10.96627 kcal/mol
 H-Bond interaction energy in the mix (H_HB)       :        -0.57698 kcal/mol
 VdW interaction energy in the mix (H_vdW)         :       -17.54086 kcal/mol

 Compound: 2  (ODKSFYDXXFIFQN-BYPYZUCNSA-N)
 Chemical potential of the compound in the mixture :         3.48232 kcal/mol
 Log10(partial pressure [mbar])                    :       -25.92956
 Free energy of molecule in mix (E_COSMO+dE+Mu)    :   -380780.71654 kcal/mol
 Total mean interaction energy in the mix (H_int)  :       -11.10833 kcal/mol
 Misfit interaction energy in the mix (H_MF)       :         9.29358 kcal/mol
 H-Bond interaction energy in the mix (H_HB)       :       -10.26409 kcal/mol
 VdW interaction energy in the mix (H_vdW)         :       -10.13781 kcal/mol



 Compound: 1 Conformer: 1 (NHGXDBSUJJNIRV-UHFFFAOYSA-M)
 Chemical potential of the molecule in the mixture :         0.74069 kcal/mol
 Log10(partial pressure [mbar])                    :        -9.75154
 Free energy of molecule in mix (E_COSMO+dE+Mu)    :   -719517.22940 kcal/mol
 Total mean interaction energy in the mix          :        -7.15157 kcal/mol
 Misfit interaction energy in the mix              :        10.96627 kcal/mol
 H-Bond interaction energy in the mix              :        -0.57698 kcal/mol
 VdW interaction energy in the mix                 :       -17.54086 kcal/mol
 Normalized weight factor of molecule in compound  :         1.00000
 Normalized weight factor of molecule in gas phase :         1.00000

 Compound: 2 Conformer: 1 (ODKSFYDXXFIFQN-BYPYZUCNSA-N)
 Chemical potential of the molecule in the mixture :         3.48232 kcal/mol
 Log10(partial pressure [mbar])                    :       -25.92956
 Free energy of molecule in mix (E_COSMO+dE+Mu)    :   -380780.71654 kcal/mol
 Total mean interaction energy in the mix          :       -11.10833 kcal/mol
 Misfit interaction energy in the mix              :         9.29358 kcal/mol
 H-Bond interaction energy in the mix              :       -10.26409 kcal/mol
 VdW interaction energy in the mix                 :       -10.13781 kcal/mol
 Normalized weight factor of molecule in compound  :         1.00000
 Normalized weight factor of molecule in gas phase :         1.00000



 Note: Compound properties are tabulated in /home/comp5/Nastya/mu_CA_update/NHGXDBSUJJNIRV-UHFFFAOYSA-M_ODKSFYDXXFIFQN-BYPYZUCNSA-N.tab
----------------
 END job       1
----------------
----------------
 START job     2
----------------


 Results for mixture 2
 ---------------------
 Temperature          :    495.160 K
 Compound Nr.         :         1         2
 Compound             : NHGXDBSUJ ODKSFYDXX
 Mole Fraction        :    0.0000    1.0000

 Compound: 1  (NHGXDBSUJJNIRV-UHFFFAOYSA-M)
 Chemical potential of the compound in the mixture :         7.77074 kcal/mol
 Log10(partial pressure [mbar])                    :        -1.55939
 Free energy of molecule in mix (E_COSMO+dE+Mu)    :   -719510.19935 kcal/mol
 Total mean interaction energy in the mix (H_int)  :        -3.89903 kcal/mol
 Misfit interaction energy in the mix (H_MF)       :        12.72008 kcal/mol
 H-Bond interaction energy in the mix (H_HB)       :        -2.72944 kcal/mol
 VdW interaction energy in the mix (H_vdW)         :       -13.88967 kcal/mol

 Compound: 2  (ODKSFYDXXFIFQN-BYPYZUCNSA-N)
 Chemical potential of the compound in the mixture :         7.67083 kcal/mol
 Log10(partial pressure [mbar])                    :       -14.05282
 Free energy of molecule in mix (E_COSMO+dE+Mu)    :   -380776.52804 kcal/mol
 Total mean interaction energy in the mix (H_int)  :        -8.14093 kcal/mol
 Misfit interaction energy in the mix (H_MF)       :         8.35804 kcal/mol
 H-Bond interaction energy in the mix (H_HB)       :        -8.83062 kcal/mol
 VdW interaction energy in the mix (H_vdW)         :        -7.66835 kcal/mol



 Compound: 1 Conformer: 1 (NHGXDBSUJJNIRV-UHFFFAOYSA-M)
 Chemical potential of the molecule in the mixture :         7.77074 kcal/mol
 Log10(partial pressure [mbar])                    :        -1.55939
 Free energy of molecule in mix (E_COSMO+dE+Mu)    :   -719510.19935 kcal/mol
 Total mean interaction energy in the mix          :        -3.89903 kcal/mol
 Misfit interaction energy in the mix              :        12.72008 kcal/mol
 H-Bond interaction energy in the mix              :        -2.72944 kcal/mol
 VdW interaction energy in the mix                 :       -13.88967 kcal/mol
 Normalized weight factor of molecule in compound  :         1.00000
 Normalized weight factor of molecule in gas phase :         1.00000

 Compound: 2 Conformer: 1 (ODKSFYDXXFIFQN-BYPYZUCNSA-N)
 Chemical potential of the molecule in the mixture :         7.67083 kcal/mol
 Log10(partial pressure [mbar])                    :       -14.05282
 Free energy of molecule in mix (E_COSMO+dE+Mu)    :   -380776.52804 kcal/mol
 Total mean interaction energy in the mix          :        -8.14093 kcal/mol
 Misfit interaction energy in the mix              :         8.35804 kcal/mol
 H-Bond interaction energy in the mix              :        -8.83062 kcal/mol
 VdW interaction energy in the mix                 :        -7.66835 kcal/mol
 Normalized weight factor of molecule in compound  :         1.00000
 Normalized weight factor of molecule in gas phase :         1.00000



 Note: Compound properties are tabulated in /home/comp5/Nastya/mu_CA_update/NHGXDBSUJJNIRV-UHFFFAOYSA-M_ODKSFYDXXFIFQN-BYPYZUCNSA-N.tab
----------------
 END job       2
----------------
