 -----------------------------------------------------------
 BIOVIA COSMOtherm Version 2019 (build: 19.0.5 [65f0de1d5f])
 -----------------------------------------------------------

 Copyright (C) 1999-2019, Dassault Systemes BIOVIA corp, all rights reserved

 Job name   : !! generated by COSMOthermX !!
 Job date   : 08/03/2022
 Job time   : 16:11:15
 Hostname   : unknown
 OS type    : unknown
 Executable : Linux 64-bit

 Reading COSMOtherm parameter file BP_TZVP_C30_1701.ctd from directory /home/comp5/Nastya/COSMOlogic/COSMOthermX19/COSMOtherm/CTDATA-FILES/OLDPARAM/
 Info: # COSMOtherm parameter file ./BP_TZVP_C30_1701.ctd for BP-TZVP optimized COSMO files                                                                  

 Reading COSMOtherm license key license.txt from directory /home/comp5/Nastya/COSMOlogic/COSMOthermX19/licensefiles/

 COSMOtherm license key expiration date 04/26/2025
 COSMOtherm license key version 21
 Customer : 200000000032966
 ID       : LKO1978637

 License keys:
  product                   |    licensed version    | status
 ------------------------------------------------------------------------------ 
  COSMOtherm                |          21            | active
  TURBOMOLE                 |          21            | active
 ------------------------------------------------------------------------------ 
 
 Note: Vapor pressure / property file could not be found for compound 1
 Reading COSMO information for compound 1 conformer 1 from file /home/comp5/Nastya/cosmo/NOOLISFMXDJSKH-KXUCPTDWSA-N.cosmo
 Note: Gas phase energy file could not be found for compound 1 conformer 1
 Note: converting Gaussian COSMO-file information of compound 1 conformer 1
 
 Note: Vapor pressure / property file could not be found for compound 2
 Reading COSMO information for compound 2 conformer 1 from file /home/comp5/Nastya/cosmo/XMIIGOLPHOKFCH-UHFFFAOYSA-N.cosmo
 Note: Gas phase energy file could not be found for compound 2 conformer 1
 Note: converting Gaussian COSMO-file information of compound 2 conformer 1


 --- Compound 1 (NOOLISFMXDJSKH-KXUCPTDWSA-N) ---

 Compound Information for compound 1 conformer 1 (COSMO file /home/comp5/Nastya/cosmo/NOOLISFMXDJSKH-KXUCPTDWSA-N.cosmo)
 Atomic weights         : 1111111111111111111111111111111
 E_COSMO+dE             :    -293986.1266 kcal/mol
 E_gas                  :    -293981.6853 kcal/mol
 E_COSMO-E_gas+dE       :         -4.4414 kcal/mol
 E_diel                 :         -5.8134 kcal/mol
 Averaging corr dE      :          0.4176 kcal/mol
 Area                   :        208.8523 A^2
 Volume                 :        227.8497 A^3
 Molecular Weight       :        156.2662 a.m.u.
 Total COSMO charge     :         -0.0051 a.u.
 Dipole moment (t,x,y,z):          2.3028  1.805459 -0.306183  1.396244 Debye                            
 Sigma moments (1-6)    :          0.0000  4.51E+01  1.65E+01  7.42E+01  4.84E+01  1.76E+02              
 H-bond moment (accept) :          2.6238
 H-bond moment (donor)  :          1.0277
 
 WARNING: QM computation level of compound 1 conformer 1 could not be determined - it may differ from the QM level of the parameter set.
 No gas phase energy for compound 1 conformer 1 specified, thus it will be estimated


 --- Compound 2 (XMIIGOLPHOKFCH-UHFFFAOYSA-N) ---

 Compound Information for compound 2 conformer 1 (COSMO file /home/comp5/Nastya/cosmo/XMIIGOLPHOKFCH-UHFFFAOYSA-N.cosmo)
 Atomic weights         : 111111111111111111111
 E_COSMO+dE             :    -313524.0544 kcal/mol
 E_gas                  :    -313516.2938 kcal/mol
 E_COSMO-E_gas+dE       :         -7.7606 kcal/mol
 E_diel                 :        -10.4989 kcal/mol
 Averaging corr dE      :          0.6654 kcal/mol
 Area                   :        188.1533 A^2
 Volume                 :        191.5193 A^3
 Molecular Weight       :        150.1754 a.m.u.
 Total COSMO charge     :         -0.0017 a.u.
 Dipole moment (t,x,y,z):          2.2970  0.376181  1.869944 -1.279925 Debye                            
 Sigma moments (1-6)    :          0.0000  8.00E+01 -6.185924  1.11E+02 -5.66E+01  2.57E+02              
 H-bond moment (accept) :          1.3552
 H-bond moment (donor)  :          3.2000
 
 WARNING: QM computation level of compound 2 conformer 1 could not be determined - it may differ from the QM level of the parameter set.
 No gas phase energy for compound 2 conformer 1 specified, thus it will be estimated


 Total number of processed compounds:    2


----------------
 START job     1
----------------


 Results for mixture 1
 ---------------------
 Temperature          :    314.600 K
 Compound Nr.         :         1         2
 Compound             : NOOLISFMX XMIIGOLPH
 Mole Fraction        :    1.0000    0.0000

 Compound: 1  (NOOLISFMXDJSKH-KXUCPTDWSA-N)
 Chemical potential of the compound in the mixture :        -5.94429 kcal/mol
 Log10(partial pressure [mbar])                    :        -0.46225
 Free energy of molecule in mix (E_COSMO+dE+Mu)    :   -293992.07093 kcal/mol
 Total mean interaction energy in the mix (H_int)  :       -10.80443 kcal/mol
 Misfit interaction energy in the mix (H_MF)       :         1.58066 kcal/mol
 H-Bond interaction energy in the mix (H_HB)       :        -2.22004 kcal/mol
 VdW interaction energy in the mix (H_vdW)         :       -10.16505 kcal/mol

 Compound: 2  (XMIIGOLPHOKFCH-UHFFFAOYSA-N)
 Chemical potential of the compound in the mixture :        -3.25242 kcal/mol
 Log10(partial pressure [mbar])                    :        -0.89804
 Free energy of molecule in mix (E_COSMO+dE+Mu)    :   -313527.30682 kcal/mol
 Total mean interaction energy in the mix (H_int)  :        -9.86706 kcal/mol
 Misfit interaction energy in the mix (H_MF)       :         2.41423 kcal/mol
 H-Bond interaction energy in the mix (H_HB)       :        -3.57202 kcal/mol
 VdW interaction energy in the mix (H_vdW)         :        -8.70926 kcal/mol



 Compound: 1 Conformer: 1 (NOOLISFMXDJSKH-KXUCPTDWSA-N)
 Chemical potential of the molecule in the mixture :        -5.94429 kcal/mol
 Log10(partial pressure [mbar])                    :        -0.46225
 Free energy of molecule in mix (E_COSMO+dE+Mu)    :   -293992.07093 kcal/mol
 Total mean interaction energy in the mix          :       -10.80443 kcal/mol
 Misfit interaction energy in the mix              :         1.58066 kcal/mol
 H-Bond interaction energy in the mix              :        -2.22004 kcal/mol
 VdW interaction energy in the mix                 :       -10.16505 kcal/mol
 Normalized weight factor of molecule in compound  :         1.00000
 Normalized weight factor of molecule in gas phase :         1.00000

 Compound: 2 Conformer: 1 (XMIIGOLPHOKFCH-UHFFFAOYSA-N)
 Chemical potential of the molecule in the mixture :        -3.25242 kcal/mol
 Log10(partial pressure [mbar])                    :        -0.89804
 Free energy of molecule in mix (E_COSMO+dE+Mu)    :   -313527.30682 kcal/mol
 Total mean interaction energy in the mix          :        -9.86706 kcal/mol
 Misfit interaction energy in the mix              :         2.41423 kcal/mol
 H-Bond interaction energy in the mix              :        -3.57202 kcal/mol
 VdW interaction energy in the mix                 :        -8.70926 kcal/mol
 Normalized weight factor of molecule in compound  :         1.00000
 Normalized weight factor of molecule in gas phase :         1.00000



 Note: Compound properties are tabulated in /home/comp5/Nastya/mu_CA_update/NOOLISFMXDJSKH-KXUCPTDWSA-N_XMIIGOLPHOKFCH-UHFFFAOYSA-N.tab
----------------
 END job       1
----------------
----------------
 START job     2
----------------


 Results for mixture 2
 ---------------------
 Temperature          :    321.100 K
 Compound Nr.         :         1         2
 Compound             : NOOLISFMX XMIIGOLPH
 Mole Fraction        :    0.0000    1.0000

 Compound: 1  (NOOLISFMXDJSKH-KXUCPTDWSA-N)
 Chemical potential of the compound in the mixture :        -5.63963 kcal/mol
 Log10(partial pressure [mbar])                    :        -0.10546
 Free energy of molecule in mix (E_COSMO+dE+Mu)    :   -293991.76627 kcal/mol
 Total mean interaction energy in the mix (H_int)  :       -10.11004 kcal/mol
 Misfit interaction energy in the mix (H_MF)       :         2.52464 kcal/mol
 H-Bond interaction energy in the mix (H_HB)       :        -2.91691 kcal/mol
 VdW interaction energy in the mix (H_vdW)         :        -9.71777 kcal/mol

 Compound: 2  (XMIIGOLPHOKFCH-UHFFFAOYSA-N)
 Chemical potential of the compound in the mixture :        -3.15885 kcal/mol
 Log10(partial pressure [mbar])                    :        -0.67610
 Free energy of molecule in mix (E_COSMO+dE+Mu)    :   -313527.21325 kcal/mol
 Total mean interaction energy in the mix (H_int)  :        -8.37747 kcal/mol
 Misfit interaction energy in the mix (H_MF)       :         2.78284 kcal/mol
 H-Bond interaction energy in the mix (H_HB)       :        -2.60445 kcal/mol
 VdW interaction energy in the mix (H_vdW)         :        -8.55585 kcal/mol



 Compound: 1 Conformer: 1 (NOOLISFMXDJSKH-KXUCPTDWSA-N)
 Chemical potential of the molecule in the mixture :        -5.63963 kcal/mol
 Log10(partial pressure [mbar])                    :        -0.10546
 Free energy of molecule in mix (E_COSMO+dE+Mu)    :   -293991.76627 kcal/mol
 Total mean interaction energy in the mix          :       -10.11004 kcal/mol
 Misfit interaction energy in the mix              :         2.52464 kcal/mol
 H-Bond interaction energy in the mix              :        -2.91691 kcal/mol
 VdW interaction energy in the mix                 :        -9.71777 kcal/mol
 Normalized weight factor of molecule in compound  :         1.00000
 Normalized weight factor of molecule in gas phase :         1.00000

 Compound: 2 Conformer: 1 (XMIIGOLPHOKFCH-UHFFFAOYSA-N)
 Chemical potential of the molecule in the mixture :        -3.15885 kcal/mol
 Log10(partial pressure [mbar])                    :        -0.67610
 Free energy of molecule in mix (E_COSMO+dE+Mu)    :   -313527.21325 kcal/mol
 Total mean interaction energy in the mix          :        -8.37747 kcal/mol
 Misfit interaction energy in the mix              :         2.78284 kcal/mol
 H-Bond interaction energy in the mix              :        -2.60445 kcal/mol
 VdW interaction energy in the mix                 :        -8.55585 kcal/mol
 Normalized weight factor of molecule in compound  :         1.00000
 Normalized weight factor of molecule in gas phase :         1.00000



 Note: Compound properties are tabulated in /home/comp5/Nastya/mu_CA_update/NOOLISFMXDJSKH-KXUCPTDWSA-N_XMIIGOLPHOKFCH-UHFFFAOYSA-N.tab
----------------
 END job       2
----------------
