 -----------------------------------------------------------
 BIOVIA COSMOtherm Version 2019 (build: 19.0.5 [65f0de1d5f])
 -----------------------------------------------------------

 Copyright (C) 1999-2019, Dassault Systemes BIOVIA corp, all rights reserved

 Job name   : !! generated by COSMOthermX !!
 Job date   : 08/03/2022
 Job time   : 16:11:15
 Hostname   : unknown
 OS type    : unknown
 Executable : Linux 64-bit

 Reading COSMOtherm parameter file BP_TZVP_C30_1701.ctd from directory /home/comp5/Nastya/COSMOlogic/COSMOthermX19/COSMOtherm/CTDATA-FILES/OLDPARAM/
 Info: # COSMOtherm parameter file ./BP_TZVP_C30_1701.ctd for BP-TZVP optimized COSMO files                                                                  

 Reading COSMOtherm license key license.txt from directory /home/comp5/Nastya/COSMOlogic/COSMOthermX19/licensefiles/

 COSMOtherm license key expiration date 04/26/2025
 COSMOtherm license key version 21
 Customer : 200000000032966
 ID       : LKO1978637

 License keys:
  product                   |    licensed version    | status
 ------------------------------------------------------------------------------ 
  COSMOtherm                |          21            | active
  TURBOMOLE                 |          21            | active
 ------------------------------------------------------------------------------ 
 
 Note: Vapor pressure / property file could not be found for compound 1
 Reading COSMO information for compound 1 conformer 1 from file /home/comp5/Nastya/cosmo/NOOLISFMXDJSKH-KXUCPTDWSA-N.cosmo
 Note: Gas phase energy file could not be found for compound 1 conformer 1
 Note: converting Gaussian COSMO-file information of compound 1 conformer 1
 
 Note: Vapor pressure / property file could not be found for compound 2
 Reading COSMO information for compound 2 conformer 1 from file /home/comp5/Nastya/cosmo/MUMGGOZAMZWBJJ-DYKIIFRCSA-N.cosmo
 Note: Gas phase energy file could not be found for compound 2 conformer 1
 Note: converting Gaussian COSMO-file information of compound 2 conformer 1


 --- Compound 1 (NOOLISFMXDJSKH-KXUCPTDWSA-N) ---

 Compound Information for compound 1 conformer 1 (COSMO file /home/comp5/Nastya/cosmo/NOOLISFMXDJSKH-KXUCPTDWSA-N.cosmo)
 Atomic weights         : 1111111111111111111111111111111
 E_COSMO+dE             :    -293986.1266 kcal/mol
 E_gas                  :    -293981.6853 kcal/mol
 E_COSMO-E_gas+dE       :         -4.4414 kcal/mol
 E_diel                 :         -5.8134 kcal/mol
 Averaging corr dE      :          0.4176 kcal/mol
 Area                   :        208.8523 A^2
 Volume                 :        227.8497 A^3
 Molecular Weight       :        156.2662 a.m.u.
 Total COSMO charge     :         -0.0051 a.u.
 Dipole moment (t,x,y,z):          2.3028  1.805459 -0.306183  1.396244 Debye                            
 Sigma moments (1-6)    :          0.0000  4.51E+01  1.65E+01  7.42E+01  4.84E+01  1.76E+02              
 H-bond moment (accept) :          2.6238
 H-bond moment (donor)  :          1.0277
 
 WARNING: QM computation level of compound 1 conformer 1 could not be determined - it may differ from the QM level of the parameter set.
 No gas phase energy for compound 1 conformer 1 specified, thus it will be estimated


 --- Compound 2 (MUMGGOZAMZWBJJ-DYKIIFRCSA-N) ---

 Compound Information for compound 2 conformer 1 (COSMO file /home/comp5/Nastya/cosmo/MUMGGOZAMZWBJJ-DYKIIFRCSA-N.cosmo)
 Atomic weights         : 1111111111111111111111111111111111111111111111111
 E_COSMO+dE             :    -559504.6474 kcal/mol
 E_gas                  :    -559493.0028 kcal/mol
 E_COSMO-E_gas+dE       :        -11.6446 kcal/mol
 E_diel                 :        -16.1480 kcal/mol
 Averaging corr dE      :          0.6675 kcal/mol
 Area                   :        297.5100 A^2
 Volume                 :        370.9582 A^3
 Molecular Weight       :        288.4262 a.m.u.
 Total COSMO charge     :         -0.0025 a.u.
 Dipole moment (t,x,y,z):          5.2059 -4.779959 -1.118707  1.732708 Debye                            
 Sigma moments (1-6)    :          0.0000  9.63E+01  6.89E+01  1.62E+02  1.77E+02  3.81E+02              
 H-bond moment (accept) :          7.0018
 H-bond moment (donor)  :          1.0286
 
 WARNING: QM computation level of compound 2 conformer 1 could not be determined - it may differ from the QM level of the parameter set.
 No gas phase energy for compound 2 conformer 1 specified, thus it will be estimated


 Total number of processed compounds:    2


----------------
 START job     1
----------------


 Results for mixture 1
 ---------------------
 Temperature          :    314.600 K
 Compound Nr.         :         1         2
 Compound             : NOOLISFMX MUMGGOZAM
 Mole Fraction        :    1.0000    0.0000

 Compound: 1  (NOOLISFMXDJSKH-KXUCPTDWSA-N)
 Chemical potential of the compound in the mixture :        -5.94429 kcal/mol
 Log10(partial pressure [mbar])                    :        -0.46225
 Free energy of molecule in mix (E_COSMO+dE+Mu)    :   -293992.07093 kcal/mol
 Total mean interaction energy in the mix (H_int)  :       -10.80443 kcal/mol
 Misfit interaction energy in the mix (H_MF)       :         1.58066 kcal/mol
 H-Bond interaction energy in the mix (H_HB)       :        -2.22004 kcal/mol
 VdW interaction energy in the mix (H_vdW)         :       -10.16505 kcal/mol

 Compound: 2  (MUMGGOZAMZWBJJ-DYKIIFRCSA-N)
 Chemical potential of the compound in the mixture :        -5.15140 kcal/mol
 Log10(partial pressure [mbar])                    :        -6.35896
 Free energy of molecule in mix (E_COSMO+dE+Mu)    :   -559509.79879 kcal/mol
 Total mean interaction energy in the mix (H_int)  :       -15.41593 kcal/mol
 Misfit interaction energy in the mix (H_MF)       :         3.29907 kcal/mol
 H-Bond interaction energy in the mix (H_HB)       :        -4.45989 kcal/mol
 VdW interaction energy in the mix (H_vdW)         :       -14.25511 kcal/mol



 Compound: 1 Conformer: 1 (NOOLISFMXDJSKH-KXUCPTDWSA-N)
 Chemical potential of the molecule in the mixture :        -5.94429 kcal/mol
 Log10(partial pressure [mbar])                    :        -0.46225
 Free energy of molecule in mix (E_COSMO+dE+Mu)    :   -293992.07093 kcal/mol
 Total mean interaction energy in the mix          :       -10.80443 kcal/mol
 Misfit interaction energy in the mix              :         1.58066 kcal/mol
 H-Bond interaction energy in the mix              :        -2.22004 kcal/mol
 VdW interaction energy in the mix                 :       -10.16505 kcal/mol
 Normalized weight factor of molecule in compound  :         1.00000
 Normalized weight factor of molecule in gas phase :         1.00000

 Compound: 2 Conformer: 1 (MUMGGOZAMZWBJJ-DYKIIFRCSA-N)
 Chemical potential of the molecule in the mixture :        -5.15140 kcal/mol
 Log10(partial pressure [mbar])                    :        -6.35896
 Free energy of molecule in mix (E_COSMO+dE+Mu)    :   -559509.79879 kcal/mol
 Total mean interaction energy in the mix          :       -15.41593 kcal/mol
 Misfit interaction energy in the mix              :         3.29907 kcal/mol
 H-Bond interaction energy in the mix              :        -4.45989 kcal/mol
 VdW interaction energy in the mix                 :       -14.25511 kcal/mol
 Normalized weight factor of molecule in compound  :         1.00000
 Normalized weight factor of molecule in gas phase :         1.00000



 Note: Compound properties are tabulated in /home/comp5/Nastya/mu_CA_update/NOOLISFMXDJSKH-KXUCPTDWSA-N_MUMGGOZAMZWBJJ-DYKIIFRCSA-N.tab
----------------
 END job       1
----------------
----------------
 START job     2
----------------


 Results for mixture 2
 ---------------------
 Temperature          :    424.150 K
 Compound Nr.         :         1         2
 Compound             : NOOLISFMX MUMGGOZAM
 Mole Fraction        :    0.0000    1.0000

 Compound: 1  (NOOLISFMXDJSKH-KXUCPTDWSA-N)
 Chemical potential of the compound in the mixture :        -4.70433 kcal/mol
 Log10(partial pressure [mbar])                    :         2.08329
 Free energy of molecule in mix (E_COSMO+dE+Mu)    :   -293990.83097 kcal/mol
 Total mean interaction energy in the mix (H_int)  :        -7.16604 kcal/mol
 Misfit interaction energy in the mix (H_MF)       :         2.87167 kcal/mol
 H-Bond interaction energy in the mix (H_HB)       :        -0.73486 kcal/mol
 VdW interaction energy in the mix (H_vdW)         :        -9.30286 kcal/mol

 Compound: 2  (MUMGGOZAMZWBJJ-DYKIIFRCSA-N)
 Chemical potential of the compound in the mixture :        -2.88880 kcal/mol
 Log10(partial pressure [mbar])                    :        -1.76349
 Free energy of molecule in mix (E_COSMO+dE+Mu)    :   -559507.53618 kcal/mol
 Total mean interaction energy in the mix (H_int)  :        -8.61386 kcal/mol
 Misfit interaction energy in the mix (H_MF)       :         5.49967 kcal/mol
 H-Bond interaction energy in the mix (H_HB)       :        -1.07820 kcal/mol
 VdW interaction energy in the mix (H_vdW)         :       -13.03532 kcal/mol



 Compound: 1 Conformer: 1 (NOOLISFMXDJSKH-KXUCPTDWSA-N)
 Chemical potential of the molecule in the mixture :        -4.70433 kcal/mol
 Log10(partial pressure [mbar])                    :         2.08329
 Free energy of molecule in mix (E_COSMO+dE+Mu)    :   -293990.83097 kcal/mol
 Total mean interaction energy in the mix          :        -7.16604 kcal/mol
 Misfit interaction energy in the mix              :         2.87167 kcal/mol
 H-Bond interaction energy in the mix              :        -0.73486 kcal/mol
 VdW interaction energy in the mix                 :        -9.30286 kcal/mol
 Normalized weight factor of molecule in compound  :         1.00000
 Normalized weight factor of molecule in gas phase :         1.00000

 Compound: 2 Conformer: 1 (MUMGGOZAMZWBJJ-DYKIIFRCSA-N)
 Chemical potential of the molecule in the mixture :        -2.88880 kcal/mol
 Log10(partial pressure [mbar])                    :        -1.76349
 Free energy of molecule in mix (E_COSMO+dE+Mu)    :   -559507.53618 kcal/mol
 Total mean interaction energy in the mix          :        -8.61386 kcal/mol
 Misfit interaction energy in the mix              :         5.49967 kcal/mol
 H-Bond interaction energy in the mix              :        -1.07820 kcal/mol
 VdW interaction energy in the mix                 :       -13.03532 kcal/mol
 Normalized weight factor of molecule in compound  :         1.00000
 Normalized weight factor of molecule in gas phase :         1.00000



 Note: Compound properties are tabulated in /home/comp5/Nastya/mu_CA_update/NOOLISFMXDJSKH-KXUCPTDWSA-N_MUMGGOZAMZWBJJ-DYKIIFRCSA-N.tab
----------------
 END job       2
----------------
