 -----------------------------------------------------------
 BIOVIA COSMOtherm Version 2019 (build: 19.0.5 [65f0de1d5f])
 -----------------------------------------------------------

 Copyright (C) 1999-2019, Dassault Systemes BIOVIA corp, all rights reserved

 Job name   : !! generated by COSMOthermX !!
 Job date   : 08/03/2022
 Job time   : 16:10:05
 Hostname   : unknown
 OS type    : unknown
 Executable : Linux 64-bit

 Reading COSMOtherm parameter file BP_TZVP_C30_1701.ctd from directory /home/comp5/Nastya/COSMOlogic/COSMOthermX19/COSMOtherm/CTDATA-FILES/OLDPARAM/
 Info: # COSMOtherm parameter file ./BP_TZVP_C30_1701.ctd for BP-TZVP optimized COSMO files                                                                  

 Reading COSMOtherm license key license.txt from directory /home/comp5/Nastya/COSMOlogic/COSMOthermX19/licensefiles/

 COSMOtherm license key expiration date 04/26/2025
 COSMOtherm license key version 21
 Customer : 200000000032966
 ID       : LKO1978637

 License keys:
  product                   |    licensed version    | status
 ------------------------------------------------------------------------------ 
  COSMOtherm                |          21            | active
  TURBOMOLE                 |          21            | active
 ------------------------------------------------------------------------------ 
 
 Note: Vapor pressure / property file could not be found for compound 1
 Reading COSMO information for compound 1 conformer 1 from file /home/comp5/Nastya/cosmo/NRKYWOKHZRQRJR-UHFFFAOYSA-N.cosmo
 Note: Gas phase energy file could not be found for compound 1 conformer 1
 Note: converting Gaussian COSMO-file information of compound 1 conformer 1
 
 Note: Vapor pressure / property file could not be found for compound 2
 Reading COSMO information for compound 2 conformer 1 from file /home/comp5/Nastya/cosmo/USFRYJRPHFMVBZ-UHFFFAOYSA-M.cosmo
 Note: Gas phase energy file could not be found for compound 2 conformer 1
 Note: converting Gaussian COSMO-file information of compound 2 conformer 1


 --- Compound 1 (NRKYWOKHZRQRJR-UHFFFAOYSA-N) ---

 Compound Information for compound 1 conformer 1 (COSMO file /home/comp5/Nastya/cosmo/NRKYWOKHZRQRJR-UHFFFAOYSA-N.cosmo)
 Atomic weights         : 111111111
 E_COSMO+dE             :    -318246.7997 kcal/mol
 E_gas                  :    -318237.6743 kcal/mol
 E_COSMO-E_gas+dE       :         -9.1253 kcal/mol
 E_diel                 :        -12.1209 kcal/mol
 Averaging corr dE      :          0.4629 kcal/mol
 Area                   :        114.6277 A^2
 Volume                 :        102.0687 A^3
 Molecular Weight       :        113.0388 a.m.u.
 Total COSMO charge     :          0.0078 a.u.
 Dipole moment (t,x,y,z):          5.4306  2.159966 -4.982542 -0.000957 Debye                            
 Sigma moments (1-6)    :          0.0000  7.07E+01 -3.41E+01  1.39E+02 -1.22E+02  3.40E+02              
 H-bond moment (accept) :          1.2557
 H-bond moment (donor)  :          5.1992
 
 WARNING: QM computation level of compound 1 conformer 1 could not be determined - it may differ from the QM level of the parameter set.
 No gas phase energy for compound 1 conformer 1 specified, thus it will be estimated


 --- Compound 2 (USFRYJRPHFMVBZ-UHFFFAOYSA-M) ---

 Compound Information for compound 2 conformer 1 (COSMO file /home/comp5/Nastya/cosmo/USFRYJRPHFMVBZ-UHFFFAOYSA-M.cosmo)
 Atomic weights         : 1111111111111111111111111111111111111111111111111
 E_COSMO+dE             :   -1109360.9106 kcal/mol
 E_gas                  :   -1109332.2767 kcal/mol
 E_COSMO-E_gas+dE       :        -28.6339 kcal/mol
 E_diel                 :        -42.2770 kcal/mol
 Averaging corr dE      :          0.9600 kcal/mol
 Area                   :        376.9414 A^2
 Volume                 :        486.3940 A^3
 Molecular Weight       :        388.8713 a.m.u.
 Total COSMO charge     :          0.0027 a.u.
 Dipole moment (t,x,y,z):         20.0557 -1.436301  1.87E+01  7.226439 Debye                            
 Sigma moments (1-6)    :          0.0000  1.87E+02  1.51E+02  3.86E+02  6.13E+02  1.26E+03              
 H-bond moment (accept) :         18.3549
 H-bond moment (donor)  :          0.1409
 
 WARNING: QM computation level of compound 2 conformer 1 could not be determined - it may differ from the QM level of the parameter set.
 No gas phase energy for compound 2 conformer 1 specified, thus it will be estimated


 Total number of processed compounds:    2


----------------
 START job     1
----------------


 Results for mixture 1
 ---------------------
 Temperature          :    348.000 K
 Compound Nr.         :         1         2
 Compound             : NRKYWOKHZ USFRYJRPH
 Mole Fraction        :    1.0000    0.0000

 Compound: 1  (NRKYWOKHZRQRJR-UHFFFAOYSA-N)
 Chemical potential of the compound in the mixture :        -0.25211 kcal/mol
 Log10(partial pressure [mbar])                    :         1.59129
 Free energy of molecule in mix (E_COSMO+dE+Mu)    :   -318247.05177 kcal/mol
 Total mean interaction energy in the mix (H_int)  :        -3.49273 kcal/mol
 Misfit interaction energy in the mix (H_MF)       :         2.27003 kcal/mol
 H-Bond interaction energy in the mix (H_HB)       :        -1.60712 kcal/mol
 VdW interaction energy in the mix (H_vdW)         :        -4.15563 kcal/mol

 Compound: 2  (USFRYJRPHFMVBZ-UHFFFAOYSA-M)
 Chemical potential of the compound in the mixture :        -5.78908 kcal/mol
 Log10(partial pressure [mbar])                    :       -16.98485
 Free energy of molecule in mix (E_COSMO+dE+Mu)    :  -1109366.69973 kcal/mol
 Total mean interaction energy in the mix (H_int)  :       -17.30708 kcal/mol
 Misfit interaction energy in the mix (H_MF)       :         5.89195 kcal/mol
 H-Bond interaction energy in the mix (H_HB)       :        -8.03699 kcal/mol
 VdW interaction energy in the mix (H_vdW)         :       -15.16204 kcal/mol



 Compound: 1 Conformer: 1 (NRKYWOKHZRQRJR-UHFFFAOYSA-N)
 Chemical potential of the molecule in the mixture :        -0.25211 kcal/mol
 Log10(partial pressure [mbar])                    :         1.59129
 Free energy of molecule in mix (E_COSMO+dE+Mu)    :   -318247.05177 kcal/mol
 Total mean interaction energy in the mix          :        -3.49273 kcal/mol
 Misfit interaction energy in the mix              :         2.27003 kcal/mol
 H-Bond interaction energy in the mix              :        -1.60712 kcal/mol
 VdW interaction energy in the mix                 :        -4.15563 kcal/mol
 Normalized weight factor of molecule in compound  :         1.00000
 Normalized weight factor of molecule in gas phase :         1.00000

 Compound: 2 Conformer: 1 (USFRYJRPHFMVBZ-UHFFFAOYSA-M)
 Chemical potential of the molecule in the mixture :        -5.78908 kcal/mol
 Log10(partial pressure [mbar])                    :       -16.98485
 Free energy of molecule in mix (E_COSMO+dE+Mu)    :  -1109366.69973 kcal/mol
 Total mean interaction energy in the mix          :       -17.30708 kcal/mol
 Misfit interaction energy in the mix              :         5.89195 kcal/mol
 H-Bond interaction energy in the mix              :        -8.03699 kcal/mol
 VdW interaction energy in the mix                 :       -15.16204 kcal/mol
 Normalized weight factor of molecule in compound  :         1.00000
 Normalized weight factor of molecule in gas phase :         1.00000



 Note: Compound properties are tabulated in /home/comp5/Nastya/mu_CA_update/NRKYWOKHZRQRJR-UHFFFAOYSA-N_USFRYJRPHFMVBZ-UHFFFAOYSA-M.tab
----------------
 END job       1
----------------
----------------
 START job     2
----------------


 Results for mixture 2
 ---------------------
 Temperature          :    603.150 K
 Compound Nr.         :         1         2
 Compound             : NRKYWOKHZ USFRYJRPH
 Mole Fraction        :    0.0000    1.0000

 Compound: 1  (NRKYWOKHZRQRJR-UHFFFAOYSA-N)
 Chemical potential of the compound in the mixture :         0.09691 kcal/mol
 Log10(partial pressure [mbar])                    :         3.97187
 Free energy of molecule in mix (E_COSMO+dE+Mu)    :   -318246.70274 kcal/mol
 Total mean interaction energy in the mix (H_int)  :        -0.68071 kcal/mol
 Misfit interaction energy in the mix (H_MF)       :         3.10851 kcal/mol
 H-Bond interaction energy in the mix (H_HB)       :        -0.43270 kcal/mol
 VdW interaction energy in the mix (H_vdW)         :        -3.35653 kcal/mol

 Compound: 2  (USFRYJRPHFMVBZ-UHFFFAOYSA-M)
 Chemical potential of the compound in the mixture :         3.35881 kcal/mol
 Log10(partial pressure [mbar])                    :        -3.55784
 Free energy of molecule in mix (E_COSMO+dE+Mu)    :  -1109357.55184 kcal/mol
 Total mean interaction energy in the mix (H_int)  :        -2.61981 kcal/mol
 Misfit interaction energy in the mix (H_MF)       :        11.62126 kcal/mol
 H-Bond interaction energy in the mix (H_HB)       :        -0.14014 kcal/mol
 VdW interaction energy in the mix (H_vdW)         :       -14.10093 kcal/mol



 Compound: 1 Conformer: 1 (NRKYWOKHZRQRJR-UHFFFAOYSA-N)
 Chemical potential of the molecule in the mixture :         0.09691 kcal/mol
 Log10(partial pressure [mbar])                    :         3.97187
 Free energy of molecule in mix (E_COSMO+dE+Mu)    :   -318246.70274 kcal/mol
 Total mean interaction energy in the mix          :        -0.68071 kcal/mol
 Misfit interaction energy in the mix              :         3.10851 kcal/mol
 H-Bond interaction energy in the mix              :        -0.43270 kcal/mol
 VdW interaction energy in the mix                 :        -3.35653 kcal/mol
 Normalized weight factor of molecule in compound  :         1.00000
 Normalized weight factor of molecule in gas phase :         1.00000

 Compound: 2 Conformer: 1 (USFRYJRPHFMVBZ-UHFFFAOYSA-M)
 Chemical potential of the molecule in the mixture :         3.35881 kcal/mol
 Log10(partial pressure [mbar])                    :        -3.55784
 Free energy of molecule in mix (E_COSMO+dE+Mu)    :  -1109357.55184 kcal/mol
 Total mean interaction energy in the mix          :        -2.61981 kcal/mol
 Misfit interaction energy in the mix              :        11.62126 kcal/mol
 H-Bond interaction energy in the mix              :        -0.14014 kcal/mol
 VdW interaction energy in the mix                 :       -14.10093 kcal/mol
 Normalized weight factor of molecule in compound  :         1.00000
 Normalized weight factor of molecule in gas phase :         1.00000



 Note: Compound properties are tabulated in /home/comp5/Nastya/mu_CA_update/NRKYWOKHZRQRJR-UHFFFAOYSA-N_USFRYJRPHFMVBZ-UHFFFAOYSA-M.tab
----------------
 END job       2
----------------
