 -----------------------------------------------------------
 BIOVIA COSMOtherm Version 2019 (build: 19.0.5 [65f0de1d5f])
 -----------------------------------------------------------

 Copyright (C) 1999-2019, Dassault Systemes BIOVIA corp, all rights reserved

 Job name   : !! generated by COSMOthermX !!
 Job date   : 08/03/2022
 Job time   : 16:10:36
 Hostname   : unknown
 OS type    : unknown
 Executable : Linux 64-bit

 Reading COSMOtherm parameter file BP_TZVP_C30_1701.ctd from directory /home/comp5/Nastya/COSMOlogic/COSMOthermX19/COSMOtherm/CTDATA-FILES/OLDPARAM/
 Info: # COSMOtherm parameter file ./BP_TZVP_C30_1701.ctd for BP-TZVP optimized COSMO files                                                                  

 Reading COSMOtherm license key license.txt from directory /home/comp5/Nastya/COSMOlogic/COSMOthermX19/licensefiles/

 COSMOtherm license key expiration date 04/26/2025
 COSMOtherm license key version 21
 Customer : 200000000032966
 ID       : LKO1978637

 License keys:
  product                   |    licensed version    | status
 ------------------------------------------------------------------------------ 
  COSMOtherm                |          21            | active
  TURBOMOLE                 |          21            | active
 ------------------------------------------------------------------------------ 
 
 Reading vapor pressure and property information for compound 1 from file /home/comp5/Nastya/cosmo/PEDCQBHIVMGVHV-UHFFFAOYSA-N.vap
 Reading COSMO information for compound 1 conformer 1 from file /home/comp5/Nastya/cosmo/PEDCQBHIVMGVHV-UHFFFAOYSA-N.cosmo
 Note: Gas phase energy file could not be found for compound 1 conformer 1
 Note: converting Gaussian COSMO-file information of compound 1 conformer 1
 
 Reading vapor pressure and property information for compound 2 from file /home/comp5/Nastya/cosmo/KWIUHFFTVRNATP-UHFFFAOYSA-N.vap
 Reading COSMO information for compound 2 conformer 1 from file /home/comp5/Nastya/cosmo/KWIUHFFTVRNATP-UHFFFAOYSA-N.cosmo
 Note: Gas phase energy file could not be found for compound 2 conformer 1
 Note: converting Gaussian COSMO-file information of compound 2 conformer 1


 --- Compound 1 (PEDCQBHIVMGVHV-UHFFFAOYSA-N) ---

 Compound Information for compound 1 conformer 1 (COSMO file /home/comp5/Nastya/cosmo/PEDCQBHIVMGVHV-UHFFFAOYSA-N.cosmo)
 Atomic weights         : 11111111111111
 E_COSMO+dE             :    -216450.8175 kcal/mol
 E_gas                  :    -216438.7312 kcal/mol
 E_COSMO-E_gas+dE       :        -12.0862 kcal/mol
 E_diel                 :        -17.1657 kcal/mol
 Averaging corr dE      :          0.8777 kcal/mol
 Area                   :        126.6265 A^2
 Volume                 :        113.4743 A^3
 Molecular Weight       :         92.0942 a.m.u.
 Total COSMO charge     :         -0.0004 a.u.
 Dipole moment (t,x,y,z):          5.2353  1.707453 -4.401773  2.262224 Debye                            
 Sigma moments (1-6)    :          0.0000  1.18E+02  4.06E+01  2.45E+02  1.29E+02  6.19E+02              
 H-bond moment (accept) :          8.4909
 H-bond moment (donor)  :          4.1451
 
 WARNING: QM computation level of compound 1 conformer 1 could not be determined - it may differ from the QM level of the parameter set.
 No gas phase energy for compound 1 conformer 1 specified, thus it will be estimated


 --- Compound 2 (KWIUHFFTVRNATP-UHFFFAOYSA-N) ---

 Compound Information for compound 2 conformer 1 (COSMO file /home/comp5/Nastya/cosmo/KWIUHFFTVRNATP-UHFFFAOYSA-N.cosmo)
 Atomic weights         : 1111111111111111111
 E_COSMO+dE             :    -252580.8433 kcal/mol
 E_gas                  :    -252553.4740 kcal/mol
 E_COSMO-E_gas+dE       :        -27.3693 kcal/mol
 E_diel                 :        -40.1242 kcal/mol
 Averaging corr dE      :          0.7176 kcal/mol
 Area                   :        154.0612 A^2
 Volume                 :        155.3798 A^3
 Molecular Weight       :        117.1469 a.m.u.
 Total COSMO charge     :          0.0039 a.u.
 Dipole moment (t,x,y,z):         15.1887  1.51E+01 -1.715292  0.002027 Debye                            
 Sigma moments (1-6)    :          0.0000  1.69E+02  1.64E+02  4.27E+02  6.97E+02  1.45E+03              
 H-bond moment (accept) :         19.6211
 H-bond moment (donor)  :          0.1747
 
 WARNING: QM computation level of compound 2 conformer 1 could not be determined - it may differ from the QM level of the parameter set.
 No gas phase energy for compound 2 conformer 1 specified, thus it will be estimated


 Total number of processed compounds:    2


----------------
 START job     1
----------------


 Results for mixture 1
 ---------------------
 Temperature          :    291.220 K
 Compound Nr.         :         1         2
 Compound             : PEDCQBHIV KWIUHFFTV
 Mole Fraction        :    1.0000    0.0000

 Compound: 1  (PEDCQBHIVMGVHV-UHFFFAOYSA-N)
 Chemical potential of the compound in the mixture :        -3.37513 kcal/mol
 Log10(partial pressure [mbar])                    :        -4.01331
 Free energy of molecule in mix (E_COSMO+dE+Mu)    :   -216454.19259 kcal/mol
 Total mean interaction energy in the mix (H_int)  :       -14.24965 kcal/mol
 Misfit interaction energy in the mix (H_MF)       :         2.13114 kcal/mol
 H-Bond interaction energy in the mix (H_HB)       :       -11.18652 kcal/mol
 VdW interaction energy in the mix (H_vdW)         :        -5.19427 kcal/mol

 Compound: 2  (KWIUHFFTVRNATP-UHFFFAOYSA-N)
 Chemical potential of the compound in the mixture :        -1.16274 kcal/mol
 Log10(partial pressure [mbar])                    :       -13.82218
 Free energy of molecule in mix (E_COSMO+dE+Mu)    :   -252582.00602 kcal/mol
 Total mean interaction energy in the mix (H_int)  :       -19.50093 kcal/mol
 Misfit interaction energy in the mix (H_MF)       :         3.39663 kcal/mol
 H-Bond interaction energy in the mix (H_HB)       :       -16.35307 kcal/mol
 VdW interaction energy in the mix (H_vdW)         :        -6.54450 kcal/mol



 Compound: 1 Conformer: 1 (PEDCQBHIVMGVHV-UHFFFAOYSA-N)
 Chemical potential of the molecule in the mixture :        -3.37513 kcal/mol
 Log10(partial pressure [mbar])                    :        -4.01331
 Free energy of molecule in mix (E_COSMO+dE+Mu)    :   -216454.19259 kcal/mol
 Total mean interaction energy in the mix          :       -14.24965 kcal/mol
 Misfit interaction energy in the mix              :         2.13114 kcal/mol
 H-Bond interaction energy in the mix              :       -11.18652 kcal/mol
 VdW interaction energy in the mix                 :        -5.19427 kcal/mol
 Normalized weight factor of molecule in compound  :         1.00000
 Normalized weight factor of molecule in gas phase :         1.00000

 Compound: 2 Conformer: 1 (KWIUHFFTVRNATP-UHFFFAOYSA-N)
 Chemical potential of the molecule in the mixture :        -1.16274 kcal/mol
 Log10(partial pressure [mbar])                    :       -13.82218
 Free energy of molecule in mix (E_COSMO+dE+Mu)    :   -252582.00602 kcal/mol
 Total mean interaction energy in the mix          :       -19.50093 kcal/mol
 Misfit interaction energy in the mix              :         3.39663 kcal/mol
 H-Bond interaction energy in the mix              :       -16.35307 kcal/mol
 VdW interaction energy in the mix                 :        -6.54450 kcal/mol
 Normalized weight factor of molecule in compound  :         1.00000
 Normalized weight factor of molecule in gas phase :         1.00000



 Note: Compound properties are tabulated in /home/comp5/Nastya/mu_CA_update/PEDCQBHIVMGVHV-UHFFFAOYSA-N_KWIUHFFTVRNATP-UHFFFAOYSA-N.tab
----------------
 END job       1
----------------
----------------
 START job     2
----------------


 Results for mixture 2
 ---------------------
 Temperature          :    514.150 K
 Compound Nr.         :         1         2
 Compound             : PEDCQBHIV KWIUHFFTV
 Mole Fraction        :    0.0000    1.0000

 Compound: 1  (PEDCQBHIVMGVHV-UHFFFAOYSA-N)
 Chemical potential of the compound in the mixture :         0.33930 kcal/mol
 Log10(partial pressure [mbar])                    :         2.30603
 Free energy of molecule in mix (E_COSMO+dE+Mu)    :   -216450.47816 kcal/mol
 Total mean interaction energy in the mix (H_int)  :        -1.72163 kcal/mol
 Misfit interaction energy in the mix (H_MF)       :         5.21540 kcal/mol
 H-Bond interaction energy in the mix (H_HB)       :        -2.41771 kcal/mol
 VdW interaction energy in the mix (H_vdW)         :        -4.51932 kcal/mol

 Compound: 2  (KWIUHFFTVRNATP-UHFFFAOYSA-N)
 Chemical potential of the compound in the mixture :         6.29354 kcal/mol
 Log10(partial pressure [mbar])                    :        -1.65929
 Free energy of molecule in mix (E_COSMO+dE+Mu)    :   -252574.54973 kcal/mol
 Total mean interaction energy in the mix (H_int)  :         2.49216 kcal/mol
 Misfit interaction energy in the mix (H_MF)       :         9.01748 kcal/mol
 H-Bond interaction energy in the mix (H_HB)       :        -0.86390 kcal/mol
 VdW interaction energy in the mix (H_vdW)         :        -5.66142 kcal/mol



 Compound: 1 Conformer: 1 (PEDCQBHIVMGVHV-UHFFFAOYSA-N)
 Chemical potential of the molecule in the mixture :         0.33930 kcal/mol
 Log10(partial pressure [mbar])                    :         2.30603
 Free energy of molecule in mix (E_COSMO+dE+Mu)    :   -216450.47816 kcal/mol
 Total mean interaction energy in the mix          :        -1.72163 kcal/mol
 Misfit interaction energy in the mix              :         5.21540 kcal/mol
 H-Bond interaction energy in the mix              :        -2.41771 kcal/mol
 VdW interaction energy in the mix                 :        -4.51932 kcal/mol
 Normalized weight factor of molecule in compound  :         1.00000
 Normalized weight factor of molecule in gas phase :         1.00000

 Compound: 2 Conformer: 1 (KWIUHFFTVRNATP-UHFFFAOYSA-N)
 Chemical potential of the molecule in the mixture :         6.29354 kcal/mol
 Log10(partial pressure [mbar])                    :        -1.65929
 Free energy of molecule in mix (E_COSMO+dE+Mu)    :   -252574.54973 kcal/mol
 Total mean interaction energy in the mix          :         2.49216 kcal/mol
 Misfit interaction energy in the mix              :         9.01748 kcal/mol
 H-Bond interaction energy in the mix              :        -0.86390 kcal/mol
 VdW interaction energy in the mix                 :        -5.66142 kcal/mol
 Normalized weight factor of molecule in compound  :         1.00000
 Normalized weight factor of molecule in gas phase :         1.00000



 Note: Compound properties are tabulated in /home/comp5/Nastya/mu_CA_update/PEDCQBHIVMGVHV-UHFFFAOYSA-N_KWIUHFFTVRNATP-UHFFFAOYSA-N.tab
----------------
 END job       2
----------------
