 -----------------------------------------------------------
 BIOVIA COSMOtherm Version 2019 (build: 19.0.5 [65f0de1d5f])
 -----------------------------------------------------------

 Copyright (C) 1999-2019, Dassault Systemes BIOVIA corp, all rights reserved

 Job name   : !! generated by COSMOthermX !!
 Job date   : 08/03/2022
 Job time   : 16:10:36
 Hostname   : unknown
 OS type    : unknown
 Executable : Linux 64-bit

 Reading COSMOtherm parameter file BP_TZVP_C30_1701.ctd from directory /home/comp5/Nastya/COSMOlogic/COSMOthermX19/COSMOtherm/CTDATA-FILES/OLDPARAM/
 Info: # COSMOtherm parameter file ./BP_TZVP_C30_1701.ctd for BP-TZVP optimized COSMO files                                                                  

 Reading COSMOtherm license key license.txt from directory /home/comp5/Nastya/COSMOlogic/COSMOthermX19/licensefiles/

 COSMOtherm license key expiration date 04/26/2025
 COSMOtherm license key version 21
 Customer : 200000000032966
 ID       : LKO1978637

 License keys:
  product                   |    licensed version    | status
 ------------------------------------------------------------------------------ 
  COSMOtherm                |          21            | active
  TURBOMOLE                 |          21            | active
 ------------------------------------------------------------------------------ 
 
 Reading vapor pressure and property information for compound 1 from file /home/comp5/Nastya/cosmo/PEDCQBHIVMGVHV-UHFFFAOYSA-N.vap
 Reading COSMO information for compound 1 conformer 1 from file /home/comp5/Nastya/cosmo/PEDCQBHIVMGVHV-UHFFFAOYSA-N.cosmo
 Note: Gas phase energy file could not be found for compound 1 conformer 1
 Note: converting Gaussian COSMO-file information of compound 1 conformer 1
 
 Note: Vapor pressure / property file could not be found for compound 2
 Reading COSMO information for compound 2 conformer 1 from file /home/comp5/Nastya/cosmo/USFRYJRPHFMVBZ-UHFFFAOYSA-M.cosmo
 Note: Gas phase energy file could not be found for compound 2 conformer 1
 Note: converting Gaussian COSMO-file information of compound 2 conformer 1


 --- Compound 1 (PEDCQBHIVMGVHV-UHFFFAOYSA-N) ---

 Compound Information for compound 1 conformer 1 (COSMO file /home/comp5/Nastya/cosmo/PEDCQBHIVMGVHV-UHFFFAOYSA-N.cosmo)
 Atomic weights         : 11111111111111
 E_COSMO+dE             :    -216450.8175 kcal/mol
 E_gas                  :    -216438.7312 kcal/mol
 E_COSMO-E_gas+dE       :        -12.0862 kcal/mol
 E_diel                 :        -17.1657 kcal/mol
 Averaging corr dE      :          0.8777 kcal/mol
 Area                   :        126.6265 A^2
 Volume                 :        113.4743 A^3
 Molecular Weight       :         92.0942 a.m.u.
 Total COSMO charge     :         -0.0004 a.u.
 Dipole moment (t,x,y,z):          5.2353  1.707453 -4.401773  2.262224 Debye                            
 Sigma moments (1-6)    :          0.0000  1.18E+02  4.06E+01  2.45E+02  1.29E+02  6.19E+02              
 H-bond moment (accept) :          8.4909
 H-bond moment (donor)  :          4.1451
 
 WARNING: QM computation level of compound 1 conformer 1 could not be determined - it may differ from the QM level of the parameter set.
 No gas phase energy for compound 1 conformer 1 specified, thus it will be estimated


 --- Compound 2 (USFRYJRPHFMVBZ-UHFFFAOYSA-M) ---

 Compound Information for compound 2 conformer 1 (COSMO file /home/comp5/Nastya/cosmo/USFRYJRPHFMVBZ-UHFFFAOYSA-M.cosmo)
 Atomic weights         : 1111111111111111111111111111111111111111111111111
 E_COSMO+dE             :   -1109360.9106 kcal/mol
 E_gas                  :   -1109332.2767 kcal/mol
 E_COSMO-E_gas+dE       :        -28.6339 kcal/mol
 E_diel                 :        -42.2770 kcal/mol
 Averaging corr dE      :          0.9600 kcal/mol
 Area                   :        376.9414 A^2
 Volume                 :        486.3940 A^3
 Molecular Weight       :        388.8713 a.m.u.
 Total COSMO charge     :          0.0027 a.u.
 Dipole moment (t,x,y,z):         20.0557 -1.436301  1.87E+01  7.226439 Debye                            
 Sigma moments (1-6)    :          0.0000  1.87E+02  1.51E+02  3.86E+02  6.13E+02  1.26E+03              
 H-bond moment (accept) :         18.3549
 H-bond moment (donor)  :          0.1409
 
 WARNING: QM computation level of compound 2 conformer 1 could not be determined - it may differ from the QM level of the parameter set.
 No gas phase energy for compound 2 conformer 1 specified, thus it will be estimated


 Total number of processed compounds:    2


----------------
 START job     1
----------------


 Results for mixture 1
 ---------------------
 Temperature          :    291.220 K
 Compound Nr.         :         1         2
 Compound             : PEDCQBHIV USFRYJRPH
 Mole Fraction        :    1.0000    0.0000

 Compound: 1  (PEDCQBHIVMGVHV-UHFFFAOYSA-N)
 Chemical potential of the compound in the mixture :        -3.37513 kcal/mol
 Log10(partial pressure [mbar])                    :        -4.01331
 Free energy of molecule in mix (E_COSMO+dE+Mu)    :   -216454.19259 kcal/mol
 Total mean interaction energy in the mix (H_int)  :       -14.24965 kcal/mol
 Misfit interaction energy in the mix (H_MF)       :         2.13114 kcal/mol
 H-Bond interaction energy in the mix (H_HB)       :       -11.18652 kcal/mol
 VdW interaction energy in the mix (H_vdW)         :        -5.19427 kcal/mol

 Compound: 2  (USFRYJRPHFMVBZ-UHFFFAOYSA-M)
 Chemical potential of the compound in the mixture :        -4.65956 kcal/mol
 Log10(partial pressure [mbar])                    :       -20.79796
 Free energy of molecule in mix (E_COSMO+dE+Mu)    :  -1109365.57021 kcal/mol
 Total mean interaction energy in the mix (H_int)  :       -25.13352 kcal/mol
 Misfit interaction energy in the mix (H_MF)       :         6.81314 kcal/mol
 H-Bond interaction energy in the mix (H_HB)       :       -14.41028 kcal/mol
 VdW interaction energy in the mix (H_vdW)         :       -17.53638 kcal/mol



 Compound: 1 Conformer: 1 (PEDCQBHIVMGVHV-UHFFFAOYSA-N)
 Chemical potential of the molecule in the mixture :        -3.37513 kcal/mol
 Log10(partial pressure [mbar])                    :        -4.01331
 Free energy of molecule in mix (E_COSMO+dE+Mu)    :   -216454.19259 kcal/mol
 Total mean interaction energy in the mix          :       -14.24965 kcal/mol
 Misfit interaction energy in the mix              :         2.13114 kcal/mol
 H-Bond interaction energy in the mix              :       -11.18652 kcal/mol
 VdW interaction energy in the mix                 :        -5.19427 kcal/mol
 Normalized weight factor of molecule in compound  :         1.00000
 Normalized weight factor of molecule in gas phase :         1.00000

 Compound: 2 Conformer: 1 (USFRYJRPHFMVBZ-UHFFFAOYSA-M)
 Chemical potential of the molecule in the mixture :        -4.65956 kcal/mol
 Log10(partial pressure [mbar])                    :       -20.79796
 Free energy of molecule in mix (E_COSMO+dE+Mu)    :  -1109365.57021 kcal/mol
 Total mean interaction energy in the mix          :       -25.13352 kcal/mol
 Misfit interaction energy in the mix              :         6.81314 kcal/mol
 H-Bond interaction energy in the mix              :       -14.41028 kcal/mol
 VdW interaction energy in the mix                 :       -17.53638 kcal/mol
 Normalized weight factor of molecule in compound  :         1.00000
 Normalized weight factor of molecule in gas phase :         1.00000



 Note: Compound properties are tabulated in /home/comp5/Nastya/mu_CA_update/PEDCQBHIVMGVHV-UHFFFAOYSA-N_USFRYJRPHFMVBZ-UHFFFAOYSA-M.tab
----------------
 END job       1
----------------
----------------
 START job     2
----------------


 Results for mixture 2
 ---------------------
 Temperature          :    603.150 K
 Compound Nr.         :         1         2
 Compound             : PEDCQBHIV USFRYJRPH
 Mole Fraction        :    0.0000    1.0000

 Compound: 1  (PEDCQBHIVMGVHV-UHFFFAOYSA-N)
 Chemical potential of the compound in the mixture :         1.66943 kcal/mol
 Log10(partial pressure [mbar])                    :         3.46880
 Free energy of molecule in mix (E_COSMO+dE+Mu)    :   -216449.14802 kcal/mol
 Total mean interaction energy in the mix (H_int)  :        -0.44619 kcal/mol
 Misfit interaction energy in the mix (H_MF)       :         4.50657 kcal/mol
 H-Bond interaction energy in the mix (H_HB)       :        -0.78685 kcal/mol
 VdW interaction energy in the mix (H_vdW)         :        -4.16591 kcal/mol

 Compound: 2  (USFRYJRPHFMVBZ-UHFFFAOYSA-M)
 Chemical potential of the compound in the mixture :         3.35881 kcal/mol
 Log10(partial pressure [mbar])                    :        -3.55784
 Free energy of molecule in mix (E_COSMO+dE+Mu)    :  -1109357.55184 kcal/mol
 Total mean interaction energy in the mix (H_int)  :        -2.61981 kcal/mol
 Misfit interaction energy in the mix (H_MF)       :        11.62126 kcal/mol
 H-Bond interaction energy in the mix (H_HB)       :        -0.14014 kcal/mol
 VdW interaction energy in the mix (H_vdW)         :       -14.10093 kcal/mol



 Compound: 1 Conformer: 1 (PEDCQBHIVMGVHV-UHFFFAOYSA-N)
 Chemical potential of the molecule in the mixture :         1.66943 kcal/mol
 Log10(partial pressure [mbar])                    :         3.46880
 Free energy of molecule in mix (E_COSMO+dE+Mu)    :   -216449.14802 kcal/mol
 Total mean interaction energy in the mix          :        -0.44619 kcal/mol
 Misfit interaction energy in the mix              :         4.50657 kcal/mol
 H-Bond interaction energy in the mix              :        -0.78685 kcal/mol
 VdW interaction energy in the mix                 :        -4.16591 kcal/mol
 Normalized weight factor of molecule in compound  :         1.00000
 Normalized weight factor of molecule in gas phase :         1.00000

 Compound: 2 Conformer: 1 (USFRYJRPHFMVBZ-UHFFFAOYSA-M)
 Chemical potential of the molecule in the mixture :         3.35881 kcal/mol
 Log10(partial pressure [mbar])                    :        -3.55784
 Free energy of molecule in mix (E_COSMO+dE+Mu)    :  -1109357.55184 kcal/mol
 Total mean interaction energy in the mix          :        -2.61981 kcal/mol
 Misfit interaction energy in the mix              :        11.62126 kcal/mol
 H-Bond interaction energy in the mix              :        -0.14014 kcal/mol
 VdW interaction energy in the mix                 :       -14.10093 kcal/mol
 Normalized weight factor of molecule in compound  :         1.00000
 Normalized weight factor of molecule in gas phase :         1.00000



 Note: Compound properties are tabulated in /home/comp5/Nastya/mu_CA_update/PEDCQBHIVMGVHV-UHFFFAOYSA-N_USFRYJRPHFMVBZ-UHFFFAOYSA-M.tab
----------------
 END job       2
----------------
