 -----------------------------------------------------------
 BIOVIA COSMOtherm Version 2019 (build: 19.0.5 [65f0de1d5f])
 -----------------------------------------------------------

 Copyright (C) 1999-2019, Dassault Systemes BIOVIA corp, all rights reserved

 Job name   : !! generated by COSMOthermX !!
 Job date   : 08/03/2022
 Job time   : 16:10:53
 Hostname   : unknown
 OS type    : unknown
 Executable : Linux 64-bit

 Reading COSMOtherm parameter file BP_TZVP_C30_1701.ctd from directory /home/comp5/Nastya/COSMOlogic/COSMOthermX19/COSMOtherm/CTDATA-FILES/OLDPARAM/
 Info: # COSMOtherm parameter file ./BP_TZVP_C30_1701.ctd for BP-TZVP optimized COSMO files                                                                  

 Reading COSMOtherm license key license.txt from directory /home/comp5/Nastya/COSMOlogic/COSMOthermX19/licensefiles/

 COSMOtherm license key expiration date 04/26/2025
 COSMOtherm license key version 21
 Customer : 200000000032966
 ID       : LKO1978637

 License keys:
  product                   |    licensed version    | status
 ------------------------------------------------------------------------------ 
  COSMOtherm                |          21            | active
  TURBOMOLE                 |          21            | active
 ------------------------------------------------------------------------------ 
 
 Note: Vapor pressure / property file could not be found for compound 1
 Reading COSMO information for compound 1 conformer 1 from file /home/comp5/Nastya/cosmo/POULHZVOKOAJMA-UHFFFAOYSA-N.cosmo
 Note: Gas phase energy file could not be found for compound 1 conformer 1
 Note: converting Gaussian COSMO-file information of compound 1 conformer 1
 
 Note: Vapor pressure / property file could not be found for compound 2
 Reading COSMO information for compound 2 conformer 1 from file /home/comp5/Nastya/cosmo/MGSRCZKZVOBKFT-UHFFFAOYSA-N.cosmo
 Note: Gas phase energy file could not be found for compound 2 conformer 1
 Note: converting Gaussian COSMO-file information of compound 2 conformer 1


 --- Compound 1 (POULHZVOKOAJMA-UHFFFAOYSA-N) ---

 Compound Information for compound 1 conformer 1 (COSMO file /home/comp5/Nastya/cosmo/POULHZVOKOAJMA-UHFFFAOYSA-N.cosmo)
 Atomic weights         : 11111111111111111111111111111111111111
 E_COSMO+dE             :    -390580.7254 kcal/mol
 E_gas                  :    -390574.0746 kcal/mol
 E_COSMO-E_gas+dE       :         -6.6509 kcal/mol
 E_diel                 :         -8.8835 kcal/mol
 Averaging corr dE      :          0.5805 kcal/mol
 Area                   :        290.8402 A^2
 Volume                 :        293.8848 A^3
 Molecular Weight       :        200.3189 a.m.u.
 Total COSMO charge     :         -0.0054 a.u.
 Dipole moment (t,x,y,z):          2.7845 -1.969186  0.295376 -1.946373 Debye                            
 Sigma moments (1-6)    :          0.0000  6.83E+01  4.984125  1.11E+02 -3.31E+01  2.64E+02              
 H-bond moment (accept) :          1.9325
 H-bond moment (donor)  :          3.0371
 
 WARNING: QM computation level of compound 1 conformer 1 could not be determined - it may differ from the QM level of the parameter set.
 No gas phase energy for compound 1 conformer 1 specified, thus it will be estimated


 --- Compound 2 (MGSRCZKZVOBKFT-UHFFFAOYSA-N) ---

 Compound Information for compound 2 conformer 1 (COSMO file /home/comp5/Nastya/cosmo/MGSRCZKZVOBKFT-UHFFFAOYSA-N.cosmo)
 Atomic weights         : 1111111111111111111111111
 E_COSMO+dE             :    -291719.1309 kcal/mol
 E_gas                  :    -291713.3117 kcal/mol
 E_COSMO-E_gas+dE       :         -5.8192 kcal/mol
 E_diel                 :         -7.6961 kcal/mol
 Averaging corr dE      :          0.5105 kcal/mol
 Area                   :        201.8830 A^2
 Volume                 :        208.9508 A^3
 Molecular Weight       :        150.2185 a.m.u.
 Total COSMO charge     :         -0.0033 a.u.
 Dipole moment (t,x,y,z):          1.8596  1.664018  0.828380  0.055557 Debye                            
 Sigma moments (1-6)    :          0.0000  5.76E+01 -1.68E+01  7.54E+01 -6.93E+01  1.75E+02              
 H-bond moment (accept) :          0.3685
 H-bond moment (donor)  :          2.7955
 
 WARNING: QM computation level of compound 2 conformer 1 could not be determined - it may differ from the QM level of the parameter set.
 No gas phase energy for compound 2 conformer 1 specified, thus it will be estimated


 Total number of processed compounds:    2


----------------
 START job     1
----------------


 Results for mixture 1
 ---------------------
 Temperature          :    317.500 K
 Compound Nr.         :         1         2
 Compound             : POULHZVOK MGSRCZKZV
 Mole Fraction        :    1.0000    0.0000

 Compound: 1  (POULHZVOKOAJMA-UHFFFAOYSA-N)
 Chemical potential of the compound in the mixture :        -6.87543 kcal/mol
 Log10(partial pressure [mbar])                    :        -1.77641
 Free energy of molecule in mix (E_COSMO+dE+Mu)    :   -390587.60088 kcal/mol
 Total mean interaction energy in the mix (H_int)  :       -14.31811 kcal/mol
 Misfit interaction energy in the mix (H_MF)       :         2.51816 kcal/mol
 H-Bond interaction energy in the mix (H_HB)       :        -3.12838 kcal/mol
 VdW interaction energy in the mix (H_vdW)         :       -13.70789 kcal/mol

 Compound: 2  (MGSRCZKZVOBKFT-UHFFFAOYSA-N)
 Chemical potential of the compound in the mixture :        -4.64696 kcal/mol
 Log10(partial pressure [mbar])                    :        -0.45024
 Free energy of molecule in mix (E_COSMO+dE+Mu)    :   -291723.77784 kcal/mol
 Total mean interaction energy in the mix (H_int)  :        -9.08333 kcal/mol
 Misfit interaction energy in the mix (H_MF)       :         2.05847 kcal/mol
 H-Bond interaction energy in the mix (H_HB)       :        -1.63885 kcal/mol
 VdW interaction energy in the mix (H_vdW)         :        -9.50295 kcal/mol



 Compound: 1 Conformer: 1 (POULHZVOKOAJMA-UHFFFAOYSA-N)
 Chemical potential of the molecule in the mixture :        -6.87543 kcal/mol
 Log10(partial pressure [mbar])                    :        -1.77641
 Free energy of molecule in mix (E_COSMO+dE+Mu)    :   -390587.60088 kcal/mol
 Total mean interaction energy in the mix          :       -14.31811 kcal/mol
 Misfit interaction energy in the mix              :         2.51816 kcal/mol
 H-Bond interaction energy in the mix              :        -3.12838 kcal/mol
 VdW interaction energy in the mix                 :       -13.70789 kcal/mol
 Normalized weight factor of molecule in compound  :         1.00000
 Normalized weight factor of molecule in gas phase :         1.00000

 Compound: 2 Conformer: 1 (MGSRCZKZVOBKFT-UHFFFAOYSA-N)
 Chemical potential of the molecule in the mixture :        -4.64696 kcal/mol
 Log10(partial pressure [mbar])                    :        -0.45024
 Free energy of molecule in mix (E_COSMO+dE+Mu)    :   -291723.77784 kcal/mol
 Total mean interaction energy in the mix          :        -9.08333 kcal/mol
 Misfit interaction energy in the mix              :         2.05847 kcal/mol
 H-Bond interaction energy in the mix              :        -1.63885 kcal/mol
 VdW interaction energy in the mix                 :        -9.50295 kcal/mol
 Normalized weight factor of molecule in compound  :         1.00000
 Normalized weight factor of molecule in gas phase :         1.00000



 Note: Compound properties are tabulated in /home/comp5/Nastya/mu_CA_update/POULHZVOKOAJMA-UHFFFAOYSA-N_MGSRCZKZVOBKFT-UHFFFAOYSA-N.tab
----------------
 END job       1
----------------
----------------
 START job     2
----------------


 Results for mixture 2
 ---------------------
 Temperature          :    323.500 K
 Compound Nr.         :         1         2
 Compound             : POULHZVOK MGSRCZKZV
 Mole Fraction        :    0.0000    1.0000

 Compound: 1  (POULHZVOKOAJMA-UHFFFAOYSA-N)
 Chemical potential of the compound in the mixture :        -7.08484 kcal/mol
 Log10(partial pressure [mbar])                    :        -1.75658
 Free energy of molecule in mix (E_COSMO+dE+Mu)    :   -390587.81028 kcal/mol
 Total mean interaction energy in the mix (H_int)  :       -13.71642 kcal/mol
 Misfit interaction energy in the mix (H_MF)       :         3.10853 kcal/mol
 H-Bond interaction energy in the mix (H_HB)       :        -3.12349 kcal/mol
 VdW interaction energy in the mix (H_vdW)         :       -13.70146 kcal/mol

 Compound: 2  (MGSRCZKZVOBKFT-UHFFFAOYSA-N)
 Chemical potential of the compound in the mixture :        -4.29055 kcal/mol
 Log10(partial pressure [mbar])                    :        -0.07277
 Free energy of molecule in mix (E_COSMO+dE+Mu)    :   -291723.42143 kcal/mol
 Total mean interaction energy in the mix (H_int)  :        -7.80905 kcal/mol
 Misfit interaction energy in the mix (H_MF)       :         2.63511 kcal/mol
 H-Bond interaction energy in the mix (H_HB)       :        -0.82965 kcal/mol
 VdW interaction energy in the mix (H_vdW)         :        -9.61451 kcal/mol



 Compound: 1 Conformer: 1 (POULHZVOKOAJMA-UHFFFAOYSA-N)
 Chemical potential of the molecule in the mixture :        -7.08484 kcal/mol
 Log10(partial pressure [mbar])                    :        -1.75658
 Free energy of molecule in mix (E_COSMO+dE+Mu)    :   -390587.81028 kcal/mol
 Total mean interaction energy in the mix          :       -13.71642 kcal/mol
 Misfit interaction energy in the mix              :         3.10853 kcal/mol
 H-Bond interaction energy in the mix              :        -3.12349 kcal/mol
 VdW interaction energy in the mix                 :       -13.70146 kcal/mol
 Normalized weight factor of molecule in compound  :         1.00000
 Normalized weight factor of molecule in gas phase :         1.00000

 Compound: 2 Conformer: 1 (MGSRCZKZVOBKFT-UHFFFAOYSA-N)
 Chemical potential of the molecule in the mixture :        -4.29055 kcal/mol
 Log10(partial pressure [mbar])                    :        -0.07277
 Free energy of molecule in mix (E_COSMO+dE+Mu)    :   -291723.42143 kcal/mol
 Total mean interaction energy in the mix          :        -7.80905 kcal/mol
 Misfit interaction energy in the mix              :         2.63511 kcal/mol
 H-Bond interaction energy in the mix              :        -0.82965 kcal/mol
 VdW interaction energy in the mix                 :        -9.61451 kcal/mol
 Normalized weight factor of molecule in compound  :         1.00000
 Normalized weight factor of molecule in gas phase :         1.00000



 Note: Compound properties are tabulated in /home/comp5/Nastya/mu_CA_update/POULHZVOKOAJMA-UHFFFAOYSA-N_MGSRCZKZVOBKFT-UHFFFAOYSA-N.tab
----------------
 END job       2
----------------
