 -----------------------------------------------------------
 BIOVIA COSMOtherm Version 2019 (build: 19.0.5 [65f0de1d5f])
 -----------------------------------------------------------

 Copyright (C) 1999-2019, Dassault Systemes BIOVIA corp, all rights reserved

 Job name   : !! generated by COSMOthermX !!
 Job date   : 08/03/2022
 Job time   : 16:11:49
 Hostname   : unknown
 OS type    : unknown
 Executable : Linux 64-bit

 Reading COSMOtherm parameter file BP_TZVP_C30_1701.ctd from directory /home/comp5/Nastya/COSMOlogic/COSMOthermX19/COSMOtherm/CTDATA-FILES/OLDPARAM/
 Info: # COSMOtherm parameter file ./BP_TZVP_C30_1701.ctd for BP-TZVP optimized COSMO files                                                                  

 Reading COSMOtherm license key license.txt from directory /home/comp5/Nastya/COSMOlogic/COSMOthermX19/licensefiles/

 COSMOtherm license key expiration date 04/26/2025
 COSMOtherm license key version 21
 Customer : 200000000032966
 ID       : LKO1978637

 License keys:
  product                   |    licensed version    | status
 ------------------------------------------------------------------------------ 
  COSMOtherm                |          21            | active
  TURBOMOLE                 |          21            | active
 ------------------------------------------------------------------------------ 
 
 Note: Vapor pressure / property file could not be found for compound 1
 Reading COSMO information for compound 1 conformer 1 from file /home/comp5/Nastya/cosmo/QIQXTHQIDYTFRH-UHFFFAOYSA-N.cosmo
 Note: Gas phase energy file could not be found for compound 1 conformer 1
 Note: converting Gaussian COSMO-file information of compound 1 conformer 1
 
 Reading vapor pressure and property information for compound 2 from file /home/comp5/Nastya/cosmo/YMBCJWGVCUEGHA-UHFFFAOYSA-M.vap
 Reading COSMO information for compound 2 conformer 1 from file /home/comp5/Nastya/cosmo/YMBCJWGVCUEGHA-UHFFFAOYSA-M.cosmo
 Note: Gas phase energy file could not be found for compound 2 conformer 1
 Note: converting Gaussian COSMO-file information of compound 2 conformer 1


 --- Compound 1 (QIQXTHQIDYTFRH-UHFFFAOYSA-N) ---

 Compound Information for compound 1 conformer 1 (COSMO file /home/comp5/Nastya/cosmo/QIQXTHQIDYTFRH-UHFFFAOYSA-N.cosmo)
 Atomic weights         : 11111111111111111111111111111111111111111111111111111111
 E_COSMO+dE             :    -538637.7292 kcal/mol
 E_gas                  :    -538630.8380 kcal/mol
 E_COSMO-E_gas+dE       :         -6.8912 kcal/mol
 E_diel                 :         -9.2965 kcal/mol
 Averaging corr dE      :          0.6492 kcal/mol
 Area                   :        410.2333 A^2
 Volume                 :        426.2253 A^3
 Molecular Weight       :        284.4790 a.m.u.
 Total COSMO charge     :         -0.0099 a.u.
 Dipole moment (t,x,y,z):          2.9838 -2.280195  0.215406 -1.912429 Debye                            
 Sigma moments (1-6)    :          0.0000  7.23E+01  5.427453  1.10E+02 -3.20E+01  2.60E+02              
 H-bond moment (accept) :          1.9241
 H-bond moment (donor)  :          3.0022
 
 WARNING: QM computation level of compound 1 conformer 1 could not be determined - it may differ from the QM level of the parameter set.
 No gas phase energy for compound 1 conformer 1 specified, thus it will be estimated


 --- Compound 2 (YMBCJWGVCUEGHA-UHFFFAOYSA-M) ---

 Compound Information for compound 2 conformer 1 (COSMO file /home/comp5/Nastya/cosmo/YMBCJWGVCUEGHA-UHFFFAOYSA-M.cosmo)
 Atomic weights         : 111111111111111111111111111111
 E_COSMO+dE             :    -522111.5798 kcal/mol
 E_gas                  :    -522083.2077 kcal/mol
 E_COSMO-E_gas+dE       :        -28.3722 kcal/mol
 E_diel                 :        -41.3383 kcal/mol
 Averaging corr dE      :          0.5647 kcal/mol
 Area                   :        214.3716 A^2
 Volume                 :        239.8706 A^3
 Molecular Weight       :        165.7051 a.m.u.
 Total COSMO charge     :          0.0087 a.u.
 Dipole moment (t,x,y,z):         17.7314 -1.75E+01 -2.879028 -0.143975 Debye                            
 Sigma moments (1-6)    :          0.0000  1.63E+02  1.72E+02  3.70E+02  5.87E+02  1.07E+03              
 H-bond moment (accept) :         19.8673
 H-bond moment (donor)  :          0.0001
 
 WARNING: QM computation level of compound 2 conformer 1 could not be determined - it may differ from the QM level of the parameter set.
 No gas phase energy for compound 2 conformer 1 specified, thus it will be estimated


 Total number of processed compounds:    2


----------------
 START job     1
----------------


 Results for mixture 1
 ---------------------
 Temperature          :    344.040 K
 Compound Nr.         :         1         2
 Compound             : QIQXTHQID YMBCJWGVC
 Mole Fraction        :    1.0000    0.0000

 Compound: 1  (QIQXTHQIDYTFRH-UHFFFAOYSA-N)
 Chemical potential of the compound in the mixture :        -9.57177 kcal/mol
 Log10(partial pressure [mbar])                    :        -2.97100
 Free energy of molecule in mix (E_COSMO+dE+Mu)    :   -538647.30099 kcal/mol
 Total mean interaction energy in the mix (H_int)  :       -18.86722 kcal/mol
 Misfit interaction energy in the mix (H_MF)       :         3.02143 kcal/mol
 H-Bond interaction energy in the mix (H_HB)       :        -2.36476 kcal/mol
 VdW interaction energy in the mix (H_vdW)         :       -19.52390 kcal/mol

 Compound: 2  (YMBCJWGVCUEGHA-UHFFFAOYSA-M)
 Chemical potential of the compound in the mixture :        -1.34831 kcal/mol
 Log10(partial pressure [mbar])                    :       -11.39261
 Free energy of molecule in mix (E_COSMO+dE+Mu)    :   -522112.92815 kcal/mol
 Total mean interaction energy in the mix (H_int)  :       -25.13721 kcal/mol
 Misfit interaction energy in the mix (H_MF)       :         3.56696 kcal/mol
 H-Bond interaction energy in the mix (H_HB)       :       -18.19964 kcal/mol
 VdW interaction energy in the mix (H_vdW)         :       -10.50452 kcal/mol



 Compound: 1 Conformer: 1 (QIQXTHQIDYTFRH-UHFFFAOYSA-N)
 Chemical potential of the molecule in the mixture :        -9.57177 kcal/mol
 Log10(partial pressure [mbar])                    :        -2.97100
 Free energy of molecule in mix (E_COSMO+dE+Mu)    :   -538647.30099 kcal/mol
 Total mean interaction energy in the mix          :       -18.86722 kcal/mol
 Misfit interaction energy in the mix              :         3.02143 kcal/mol
 H-Bond interaction energy in the mix              :        -2.36476 kcal/mol
 VdW interaction energy in the mix                 :       -19.52390 kcal/mol
 Normalized weight factor of molecule in compound  :         1.00000
 Normalized weight factor of molecule in gas phase :         1.00000

 Compound: 2 Conformer: 1 (YMBCJWGVCUEGHA-UHFFFAOYSA-M)
 Chemical potential of the molecule in the mixture :        -1.34831 kcal/mol
 Log10(partial pressure [mbar])                    :       -11.39261
 Free energy of molecule in mix (E_COSMO+dE+Mu)    :   -522112.92815 kcal/mol
 Total mean interaction energy in the mix          :       -25.13721 kcal/mol
 Misfit interaction energy in the mix              :         3.56696 kcal/mol
 H-Bond interaction energy in the mix              :       -18.19964 kcal/mol
 VdW interaction energy in the mix                 :       -10.50452 kcal/mol
 Normalized weight factor of molecule in compound  :         1.00000
 Normalized weight factor of molecule in gas phase :         1.00000



 Note: Compound properties are tabulated in /home/comp5/Nastya/mu_CA_update/QIQXTHQIDYTFRH-UHFFFAOYSA-N_YMBCJWGVCUEGHA-UHFFFAOYSA-M.tab
----------------
 END job       1
----------------
----------------
 START job     2
----------------


 Results for mixture 2
 ---------------------
 Temperature          :    535.400 K
 Compound Nr.         :         1         2
 Compound             : QIQXTHQID YMBCJWGVC
 Mole Fraction        :    0.0000    1.0000

 Compound: 1  (QIQXTHQIDYTFRH-UHFFFAOYSA-N)
 Chemical potential of the compound in the mixture :        -4.64593 kcal/mol
 Log10(partial pressure [mbar])                    :         2.57480
 Free energy of molecule in mix (E_COSMO+dE+Mu)    :   -538642.37515 kcal/mol
 Total mean interaction energy in the mix (H_int)  :        -5.95620 kcal/mol
 Misfit interaction energy in the mix (H_MF)       :        11.36704 kcal/mol
 H-Bond interaction energy in the mix (H_HB)       :        -1.03178 kcal/mol
 VdW interaction energy in the mix (H_vdW)         :       -16.29147 kcal/mol

 Compound: 2  (YMBCJWGVCUEGHA-UHFFFAOYSA-M)
 Chemical potential of the compound in the mixture :         6.00874 kcal/mol
 Log10(partial pressure [mbar])                    :        -1.84440
 Free energy of molecule in mix (E_COSMO+dE+Mu)    :   -522105.57110 kcal/mol
 Total mean interaction energy in the mix (H_int)  :         2.04399 kcal/mol
 Misfit interaction energy in the mix (H_MF)       :        11.15151 kcal/mol
 H-Bond interaction energy in the mix (H_HB)       :        -0.16825 kcal/mol
 VdW interaction energy in the mix (H_vdW)         :        -8.93927 kcal/mol



 Compound: 1 Conformer: 1 (QIQXTHQIDYTFRH-UHFFFAOYSA-N)
 Chemical potential of the molecule in the mixture :        -4.64593 kcal/mol
 Log10(partial pressure [mbar])                    :         2.57480
 Free energy of molecule in mix (E_COSMO+dE+Mu)    :   -538642.37515 kcal/mol
 Total mean interaction energy in the mix          :        -5.95620 kcal/mol
 Misfit interaction energy in the mix              :        11.36704 kcal/mol
 H-Bond interaction energy in the mix              :        -1.03178 kcal/mol
 VdW interaction energy in the mix                 :       -16.29147 kcal/mol
 Normalized weight factor of molecule in compound  :         1.00000
 Normalized weight factor of molecule in gas phase :         1.00000

 Compound: 2 Conformer: 1 (YMBCJWGVCUEGHA-UHFFFAOYSA-M)
 Chemical potential of the molecule in the mixture :         6.00874 kcal/mol
 Log10(partial pressure [mbar])                    :        -1.84440
 Free energy of molecule in mix (E_COSMO+dE+Mu)    :   -522105.57110 kcal/mol
 Total mean interaction energy in the mix          :         2.04399 kcal/mol
 Misfit interaction energy in the mix              :        11.15151 kcal/mol
 H-Bond interaction energy in the mix              :        -0.16825 kcal/mol
 VdW interaction energy in the mix                 :        -8.93927 kcal/mol
 Normalized weight factor of molecule in compound  :         1.00000
 Normalized weight factor of molecule in gas phase :         1.00000



 Note: Compound properties are tabulated in /home/comp5/Nastya/mu_CA_update/QIQXTHQIDYTFRH-UHFFFAOYSA-N_YMBCJWGVCUEGHA-UHFFFAOYSA-M.tab
----------------
 END job       2
----------------
