 -----------------------------------------------------------
 BIOVIA COSMOtherm Version 2019 (build: 19.0.5 [65f0de1d5f])
 -----------------------------------------------------------

 Copyright (C) 1999-2019, Dassault Systemes BIOVIA corp, all rights reserved

 Job name   : !! generated by COSMOthermX !!
 Job date   : 08/03/2022
 Job time   : 16:11:43
 Hostname   : unknown
 OS type    : unknown
 Executable : Linux 64-bit

 Reading COSMOtherm parameter file BP_TZVP_C30_1701.ctd from directory /home/comp5/Nastya/COSMOlogic/COSMOthermX19/COSMOtherm/CTDATA-FILES/OLDPARAM/
 Info: # COSMOtherm parameter file ./BP_TZVP_C30_1701.ctd for BP-TZVP optimized COSMO files                                                                  

 Reading COSMOtherm license key license.txt from directory /home/comp5/Nastya/COSMOlogic/COSMOthermX19/licensefiles/

 COSMOtherm license key expiration date 04/26/2025
 COSMOtherm license key version 21
 Customer : 200000000032966
 ID       : LKO1978637

 License keys:
  product                   |    licensed version    | status
 ------------------------------------------------------------------------------ 
  COSMOtherm                |          21            | active
  TURBOMOLE                 |          21            | active
 ------------------------------------------------------------------------------ 
 
 Note: Vapor pressure / property file could not be found for compound 1
 Reading COSMO information for compound 1 conformer 1 from file /home/comp5/Nastya/cosmo/WLJVNTCWHIRURA-UHFFFAOYSA-N.cosmo
 Note: Gas phase energy file could not be found for compound 1 conformer 1
 Note: converting Gaussian COSMO-file information of compound 1 conformer 1
 
 Note: Vapor pressure / property file could not be found for compound 2
 Reading COSMO information for compound 2 conformer 1 from file /home/comp5/Nastya/cosmo/HWCKGOZZJDHMNC-UHFFFAOYSA-M.cosmo
 Note: Gas phase energy file could not be found for compound 2 conformer 1
 Note: converting Gaussian COSMO-file information of compound 2 conformer 1


 --- Compound 1 (WLJVNTCWHIRURA-UHFFFAOYSA-N) ---

 Compound Information for compound 1 conformer 1 (COSMO file /home/comp5/Nastya/cosmo/WLJVNTCWHIRURA-UHFFFAOYSA-N.cosmo)
 Atomic weights         : 11111111111111111111111
 E_COSMO+dE             :    -360911.7484 kcal/mol
 E_gas                  :    -360900.0048 kcal/mol
 E_COSMO-E_gas+dE       :        -11.7436 kcal/mol
 E_diel                 :        -16.8209 kcal/mol
 Averaging corr dE      :          1.0012 kcal/mol
 Area                   :        204.7413 A^2
 Volume                 :        199.6750 A^3
 Molecular Weight       :        160.1685 a.m.u.
 Total COSMO charge     :          0.0011 a.u.
 Dipole moment (t,x,y,z):          4.5503 -0.002148  4.550336  0.003959 Debye                            
 Sigma moments (1-6)    :          0.0000  1.25E+02  0.587884  2.18E+02 -8.79E+01  5.23E+02              
 H-bond moment (accept) :          3.2848
 H-bond moment (donor)  :          6.2513
 
 WARNING: QM computation level of compound 1 conformer 1 could not be determined - it may differ from the QM level of the parameter set.
 No gas phase energy for compound 1 conformer 1 specified, thus it will be estimated


 --- Compound 2 (HWCKGOZZJDHMNC-UHFFFAOYSA-M) ---

 Compound Information for compound 2 conformer 1 (COSMO file /home/comp5/Nastya/cosmo/HWCKGOZZJDHMNC-UHFFFAOYSA-M.cosmo)
 Atomic weights         : 111111111111111111111111111111
 E_COSMO+dE             :   -1848780.5017 kcal/mol
 E_gas                  :   -1848752.6625 kcal/mol
 E_COSMO-E_gas+dE       :        -27.8392 kcal/mol
 E_diel                 :        -40.5118 kcal/mol
 Averaging corr dE      :          0.5191 kcal/mol
 Area                   :        217.9637 A^2
 Volume                 :        246.3720 A^3
 Molecular Weight       :        210.1560 a.m.u.
 Total COSMO charge     :          0.0093 a.u.
 Dipole moment (t,x,y,z):         18.4992  1.84E+01  1.453623 -0.300269 Debye                            
 Sigma moments (1-6)    :          0.0000  1.54E+02  1.41E+02  2.94E+02  4.16E+02  7.08E+02              
 H-bond moment (accept) :         15.8609
 H-bond moment (donor)  :          0.0002
 
 WARNING: QM computation level of compound 2 conformer 1 could not be determined - it may differ from the QM level of the parameter set.
 No gas phase energy for compound 2 conformer 1 specified, thus it will be estimated


 Total number of processed compounds:    2


----------------
 START job     1
----------------


 Results for mixture 1
 ---------------------
 Temperature          :    368.200 K
 Compound Nr.         :         1         2
 Compound             : WLJVNTCWH HWCKGOZZJ
 Mole Fraction        :    1.0000    0.0000

 Compound: 1  (WLJVNTCWHIRURA-UHFFFAOYSA-N)
 Chemical potential of the compound in the mixture :        -1.06667 kcal/mol
 Log10(partial pressure [mbar])                    :        -0.15393
 Free energy of molecule in mix (E_COSMO+dE+Mu)    :   -360912.81505 kcal/mol
 Total mean interaction energy in the mix (H_int)  :        -9.09953 kcal/mol
 Misfit interaction energy in the mix (H_MF)       :         3.86405 kcal/mol
 H-Bond interaction energy in the mix (H_HB)       :        -4.90298 kcal/mol
 VdW interaction energy in the mix (H_vdW)         :        -8.06060 kcal/mol

 Compound: 2  (HWCKGOZZJDHMNC-UHFFFAOYSA-M)
 Chemical potential of the compound in the mixture :        -1.74740 kcal/mol
 Log10(partial pressure [mbar])                    :       -10.11157
 Free energy of molecule in mix (E_COSMO+dE+Mu)    :  -1848782.24911 kcal/mol
 Total mean interaction energy in the mix (H_int)  :       -17.88833 kcal/mol
 Misfit interaction energy in the mix (H_MF)       :         4.56450 kcal/mol
 H-Bond interaction energy in the mix (H_HB)       :       -12.55579 kcal/mol
 VdW interaction energy in the mix (H_vdW)         :        -9.89704 kcal/mol



 Compound: 1 Conformer: 1 (WLJVNTCWHIRURA-UHFFFAOYSA-N)
 Chemical potential of the molecule in the mixture :        -1.06667 kcal/mol
 Log10(partial pressure [mbar])                    :        -0.15393
 Free energy of molecule in mix (E_COSMO+dE+Mu)    :   -360912.81505 kcal/mol
 Total mean interaction energy in the mix          :        -9.09953 kcal/mol
 Misfit interaction energy in the mix              :         3.86405 kcal/mol
 H-Bond interaction energy in the mix              :        -4.90298 kcal/mol
 VdW interaction energy in the mix                 :        -8.06060 kcal/mol
 Normalized weight factor of molecule in compound  :         1.00000
 Normalized weight factor of molecule in gas phase :         1.00000

 Compound: 2 Conformer: 1 (HWCKGOZZJDHMNC-UHFFFAOYSA-M)
 Chemical potential of the molecule in the mixture :        -1.74740 kcal/mol
 Log10(partial pressure [mbar])                    :       -10.11157
 Free energy of molecule in mix (E_COSMO+dE+Mu)    :  -1848782.24911 kcal/mol
 Total mean interaction energy in the mix          :       -17.88833 kcal/mol
 Misfit interaction energy in the mix              :         4.56450 kcal/mol
 H-Bond interaction energy in the mix              :       -12.55579 kcal/mol
 VdW interaction energy in the mix                 :        -9.89704 kcal/mol
 Normalized weight factor of molecule in compound  :         1.00000
 Normalized weight factor of molecule in gas phase :         1.00000



 Note: Compound properties are tabulated in /home/comp5/Nastya/mu_CA_update/WLJVNTCWHIRURA-UHFFFAOYSA-N_HWCKGOZZJDHMNC-UHFFFAOYSA-M.tab
----------------
 END job       1
----------------
----------------
 START job     2
----------------


 Results for mixture 2
 ---------------------
 Temperature          :    633.000 K
 Compound Nr.         :         1         2
 Compound             : WLJVNTCWH HWCKGOZZJ
 Mole Fraction        :    0.0000    1.0000

 Compound: 1  (WLJVNTCWHIRURA-UHFFFAOYSA-N)
 Chemical potential of the compound in the mixture :         0.66672 kcal/mol
 Log10(partial pressure [mbar])                    :         3.40365
 Free energy of molecule in mix (E_COSMO+dE+Mu)    :   -360911.08167 kcal/mol
 Total mean interaction energy in the mix (H_int)  :        -0.48257 kcal/mol
 Misfit interaction energy in the mix (H_MF)       :         7.04437 kcal/mol
 H-Bond interaction energy in the mix (H_HB)       :        -0.91023 kcal/mol
 VdW interaction energy in the mix (H_vdW)         :        -6.61671 kcal/mol

 Compound: 2  (HWCKGOZZJDHMNC-UHFFFAOYSA-M)
 Chemical potential of the compound in the mixture :         5.56309 kcal/mol
 Log10(partial pressure [mbar])                    :        -0.46294
 Free energy of molecule in mix (E_COSMO+dE+Mu)    :  -1848774.93861 kcal/mol
 Total mean interaction energy in the mix (H_int)  :         2.58609 kcal/mol
 Misfit interaction energy in the mix (H_MF)       :        10.65908 kcal/mol
 H-Bond interaction energy in the mix (H_HB)       :        -0.08540 kcal/mol
 VdW interaction energy in the mix (H_vdW)         :        -7.98759 kcal/mol



 Compound: 1 Conformer: 1 (WLJVNTCWHIRURA-UHFFFAOYSA-N)
 Chemical potential of the molecule in the mixture :         0.66672 kcal/mol
 Log10(partial pressure [mbar])                    :         3.40365
 Free energy of molecule in mix (E_COSMO+dE+Mu)    :   -360911.08167 kcal/mol
 Total mean interaction energy in the mix          :        -0.48257 kcal/mol
 Misfit interaction energy in the mix              :         7.04437 kcal/mol
 H-Bond interaction energy in the mix              :        -0.91023 kcal/mol
 VdW interaction energy in the mix                 :        -6.61671 kcal/mol
 Normalized weight factor of molecule in compound  :         1.00000
 Normalized weight factor of molecule in gas phase :         1.00000

 Compound: 2 Conformer: 1 (HWCKGOZZJDHMNC-UHFFFAOYSA-M)
 Chemical potential of the molecule in the mixture :         5.56309 kcal/mol
 Log10(partial pressure [mbar])                    :        -0.46294
 Free energy of molecule in mix (E_COSMO+dE+Mu)    :  -1848774.93861 kcal/mol
 Total mean interaction energy in the mix          :         2.58609 kcal/mol
 Misfit interaction energy in the mix              :        10.65908 kcal/mol
 H-Bond interaction energy in the mix              :        -0.08540 kcal/mol
 VdW interaction energy in the mix                 :        -7.98759 kcal/mol
 Normalized weight factor of molecule in compound  :         1.00000
 Normalized weight factor of molecule in gas phase :         1.00000



 Note: Compound properties are tabulated in /home/comp5/Nastya/mu_CA_update/WLJVNTCWHIRURA-UHFFFAOYSA-N_HWCKGOZZJDHMNC-UHFFFAOYSA-M.tab
----------------
 END job       2
----------------
