 -----------------------------------------------------------
 BIOVIA COSMOtherm Version 2019 (build: 19.0.5 [65f0de1d5f])
 -----------------------------------------------------------

 Copyright (C) 1999-2019, Dassault Systemes BIOVIA corp, all rights reserved

 Job name   : !! generated by COSMOthermX !!
 Job date   : 08/03/2022
 Job time   : 16:10:09
 Hostname   : unknown
 OS type    : unknown
 Executable : Linux 64-bit

 Reading COSMOtherm parameter file BP_TZVP_C30_1701.ctd from directory /home/comp5/Nastya/COSMOlogic/COSMOthermX19/COSMOtherm/CTDATA-FILES/OLDPARAM/
 Info: # COSMOtherm parameter file ./BP_TZVP_C30_1701.ctd for BP-TZVP optimized COSMO files                                                                  

 Reading COSMOtherm license key license.txt from directory /home/comp5/Nastya/COSMOlogic/COSMOthermX19/licensefiles/

 COSMOtherm license key expiration date 04/26/2025
 COSMOtherm license key version 21
 Customer : 200000000032966
 ID       : LKO1978637

 License keys:
  product                   |    licensed version    | status
 ------------------------------------------------------------------------------ 
  COSMOtherm                |          21            | active
  TURBOMOLE                 |          21            | active
 ------------------------------------------------------------------------------ 
 
 Reading vapor pressure and property information for compound 1 from file /home/comp5/Nastya/cosmo/WPYMKLBDIGXBTP-UHFFFAOYSA-N.vap
 Reading COSMO information for compound 1 conformer 1 from file /home/comp5/Nastya/cosmo/WPYMKLBDIGXBTP-UHFFFAOYSA-N.cosmo
 Note: Gas phase energy file could not be found for compound 1 conformer 1
 Note: converting Gaussian COSMO-file information of compound 1 conformer 1
 
 Reading vapor pressure and property information for compound 2 from file /home/comp5/Nastya/cosmo/KWIUHFFTVRNATP-UHFFFAOYSA-N.vap
 Reading COSMO information for compound 2 conformer 1 from file /home/comp5/Nastya/cosmo/KWIUHFFTVRNATP-UHFFFAOYSA-N.cosmo
 Note: Gas phase energy file could not be found for compound 2 conformer 1
 Note: converting Gaussian COSMO-file information of compound 2 conformer 1


 --- Compound 1 (WPYMKLBDIGXBTP-UHFFFAOYSA-N) ---

 Compound Information for compound 1 conformer 1 (COSMO file /home/comp5/Nastya/cosmo/WPYMKLBDIGXBTP-UHFFFAOYSA-N.cosmo)
 Atomic weights         : 111111111111111
 E_COSMO+dE             :    -264171.9648 kcal/mol
 E_gas                  :    -264165.0902 kcal/mol
 E_COSMO-E_gas+dE       :         -6.8746 kcal/mol
 E_diel                 :         -9.1709 kcal/mol
 Averaging corr dE      :          0.5721 kcal/mol
 Area                   :        153.2173 A^2
 Volume                 :        146.4500 A^3
 Molecular Weight       :        122.1220 a.m.u.
 Total COSMO charge     :   5.1188948E-05 a.u.
 Dipole moment (t,x,y,z):          2.9783 -2.183711 -2.025327  0.004275 Debye                            
 Sigma moments (1-6)    :          0.0000  6.88E+01 -1.39E+01  1.09E+02 -7.35E+01  2.69E+02              
 H-bond moment (accept) :          1.1963
 H-bond moment (donor)  :          3.3868
 
 WARNING: QM computation level of compound 1 conformer 1 could not be determined - it may differ from the QM level of the parameter set.
 No gas phase energy for compound 1 conformer 1 specified, thus it will be estimated


 --- Compound 2 (KWIUHFFTVRNATP-UHFFFAOYSA-N) ---

 Compound Information for compound 2 conformer 1 (COSMO file /home/comp5/Nastya/cosmo/KWIUHFFTVRNATP-UHFFFAOYSA-N.cosmo)
 Atomic weights         : 1111111111111111111
 E_COSMO+dE             :    -252580.8433 kcal/mol
 E_gas                  :    -252553.4740 kcal/mol
 E_COSMO-E_gas+dE       :        -27.3693 kcal/mol
 E_diel                 :        -40.1242 kcal/mol
 Averaging corr dE      :          0.7176 kcal/mol
 Area                   :        154.0612 A^2
 Volume                 :        155.3798 A^3
 Molecular Weight       :        117.1469 a.m.u.
 Total COSMO charge     :          0.0039 a.u.
 Dipole moment (t,x,y,z):         15.1887  1.51E+01 -1.715292  0.002027 Debye                            
 Sigma moments (1-6)    :          0.0000  1.69E+02  1.64E+02  4.27E+02  6.97E+02  1.45E+03              
 H-bond moment (accept) :         19.6211
 H-bond moment (donor)  :          0.1747
 
 WARNING: QM computation level of compound 2 conformer 1 could not be determined - it may differ from the QM level of the parameter set.
 No gas phase energy for compound 2 conformer 1 specified, thus it will be estimated


 Total number of processed compounds:    2


----------------
 START job     1
----------------


 Results for mixture 1
 ---------------------
 Temperature          :    395.500 K
 Compound Nr.         :         1         2
 Compound             : WPYMKLBDI KWIUHFFTV
 Mole Fraction        :    1.0000    0.0000

 Compound: 1  (WPYMKLBDIGXBTP-UHFFFAOYSA-N)
 Chemical potential of the compound in the mixture :        -2.09053 kcal/mol
 Log10(partial pressure [mbar])                    :         1.83274
 Free energy of molecule in mix (E_COSMO+dE+Mu)    :   -264174.05531 kcal/mol
 Total mean interaction energy in the mix (H_int)  :        -5.64442 kcal/mol
 Misfit interaction energy in the mix (H_MF)       :         2.55056 kcal/mol
 H-Bond interaction energy in the mix (H_HB)       :        -1.54229 kcal/mol
 VdW interaction energy in the mix (H_vdW)         :        -6.65269 kcal/mol

 Compound: 2  (KWIUHFFTVRNATP-UHFFFAOYSA-N)
 Chemical potential of the compound in the mixture :         0.30955 kcal/mol
 Log10(partial pressure [mbar])                    :        -7.53965
 Free energy of molecule in mix (E_COSMO+dE+Mu)    :   -252580.53372 kcal/mol
 Total mean interaction energy in the mix (H_int)  :       -17.50848 kcal/mol
 Misfit interaction energy in the mix (H_MF)       :         3.45327 kcal/mol
 H-Bond interaction energy in the mix (H_HB)       :       -14.50404 kcal/mol
 VdW interaction energy in the mix (H_vdW)         :        -6.45770 kcal/mol



 Compound: 1 Conformer: 1 (WPYMKLBDIGXBTP-UHFFFAOYSA-N)
 Chemical potential of the molecule in the mixture :        -2.09053 kcal/mol
 Log10(partial pressure [mbar])                    :         1.83274
 Free energy of molecule in mix (E_COSMO+dE+Mu)    :   -264174.05531 kcal/mol
 Total mean interaction energy in the mix          :        -5.64442 kcal/mol
 Misfit interaction energy in the mix              :         2.55056 kcal/mol
 H-Bond interaction energy in the mix              :        -1.54229 kcal/mol
 VdW interaction energy in the mix                 :        -6.65269 kcal/mol
 Normalized weight factor of molecule in compound  :         1.00000
 Normalized weight factor of molecule in gas phase :         1.00000

 Compound: 2 Conformer: 1 (KWIUHFFTVRNATP-UHFFFAOYSA-N)
 Chemical potential of the molecule in the mixture :         0.30955 kcal/mol
 Log10(partial pressure [mbar])                    :        -7.53965
 Free energy of molecule in mix (E_COSMO+dE+Mu)    :   -252580.53372 kcal/mol
 Total mean interaction energy in the mix          :       -17.50848 kcal/mol
 Misfit interaction energy in the mix              :         3.45327 kcal/mol
 H-Bond interaction energy in the mix              :       -14.50404 kcal/mol
 VdW interaction energy in the mix                 :        -6.45770 kcal/mol
 Normalized weight factor of molecule in compound  :         1.00000
 Normalized weight factor of molecule in gas phase :         1.00000



 Note: Compound properties are tabulated in /home/comp5/Nastya/mu_CA_update/WPYMKLBDIGXBTP-UHFFFAOYSA-N_KWIUHFFTVRNATP-UHFFFAOYSA-N.tab
----------------
 END job       1
----------------
----------------
 START job     2
----------------


 Results for mixture 2
 ---------------------
 Temperature          :    514.150 K
 Compound Nr.         :         1         2
 Compound             : WPYMKLBDI KWIUHFFTV
 Mole Fraction        :    0.0000    1.0000

 Compound: 1  (WPYMKLBDIGXBTP-UHFFFAOYSA-N)
 Chemical potential of the compound in the mixture :        -2.04294 kcal/mol
 Log10(partial pressure [mbar])                    :         3.02690
 Free energy of molecule in mix (E_COSMO+dE+Mu)    :   -264174.00772 kcal/mol
 Total mean interaction energy in the mix (H_int)  :        -2.12969 kcal/mol
 Misfit interaction energy in the mix (H_MF)       :         5.20383 kcal/mol
 H-Bond interaction energy in the mix (H_HB)       :        -1.56590 kcal/mol
 VdW interaction energy in the mix (H_vdW)         :        -5.76762 kcal/mol

 Compound: 2  (KWIUHFFTVRNATP-UHFFFAOYSA-N)
 Chemical potential of the compound in the mixture :         6.29354 kcal/mol
 Log10(partial pressure [mbar])                    :        -1.65929
 Free energy of molecule in mix (E_COSMO+dE+Mu)    :   -252574.54973 kcal/mol
 Total mean interaction energy in the mix (H_int)  :         2.49216 kcal/mol
 Misfit interaction energy in the mix (H_MF)       :         9.01748 kcal/mol
 H-Bond interaction energy in the mix (H_HB)       :        -0.86390 kcal/mol
 VdW interaction energy in the mix (H_vdW)         :        -5.66142 kcal/mol



 Compound: 1 Conformer: 1 (WPYMKLBDIGXBTP-UHFFFAOYSA-N)
 Chemical potential of the molecule in the mixture :        -2.04294 kcal/mol
 Log10(partial pressure [mbar])                    :         3.02690
 Free energy of molecule in mix (E_COSMO+dE+Mu)    :   -264174.00772 kcal/mol
 Total mean interaction energy in the mix          :        -2.12969 kcal/mol
 Misfit interaction energy in the mix              :         5.20383 kcal/mol
 H-Bond interaction energy in the mix              :        -1.56590 kcal/mol
 VdW interaction energy in the mix                 :        -5.76762 kcal/mol
 Normalized weight factor of molecule in compound  :         1.00000
 Normalized weight factor of molecule in gas phase :         1.00000

 Compound: 2 Conformer: 1 (KWIUHFFTVRNATP-UHFFFAOYSA-N)
 Chemical potential of the molecule in the mixture :         6.29354 kcal/mol
 Log10(partial pressure [mbar])                    :        -1.65929
 Free energy of molecule in mix (E_COSMO+dE+Mu)    :   -252574.54973 kcal/mol
 Total mean interaction energy in the mix          :         2.49216 kcal/mol
 Misfit interaction energy in the mix              :         9.01748 kcal/mol
 H-Bond interaction energy in the mix              :        -0.86390 kcal/mol
 VdW interaction energy in the mix                 :        -5.66142 kcal/mol
 Normalized weight factor of molecule in compound  :         1.00000
 Normalized weight factor of molecule in gas phase :         1.00000



 Note: Compound properties are tabulated in /home/comp5/Nastya/mu_CA_update/WPYMKLBDIGXBTP-UHFFFAOYSA-N_KWIUHFFTVRNATP-UHFFFAOYSA-N.tab
----------------
 END job       2
----------------
