 -----------------------------------------------------------
 BIOVIA COSMOtherm Version 2019 (build: 19.0.5 [65f0de1d5f])
 -----------------------------------------------------------

 Copyright (C) 1999-2019, Dassault Systemes BIOVIA corp, all rights reserved

 Job name   : !! generated by COSMOthermX !!
 Job date   : 08/03/2022
 Job time   : 16:10:05
 Hostname   : unknown
 OS type    : unknown
 Executable : Linux 64-bit

 Reading COSMOtherm parameter file BP_TZVP_C30_1701.ctd from directory /home/comp5/Nastya/COSMOlogic/COSMOthermX19/COSMOtherm/CTDATA-FILES/OLDPARAM/
 Info: # COSMOtherm parameter file ./BP_TZVP_C30_1701.ctd for BP-TZVP optimized COSMO files                                                                  

 Reading COSMOtherm license key license.txt from directory /home/comp5/Nastya/COSMOlogic/COSMOthermX19/licensefiles/

 COSMOtherm license key expiration date 04/26/2025
 COSMOtherm license key version 21
 Customer : 200000000032966
 ID       : LKO1978637

 License keys:
  product                   |    licensed version    | status
 ------------------------------------------------------------------------------ 
  COSMOtherm                |          21            | active
  TURBOMOLE                 |          21            | active
 ------------------------------------------------------------------------------ 
 
 Note: Vapor pressure / property file could not be found for compound 1
 Reading COSMO information for compound 1 conformer 1 from file /home/comp5/Nastya/cosmo/XGEGHDBEHXKFPX-UHFFFAOYSA-N.cosmo
 Note: Gas phase energy file could not be found for compound 1 conformer 1
 Note: converting Gaussian COSMO-file information of compound 1 conformer 1
 
 Note: Vapor pressure / property file could not be found for compound 2
 Reading COSMO information for compound 2 conformer 1 from file /home/comp5/Nastya/cosmo/XWBDWHCCBGMXKG-UHFFFAOYSA-N.cosmo
 Note: Gas phase energy file could not be found for compound 2 conformer 1
 Note: converting Gaussian COSMO-file information of compound 2 conformer 1


 --- Compound 1 (XGEGHDBEHXKFPX-UHFFFAOYSA-N) ---

 Compound Information for compound 1 conformer 1 (COSMO file /home/comp5/Nastya/cosmo/XGEGHDBEHXKFPX-UHFFFAOYSA-N.cosmo)
 Atomic weights         : 11111111111
 E_COSMO+dE             :    -166101.9606 kcal/mol
 E_gas                  :    -166089.8685 kcal/mol
 E_COSMO-E_gas+dE       :        -12.0920 kcal/mol
 E_diel                 :        -16.8525 kcal/mol
 Averaging corr dE      :          0.6728 kcal/mol
 Area                   :        111.8528 A^2
 Volume                 :         95.1739 A^3
 Molecular Weight       :         74.0821 a.m.u.
 Total COSMO charge     :         -0.0008 a.u.
 Dipole moment (t,x,y,z):          5.7695 -0.369766 -5.729389 -0.570048 Debye                            
 Sigma moments (1-6)    :          0.0000  1.02E+02  2.81E+01  2.11E+02  1.11E+02  5.26E+02              
 H-bond moment (accept) :          7.2313
 H-bond moment (donor)  :          3.5927
 
 WARNING: QM computation level of compound 1 conformer 1 could not be determined - it may differ from the QM level of the parameter set.
 No gas phase energy for compound 1 conformer 1 specified, thus it will be estimated


 --- Compound 2 (XWBDWHCCBGMXKG-UHFFFAOYSA-N) ---

 Compound Information for compound 2 conformer 1 (COSMO file /home/comp5/Nastya/cosmo/XWBDWHCCBGMXKG-UHFFFAOYSA-N.cosmo)
 Atomic weights         : 111111111111
 E_COSMO+dE             :    -374084.7020 kcal/mol
 E_gas                  :    -374059.1166 kcal/mol
 E_COSMO-E_gas+dE       :        -25.5854 kcal/mol
 E_diel                 :        -37.5197 kcal/mol
 Averaging corr dE      :          0.6784 kcal/mol
 Area                   :        129.7835 A^2
 Volume                 :        112.8892 A^3
 Molecular Weight       :         81.5451 a.m.u.
 Total COSMO charge     :          0.0061 a.u.
 Dipole moment (t,x,y,z):         12.8252  1.24E+01  3.338884 -0.010872 Debye                            
 Sigma moments (1-6)    :          0.0000  1.72E+02  2.96E+01  4.01E+02  3.89E+01  1.04E+03              
 H-bond moment (accept) :         12.8081
 H-bond moment (donor)  :          8.4381
 
 WARNING: QM computation level of compound 2 conformer 1 could not be determined - it may differ from the QM level of the parameter set.
 No gas phase energy for compound 2 conformer 1 specified, thus it will be estimated


 Total number of processed compounds:    2


----------------
 START job     1
----------------


 Results for mixture 1
 ---------------------
 Temperature          :    373.800 K
 Compound Nr.         :         1         2
 Compound             : XGEGHDBEH XWBDWHCCB
 Mole Fraction        :    1.0000    0.0000

 Compound: 1  (XGEGHDBEHXKFPX-UHFFFAOYSA-N)
 Chemical potential of the compound in the mixture :         0.01615 kcal/mol
 Log10(partial pressure [mbar])                    :         0.38138
 Free energy of molecule in mix (E_COSMO+dE+Mu)    :   -166101.94442 kcal/mol
 Total mean interaction energy in the mix (H_int)  :        -5.31296 kcal/mol
 Misfit interaction energy in the mix (H_MF)       :         2.58801 kcal/mol
 H-Bond interaction energy in the mix (H_HB)       :        -3.28966 kcal/mol
 VdW interaction energy in the mix (H_vdW)         :        -4.61131 kcal/mol

 Compound: 2  (XWBDWHCCBGMXKG-UHFFFAOYSA-N)
 Chemical potential of the compound in the mixture :         1.23856 kcal/mol
 Log10(partial pressure [mbar])                    :        -6.79291
 Free energy of molecule in mix (E_COSMO+dE+Mu)    :   -374083.46341 kcal/mol
 Total mean interaction energy in the mix (H_int)  :        -8.94759 kcal/mol
 Misfit interaction energy in the mix (H_MF)       :         3.34686 kcal/mol
 H-Bond interaction energy in the mix (H_HB)       :        -6.31056 kcal/mol
 VdW interaction energy in the mix (H_vdW)         :        -5.98389 kcal/mol



 Compound: 1 Conformer: 1 (XGEGHDBEHXKFPX-UHFFFAOYSA-N)
 Chemical potential of the molecule in the mixture :         0.01615 kcal/mol
 Log10(partial pressure [mbar])                    :         0.38138
 Free energy of molecule in mix (E_COSMO+dE+Mu)    :   -166101.94442 kcal/mol
 Total mean interaction energy in the mix          :        -5.31296 kcal/mol
 Misfit interaction energy in the mix              :         2.58801 kcal/mol
 H-Bond interaction energy in the mix              :        -3.28966 kcal/mol
 VdW interaction energy in the mix                 :        -4.61131 kcal/mol
 Normalized weight factor of molecule in compound  :         1.00000
 Normalized weight factor of molecule in gas phase :         1.00000

 Compound: 2 Conformer: 1 (XWBDWHCCBGMXKG-UHFFFAOYSA-N)
 Chemical potential of the molecule in the mixture :         1.23856 kcal/mol
 Log10(partial pressure [mbar])                    :        -6.79291
 Free energy of molecule in mix (E_COSMO+dE+Mu)    :   -374083.46341 kcal/mol
 Total mean interaction energy in the mix          :        -8.94759 kcal/mol
 Misfit interaction energy in the mix              :         3.34686 kcal/mol
 H-Bond interaction energy in the mix              :        -6.31056 kcal/mol
 VdW interaction energy in the mix                 :        -5.98389 kcal/mol
 Normalized weight factor of molecule in compound  :         1.00000
 Normalized weight factor of molecule in gas phase :         1.00000



 Note: Compound properties are tabulated in /home/comp5/Nastya/mu_CA_update/XGEGHDBEHXKFPX-UHFFFAOYSA-N_XWBDWHCCBGMXKG-UHFFFAOYSA-N.tab
----------------
 END job       1
----------------
----------------
 START job     2
----------------


 Results for mixture 2
 ---------------------
 Temperature          :    381.150 K
 Compound Nr.         :         1         2
 Compound             : XGEGHDBEH XWBDWHCCB
 Mole Fraction        :    0.0000    1.0000

 Compound: 1  (XGEGHDBEHXKFPX-UHFFFAOYSA-N)
 Chemical potential of the compound in the mixture :         0.33712 kcal/mol
 Log10(partial pressure [mbar])                    :         0.69151
 Free energy of molecule in mix (E_COSMO+dE+Mu)    :   -166101.62346 kcal/mol
 Total mean interaction energy in the mix (H_int)  :        -5.46880 kcal/mol
 Misfit interaction energy in the mix (H_MF)       :         3.10093 kcal/mol
 H-Bond interaction energy in the mix (H_HB)       :        -3.42581 kcal/mol
 VdW interaction energy in the mix (H_vdW)         :        -5.14392 kcal/mol

 Compound: 2  (XWBDWHCCBGMXKG-UHFFFAOYSA-N)
 Chemical potential of the compound in the mixture :         1.12860 kcal/mol
 Log10(partial pressure [mbar])                    :        -6.59153
 Free energy of molecule in mix (E_COSMO+dE+Mu)    :   -374083.57337 kcal/mol
 Total mean interaction energy in the mix (H_int)  :        -8.69522 kcal/mol
 Misfit interaction energy in the mix (H_MF)       :         3.97271 kcal/mol
 H-Bond interaction energy in the mix (H_HB)       :        -6.01154 kcal/mol
 VdW interaction energy in the mix (H_vdW)         :        -6.65639 kcal/mol



 Compound: 1 Conformer: 1 (XGEGHDBEHXKFPX-UHFFFAOYSA-N)
 Chemical potential of the molecule in the mixture :         0.33712 kcal/mol
 Log10(partial pressure [mbar])                    :         0.69151
 Free energy of molecule in mix (E_COSMO+dE+Mu)    :   -166101.62346 kcal/mol
 Total mean interaction energy in the mix          :        -5.46880 kcal/mol
 Misfit interaction energy in the mix              :         3.10093 kcal/mol
 H-Bond interaction energy in the mix              :        -3.42581 kcal/mol
 VdW interaction energy in the mix                 :        -5.14392 kcal/mol
 Normalized weight factor of molecule in compound  :         1.00000
 Normalized weight factor of molecule in gas phase :         1.00000

 Compound: 2 Conformer: 1 (XWBDWHCCBGMXKG-UHFFFAOYSA-N)
 Chemical potential of the molecule in the mixture :         1.12860 kcal/mol
 Log10(partial pressure [mbar])                    :        -6.59153
 Free energy of molecule in mix (E_COSMO+dE+Mu)    :   -374083.57337 kcal/mol
 Total mean interaction energy in the mix          :        -8.69522 kcal/mol
 Misfit interaction energy in the mix              :         3.97271 kcal/mol
 H-Bond interaction energy in the mix              :        -6.01154 kcal/mol
 VdW interaction energy in the mix                 :        -6.65639 kcal/mol
 Normalized weight factor of molecule in compound  :         1.00000
 Normalized weight factor of molecule in gas phase :         1.00000



 Note: Compound properties are tabulated in /home/comp5/Nastya/mu_CA_update/XGEGHDBEHXKFPX-UHFFFAOYSA-N_XWBDWHCCBGMXKG-UHFFFAOYSA-N.tab
----------------
 END job       2
----------------
