 -----------------------------------------------------------
 BIOVIA COSMOtherm Version 2019 (build: 19.0.5 [65f0de1d5f])
 -----------------------------------------------------------

 Copyright (C) 1999-2019, Dassault Systemes BIOVIA corp, all rights reserved

 Job name   : !! generated by COSMOthermX !!
 Job date   : 08/03/2022
 Job time   : 16:11:43
 Hostname   : unknown
 OS type    : unknown
 Executable : Linux 64-bit

 Reading COSMOtherm parameter file BP_TZVP_C30_1701.ctd from directory /home/comp5/Nastya/COSMOlogic/COSMOthermX19/COSMOtherm/CTDATA-FILES/OLDPARAM/
 Info: # COSMOtherm parameter file ./BP_TZVP_C30_1701.ctd for BP-TZVP optimized COSMO files                                                                  

 Reading COSMOtherm license key license.txt from directory /home/comp5/Nastya/COSMOlogic/COSMOthermX19/licensefiles/

 COSMOtherm license key expiration date 04/26/2025
 COSMOtherm license key version 21
 Customer : 200000000032966
 ID       : LKO1978637

 License keys:
  product                   |    licensed version    | status
 ------------------------------------------------------------------------------ 
  COSMOtherm                |          21            | active
  TURBOMOLE                 |          21            | active
 ------------------------------------------------------------------------------ 
 
 Note: Vapor pressure / property file could not be found for compound 1
 Reading COSMO information for compound 1 conformer 1 from file /home/comp5/Nastya/cosmo/XMIIGOLPHOKFCH-UHFFFAOYSA-N.cosmo
 Note: Gas phase energy file could not be found for compound 1 conformer 1
 Note: converting Gaussian COSMO-file information of compound 1 conformer 1
 
 Reading vapor pressure and property information for compound 2 from file /home/comp5/Nastya/cosmo/SGMZJAMFUVOLNK-UHFFFAOYSA-M.vap
 Reading COSMO information for compound 2 conformer 1 from file /home/comp5/Nastya/cosmo/SGMZJAMFUVOLNK-UHFFFAOYSA-M.cosmo
 Note: Gas phase energy file could not be found for compound 2 conformer 1
 Note: converting Gaussian COSMO-file information of compound 2 conformer 1


 --- Compound 1 (XMIIGOLPHOKFCH-UHFFFAOYSA-N) ---

 Compound Information for compound 1 conformer 1 (COSMO file /home/comp5/Nastya/cosmo/XMIIGOLPHOKFCH-UHFFFAOYSA-N.cosmo)
 Atomic weights         : 111111111111111111111
 E_COSMO+dE             :    -313524.0544 kcal/mol
 E_gas                  :    -313516.2938 kcal/mol
 E_COSMO-E_gas+dE       :         -7.7606 kcal/mol
 E_diel                 :        -10.4989 kcal/mol
 Averaging corr dE      :          0.6654 kcal/mol
 Area                   :        188.1533 A^2
 Volume                 :        191.5193 A^3
 Molecular Weight       :        150.1754 a.m.u.
 Total COSMO charge     :         -0.0017 a.u.
 Dipole moment (t,x,y,z):          2.2970  0.376181  1.869944 -1.279925 Debye                            
 Sigma moments (1-6)    :          0.0000  8.00E+01 -6.185924  1.11E+02 -5.66E+01  2.57E+02              
 H-bond moment (accept) :          1.3552
 H-bond moment (donor)  :          3.2000
 
 WARNING: QM computation level of compound 1 conformer 1 could not be determined - it may differ from the QM level of the parameter set.
 No gas phase energy for compound 1 conformer 1 specified, thus it will be estimated


 --- Compound 2 (SGMZJAMFUVOLNK-UHFFFAOYSA-M) ---

 Compound Information for compound 2 conformer 1 (COSMO file /home/comp5/Nastya/cosmo/SGMZJAMFUVOLNK-UHFFFAOYSA-M.cosmo)
 Atomic weights         : 1111111111111111111111
 E_COSMO+dE             :    -495311.0092 kcal/mol
 E_gas                  :    -495280.9240 kcal/mol
 E_COSMO-E_gas+dE       :        -30.0852 kcal/mol
 E_diel                 :        -43.9005 kcal/mol
 Averaging corr dE      :          0.6451 kcal/mol
 Area                   :        177.0496 A^2
 Volume                 :        188.1524 A^3
 Molecular Weight       :        139.6245 a.m.u.
 Total COSMO charge     :          0.0093 a.u.
 Dipole moment (t,x,y,z):         18.3247 -1.83E+01  0.122140 -1.618568 Debye                            
 Sigma moments (1-6)    :          0.0000  1.72E+02  1.20E+02  3.11E+02  3.77E+02  7.14E+02              
 H-bond moment (accept) :         15.0395
 H-bond moment (donor)  :          0.2290
 
 WARNING: QM computation level of compound 2 conformer 1 could not be determined - it may differ from the QM level of the parameter set.
 No gas phase energy for compound 2 conformer 1 specified, thus it will be estimated


 Total number of processed compounds:    2


----------------
 START job     1
----------------


 Results for mixture 1
 ---------------------
 Temperature          :    321.100 K
 Compound Nr.         :         1         2
 Compound             : XMIIGOLPH SGMZJAMFU
 Mole Fraction        :    1.0000    0.0000

 Compound: 1  (XMIIGOLPHOKFCH-UHFFFAOYSA-N)
 Chemical potential of the compound in the mixture :        -3.15885 kcal/mol
 Log10(partial pressure [mbar])                    :        -0.67610
 Free energy of molecule in mix (E_COSMO+dE+Mu)    :   -313527.21325 kcal/mol
 Total mean interaction energy in the mix (H_int)  :        -8.37747 kcal/mol
 Misfit interaction energy in the mix (H_MF)       :         2.78284 kcal/mol
 H-Bond interaction energy in the mix (H_HB)       :        -2.60445 kcal/mol
 VdW interaction energy in the mix (H_vdW)         :        -8.55585 kcal/mol

 Compound: 2  (SGMZJAMFUVOLNK-UHFFFAOYSA-M)
 Chemical potential of the compound in the mixture :        -2.30792 kcal/mol
 Log10(partial pressure [mbar])                    :       -14.51994
 Free energy of molecule in mix (E_COSMO+dE+Mu)    :   -495313.31716 kcal/mol
 Total mean interaction energy in the mix (H_int)  :       -21.91978 kcal/mol
 Misfit interaction energy in the mix (H_MF)       :         3.24656 kcal/mol
 H-Bond interaction energy in the mix (H_HB)       :       -16.78785 kcal/mol
 VdW interaction energy in the mix (H_vdW)         :        -8.37849 kcal/mol



 Compound: 1 Conformer: 1 (XMIIGOLPHOKFCH-UHFFFAOYSA-N)
 Chemical potential of the molecule in the mixture :        -3.15885 kcal/mol
 Log10(partial pressure [mbar])                    :        -0.67610
 Free energy of molecule in mix (E_COSMO+dE+Mu)    :   -313527.21325 kcal/mol
 Total mean interaction energy in the mix          :        -8.37747 kcal/mol
 Misfit interaction energy in the mix              :         2.78284 kcal/mol
 H-Bond interaction energy in the mix              :        -2.60445 kcal/mol
 VdW interaction energy in the mix                 :        -8.55585 kcal/mol
 Normalized weight factor of molecule in compound  :         1.00000
 Normalized weight factor of molecule in gas phase :         1.00000

 Compound: 2 Conformer: 1 (SGMZJAMFUVOLNK-UHFFFAOYSA-M)
 Chemical potential of the molecule in the mixture :        -2.30792 kcal/mol
 Log10(partial pressure [mbar])                    :       -14.51994
 Free energy of molecule in mix (E_COSMO+dE+Mu)    :   -495313.31716 kcal/mol
 Total mean interaction energy in the mix          :       -21.91978 kcal/mol
 Misfit interaction energy in the mix              :         3.24656 kcal/mol
 H-Bond interaction energy in the mix              :       -16.78785 kcal/mol
 VdW interaction energy in the mix                 :        -8.37849 kcal/mol
 Normalized weight factor of molecule in compound  :         1.00000
 Normalized weight factor of molecule in gas phase :         1.00000



 Note: Compound properties are tabulated in /home/comp5/Nastya/mu_CA_update/XMIIGOLPHOKFCH-UHFFFAOYSA-N_SGMZJAMFUVOLNK-UHFFFAOYSA-M.tab
----------------
 END job       1
----------------
----------------
 START job     2
----------------


 Results for mixture 2
 ---------------------
 Temperature          :    578.150 K
 Compound Nr.         :         1         2
 Compound             : XMIIGOLPH SGMZJAMFU
 Mole Fraction        :    0.0000    1.0000

 Compound: 1  (XMIIGOLPHOKFCH-UHFFFAOYSA-N)
 Chemical potential of the compound in the mixture :        -0.48706 kcal/mol
 Log10(partial pressure [mbar])                    :         3.71105
 Free energy of molecule in mix (E_COSMO+dE+Mu)    :   -313524.54146 kcal/mol
 Total mean interaction energy in the mix (H_int)  :        -0.61824 kcal/mol
 Misfit interaction energy in the mix (H_MF)       :         6.76592 kcal/mol
 H-Bond interaction energy in the mix (H_HB)       :        -0.66301 kcal/mol
 VdW interaction energy in the mix (H_vdW)         :        -6.72114 kcal/mol

 Compound: 2  (SGMZJAMFUVOLNK-UHFFFAOYSA-M)
 Chemical potential of the compound in the mixture :         5.74815 kcal/mol
 Log10(partial pressure [mbar])                    :        -1.94240
 Free energy of molecule in mix (E_COSMO+dE+Mu)    :   -495305.26108 kcal/mol
 Total mean interaction energy in the mix (H_int)  :         1.34719 kcal/mol
 Misfit interaction energy in the mix (H_MF)       :         8.54801 kcal/mol
 H-Bond interaction energy in the mix (H_HB)       :        -0.49990 kcal/mol
 VdW interaction energy in the mix (H_vdW)         :        -6.70093 kcal/mol



 Compound: 1 Conformer: 1 (XMIIGOLPHOKFCH-UHFFFAOYSA-N)
 Chemical potential of the molecule in the mixture :        -0.48706 kcal/mol
 Log10(partial pressure [mbar])                    :         3.71105
 Free energy of molecule in mix (E_COSMO+dE+Mu)    :   -313524.54146 kcal/mol
 Total mean interaction energy in the mix          :        -0.61824 kcal/mol
 Misfit interaction energy in the mix              :         6.76592 kcal/mol
 H-Bond interaction energy in the mix              :        -0.66301 kcal/mol
 VdW interaction energy in the mix                 :        -6.72114 kcal/mol
 Normalized weight factor of molecule in compound  :         1.00000
 Normalized weight factor of molecule in gas phase :         1.00000

 Compound: 2 Conformer: 1 (SGMZJAMFUVOLNK-UHFFFAOYSA-M)
 Chemical potential of the molecule in the mixture :         5.74815 kcal/mol
 Log10(partial pressure [mbar])                    :        -1.94240
 Free energy of molecule in mix (E_COSMO+dE+Mu)    :   -495305.26108 kcal/mol
 Total mean interaction energy in the mix          :         1.34719 kcal/mol
 Misfit interaction energy in the mix              :         8.54801 kcal/mol
 H-Bond interaction energy in the mix              :        -0.49990 kcal/mol
 VdW interaction energy in the mix                 :        -6.70093 kcal/mol
 Normalized weight factor of molecule in compound  :         1.00000
 Normalized weight factor of molecule in gas phase :         1.00000



 Note: Compound properties are tabulated in /home/comp5/Nastya/mu_CA_update/XMIIGOLPHOKFCH-UHFFFAOYSA-N_SGMZJAMFUVOLNK-UHFFFAOYSA-M.tab
----------------
 END job       2
----------------
