 -----------------------------------------------------------
 BIOVIA COSMOtherm Version 2019 (build: 19.0.5 [65f0de1d5f])
 -----------------------------------------------------------

 Copyright (C) 1999-2019, Dassault Systemes BIOVIA corp, all rights reserved

 Job name   : !! generated by COSMOthermX !!
 Job date   : 08/03/2022
 Job time   : 16:12:12
 Hostname   : unknown
 OS type    : unknown
 Executable : Linux 64-bit

 Reading COSMOtherm parameter file BP_TZVP_C30_1701.ctd from directory /home/comp5/Nastya/COSMOlogic/COSMOthermX19/COSMOtherm/CTDATA-FILES/OLDPARAM/
 Info: # COSMOtherm parameter file ./BP_TZVP_C30_1701.ctd for BP-TZVP optimized COSMO files                                                                  

 Reading COSMOtherm license key license.txt from directory /home/comp5/Nastya/COSMOlogic/COSMOthermX19/licensefiles/

 COSMOtherm license key expiration date 04/26/2025
 COSMOtherm license key version 21
 Customer : 200000000032966
 ID       : LKO1978637

 License keys:
  product                   |    licensed version    | status
 ------------------------------------------------------------------------------ 
  COSMOtherm                |          21            | active
  TURBOMOLE                 |          21            | active
 ------------------------------------------------------------------------------ 
 
 Note: Vapor pressure / property file could not be found for compound 1
 Reading COSMO information for compound 1 conformer 1 from file /home/comp5/Nastya/cosmo/ZIBGPFATKBEMQZ-UHFFFAOYSA-N.cosmo
 Note: Gas phase energy file could not be found for compound 1 conformer 1
 Note: converting Gaussian COSMO-file information of compound 1 conformer 1
 
 Reading vapor pressure and property information for compound 2 from file /home/comp5/Nastya/cosmo/BGQMOFGZRJUORO-UHFFFAOYSA-M.vap
 Reading COSMO information for compound 2 conformer 1 from file /home/comp5/Nastya/cosmo/BGQMOFGZRJUORO-UHFFFAOYSA-M.cosmo
 Note: Gas phase energy file could not be found for compound 2 conformer 1
 Note: converting Gaussian COSMO-file information of compound 2 conformer 1


 --- Compound 1 (ZIBGPFATKBEMQZ-UHFFFAOYSA-N) ---

 Compound Information for compound 1 conformer 1 (COSMO file /home/comp5/Nastya/cosmo/ZIBGPFATKBEMQZ-UHFFFAOYSA-N.cosmo)
 Atomic weights         : 111111111111111111111111
 E_COSMO+dE             :    -337680.5771 kcal/mol
 E_gas                  :    -337668.7350 kcal/mol
 E_COSMO-E_gas+dE       :        -11.8421 kcal/mol
 E_diel                 :        -17.0221 kcal/mol
 Averaging corr dE      :          1.0308 kcal/mol
 Area                   :        204.9417 A^2
 Volume                 :        191.5174 A^3
 Molecular Weight       :        150.1737 a.m.u.
 Total COSMO charge     :         -0.0011 a.u.
 Dipole moment (t,x,y,z):          2.8965 -1.212930 -2.525282  0.735785 Debye                            
 Sigma moments (1-6)    :          0.0000  1.29E+02  5.68E+01  2.40E+02  1.46E+02  5.75E+02              
 H-bond moment (accept) :          8.2543
 H-bond moment (donor)  :          3.6342
 
 WARNING: QM computation level of compound 1 conformer 1 could not be determined - it may differ from the QM level of the parameter set.
 No gas phase energy for compound 1 conformer 1 specified, thus it will be estimated


 --- Compound 2 (BGQMOFGZRJUORO-UHFFFAOYSA-M) ---

 Compound Information for compound 2 conformer 1 (COSMO file /home/comp5/Nastya/cosmo/BGQMOFGZRJUORO-UHFFFAOYSA-M.cosmo)
 Atomic weights         : 111111111111111111111111111111111111111111
 E_COSMO+dE             :   -1947478.7869 kcal/mol
 E_gas                  :   -1947450.5719 kcal/mol
 E_COSMO-E_gas+dE       :        -28.2150 kcal/mol
 E_diel                 :        -41.0595 kcal/mol
 Averaging corr dE      :          0.5266 kcal/mol
 Area                   :        285.4279 A^2
 Volume                 :        335.9129 A^3
 Molecular Weight       :        266.2627 a.m.u.
 Total COSMO charge     :          0.0122 a.u.
 Dipole moment (t,x,y,z):         19.3003  1.91E+01  2.523938  0.785725 Debye                            
 Sigma moments (1-6)    :          0.0000  1.61E+02  1.56E+02  3.16E+02  4.62E+02  7.94E+02              
 H-bond moment (accept) :         17.2816
 H-bond moment (donor)  :          0.0103
 
 WARNING: QM computation level of compound 2 conformer 1 could not be determined - it may differ from the QM level of the parameter set.
 No gas phase energy for compound 2 conformer 1 specified, thus it will be estimated


 Total number of processed compounds:    2


----------------
 START job     1
----------------


 Results for mixture 1
 ---------------------
 Temperature          :    263.800 K
 Compound Nr.         :         1         2
 Compound             : ZIBGPFATK BGQMOFGZR
 Mole Fraction        :    1.0000    0.0000

 Compound: 1  (ZIBGPFATKBEMQZ-UHFFFAOYSA-N)
 Chemical potential of the compound in the mixture :        -5.04403 kcal/mol
 Log10(partial pressure [mbar])                    :        -6.33008
 Free energy of molecule in mix (E_COSMO+dE+Mu)    :   -337685.62113 kcal/mol
 Total mean interaction energy in the mix (H_int)  :       -16.11577 kcal/mol
 Misfit interaction energy in the mix (H_MF)       :         3.07457 kcal/mol
 H-Bond interaction energy in the mix (H_HB)       :       -10.03765 kcal/mol
 VdW interaction energy in the mix (H_vdW)         :        -9.15269 kcal/mol

 Compound: 2  (BGQMOFGZRJUORO-UHFFFAOYSA-M)
 Chemical potential of the compound in the mixture :        -3.55337 kcal/mol
 Log10(partial pressure [mbar])                    :       -18.65929
 Free energy of molecule in mix (E_COSMO+dE+Mu)    :  -1947482.34023 kcal/mol
 Total mean interaction energy in the mix (H_int)  :       -21.30959 kcal/mol
 Misfit interaction energy in the mix (H_MF)       :         5.06651 kcal/mol
 H-Bond interaction energy in the mix (H_HB)       :       -12.53827 kcal/mol
 VdW interaction energy in the mix (H_vdW)         :       -13.83783 kcal/mol



 Compound: 1 Conformer: 1 (ZIBGPFATKBEMQZ-UHFFFAOYSA-N)
 Chemical potential of the molecule in the mixture :        -5.04403 kcal/mol
 Log10(partial pressure [mbar])                    :        -6.33008
 Free energy of molecule in mix (E_COSMO+dE+Mu)    :   -337685.62113 kcal/mol
 Total mean interaction energy in the mix          :       -16.11577 kcal/mol
 Misfit interaction energy in the mix              :         3.07457 kcal/mol
 H-Bond interaction energy in the mix              :       -10.03765 kcal/mol
 VdW interaction energy in the mix                 :        -9.15269 kcal/mol
 Normalized weight factor of molecule in compound  :         1.00000
 Normalized weight factor of molecule in gas phase :         1.00000

 Compound: 2 Conformer: 1 (BGQMOFGZRJUORO-UHFFFAOYSA-M)
 Chemical potential of the molecule in the mixture :        -3.55337 kcal/mol
 Log10(partial pressure [mbar])                    :       -18.65929
 Free energy of molecule in mix (E_COSMO+dE+Mu)    :  -1947482.34023 kcal/mol
 Total mean interaction energy in the mix          :       -21.30959 kcal/mol
 Misfit interaction energy in the mix              :         5.06651 kcal/mol
 H-Bond interaction energy in the mix              :       -12.53827 kcal/mol
 VdW interaction energy in the mix                 :       -13.83783 kcal/mol
 Normalized weight factor of molecule in compound  :         1.00000
 Normalized weight factor of molecule in gas phase :         1.00000



 Note: Compound properties are tabulated in /home/comp5/Nastya/mu_CA_update/ZIBGPFATKBEMQZ-UHFFFAOYSA-N_BGQMOFGZRJUORO-UHFFFAOYSA-M.tab
----------------
 END job       1
----------------
----------------
 START job     2
----------------


 Results for mixture 2
 ---------------------
 Temperature          :    583.000 K
 Compound Nr.         :         1         2
 Compound             : ZIBGPFATK BGQMOFGZR
 Mole Fraction        :    0.0000    1.0000

 Compound: 1  (ZIBGPFATKBEMQZ-UHFFFAOYSA-N)
 Chemical potential of the compound in the mixture :         0.80610 kcal/mol
 Log10(partial pressure [mbar])                    :         3.11740
 Free energy of molecule in mix (E_COSMO+dE+Mu)    :   -337679.77100 kcal/mol
 Total mean interaction energy in the mix (H_int)  :        -1.58897 kcal/mol
 Misfit interaction energy in the mix (H_MF)       :         6.58081 kcal/mol
 H-Bond interaction energy in the mix (H_HB)       :        -0.82729 kcal/mol
 VdW interaction energy in the mix (H_vdW)         :        -7.34249 kcal/mol

 Compound: 2  (BGQMOFGZRJUORO-UHFFFAOYSA-M)
 Chemical potential of the compound in the mixture :         4.53650 kcal/mol
 Log10(partial pressure [mbar])                    :        -1.62181
 Free energy of molecule in mix (E_COSMO+dE+Mu)    :  -1947474.25036 kcal/mol
 Total mean interaction energy in the mix (H_int)  :         0.04983 kcal/mol
 Misfit interaction energy in the mix (H_MF)       :        11.35263 kcal/mol
 H-Bond interaction energy in the mix (H_HB)       :        -0.10913 kcal/mol
 VdW interaction energy in the mix (H_vdW)         :       -11.19366 kcal/mol



 Compound: 1 Conformer: 1 (ZIBGPFATKBEMQZ-UHFFFAOYSA-N)
 Chemical potential of the molecule in the mixture :         0.80610 kcal/mol
 Log10(partial pressure [mbar])                    :         3.11740
 Free energy of molecule in mix (E_COSMO+dE+Mu)    :   -337679.77100 kcal/mol
 Total mean interaction energy in the mix          :        -1.58897 kcal/mol
 Misfit interaction energy in the mix              :         6.58081 kcal/mol
 H-Bond interaction energy in the mix              :        -0.82729 kcal/mol
 VdW interaction energy in the mix                 :        -7.34249 kcal/mol
 Normalized weight factor of molecule in compound  :         1.00000
 Normalized weight factor of molecule in gas phase :         1.00000

 Compound: 2 Conformer: 1 (BGQMOFGZRJUORO-UHFFFAOYSA-M)
 Chemical potential of the molecule in the mixture :         4.53650 kcal/mol
 Log10(partial pressure [mbar])                    :        -1.62181
 Free energy of molecule in mix (E_COSMO+dE+Mu)    :  -1947474.25036 kcal/mol
 Total mean interaction energy in the mix          :         0.04983 kcal/mol
 Misfit interaction energy in the mix              :        11.35263 kcal/mol
 H-Bond interaction energy in the mix              :        -0.10913 kcal/mol
 VdW interaction energy in the mix                 :       -11.19366 kcal/mol
 Normalized weight factor of molecule in compound  :         1.00000
 Normalized weight factor of molecule in gas phase :         1.00000



 Note: Compound properties are tabulated in /home/comp5/Nastya/mu_CA_update/ZIBGPFATKBEMQZ-UHFFFAOYSA-N_BGQMOFGZRJUORO-UHFFFAOYSA-M.tab
----------------
 END job       2
----------------
