 -----------------------------------------------------------
 BIOVIA COSMOtherm Version 2019 (build: 19.0.5 [65f0de1d5f])
 -----------------------------------------------------------

 Copyright (C) 1999-2019, Dassault Systemes BIOVIA corp, all rights reserved

 Job name   : !! generated by COSMOthermX !!
 Job date   : 08/03/2022
 Job time   : 16:11:09
 Hostname   : unknown
 OS type    : unknown
 Executable : Linux 64-bit

 Reading COSMOtherm parameter file BP_TZVP_C30_1701.ctd from directory /home/comp5/Nastya/COSMOlogic/COSMOthermX19/COSMOtherm/CTDATA-FILES/OLDPARAM/
 Info: # COSMOtherm parameter file ./BP_TZVP_C30_1701.ctd for BP-TZVP optimized COSMO files                                                                  

 Reading COSMOtherm license key license.txt from directory /home/comp5/Nastya/COSMOlogic/COSMOthermX19/licensefiles/

 COSMOtherm license key expiration date 04/26/2025
 COSMOtherm license key version 21
 Customer : 200000000032966
 ID       : LKO1978637

 License keys:
  product                   |    licensed version    | status
 ------------------------------------------------------------------------------ 
  COSMOtherm                |          21            | active
  TURBOMOLE                 |          21            | active
 ------------------------------------------------------------------------------ 
 
 Note: Vapor pressure / property file could not be found for compound 1
 Reading COSMO information for compound 1 conformer 1 from file /home/comp5/Nastya/cosmo/BJEPYKJPYRNKOW-UHFFFAOYSA-N.cosmo
 Note: Gas phase energy file could not be found for compound 1 conformer 1
 Note: converting Gaussian COSMO-file information of compound 1 conformer 1
 
 Reading vapor pressure and property information for compound 2 from file /home/comp5/Nastya/cosmo/SGMZJAMFUVOLNK-UHFFFAOYSA-M.vap
 Reading COSMO information for compound 2 conformer 1 from file /home/comp5/Nastya/cosmo/SGMZJAMFUVOLNK-UHFFFAOYSA-M.cosmo
 Note: Gas phase energy file could not be found for compound 2 conformer 1
 Note: converting Gaussian COSMO-file information of compound 2 conformer 1


 --- Compound 1 (BJEPYKJPYRNKOW-UHFFFAOYSA-N) ---

 Compound Information for compound 1 conformer 1 (COSMO file /home/comp5/Nastya/cosmo/BJEPYKJPYRNKOW-UHFFFAOYSA-N.cosmo)
 Atomic weights         : 111111111111111
 E_COSMO+dE             :    -334099.8811 kcal/mol
 E_gas                  :    -334085.0840 kcal/mol
 E_COSMO-E_gas+dE       :        -14.7971 kcal/mol
 E_diel                 :        -22.2138 kcal/mol
 Averaging corr dE      :          1.1831 kcal/mol
 Area                   :        151.1022 A^2
 Volume                 :        144.7347 A^3
 Molecular Weight       :        134.0880 a.m.u.
 Total COSMO charge     :          0.0044 a.u.
 Dipole moment (t,x,y,z):          3.5165 -3.473566  0.433213 -0.335720 Debye                            
 Sigma moments (1-6)    :          0.0000  1.61E+02 -3.49E+01  3.32E+02 -1.99E+02  8.80E+02              
 H-bond moment (accept) :          4.7934
 H-bond moment (donor)  :         10.3965
 
 WARNING: QM computation level of compound 1 conformer 1 could not be determined - it may differ from the QM level of the parameter set.
 No gas phase energy for compound 1 conformer 1 specified, thus it will be estimated


 --- Compound 2 (SGMZJAMFUVOLNK-UHFFFAOYSA-M) ---

 Compound Information for compound 2 conformer 1 (COSMO file /home/comp5/Nastya/cosmo/SGMZJAMFUVOLNK-UHFFFAOYSA-M.cosmo)
 Atomic weights         : 1111111111111111111111
 E_COSMO+dE             :    -495311.0092 kcal/mol
 E_gas                  :    -495280.9240 kcal/mol
 E_COSMO-E_gas+dE       :        -30.0852 kcal/mol
 E_diel                 :        -43.9005 kcal/mol
 Averaging corr dE      :          0.6451 kcal/mol
 Area                   :        177.0496 A^2
 Volume                 :        188.1524 A^3
 Molecular Weight       :        139.6245 a.m.u.
 Total COSMO charge     :          0.0093 a.u.
 Dipole moment (t,x,y,z):         18.3247 -1.83E+01  0.122140 -1.618568 Debye                            
 Sigma moments (1-6)    :          0.0000  1.72E+02  1.20E+02  3.11E+02  3.77E+02  7.14E+02              
 H-bond moment (accept) :         15.0395
 H-bond moment (donor)  :          0.2290
 
 WARNING: QM computation level of compound 2 conformer 1 could not be determined - it may differ from the QM level of the parameter set.
 No gas phase energy for compound 2 conformer 1 specified, thus it will be estimated


 Total number of processed compounds:    2


----------------
 START job     1
----------------


 Results for mixture 1
 ---------------------
 Temperature          :    404.300 K
 Compound Nr.         :         1         2
 Compound             : BJEPYKJPY SGMZJAMFU
 Mole Fraction        :    1.0000    0.0000

 Compound: 1  (BJEPYKJPYRNKOW-UHFFFAOYSA-N)
 Chemical potential of the compound in the mixture :         0.92721 kcal/mol
 Log10(partial pressure [mbar])                    :        -0.09511
 Free energy of molecule in mix (E_COSMO+dE+Mu)    :   -334098.95386 kcal/mol
 Total mean interaction energy in the mix (H_int)  :        -8.90831 kcal/mol
 Misfit interaction energy in the mix (H_MF)       :         3.28233 kcal/mol
 H-Bond interaction energy in the mix (H_HB)       :        -7.63070 kcal/mol
 VdW interaction energy in the mix (H_vdW)         :        -4.55994 kcal/mol

 Compound: 2  (SGMZJAMFUVOLNK-UHFFFAOYSA-M)
 Chemical potential of the compound in the mixture :        -0.74108 kcal/mol
 Log10(partial pressure [mbar])                    :        -9.26094
 Free energy of molecule in mix (E_COSMO+dE+Mu)    :   -495311.75031 kcal/mol
 Total mean interaction energy in the mix (H_int)  :       -14.36969 kcal/mol
 Misfit interaction energy in the mix (H_MF)       :         3.67912 kcal/mol
 H-Bond interaction energy in the mix (H_HB)       :       -10.80239 kcal/mol
 VdW interaction energy in the mix (H_vdW)         :        -7.24642 kcal/mol



 Compound: 1 Conformer: 1 (BJEPYKJPYRNKOW-UHFFFAOYSA-N)
 Chemical potential of the molecule in the mixture :         0.92721 kcal/mol
 Log10(partial pressure [mbar])                    :        -0.09511
 Free energy of molecule in mix (E_COSMO+dE+Mu)    :   -334098.95386 kcal/mol
 Total mean interaction energy in the mix          :        -8.90831 kcal/mol
 Misfit interaction energy in the mix              :         3.28233 kcal/mol
 H-Bond interaction energy in the mix              :        -7.63070 kcal/mol
 VdW interaction energy in the mix                 :        -4.55994 kcal/mol
 Normalized weight factor of molecule in compound  :         1.00000
 Normalized weight factor of molecule in gas phase :         1.00000

 Compound: 2 Conformer: 1 (SGMZJAMFUVOLNK-UHFFFAOYSA-M)
 Chemical potential of the molecule in the mixture :        -0.74108 kcal/mol
 Log10(partial pressure [mbar])                    :        -9.26094
 Free energy of molecule in mix (E_COSMO+dE+Mu)    :   -495311.75031 kcal/mol
 Total mean interaction energy in the mix          :       -14.36969 kcal/mol
 Misfit interaction energy in the mix              :         3.67912 kcal/mol
 H-Bond interaction energy in the mix              :       -10.80239 kcal/mol
 VdW interaction energy in the mix                 :        -7.24642 kcal/mol
 Normalized weight factor of molecule in compound  :         1.00000
 Normalized weight factor of molecule in gas phase :         1.00000



 Note: Compound properties are tabulated in /home/comp5/Nastya/mu_CA_update/BJEPYKJPYRNKOW-UHFFFAOYSA-N_SGMZJAMFUVOLNK-UHFFFAOYSA-M.tab
----------------
 END job       1
----------------
----------------
 START job     2
----------------


 Results for mixture 2
 ---------------------
 Temperature          :    578.150 K
 Compound Nr.         :         1         2
 Compound             : BJEPYKJPY SGMZJAMFU
 Mole Fraction        :    0.0000    1.0000

 Compound: 1  (BJEPYKJPYRNKOW-UHFFFAOYSA-N)
 Chemical potential of the compound in the mixture :         1.52275 kcal/mol
 Log10(partial pressure [mbar])                    :         2.23939
 Free energy of molecule in mix (E_COSMO+dE+Mu)    :   -334098.35832 kcal/mol
 Total mean interaction energy in the mix (H_int)  :        -1.99878 kcal/mol
 Misfit interaction energy in the mix (H_MF)       :         5.14634 kcal/mol
 H-Bond interaction energy in the mix (H_HB)       :        -2.19639 kcal/mol
 VdW interaction energy in the mix (H_vdW)         :        -4.94874 kcal/mol

 Compound: 2  (SGMZJAMFUVOLNK-UHFFFAOYSA-M)
 Chemical potential of the compound in the mixture :         5.74815 kcal/mol
 Log10(partial pressure [mbar])                    :        -1.94240
 Free energy of molecule in mix (E_COSMO+dE+Mu)    :   -495305.26108 kcal/mol
 Total mean interaction energy in the mix (H_int)  :         1.34719 kcal/mol
 Misfit interaction energy in the mix (H_MF)       :         8.54801 kcal/mol
 H-Bond interaction energy in the mix (H_HB)       :        -0.49990 kcal/mol
 VdW interaction energy in the mix (H_vdW)         :        -6.70093 kcal/mol



 Compound: 1 Conformer: 1 (BJEPYKJPYRNKOW-UHFFFAOYSA-N)
 Chemical potential of the molecule in the mixture :         1.52275 kcal/mol
 Log10(partial pressure [mbar])                    :         2.23939
 Free energy of molecule in mix (E_COSMO+dE+Mu)    :   -334098.35832 kcal/mol
 Total mean interaction energy in the mix          :        -1.99878 kcal/mol
 Misfit interaction energy in the mix              :         5.14634 kcal/mol
 H-Bond interaction energy in the mix              :        -2.19639 kcal/mol
 VdW interaction energy in the mix                 :        -4.94874 kcal/mol
 Normalized weight factor of molecule in compound  :         1.00000
 Normalized weight factor of molecule in gas phase :         1.00000

 Compound: 2 Conformer: 1 (SGMZJAMFUVOLNK-UHFFFAOYSA-M)
 Chemical potential of the molecule in the mixture :         5.74815 kcal/mol
 Log10(partial pressure [mbar])                    :        -1.94240
 Free energy of molecule in mix (E_COSMO+dE+Mu)    :   -495305.26108 kcal/mol
 Total mean interaction energy in the mix          :         1.34719 kcal/mol
 Misfit interaction energy in the mix              :         8.54801 kcal/mol
 H-Bond interaction energy in the mix              :        -0.49990 kcal/mol
 VdW interaction energy in the mix                 :        -6.70093 kcal/mol
 Normalized weight factor of molecule in compound  :         1.00000
 Normalized weight factor of molecule in gas phase :         1.00000



 Note: Compound properties are tabulated in /home/comp5/Nastya/mu_CA_update/BJEPYKJPYRNKOW-UHFFFAOYSA-N_SGMZJAMFUVOLNK-UHFFFAOYSA-M.tab
----------------
 END job       2
----------------
