 -----------------------------------------------------------
 BIOVIA COSMOtherm Version 2019 (build: 19.0.5 [65f0de1d5f])
 -----------------------------------------------------------

 Copyright (C) 1999-2019, Dassault Systemes BIOVIA corp, all rights reserved

 Job name   : !! generated by COSMOthermX !!
 Job date   : 08/03/2022
 Job time   : 16:10:41
 Hostname   : unknown
 OS type    : unknown
 Executable : Linux 64-bit

 Reading COSMOtherm parameter file BP_TZVP_C30_1701.ctd from directory /home/comp5/Nastya/COSMOlogic/COSMOthermX19/COSMOtherm/CTDATA-FILES/OLDPARAM/
 Info: # COSMOtherm parameter file ./BP_TZVP_C30_1701.ctd for BP-TZVP optimized COSMO files                                                                  

 Reading COSMOtherm license key license.txt from directory /home/comp5/Nastya/COSMOlogic/COSMOthermX19/licensefiles/

 COSMOtherm license key expiration date 04/26/2025
 COSMOtherm license key version 21
 Customer : 200000000032966
 ID       : LKO1978637

 License keys:
  product                   |    licensed version    | status
 ------------------------------------------------------------------------------ 
  COSMOtherm                |          21            | active
  TURBOMOLE                 |          21            | active
 ------------------------------------------------------------------------------ 
 
 Reading vapor pressure and property information for compound 1 from file /home/comp5/Nastya/cosmo/BXWNKGSJHAJOGX-UHFFFAOYSA-N.vap
 Reading COSMO information for compound 1 conformer 1 from file /home/comp5/Nastya/cosmo/BXWNKGSJHAJOGX-UHFFFAOYSA-N.cosmo
 Note: Gas phase energy file could not be found for compound 1 conformer 1
 Note: converting Gaussian COSMO-file information of compound 1 conformer 1
 
 Reading vapor pressure and property information for compound 2 from file /home/comp5/Nastya/cosmo/SGMZJAMFUVOLNK-UHFFFAOYSA-M.vap
 Reading COSMO information for compound 2 conformer 1 from file /home/comp5/Nastya/cosmo/SGMZJAMFUVOLNK-UHFFFAOYSA-M.cosmo
 Note: Gas phase energy file could not be found for compound 2 conformer 1
 Note: converting Gaussian COSMO-file information of compound 2 conformer 1


 --- Compound 1 (BXWNKGSJHAJOGX-UHFFFAOYSA-N) ---

 Compound Information for compound 1 conformer 1 (COSMO file /home/comp5/Nastya/cosmo/BXWNKGSJHAJOGX-UHFFFAOYSA-N.cosmo)
 Atomic weights         : 111111111111111111111111111111111111111111111111111
 E_COSMO+dE             :    -442796.2977 kcal/mol
 E_gas                  :    -442790.8374 kcal/mol
 E_COSMO-E_gas+dE       :         -5.4603 kcal/mol
 E_diel                 :         -7.2315 kcal/mol
 Averaging corr dE      :          0.5111 kcal/mol
 Area                   :        367.5167 A^2
 Volume                 :        376.9499 A^3
 Molecular Weight       :        242.4421 a.m.u.
 Total COSMO charge     :         -0.0124 a.u.
 Dipole moment (t,x,y,z):          2.2189 -0.304006  2.197986  0.006862 Debye                            
 Sigma moments (1-6)    :          0.0000  5.66E+01  2.16E+01  9.66E+01  6.32E+01  2.41E+02              
 H-bond moment (accept) :          3.4904
 H-bond moment (donor)  :          1.4616
 
 WARNING: QM computation level of compound 1 conformer 1 could not be determined - it may differ from the QM level of the parameter set.
 No gas phase energy for compound 1 conformer 1 specified, thus it will be estimated


 --- Compound 2 (SGMZJAMFUVOLNK-UHFFFAOYSA-M) ---

 Compound Information for compound 2 conformer 1 (COSMO file /home/comp5/Nastya/cosmo/SGMZJAMFUVOLNK-UHFFFAOYSA-M.cosmo)
 Atomic weights         : 1111111111111111111111
 E_COSMO+dE             :    -495311.0092 kcal/mol
 E_gas                  :    -495280.9240 kcal/mol
 E_COSMO-E_gas+dE       :        -30.0852 kcal/mol
 E_diel                 :        -43.9005 kcal/mol
 Averaging corr dE      :          0.6451 kcal/mol
 Area                   :        177.0496 A^2
 Volume                 :        188.1524 A^3
 Molecular Weight       :        139.6245 a.m.u.
 Total COSMO charge     :          0.0093 a.u.
 Dipole moment (t,x,y,z):         18.3247 -1.83E+01  0.122140 -1.618568 Debye                            
 Sigma moments (1-6)    :          0.0000  1.72E+02  1.20E+02  3.11E+02  3.77E+02  7.14E+02              
 H-bond moment (accept) :         15.0395
 H-bond moment (donor)  :          0.2290
 
 WARNING: QM computation level of compound 2 conformer 1 could not be determined - it may differ from the QM level of the parameter set.
 No gas phase energy for compound 2 conformer 1 specified, thus it will be estimated


 Total number of processed compounds:    2


----------------
 START job     1
----------------


 Results for mixture 1
 ---------------------
 Temperature          :    324.400 K
 Compound Nr.         :         1         2
 Compound             : BXWNKGSJH SGMZJAMFU
 Mole Fraction        :    1.0000    0.0000

 Compound: 1  (BXWNKGSJHAJOGX-UHFFFAOYSA-N)
 Chemical potential of the compound in the mixture :       -10.05330 kcal/mol
 Log10(partial pressure [mbar])                    :        -2.93028
 Free energy of molecule in mix (E_COSMO+dE+Mu)    :   -442806.35101 kcal/mol
 Total mean interaction energy in the mix (H_int)  :       -18.91103 kcal/mol
 Misfit interaction energy in the mix (H_MF)       :         2.13648 kcal/mol
 H-Bond interaction energy in the mix (H_HB)       :        -2.95604 kcal/mol
 VdW interaction energy in the mix (H_vdW)         :       -18.09147 kcal/mol

 Compound: 2  (SGMZJAMFUVOLNK-UHFFFAOYSA-M)
 Chemical potential of the compound in the mixture :         5.65394 kcal/mol
 Log10(partial pressure [mbar])                    :        -8.93800
 Free energy of molecule in mix (E_COSMO+dE+Mu)    :   -495305.35529 kcal/mol
 Total mean interaction energy in the mix (H_int)  :       -10.93616 kcal/mol
 Misfit interaction energy in the mix (H_MF)       :         5.62253 kcal/mol
 H-Bond interaction energy in the mix (H_HB)       :        -7.88651 kcal/mol
 VdW interaction energy in the mix (H_vdW)         :        -8.67218 kcal/mol



 Compound: 1 Conformer: 1 (BXWNKGSJHAJOGX-UHFFFAOYSA-N)
 Chemical potential of the molecule in the mixture :       -10.05330 kcal/mol
 Log10(partial pressure [mbar])                    :        -2.93028
 Free energy of molecule in mix (E_COSMO+dE+Mu)    :   -442806.35101 kcal/mol
 Total mean interaction energy in the mix          :       -18.91103 kcal/mol
 Misfit interaction energy in the mix              :         2.13648 kcal/mol
 H-Bond interaction energy in the mix              :        -2.95604 kcal/mol
 VdW interaction energy in the mix                 :       -18.09147 kcal/mol
 Normalized weight factor of molecule in compound  :         1.00000
 Normalized weight factor of molecule in gas phase :         1.00000

 Compound: 2 Conformer: 1 (SGMZJAMFUVOLNK-UHFFFAOYSA-M)
 Chemical potential of the molecule in the mixture :         5.65394 kcal/mol
 Log10(partial pressure [mbar])                    :        -8.93800
 Free energy of molecule in mix (E_COSMO+dE+Mu)    :   -495305.35529 kcal/mol
 Total mean interaction energy in the mix          :       -10.93616 kcal/mol
 Misfit interaction energy in the mix              :         5.62253 kcal/mol
 H-Bond interaction energy in the mix              :        -7.88651 kcal/mol
 VdW interaction energy in the mix                 :        -8.67218 kcal/mol
 Normalized weight factor of molecule in compound  :         1.00000
 Normalized weight factor of molecule in gas phase :         1.00000



 Note: Compound properties are tabulated in /home/comp5/Nastya/mu_CA_update/BXWNKGSJHAJOGX-UHFFFAOYSA-N_SGMZJAMFUVOLNK-UHFFFAOYSA-M.tab
----------------
 END job       1
----------------
----------------
 START job     2
----------------


 Results for mixture 2
 ---------------------
 Temperature          :    578.150 K
 Compound Nr.         :         1         2
 Compound             : BXWNKGSJH SGMZJAMFU
 Mole Fraction        :    0.0000    1.0000

 Compound: 1  (BXWNKGSJHAJOGX-UHFFFAOYSA-N)
 Chemical potential of the compound in the mixture :        -0.40182 kcal/mol
 Log10(partial pressure [mbar])                    :         5.04126
 Free energy of molecule in mix (E_COSMO+dE+Mu)    :   -442796.69953 kcal/mol
 Total mean interaction energy in the mix (H_int)  :        -0.26051 kcal/mol
 Misfit interaction energy in the mix (H_MF)       :        13.74431 kcal/mol
 H-Bond interaction energy in the mix (H_HB)       :        -0.41856 kcal/mol
 VdW interaction energy in the mix (H_vdW)         :       -13.58626 kcal/mol

 Compound: 2  (SGMZJAMFUVOLNK-UHFFFAOYSA-M)
 Chemical potential of the compound in the mixture :         5.74815 kcal/mol
 Log10(partial pressure [mbar])                    :        -1.94240
 Free energy of molecule in mix (E_COSMO+dE+Mu)    :   -495305.26108 kcal/mol
 Total mean interaction energy in the mix (H_int)  :         1.34719 kcal/mol
 Misfit interaction energy in the mix (H_MF)       :         8.54801 kcal/mol
 H-Bond interaction energy in the mix (H_HB)       :        -0.49990 kcal/mol
 VdW interaction energy in the mix (H_vdW)         :        -6.70093 kcal/mol



 Compound: 1 Conformer: 1 (BXWNKGSJHAJOGX-UHFFFAOYSA-N)
 Chemical potential of the molecule in the mixture :        -0.40182 kcal/mol
 Log10(partial pressure [mbar])                    :         5.04126
 Free energy of molecule in mix (E_COSMO+dE+Mu)    :   -442796.69953 kcal/mol
 Total mean interaction energy in the mix          :        -0.26051 kcal/mol
 Misfit interaction energy in the mix              :        13.74431 kcal/mol
 H-Bond interaction energy in the mix              :        -0.41856 kcal/mol
 VdW interaction energy in the mix                 :       -13.58626 kcal/mol
 Normalized weight factor of molecule in compound  :         1.00000
 Normalized weight factor of molecule in gas phase :         1.00000

 Compound: 2 Conformer: 1 (SGMZJAMFUVOLNK-UHFFFAOYSA-M)
 Chemical potential of the molecule in the mixture :         5.74815 kcal/mol
 Log10(partial pressure [mbar])                    :        -1.94240
 Free energy of molecule in mix (E_COSMO+dE+Mu)    :   -495305.26108 kcal/mol
 Total mean interaction energy in the mix          :         1.34719 kcal/mol
 Misfit interaction energy in the mix              :         8.54801 kcal/mol
 H-Bond interaction energy in the mix              :        -0.49990 kcal/mol
 VdW interaction energy in the mix                 :        -6.70093 kcal/mol
 Normalized weight factor of molecule in compound  :         1.00000
 Normalized weight factor of molecule in gas phase :         1.00000



 Note: Compound properties are tabulated in /home/comp5/Nastya/mu_CA_update/BXWNKGSJHAJOGX-UHFFFAOYSA-N_SGMZJAMFUVOLNK-UHFFFAOYSA-M.tab
----------------
 END job       2
----------------
