 -----------------------------------------------------------
 BIOVIA COSMOtherm Version 2019 (build: 19.0.5 [65f0de1d5f])
 -----------------------------------------------------------

 Copyright (C) 1999-2019, Dassault Systemes BIOVIA corp, all rights reserved

 Job name   : !! generated by COSMOthermX !!
 Job date   : 08/03/2022
 Job time   : 16:10:41
 Hostname   : unknown
 OS type    : unknown
 Executable : Linux 64-bit

 Reading COSMOtherm parameter file BP_TZVP_C30_1701.ctd from directory /home/comp5/Nastya/COSMOlogic/COSMOthermX19/COSMOtherm/CTDATA-FILES/OLDPARAM/
 Info: # COSMOtherm parameter file ./BP_TZVP_C30_1701.ctd for BP-TZVP optimized COSMO files                                                                  

 Reading COSMOtherm license key license.txt from directory /home/comp5/Nastya/COSMOlogic/COSMOthermX19/licensefiles/

 COSMOtherm license key expiration date 04/26/2025
 COSMOtherm license key version 21
 Customer : 200000000032966
 ID       : LKO1978637

 License keys:
  product                   |    licensed version    | status
 ------------------------------------------------------------------------------ 
  COSMOtherm                |          21            | active
  TURBOMOLE                 |          21            | active
 ------------------------------------------------------------------------------ 
 
 Reading vapor pressure and property information for compound 1 from file /home/comp5/Nastya/cosmo/BXWNKGSJHAJOGX-UHFFFAOYSA-N.vap
 Reading COSMO information for compound 1 conformer 1 from file /home/comp5/Nastya/cosmo/BXWNKGSJHAJOGX-UHFFFAOYSA-N.cosmo
 Note: Gas phase energy file could not be found for compound 1 conformer 1
 Note: converting Gaussian COSMO-file information of compound 1 conformer 1
 
 Note: Vapor pressure / property file could not be found for compound 2
 Reading COSMO information for compound 2 conformer 1 from file /home/comp5/Nastya/cosmo/NHGXDBSUJJNIRV-UHFFFAOYSA-M.cosmo
 Note: Gas phase energy file could not be found for compound 2 conformer 1
 Note: converting Gaussian COSMO-file information of compound 2 conformer 1


 --- Compound 1 (BXWNKGSJHAJOGX-UHFFFAOYSA-N) ---

 Compound Information for compound 1 conformer 1 (COSMO file /home/comp5/Nastya/cosmo/BXWNKGSJHAJOGX-UHFFFAOYSA-N.cosmo)
 Atomic weights         : 111111111111111111111111111111111111111111111111111
 E_COSMO+dE             :    -442796.2977 kcal/mol
 E_gas                  :    -442790.8374 kcal/mol
 E_COSMO-E_gas+dE       :         -5.4603 kcal/mol
 E_diel                 :         -7.2315 kcal/mol
 Averaging corr dE      :          0.5111 kcal/mol
 Area                   :        367.5167 A^2
 Volume                 :        376.9499 A^3
 Molecular Weight       :        242.4421 a.m.u.
 Total COSMO charge     :         -0.0124 a.u.
 Dipole moment (t,x,y,z):          2.2189 -0.304006  2.197986  0.006862 Debye                            
 Sigma moments (1-6)    :          0.0000  5.66E+01  2.16E+01  9.66E+01  6.32E+01  2.41E+02              
 H-bond moment (accept) :          3.4904
 H-bond moment (donor)  :          1.4616
 
 WARNING: QM computation level of compound 1 conformer 1 could not be determined - it may differ from the QM level of the parameter set.
 No gas phase energy for compound 1 conformer 1 specified, thus it will be estimated


 --- Compound 2 (NHGXDBSUJJNIRV-UHFFFAOYSA-M) ---

 Compound Information for compound 2 conformer 1 (COSMO file /home/comp5/Nastya/cosmo/NHGXDBSUJJNIRV-UHFFFAOYSA-M.cosmo)
 Atomic weights         : 111111111111111111111111111111111111111111111111111111
 E_COSMO+dE             :    -719517.9701 kcal/mol
 E_gas                  :    -719490.0954 kcal/mol
 E_COSMO-E_gas+dE       :        -27.8747 kcal/mol
 E_diel                 :        -40.6586 kcal/mol
 Averaging corr dE      :          0.5864 kcal/mol
 Area                   :        346.8419 A^2
 Volume                 :        412.6118 A^3
 Molecular Weight       :        277.9185 a.m.u.
 Total COSMO charge     :          0.0092 a.u.
 Dipole moment (t,x,y,z):         18.0212  1.17E+01 -8.942479 -1.03E+01 Debye                            
 Sigma moments (1-6)    :          0.0000  1.71E+02  2.01E+02  4.29E+02  7.39E+02  1.41E+03              
 H-bond moment (accept) :         22.3888
 H-bond moment (donor)  :          0.0050
 
 WARNING: QM computation level of compound 2 conformer 1 could not be determined - it may differ from the QM level of the parameter set.
 No gas phase energy for compound 2 conformer 1 specified, thus it will be estimated


 Total number of processed compounds:    2


----------------
 START job     1
----------------


 Results for mixture 1
 ---------------------
 Temperature          :    324.400 K
 Compound Nr.         :         1         2
 Compound             : BXWNKGSJH NHGXDBSUJ
 Mole Fraction        :    1.0000    0.0000

 Compound: 1  (BXWNKGSJHAJOGX-UHFFFAOYSA-N)
 Chemical potential of the compound in the mixture :       -10.05330 kcal/mol
 Log10(partial pressure [mbar])                    :        -2.93028
 Free energy of molecule in mix (E_COSMO+dE+Mu)    :   -442806.35101 kcal/mol
 Total mean interaction energy in the mix (H_int)  :       -18.91103 kcal/mol
 Misfit interaction energy in the mix (H_MF)       :         2.13648 kcal/mol
 H-Bond interaction energy in the mix (H_HB)       :        -2.95604 kcal/mol
 VdW interaction energy in the mix (H_vdW)         :       -18.09147 kcal/mol

 Compound: 2  (NHGXDBSUJJNIRV-UHFFFAOYSA-M)
 Chemical potential of the compound in the mixture :        -3.20298 kcal/mol
 Log10(partial pressure [mbar])                    :       -13.41563
 Free energy of molecule in mix (E_COSMO+dE+Mu)    :   -719521.17307 kcal/mol
 Total mean interaction energy in the mix (H_int)  :       -26.85534 kcal/mol
 Misfit interaction energy in the mix (H_MF)       :         4.33107 kcal/mol
 H-Bond interaction energy in the mix (H_HB)       :       -13.85952 kcal/mol
 VdW interaction energy in the mix (H_vdW)         :       -17.32690 kcal/mol



 Compound: 1 Conformer: 1 (BXWNKGSJHAJOGX-UHFFFAOYSA-N)
 Chemical potential of the molecule in the mixture :       -10.05330 kcal/mol
 Log10(partial pressure [mbar])                    :        -2.93028
 Free energy of molecule in mix (E_COSMO+dE+Mu)    :   -442806.35101 kcal/mol
 Total mean interaction energy in the mix          :       -18.91103 kcal/mol
 Misfit interaction energy in the mix              :         2.13648 kcal/mol
 H-Bond interaction energy in the mix              :        -2.95604 kcal/mol
 VdW interaction energy in the mix                 :       -18.09147 kcal/mol
 Normalized weight factor of molecule in compound  :         1.00000
 Normalized weight factor of molecule in gas phase :         1.00000

 Compound: 2 Conformer: 1 (NHGXDBSUJJNIRV-UHFFFAOYSA-M)
 Chemical potential of the molecule in the mixture :        -3.20298 kcal/mol
 Log10(partial pressure [mbar])                    :       -13.41563
 Free energy of molecule in mix (E_COSMO+dE+Mu)    :   -719521.17307 kcal/mol
 Total mean interaction energy in the mix          :       -26.85534 kcal/mol
 Misfit interaction energy in the mix              :         4.33107 kcal/mol
 H-Bond interaction energy in the mix              :       -13.85952 kcal/mol
 VdW interaction energy in the mix                 :       -17.32690 kcal/mol
 Normalized weight factor of molecule in compound  :         1.00000
 Normalized weight factor of molecule in gas phase :         1.00000



 Note: Compound properties are tabulated in /home/comp5/Nastya/mu_CA_update/BXWNKGSJHAJOGX-UHFFFAOYSA-N_NHGXDBSUJJNIRV-UHFFFAOYSA-M.tab
----------------
 END job       1
----------------
----------------
 START job     2
----------------


 Results for mixture 2
 ---------------------
 Temperature          :    344.000 K
 Compound Nr.         :         1         2
 Compound             : BXWNKGSJH NHGXDBSUJ
 Mole Fraction        :    0.0000    1.0000

 Compound: 1  (BXWNKGSJHAJOGX-UHFFFAOYSA-N)
 Chemical potential of the compound in the mixture :        -9.79656 kcal/mol
 Log10(partial pressure [mbar])                    :        -2.20594
 Free energy of molecule in mix (E_COSMO+dE+Mu)    :   -442806.09428 kcal/mol
 Total mean interaction energy in the mix (H_int)  :       -15.03026 kcal/mol
 Misfit interaction energy in the mix (H_MF)       :         5.68796 kcal/mol
 H-Bond interaction energy in the mix (H_HB)       :        -2.55629 kcal/mol
 VdW interaction energy in the mix (H_vdW)         :       -18.16192 kcal/mol

 Compound: 2  (NHGXDBSUJJNIRV-UHFFFAOYSA-M)
 Chemical potential of the compound in the mixture :         0.74069 kcal/mol
 Log10(partial pressure [mbar])                    :        -9.75154
 Free energy of molecule in mix (E_COSMO+dE+Mu)    :   -719517.22940 kcal/mol
 Total mean interaction energy in the mix (H_int)  :        -7.15157 kcal/mol
 Misfit interaction energy in the mix (H_MF)       :        10.96627 kcal/mol
 H-Bond interaction energy in the mix (H_HB)       :        -0.57698 kcal/mol
 VdW interaction energy in the mix (H_vdW)         :       -17.54086 kcal/mol



 Compound: 1 Conformer: 1 (BXWNKGSJHAJOGX-UHFFFAOYSA-N)
 Chemical potential of the molecule in the mixture :        -9.79656 kcal/mol
 Log10(partial pressure [mbar])                    :        -2.20594
 Free energy of molecule in mix (E_COSMO+dE+Mu)    :   -442806.09428 kcal/mol
 Total mean interaction energy in the mix          :       -15.03026 kcal/mol
 Misfit interaction energy in the mix              :         5.68796 kcal/mol
 H-Bond interaction energy in the mix              :        -2.55629 kcal/mol
 VdW interaction energy in the mix                 :       -18.16192 kcal/mol
 Normalized weight factor of molecule in compound  :         1.00000
 Normalized weight factor of molecule in gas phase :         1.00000

 Compound: 2 Conformer: 1 (NHGXDBSUJJNIRV-UHFFFAOYSA-M)
 Chemical potential of the molecule in the mixture :         0.74069 kcal/mol
 Log10(partial pressure [mbar])                    :        -9.75154
 Free energy of molecule in mix (E_COSMO+dE+Mu)    :   -719517.22940 kcal/mol
 Total mean interaction energy in the mix          :        -7.15157 kcal/mol
 Misfit interaction energy in the mix              :        10.96627 kcal/mol
 H-Bond interaction energy in the mix              :        -0.57698 kcal/mol
 VdW interaction energy in the mix                 :       -17.54086 kcal/mol
 Normalized weight factor of molecule in compound  :         1.00000
 Normalized weight factor of molecule in gas phase :         1.00000



 Note: Compound properties are tabulated in /home/comp5/Nastya/mu_CA_update/BXWNKGSJHAJOGX-UHFFFAOYSA-N_NHGXDBSUJJNIRV-UHFFFAOYSA-M.tab
----------------
 END job       2
----------------
