 -----------------------------------------------------------
 BIOVIA COSMOtherm Version 2019 (build: 19.0.5 [65f0de1d5f])
 -----------------------------------------------------------

 Copyright (C) 1999-2019, Dassault Systemes BIOVIA corp, all rights reserved

 Job name   : !! generated by COSMOthermX !!
 Job date   : 08/03/2022
 Job time   : 16:10:05
 Hostname   : unknown
 OS type    : unknown
 Executable : Linux 64-bit

 Reading COSMOtherm parameter file BP_TZVP_C30_1701.ctd from directory /home/comp5/Nastya/COSMOlogic/COSMOthermX19/COSMOtherm/CTDATA-FILES/OLDPARAM/
 Info: # COSMOtherm parameter file ./BP_TZVP_C30_1701.ctd for BP-TZVP optimized COSMO files                                                                  

 Reading COSMOtherm license key license.txt from directory /home/comp5/Nastya/COSMOlogic/COSMOthermX19/licensefiles/

 COSMOtherm license key expiration date 04/26/2025
 COSMOtherm license key version 21
 Customer : 200000000032966
 ID       : LKO1978637

 License keys:
  product                   |    licensed version    | status
 ------------------------------------------------------------------------------ 
  COSMOtherm                |          21            | active
  TURBOMOLE                 |          21            | active
 ------------------------------------------------------------------------------ 
 
 Note: Vapor pressure / property file could not be found for compound 1
 Reading COSMO information for compound 1 conformer 1 from file /home/comp5/Nastya/cosmo/DLFVBJFMPXGRIB-UHFFFAOYSA-N.cosmo
 Note: Gas phase energy file could not be found for compound 1 conformer 1
 Note: converting Gaussian COSMO-file information of compound 1 conformer 1
 
 Reading vapor pressure and property information for compound 2 from file /home/comp5/Nastya/cosmo/SGMZJAMFUVOLNK-UHFFFAOYSA-M.vap
 Reading COSMO information for compound 2 conformer 1 from file /home/comp5/Nastya/cosmo/SGMZJAMFUVOLNK-UHFFFAOYSA-M.cosmo
 Note: Gas phase energy file could not be found for compound 2 conformer 1
 Note: converting Gaussian COSMO-file information of compound 2 conformer 1


 --- Compound 1 (DLFVBJFMPXGRIB-UHFFFAOYSA-N) ---

 Compound Information for compound 1 conformer 1 (COSMO file /home/comp5/Nastya/cosmo/DLFVBJFMPXGRIB-UHFFFAOYSA-N.cosmo)
 Atomic weights         : 111111111
 E_COSMO+dE             :    -131347.7502 kcal/mol
 E_gas                  :    -131337.3454 kcal/mol
 E_COSMO-E_gas+dE       :        -10.4048 kcal/mol
 E_diel                 :        -14.0144 kcal/mol
 Averaging corr dE      :          0.4928 kcal/mol
 Area                   :         96.7756 A^2
 Volume                 :         79.3091 A^3
 Molecular Weight       :         59.0674 a.m.u.
 Total COSMO charge     :         -0.0013 a.u.
 Dipole moment (t,x,y,z):          5.5317  0.366289 -5.519589  0.001702 Debye                            
 Sigma moments (1-6)    :          0.0000  8.21E+01  3.04E+01  1.62E+02  1.06E+02  3.89E+02              
 H-bond moment (accept) :          6.0756
 H-bond moment (donor)  :          2.2394
 
 WARNING: QM computation level of compound 1 conformer 1 could not be determined - it may differ from the QM level of the parameter set.
 No gas phase energy for compound 1 conformer 1 specified, thus it will be estimated


 --- Compound 2 (SGMZJAMFUVOLNK-UHFFFAOYSA-M) ---

 Compound Information for compound 2 conformer 1 (COSMO file /home/comp5/Nastya/cosmo/SGMZJAMFUVOLNK-UHFFFAOYSA-M.cosmo)
 Atomic weights         : 1111111111111111111111
 E_COSMO+dE             :    -495311.0092 kcal/mol
 E_gas                  :    -495280.9240 kcal/mol
 E_COSMO-E_gas+dE       :        -30.0852 kcal/mol
 E_diel                 :        -43.9005 kcal/mol
 Averaging corr dE      :          0.6451 kcal/mol
 Area                   :        177.0496 A^2
 Volume                 :        188.1524 A^3
 Molecular Weight       :        139.6245 a.m.u.
 Total COSMO charge     :          0.0093 a.u.
 Dipole moment (t,x,y,z):         18.3247 -1.83E+01  0.122140 -1.618568 Debye                            
 Sigma moments (1-6)    :          0.0000  1.72E+02  1.20E+02  3.11E+02  3.77E+02  7.14E+02              
 H-bond moment (accept) :         15.0395
 H-bond moment (donor)  :          0.2290
 
 WARNING: QM computation level of compound 2 conformer 1 could not be determined - it may differ from the QM level of the parameter set.
 No gas phase energy for compound 2 conformer 1 specified, thus it will be estimated


 Total number of processed compounds:    2


----------------
 START job     1
----------------


 Results for mixture 1
 ---------------------
 Temperature          :    354.060 K
 Compound Nr.         :         1         2
 Compound             : DLFVBJFMP SGMZJAMFU
 Mole Fraction        :    1.0000    0.0000

 Compound: 1  (DLFVBJFMPXGRIB-UHFFFAOYSA-N)
 Chemical potential of the compound in the mixture :        -0.17401 kcal/mol
 Log10(partial pressure [mbar])                    :         0.94095
 Free energy of molecule in mix (E_COSMO+dE+Mu)    :   -131347.92417 kcal/mol
 Total mean interaction energy in the mix (H_int)  :        -4.20958 kcal/mol
 Misfit interaction energy in the mix (H_MF)       :         2.35191 kcal/mol
 H-Bond interaction energy in the mix (H_HB)       :        -2.42003 kcal/mol
 VdW interaction energy in the mix (H_vdW)         :        -4.14147 kcal/mol

 Compound: 2  (SGMZJAMFUVOLNK-UHFFFAOYSA-M)
 Chemical potential of the compound in the mixture :         2.52396 kcal/mol
 Log10(partial pressure [mbar])                    :        -9.54157
 Free energy of molecule in mix (E_COSMO+dE+Mu)    :   -495308.48527 kcal/mol
 Total mean interaction energy in the mix (H_int)  :        -6.70890 kcal/mol
 Misfit interaction energy in the mix (H_MF)       :         5.31882 kcal/mol
 H-Bond interaction energy in the mix (H_HB)       :        -3.93259 kcal/mol
 VdW interaction energy in the mix (H_vdW)         :        -8.09512 kcal/mol



 Compound: 1 Conformer: 1 (DLFVBJFMPXGRIB-UHFFFAOYSA-N)
 Chemical potential of the molecule in the mixture :        -0.17401 kcal/mol
 Log10(partial pressure [mbar])                    :         0.94095
 Free energy of molecule in mix (E_COSMO+dE+Mu)    :   -131347.92417 kcal/mol
 Total mean interaction energy in the mix          :        -4.20958 kcal/mol
 Misfit interaction energy in the mix              :         2.35191 kcal/mol
 H-Bond interaction energy in the mix              :        -2.42003 kcal/mol
 VdW interaction energy in the mix                 :        -4.14147 kcal/mol
 Normalized weight factor of molecule in compound  :         1.00000
 Normalized weight factor of molecule in gas phase :         1.00000

 Compound: 2 Conformer: 1 (SGMZJAMFUVOLNK-UHFFFAOYSA-M)
 Chemical potential of the molecule in the mixture :         2.52396 kcal/mol
 Log10(partial pressure [mbar])                    :        -9.54157
 Free energy of molecule in mix (E_COSMO+dE+Mu)    :   -495308.48527 kcal/mol
 Total mean interaction energy in the mix          :        -6.70890 kcal/mol
 Misfit interaction energy in the mix              :         5.31882 kcal/mol
 H-Bond interaction energy in the mix              :        -3.93259 kcal/mol
 VdW interaction energy in the mix                 :        -8.09512 kcal/mol
 Normalized weight factor of molecule in compound  :         1.00000
 Normalized weight factor of molecule in gas phase :         1.00000



 Note: Compound properties are tabulated in /home/comp5/Nastya/mu_CA_update/DLFVBJFMPXGRIB-UHFFFAOYSA-N_SGMZJAMFUVOLNK-UHFFFAOYSA-M.tab
----------------
 END job       1
----------------
----------------
 START job     2
----------------


 Results for mixture 2
 ---------------------
 Temperature          :    578.150 K
 Compound Nr.         :         1         2
 Compound             : DLFVBJFMP SGMZJAMFU
 Mole Fraction        :    0.0000    1.0000

 Compound: 1  (DLFVBJFMPXGRIB-UHFFFAOYSA-N)
 Chemical potential of the compound in the mixture :         1.00666 kcal/mol
 Log10(partial pressure [mbar])                    :         3.70465
 Free energy of molecule in mix (E_COSMO+dE+Mu)    :   -131346.74350 kcal/mol
 Total mean interaction energy in the mix (H_int)  :         0.29373 kcal/mol
 Misfit interaction energy in the mix (H_MF)       :         4.07083 kcal/mol
 H-Bond interaction energy in the mix (H_HB)       :        -0.40519 kcal/mol
 VdW interaction energy in the mix (H_vdW)         :        -3.37192 kcal/mol

 Compound: 2  (SGMZJAMFUVOLNK-UHFFFAOYSA-M)
 Chemical potential of the compound in the mixture :         5.74815 kcal/mol
 Log10(partial pressure [mbar])                    :        -1.94240
 Free energy of molecule in mix (E_COSMO+dE+Mu)    :   -495305.26108 kcal/mol
 Total mean interaction energy in the mix (H_int)  :         1.34719 kcal/mol
 Misfit interaction energy in the mix (H_MF)       :         8.54801 kcal/mol
 H-Bond interaction energy in the mix (H_HB)       :        -0.49990 kcal/mol
 VdW interaction energy in the mix (H_vdW)         :        -6.70093 kcal/mol



 Compound: 1 Conformer: 1 (DLFVBJFMPXGRIB-UHFFFAOYSA-N)
 Chemical potential of the molecule in the mixture :         1.00666 kcal/mol
 Log10(partial pressure [mbar])                    :         3.70465
 Free energy of molecule in mix (E_COSMO+dE+Mu)    :   -131346.74350 kcal/mol
 Total mean interaction energy in the mix          :         0.29373 kcal/mol
 Misfit interaction energy in the mix              :         4.07083 kcal/mol
 H-Bond interaction energy in the mix              :        -0.40519 kcal/mol
 VdW interaction energy in the mix                 :        -3.37192 kcal/mol
 Normalized weight factor of molecule in compound  :         1.00000
 Normalized weight factor of molecule in gas phase :         1.00000

 Compound: 2 Conformer: 1 (SGMZJAMFUVOLNK-UHFFFAOYSA-M)
 Chemical potential of the molecule in the mixture :         5.74815 kcal/mol
 Log10(partial pressure [mbar])                    :        -1.94240
 Free energy of molecule in mix (E_COSMO+dE+Mu)    :   -495305.26108 kcal/mol
 Total mean interaction energy in the mix          :         1.34719 kcal/mol
 Misfit interaction energy in the mix              :         8.54801 kcal/mol
 H-Bond interaction energy in the mix              :        -0.49990 kcal/mol
 VdW interaction energy in the mix                 :        -6.70093 kcal/mol
 Normalized weight factor of molecule in compound  :         1.00000
 Normalized weight factor of molecule in gas phase :         1.00000



 Note: Compound properties are tabulated in /home/comp5/Nastya/mu_CA_update/DLFVBJFMPXGRIB-UHFFFAOYSA-N_SGMZJAMFUVOLNK-UHFFFAOYSA-M.tab
----------------
 END job       2
----------------
