 -----------------------------------------------------------
 BIOVIA COSMOtherm Version 2019 (build: 19.0.5 [65f0de1d5f])
 -----------------------------------------------------------

 Copyright (C) 1999-2019, Dassault Systemes BIOVIA corp, all rights reserved

 Job name   : !! generated by COSMOthermX !!
 Job date   : 08/03/2022
 Job time   : 16:10:49
 Hostname   : unknown
 OS type    : unknown
 Executable : Linux 64-bit

 Reading COSMOtherm parameter file BP_TZVP_C30_1701.ctd from directory /home/comp5/Nastya/COSMOlogic/COSMOthermX19/COSMOtherm/CTDATA-FILES/OLDPARAM/
 Info: # COSMOtherm parameter file ./BP_TZVP_C30_1701.ctd for BP-TZVP optimized COSMO files                                                                  

 Reading COSMOtherm license key license.txt from directory /home/comp5/Nastya/COSMOlogic/COSMOthermX19/licensefiles/

 COSMOtherm license key expiration date 04/26/2025
 COSMOtherm license key version 21
 Customer : 200000000032966
 ID       : LKO1978637

 License keys:
  product                   |    licensed version    | status
 ------------------------------------------------------------------------------ 
  COSMOtherm                |          21            | active
  TURBOMOLE                 |          21            | active
 ------------------------------------------------------------------------------ 
 
 Note: Vapor pressure / property file could not be found for compound 1
 Reading COSMO information for compound 1 conformer 1 from file /home/comp5/Nastya/cosmo/FUZZWVXGSFPDMH-UHFFFAOYSA-N.cosmo
 Note: Gas phase energy file could not be found for compound 1 conformer 1
 Note: converting Gaussian COSMO-file information of compound 1 conformer 1
 
 Note: Vapor pressure / property file could not be found for compound 2
 Reading COSMO information for compound 2 conformer 1 from file /home/comp5/Nastya/cosmo/NNJVILVZKWQKPM-UHFFFAOYSA-N.cosmo
 Note: Gas phase energy file could not be found for compound 2 conformer 1
 Note: converting Gaussian COSMO-file information of compound 2 conformer 1


 --- Compound 1 (FUZZWVXGSFPDMH-UHFFFAOYSA-N) ---

 Compound Information for compound 1 conformer 1 (COSMO file /home/comp5/Nastya/cosmo/FUZZWVXGSFPDMH-UHFFFAOYSA-N.cosmo)
 Atomic weights         : 11111111111111111111
 E_COSMO+dE             :    -242523.6795 kcal/mol
 E_gas                  :    -242517.2557 kcal/mol
 E_COSMO-E_gas+dE       :         -6.4238 kcal/mol
 E_diel                 :         -8.5195 kcal/mol
 Averaging corr dE      :          0.5333 kcal/mol
 Area                   :        171.4403 A^2
 Volume                 :        162.6214 A^3
 Molecular Weight       :        116.1589 a.m.u.
 Total COSMO charge     :         -0.0005 a.u.
 Dipole moment (t,x,y,z):          2.6377 -1.788709  1.802134  0.714379 Debye                            
 Sigma moments (1-6)    :          0.0000  6.45E+01  3.580009  1.10E+02 -3.72E+01  2.63E+02              
 H-bond moment (accept) :          1.8166
 H-bond moment (donor)  :          3.0659
 
 WARNING: QM computation level of compound 1 conformer 1 could not be determined - it may differ from the QM level of the parameter set.
 No gas phase energy for compound 1 conformer 1 specified, thus it will be estimated


 --- Compound 2 (NNJVILVZKWQKPM-UHFFFAOYSA-N) ---

 Compound Information for compound 2 conformer 1 (COSMO file /home/comp5/Nastya/cosmo/NNJVILVZKWQKPM-UHFFFAOYSA-N.cosmo)
 Atomic weights         : 111111111111111111111111111111111111111
 E_COSMO+dE             :    -459166.3539 kcal/mol
 E_gas                  :    -459153.6556 kcal/mol
 E_COSMO-E_gas+dE       :        -12.6984 kcal/mol
 E_diel                 :        -17.7403 kcal/mol
 Averaging corr dE      :          0.6272 kcal/mol
 Area                   :        282.5996 A^2
 Volume                 :        320.2243 A^3
 Molecular Weight       :        234.3386 a.m.u.
 Total COSMO charge     :         -0.0032 a.u.
 Dipole moment (t,x,y,z):          6.5288  0.199642 -2.301784 -6.106286 Debye                            
 Sigma moments (1-6)    :          0.0000  1.04E+02  8.69E+01  2.58E+02  4.42E+02  1.12E+03              
 H-bond moment (accept) :          9.4067
 H-bond moment (donor)  :          1.1811
 
 WARNING: QM computation level of compound 2 conformer 1 could not be determined - it may differ from the QM level of the parameter set.
 No gas phase energy for compound 2 conformer 1 specified, thus it will be estimated


 Total number of processed compounds:    2


----------------
 START job     1
----------------


 Results for mixture 1
 ---------------------
 Temperature          :    270.150 K
 Compound Nr.         :         1         2
 Compound             : FUZZWVXGS NNJVILVZK
 Mole Fraction        :    1.0000    0.0000

 Compound: 1  (FUZZWVXGSFPDMH-UHFFFAOYSA-N)
 Chemical potential of the compound in the mixture :        -4.37490 kcal/mol
 Log10(partial pressure [mbar])                    :        -1.09401
 Free energy of molecule in mix (E_COSMO+dE+Mu)    :   -242528.05442 kcal/mol
 Total mean interaction energy in the mix (H_int)  :        -9.81233 kcal/mol
 Misfit interaction energy in the mix (H_MF)       :         1.87705 kcal/mol
 H-Bond interaction energy in the mix (H_HB)       :        -3.93241 kcal/mol
 VdW interaction energy in the mix (H_vdW)         :        -7.75698 kcal/mol

 Compound: 2  (NNJVILVZKWQKPM-UHFFFAOYSA-N)
 Chemical potential of the compound in the mixture :        -9.88746 kcal/mol
 Log10(partial pressure [mbar])                    :       -11.54654
 Free energy of molecule in mix (E_COSMO+dE+Mu)    :   -459176.24138 kcal/mol
 Total mean interaction energy in the mix (H_int)  :       -21.86743 kcal/mol
 Misfit interaction energy in the mix (H_MF)       :         3.05067 kcal/mol
 H-Bond interaction energy in the mix (H_HB)       :       -11.59444 kcal/mol
 VdW interaction energy in the mix (H_vdW)         :       -13.32366 kcal/mol



 Compound: 1 Conformer: 1 (FUZZWVXGSFPDMH-UHFFFAOYSA-N)
 Chemical potential of the molecule in the mixture :        -4.37490 kcal/mol
 Log10(partial pressure [mbar])                    :        -1.09401
 Free energy of molecule in mix (E_COSMO+dE+Mu)    :   -242528.05442 kcal/mol
 Total mean interaction energy in the mix          :        -9.81233 kcal/mol
 Misfit interaction energy in the mix              :         1.87705 kcal/mol
 H-Bond interaction energy in the mix              :        -3.93241 kcal/mol
 VdW interaction energy in the mix                 :        -7.75698 kcal/mol
 Normalized weight factor of molecule in compound  :         1.00000
 Normalized weight factor of molecule in gas phase :         1.00000

 Compound: 2 Conformer: 1 (NNJVILVZKWQKPM-UHFFFAOYSA-N)
 Chemical potential of the molecule in the mixture :        -9.88746 kcal/mol
 Log10(partial pressure [mbar])                    :       -11.54654
 Free energy of molecule in mix (E_COSMO+dE+Mu)    :   -459176.24138 kcal/mol
 Total mean interaction energy in the mix          :       -21.86743 kcal/mol
 Misfit interaction energy in the mix              :         3.05067 kcal/mol
 H-Bond interaction energy in the mix              :       -11.59444 kcal/mol
 VdW interaction energy in the mix                 :       -13.32366 kcal/mol
 Normalized weight factor of molecule in compound  :         1.00000
 Normalized weight factor of molecule in gas phase :         1.00000



 Note: Compound properties are tabulated in /home/comp5/Nastya/mu_CA_update/FUZZWVXGSFPDMH-UHFFFAOYSA-N_NNJVILVZKWQKPM-UHFFFAOYSA-N.tab
----------------
 END job       1
----------------
----------------
 START job     2
----------------


 Results for mixture 2
 ---------------------
 Temperature          :    341.150 K
 Compound Nr.         :         1         2
 Compound             : FUZZWVXGS NNJVILVZK
 Mole Fraction        :    0.0000    1.0000

 Compound: 1  (FUZZWVXGSFPDMH-UHFFFAOYSA-N)
 Chemical potential of the compound in the mixture :        -5.24741 kcal/mol
 Log10(partial pressure [mbar])                    :         0.01488
 Free energy of molecule in mix (E_COSMO+dE+Mu)    :   -242528.92693 kcal/mol
 Total mean interaction energy in the mix (H_int)  :       -11.14185 kcal/mol
 Misfit interaction energy in the mix (H_MF)       :         2.69763 kcal/mol
 H-Bond interaction energy in the mix (H_HB)       :        -5.99625 kcal/mol
 VdW interaction energy in the mix (H_vdW)         :        -7.84323 kcal/mol

 Compound: 2  (NNJVILVZKWQKPM-UHFFFAOYSA-N)
 Chemical potential of the compound in the mixture :        -3.47288 kcal/mol
 Log10(partial pressure [mbar])                    :        -3.59407
 Free energy of molecule in mix (E_COSMO+dE+Mu)    :   -459169.82680 kcal/mol
 Total mean interaction energy in the mix (H_int)  :       -10.56863 kcal/mol
 Misfit interaction energy in the mix (H_MF)       :         5.02057 kcal/mol
 H-Bond interaction energy in the mix (H_HB)       :        -2.11413 kcal/mol
 VdW interaction energy in the mix (H_vdW)         :       -13.47507 kcal/mol



 Compound: 1 Conformer: 1 (FUZZWVXGSFPDMH-UHFFFAOYSA-N)
 Chemical potential of the molecule in the mixture :        -5.24741 kcal/mol
 Log10(partial pressure [mbar])                    :         0.01488
 Free energy of molecule in mix (E_COSMO+dE+Mu)    :   -242528.92693 kcal/mol
 Total mean interaction energy in the mix          :       -11.14185 kcal/mol
 Misfit interaction energy in the mix              :         2.69763 kcal/mol
 H-Bond interaction energy in the mix              :        -5.99625 kcal/mol
 VdW interaction energy in the mix                 :        -7.84323 kcal/mol
 Normalized weight factor of molecule in compound  :         1.00000
 Normalized weight factor of molecule in gas phase :         1.00000

 Compound: 2 Conformer: 1 (NNJVILVZKWQKPM-UHFFFAOYSA-N)
 Chemical potential of the molecule in the mixture :        -3.47288 kcal/mol
 Log10(partial pressure [mbar])                    :        -3.59407
 Free energy of molecule in mix (E_COSMO+dE+Mu)    :   -459169.82680 kcal/mol
 Total mean interaction energy in the mix          :       -10.56863 kcal/mol
 Misfit interaction energy in the mix              :         5.02057 kcal/mol
 H-Bond interaction energy in the mix              :        -2.11413 kcal/mol
 VdW interaction energy in the mix                 :       -13.47507 kcal/mol
 Normalized weight factor of molecule in compound  :         1.00000
 Normalized weight factor of molecule in gas phase :         1.00000



 Note: Compound properties are tabulated in /home/comp5/Nastya/mu_CA_update/FUZZWVXGSFPDMH-UHFFFAOYSA-N_NNJVILVZKWQKPM-UHFFFAOYSA-N.tab
----------------
 END job       2
----------------
