 -----------------------------------------------------------
 BIOVIA COSMOtherm Version 2019 (build: 19.0.5 [65f0de1d5f])
 -----------------------------------------------------------

 Copyright (C) 1999-2019, Dassault Systemes BIOVIA corp, all rights reserved

 Job name   : !! generated by COSMOthermX !!
 Job date   : 08/03/2022
 Job time   : 16:12:17
 Hostname   : unknown
 OS type    : unknown
 Executable : Linux 64-bit

 Reading COSMOtherm parameter file BP_TZVP_C30_1701.ctd from directory /home/comp5/Nastya/COSMOlogic/COSMOthermX19/COSMOtherm/CTDATA-FILES/OLDPARAM/
 Info: # COSMOtherm parameter file ./BP_TZVP_C30_1701.ctd for BP-TZVP optimized COSMO files                                                                  

 Reading COSMOtherm license key license.txt from directory /home/comp5/Nastya/COSMOlogic/COSMOthermX19/licensefiles/

 COSMOtherm license key expiration date 04/26/2025
 COSMOtherm license key version 21
 Customer : 200000000032966
 ID       : LKO1978637

 License keys:
  product                   |    licensed version    | status
 ------------------------------------------------------------------------------ 
  COSMOtherm                |          21            | active
  TURBOMOLE                 |          21            | active
 ------------------------------------------------------------------------------ 
 
 Note: Vapor pressure / property file could not be found for compound 1
 Reading COSMO information for compound 1 conformer 1 from file /home/comp5/Nastya/cosmo/HEBKCHPVOIAQTA-SCDXWVJYSA-N.cosmo
 Note: Gas phase energy file could not be found for compound 1 conformer 1
 Note: converting Gaussian COSMO-file information of compound 1 conformer 1
 
 Note: Vapor pressure / property file could not be found for compound 2
 Reading COSMO information for compound 2 conformer 1 from file /home/comp5/Nastya/cosmo/SPALIFXDWQTXKS-UHFFFAOYSA-M.cosmo
 Note: Gas phase energy file could not be found for compound 2 conformer 1
 Note: converting Gaussian COSMO-file information of compound 2 conformer 1


 --- Compound 1 (HEBKCHPVOIAQTA-SCDXWVJYSA-N) ---

 Compound Information for compound 1 conformer 1 (COSMO file /home/comp5/Nastya/cosmo/HEBKCHPVOIAQTA-SCDXWVJYSA-N.cosmo)
 Atomic weights         : 1111111111111111111111
 E_COSMO+dE             :    -360249.0239 kcal/mol
 E_gas                  :    -360234.1501 kcal/mol
 E_COSMO-E_gas+dE       :        -14.8738 kcal/mol
 E_diel                 :        -22.7020 kcal/mol
 Averaging corr dE      :          1.3789 kcal/mol
 Area                   :        175.5647 A^2
 Volume                 :        178.0718 A^3
 Molecular Weight       :        152.1464 a.m.u.
 Total COSMO charge     :          0.0007 a.u.
 Dipole moment (t,x,y,z):          4.7532 -4.189080 -0.596165 -2.165419 Debye                            
 Sigma moments (1-6)    :          0.0000  1.68E+02  4.06E+01  3.38E+02  1.25E+02  8.32E+02              
 H-bond moment (accept) :         10.4773
 H-bond moment (donor)  :          6.4227
 
 WARNING: QM computation level of compound 1 conformer 1 could not be determined - it may differ from the QM level of the parameter set.
 No gas phase energy for compound 1 conformer 1 specified, thus it will be estimated


 --- Compound 2 (SPALIFXDWQTXKS-UHFFFAOYSA-M) ---

 Compound Information for compound 2 conformer 1 (COSMO file /home/comp5/Nastya/cosmo/SPALIFXDWQTXKS-UHFFFAOYSA-M.cosmo)
 Atomic weights         : 111111111111111111111111111111111111111111111111111111111111111111
 E_COSMO+dE             :   -2144885.6217 kcal/mol
 E_gas                  :   -2144858.9979 kcal/mol
 E_COSMO-E_gas+dE       :        -26.6238 kcal/mol
 E_diel                 :        -38.9629 kcal/mol
 Averaging corr dE      :          0.6502 kcal/mol
 Area                   :        412.2863 A^2
 Volume                 :        515.4850 A^3
 Molecular Weight       :        378.4761 a.m.u.
 Total COSMO charge     :          0.0035 a.u.
 Dipole moment (t,x,y,z):         19.0657 -1.35E+01  1.10E+01  7.716158 Debye                            
 Sigma moments (1-6)    :          0.0000  1.55E+02  1.53E+02  3.08E+02  4.60E+02  8.04E+02              
 H-bond moment (accept) :         16.6850
 H-bond moment (donor)  :          0.0314
 
 WARNING: QM computation level of compound 2 conformer 1 could not be determined - it may differ from the QM level of the parameter set.
 No gas phase energy for compound 2 conformer 1 specified, thus it will be estimated


 Total number of processed compounds:    2


----------------
 START job     1
----------------


 Results for mixture 1
 ---------------------
 Temperature          :    365.700 K
 Compound Nr.         :         1         2
 Compound             : HEBKCHPVO SPALIFXDW
 Mole Fraction        :    1.0000    0.0000

 Compound: 1  (HEBKCHPVOIAQTA-SCDXWVJYSA-N)
 Chemical potential of the compound in the mixture :        -1.33173 kcal/mol
 Log10(partial pressure [mbar])                    :        -2.23136
 Free energy of molecule in mix (E_COSMO+dE+Mu)    :   -360250.35562 kcal/mol
 Total mean interaction energy in the mix (H_int)  :       -14.62478 kcal/mol
 Misfit interaction energy in the mix (H_MF)       :         3.22194 kcal/mol
 H-Bond interaction energy in the mix (H_HB)       :       -11.13640 kcal/mol
 VdW interaction energy in the mix (H_vdW)         :        -6.71032 kcal/mol

 Compound: 2  (SPALIFXDWQTXKS-UHFFFAOYSA-M)
 Chemical potential of the compound in the mixture :        -2.28566 kcal/mol
 Log10(partial pressure [mbar])                    :        -9.82332
 Free energy of molecule in mix (E_COSMO+dE+Mu)    :  -2144887.90733 kcal/mol
 Total mean interaction energy in the mix (H_int)  :       -19.82391 kcal/mol
 Misfit interaction energy in the mix (H_MF)       :         8.29126 kcal/mol
 H-Bond interaction energy in the mix (H_HB)       :        -9.52696 kcal/mol
 VdW interaction energy in the mix (H_vdW)         :       -18.58821 kcal/mol



 Compound: 1 Conformer: 1 (HEBKCHPVOIAQTA-SCDXWVJYSA-N)
 Chemical potential of the molecule in the mixture :        -1.33173 kcal/mol
 Log10(partial pressure [mbar])                    :        -2.23136
 Free energy of molecule in mix (E_COSMO+dE+Mu)    :   -360250.35562 kcal/mol
 Total mean interaction energy in the mix          :       -14.62478 kcal/mol
 Misfit interaction energy in the mix              :         3.22194 kcal/mol
 H-Bond interaction energy in the mix              :       -11.13640 kcal/mol
 VdW interaction energy in the mix                 :        -6.71032 kcal/mol
 Normalized weight factor of molecule in compound  :         1.00000
 Normalized weight factor of molecule in gas phase :         1.00000

 Compound: 2 Conformer: 1 (SPALIFXDWQTXKS-UHFFFAOYSA-M)
 Chemical potential of the molecule in the mixture :        -2.28566 kcal/mol
 Log10(partial pressure [mbar])                    :        -9.82332
 Free energy of molecule in mix (E_COSMO+dE+Mu)    :  -2144887.90733 kcal/mol
 Total mean interaction energy in the mix          :       -19.82391 kcal/mol
 Misfit interaction energy in the mix              :         8.29126 kcal/mol
 H-Bond interaction energy in the mix              :        -9.52696 kcal/mol
 VdW interaction energy in the mix                 :       -18.58821 kcal/mol
 Normalized weight factor of molecule in compound  :         1.00000
 Normalized weight factor of molecule in gas phase :         1.00000



 Note: Compound properties are tabulated in /home/comp5/Nastya/mu_CA_update/HEBKCHPVOIAQTA-SCDXWVJYSA-N_SPALIFXDWQTXKS-UHFFFAOYSA-M.tab
----------------
 END job       1
----------------
----------------
 START job     2
----------------


 Results for mixture 2
 ---------------------
 Temperature          :    375.900 K
 Compound Nr.         :         1         2
 Compound             : HEBKCHPVO SPALIFXDW
 Mole Fraction        :    0.0000    1.0000

 Compound: 1  (HEBKCHPVOIAQTA-SCDXWVJYSA-N)
 Chemical potential of the compound in the mixture :        -1.59768 kcal/mol
 Log10(partial pressure [mbar])                    :        -2.13766
 Free energy of molecule in mix (E_COSMO+dE+Mu)    :   -360250.62156 kcal/mol
 Total mean interaction energy in the mix (H_int)  :        -9.86375 kcal/mol
 Misfit interaction energy in the mix (H_MF)       :         4.62913 kcal/mol
 H-Bond interaction energy in the mix (H_HB)       :        -6.60153 kcal/mol
 VdW interaction energy in the mix (H_vdW)         :        -7.89136 kcal/mol

 Compound: 2  (SPALIFXDWQTXKS-UHFFFAOYSA-M)
 Chemical potential of the compound in the mixture :        -1.63230 kcal/mol
 Log10(partial pressure [mbar])                    :        -8.98914
 Free energy of molecule in mix (E_COSMO+dE+Mu)    :  -2144887.25397 kcal/mol
 Total mean interaction energy in the mix (H_int)  :       -10.64921 kcal/mol
 Misfit interaction energy in the mix (H_MF)       :        10.35467 kcal/mol
 H-Bond interaction energy in the mix (H_HB)       :        -0.43964 kcal/mol
 VdW interaction energy in the mix (H_vdW)         :       -20.56423 kcal/mol



 Compound: 1 Conformer: 1 (HEBKCHPVOIAQTA-SCDXWVJYSA-N)
 Chemical potential of the molecule in the mixture :        -1.59768 kcal/mol
 Log10(partial pressure [mbar])                    :        -2.13766
 Free energy of molecule in mix (E_COSMO+dE+Mu)    :   -360250.62156 kcal/mol
 Total mean interaction energy in the mix          :        -9.86375 kcal/mol
 Misfit interaction energy in the mix              :         4.62913 kcal/mol
 H-Bond interaction energy in the mix              :        -6.60153 kcal/mol
 VdW interaction energy in the mix                 :        -7.89136 kcal/mol
 Normalized weight factor of molecule in compound  :         1.00000
 Normalized weight factor of molecule in gas phase :         1.00000

 Compound: 2 Conformer: 1 (SPALIFXDWQTXKS-UHFFFAOYSA-M)
 Chemical potential of the molecule in the mixture :        -1.63230 kcal/mol
 Log10(partial pressure [mbar])                    :        -8.98914
 Free energy of molecule in mix (E_COSMO+dE+Mu)    :  -2144887.25397 kcal/mol
 Total mean interaction energy in the mix          :       -10.64921 kcal/mol
 Misfit interaction energy in the mix              :        10.35467 kcal/mol
 H-Bond interaction energy in the mix              :        -0.43964 kcal/mol
 VdW interaction energy in the mix                 :       -20.56423 kcal/mol
 Normalized weight factor of molecule in compound  :         1.00000
 Normalized weight factor of molecule in gas phase :         1.00000



 Note: Compound properties are tabulated in /home/comp5/Nastya/mu_CA_update/HEBKCHPVOIAQTA-SCDXWVJYSA-N_SPALIFXDWQTXKS-UHFFFAOYSA-M.tab
----------------
 END job       2
----------------
