 -----------------------------------------------------------
 BIOVIA COSMOtherm Version 2019 (build: 19.0.5 [65f0de1d5f])
 -----------------------------------------------------------

 Copyright (C) 1999-2019, Dassault Systemes BIOVIA corp, all rights reserved

 Job name   : !! generated by COSMOthermX !!
 Job date   : 08/03/2022
 Job time   : 16:11:58
 Hostname   : unknown
 OS type    : unknown
 Executable : Linux 64-bit

 Reading COSMOtherm parameter file BP_TZVP_C30_1701.ctd from directory /home/comp5/Nastya/COSMOlogic/COSMOthermX19/COSMOtherm/CTDATA-FILES/OLDPARAM/
 Info: # COSMOtherm parameter file ./BP_TZVP_C30_1701.ctd for BP-TZVP optimized COSMO files                                                                  

 Reading COSMOtherm license key license.txt from directory /home/comp5/Nastya/COSMOlogic/COSMOthermX19/licensefiles/

 COSMOtherm license key expiration date 04/26/2025
 COSMOtherm license key version 21
 Customer : 200000000032966
 ID       : LKO1978637

 License keys:
  product                   |    licensed version    | status
 ------------------------------------------------------------------------------ 
  COSMOtherm                |          21            | active
  TURBOMOLE                 |          21            | active
 ------------------------------------------------------------------------------ 
 
 Note: Vapor pressure / property file could not be found for compound 1
 Reading COSMO information for compound 1 conformer 1 from file /home/comp5/Nastya/cosmo/HLZKNKRTKFSKGZ-UHFFFAOYSA-N.cosmo
 Note: Gas phase energy file could not be found for compound 1 conformer 1
 Note: converting Gaussian COSMO-file information of compound 1 conformer 1
 
 Reading vapor pressure and property information for compound 2 from file /home/comp5/Nastya/cosmo/OKIZCWYLBDKLSU-UHFFFAOYSA-M.vap
 Reading COSMO information for compound 2 conformer 1 from file /home/comp5/Nastya/cosmo/OKIZCWYLBDKLSU-UHFFFAOYSA-M.cosmo
 Note: Gas phase energy file could not be found for compound 2 conformer 1
 Note: converting Gaussian COSMO-file information of compound 2 conformer 1


 --- Compound 1 (HLZKNKRTKFSKGZ-UHFFFAOYSA-N) ---

 Compound Information for compound 1 conformer 1 (COSMO file /home/comp5/Nastya/cosmo/HLZKNKRTKFSKGZ-UHFFFAOYSA-N.cosmo)
 Atomic weights         : 111111111111111111111111111111111111111111111
 E_COSMO+dE             :    -393443.9572 kcal/mol
 E_gas                  :    -393438.5835 kcal/mol
 E_COSMO-E_gas+dE       :         -5.3737 kcal/mol
 E_diel                 :         -7.0955 kcal/mol
 Averaging corr dE      :          0.4923 kcal/mol
 Area                   :        327.5384 A^2
 Volume                 :        333.2033 A^3
 Molecular Weight       :        214.3888 a.m.u.
 Total COSMO charge     :         -0.0112 a.u.
 Dipole moment (t,x,y,z):          2.2140 -0.277477  2.196534  0.006493 Debye                            
 Sigma moments (1-6)    :          0.0000  5.53E+01  2.15E+01  9.67E+01  6.34E+01  2.42E+02              
 H-bond moment (accept) :          3.4978
 H-bond moment (donor)  :          1.4628
 
 WARNING: QM computation level of compound 1 conformer 1 could not be determined - it may differ from the QM level of the parameter set.
 No gas phase energy for compound 1 conformer 1 specified, thus it will be estimated


 --- Compound 2 (OKIZCWYLBDKLSU-UHFFFAOYSA-M) ---

 Compound Information for compound 2 conformer 1 (COSMO file /home/comp5/Nastya/cosmo/OKIZCWYLBDKLSU-UHFFFAOYSA-M.cosmo)
 Atomic weights         : 111111111111111111
 E_COSMO+dE             :    -423412.3774 kcal/mol
 E_gas                  :    -423382.2428 kcal/mol
 E_COSMO-E_gas+dE       :        -30.1346 kcal/mol
 E_diel                 :        -43.8520 kcal/mol
 Averaging corr dE      :          0.5618 kcal/mol
 Area                   :        158.2413 A^2
 Volume                 :        157.9064 A^3
 Molecular Weight       :        109.5984 a.m.u.
 Total COSMO charge     :          0.0081 a.u.
 Dipole moment (t,x,y,z):         17.2232 -1.72E+01  0.002295  0.008613 Debye                            
 Sigma moments (1-6)    :          0.0000  1.70E+02  1.50E+02  3.79E+02  5.42E+02  1.05E+03              
 H-bond moment (accept) :         19.0972
 H-bond moment (donor)  :          0.1957
 
 WARNING: QM computation level of compound 2 conformer 1 could not be determined - it may differ from the QM level of the parameter set.
 No gas phase energy for compound 2 conformer 1 specified, thus it will be estimated


 Total number of processed compounds:    2


----------------
 START job     1
----------------


 Results for mixture 1
 ---------------------
 Temperature          :    311.700 K
 Compound Nr.         :         1         2
 Compound             : HLZKNKRTK OKIZCWYLB
 Mole Fraction        :    1.0000    0.0000

 Compound: 1  (HLZKNKRTKFSKGZ-UHFFFAOYSA-N)
 Chemical potential of the compound in the mixture :        -9.22476 kcal/mol
 Log10(partial pressure [mbar])                    :        -2.68996
 Free energy of molecule in mix (E_COSMO+dE+Mu)    :   -393453.18199 kcal/mol
 Total mean interaction energy in the mix (H_int)  :       -17.49076 kcal/mol
 Misfit interaction energy in the mix (H_MF)       :         1.96863 kcal/mol
 H-Bond interaction energy in the mix (H_HB)       :        -3.30499 kcal/mol
 VdW interaction energy in the mix (H_vdW)         :       -16.15439 kcal/mol

 Compound: 2  (OKIZCWYLBDKLSU-UHFFFAOYSA-M)
 Chemical potential of the compound in the mixture :         4.03245 kcal/mol
 Log10(partial pressure [mbar])                    :       -10.75565
 Free energy of molecule in mix (E_COSMO+dE+Mu)    :   -423408.34498 kcal/mol
 Total mean interaction energy in the mix (H_int)  :       -16.43776 kcal/mol
 Misfit interaction energy in the mix (H_MF)       :         4.45636 kcal/mol
 H-Bond interaction energy in the mix (H_HB)       :       -12.99150 kcal/mol
 VdW interaction energy in the mix (H_vdW)         :        -7.90262 kcal/mol



 Compound: 1 Conformer: 1 (HLZKNKRTKFSKGZ-UHFFFAOYSA-N)
 Chemical potential of the molecule in the mixture :        -9.22476 kcal/mol
 Log10(partial pressure [mbar])                    :        -2.68996
 Free energy of molecule in mix (E_COSMO+dE+Mu)    :   -393453.18199 kcal/mol
 Total mean interaction energy in the mix          :       -17.49076 kcal/mol
 Misfit interaction energy in the mix              :         1.96863 kcal/mol
 H-Bond interaction energy in the mix              :        -3.30499 kcal/mol
 VdW interaction energy in the mix                 :       -16.15439 kcal/mol
 Normalized weight factor of molecule in compound  :         1.00000
 Normalized weight factor of molecule in gas phase :         1.00000

 Compound: 2 Conformer: 1 (OKIZCWYLBDKLSU-UHFFFAOYSA-M)
 Chemical potential of the molecule in the mixture :         4.03245 kcal/mol
 Log10(partial pressure [mbar])                    :       -10.75565
 Free energy of molecule in mix (E_COSMO+dE+Mu)    :   -423408.34498 kcal/mol
 Total mean interaction energy in the mix          :       -16.43776 kcal/mol
 Misfit interaction energy in the mix              :         4.45636 kcal/mol
 H-Bond interaction energy in the mix              :       -12.99150 kcal/mol
 VdW interaction energy in the mix                 :        -7.90262 kcal/mol
 Normalized weight factor of molecule in compound  :         1.00000
 Normalized weight factor of molecule in gas phase :         1.00000



 Note: Compound properties are tabulated in /home/comp5/Nastya/mu_CA_update/HLZKNKRTKFSKGZ-UHFFFAOYSA-N_OKIZCWYLBDKLSU-UHFFFAOYSA-M.tab
----------------
 END job       1
----------------
----------------
 START job     2
----------------


 Results for mixture 2
 ---------------------
 Temperature          :    612.870 K
 Compound Nr.         :         1         2
 Compound             : HLZKNKRTK OKIZCWYLB
 Mole Fraction        :    0.0000    1.0000

 Compound: 1  (HLZKNKRTKFSKGZ-UHFFFAOYSA-N)
 Chemical potential of the compound in the mixture :        -0.86399 kcal/mol
 Log10(partial pressure [mbar])                    :         5.01376
 Free energy of molecule in mix (E_COSMO+dE+Mu)    :   -393444.82122 kcal/mol
 Total mean interaction energy in the mix (H_int)  :         1.24683 kcal/mol
 Misfit interaction energy in the mix (H_MF)       :        13.16421 kcal/mol
 H-Bond interaction energy in the mix (H_HB)       :        -0.42589 kcal/mol
 VdW interaction energy in the mix (H_vdW)         :       -11.49149 kcal/mol

 Compound: 2  (OKIZCWYLBDKLSU-UHFFFAOYSA-M)
 Chemical potential of the compound in the mixture :         6.86588 kcal/mol
 Log10(partial pressure [mbar])                    :        -1.05939
 Free energy of molecule in mix (E_COSMO+dE+Mu)    :   -423405.51155 kcal/mol
 Total mean interaction energy in the mix (H_int)  :         3.40280 kcal/mol
 Misfit interaction energy in the mix (H_MF)       :         9.76692 kcal/mol
 H-Bond interaction energy in the mix (H_HB)       :        -0.47605 kcal/mol
 VdW interaction energy in the mix (H_vdW)         :        -5.88808 kcal/mol



 Compound: 1 Conformer: 1 (HLZKNKRTKFSKGZ-UHFFFAOYSA-N)
 Chemical potential of the molecule in the mixture :        -0.86399 kcal/mol
 Log10(partial pressure [mbar])                    :         5.01376
 Free energy of molecule in mix (E_COSMO+dE+Mu)    :   -393444.82122 kcal/mol
 Total mean interaction energy in the mix          :         1.24683 kcal/mol
 Misfit interaction energy in the mix              :        13.16421 kcal/mol
 H-Bond interaction energy in the mix              :        -0.42589 kcal/mol
 VdW interaction energy in the mix                 :       -11.49149 kcal/mol
 Normalized weight factor of molecule in compound  :         1.00000
 Normalized weight factor of molecule in gas phase :         1.00000

 Compound: 2 Conformer: 1 (OKIZCWYLBDKLSU-UHFFFAOYSA-M)
 Chemical potential of the molecule in the mixture :         6.86588 kcal/mol
 Log10(partial pressure [mbar])                    :        -1.05939
 Free energy of molecule in mix (E_COSMO+dE+Mu)    :   -423405.51155 kcal/mol
 Total mean interaction energy in the mix          :         3.40280 kcal/mol
 Misfit interaction energy in the mix              :         9.76692 kcal/mol
 H-Bond interaction energy in the mix              :        -0.47605 kcal/mol
 VdW interaction energy in the mix                 :        -5.88808 kcal/mol
 Normalized weight factor of molecule in compound  :         1.00000
 Normalized weight factor of molecule in gas phase :         1.00000



 Note: Compound properties are tabulated in /home/comp5/Nastya/mu_CA_update/HLZKNKRTKFSKGZ-UHFFFAOYSA-N_OKIZCWYLBDKLSU-UHFFFAOYSA-M.tab
----------------
 END job       2
----------------
