 -----------------------------------------------------------
 BIOVIA COSMOtherm Version 2019 (build: 19.0.5 [65f0de1d5f])
 -----------------------------------------------------------

 Copyright (C) 1999-2019, Dassault Systemes BIOVIA corp, all rights reserved

 Job name   : !! generated by COSMOthermX !!
 Job date   : 08/03/2022
 Job time   : 16:11:34
 Hostname   : unknown
 OS type    : unknown
 Executable : Linux 64-bit

 Reading COSMOtherm parameter file BP_TZVP_C30_1701.ctd from directory /home/comp5/Nastya/COSMOlogic/COSMOthermX19/COSMOtherm/CTDATA-FILES/OLDPARAM/
 Info: # COSMOtherm parameter file ./BP_TZVP_C30_1701.ctd for BP-TZVP optimized COSMO files                                                                  

 Reading COSMOtherm license key license.txt from directory /home/comp5/Nastya/COSMOlogic/COSMOthermX19/licensefiles/

 COSMOtherm license key expiration date 04/26/2025
 COSMOtherm license key version 21
 Customer : 200000000032966
 ID       : LKO1978637

 License keys:
  product                   |    licensed version    | status
 ------------------------------------------------------------------------------ 
  COSMOtherm                |          21            | active
  TURBOMOLE                 |          21            | active
 ------------------------------------------------------------------------------ 
 
 Note: Vapor pressure / property file could not be found for compound 1
 Reading COSMO information for compound 1 conformer 1 from file /home/comp5/Nastya/cosmo/IPCSVZSSVZVIGE-UHFFFAOYSA-N.cosmo
 Note: Gas phase energy file could not be found for compound 1 conformer 1
 Note: converting Gaussian COSMO-file information of compound 1 conformer 1
 
 Note: Vapor pressure / property file could not be found for compound 2
 Reading COSMO information for compound 2 conformer 1 from file /home/comp5/Nastya/cosmo/HEFNNWSXXWATRW-UHFFFAOYSA-N.cosmo
 Note: Gas phase energy file could not be found for compound 2 conformer 1
 Note: converting Gaussian COSMO-file information of compound 2 conformer 1


 --- Compound 1 (IPCSVZSSVZVIGE-UHFFFAOYSA-N) ---

 Compound Information for compound 1 conformer 1 (COSMO file /home/comp5/Nastya/cosmo/IPCSVZSSVZVIGE-UHFFFAOYSA-N.cosmo)
 Atomic weights         : 11111111111111111111111111111111111111111111111111
 E_COSMO+dE             :    -489285.3869 kcal/mol
 E_gas                  :    -489278.5545 kcal/mol
 E_COSMO-E_gas+dE       :         -6.8323 kcal/mol
 E_diel                 :         -9.1917 kcal/mol
 Averaging corr dE      :          0.6299 kcal/mol
 Area                   :        370.6735 A^2
 Volume                 :        382.3013 A^3
 Molecular Weight       :        256.4256 a.m.u.
 Total COSMO charge     :         -0.0084 a.u.
 Dipole moment (t,x,y,z):          2.9239  2.200857  0.248724 -1.908865 Debye                            
 Sigma moments (1-6)    :          0.0000  7.11E+01  4.312203  1.10E+02 -3.70E+01  2.63E+02              
 H-bond moment (accept) :          1.8280
 H-bond moment (donor)  :          3.0802
 
 WARNING: QM computation level of compound 1 conformer 1 could not be determined - it may differ from the QM level of the parameter set.
 No gas phase energy for compound 1 conformer 1 specified, thus it will be estimated


 --- Compound 2 (HEFNNWSXXWATRW-UHFFFAOYSA-N) ---

 Compound Information for compound 2 conformer 1 (COSMO file /home/comp5/Nastya/cosmo/HEFNNWSXXWATRW-UHFFFAOYSA-N.cosmo)
 Atomic weights         : 111111111111111111111111111111111
 E_COSMO+dE             :    -412229.3612 kcal/mol
 E_gas                  :    -412221.4418 kcal/mol
 E_COSMO-E_gas+dE       :         -7.9194 kcal/mol
 E_diel                 :        -10.6830 kcal/mol
 Averaging corr dE      :          0.6404 kcal/mol
 Area                   :        256.5874 A^2
 Volume                 :        279.8755 A^3
 Molecular Weight       :        206.2820 a.m.u.
 Total COSMO charge     :         -0.0027 a.u.
 Dipole moment (t,x,y,z):          2.5554  1.065317 -1.104739  2.043154 Debye                            
 Sigma moments (1-6)    :          0.0000  7.86E+01 -3.156244  1.12E+02 -5.20E+01  2.69E+02              
 H-bond moment (accept) :          1.6159
 H-bond moment (donor)  :          3.2289
 
 WARNING: QM computation level of compound 2 conformer 1 could not be determined - it may differ from the QM level of the parameter set.
 No gas phase energy for compound 2 conformer 1 specified, thus it will be estimated


 Total number of processed compounds:    2


----------------
 START job     1
----------------


 Results for mixture 1
 ---------------------
 Temperature          :    336.800 K
 Compound Nr.         :         1         2
 Compound             : IPCSVZSSV HEFNNWSXX
 Mole Fraction        :    1.0000    0.0000

 Compound: 1  (IPCSVZSSVZVIGE-UHFFFAOYSA-N)
 Chemical potential of the compound in the mixture :        -8.64770 kcal/mol
 Log10(partial pressure [mbar])                    :        -2.54582
 Free energy of molecule in mix (E_COSMO+dE+Mu)    :   -489294.03457 kcal/mol
 Total mean interaction energy in the mix (H_int)  :       -17.25203 kcal/mol
 Misfit interaction energy in the mix (H_MF)       :         2.87898 kcal/mol
 H-Bond interaction energy in the mix (H_HB)       :        -2.52950 kcal/mol
 VdW interaction energy in the mix (H_vdW)         :       -17.60151 kcal/mol

 Compound: 2  (HEFNNWSXXWATRW-UHFFFAOYSA-N)
 Chemical potential of the compound in the mixture :        -4.64874 kcal/mol
 Log10(partial pressure [mbar])                    :        -1.39186
 Free energy of molecule in mix (E_COSMO+dE+Mu)    :   -412234.00994 kcal/mol
 Total mean interaction energy in the mix (H_int)  :       -11.61355 kcal/mol
 Misfit interaction energy in the mix (H_MF)       :         2.74260 kcal/mol
 H-Bond interaction energy in the mix (H_HB)       :        -2.43603 kcal/mol
 VdW interaction energy in the mix (H_vdW)         :       -11.92012 kcal/mol



 Compound: 1 Conformer: 1 (IPCSVZSSVZVIGE-UHFFFAOYSA-N)
 Chemical potential of the molecule in the mixture :        -8.64770 kcal/mol
 Log10(partial pressure [mbar])                    :        -2.54582
 Free energy of molecule in mix (E_COSMO+dE+Mu)    :   -489294.03457 kcal/mol
 Total mean interaction energy in the mix          :       -17.25203 kcal/mol
 Misfit interaction energy in the mix              :         2.87898 kcal/mol
 H-Bond interaction energy in the mix              :        -2.52950 kcal/mol
 VdW interaction energy in the mix                 :       -17.60151 kcal/mol
 Normalized weight factor of molecule in compound  :         1.00000
 Normalized weight factor of molecule in gas phase :         1.00000

 Compound: 2 Conformer: 1 (HEFNNWSXXWATRW-UHFFFAOYSA-N)
 Chemical potential of the molecule in the mixture :        -4.64874 kcal/mol
 Log10(partial pressure [mbar])                    :        -1.39186
 Free energy of molecule in mix (E_COSMO+dE+Mu)    :   -412234.00994 kcal/mol
 Total mean interaction energy in the mix          :       -11.61355 kcal/mol
 Misfit interaction energy in the mix              :         2.74260 kcal/mol
 H-Bond interaction energy in the mix              :        -2.43603 kcal/mol
 VdW interaction energy in the mix                 :       -11.92012 kcal/mol
 Normalized weight factor of molecule in compound  :         1.00000
 Normalized weight factor of molecule in gas phase :         1.00000



 Note: Compound properties are tabulated in /home/comp5/Nastya/mu_CA_update/IPCSVZSSVZVIGE-UHFFFAOYSA-N_HEFNNWSXXWATRW-UHFFFAOYSA-N.tab
----------------
 END job       1
----------------
----------------
 START job     2
----------------


 Results for mixture 2
 ---------------------
 Temperature          :    350.400 K
 Compound Nr.         :         1         2
 Compound             : IPCSVZSSV HEFNNWSXX
 Mole Fraction        :    0.0000    1.0000

 Compound: 1  (IPCSVZSSVZVIGE-UHFFFAOYSA-N)
 Chemical potential of the compound in the mixture :        -8.02293 kcal/mol
 Log10(partial pressure [mbar])                    :        -1.78876
 Free energy of molecule in mix (E_COSMO+dE+Mu)    :   -489293.40980 kcal/mol
 Total mean interaction energy in the mix (H_int)  :       -15.72822 kcal/mol
 Misfit interaction energy in the mix (H_MF)       :         3.83897 kcal/mol
 H-Bond interaction energy in the mix (H_HB)       :        -2.38571 kcal/mol
 VdW interaction energy in the mix (H_vdW)         :       -17.18148 kcal/mol

 Compound: 2  (HEFNNWSXXWATRW-UHFFFAOYSA-N)
 Chemical potential of the compound in the mixture :        -4.59963 kcal/mol
 Log10(partial pressure [mbar])                    :        -1.03863
 Free energy of molecule in mix (E_COSMO+dE+Mu)    :   -412233.96083 kcal/mol
 Total mean interaction energy in the mix (H_int)  :       -10.81587 kcal/mol
 Misfit interaction energy in the mix (H_MF)       :         3.22439 kcal/mol
 H-Bond interaction energy in the mix (H_HB)       :        -2.28308 kcal/mol
 VdW interaction energy in the mix (H_vdW)         :       -11.75718 kcal/mol



 Compound: 1 Conformer: 1 (IPCSVZSSVZVIGE-UHFFFAOYSA-N)
 Chemical potential of the molecule in the mixture :        -8.02293 kcal/mol
 Log10(partial pressure [mbar])                    :        -1.78876
 Free energy of molecule in mix (E_COSMO+dE+Mu)    :   -489293.40980 kcal/mol
 Total mean interaction energy in the mix          :       -15.72822 kcal/mol
 Misfit interaction energy in the mix              :         3.83897 kcal/mol
 H-Bond interaction energy in the mix              :        -2.38571 kcal/mol
 VdW interaction energy in the mix                 :       -17.18148 kcal/mol
 Normalized weight factor of molecule in compound  :         1.00000
 Normalized weight factor of molecule in gas phase :         1.00000

 Compound: 2 Conformer: 1 (HEFNNWSXXWATRW-UHFFFAOYSA-N)
 Chemical potential of the molecule in the mixture :        -4.59963 kcal/mol
 Log10(partial pressure [mbar])                    :        -1.03863
 Free energy of molecule in mix (E_COSMO+dE+Mu)    :   -412233.96083 kcal/mol
 Total mean interaction energy in the mix          :       -10.81587 kcal/mol
 Misfit interaction energy in the mix              :         3.22439 kcal/mol
 H-Bond interaction energy in the mix              :        -2.28308 kcal/mol
 VdW interaction energy in the mix                 :       -11.75718 kcal/mol
 Normalized weight factor of molecule in compound  :         1.00000
 Normalized weight factor of molecule in gas phase :         1.00000



 Note: Compound properties are tabulated in /home/comp5/Nastya/mu_CA_update/IPCSVZSSVZVIGE-UHFFFAOYSA-N_HEFNNWSXXWATRW-UHFFFAOYSA-N.tab
----------------
 END job       2
----------------
