 -----------------------------------------------------------
 BIOVIA COSMOtherm Version 2019 (build: 19.0.5 [65f0de1d5f])
 -----------------------------------------------------------

 Copyright (C) 1999-2019, Dassault Systemes BIOVIA corp, all rights reserved

 Job name   : !! generated by COSMOthermX !!
 Job date   : 08/03/2022
 Job time   : 16:11:02
 Hostname   : unknown
 OS type    : unknown
 Executable : Linux 64-bit

 Reading COSMOtherm parameter file BP_TZVP_C30_1701.ctd from directory /home/comp5/Nastya/COSMOlogic/COSMOthermX19/COSMOtherm/CTDATA-FILES/OLDPARAM/
 Info: # COSMOtherm parameter file ./BP_TZVP_C30_1701.ctd for BP-TZVP optimized COSMO files                                                                  

 Reading COSMOtherm license key license.txt from directory /home/comp5/Nastya/COSMOlogic/COSMOthermX19/licensefiles/

 COSMOtherm license key expiration date 04/26/2025
 COSMOtherm license key version 21
 Customer : 200000000032966
 ID       : LKO1978637

 License keys:
  product                   |    licensed version    | status
 ------------------------------------------------------------------------------ 
  COSMOtherm                |          21            | active
  TURBOMOLE                 |          21            | active
 ------------------------------------------------------------------------------ 
 
 Note: Vapor pressure / property file could not be found for compound 1
 Reading COSMO information for compound 1 conformer 1 from file /home/comp5/Nastya/cosmo/JOOXCMJARBKPKM-UHFFFAOYSA-N.cosmo
 Note: Gas phase energy file could not be found for compound 1 conformer 1
 Note: converting Gaussian COSMO-file information of compound 1 conformer 1
 
 Reading vapor pressure and property information for compound 2 from file /home/comp5/Nastya/cosmo/SGMZJAMFUVOLNK-UHFFFAOYSA-M.vap
 Reading COSMO information for compound 2 conformer 1 from file /home/comp5/Nastya/cosmo/SGMZJAMFUVOLNK-UHFFFAOYSA-M.cosmo
 Note: Gas phase energy file could not be found for compound 2 conformer 1
 Note: converting Gaussian COSMO-file information of compound 2 conformer 1


 --- Compound 1 (JOOXCMJARBKPKM-UHFFFAOYSA-N) ---

 Compound Information for compound 1 conformer 1 (COSMO file /home/comp5/Nastya/cosmo/JOOXCMJARBKPKM-UHFFFAOYSA-N.cosmo)
 Atomic weights         : 1111111111111111
 E_COSMO+dE             :    -264317.2615 kcal/mol
 E_gas                  :    -264305.1319 kcal/mol
 E_COSMO-E_gas+dE       :        -12.1296 kcal/mol
 E_diel                 :        -16.9585 kcal/mol
 Averaging corr dE      :          0.7029 kcal/mol
 Area                   :        148.9402 A^2
 Volume                 :        144.3233 A^3
 Molecular Weight       :        116.1158 a.m.u.
 Total COSMO charge     :          0.0034 a.u.
 Dipole moment (t,x,y,z):          6.3886  3.788718  3.551928 -3.720695 Debye                            
 Sigma moments (1-6)    :          0.0000  1.03E+02  1.69E+01  1.67E+02 -1.08E+01  3.82E+02              
 H-bond moment (accept) :          3.3098
 H-bond moment (donor)  :          3.4855
 
 WARNING: QM computation level of compound 1 conformer 1 could not be determined - it may differ from the QM level of the parameter set.
 No gas phase energy for compound 1 conformer 1 specified, thus it will be estimated


 --- Compound 2 (SGMZJAMFUVOLNK-UHFFFAOYSA-M) ---

 Compound Information for compound 2 conformer 1 (COSMO file /home/comp5/Nastya/cosmo/SGMZJAMFUVOLNK-UHFFFAOYSA-M.cosmo)
 Atomic weights         : 1111111111111111111111
 E_COSMO+dE             :    -495311.0092 kcal/mol
 E_gas                  :    -495280.9240 kcal/mol
 E_COSMO-E_gas+dE       :        -30.0852 kcal/mol
 E_diel                 :        -43.9005 kcal/mol
 Averaging corr dE      :          0.6451 kcal/mol
 Area                   :        177.0496 A^2
 Volume                 :        188.1524 A^3
 Molecular Weight       :        139.6245 a.m.u.
 Total COSMO charge     :          0.0093 a.u.
 Dipole moment (t,x,y,z):         18.3247 -1.83E+01  0.122140 -1.618568 Debye                            
 Sigma moments (1-6)    :          0.0000  1.72E+02  1.20E+02  3.11E+02  3.77E+02  7.14E+02              
 H-bond moment (accept) :         15.0395
 H-bond moment (donor)  :          0.2290
 
 WARNING: QM computation level of compound 2 conformer 1 could not be determined - it may differ from the QM level of the parameter set.
 No gas phase energy for compound 2 conformer 1 specified, thus it will be estimated


 Total number of processed compounds:    2


----------------
 START job     1
----------------


 Results for mixture 1
 ---------------------
 Temperature          :    306.160 K
 Compound Nr.         :         1         2
 Compound             : JOOXCMJAR SGMZJAMFU
 Mole Fraction        :    1.0000    0.0000

 Compound: 1  (JOOXCMJARBKPKM-UHFFFAOYSA-N)
 Chemical potential of the compound in the mixture :        -1.29192 kcal/mol
 Log10(partial pressure [mbar])                    :        -2.02368
 Free energy of molecule in mix (E_COSMO+dE+Mu)    :   -264318.55339 kcal/mol
 Total mean interaction energy in the mix (H_int)  :        -7.62150 kcal/mol
 Misfit interaction energy in the mix (H_MF)       :         2.96024 kcal/mol
 H-Bond interaction energy in the mix (H_HB)       :        -4.51407 kcal/mol
 VdW interaction energy in the mix (H_vdW)         :        -6.06767 kcal/mol

 Compound: 2  (SGMZJAMFUVOLNK-UHFFFAOYSA-M)
 Chemical potential of the compound in the mixture :        -1.37794 kcal/mol
 Log10(partial pressure [mbar])                    :       -14.90231
 Free energy of molecule in mix (E_COSMO+dE+Mu)    :   -495312.38718 kcal/mol
 Total mean interaction energy in the mix (H_int)  :       -19.20747 kcal/mol
 Misfit interaction energy in the mix (H_MF)       :         3.66834 kcal/mol
 H-Bond interaction energy in the mix (H_HB)       :       -14.84363 kcal/mol
 VdW interaction energy in the mix (H_vdW)         :        -8.03218 kcal/mol



 Compound: 1 Conformer: 1 (JOOXCMJARBKPKM-UHFFFAOYSA-N)
 Chemical potential of the molecule in the mixture :        -1.29192 kcal/mol
 Log10(partial pressure [mbar])                    :        -2.02368
 Free energy of molecule in mix (E_COSMO+dE+Mu)    :   -264318.55339 kcal/mol
 Total mean interaction energy in the mix          :        -7.62150 kcal/mol
 Misfit interaction energy in the mix              :         2.96024 kcal/mol
 H-Bond interaction energy in the mix              :        -4.51407 kcal/mol
 VdW interaction energy in the mix                 :        -6.06767 kcal/mol
 Normalized weight factor of molecule in compound  :         1.00000
 Normalized weight factor of molecule in gas phase :         1.00000

 Compound: 2 Conformer: 1 (SGMZJAMFUVOLNK-UHFFFAOYSA-M)
 Chemical potential of the molecule in the mixture :        -1.37794 kcal/mol
 Log10(partial pressure [mbar])                    :       -14.90231
 Free energy of molecule in mix (E_COSMO+dE+Mu)    :   -495312.38718 kcal/mol
 Total mean interaction energy in the mix          :       -19.20747 kcal/mol
 Misfit interaction energy in the mix              :         3.66834 kcal/mol
 H-Bond interaction energy in the mix              :       -14.84363 kcal/mol
 VdW interaction energy in the mix                 :        -8.03218 kcal/mol
 Normalized weight factor of molecule in compound  :         1.00000
 Normalized weight factor of molecule in gas phase :         1.00000



 Note: Compound properties are tabulated in /home/comp5/Nastya/mu_CA_update/JOOXCMJARBKPKM-UHFFFAOYSA-N_SGMZJAMFUVOLNK-UHFFFAOYSA-M.tab
----------------
 END job       1
----------------
----------------
 START job     2
----------------


 Results for mixture 2
 ---------------------
 Temperature          :    578.150 K
 Compound Nr.         :         1         2
 Compound             : JOOXCMJAR SGMZJAMFU
 Mole Fraction        :    0.0000    1.0000

 Compound: 1  (JOOXCMJARBKPKM-UHFFFAOYSA-N)
 Chemical potential of the compound in the mixture :         1.30370 kcal/mol
 Log10(partial pressure [mbar])                    :         3.16493
 Free energy of molecule in mix (E_COSMO+dE+Mu)    :   -264315.95777 kcal/mol
 Total mean interaction energy in the mix (H_int)  :         0.01168 kcal/mol
 Misfit interaction energy in the mix (H_MF)       :         5.89431 kcal/mol
 H-Bond interaction energy in the mix (H_HB)       :        -0.77106 kcal/mol
 VdW interaction energy in the mix (H_vdW)         :        -5.11157 kcal/mol

 Compound: 2  (SGMZJAMFUVOLNK-UHFFFAOYSA-M)
 Chemical potential of the compound in the mixture :         5.74815 kcal/mol
 Log10(partial pressure [mbar])                    :        -1.94240
 Free energy of molecule in mix (E_COSMO+dE+Mu)    :   -495305.26108 kcal/mol
 Total mean interaction energy in the mix (H_int)  :         1.34719 kcal/mol
 Misfit interaction energy in the mix (H_MF)       :         8.54801 kcal/mol
 H-Bond interaction energy in the mix (H_HB)       :        -0.49990 kcal/mol
 VdW interaction energy in the mix (H_vdW)         :        -6.70093 kcal/mol



 Compound: 1 Conformer: 1 (JOOXCMJARBKPKM-UHFFFAOYSA-N)
 Chemical potential of the molecule in the mixture :         1.30370 kcal/mol
 Log10(partial pressure [mbar])                    :         3.16493
 Free energy of molecule in mix (E_COSMO+dE+Mu)    :   -264315.95777 kcal/mol
 Total mean interaction energy in the mix          :         0.01168 kcal/mol
 Misfit interaction energy in the mix              :         5.89431 kcal/mol
 H-Bond interaction energy in the mix              :        -0.77106 kcal/mol
 VdW interaction energy in the mix                 :        -5.11157 kcal/mol
 Normalized weight factor of molecule in compound  :         1.00000
 Normalized weight factor of molecule in gas phase :         1.00000

 Compound: 2 Conformer: 1 (SGMZJAMFUVOLNK-UHFFFAOYSA-M)
 Chemical potential of the molecule in the mixture :         5.74815 kcal/mol
 Log10(partial pressure [mbar])                    :        -1.94240
 Free energy of molecule in mix (E_COSMO+dE+Mu)    :   -495305.26108 kcal/mol
 Total mean interaction energy in the mix          :         1.34719 kcal/mol
 Misfit interaction energy in the mix              :         8.54801 kcal/mol
 H-Bond interaction energy in the mix              :        -0.49990 kcal/mol
 VdW interaction energy in the mix                 :        -6.70093 kcal/mol
 Normalized weight factor of molecule in compound  :         1.00000
 Normalized weight factor of molecule in gas phase :         1.00000



 Note: Compound properties are tabulated in /home/comp5/Nastya/mu_CA_update/JOOXCMJARBKPKM-UHFFFAOYSA-N_SGMZJAMFUVOLNK-UHFFFAOYSA-M.tab
----------------
 END job       2
----------------
