 -----------------------------------------------------------
 BIOVIA COSMOtherm Version 2019 (build: 19.0.5 [65f0de1d5f])
 -----------------------------------------------------------

 Copyright (C) 1999-2019, Dassault Systemes BIOVIA corp, all rights reserved

 Job name   : !! generated by COSMOthermX !!
 Job date   : 08/03/2022
 Job time   : 16:10:49
 Hostname   : unknown
 OS type    : unknown
 Executable : Linux 64-bit

 Reading COSMOtherm parameter file BP_TZVP_C30_1701.ctd from directory /home/comp5/Nastya/COSMOlogic/COSMOthermX19/COSMOtherm/CTDATA-FILES/OLDPARAM/
 Info: # COSMOtherm parameter file ./BP_TZVP_C30_1701.ctd for BP-TZVP optimized COSMO files                                                                  

 Reading COSMOtherm license key license.txt from directory /home/comp5/Nastya/COSMOlogic/COSMOthermX19/licensefiles/

 COSMOtherm license key expiration date 04/26/2025
 COSMOtherm license key version 21
 Customer : 200000000032966
 ID       : LKO1978637

 License keys:
  product                   |    licensed version    | status
 ------------------------------------------------------------------------------ 
  COSMOtherm                |          21            | active
  TURBOMOLE                 |          21            | active
 ------------------------------------------------------------------------------ 
 
 Note: Vapor pressure / property file could not be found for compound 1
 Reading COSMO information for compound 1 conformer 1 from file /home/comp5/Nastya/cosmo/LVHBHZANLOWSRM-UHFFFAOYSA-N.cosmo
 Note: Gas phase energy file could not be found for compound 1 conformer 1
 Note: converting Gaussian COSMO-file information of compound 1 conformer 1
 
 Reading vapor pressure and property information for compound 2 from file /home/comp5/Nastya/cosmo/SGMZJAMFUVOLNK-UHFFFAOYSA-M.vap
 Reading COSMO information for compound 2 conformer 1 from file /home/comp5/Nastya/cosmo/SGMZJAMFUVOLNK-UHFFFAOYSA-M.cosmo
 Note: Gas phase energy file could not be found for compound 2 conformer 1
 Note: converting Gaussian COSMO-file information of compound 2 conformer 1


 --- Compound 1 (LVHBHZANLOWSRM-UHFFFAOYSA-N) ---

 Compound Information for compound 1 conformer 1 (COSMO file /home/comp5/Nastya/cosmo/LVHBHZANLOWSRM-UHFFFAOYSA-N.cosmo)
 Atomic weights         : 111111111111111
 E_COSMO+dE             :    -310784.8469 kcal/mol
 E_gas                  :    -310773.2656 kcal/mol
 E_COSMO-E_gas+dE       :        -11.5812 kcal/mol
 E_diel                 :        -16.4801 kcal/mol
 Averaging corr dE      :          0.9451 kcal/mol
 Area                   :        154.2340 A^2
 Volume                 :        149.3232 A^3
 Molecular Weight       :        130.0993 a.m.u.
 Total COSMO charge     :          0.0034 a.u.
 Dipole moment (t,x,y,z):          4.7498 -3.067969  3.200147  1.705093 Debye                            
 Sigma moments (1-6)    :          0.0000  1.18E+02 -2.88E+01  2.17E+02 -1.66E+02  5.60E+02              
 H-bond moment (accept) :          2.0157
 H-bond moment (donor)  :          7.0790
 
 WARNING: QM computation level of compound 1 conformer 1 could not be determined - it may differ from the QM level of the parameter set.
 No gas phase energy for compound 1 conformer 1 specified, thus it will be estimated


 --- Compound 2 (SGMZJAMFUVOLNK-UHFFFAOYSA-M) ---

 Compound Information for compound 2 conformer 1 (COSMO file /home/comp5/Nastya/cosmo/SGMZJAMFUVOLNK-UHFFFAOYSA-M.cosmo)
 Atomic weights         : 1111111111111111111111
 E_COSMO+dE             :    -495311.0092 kcal/mol
 E_gas                  :    -495280.9240 kcal/mol
 E_COSMO-E_gas+dE       :        -30.0852 kcal/mol
 E_diel                 :        -43.9005 kcal/mol
 Averaging corr dE      :          0.6451 kcal/mol
 Area                   :        177.0496 A^2
 Volume                 :        188.1524 A^3
 Molecular Weight       :        139.6245 a.m.u.
 Total COSMO charge     :          0.0093 a.u.
 Dipole moment (t,x,y,z):         18.3247 -1.83E+01  0.122140 -1.618568 Debye                            
 Sigma moments (1-6)    :          0.0000  1.72E+02  1.20E+02  3.11E+02  3.77E+02  7.14E+02              
 H-bond moment (accept) :         15.0395
 H-bond moment (donor)  :          0.2290
 
 WARNING: QM computation level of compound 2 conformer 1 could not be determined - it may differ from the QM level of the parameter set.
 No gas phase energy for compound 2 conformer 1 specified, thus it will be estimated


 Total number of processed compounds:    2


----------------
 START job     1
----------------


 Results for mixture 1
 ---------------------
 Temperature          :    444.460 K
 Compound Nr.         :         1         2
 Compound             : LVHBHZANL SGMZJAMFU
 Mole Fraction        :    1.0000    0.0000

 Compound: 1  (LVHBHZANLOWSRM-UHFFFAOYSA-N)
 Chemical potential of the compound in the mixture :         0.69903 kcal/mol
 Log10(partial pressure [mbar])                    :         2.00781
 Free energy of molecule in mix (E_COSMO+dE+Mu)    :   -310784.14783 kcal/mol
 Total mean interaction energy in the mix (H_int)  :        -4.17654 kcal/mol
 Misfit interaction energy in the mix (H_MF)       :         3.62116 kcal/mol
 H-Bond interaction energy in the mix (H_HB)       :        -2.59853 kcal/mol
 VdW interaction energy in the mix (H_vdW)         :        -5.19918 kcal/mol

 Compound: 2  (SGMZJAMFUVOLNK-UHFFFAOYSA-M)
 Chemical potential of the compound in the mixture :         1.27865 kcal/mol
 Log10(partial pressure [mbar])                    :        -6.80578
 Free energy of molecule in mix (E_COSMO+dE+Mu)    :   -495309.73058 kcal/mol
 Total mean interaction energy in the mix (H_int)  :       -10.34872 kcal/mol
 Misfit interaction energy in the mix (H_MF)       :         4.40873 kcal/mol
 H-Bond interaction energy in the mix (H_HB)       :        -7.57391 kcal/mol
 VdW interaction energy in the mix (H_vdW)         :        -7.18354 kcal/mol



 Compound: 1 Conformer: 1 (LVHBHZANLOWSRM-UHFFFAOYSA-N)
 Chemical potential of the molecule in the mixture :         0.69903 kcal/mol
 Log10(partial pressure [mbar])                    :         2.00781
 Free energy of molecule in mix (E_COSMO+dE+Mu)    :   -310784.14783 kcal/mol
 Total mean interaction energy in the mix          :        -4.17654 kcal/mol
 Misfit interaction energy in the mix              :         3.62116 kcal/mol
 H-Bond interaction energy in the mix              :        -2.59853 kcal/mol
 VdW interaction energy in the mix                 :        -5.19918 kcal/mol
 Normalized weight factor of molecule in compound  :         1.00000
 Normalized weight factor of molecule in gas phase :         1.00000

 Compound: 2 Conformer: 1 (SGMZJAMFUVOLNK-UHFFFAOYSA-M)
 Chemical potential of the molecule in the mixture :         1.27865 kcal/mol
 Log10(partial pressure [mbar])                    :        -6.80578
 Free energy of molecule in mix (E_COSMO+dE+Mu)    :   -495309.73058 kcal/mol
 Total mean interaction energy in the mix          :       -10.34872 kcal/mol
 Misfit interaction energy in the mix              :         4.40873 kcal/mol
 H-Bond interaction energy in the mix              :        -7.57391 kcal/mol
 VdW interaction energy in the mix                 :        -7.18354 kcal/mol
 Normalized weight factor of molecule in compound  :         1.00000
 Normalized weight factor of molecule in gas phase :         1.00000



 Note: Compound properties are tabulated in /home/comp5/Nastya/mu_CA_update/LVHBHZANLOWSRM-UHFFFAOYSA-N_SGMZJAMFUVOLNK-UHFFFAOYSA-M.tab
----------------
 END job       1
----------------
----------------
 START job     2
----------------


 Results for mixture 2
 ---------------------
 Temperature          :    578.150 K
 Compound Nr.         :         1         2
 Compound             : LVHBHZANL SGMZJAMFU
 Mole Fraction        :    0.0000    1.0000

 Compound: 1  (LVHBHZANLOWSRM-UHFFFAOYSA-N)
 Chemical potential of the compound in the mixture :         0.46116 kcal/mol
 Log10(partial pressure [mbar])                    :         3.05373
 Free energy of molecule in mix (E_COSMO+dE+Mu)    :   -310784.38570 kcal/mol
 Total mean interaction energy in the mix (H_int)  :        -1.31163 kcal/mol
 Misfit interaction energy in the mix (H_MF)       :         5.33966 kcal/mol
 H-Bond interaction energy in the mix (H_HB)       :        -1.45798 kcal/mol
 VdW interaction energy in the mix (H_vdW)         :        -5.19331 kcal/mol

 Compound: 2  (SGMZJAMFUVOLNK-UHFFFAOYSA-M)
 Chemical potential of the compound in the mixture :         5.74815 kcal/mol
 Log10(partial pressure [mbar])                    :        -1.94240
 Free energy of molecule in mix (E_COSMO+dE+Mu)    :   -495305.26108 kcal/mol
 Total mean interaction energy in the mix (H_int)  :         1.34719 kcal/mol
 Misfit interaction energy in the mix (H_MF)       :         8.54801 kcal/mol
 H-Bond interaction energy in the mix (H_HB)       :        -0.49990 kcal/mol
 VdW interaction energy in the mix (H_vdW)         :        -6.70093 kcal/mol



 Compound: 1 Conformer: 1 (LVHBHZANLOWSRM-UHFFFAOYSA-N)
 Chemical potential of the molecule in the mixture :         0.46116 kcal/mol
 Log10(partial pressure [mbar])                    :         3.05373
 Free energy of molecule in mix (E_COSMO+dE+Mu)    :   -310784.38570 kcal/mol
 Total mean interaction energy in the mix          :        -1.31163 kcal/mol
 Misfit interaction energy in the mix              :         5.33966 kcal/mol
 H-Bond interaction energy in the mix              :        -1.45798 kcal/mol
 VdW interaction energy in the mix                 :        -5.19331 kcal/mol
 Normalized weight factor of molecule in compound  :         1.00000
 Normalized weight factor of molecule in gas phase :         1.00000

 Compound: 2 Conformer: 1 (SGMZJAMFUVOLNK-UHFFFAOYSA-M)
 Chemical potential of the molecule in the mixture :         5.74815 kcal/mol
 Log10(partial pressure [mbar])                    :        -1.94240
 Free energy of molecule in mix (E_COSMO+dE+Mu)    :   -495305.26108 kcal/mol
 Total mean interaction energy in the mix          :         1.34719 kcal/mol
 Misfit interaction energy in the mix              :         8.54801 kcal/mol
 H-Bond interaction energy in the mix              :        -0.49990 kcal/mol
 VdW interaction energy in the mix                 :        -6.70093 kcal/mol
 Normalized weight factor of molecule in compound  :         1.00000
 Normalized weight factor of molecule in gas phase :         1.00000



 Note: Compound properties are tabulated in /home/comp5/Nastya/mu_CA_update/LVHBHZANLOWSRM-UHFFFAOYSA-N_SGMZJAMFUVOLNK-UHFFFAOYSA-M.tab
----------------
 END job       2
----------------
