 -----------------------------------------------------------
 BIOVIA COSMOtherm Version 2019 (build: 19.0.5 [65f0de1d5f])
 -----------------------------------------------------------

 Copyright (C) 1999-2019, Dassault Systemes BIOVIA corp, all rights reserved

 Job name   : !! generated by COSMOthermX !!
 Job date   : 08/03/2022
 Job time   : 16:10:31
 Hostname   : unknown
 OS type    : unknown
 Executable : Linux 64-bit

 Reading COSMOtherm parameter file BP_TZVP_C30_1701.ctd from directory /home/comp5/Nastya/COSMOlogic/COSMOthermX19/COSMOtherm/CTDATA-FILES/OLDPARAM/
 Info: # COSMOtherm parameter file ./BP_TZVP_C30_1701.ctd for BP-TZVP optimized COSMO files                                                                  

 Reading COSMOtherm license key license.txt from directory /home/comp5/Nastya/COSMOlogic/COSMOthermX19/licensefiles/

 COSMOtherm license key expiration date 04/26/2025
 COSMOtherm license key version 21
 Customer : 200000000032966
 ID       : LKO1978637

 License keys:
  product                   |    licensed version    | status
 ------------------------------------------------------------------------------ 
  COSMOtherm                |          21            | active
  TURBOMOLE                 |          21            | active
 ------------------------------------------------------------------------------ 
 
 Note: Vapor pressure / property file could not be found for compound 1
 Reading COSMO information for compound 1 conformer 1 from file /home/comp5/Nastya/cosmo/LYCAIKOWRPUZTN-UHFFFAOYSA-N.cosmo
 Note: Gas phase energy file could not be found for compound 1 conformer 1
 Note: converting Gaussian COSMO-file information of compound 1 conformer 1
 
 Note: Vapor pressure / property file could not be found for compound 2
 Reading COSMO information for compound 2 conformer 1 from file /home/comp5/Nastya/cosmo/FBEVECUEMUUFKM-UHFFFAOYSA-M.cosmo
 Note: Gas phase energy file could not be found for compound 2 conformer 1
 Note: converting Gaussian COSMO-file information of compound 2 conformer 1


 --- Compound 1 (LYCAIKOWRPUZTN-UHFFFAOYSA-N) ---

 Compound Information for compound 1 conformer 1 (COSMO file /home/comp5/Nastya/cosmo/LYCAIKOWRPUZTN-UHFFFAOYSA-N.cosmo)
 Atomic weights         : 1111111111
 E_COSMO+dE             :    -144549.2569 kcal/mol
 E_gas                  :    -144541.3854 kcal/mol
 E_COSMO-E_gas+dE       :         -7.8715 kcal/mol
 E_diel                 :        -10.6996 kcal/mol
 Averaging corr dE      :          0.7003 kcal/mol
 Area                   :         99.4396 A^2
 Volume                 :         81.1295 A^3
 Molecular Weight       :         62.0681 a.m.u.
 Total COSMO charge     :         -0.0029 a.u.
 Dipole moment (t,x,y,z):          0.0208  0.001221  0.000216 -0.020802 Debye                            
 Sigma moments (1-6)    :          0.0000  8.67E+01  1.84E+01  1.76E+02  4.89E+01  4.27E+02              
 H-bond moment (accept) :          5.3810
 H-bond moment (donor)  :          3.6973
 
 WARNING: QM computation level of compound 1 conformer 1 could not be determined - it may differ from the QM level of the parameter set.
 No gas phase energy for compound 1 conformer 1 specified, thus it will be estimated


 --- Compound 2 (FBEVECUEMUUFKM-UHFFFAOYSA-M) ---

 Compound Information for compound 2 conformer 1 (COSMO file /home/comp5/Nastya/cosmo/FBEVECUEMUUFKM-UHFFFAOYSA-M.cosmo)
 Atomic weights         : 111111111111111111111111111111111111111111
 E_COSMO+dE             :    -620812.6747 kcal/mol
 E_gas                  :    -620785.1719 kcal/mol
 E_COSMO-E_gas+dE       :        -27.5028 kcal/mol
 E_diel                 :        -40.2405 kcal/mol
 Averaging corr dE      :          0.6655 kcal/mol
 Area                   :        280.8307 A^2
 Volume                 :        329.4602 A^3
 Molecular Weight       :        221.8118 a.m.u.
 Total COSMO charge     :          0.0099 a.u.
 Dipole moment (t,x,y,z):         17.8291 -1.73E+01  3.722837  2.435407 Debye                            
 Sigma moments (1-6)    :          0.0000  1.63E+02  1.84E+02  3.83E+02  6.32E+02  1.16E+03              
 H-bond moment (accept) :         20.5453
 H-bond moment (donor)  :          0.0005
 
 WARNING: QM computation level of compound 2 conformer 1 could not be determined - it may differ from the QM level of the parameter set.
 No gas phase energy for compound 2 conformer 1 specified, thus it will be estimated


 Total number of processed compounds:    2


----------------
 START job     1
----------------


 Results for mixture 1
 ---------------------
 Temperature          :    260.600 K
 Compound Nr.         :         1         2
 Compound             : LYCAIKOWR FBEVECUEM
 Mole Fraction        :    1.0000    0.0000

 Compound: 1  (LYCAIKOWRPUZTN-UHFFFAOYSA-N)
 Chemical potential of the compound in the mixture :        -4.02828 kcal/mol
 Log10(partial pressure [mbar])                    :        -2.31109
 Free energy of molecule in mix (E_COSMO+dE+Mu)    :   -144553.28516 kcal/mol
 Total mean interaction energy in the mix (H_int)  :       -12.20551 kcal/mol
 Misfit interaction energy in the mix (H_MF)       :         1.21214 kcal/mol
 H-Bond interaction energy in the mix (H_HB)       :        -9.18964 kcal/mol
 VdW interaction energy in the mix (H_vdW)         :        -4.22801 kcal/mol

 Compound: 2  (FBEVECUEMUUFKM-UHFFFAOYSA-M)
 Chemical potential of the compound in the mixture :        -8.44982 kcal/mol
 Log10(partial pressure [mbar])                    :       -22.48239
 Free energy of molecule in mix (E_COSMO+dE+Mu)    :   -620821.12449 kcal/mol
 Total mean interaction energy in the mix (H_int)  :       -28.81157 kcal/mol
 Misfit interaction energy in the mix (H_MF)       :         4.07673 kcal/mol
 H-Bond interaction energy in the mix (H_HB)       :       -19.43815 kcal/mol
 VdW interaction energy in the mix (H_vdW)         :       -13.45016 kcal/mol



 Compound: 1 Conformer: 1 (LYCAIKOWRPUZTN-UHFFFAOYSA-N)
 Chemical potential of the molecule in the mixture :        -4.02828 kcal/mol
 Log10(partial pressure [mbar])                    :        -2.31109
 Free energy of molecule in mix (E_COSMO+dE+Mu)    :   -144553.28516 kcal/mol
 Total mean interaction energy in the mix          :       -12.20551 kcal/mol
 Misfit interaction energy in the mix              :         1.21214 kcal/mol
 H-Bond interaction energy in the mix              :        -9.18964 kcal/mol
 VdW interaction energy in the mix                 :        -4.22801 kcal/mol
 Normalized weight factor of molecule in compound  :         1.00000
 Normalized weight factor of molecule in gas phase :         1.00000

 Compound: 2 Conformer: 1 (FBEVECUEMUUFKM-UHFFFAOYSA-M)
 Chemical potential of the molecule in the mixture :        -8.44982 kcal/mol
 Log10(partial pressure [mbar])                    :       -22.48239
 Free energy of molecule in mix (E_COSMO+dE+Mu)    :   -620821.12449 kcal/mol
 Total mean interaction energy in the mix          :       -28.81157 kcal/mol
 Misfit interaction energy in the mix              :         4.07673 kcal/mol
 H-Bond interaction energy in the mix              :       -19.43815 kcal/mol
 VdW interaction energy in the mix                 :       -13.45016 kcal/mol
 Normalized weight factor of molecule in compound  :         1.00000
 Normalized weight factor of molecule in gas phase :         1.00000



 Note: Compound properties are tabulated in /home/comp5/Nastya/mu_CA_update/LYCAIKOWRPUZTN-UHFFFAOYSA-N_FBEVECUEMUUFKM-UHFFFAOYSA-M.tab
----------------
 END job       1
----------------
----------------
 START job     2
----------------


 Results for mixture 2
 ---------------------
 Temperature          :    502.400 K
 Compound Nr.         :         1         2
 Compound             : LYCAIKOWR FBEVECUEM
 Mole Fraction        :    0.0000    1.0000

 Compound: 1  (LYCAIKOWRPUZTN-UHFFFAOYSA-N)
 Chemical potential of the compound in the mixture :        -0.95831 kcal/mol
 Log10(partial pressure [mbar])                    :         3.46709
 Free energy of molecule in mix (E_COSMO+dE+Mu)    :   -144550.21519 kcal/mol
 Total mean interaction energy in the mix (H_int)  :        -2.69785 kcal/mol
 Misfit interaction energy in the mix (H_MF)       :         3.13460 kcal/mol
 H-Bond interaction energy in the mix (H_HB)       :        -1.87267 kcal/mol
 VdW interaction energy in the mix (H_vdW)         :        -3.95978 kcal/mol

 Compound: 2  (FBEVECUEMUUFKM-UHFFFAOYSA-M)
 Chemical potential of the compound in the mixture :         4.50968 kcal/mol
 Log10(partial pressure [mbar])                    :        -2.69399
 Free energy of molecule in mix (E_COSMO+dE+Mu)    :   -620808.16500 kcal/mol
 Total mean interaction energy in the mix (H_int)  :        -0.77630 kcal/mol
 Misfit interaction energy in the mix (H_MF)       :        11.56310 kcal/mol
 H-Bond interaction energy in the mix (H_HB)       :        -0.15778 kcal/mol
 VdW interaction energy in the mix (H_vdW)         :       -12.18162 kcal/mol



 Compound: 1 Conformer: 1 (LYCAIKOWRPUZTN-UHFFFAOYSA-N)
 Chemical potential of the molecule in the mixture :        -0.95831 kcal/mol
 Log10(partial pressure [mbar])                    :         3.46709
 Free energy of molecule in mix (E_COSMO+dE+Mu)    :   -144550.21519 kcal/mol
 Total mean interaction energy in the mix          :        -2.69785 kcal/mol
 Misfit interaction energy in the mix              :         3.13460 kcal/mol
 H-Bond interaction energy in the mix              :        -1.87267 kcal/mol
 VdW interaction energy in the mix                 :        -3.95978 kcal/mol
 Normalized weight factor of molecule in compound  :         1.00000
 Normalized weight factor of molecule in gas phase :         1.00000

 Compound: 2 Conformer: 1 (FBEVECUEMUUFKM-UHFFFAOYSA-M)
 Chemical potential of the molecule in the mixture :         4.50968 kcal/mol
 Log10(partial pressure [mbar])                    :        -2.69399
 Free energy of molecule in mix (E_COSMO+dE+Mu)    :   -620808.16500 kcal/mol
 Total mean interaction energy in the mix          :        -0.77630 kcal/mol
 Misfit interaction energy in the mix              :        11.56310 kcal/mol
 H-Bond interaction energy in the mix              :        -0.15778 kcal/mol
 VdW interaction energy in the mix                 :       -12.18162 kcal/mol
 Normalized weight factor of molecule in compound  :         1.00000
 Normalized weight factor of molecule in gas phase :         1.00000



 Note: Compound properties are tabulated in /home/comp5/Nastya/mu_CA_update/LYCAIKOWRPUZTN-UHFFFAOYSA-N_FBEVECUEMUUFKM-UHFFFAOYSA-M.tab
----------------
 END job       2
----------------
