 -----------------------------------------------------------
 BIOVIA COSMOtherm Version 2019 (build: 19.0.5 [65f0de1d5f])
 -----------------------------------------------------------

 Copyright (C) 1999-2019, Dassault Systemes BIOVIA corp, all rights reserved

 Job name   : !! generated by COSMOthermX !!
 Job date   : 08/03/2022
 Job time   : 16:11:43
 Hostname   : unknown
 OS type    : unknown
 Executable : Linux 64-bit

 Reading COSMOtherm parameter file BP_TZVP_C30_1701.ctd from directory /home/comp5/Nastya/COSMOlogic/COSMOthermX19/COSMOtherm/CTDATA-FILES/OLDPARAM/
 Info: # COSMOtherm parameter file ./BP_TZVP_C30_1701.ctd for BP-TZVP optimized COSMO files                                                                  

 Reading COSMOtherm license key license.txt from directory /home/comp5/Nastya/COSMOlogic/COSMOthermX19/licensefiles/

 COSMOtherm license key expiration date 04/26/2025
 COSMOtherm license key version 21
 Customer : 200000000032966
 ID       : LKO1978637

 License keys:
  product                   |    licensed version    | status
 ------------------------------------------------------------------------------ 
  COSMOtherm                |          21            | active
  TURBOMOLE                 |          21            | active
 ------------------------------------------------------------------------------ 
 
 Note: Vapor pressure / property file could not be found for compound 1
 Reading COSMO information for compound 1 conformer 1 from file /home/comp5/Nastya/cosmo/MVFGUOIZUNYYSO-UHFFFAOYSA-N.cosmo
 Note: Gas phase energy file could not be found for compound 1 conformer 1
 Note: converting Gaussian COSMO-file information of compound 1 conformer 1
 
 Note: Vapor pressure / property file could not be found for compound 2
 Reading COSMO information for compound 2 conformer 1 from file /home/comp5/Nastya/cosmo/NNJVILVZKWQKPM-UHFFFAOYSA-N.cosmo
 Note: Gas phase energy file could not be found for compound 2 conformer 1
 Note: converting Gaussian COSMO-file information of compound 2 conformer 1


 --- Compound 1 (MVFGUOIZUNYYSO-UHFFFAOYSA-N) ---

 Compound Information for compound 1 conformer 1 (COSMO file /home/comp5/Nastya/cosmo/MVFGUOIZUNYYSO-UHFFFAOYSA-N.cosmo)
 Atomic weights         : 111111111111111111111111111111111111
 E_COSMO+dE             :    -434500.4916 kcal/mol
 E_gas                  :    -434491.1747 kcal/mol
 E_COSMO-E_gas+dE       :         -9.3169 kcal/mol
 E_diel                 :        -12.5067 kcal/mol
 Averaging corr dE      :          0.5421 kcal/mol
 Area                   :        272.1004 A^2
 Volume                 :        299.2701 A^3
 Molecular Weight       :        220.3120 a.m.u.
 Total COSMO charge     :          0.0001 a.u.
 Dipole moment (t,x,y,z):          6.6917  4.503479 -3.845110  3.116428 Debye                            
 Sigma moments (1-6)    :          0.0000  7.14E+01  3.63E+01  8.18E+01  9.10E+01  1.61E+02              
 H-bond moment (accept) :          3.4008
 H-bond moment (donor)  :          0.0860
 
 WARNING: QM computation level of compound 1 conformer 1 could not be determined - it may differ from the QM level of the parameter set.
 No gas phase energy for compound 1 conformer 1 specified, thus it will be estimated


 --- Compound 2 (NNJVILVZKWQKPM-UHFFFAOYSA-N) ---

 Compound Information for compound 2 conformer 1 (COSMO file /home/comp5/Nastya/cosmo/NNJVILVZKWQKPM-UHFFFAOYSA-N.cosmo)
 Atomic weights         : 111111111111111111111111111111111111111
 E_COSMO+dE             :    -459166.3539 kcal/mol
 E_gas                  :    -459153.6556 kcal/mol
 E_COSMO-E_gas+dE       :        -12.6984 kcal/mol
 E_diel                 :        -17.7403 kcal/mol
 Averaging corr dE      :          0.6272 kcal/mol
 Area                   :        282.5996 A^2
 Volume                 :        320.2243 A^3
 Molecular Weight       :        234.3386 a.m.u.
 Total COSMO charge     :         -0.0032 a.u.
 Dipole moment (t,x,y,z):          6.5288  0.199642 -2.301784 -6.106286 Debye                            
 Sigma moments (1-6)    :          0.0000  1.04E+02  8.69E+01  2.58E+02  4.42E+02  1.12E+03              
 H-bond moment (accept) :          9.4067
 H-bond moment (donor)  :          1.1811
 
 WARNING: QM computation level of compound 2 conformer 1 could not be determined - it may differ from the QM level of the parameter set.
 No gas phase energy for compound 2 conformer 1 specified, thus it will be estimated


 Total number of processed compounds:    2


----------------
 START job     1
----------------


 Results for mixture 1
 ---------------------
 Temperature          :    310.550 K
 Compound Nr.         :         1         2
 Compound             : MVFGUOIZU NNJVILVZK
 Mole Fraction        :    1.0000    0.0000

 Compound: 1  (MVFGUOIZUNYYSO-UHFFFAOYSA-N)
 Chemical potential of the compound in the mixture :        -5.14765 kcal/mol
 Log10(partial pressure [mbar])                    :        -3.42898
 Free energy of molecule in mix (E_COSMO+dE+Mu)    :   -434505.63925 kcal/mol
 Total mean interaction energy in the mix (H_int)  :        -9.38229 kcal/mol
 Misfit interaction energy in the mix (H_MF)       :         3.90368 kcal/mol
 H-Bond interaction energy in the mix (H_HB)       :        -0.19616 kcal/mol
 VdW interaction energy in the mix (H_vdW)         :       -13.08980 kcal/mol

 Compound: 2  (NNJVILVZKWQKPM-UHFFFAOYSA-N)
 Chemical potential of the compound in the mixture :        -3.68148 kcal/mol
 Log10(partial pressure [mbar])                    :        -4.77684
 Free energy of molecule in mix (E_COSMO+dE+Mu)    :   -459170.03540 kcal/mol
 Total mean interaction energy in the mix (H_int)  :        -9.85661 kcal/mol
 Misfit interaction energy in the mix (H_MF)       :         4.71858 kcal/mol
 H-Bond interaction energy in the mix (H_HB)       :        -0.98287 kcal/mol
 VdW interaction energy in the mix (H_vdW)         :       -13.59233 kcal/mol



 Compound: 1 Conformer: 1 (MVFGUOIZUNYYSO-UHFFFAOYSA-N)
 Chemical potential of the molecule in the mixture :        -5.14765 kcal/mol
 Log10(partial pressure [mbar])                    :        -3.42898
 Free energy of molecule in mix (E_COSMO+dE+Mu)    :   -434505.63925 kcal/mol
 Total mean interaction energy in the mix          :        -9.38229 kcal/mol
 Misfit interaction energy in the mix              :         3.90368 kcal/mol
 H-Bond interaction energy in the mix              :        -0.19616 kcal/mol
 VdW interaction energy in the mix                 :       -13.08980 kcal/mol
 Normalized weight factor of molecule in compound  :         1.00000
 Normalized weight factor of molecule in gas phase :         1.00000

 Compound: 2 Conformer: 1 (NNJVILVZKWQKPM-UHFFFAOYSA-N)
 Chemical potential of the molecule in the mixture :        -3.68148 kcal/mol
 Log10(partial pressure [mbar])                    :        -4.77684
 Free energy of molecule in mix (E_COSMO+dE+Mu)    :   -459170.03540 kcal/mol
 Total mean interaction energy in the mix          :        -9.85661 kcal/mol
 Misfit interaction energy in the mix              :         4.71858 kcal/mol
 H-Bond interaction energy in the mix              :        -0.98287 kcal/mol
 VdW interaction energy in the mix                 :       -13.59233 kcal/mol
 Normalized weight factor of molecule in compound  :         1.00000
 Normalized weight factor of molecule in gas phase :         1.00000



 Note: Compound properties are tabulated in /home/comp5/Nastya/mu_CA_update/MVFGUOIZUNYYSO-UHFFFAOYSA-N_NNJVILVZKWQKPM-UHFFFAOYSA-N.tab
----------------
 END job       1
----------------
----------------
 START job     2
----------------


 Results for mixture 2
 ---------------------
 Temperature          :    341.150 K
 Compound Nr.         :         1         2
 Compound             : MVFGUOIZU NNJVILVZK
 Mole Fraction        :    0.0000    1.0000

 Compound: 1  (MVFGUOIZUNYYSO-UHFFFAOYSA-N)
 Chemical potential of the compound in the mixture :        -4.52146 kcal/mol
 Log10(partial pressure [mbar])                    :        -2.09959
 Free energy of molecule in mix (E_COSMO+dE+Mu)    :   -434505.01307 kcal/mol
 Total mean interaction energy in the mix (H_int)  :        -9.04373 kcal/mol
 Misfit interaction energy in the mix (H_MF)       :         4.31202 kcal/mol
 H-Bond interaction energy in the mix (H_HB)       :        -0.36828 kcal/mol
 VdW interaction energy in the mix (H_vdW)         :       -12.98747 kcal/mol

 Compound: 2  (NNJVILVZKWQKPM-UHFFFAOYSA-N)
 Chemical potential of the compound in the mixture :        -3.47288 kcal/mol
 Log10(partial pressure [mbar])                    :        -3.59407
 Free energy of molecule in mix (E_COSMO+dE+Mu)    :   -459169.82680 kcal/mol
 Total mean interaction energy in the mix (H_int)  :       -10.56863 kcal/mol
 Misfit interaction energy in the mix (H_MF)       :         5.02057 kcal/mol
 H-Bond interaction energy in the mix (H_HB)       :        -2.11413 kcal/mol
 VdW interaction energy in the mix (H_vdW)         :       -13.47507 kcal/mol



 Compound: 1 Conformer: 1 (MVFGUOIZUNYYSO-UHFFFAOYSA-N)
 Chemical potential of the molecule in the mixture :        -4.52146 kcal/mol
 Log10(partial pressure [mbar])                    :        -2.09959
 Free energy of molecule in mix (E_COSMO+dE+Mu)    :   -434505.01307 kcal/mol
 Total mean interaction energy in the mix          :        -9.04373 kcal/mol
 Misfit interaction energy in the mix              :         4.31202 kcal/mol
 H-Bond interaction energy in the mix              :        -0.36828 kcal/mol
 VdW interaction energy in the mix                 :       -12.98747 kcal/mol
 Normalized weight factor of molecule in compound  :         1.00000
 Normalized weight factor of molecule in gas phase :         1.00000

 Compound: 2 Conformer: 1 (NNJVILVZKWQKPM-UHFFFAOYSA-N)
 Chemical potential of the molecule in the mixture :        -3.47288 kcal/mol
 Log10(partial pressure [mbar])                    :        -3.59407
 Free energy of molecule in mix (E_COSMO+dE+Mu)    :   -459169.82680 kcal/mol
 Total mean interaction energy in the mix          :       -10.56863 kcal/mol
 Misfit interaction energy in the mix              :         5.02057 kcal/mol
 H-Bond interaction energy in the mix              :        -2.11413 kcal/mol
 VdW interaction energy in the mix                 :       -13.47507 kcal/mol
 Normalized weight factor of molecule in compound  :         1.00000
 Normalized weight factor of molecule in gas phase :         1.00000



 Note: Compound properties are tabulated in /home/comp5/Nastya/mu_CA_update/MVFGUOIZUNYYSO-UHFFFAOYSA-N_NNJVILVZKWQKPM-UHFFFAOYSA-N.tab
----------------
 END job       2
----------------
