 -----------------------------------------------------------
 BIOVIA COSMOtherm Version 2019 (build: 19.0.5 [65f0de1d5f])
 -----------------------------------------------------------

 Copyright (C) 1999-2019, Dassault Systemes BIOVIA corp, all rights reserved

 Job name   : !! generated by COSMOthermX !!
 Job date   : 08/03/2022
 Job time   : 16:09:50
 Hostname   : unknown
 OS type    : unknown
 Executable : Linux 64-bit

 Reading COSMOtherm parameter file BP_TZVP_C30_1701.ctd from directory /home/comp5/Nastya/COSMOlogic/COSMOthermX19/COSMOtherm/CTDATA-FILES/OLDPARAM/
 Info: # COSMOtherm parameter file ./BP_TZVP_C30_1701.ctd for BP-TZVP optimized COSMO files                                                                  

 Reading COSMOtherm license key license.txt from directory /home/comp5/Nastya/COSMOlogic/COSMOthermX19/licensefiles/

 COSMOtherm license key expiration date 04/26/2025
 COSMOtherm license key version 21
 Customer : 200000000032966
 ID       : LKO1978637

 License keys:
  product                   |    licensed version    | status
 ------------------------------------------------------------------------------ 
  COSMOtherm                |          21            | active
  TURBOMOLE                 |          21            | active
 ------------------------------------------------------------------------------ 
 
 Note: Vapor pressure / property file could not be found for compound 1
 Reading COSMO information for compound 1 conformer 1 from file /home/comp5/Nastya/cosmo/NHGXDBSUJJNIRV-UHFFFAOYSA-M.cosmo
 Note: Gas phase energy file could not be found for compound 1 conformer 1
 Note: converting Gaussian COSMO-file information of compound 1 conformer 1
 
 Note: Vapor pressure / property file could not be found for compound 2
 Reading COSMO information for compound 2 conformer 1 from file /home/comp5/Nastya/cosmo/WHUUTDBJXJRKMK-GSVOUGTGSA-N.cosmo
 Note: Gas phase energy file could not be found for compound 2 conformer 1
 Note: converting Gaussian COSMO-file information of compound 2 conformer 1


 --- Compound 1 (NHGXDBSUJJNIRV-UHFFFAOYSA-M) ---

 Compound Information for compound 1 conformer 1 (COSMO file /home/comp5/Nastya/cosmo/NHGXDBSUJJNIRV-UHFFFAOYSA-M.cosmo)
 Atomic weights         : 111111111111111111111111111111111111111111111111111111
 E_COSMO+dE             :    -719517.9701 kcal/mol
 E_gas                  :    -719490.0954 kcal/mol
 E_COSMO-E_gas+dE       :        -27.8747 kcal/mol
 E_diel                 :        -40.6586 kcal/mol
 Averaging corr dE      :          0.5864 kcal/mol
 Area                   :        346.8419 A^2
 Volume                 :        412.6118 A^3
 Molecular Weight       :        277.9185 a.m.u.
 Total COSMO charge     :          0.0092 a.u.
 Dipole moment (t,x,y,z):         18.0212  1.17E+01 -8.942479 -1.03E+01 Debye                            
 Sigma moments (1-6)    :          0.0000  1.71E+02  2.01E+02  4.29E+02  7.39E+02  1.41E+03              
 H-bond moment (accept) :         22.3888
 H-bond moment (donor)  :          0.0050
 
 WARNING: QM computation level of compound 1 conformer 1 could not be determined - it may differ from the QM level of the parameter set.
 No gas phase energy for compound 1 conformer 1 specified, thus it will be estimated


 --- Compound 2 (WHUUTDBJXJRKMK-GSVOUGTGSA-N) ---

 Compound Information for compound 2 conformer 1 (COSMO file /home/comp5/Nastya/cosmo/WHUUTDBJXJRKMK-GSVOUGTGSA-N.cosmo)
 Atomic weights         : 1111111111111111111
 E_COSMO+dE             :    -346313.7817 kcal/mol
 E_gas                  :    -346281.1111 kcal/mol
 E_COSMO-E_gas+dE       :        -32.6707 kcal/mol
 E_diel                 :        -48.4894 kcal/mol
 Averaging corr dE      :          1.2719 kcal/mol
 Area                   :        174.7502 A^2
 Volume                 :        170.0760 A^3
 Molecular Weight       :        147.1299 a.m.u.
 Total COSMO charge     :          0.0049 a.u.
 Dipole moment (t,x,y,z):         14.0011 -7.229520  1.20E+01 -0.654625 Debye                            
 Sigma moments (1-6)    :          0.0000  2.43E+02  1.33E+01  5.97E+02  2.46E+01  1.74E+03              
 H-bond moment (accept) :         15.6456
 H-bond moment (donor)  :         13.0099
 
 WARNING: QM computation level of compound 2 conformer 1 could not be determined - it may differ from the QM level of the parameter set.
 No gas phase energy for compound 2 conformer 1 specified, thus it will be estimated


 Total number of processed compounds:    2


----------------
 START job     1
----------------


 Results for mixture 1
 ---------------------
 Temperature          :    344.000 K
 Compound Nr.         :         1         2
 Compound             : NHGXDBSUJ WHUUTDBJX
 Mole Fraction        :    1.0000    0.0000

 Compound: 1  (NHGXDBSUJJNIRV-UHFFFAOYSA-M)
 Chemical potential of the compound in the mixture :         0.74069 kcal/mol
 Log10(partial pressure [mbar])                    :        -9.75154
 Free energy of molecule in mix (E_COSMO+dE+Mu)    :   -719517.22940 kcal/mol
 Total mean interaction energy in the mix (H_int)  :        -7.15157 kcal/mol
 Misfit interaction energy in the mix (H_MF)       :        10.96627 kcal/mol
 H-Bond interaction energy in the mix (H_HB)       :        -0.57698 kcal/mol
 VdW interaction energy in the mix (H_vdW)         :       -17.54086 kcal/mol

 Compound: 2  (WHUUTDBJXJRKMK-GSVOUGTGSA-N)
 Chemical potential of the compound in the mixture :        -1.52602 kcal/mol
 Log10(partial pressure [mbar])                    :       -14.23851
 Free energy of molecule in mix (E_COSMO+dE+Mu)    :   -346315.30774 kcal/mol
 Total mean interaction energy in the mix (H_int)  :       -12.60761 kcal/mol
 Misfit interaction energy in the mix (H_MF)       :         5.88379 kcal/mol
 H-Bond interaction energy in the mix (H_HB)       :       -10.48802 kcal/mol
 VdW interaction energy in the mix (H_vdW)         :        -8.00338 kcal/mol



 Compound: 1 Conformer: 1 (NHGXDBSUJJNIRV-UHFFFAOYSA-M)
 Chemical potential of the molecule in the mixture :         0.74069 kcal/mol
 Log10(partial pressure [mbar])                    :        -9.75154
 Free energy of molecule in mix (E_COSMO+dE+Mu)    :   -719517.22940 kcal/mol
 Total mean interaction energy in the mix          :        -7.15157 kcal/mol
 Misfit interaction energy in the mix              :        10.96627 kcal/mol
 H-Bond interaction energy in the mix              :        -0.57698 kcal/mol
 VdW interaction energy in the mix                 :       -17.54086 kcal/mol
 Normalized weight factor of molecule in compound  :         1.00000
 Normalized weight factor of molecule in gas phase :         1.00000

 Compound: 2 Conformer: 1 (WHUUTDBJXJRKMK-GSVOUGTGSA-N)
 Chemical potential of the molecule in the mixture :        -1.52602 kcal/mol
 Log10(partial pressure [mbar])                    :       -14.23851
 Free energy of molecule in mix (E_COSMO+dE+Mu)    :   -346315.30774 kcal/mol
 Total mean interaction energy in the mix          :       -12.60761 kcal/mol
 Misfit interaction energy in the mix              :         5.88379 kcal/mol
 H-Bond interaction energy in the mix              :       -10.48802 kcal/mol
 VdW interaction energy in the mix                 :        -8.00338 kcal/mol
 Normalized weight factor of molecule in compound  :         1.00000
 Normalized weight factor of molecule in gas phase :         1.00000



 Note: Compound properties are tabulated in /home/comp5/Nastya/mu_CA_update/NHGXDBSUJJNIRV-UHFFFAOYSA-M_WHUUTDBJXJRKMK-GSVOUGTGSA-N.tab
----------------
 END job       1
----------------
----------------
 START job     2
----------------


 Results for mixture 2
 ---------------------
 Temperature          :    472.150 K
 Compound Nr.         :         1         2
 Compound             : NHGXDBSUJ WHUUTDBJX
 Mole Fraction        :    0.0000    1.0000

 Compound: 1  (NHGXDBSUJJNIRV-UHFFFAOYSA-M)
 Chemical potential of the compound in the mixture :         6.49681 kcal/mol
 Log10(partial pressure [mbar])                    :        -2.56229
 Free energy of molecule in mix (E_COSMO+dE+Mu)    :   -719511.47328 kcal/mol
 Total mean interaction energy in the mix (H_int)  :        -6.92331 kcal/mol
 Misfit interaction energy in the mix (H_MF)       :        11.51815 kcal/mol
 H-Bond interaction energy in the mix (H_HB)       :        -4.54251 kcal/mol
 VdW interaction energy in the mix (H_vdW)         :       -13.89895 kcal/mol

 Compound: 2  (WHUUTDBJXJRKMK-GSVOUGTGSA-N)
 Chemical potential of the compound in the mixture :         4.36728 kcal/mol
 Log10(partial pressure [mbar])                    :        -5.76791
 Free energy of molecule in mix (E_COSMO+dE+Mu)    :   -346309.41443 kcal/mol
 Total mean interaction energy in the mix (H_int)  :        -7.66186 kcal/mol
 Misfit interaction energy in the mix (H_MF)       :         4.98783 kcal/mol
 H-Bond interaction energy in the mix (H_HB)       :        -6.56662 kcal/mol
 VdW interaction energy in the mix (H_vdW)         :        -6.08307 kcal/mol



 Compound: 1 Conformer: 1 (NHGXDBSUJJNIRV-UHFFFAOYSA-M)
 Chemical potential of the molecule in the mixture :         6.49681 kcal/mol
 Log10(partial pressure [mbar])                    :        -2.56229
 Free energy of molecule in mix (E_COSMO+dE+Mu)    :   -719511.47328 kcal/mol
 Total mean interaction energy in the mix          :        -6.92331 kcal/mol
 Misfit interaction energy in the mix              :        11.51815 kcal/mol
 H-Bond interaction energy in the mix              :        -4.54251 kcal/mol
 VdW interaction energy in the mix                 :       -13.89895 kcal/mol
 Normalized weight factor of molecule in compound  :         1.00000
 Normalized weight factor of molecule in gas phase :         1.00000

 Compound: 2 Conformer: 1 (WHUUTDBJXJRKMK-GSVOUGTGSA-N)
 Chemical potential of the molecule in the mixture :         4.36728 kcal/mol
 Log10(partial pressure [mbar])                    :        -5.76791
 Free energy of molecule in mix (E_COSMO+dE+Mu)    :   -346309.41443 kcal/mol
 Total mean interaction energy in the mix          :        -7.66186 kcal/mol
 Misfit interaction energy in the mix              :         4.98783 kcal/mol
 H-Bond interaction energy in the mix              :        -6.56662 kcal/mol
 VdW interaction energy in the mix                 :        -6.08307 kcal/mol
 Normalized weight factor of molecule in compound  :         1.00000
 Normalized weight factor of molecule in gas phase :         1.00000



 Note: Compound properties are tabulated in /home/comp5/Nastya/mu_CA_update/NHGXDBSUJJNIRV-UHFFFAOYSA-M_WHUUTDBJXJRKMK-GSVOUGTGSA-N.tab
----------------
 END job       2
----------------
