 -----------------------------------------------------------
 BIOVIA COSMOtherm Version 2019 (build: 19.0.5 [65f0de1d5f])
 -----------------------------------------------------------

 Copyright (C) 1999-2019, Dassault Systemes BIOVIA corp, all rights reserved

 Job name   : !! generated by COSMOthermX !!
 Job date   : 08/03/2022
 Job time   : 16:11:23
 Hostname   : unknown
 OS type    : unknown
 Executable : Linux 64-bit

 Reading COSMOtherm parameter file BP_TZVP_C30_1701.ctd from directory /home/comp5/Nastya/COSMOlogic/COSMOthermX19/COSMOtherm/CTDATA-FILES/OLDPARAM/
 Info: # COSMOtherm parameter file ./BP_TZVP_C30_1701.ctd for BP-TZVP optimized COSMO files                                                                  

 Reading COSMOtherm license key license.txt from directory /home/comp5/Nastya/COSMOlogic/COSMOthermX19/licensefiles/

 COSMOtherm license key expiration date 04/26/2025
 COSMOtherm license key version 21
 Customer : 200000000032966
 ID       : LKO1978637

 License keys:
  product                   |    licensed version    | status
 ------------------------------------------------------------------------------ 
  COSMOtherm                |          21            | active
  TURBOMOLE                 |          21            | active
 ------------------------------------------------------------------------------ 
 
 Reading vapor pressure and property information for compound 1 from file /home/comp5/Nastya/cosmo/NUPDFKWZQURWCC-UHFFFAOYSA-M.vap
 Reading COSMO information for compound 1 conformer 1 from file /home/comp5/Nastya/cosmo/NUPDFKWZQURWCC-UHFFFAOYSA-M.cosmo
 Note: Gas phase energy file could not be found for compound 1 conformer 1
 Note: converting Gaussian COSMO-file information of compound 1 conformer 1
 
 Note: Vapor pressure / property file could not be found for compound 2
 Reading COSMO information for compound 2 conformer 1 from file /home/comp5/Nastya/cosmo/XSQUKJJJFZCRTK-UHFFFAOYSA-N.cosmo
 Note: Gas phase energy file could not be found for compound 2 conformer 1
 Note: converting Gaussian COSMO-file information of compound 2 conformer 1


 --- Compound 1 (NUPDFKWZQURWCC-UHFFFAOYSA-M) ---

 Compound Information for compound 1 conformer 1 (COSMO file /home/comp5/Nastya/cosmo/NUPDFKWZQURWCC-UHFFFAOYSA-M.cosmo)
 Atomic weights         : 11111111111111111111111111111111
 E_COSMO+dE             :    -640337.3928 kcal/mol
 E_gas                  :    -640308.3712 kcal/mol
 E_COSMO-E_gas+dE       :        -29.0216 kcal/mol
 E_diel                 :        -42.4943 kcal/mol
 Averaging corr dE      :          0.7244 kcal/mol
 Area                   :        246.6026 A^2
 Volume                 :        280.7556 A^3
 Molecular Weight       :        215.7210 a.m.u.
 Total COSMO charge     :          0.0096 a.u.
 Dipole moment (t,x,y,z):         19.0223 -1.69E+01 -8.817420  0.273199 Debye                            
 Sigma moments (1-6)    :          0.0000  1.82E+02  1.17E+02  3.13E+02  3.68E+02  7.10E+02              
 H-bond moment (accept) :         14.8949
 H-bond moment (donor)  :          0.4208
 
 WARNING: QM computation level of compound 1 conformer 1 could not be determined - it may differ from the QM level of the parameter set.
 No gas phase energy for compound 1 conformer 1 specified, thus it will be estimated


 --- Compound 2 (XSQUKJJJFZCRTK-UHFFFAOYSA-N) ---

 Compound Information for compound 2 conformer 1 (COSMO file /home/comp5/Nastya/cosmo/XSQUKJJJFZCRTK-UHFFFAOYSA-N.cosmo)
 Atomic weights         : 11111111
 E_COSMO+dE             :    -141431.9085 kcal/mol
 E_gas                  :    -141418.6467 kcal/mol
 E_COSMO-E_gas+dE       :        -13.2618 kcal/mol
 E_diel                 :        -18.7823 kcal/mol
 Averaging corr dE      :          0.7074 kcal/mol
 Area                   :         91.2342 A^2
 Volume                 :         72.4889 A^3
 Molecular Weight       :         60.0554 a.m.u.
 Total COSMO charge     :         -0.0009 a.u.
 Dipole moment (t,x,y,z):          6.0461 -0.002329 -6.046052  0.001486 Debye                            
 Sigma moments (1-6)    :          0.0000  1.15E+02  1.56E+01  2.50E+02  9.66E+01  6.42E+02              
 H-bond moment (accept) :          7.9246
 H-bond moment (donor)  :          4.9711
 
 WARNING: QM computation level of compound 2 conformer 1 could not be determined - it may differ from the QM level of the parameter set.
 No gas phase energy for compound 2 conformer 1 specified, thus it will be estimated


 Total number of processed compounds:    2


----------------
 START job     1
----------------


 Results for mixture 1
 ---------------------
 Temperature          :    351.420 K
 Compound Nr.         :         1         2
 Compound             : NUPDFKWZQ XSQUKJJJF
 Mole Fraction        :    1.0000    0.0000

 Compound: 1  (NUPDFKWZQURWCC-UHFFFAOYSA-M)
 Chemical potential of the compound in the mixture :         1.81373 kcal/mol
 Log10(partial pressure [mbar])                    :       -10.15042
 Free energy of molecule in mix (E_COSMO+dE+Mu)    :   -640335.57905 kcal/mol
 Total mean interaction energy in the mix (H_int)  :        -6.29242 kcal/mol
 Misfit interaction energy in the mix (H_MF)       :         7.76377 kcal/mol
 H-Bond interaction energy in the mix (H_HB)       :        -1.81706 kcal/mol
 VdW interaction energy in the mix (H_vdW)         :       -12.23912 kcal/mol

 Compound: 2  (XSQUKJJJFZCRTK-UHFFFAOYSA-N)
 Chemical potential of the compound in the mixture :        -0.54319 kcal/mol
 Log10(partial pressure [mbar])                    :        -1.11033
 Free energy of molecule in mix (E_COSMO+dE+Mu)    :   -141432.45165 kcal/mol
 Total mean interaction energy in the mix (H_int)  :        -5.00617 kcal/mol
 Misfit interaction energy in the mix (H_MF)       :         2.27052 kcal/mol
 H-Bond interaction energy in the mix (H_HB)       :        -3.15079 kcal/mol
 VdW interaction energy in the mix (H_vdW)         :        -4.12590 kcal/mol



 Compound: 1 Conformer: 1 (NUPDFKWZQURWCC-UHFFFAOYSA-M)
 Chemical potential of the molecule in the mixture :         1.81373 kcal/mol
 Log10(partial pressure [mbar])                    :       -10.15042
 Free energy of molecule in mix (E_COSMO+dE+Mu)    :   -640335.57905 kcal/mol
 Total mean interaction energy in the mix          :        -6.29242 kcal/mol
 Misfit interaction energy in the mix              :         7.76377 kcal/mol
 H-Bond interaction energy in the mix              :        -1.81706 kcal/mol
 VdW interaction energy in the mix                 :       -12.23912 kcal/mol
 Normalized weight factor of molecule in compound  :         1.00000
 Normalized weight factor of molecule in gas phase :         1.00000

 Compound: 2 Conformer: 1 (XSQUKJJJFZCRTK-UHFFFAOYSA-N)
 Chemical potential of the molecule in the mixture :        -0.54319 kcal/mol
 Log10(partial pressure [mbar])                    :        -1.11033
 Free energy of molecule in mix (E_COSMO+dE+Mu)    :   -141432.45165 kcal/mol
 Total mean interaction energy in the mix          :        -5.00617 kcal/mol
 Misfit interaction energy in the mix              :         2.27052 kcal/mol
 H-Bond interaction energy in the mix              :        -3.15079 kcal/mol
 VdW interaction energy in the mix                 :        -4.12590 kcal/mol
 Normalized weight factor of molecule in compound  :         1.00000
 Normalized weight factor of molecule in gas phase :         1.00000



 Note: Compound properties are tabulated in /home/comp5/Nastya/mu_CA_update/NUPDFKWZQURWCC-UHFFFAOYSA-M_XSQUKJJJFZCRTK-UHFFFAOYSA-N.tab
----------------
 END job       1
----------------
----------------
 START job     2
----------------


 Results for mixture 2
 ---------------------
 Temperature          :    405.850 K
 Compound Nr.         :         1         2
 Compound             : NUPDFKWZQ XSQUKJJJF
 Mole Fraction        :    0.0000    1.0000

 Compound: 1  (NUPDFKWZQURWCC-UHFFFAOYSA-M)
 Chemical potential of the compound in the mixture :         2.37474 kcal/mol
 Log10(partial pressure [mbar])                    :        -7.55898
 Free energy of molecule in mix (E_COSMO+dE+Mu)    :   -640335.01805 kcal/mol
 Total mean interaction energy in the mix (H_int)  :        -8.13419 kcal/mol
 Misfit interaction energy in the mix (H_MF)       :         6.64693 kcal/mol
 H-Bond interaction energy in the mix (H_HB)       :        -4.15750 kcal/mol
 VdW interaction energy in the mix (H_vdW)         :       -10.62363 kcal/mol

 Compound: 2  (XSQUKJJJFZCRTK-UHFFFAOYSA-N)
 Chemical potential of the compound in the mixture :         0.54428 kcal/mol
 Log10(partial pressure [mbar])                    :         0.55221
 Free energy of molecule in mix (E_COSMO+dE+Mu)    :   -141431.36418 kcal/mol
 Total mean interaction energy in the mix (H_int)  :        -4.72317 kcal/mol
 Misfit interaction energy in the mix (H_MF)       :         2.17601 kcal/mol
 H-Bond interaction energy in the mix (H_HB)       :        -3.56890 kcal/mol
 VdW interaction energy in the mix (H_vdW)         :        -3.33028 kcal/mol



 Compound: 1 Conformer: 1 (NUPDFKWZQURWCC-UHFFFAOYSA-M)
 Chemical potential of the molecule in the mixture :         2.37474 kcal/mol
 Log10(partial pressure [mbar])                    :        -7.55898
 Free energy of molecule in mix (E_COSMO+dE+Mu)    :   -640335.01805 kcal/mol
 Total mean interaction energy in the mix          :        -8.13419 kcal/mol
 Misfit interaction energy in the mix              :         6.64693 kcal/mol
 H-Bond interaction energy in the mix              :        -4.15750 kcal/mol
 VdW interaction energy in the mix                 :       -10.62363 kcal/mol
 Normalized weight factor of molecule in compound  :         1.00000
 Normalized weight factor of molecule in gas phase :         1.00000

 Compound: 2 Conformer: 1 (XSQUKJJJFZCRTK-UHFFFAOYSA-N)
 Chemical potential of the molecule in the mixture :         0.54428 kcal/mol
 Log10(partial pressure [mbar])                    :         0.55221
 Free energy of molecule in mix (E_COSMO+dE+Mu)    :   -141431.36418 kcal/mol
 Total mean interaction energy in the mix          :        -4.72317 kcal/mol
 Misfit interaction energy in the mix              :         2.17601 kcal/mol
 H-Bond interaction energy in the mix              :        -3.56890 kcal/mol
 VdW interaction energy in the mix                 :        -3.33028 kcal/mol
 Normalized weight factor of molecule in compound  :         1.00000
 Normalized weight factor of molecule in gas phase :         1.00000



 Note: Compound properties are tabulated in /home/comp5/Nastya/mu_CA_update/NUPDFKWZQURWCC-UHFFFAOYSA-M_XSQUKJJJFZCRTK-UHFFFAOYSA-N.tab
----------------
 END job       2
----------------
