 -----------------------------------------------------------
 BIOVIA COSMOtherm Version 2019 (build: 19.0.5 [65f0de1d5f])
 -----------------------------------------------------------

 Copyright (C) 1999-2019, Dassault Systemes BIOVIA corp, all rights reserved

 Job name   : !! generated by COSMOthermX !!
 Job date   : 08/03/2022
 Job time   : 16:09:46
 Hostname   : unknown
 OS type    : unknown
 Executable : Linux 64-bit

 Reading COSMOtherm parameter file BP_TZVP_C30_1701.ctd from directory /home/comp5/Nastya/COSMOlogic/COSMOthermX19/COSMOtherm/CTDATA-FILES/OLDPARAM/
 Info: # COSMOtherm parameter file ./BP_TZVP_C30_1701.ctd for BP-TZVP optimized COSMO files                                                                  

 Reading COSMOtherm license key license.txt from directory /home/comp5/Nastya/COSMOlogic/COSMOthermX19/licensefiles/

 COSMOtherm license key expiration date 04/26/2025
 COSMOtherm license key version 21
 Customer : 200000000032966
 ID       : LKO1978637

 License keys:
  product                   |    licensed version    | status
 ------------------------------------------------------------------------------ 
  COSMOtherm                |          21            | active
  TURBOMOLE                 |          21            | active
 ------------------------------------------------------------------------------ 
 
 Reading vapor pressure and property information for compound 1 from file /home/comp5/Nastya/cosmo/OKIZCWYLBDKLSU-UHFFFAOYSA-M.vap
 Reading COSMO information for compound 1 conformer 1 from file /home/comp5/Nastya/cosmo/OKIZCWYLBDKLSU-UHFFFAOYSA-M.cosmo
 Note: Gas phase energy file could not be found for compound 1 conformer 1
 Note: converting Gaussian COSMO-file information of compound 1 conformer 1
 
 Note: Vapor pressure / property file could not be found for compound 2
 Reading COSMO information for compound 2 conformer 1 from file /home/comp5/Nastya/cosmo/NLXLAEXVIDQMFP-UHFFFAOYSA-N.cosmo
 Note: Gas phase energy file could not be found for compound 2 conformer 1
 Note: converting Gaussian COSMO-file information of compound 2 conformer 1


 --- Compound 1 (OKIZCWYLBDKLSU-UHFFFAOYSA-M) ---

 Compound Information for compound 1 conformer 1 (COSMO file /home/comp5/Nastya/cosmo/OKIZCWYLBDKLSU-UHFFFAOYSA-M.cosmo)
 Atomic weights         : 111111111111111111
 E_COSMO+dE             :    -423412.3774 kcal/mol
 E_gas                  :    -423382.2428 kcal/mol
 E_COSMO-E_gas+dE       :        -30.1346 kcal/mol
 E_diel                 :        -43.8520 kcal/mol
 Averaging corr dE      :          0.5618 kcal/mol
 Area                   :        158.2413 A^2
 Volume                 :        157.9064 A^3
 Molecular Weight       :        109.5984 a.m.u.
 Total COSMO charge     :          0.0081 a.u.
 Dipole moment (t,x,y,z):         17.2232 -1.72E+01  0.002295  0.008613 Debye                            
 Sigma moments (1-6)    :          0.0000  1.70E+02  1.50E+02  3.79E+02  5.42E+02  1.05E+03              
 H-bond moment (accept) :         19.0972
 H-bond moment (donor)  :          0.1957
 
 WARNING: QM computation level of compound 1 conformer 1 could not be determined - it may differ from the QM level of the parameter set.
 No gas phase energy for compound 1 conformer 1 specified, thus it will be estimated


 --- Compound 2 (NLXLAEXVIDQMFP-UHFFFAOYSA-N) ---

 Compound Information for compound 2 conformer 1 (COSMO file /home/comp5/Nastya/cosmo/NLXLAEXVIDQMFP-UHFFFAOYSA-N.cosmo)
 Atomic weights         : 111111
 E_COSMO+dE             :    -324736.8375 kcal/mol
 E_gas                  :    -324707.3980 kcal/mol
 E_COSMO-E_gas+dE       :        -29.4396 kcal/mol
 E_diel                 :        -43.0826 kcal/mol
 Averaging corr dE      :          0.7182 kcal/mol
 Area                   :         88.7036 A^2
 Volume                 :         66.7025 A^3
 Molecular Weight       :         53.4917 a.m.u.
 Total COSMO charge     :          0.0061 a.u.
 Dipole moment (t,x,y,z):         12.2728  1.23E+01  0.001831 -0.002178 Debye                            
 Sigma moments (1-6)    :          0.0000  2.01E+02 -3.33E+01  5.26E+02 -1.80E+02  1.45E+03              
 H-bond moment (accept) :         13.0281
 H-bond moment (donor)  :         13.9794
 
 WARNING: QM computation level of compound 2 conformer 1 could not be determined - it may differ from the QM level of the parameter set.
 No gas phase energy for compound 2 conformer 1 specified, thus it will be estimated


 Total number of processed compounds:    2


----------------
 START job     1
----------------


 Results for mixture 1
 ---------------------
 Temperature          :    612.870 K
 Compound Nr.         :         1         2
 Compound             : OKIZCWYLB NLXLAEXVI
 Mole Fraction        :    1.0000    0.0000

 Compound: 1  (OKIZCWYLBDKLSU-UHFFFAOYSA-M)
 Chemical potential of the compound in the mixture :         6.86588 kcal/mol
 Log10(partial pressure [mbar])                    :        -1.05939
 Free energy of molecule in mix (E_COSMO+dE+Mu)    :   -423405.51155 kcal/mol
 Total mean interaction energy in the mix (H_int)  :         3.40280 kcal/mol
 Misfit interaction energy in the mix (H_MF)       :         9.76692 kcal/mol
 H-Bond interaction energy in the mix (H_HB)       :        -0.47605 kcal/mol
 VdW interaction energy in the mix (H_vdW)         :        -5.88808 kcal/mol

 Compound: 2  (NLXLAEXVIDQMFP-UHFFFAOYSA-N)
 Chemical potential of the compound in the mixture :         3.95033 kcal/mol
 Log10(partial pressure [mbar])                    :        -1.85122
 Free energy of molecule in mix (E_COSMO+dE+Mu)    :   -324732.88721 kcal/mol
 Total mean interaction energy in the mix (H_int)  :        -1.49532 kcal/mol
 Misfit interaction energy in the mix (H_MF)       :         3.52136 kcal/mol
 H-Bond interaction energy in the mix (H_HB)       :        -1.63704 kcal/mol
 VdW interaction energy in the mix (H_vdW)         :        -3.37964 kcal/mol



 Compound: 1 Conformer: 1 (OKIZCWYLBDKLSU-UHFFFAOYSA-M)
 Chemical potential of the molecule in the mixture :         6.86588 kcal/mol
 Log10(partial pressure [mbar])                    :        -1.05939
 Free energy of molecule in mix (E_COSMO+dE+Mu)    :   -423405.51155 kcal/mol
 Total mean interaction energy in the mix          :         3.40280 kcal/mol
 Misfit interaction energy in the mix              :         9.76692 kcal/mol
 H-Bond interaction energy in the mix              :        -0.47605 kcal/mol
 VdW interaction energy in the mix                 :        -5.88808 kcal/mol
 Normalized weight factor of molecule in compound  :         1.00000
 Normalized weight factor of molecule in gas phase :         1.00000

 Compound: 2 Conformer: 1 (NLXLAEXVIDQMFP-UHFFFAOYSA-N)
 Chemical potential of the molecule in the mixture :         3.95033 kcal/mol
 Log10(partial pressure [mbar])                    :        -1.85122
 Free energy of molecule in mix (E_COSMO+dE+Mu)    :   -324732.88721 kcal/mol
 Total mean interaction energy in the mix          :        -1.49532 kcal/mol
 Misfit interaction energy in the mix              :         3.52136 kcal/mol
 H-Bond interaction energy in the mix              :        -1.63704 kcal/mol
 VdW interaction energy in the mix                 :        -3.37964 kcal/mol
 Normalized weight factor of molecule in compound  :         1.00000
 Normalized weight factor of molecule in gas phase :         1.00000



 Note: Compound properties are tabulated in /home/comp5/Nastya/mu_CA_update/OKIZCWYLBDKLSU-UHFFFAOYSA-M_NLXLAEXVIDQMFP-UHFFFAOYSA-N.tab
----------------
 END job       1
----------------
----------------
 START job     2
----------------


 Results for mixture 2
 ---------------------
 Temperature          :    632.200 K
 Compound Nr.         :         1         2
 Compound             : OKIZCWYLB NLXLAEXVI
 Mole Fraction        :    0.0000    1.0000

 Compound: 1  (OKIZCWYLBDKLSU-UHFFFAOYSA-M)
 Chemical potential of the compound in the mixture :         6.11894 kcal/mol
 Log10(partial pressure [mbar])                    :        -1.07363
 Free energy of molecule in mix (E_COSMO+dE+Mu)    :   -423406.25850 kcal/mol
 Total mean interaction energy in the mix (H_int)  :        -1.00672 kcal/mol
 Misfit interaction energy in the mix (H_MF)       :         6.63542 kcal/mol
 H-Bond interaction energy in the mix (H_HB)       :        -1.73796 kcal/mol
 VdW interaction energy in the mix (H_vdW)         :        -5.90418 kcal/mol

 Compound: 2  (NLXLAEXVIDQMFP-UHFFFAOYSA-N)
 Chemical potential of the compound in the mixture :         3.26435 kcal/mol
 Log10(partial pressure [mbar])                    :        -1.82018
 Free energy of molecule in mix (E_COSMO+dE+Mu)    :   -324733.57320 kcal/mol
 Total mean interaction energy in the mix (H_int)  :        -3.08352 kcal/mol
 Misfit interaction energy in the mix (H_MF)       :         2.46613 kcal/mol
 H-Bond interaction energy in the mix (H_HB)       :        -2.22889 kcal/mol
 VdW interaction energy in the mix (H_vdW)         :        -3.32076 kcal/mol



 Compound: 1 Conformer: 1 (OKIZCWYLBDKLSU-UHFFFAOYSA-M)
 Chemical potential of the molecule in the mixture :         6.11894 kcal/mol
 Log10(partial pressure [mbar])                    :        -1.07363
 Free energy of molecule in mix (E_COSMO+dE+Mu)    :   -423406.25850 kcal/mol
 Total mean interaction energy in the mix          :        -1.00672 kcal/mol
 Misfit interaction energy in the mix              :         6.63542 kcal/mol
 H-Bond interaction energy in the mix              :        -1.73796 kcal/mol
 VdW interaction energy in the mix                 :        -5.90418 kcal/mol
 Normalized weight factor of molecule in compound  :         1.00000
 Normalized weight factor of molecule in gas phase :         1.00000

 Compound: 2 Conformer: 1 (NLXLAEXVIDQMFP-UHFFFAOYSA-N)
 Chemical potential of the molecule in the mixture :         3.26435 kcal/mol
 Log10(partial pressure [mbar])                    :        -1.82018
 Free energy of molecule in mix (E_COSMO+dE+Mu)    :   -324733.57320 kcal/mol
 Total mean interaction energy in the mix          :        -3.08352 kcal/mol
 Misfit interaction energy in the mix              :         2.46613 kcal/mol
 H-Bond interaction energy in the mix              :        -2.22889 kcal/mol
 VdW interaction energy in the mix                 :        -3.32076 kcal/mol
 Normalized weight factor of molecule in compound  :         1.00000
 Normalized weight factor of molecule in gas phase :         1.00000



 Note: Compound properties are tabulated in /home/comp5/Nastya/mu_CA_update/OKIZCWYLBDKLSU-UHFFFAOYSA-M_NLXLAEXVIDQMFP-UHFFFAOYSA-N.tab
----------------
 END job       2
----------------
