 -----------------------------------------------------------
 BIOVIA COSMOtherm Version 2019 (build: 19.0.5 [65f0de1d5f])
 -----------------------------------------------------------

 Copyright (C) 1999-2019, Dassault Systemes BIOVIA corp, all rights reserved

 Job name   : !! generated by COSMOthermX !!
 Job date   : 08/03/2022
 Job time   : 16:10:41
 Hostname   : unknown
 OS type    : unknown
 Executable : Linux 64-bit

 Reading COSMOtherm parameter file BP_TZVP_C30_1701.ctd from directory /home/comp5/Nastya/COSMOlogic/COSMOthermX19/COSMOtherm/CTDATA-FILES/OLDPARAM/
 Info: # COSMOtherm parameter file ./BP_TZVP_C30_1701.ctd for BP-TZVP optimized COSMO files                                                                  

 Reading COSMOtherm license key license.txt from directory /home/comp5/Nastya/COSMOlogic/COSMOthermX19/licensefiles/

 COSMOtherm license key expiration date 04/26/2025
 COSMOtherm license key version 21
 Customer : 200000000032966
 ID       : LKO1978637

 License keys:
  product                   |    licensed version    | status
 ------------------------------------------------------------------------------ 
  COSMOtherm                |          21            | active
  TURBOMOLE                 |          21            | active
 ------------------------------------------------------------------------------ 
 
 Reading vapor pressure and property information for compound 1 from file /home/comp5/Nastya/cosmo/PEDCQBHIVMGVHV-UHFFFAOYSA-N.vap
 Reading COSMO information for compound 1 conformer 1 from file /home/comp5/Nastya/cosmo/PEDCQBHIVMGVHV-UHFFFAOYSA-N.cosmo
 Note: Gas phase energy file could not be found for compound 1 conformer 1
 Note: converting Gaussian COSMO-file information of compound 1 conformer 1
 
 Note: Vapor pressure / property file could not be found for compound 2
 Reading COSMO information for compound 2 conformer 1 from file /home/comp5/Nastya/cosmo/LSEFCHWGJNHZNT-UHFFFAOYSA-M.cosmo
 Note: Gas phase energy file could not be found for compound 2 conformer 1
 Note: converting Gaussian COSMO-file information of compound 2 conformer 1


 --- Compound 1 (PEDCQBHIVMGVHV-UHFFFAOYSA-N) ---

 Compound Information for compound 1 conformer 1 (COSMO file /home/comp5/Nastya/cosmo/PEDCQBHIVMGVHV-UHFFFAOYSA-N.cosmo)
 Atomic weights         : 11111111111111
 E_COSMO+dE             :    -216450.8175 kcal/mol
 E_gas                  :    -216438.7312 kcal/mol
 E_COSMO-E_gas+dE       :        -12.0862 kcal/mol
 E_diel                 :        -17.1657 kcal/mol
 Averaging corr dE      :          0.8777 kcal/mol
 Area                   :        126.6265 A^2
 Volume                 :        113.4743 A^3
 Molecular Weight       :         92.0942 a.m.u.
 Total COSMO charge     :         -0.0004 a.u.
 Dipole moment (t,x,y,z):          5.2353  1.707453 -4.401773  2.262224 Debye                            
 Sigma moments (1-6)    :          0.0000  1.18E+02  4.06E+01  2.45E+02  1.29E+02  6.19E+02              
 H-bond moment (accept) :          8.4909
 H-bond moment (donor)  :          4.1451
 
 WARNING: QM computation level of compound 1 conformer 1 could not be determined - it may differ from the QM level of the parameter set.
 No gas phase energy for compound 1 conformer 1 specified, thus it will be estimated


 --- Compound 2 (LSEFCHWGJNHZNT-UHFFFAOYSA-M) ---

 Compound Information for compound 2 conformer 1 (COSMO file /home/comp5/Nastya/cosmo/LSEFCHWGJNHZNT-UHFFFAOYSA-M.cosmo)
 Atomic weights         : 111111111111111111111111111111111111111
 E_COSMO+dE             :   -2291002.2289 kcal/mol
 E_gas                  :   -2290970.1950 kcal/mol
 E_COSMO-E_gas+dE       :        -32.0339 kcal/mol
 E_diel                 :        -47.1088 kcal/mol
 Averaging corr dE      :          0.9423 kcal/mol
 Area                   :        334.0099 A^2
 Volume                 :        404.6038 A^3
 Molecular Weight       :        357.2257 a.m.u.
 Total COSMO charge     :          0.0067 a.u.
 Dipole moment (t,x,y,z):         21.5416  2.14E+01 -0.327100  2.387209 Debye                            
 Sigma moments (1-6)    :          0.0000  1.89E+02  1.20E+02  3.40E+02  4.22E+02  8.32E+02              
 H-bond moment (accept) :         16.4267
 H-bond moment (donor)  :          0.3511
 
 WARNING: QM computation level of compound 2 conformer 1 could not be determined - it may differ from the QM level of the parameter set.
 No gas phase energy for compound 2 conformer 1 specified, thus it will be estimated


 Total number of processed compounds:    2


----------------
 START job     1
----------------


 Results for mixture 1
 ---------------------
 Temperature          :    291.220 K
 Compound Nr.         :         1         2
 Compound             : PEDCQBHIV LSEFCHWGJ
 Mole Fraction        :    1.0000    0.0000

 Compound: 1  (PEDCQBHIVMGVHV-UHFFFAOYSA-N)
 Chemical potential of the compound in the mixture :        -3.37513 kcal/mol
 Log10(partial pressure [mbar])                    :        -4.01331
 Free energy of molecule in mix (E_COSMO+dE+Mu)    :   -216454.19259 kcal/mol
 Total mean interaction energy in the mix (H_int)  :       -14.24965 kcal/mol
 Misfit interaction energy in the mix (H_MF)       :         2.13114 kcal/mol
 H-Bond interaction energy in the mix (H_HB)       :       -11.18652 kcal/mol
 VdW interaction energy in the mix (H_vdW)         :        -5.19427 kcal/mol

 Compound: 2  (LSEFCHWGJNHZNT-UHFFFAOYSA-M)
 Chemical potential of the compound in the mixture :        -3.09312 kcal/mol
 Log10(partial pressure [mbar])                    :       -21.32328
 Free energy of molecule in mix (E_COSMO+dE+Mu)    :  -2291005.32203 kcal/mol
 Total mean interaction energy in the mix (H_int)  :       -21.92105 kcal/mol
 Misfit interaction energy in the mix (H_MF)       :         6.08695 kcal/mol
 H-Bond interaction energy in the mix (H_HB)       :       -12.49768 kcal/mol
 VdW interaction energy in the mix (H_vdW)         :       -15.51032 kcal/mol



 Compound: 1 Conformer: 1 (PEDCQBHIVMGVHV-UHFFFAOYSA-N)
 Chemical potential of the molecule in the mixture :        -3.37513 kcal/mol
 Log10(partial pressure [mbar])                    :        -4.01331
 Free energy of molecule in mix (E_COSMO+dE+Mu)    :   -216454.19259 kcal/mol
 Total mean interaction energy in the mix          :       -14.24965 kcal/mol
 Misfit interaction energy in the mix              :         2.13114 kcal/mol
 H-Bond interaction energy in the mix              :       -11.18652 kcal/mol
 VdW interaction energy in the mix                 :        -5.19427 kcal/mol
 Normalized weight factor of molecule in compound  :         1.00000
 Normalized weight factor of molecule in gas phase :         1.00000

 Compound: 2 Conformer: 1 (LSEFCHWGJNHZNT-UHFFFAOYSA-M)
 Chemical potential of the molecule in the mixture :        -3.09312 kcal/mol
 Log10(partial pressure [mbar])                    :       -21.32328
 Free energy of molecule in mix (E_COSMO+dE+Mu)    :  -2291005.32203 kcal/mol
 Total mean interaction energy in the mix          :       -21.92105 kcal/mol
 Misfit interaction energy in the mix              :         6.08695 kcal/mol
 H-Bond interaction energy in the mix              :       -12.49768 kcal/mol
 VdW interaction energy in the mix                 :       -15.51032 kcal/mol
 Normalized weight factor of molecule in compound  :         1.00000
 Normalized weight factor of molecule in gas phase :         1.00000



 Note: Compound properties are tabulated in /home/comp5/Nastya/mu_CA_update/PEDCQBHIVMGVHV-UHFFFAOYSA-N_LSEFCHWGJNHZNT-UHFFFAOYSA-M.tab
----------------
 END job       1
----------------
----------------
 START job     2
----------------


 Results for mixture 2
 ---------------------
 Temperature          :    504.150 K
 Compound Nr.         :         1         2
 Compound             : PEDCQBHIV LSEFCHWGJ
 Mole Fraction        :    0.0000    1.0000

 Compound: 1  (PEDCQBHIVMGVHV-UHFFFAOYSA-N)
 Chemical potential of the compound in the mixture :         1.14673 kcal/mol
 Log10(partial pressure [mbar])                    :         2.56453
 Free energy of molecule in mix (E_COSMO+dE+Mu)    :   -216449.67073 kcal/mol
 Total mean interaction energy in the mix (H_int)  :        -2.45667 kcal/mol
 Misfit interaction energy in the mix (H_MF)       :         4.03192 kcal/mol
 H-Bond interaction energy in the mix (H_HB)       :        -1.58315 kcal/mol
 VdW interaction energy in the mix (H_vdW)         :        -4.90544 kcal/mol

 Compound: 2  (LSEFCHWGJNHZNT-UHFFFAOYSA-M)
 Chemical potential of the compound in the mixture :         2.65088 kcal/mol
 Log10(partial pressure [mbar])                    :        -6.90471
 Free energy of molecule in mix (E_COSMO+dE+Mu)    :  -2290999.57804 kcal/mol
 Total mean interaction energy in the mix (H_int)  :        -5.34739 kcal/mol
 Misfit interaction energy in the mix (H_MF)       :        10.36008 kcal/mol
 H-Bond interaction energy in the mix (H_HB)       :        -0.57478 kcal/mol
 VdW interaction energy in the mix (H_vdW)         :       -15.13269 kcal/mol



 Compound: 1 Conformer: 1 (PEDCQBHIVMGVHV-UHFFFAOYSA-N)
 Chemical potential of the molecule in the mixture :         1.14673 kcal/mol
 Log10(partial pressure [mbar])                    :         2.56453
 Free energy of molecule in mix (E_COSMO+dE+Mu)    :   -216449.67073 kcal/mol
 Total mean interaction energy in the mix          :        -2.45667 kcal/mol
 Misfit interaction energy in the mix              :         4.03192 kcal/mol
 H-Bond interaction energy in the mix              :        -1.58315 kcal/mol
 VdW interaction energy in the mix                 :        -4.90544 kcal/mol
 Normalized weight factor of molecule in compound  :         1.00000
 Normalized weight factor of molecule in gas phase :         1.00000

 Compound: 2 Conformer: 1 (LSEFCHWGJNHZNT-UHFFFAOYSA-M)
 Chemical potential of the molecule in the mixture :         2.65088 kcal/mol
 Log10(partial pressure [mbar])                    :        -6.90471
 Free energy of molecule in mix (E_COSMO+dE+Mu)    :  -2290999.57804 kcal/mol
 Total mean interaction energy in the mix          :        -5.34739 kcal/mol
 Misfit interaction energy in the mix              :        10.36008 kcal/mol
 H-Bond interaction energy in the mix              :        -0.57478 kcal/mol
 VdW interaction energy in the mix                 :       -15.13269 kcal/mol
 Normalized weight factor of molecule in compound  :         1.00000
 Normalized weight factor of molecule in gas phase :         1.00000



 Note: Compound properties are tabulated in /home/comp5/Nastya/mu_CA_update/PEDCQBHIVMGVHV-UHFFFAOYSA-N_LSEFCHWGJNHZNT-UHFFFAOYSA-M.tab
----------------
 END job       2
----------------
