 -----------------------------------------------------------
 BIOVIA COSMOtherm Version 2019 (build: 19.0.5 [65f0de1d5f])
 -----------------------------------------------------------

 Copyright (C) 1999-2019, Dassault Systemes BIOVIA corp, all rights reserved

 Job name   : !! generated by COSMOthermX !!
 Job date   : 08/03/2022
 Job time   : 16:10:36
 Hostname   : unknown
 OS type    : unknown
 Executable : Linux 64-bit

 Reading COSMOtherm parameter file BP_TZVP_C30_1701.ctd from directory /home/comp5/Nastya/COSMOlogic/COSMOthermX19/COSMOtherm/CTDATA-FILES/OLDPARAM/
 Info: # COSMOtherm parameter file ./BP_TZVP_C30_1701.ctd for BP-TZVP optimized COSMO files                                                                  

 Reading COSMOtherm license key license.txt from directory /home/comp5/Nastya/COSMOlogic/COSMOthermX19/licensefiles/

 COSMOtherm license key expiration date 04/26/2025
 COSMOtherm license key version 21
 Customer : 200000000032966
 ID       : LKO1978637

 License keys:
  product                   |    licensed version    | status
 ------------------------------------------------------------------------------ 
  COSMOtherm                |          21            | active
  TURBOMOLE                 |          21            | active
 ------------------------------------------------------------------------------ 
 
 Reading vapor pressure and property information for compound 1 from file /home/comp5/Nastya/cosmo/PEDCQBHIVMGVHV-UHFFFAOYSA-N.vap
 Reading COSMO information for compound 1 conformer 1 from file /home/comp5/Nastya/cosmo/PEDCQBHIVMGVHV-UHFFFAOYSA-N.cosmo
 Note: Gas phase energy file could not be found for compound 1 conformer 1
 Note: converting Gaussian COSMO-file information of compound 1 conformer 1
 
 Reading vapor pressure and property information for compound 2 from file /home/comp5/Nastya/cosmo/BGQMOFGZRJUORO-UHFFFAOYSA-M.vap
 Reading COSMO information for compound 2 conformer 1 from file /home/comp5/Nastya/cosmo/BGQMOFGZRJUORO-UHFFFAOYSA-M.cosmo
 Note: Gas phase energy file could not be found for compound 2 conformer 1
 Note: converting Gaussian COSMO-file information of compound 2 conformer 1


 --- Compound 1 (PEDCQBHIVMGVHV-UHFFFAOYSA-N) ---

 Compound Information for compound 1 conformer 1 (COSMO file /home/comp5/Nastya/cosmo/PEDCQBHIVMGVHV-UHFFFAOYSA-N.cosmo)
 Atomic weights         : 11111111111111
 E_COSMO+dE             :    -216450.8175 kcal/mol
 E_gas                  :    -216438.7312 kcal/mol
 E_COSMO-E_gas+dE       :        -12.0862 kcal/mol
 E_diel                 :        -17.1657 kcal/mol
 Averaging corr dE      :          0.8777 kcal/mol
 Area                   :        126.6265 A^2
 Volume                 :        113.4743 A^3
 Molecular Weight       :         92.0942 a.m.u.
 Total COSMO charge     :         -0.0004 a.u.
 Dipole moment (t,x,y,z):          5.2353  1.707453 -4.401773  2.262224 Debye                            
 Sigma moments (1-6)    :          0.0000  1.18E+02  4.06E+01  2.45E+02  1.29E+02  6.19E+02              
 H-bond moment (accept) :          8.4909
 H-bond moment (donor)  :          4.1451
 
 WARNING: QM computation level of compound 1 conformer 1 could not be determined - it may differ from the QM level of the parameter set.
 No gas phase energy for compound 1 conformer 1 specified, thus it will be estimated


 --- Compound 2 (BGQMOFGZRJUORO-UHFFFAOYSA-M) ---

 Compound Information for compound 2 conformer 1 (COSMO file /home/comp5/Nastya/cosmo/BGQMOFGZRJUORO-UHFFFAOYSA-M.cosmo)
 Atomic weights         : 111111111111111111111111111111111111111111
 E_COSMO+dE             :   -1947478.7869 kcal/mol
 E_gas                  :   -1947450.5719 kcal/mol
 E_COSMO-E_gas+dE       :        -28.2150 kcal/mol
 E_diel                 :        -41.0595 kcal/mol
 Averaging corr dE      :          0.5266 kcal/mol
 Area                   :        285.4279 A^2
 Volume                 :        335.9129 A^3
 Molecular Weight       :        266.2627 a.m.u.
 Total COSMO charge     :          0.0122 a.u.
 Dipole moment (t,x,y,z):         19.3003  1.91E+01  2.523938  0.785725 Debye                            
 Sigma moments (1-6)    :          0.0000  1.61E+02  1.56E+02  3.16E+02  4.62E+02  7.94E+02              
 H-bond moment (accept) :         17.2816
 H-bond moment (donor)  :          0.0103
 
 WARNING: QM computation level of compound 2 conformer 1 could not be determined - it may differ from the QM level of the parameter set.
 No gas phase energy for compound 2 conformer 1 specified, thus it will be estimated


 Total number of processed compounds:    2


----------------
 START job     1
----------------


 Results for mixture 1
 ---------------------
 Temperature          :    291.250 K
 Compound Nr.         :         1         2
 Compound             : PEDCQBHIV BGQMOFGZR
 Mole Fraction        :    1.0000    0.0000

 Compound: 1  (PEDCQBHIVMGVHV-UHFFFAOYSA-N)
 Chemical potential of the compound in the mixture :        -3.37401 kcal/mol
 Log10(partial pressure [mbar])                    :        -4.01134
 Free energy of molecule in mix (E_COSMO+dE+Mu)    :   -216454.19147 kcal/mol
 Total mean interaction energy in the mix (H_int)  :       -14.24838 kcal/mol
 Misfit interaction energy in the mix (H_MF)       :         2.13135 kcal/mol
 H-Bond interaction energy in the mix (H_HB)       :       -11.18551 kcal/mol
 VdW interaction energy in the mix (H_vdW)         :        -5.19422 kcal/mol

 Compound: 2  (BGQMOFGZRJUORO-UHFFFAOYSA-M)
 Chemical potential of the compound in the mixture :        -2.08276 kcal/mol
 Log10(partial pressure [mbar])                    :       -15.14499
 Free energy of molecule in mix (E_COSMO+dE+Mu)    :  -1947480.86962 kcal/mol
 Total mean interaction energy in the mix (H_int)  :       -19.67789 kcal/mol
 Misfit interaction energy in the mix (H_MF)       :         5.85092 kcal/mol
 H-Bond interaction energy in the mix (H_HB)       :       -12.07720 kcal/mol
 VdW interaction energy in the mix (H_vdW)         :       -13.45161 kcal/mol



 Compound: 1 Conformer: 1 (PEDCQBHIVMGVHV-UHFFFAOYSA-N)
 Chemical potential of the molecule in the mixture :        -3.37401 kcal/mol
 Log10(partial pressure [mbar])                    :        -4.01134
 Free energy of molecule in mix (E_COSMO+dE+Mu)    :   -216454.19147 kcal/mol
 Total mean interaction energy in the mix          :       -14.24838 kcal/mol
 Misfit interaction energy in the mix              :         2.13135 kcal/mol
 H-Bond interaction energy in the mix              :       -11.18551 kcal/mol
 VdW interaction energy in the mix                 :        -5.19422 kcal/mol
 Normalized weight factor of molecule in compound  :         1.00000
 Normalized weight factor of molecule in gas phase :         1.00000

 Compound: 2 Conformer: 1 (BGQMOFGZRJUORO-UHFFFAOYSA-M)
 Chemical potential of the molecule in the mixture :        -2.08276 kcal/mol
 Log10(partial pressure [mbar])                    :       -15.14499
 Free energy of molecule in mix (E_COSMO+dE+Mu)    :  -1947480.86962 kcal/mol
 Total mean interaction energy in the mix          :       -19.67789 kcal/mol
 Misfit interaction energy in the mix              :         5.85092 kcal/mol
 H-Bond interaction energy in the mix              :       -12.07720 kcal/mol
 VdW interaction energy in the mix                 :       -13.45161 kcal/mol
 Normalized weight factor of molecule in compound  :         1.00000
 Normalized weight factor of molecule in gas phase :         1.00000



 Note: Compound properties are tabulated in /home/comp5/Nastya/mu_CA_update/PEDCQBHIVMGVHV-UHFFFAOYSA-N_BGQMOFGZRJUORO-UHFFFAOYSA-M.tab
----------------
 END job       1
----------------
----------------
 START job     2
----------------


 Results for mixture 2
 ---------------------
 Temperature          :    583.000 K
 Compound Nr.         :         1         2
 Compound             : PEDCQBHIV BGQMOFGZR
 Mole Fraction        :    0.0000    1.0000

 Compound: 1  (PEDCQBHIVMGVHV-UHFFFAOYSA-N)
 Chemical potential of the compound in the mixture :         1.34619 kcal/mol
 Log10(partial pressure [mbar])                    :         3.22835
 Free energy of molecule in mix (E_COSMO+dE+Mu)    :   -216449.47126 kcal/mol
 Total mean interaction energy in the mix (H_int)  :        -0.64494 kcal/mol
 Misfit interaction energy in the mix (H_MF)       :         4.71432 kcal/mol
 H-Bond interaction energy in the mix (H_HB)       :        -0.94149 kcal/mol
 VdW interaction energy in the mix (H_vdW)         :        -4.41777 kcal/mol

 Compound: 2  (BGQMOFGZRJUORO-UHFFFAOYSA-M)
 Chemical potential of the compound in the mixture :         4.53650 kcal/mol
 Log10(partial pressure [mbar])                    :        -1.62181
 Free energy of molecule in mix (E_COSMO+dE+Mu)    :  -1947474.25036 kcal/mol
 Total mean interaction energy in the mix (H_int)  :         0.04983 kcal/mol
 Misfit interaction energy in the mix (H_MF)       :        11.35263 kcal/mol
 H-Bond interaction energy in the mix (H_HB)       :        -0.10913 kcal/mol
 VdW interaction energy in the mix (H_vdW)         :       -11.19366 kcal/mol



 Compound: 1 Conformer: 1 (PEDCQBHIVMGVHV-UHFFFAOYSA-N)
 Chemical potential of the molecule in the mixture :         1.34619 kcal/mol
 Log10(partial pressure [mbar])                    :         3.22835
 Free energy of molecule in mix (E_COSMO+dE+Mu)    :   -216449.47126 kcal/mol
 Total mean interaction energy in the mix          :        -0.64494 kcal/mol
 Misfit interaction energy in the mix              :         4.71432 kcal/mol
 H-Bond interaction energy in the mix              :        -0.94149 kcal/mol
 VdW interaction energy in the mix                 :        -4.41777 kcal/mol
 Normalized weight factor of molecule in compound  :         1.00000
 Normalized weight factor of molecule in gas phase :         1.00000

 Compound: 2 Conformer: 1 (BGQMOFGZRJUORO-UHFFFAOYSA-M)
 Chemical potential of the molecule in the mixture :         4.53650 kcal/mol
 Log10(partial pressure [mbar])                    :        -1.62181
 Free energy of molecule in mix (E_COSMO+dE+Mu)    :  -1947474.25036 kcal/mol
 Total mean interaction energy in the mix          :         0.04983 kcal/mol
 Misfit interaction energy in the mix              :        11.35263 kcal/mol
 H-Bond interaction energy in the mix              :        -0.10913 kcal/mol
 VdW interaction energy in the mix                 :       -11.19366 kcal/mol
 Normalized weight factor of molecule in compound  :         1.00000
 Normalized weight factor of molecule in gas phase :         1.00000



 Note: Compound properties are tabulated in /home/comp5/Nastya/mu_CA_update/PEDCQBHIVMGVHV-UHFFFAOYSA-N_BGQMOFGZRJUORO-UHFFFAOYSA-M.tab
----------------
 END job       2
----------------
