 -----------------------------------------------------------
 BIOVIA COSMOtherm Version 2019 (build: 19.0.5 [65f0de1d5f])
 -----------------------------------------------------------

 Copyright (C) 1999-2019, Dassault Systemes BIOVIA corp, all rights reserved

 Job name   : !! generated by COSMOthermX !!
 Job date   : 08/03/2022
 Job time   : 16:10:53
 Hostname   : unknown
 OS type    : unknown
 Executable : Linux 64-bit

 Reading COSMOtherm parameter file BP_TZVP_C30_1701.ctd from directory /home/comp5/Nastya/COSMOlogic/COSMOthermX19/COSMOtherm/CTDATA-FILES/OLDPARAM/
 Info: # COSMOtherm parameter file ./BP_TZVP_C30_1701.ctd for BP-TZVP optimized COSMO files                                                                  

 Reading COSMOtherm license key license.txt from directory /home/comp5/Nastya/COSMOlogic/COSMOthermX19/licensefiles/

 COSMOtherm license key expiration date 04/26/2025
 COSMOtherm license key version 21
 Customer : 200000000032966
 ID       : LKO1978637

 License keys:
  product                   |    licensed version    | status
 ------------------------------------------------------------------------------ 
  COSMOtherm                |          21            | active
  TURBOMOLE                 |          21            | active
 ------------------------------------------------------------------------------ 
 
 Note: Vapor pressure / property file could not be found for compound 1
 Reading COSMO information for compound 1 conformer 1 from file /home/comp5/Nastya/cosmo/POULHZVOKOAJMA-UHFFFAOYSA-N.cosmo
 Note: Gas phase energy file could not be found for compound 1 conformer 1
 Note: converting Gaussian COSMO-file information of compound 1 conformer 1
 
 Reading vapor pressure and property information for compound 2 from file /home/comp5/Nastya/cosmo/OKIZCWYLBDKLSU-UHFFFAOYSA-M.vap
 Reading COSMO information for compound 2 conformer 1 from file /home/comp5/Nastya/cosmo/OKIZCWYLBDKLSU-UHFFFAOYSA-M.cosmo
 Note: Gas phase energy file could not be found for compound 2 conformer 1
 Note: converting Gaussian COSMO-file information of compound 2 conformer 1


 --- Compound 1 (POULHZVOKOAJMA-UHFFFAOYSA-N) ---

 Compound Information for compound 1 conformer 1 (COSMO file /home/comp5/Nastya/cosmo/POULHZVOKOAJMA-UHFFFAOYSA-N.cosmo)
 Atomic weights         : 11111111111111111111111111111111111111
 E_COSMO+dE             :    -390580.7254 kcal/mol
 E_gas                  :    -390574.0746 kcal/mol
 E_COSMO-E_gas+dE       :         -6.6509 kcal/mol
 E_diel                 :         -8.8835 kcal/mol
 Averaging corr dE      :          0.5805 kcal/mol
 Area                   :        290.8402 A^2
 Volume                 :        293.8848 A^3
 Molecular Weight       :        200.3189 a.m.u.
 Total COSMO charge     :         -0.0054 a.u.
 Dipole moment (t,x,y,z):          2.7845 -1.969186  0.295376 -1.946373 Debye                            
 Sigma moments (1-6)    :          0.0000  6.83E+01  4.984125  1.11E+02 -3.31E+01  2.64E+02              
 H-bond moment (accept) :          1.9325
 H-bond moment (donor)  :          3.0371
 
 WARNING: QM computation level of compound 1 conformer 1 could not be determined - it may differ from the QM level of the parameter set.
 No gas phase energy for compound 1 conformer 1 specified, thus it will be estimated


 --- Compound 2 (OKIZCWYLBDKLSU-UHFFFAOYSA-M) ---

 Compound Information for compound 2 conformer 1 (COSMO file /home/comp5/Nastya/cosmo/OKIZCWYLBDKLSU-UHFFFAOYSA-M.cosmo)
 Atomic weights         : 111111111111111111
 E_COSMO+dE             :    -423412.3774 kcal/mol
 E_gas                  :    -423382.2428 kcal/mol
 E_COSMO-E_gas+dE       :        -30.1346 kcal/mol
 E_diel                 :        -43.8520 kcal/mol
 Averaging corr dE      :          0.5618 kcal/mol
 Area                   :        158.2413 A^2
 Volume                 :        157.9064 A^3
 Molecular Weight       :        109.5984 a.m.u.
 Total COSMO charge     :          0.0081 a.u.
 Dipole moment (t,x,y,z):         17.2232 -1.72E+01  0.002295  0.008613 Debye                            
 Sigma moments (1-6)    :          0.0000  1.70E+02  1.50E+02  3.79E+02  5.42E+02  1.05E+03              
 H-bond moment (accept) :         19.0972
 H-bond moment (donor)  :          0.1957
 
 WARNING: QM computation level of compound 2 conformer 1 could not be determined - it may differ from the QM level of the parameter set.
 No gas phase energy for compound 2 conformer 1 specified, thus it will be estimated


 Total number of processed compounds:    2


----------------
 START job     1
----------------


 Results for mixture 1
 ---------------------
 Temperature          :    317.500 K
 Compound Nr.         :         1         2
 Compound             : POULHZVOK OKIZCWYLB
 Mole Fraction        :    1.0000    0.0000

 Compound: 1  (POULHZVOKOAJMA-UHFFFAOYSA-N)
 Chemical potential of the compound in the mixture :        -6.87543 kcal/mol
 Log10(partial pressure [mbar])                    :        -1.77641
 Free energy of molecule in mix (E_COSMO+dE+Mu)    :   -390587.60088 kcal/mol
 Total mean interaction energy in the mix (H_int)  :       -14.31811 kcal/mol
 Misfit interaction energy in the mix (H_MF)       :         2.51816 kcal/mol
 H-Bond interaction energy in the mix (H_HB)       :        -3.12838 kcal/mol
 VdW interaction energy in the mix (H_vdW)         :       -13.70789 kcal/mol

 Compound: 2  (OKIZCWYLBDKLSU-UHFFFAOYSA-M)
 Chemical potential of the compound in the mixture :        -1.31243 kcal/mol
 Log10(partial pressure [mbar])                    :       -14.11182
 Free energy of molecule in mix (E_COSMO+dE+Mu)    :   -423413.68986 kcal/mol
 Total mean interaction energy in the mix (H_int)  :       -25.23245 kcal/mol
 Misfit interaction energy in the mix (H_MF)       :         3.30981 kcal/mol
 H-Bond interaction energy in the mix (H_HB)       :       -20.81037 kcal/mol
 VdW interaction energy in the mix (H_vdW)         :        -7.73189 kcal/mol



 Compound: 1 Conformer: 1 (POULHZVOKOAJMA-UHFFFAOYSA-N)
 Chemical potential of the molecule in the mixture :        -6.87543 kcal/mol
 Log10(partial pressure [mbar])                    :        -1.77641
 Free energy of molecule in mix (E_COSMO+dE+Mu)    :   -390587.60088 kcal/mol
 Total mean interaction energy in the mix          :       -14.31811 kcal/mol
 Misfit interaction energy in the mix              :         2.51816 kcal/mol
 H-Bond interaction energy in the mix              :        -3.12838 kcal/mol
 VdW interaction energy in the mix                 :       -13.70789 kcal/mol
 Normalized weight factor of molecule in compound  :         1.00000
 Normalized weight factor of molecule in gas phase :         1.00000

 Compound: 2 Conformer: 1 (OKIZCWYLBDKLSU-UHFFFAOYSA-M)
 Chemical potential of the molecule in the mixture :        -1.31243 kcal/mol
 Log10(partial pressure [mbar])                    :       -14.11182
 Free energy of molecule in mix (E_COSMO+dE+Mu)    :   -423413.68986 kcal/mol
 Total mean interaction energy in the mix          :       -25.23245 kcal/mol
 Misfit interaction energy in the mix              :         3.30981 kcal/mol
 H-Bond interaction energy in the mix              :       -20.81037 kcal/mol
 VdW interaction energy in the mix                 :        -7.73189 kcal/mol
 Normalized weight factor of molecule in compound  :         1.00000
 Normalized weight factor of molecule in gas phase :         1.00000



 Note: Compound properties are tabulated in /home/comp5/Nastya/mu_CA_update/POULHZVOKOAJMA-UHFFFAOYSA-N_OKIZCWYLBDKLSU-UHFFFAOYSA-M.tab
----------------
 END job       1
----------------
----------------
 START job     2
----------------


 Results for mixture 2
 ---------------------
 Temperature          :    612.870 K
 Compound Nr.         :         1         2
 Compound             : POULHZVOK OKIZCWYLB
 Mole Fraction        :    0.0000    1.0000

 Compound: 1  (POULHZVOKOAJMA-UHFFFAOYSA-N)
 Chemical potential of the compound in the mixture :        -0.60559 kcal/mol
 Log10(partial pressure [mbar])                    :         4.65048
 Free energy of molecule in mix (E_COSMO+dE+Mu)    :   -390581.33103 kcal/mol
 Total mean interaction energy in the mix (H_int)  :         0.96886 kcal/mol
 Misfit interaction energy in the mix (H_MF)       :        11.69352 kcal/mol
 H-Bond interaction energy in the mix (H_HB)       :        -0.66757 kcal/mol
 VdW interaction energy in the mix (H_vdW)         :       -10.05710 kcal/mol

 Compound: 2  (OKIZCWYLBDKLSU-UHFFFAOYSA-M)
 Chemical potential of the compound in the mixture :         6.86588 kcal/mol
 Log10(partial pressure [mbar])                    :        -1.05939
 Free energy of molecule in mix (E_COSMO+dE+Mu)    :   -423405.51155 kcal/mol
 Total mean interaction energy in the mix (H_int)  :         3.40280 kcal/mol
 Misfit interaction energy in the mix (H_MF)       :         9.76692 kcal/mol
 H-Bond interaction energy in the mix (H_HB)       :        -0.47605 kcal/mol
 VdW interaction energy in the mix (H_vdW)         :        -5.88808 kcal/mol



 Compound: 1 Conformer: 1 (POULHZVOKOAJMA-UHFFFAOYSA-N)
 Chemical potential of the molecule in the mixture :        -0.60559 kcal/mol
 Log10(partial pressure [mbar])                    :         4.65048
 Free energy of molecule in mix (E_COSMO+dE+Mu)    :   -390581.33103 kcal/mol
 Total mean interaction energy in the mix          :         0.96886 kcal/mol
 Misfit interaction energy in the mix              :        11.69352 kcal/mol
 H-Bond interaction energy in the mix              :        -0.66757 kcal/mol
 VdW interaction energy in the mix                 :       -10.05710 kcal/mol
 Normalized weight factor of molecule in compound  :         1.00000
 Normalized weight factor of molecule in gas phase :         1.00000

 Compound: 2 Conformer: 1 (OKIZCWYLBDKLSU-UHFFFAOYSA-M)
 Chemical potential of the molecule in the mixture :         6.86588 kcal/mol
 Log10(partial pressure [mbar])                    :        -1.05939
 Free energy of molecule in mix (E_COSMO+dE+Mu)    :   -423405.51155 kcal/mol
 Total mean interaction energy in the mix          :         3.40280 kcal/mol
 Misfit interaction energy in the mix              :         9.76692 kcal/mol
 H-Bond interaction energy in the mix              :        -0.47605 kcal/mol
 VdW interaction energy in the mix                 :        -5.88808 kcal/mol
 Normalized weight factor of molecule in compound  :         1.00000
 Normalized weight factor of molecule in gas phase :         1.00000



 Note: Compound properties are tabulated in /home/comp5/Nastya/mu_CA_update/POULHZVOKOAJMA-UHFFFAOYSA-N_OKIZCWYLBDKLSU-UHFFFAOYSA-M.tab
----------------
 END job       2
----------------
