 -----------------------------------------------------------
 BIOVIA COSMOtherm Version 2019 (build: 19.0.5 [65f0de1d5f])
 -----------------------------------------------------------

 Copyright (C) 1999-2019, Dassault Systemes BIOVIA corp, all rights reserved

 Job name   : !! generated by COSMOthermX !!
 Job date   : 08/03/2022
 Job time   : 16:09:46
 Hostname   : unknown
 OS type    : unknown
 Executable : Linux 64-bit

 Reading COSMOtherm parameter file BP_TZVP_C30_1701.ctd from directory /home/comp5/Nastya/COSMOlogic/COSMOthermX19/COSMOtherm/CTDATA-FILES/OLDPARAM/
 Info: # COSMOtherm parameter file ./BP_TZVP_C30_1701.ctd for BP-TZVP optimized COSMO files                                                                  

 Reading COSMOtherm license key license.txt from directory /home/comp5/Nastya/COSMOlogic/COSMOthermX19/licensefiles/

 COSMOtherm license key expiration date 04/26/2025
 COSMOtherm license key version 21
 Customer : 200000000032966
 ID       : LKO1978637

 License keys:
  product                   |    licensed version    | status
 ------------------------------------------------------------------------------ 
  COSMOtherm                |          21            | active
  TURBOMOLE                 |          21            | active
 ------------------------------------------------------------------------------ 
 
 Note: Vapor pressure / property file could not be found for compound 1
 Reading COSMO information for compound 1 conformer 1 from file /home/comp5/Nastya/cosmo/QLKGUVGAXDXFFW-UHFFFAOYSA-M.cosmo
 Note: Gas phase energy file could not be found for compound 1 conformer 1
 Note: converting Gaussian COSMO-file information of compound 1 conformer 1
 
 Note: Vapor pressure / property file could not be found for compound 2
 Reading COSMO information for compound 2 conformer 1 from file /home/comp5/Nastya/cosmo/XSQUKJJJFZCRTK-UHFFFAOYSA-N.cosmo
 Note: Gas phase energy file could not be found for compound 2 conformer 1
 Note: converting Gaussian COSMO-file information of compound 2 conformer 1


 --- Compound 1 (QLKGUVGAXDXFFW-UHFFFAOYSA-M) ---

 Compound Information for compound 1 conformer 1 (COSMO file /home/comp5/Nastya/cosmo/QLKGUVGAXDXFFW-UHFFFAOYSA-M.cosmo)
 Atomic weights         : 1111111111111111111111111111
 E_COSMO+dE             :    -349914.6704 kcal/mol
 E_gas                  :    -349890.3387 kcal/mol
 E_COSMO-E_gas+dE       :        -24.3317 kcal/mol
 E_diel                 :        -36.0707 kcal/mol
 Averaging corr dE      :          0.9178 kcal/mol
 Area                   :        204.9913 A^2
 Volume                 :        221.5786 A^3
 Molecular Weight       :        163.2156 a.m.u.
 Total COSMO charge     :          0.0030 a.u.
 Dipole moment (t,x,y,z):         14.9966  1.36E+01 -6.369518  0.116156 Debye                            
 Sigma moments (1-6)    :          0.0000  1.59E+02  1.21E+02  3.22E+02  4.61E+02  9.39E+02              
 H-bond moment (accept) :         14.1385
 H-bond moment (donor)  :          0.1641
 
 WARNING: QM computation level of compound 1 conformer 1 could not be determined - it may differ from the QM level of the parameter set.
 No gas phase energy for compound 1 conformer 1 specified, thus it will be estimated


 --- Compound 2 (XSQUKJJJFZCRTK-UHFFFAOYSA-N) ---

 Compound Information for compound 2 conformer 1 (COSMO file /home/comp5/Nastya/cosmo/XSQUKJJJFZCRTK-UHFFFAOYSA-N.cosmo)
 Atomic weights         : 11111111
 E_COSMO+dE             :    -141431.9085 kcal/mol
 E_gas                  :    -141418.6467 kcal/mol
 E_COSMO-E_gas+dE       :        -13.2618 kcal/mol
 E_diel                 :        -18.7823 kcal/mol
 Averaging corr dE      :          0.7074 kcal/mol
 Area                   :         91.2342 A^2
 Volume                 :         72.4889 A^3
 Molecular Weight       :         60.0554 a.m.u.
 Total COSMO charge     :         -0.0009 a.u.
 Dipole moment (t,x,y,z):          6.0461 -0.002329 -6.046052  0.001486 Debye                            
 Sigma moments (1-6)    :          0.0000  1.15E+02  1.56E+01  2.50E+02  9.66E+01  6.42E+02              
 H-bond moment (accept) :          7.9246
 H-bond moment (donor)  :          4.9711
 
 WARNING: QM computation level of compound 2 conformer 1 could not be determined - it may differ from the QM level of the parameter set.
 No gas phase energy for compound 2 conformer 1 specified, thus it will be estimated


 Total number of processed compounds:    2


----------------
 START job     1
----------------


 Results for mixture 1
 ---------------------
 Temperature          :    362.620 K
 Compound Nr.         :         1         2
 Compound             : QLKGUVGAX XSQUKJJJF
 Mole Fraction        :    1.0000    0.0000

 Compound: 1  (QLKGUVGAXDXFFW-UHFFFAOYSA-M)
 Chemical potential of the compound in the mixture :         2.16770 kcal/mol
 Log10(partial pressure [mbar])                    :        -5.90016
 Free energy of molecule in mix (E_COSMO+dE+Mu)    :   -349912.50274 kcal/mol
 Total mean interaction energy in the mix (H_int)  :        -4.29572 kcal/mol
 Misfit interaction energy in the mix (H_MF)       :         6.28779 kcal/mol
 H-Bond interaction energy in the mix (H_HB)       :        -1.54383 kcal/mol
 VdW interaction energy in the mix (H_vdW)         :        -9.03968 kcal/mol

 Compound: 2  (XSQUKJJJFZCRTK-UHFFFAOYSA-N)
 Chemical potential of the compound in the mixture :        -0.40941 kcal/mol
 Log10(partial pressure [mbar])                    :        -0.78168
 Free energy of molecule in mix (E_COSMO+dE+Mu)    :   -141432.31787 kcal/mol
 Total mean interaction energy in the mix (H_int)  :        -4.82979 kcal/mol
 Misfit interaction energy in the mix (H_MF)       :         2.33736 kcal/mol
 H-Bond interaction energy in the mix (H_HB)       :        -3.39407 kcal/mol
 VdW interaction energy in the mix (H_vdW)         :        -3.77307 kcal/mol



 Compound: 1 Conformer: 1 (QLKGUVGAXDXFFW-UHFFFAOYSA-M)
 Chemical potential of the molecule in the mixture :         2.16770 kcal/mol
 Log10(partial pressure [mbar])                    :        -5.90016
 Free energy of molecule in mix (E_COSMO+dE+Mu)    :   -349912.50274 kcal/mol
 Total mean interaction energy in the mix          :        -4.29572 kcal/mol
 Misfit interaction energy in the mix              :         6.28779 kcal/mol
 H-Bond interaction energy in the mix              :        -1.54383 kcal/mol
 VdW interaction energy in the mix                 :        -9.03968 kcal/mol
 Normalized weight factor of molecule in compound  :         1.00000
 Normalized weight factor of molecule in gas phase :         1.00000

 Compound: 2 Conformer: 1 (XSQUKJJJFZCRTK-UHFFFAOYSA-N)
 Chemical potential of the molecule in the mixture :        -0.40941 kcal/mol
 Log10(partial pressure [mbar])                    :        -0.78168
 Free energy of molecule in mix (E_COSMO+dE+Mu)    :   -141432.31787 kcal/mol
 Total mean interaction energy in the mix          :        -4.82979 kcal/mol
 Misfit interaction energy in the mix              :         2.33736 kcal/mol
 H-Bond interaction energy in the mix              :        -3.39407 kcal/mol
 VdW interaction energy in the mix                 :        -3.77307 kcal/mol
 Normalized weight factor of molecule in compound  :         1.00000
 Normalized weight factor of molecule in gas phase :         1.00000



 Note: Compound properties are tabulated in /home/comp5/Nastya/mu_CA_update/QLKGUVGAXDXFFW-UHFFFAOYSA-M_XSQUKJJJFZCRTK-UHFFFAOYSA-N.tab
----------------
 END job       1
----------------
----------------
 START job     2
----------------


 Results for mixture 2
 ---------------------
 Temperature          :    405.850 K
 Compound Nr.         :         1         2
 Compound             : QLKGUVGAX XSQUKJJJF
 Mole Fraction        :    0.0000    1.0000

 Compound: 1  (QLKGUVGAXDXFFW-UHFFFAOYSA-M)
 Chemical potential of the compound in the mixture :         2.44048 kcal/mol
 Log10(partial pressure [mbar])                    :        -4.38772
 Free energy of molecule in mix (E_COSMO+dE+Mu)    :   -349912.22995 kcal/mol
 Total mean interaction energy in the mix (H_int)  :        -6.47577 kcal/mol
 Misfit interaction energy in the mix (H_MF)       :         5.52138 kcal/mol
 H-Bond interaction energy in the mix (H_HB)       :        -3.69417 kcal/mol
 VdW interaction energy in the mix (H_vdW)         :        -8.30298 kcal/mol

 Compound: 2  (XSQUKJJJFZCRTK-UHFFFAOYSA-N)
 Chemical potential of the compound in the mixture :         0.54428 kcal/mol
 Log10(partial pressure [mbar])                    :         0.55221
 Free energy of molecule in mix (E_COSMO+dE+Mu)    :   -141431.36418 kcal/mol
 Total mean interaction energy in the mix (H_int)  :        -4.72317 kcal/mol
 Misfit interaction energy in the mix (H_MF)       :         2.17601 kcal/mol
 H-Bond interaction energy in the mix (H_HB)       :        -3.56890 kcal/mol
 VdW interaction energy in the mix (H_vdW)         :        -3.33028 kcal/mol



 Compound: 1 Conformer: 1 (QLKGUVGAXDXFFW-UHFFFAOYSA-M)
 Chemical potential of the molecule in the mixture :         2.44048 kcal/mol
 Log10(partial pressure [mbar])                    :        -4.38772
 Free energy of molecule in mix (E_COSMO+dE+Mu)    :   -349912.22995 kcal/mol
 Total mean interaction energy in the mix          :        -6.47577 kcal/mol
 Misfit interaction energy in the mix              :         5.52138 kcal/mol
 H-Bond interaction energy in the mix              :        -3.69417 kcal/mol
 VdW interaction energy in the mix                 :        -8.30298 kcal/mol
 Normalized weight factor of molecule in compound  :         1.00000
 Normalized weight factor of molecule in gas phase :         1.00000

 Compound: 2 Conformer: 1 (XSQUKJJJFZCRTK-UHFFFAOYSA-N)
 Chemical potential of the molecule in the mixture :         0.54428 kcal/mol
 Log10(partial pressure [mbar])                    :         0.55221
 Free energy of molecule in mix (E_COSMO+dE+Mu)    :   -141431.36418 kcal/mol
 Total mean interaction energy in the mix          :        -4.72317 kcal/mol
 Misfit interaction energy in the mix              :         2.17601 kcal/mol
 H-Bond interaction energy in the mix              :        -3.56890 kcal/mol
 VdW interaction energy in the mix                 :        -3.33028 kcal/mol
 Normalized weight factor of molecule in compound  :         1.00000
 Normalized weight factor of molecule in gas phase :         1.00000



 Note: Compound properties are tabulated in /home/comp5/Nastya/mu_CA_update/QLKGUVGAXDXFFW-UHFFFAOYSA-M_XSQUKJJJFZCRTK-UHFFFAOYSA-N.tab
----------------
 END job       2
----------------
