 -----------------------------------------------------------
 BIOVIA COSMOtherm Version 2019 (build: 19.0.5 [65f0de1d5f])
 -----------------------------------------------------------

 Copyright (C) 1999-2019, Dassault Systemes BIOVIA corp, all rights reserved

 Job name   : !! generated by COSMOthermX !!
 Job date   : 08/03/2022
 Job time   : 16:09:46
 Hostname   : unknown
 OS type    : unknown
 Executable : Linux 64-bit

 Reading COSMOtherm parameter file BP_TZVP_C30_1701.ctd from directory /home/comp5/Nastya/COSMOlogic/COSMOthermX19/COSMOtherm/CTDATA-FILES/OLDPARAM/
 Info: # COSMOtherm parameter file ./BP_TZVP_C30_1701.ctd for BP-TZVP optimized COSMO files                                                                  

 Reading COSMOtherm license key license.txt from directory /home/comp5/Nastya/COSMOlogic/COSMOthermX19/licensefiles/

 COSMOtherm license key expiration date 04/26/2025
 COSMOtherm license key version 21
 Customer : 200000000032966
 ID       : LKO1978637

 License keys:
  product                   |    licensed version    | status
 ------------------------------------------------------------------------------ 
  COSMOtherm                |          21            | active
  TURBOMOLE                 |          21            | active
 ------------------------------------------------------------------------------ 
 
 Note: Vapor pressure / property file could not be found for compound 1
 Reading COSMO information for compound 1 conformer 1 from file /home/comp5/Nastya/cosmo/QVRFXIWAQRNWEX-UHFFFAOYSA-M.cosmo
 Note: Gas phase energy file could not be found for compound 1 conformer 1
 Note: converting Gaussian COSMO-file information of compound 1 conformer 1
 
 Reading vapor pressure and property information for compound 2 from file /home/comp5/Nastya/cosmo/SGMZJAMFUVOLNK-UHFFFAOYSA-M.vap
 Reading COSMO information for compound 2 conformer 1 from file /home/comp5/Nastya/cosmo/SGMZJAMFUVOLNK-UHFFFAOYSA-M.cosmo
 Note: Gas phase energy file could not be found for compound 2 conformer 1
 Note: converting Gaussian COSMO-file information of compound 2 conformer 1


 --- Compound 1 (QVRFXIWAQRNWEX-UHFFFAOYSA-M) ---

 Compound Information for compound 1 conformer 1 (COSMO file /home/comp5/Nastya/cosmo/QVRFXIWAQRNWEX-UHFFFAOYSA-M.cosmo)
 Atomic weights         : 111111111111111111111
 E_COSMO+dE             :    -552476.9461 kcal/mol
 E_gas                  :    -552451.1207 kcal/mol
 E_COSMO-E_gas+dE       :        -25.8254 kcal/mol
 E_diel                 :        -38.0813 kcal/mol
 Averaging corr dE      :          0.8315 kcal/mol
 Area                   :        187.6922 A^2
 Volume                 :        200.9888 A^3
 Molecular Weight       :        162.6182 a.m.u.
 Total COSMO charge     :          0.0063 a.u.
 Dipole moment (t,x,y,z):         14.1192 -3.801050 -1.35E+01 -1.586473 Debye                            
 Sigma moments (1-6)    :          0.0000  1.72E+02  1.12E+02  3.23E+02  3.66E+02  7.64E+02              
 H-bond moment (accept) :         14.8837
 H-bond moment (donor)  :          0.9240
 
 WARNING: QM computation level of compound 1 conformer 1 could not be determined - it may differ from the QM level of the parameter set.
 No gas phase energy for compound 1 conformer 1 specified, thus it will be estimated


 --- Compound 2 (SGMZJAMFUVOLNK-UHFFFAOYSA-M) ---

 Compound Information for compound 2 conformer 1 (COSMO file /home/comp5/Nastya/cosmo/SGMZJAMFUVOLNK-UHFFFAOYSA-M.cosmo)
 Atomic weights         : 1111111111111111111111
 E_COSMO+dE             :    -495311.0092 kcal/mol
 E_gas                  :    -495280.9240 kcal/mol
 E_COSMO-E_gas+dE       :        -30.0852 kcal/mol
 E_diel                 :        -43.9005 kcal/mol
 Averaging corr dE      :          0.6451 kcal/mol
 Area                   :        177.0496 A^2
 Volume                 :        188.1524 A^3
 Molecular Weight       :        139.6245 a.m.u.
 Total COSMO charge     :          0.0093 a.u.
 Dipole moment (t,x,y,z):         18.3247 -1.83E+01  0.122140 -1.618568 Debye                            
 Sigma moments (1-6)    :          0.0000  1.72E+02  1.20E+02  3.11E+02  3.77E+02  7.14E+02              
 H-bond moment (accept) :         15.0395
 H-bond moment (donor)  :          0.2290
 
 WARNING: QM computation level of compound 2 conformer 1 could not be determined - it may differ from the QM level of the parameter set.
 No gas phase energy for compound 2 conformer 1 specified, thus it will be estimated


 Total number of processed compounds:    2


----------------
 START job     1
----------------


 Results for mixture 1
 ---------------------
 Temperature          :    358.880 K
 Compound Nr.         :         1         2
 Compound             : QVRFXIWAQ SGMZJAMFU
 Mole Fraction        :    1.0000    0.0000

 Compound: 1  (QVRFXIWAQRNWEX-UHFFFAOYSA-M)
 Chemical potential of the compound in the mixture :         2.08381 kcal/mol
 Log10(partial pressure [mbar])                    :        -7.56968
 Free energy of molecule in mix (E_COSMO+dE+Mu)    :   -552474.86233 kcal/mol
 Total mean interaction energy in the mix (H_int)  :        -5.34916 kcal/mol
 Misfit interaction energy in the mix (H_MF)       :         6.64510 kcal/mol
 H-Bond interaction energy in the mix (H_HB)       :        -2.72153 kcal/mol
 VdW interaction energy in the mix (H_vdW)         :        -9.27272 kcal/mol

 Compound: 2  (SGMZJAMFUVOLNK-UHFFFAOYSA-M)
 Chemical potential of the compound in the mixture :         3.03581 kcal/mol
 Log10(partial pressure [mbar])                    :        -9.00879
 Free energy of molecule in mix (E_COSMO+dE+Mu)    :   -495307.97343 kcal/mol
 Total mean interaction energy in the mix (H_int)  :        -4.51543 kcal/mol
 Misfit interaction energy in the mix (H_MF)       :         6.58836 kcal/mol
 H-Bond interaction energy in the mix (H_HB)       :        -2.37555 kcal/mol
 VdW interaction energy in the mix (H_vdW)         :        -8.72824 kcal/mol



 Compound: 1 Conformer: 1 (QVRFXIWAQRNWEX-UHFFFAOYSA-M)
 Chemical potential of the molecule in the mixture :         2.08381 kcal/mol
 Log10(partial pressure [mbar])                    :        -7.56968
 Free energy of molecule in mix (E_COSMO+dE+Mu)    :   -552474.86233 kcal/mol
 Total mean interaction energy in the mix          :        -5.34916 kcal/mol
 Misfit interaction energy in the mix              :         6.64510 kcal/mol
 H-Bond interaction energy in the mix              :        -2.72153 kcal/mol
 VdW interaction energy in the mix                 :        -9.27272 kcal/mol
 Normalized weight factor of molecule in compound  :         1.00000
 Normalized weight factor of molecule in gas phase :         1.00000

 Compound: 2 Conformer: 1 (SGMZJAMFUVOLNK-UHFFFAOYSA-M)
 Chemical potential of the molecule in the mixture :         3.03581 kcal/mol
 Log10(partial pressure [mbar])                    :        -9.00879
 Free energy of molecule in mix (E_COSMO+dE+Mu)    :   -495307.97343 kcal/mol
 Total mean interaction energy in the mix          :        -4.51543 kcal/mol
 Misfit interaction energy in the mix              :         6.58836 kcal/mol
 H-Bond interaction energy in the mix              :        -2.37555 kcal/mol
 VdW interaction energy in the mix                 :        -8.72824 kcal/mol
 Normalized weight factor of molecule in compound  :         1.00000
 Normalized weight factor of molecule in gas phase :         1.00000



 Note: Compound properties are tabulated in /home/comp5/Nastya/mu_CA_update/QVRFXIWAQRNWEX-UHFFFAOYSA-M_SGMZJAMFUVOLNK-UHFFFAOYSA-M.tab
----------------
 END job       1
----------------
----------------
 START job     2
----------------


 Results for mixture 2
 ---------------------
 Temperature          :    578.150 K
 Compound Nr.         :         1         2
 Compound             : QVRFXIWAQ SGMZJAMFU
 Mole Fraction        :    0.0000    1.0000

 Compound: 1  (QVRFXIWAQRNWEX-UHFFFAOYSA-M)
 Chemical potential of the compound in the mixture :         5.02761 kcal/mol
 Log10(partial pressure [mbar])                    :        -0.96160
 Free energy of molecule in mix (E_COSMO+dE+Mu)    :   -552471.91853 kcal/mol
 Total mean interaction energy in the mix (H_int)  :         1.11112 kcal/mol
 Misfit interaction energy in the mix (H_MF)       :         8.74608 kcal/mol
 H-Bond interaction energy in the mix (H_HB)       :        -0.57420 kcal/mol
 VdW interaction energy in the mix (H_vdW)         :        -7.06077 kcal/mol

 Compound: 2  (SGMZJAMFUVOLNK-UHFFFAOYSA-M)
 Chemical potential of the compound in the mixture :         5.74815 kcal/mol
 Log10(partial pressure [mbar])                    :        -1.94240
 Free energy of molecule in mix (E_COSMO+dE+Mu)    :   -495305.26108 kcal/mol
 Total mean interaction energy in the mix (H_int)  :         1.34719 kcal/mol
 Misfit interaction energy in the mix (H_MF)       :         8.54801 kcal/mol
 H-Bond interaction energy in the mix (H_HB)       :        -0.49990 kcal/mol
 VdW interaction energy in the mix (H_vdW)         :        -6.70093 kcal/mol



 Compound: 1 Conformer: 1 (QVRFXIWAQRNWEX-UHFFFAOYSA-M)
 Chemical potential of the molecule in the mixture :         5.02761 kcal/mol
 Log10(partial pressure [mbar])                    :        -0.96160
 Free energy of molecule in mix (E_COSMO+dE+Mu)    :   -552471.91853 kcal/mol
 Total mean interaction energy in the mix          :         1.11112 kcal/mol
 Misfit interaction energy in the mix              :         8.74608 kcal/mol
 H-Bond interaction energy in the mix              :        -0.57420 kcal/mol
 VdW interaction energy in the mix                 :        -7.06077 kcal/mol
 Normalized weight factor of molecule in compound  :         1.00000
 Normalized weight factor of molecule in gas phase :         1.00000

 Compound: 2 Conformer: 1 (SGMZJAMFUVOLNK-UHFFFAOYSA-M)
 Chemical potential of the molecule in the mixture :         5.74815 kcal/mol
 Log10(partial pressure [mbar])                    :        -1.94240
 Free energy of molecule in mix (E_COSMO+dE+Mu)    :   -495305.26108 kcal/mol
 Total mean interaction energy in the mix          :         1.34719 kcal/mol
 Misfit interaction energy in the mix              :         8.54801 kcal/mol
 H-Bond interaction energy in the mix              :        -0.49990 kcal/mol
 VdW interaction energy in the mix                 :        -6.70093 kcal/mol
 Normalized weight factor of molecule in compound  :         1.00000
 Normalized weight factor of molecule in gas phase :         1.00000



 Note: Compound properties are tabulated in /home/comp5/Nastya/mu_CA_update/QVRFXIWAQRNWEX-UHFFFAOYSA-M_SGMZJAMFUVOLNK-UHFFFAOYSA-M.tab
----------------
 END job       2
----------------
