 -----------------------------------------------------------
 BIOVIA COSMOtherm Version 2019 (build: 19.0.5 [65f0de1d5f])
 -----------------------------------------------------------

 Copyright (C) 1999-2019, Dassault Systemes BIOVIA corp, all rights reserved

 Job name   : !! generated by COSMOthermX !!
 Job date   : 08/03/2022
 Job time   : 16:11:15
 Hostname   : unknown
 OS type    : unknown
 Executable : Linux 64-bit

 Reading COSMOtherm parameter file BP_TZVP_C30_1701.ctd from directory /home/comp5/Nastya/COSMOlogic/COSMOthermX19/COSMOtherm/CTDATA-FILES/OLDPARAM/
 Info: # COSMOtherm parameter file ./BP_TZVP_C30_1701.ctd for BP-TZVP optimized COSMO files                                                                  

 Reading COSMOtherm license key license.txt from directory /home/comp5/Nastya/COSMOlogic/COSMOthermX19/licensefiles/

 COSMOtherm license key expiration date 04/26/2025
 COSMOtherm license key version 21
 Customer : 200000000032966
 ID       : LKO1978637

 License keys:
  product                   |    licensed version    | status
 ------------------------------------------------------------------------------ 
  COSMOtherm                |          21            | active
  TURBOMOLE                 |          21            | active
 ------------------------------------------------------------------------------ 
 
 Note: Vapor pressure / property file could not be found for compound 1
 Reading COSMO information for compound 1 conformer 1 from file /home/comp5/Nastya/cosmo/TUNFSRHWOTWDNC-UHFFFAOYSA-N.cosmo
 Note: Gas phase energy file could not be found for compound 1 conformer 1
 Note: converting Gaussian COSMO-file information of compound 1 conformer 1
 
 Note: Vapor pressure / property file could not be found for compound 2
 Reading COSMO information for compound 2 conformer 1 from file /home/comp5/Nastya/cosmo/NHGXDBSUJJNIRV-UHFFFAOYSA-M.cosmo
 Note: Gas phase energy file could not be found for compound 2 conformer 1
 Note: converting Gaussian COSMO-file information of compound 2 conformer 1


 --- Compound 1 (TUNFSRHWOTWDNC-UHFFFAOYSA-N) ---

 Compound Information for compound 1 conformer 1 (COSMO file /home/comp5/Nastya/cosmo/TUNFSRHWOTWDNC-UHFFFAOYSA-N.cosmo)
 Atomic weights         : 11111111111111111111111111111111111111111111
 E_COSMO+dE             :    -439933.0532 kcal/mol
 E_gas                  :    -439926.3022 kcal/mol
 E_COSMO-E_gas+dE       :         -6.7510 kcal/mol
 E_diel                 :         -9.0544 kcal/mol
 Averaging corr dE      :          0.6086 kcal/mol
 Area                   :        330.5786 A^2
 Volume                 :        338.0133 A^3
 Molecular Weight       :        228.3723 a.m.u.
 Total COSMO charge     :         -0.0072 a.u.
 Dipole moment (t,x,y,z):          2.8730  2.129440  0.418204 -1.882675 Debye                            
 Sigma moments (1-6)    :          0.0000  6.97E+01  4.338649  1.10E+02 -3.62E+01  2.63E+02              
 H-bond moment (accept) :          1.8457
 H-bond moment (donor)  :          3.0730
 
 WARNING: QM computation level of compound 1 conformer 1 could not be determined - it may differ from the QM level of the parameter set.
 No gas phase energy for compound 1 conformer 1 specified, thus it will be estimated


 --- Compound 2 (NHGXDBSUJJNIRV-UHFFFAOYSA-M) ---

 Compound Information for compound 2 conformer 1 (COSMO file /home/comp5/Nastya/cosmo/NHGXDBSUJJNIRV-UHFFFAOYSA-M.cosmo)
 Atomic weights         : 111111111111111111111111111111111111111111111111111111
 E_COSMO+dE             :    -719517.9701 kcal/mol
 E_gas                  :    -719490.0954 kcal/mol
 E_COSMO-E_gas+dE       :        -27.8747 kcal/mol
 E_diel                 :        -40.6586 kcal/mol
 Averaging corr dE      :          0.5864 kcal/mol
 Area                   :        346.8419 A^2
 Volume                 :        412.6118 A^3
 Molecular Weight       :        277.9185 a.m.u.
 Total COSMO charge     :          0.0092 a.u.
 Dipole moment (t,x,y,z):         18.0212  1.17E+01 -8.942479 -1.03E+01 Debye                            
 Sigma moments (1-6)    :          0.0000  1.71E+02  2.01E+02  4.29E+02  7.39E+02  1.41E+03              
 H-bond moment (accept) :         22.3888
 H-bond moment (donor)  :          0.0050
 
 WARNING: QM computation level of compound 2 conformer 1 could not be determined - it may differ from the QM level of the parameter set.
 No gas phase energy for compound 2 conformer 1 specified, thus it will be estimated


 Total number of processed compounds:    2


----------------
 START job     1
----------------


 Results for mixture 1
 ---------------------
 Temperature          :    327.000 K
 Compound Nr.         :         1         2
 Compound             : TUNFSRHWO NHGXDBSUJ
 Mole Fraction        :    1.0000    0.0000

 Compound: 1  (TUNFSRHWOTWDNC-UHFFFAOYSA-N)
 Chemical potential of the compound in the mixture :        -7.76650 kcal/mol
 Log10(partial pressure [mbar])                    :        -2.18620
 Free energy of molecule in mix (E_COSMO+dE+Mu)    :   -439940.81973 kcal/mol
 Total mean interaction energy in the mix (H_int)  :       -15.75552 kcal/mol
 Misfit interaction energy in the mix (H_MF)       :         2.70166 kcal/mol
 H-Bond interaction energy in the mix (H_HB)       :        -2.79808 kcal/mol
 VdW interaction energy in the mix (H_vdW)         :       -15.65911 kcal/mol

 Compound: 2  (NHGXDBSUJJNIRV-UHFFFAOYSA-M)
 Chemical potential of the compound in the mixture :        -8.90903 kcal/mol
 Log10(partial pressure [mbar])                    :       -17.06749
 Free energy of molecule in mix (E_COSMO+dE+Mu)    :   -719526.87911 kcal/mol
 Total mean interaction energy in the mix (H_int)  :       -36.68172 kcal/mol
 Misfit interaction energy in the mix (H_MF)       :         3.43440 kcal/mol
 H-Bond interaction energy in the mix (H_HB)       :       -23.09370 kcal/mol
 VdW interaction energy in the mix (H_vdW)         :       -17.02242 kcal/mol



 Compound: 1 Conformer: 1 (TUNFSRHWOTWDNC-UHFFFAOYSA-N)
 Chemical potential of the molecule in the mixture :        -7.76650 kcal/mol
 Log10(partial pressure [mbar])                    :        -2.18620
 Free energy of molecule in mix (E_COSMO+dE+Mu)    :   -439940.81973 kcal/mol
 Total mean interaction energy in the mix          :       -15.75552 kcal/mol
 Misfit interaction energy in the mix              :         2.70166 kcal/mol
 H-Bond interaction energy in the mix              :        -2.79808 kcal/mol
 VdW interaction energy in the mix                 :       -15.65911 kcal/mol
 Normalized weight factor of molecule in compound  :         1.00000
 Normalized weight factor of molecule in gas phase :         1.00000

 Compound: 2 Conformer: 1 (NHGXDBSUJJNIRV-UHFFFAOYSA-M)
 Chemical potential of the molecule in the mixture :        -8.90903 kcal/mol
 Log10(partial pressure [mbar])                    :       -17.06749
 Free energy of molecule in mix (E_COSMO+dE+Mu)    :   -719526.87911 kcal/mol
 Total mean interaction energy in the mix          :       -36.68172 kcal/mol
 Misfit interaction energy in the mix              :         3.43440 kcal/mol
 H-Bond interaction energy in the mix              :       -23.09370 kcal/mol
 VdW interaction energy in the mix                 :       -17.02242 kcal/mol
 Normalized weight factor of molecule in compound  :         1.00000
 Normalized weight factor of molecule in gas phase :         1.00000



 Note: Compound properties are tabulated in /home/comp5/Nastya/mu_CA_update/TUNFSRHWOTWDNC-UHFFFAOYSA-N_NHGXDBSUJJNIRV-UHFFFAOYSA-M.tab
----------------
 END job       1
----------------
----------------
 START job     2
----------------


 Results for mixture 2
 ---------------------
 Temperature          :    344.000 K
 Compound Nr.         :         1         2
 Compound             : TUNFSRHWO NHGXDBSUJ
 Mole Fraction        :    0.0000    1.0000

 Compound: 1  (TUNFSRHWOTWDNC-UHFFFAOYSA-N)
 Chemical potential of the compound in the mixture :        -9.10973 kcal/mol
 Log10(partial pressure [mbar])                    :        -2.58956
 Free energy of molecule in mix (E_COSMO+dE+Mu)    :   -439942.16296 kcal/mol
 Total mean interaction energy in the mix (H_int)  :       -14.71366 kcal/mol
 Misfit interaction energy in the mix (H_MF)       :         5.41324 kcal/mol
 H-Bond interaction energy in the mix (H_HB)       :        -4.03280 kcal/mol
 VdW interaction energy in the mix (H_vdW)         :       -16.09410 kcal/mol

 Compound: 2  (NHGXDBSUJJNIRV-UHFFFAOYSA-M)
 Chemical potential of the compound in the mixture :         0.74069 kcal/mol
 Log10(partial pressure [mbar])                    :        -9.75154
 Free energy of molecule in mix (E_COSMO+dE+Mu)    :   -719517.22940 kcal/mol
 Total mean interaction energy in the mix (H_int)  :        -7.15157 kcal/mol
 Misfit interaction energy in the mix (H_MF)       :        10.96627 kcal/mol
 H-Bond interaction energy in the mix (H_HB)       :        -0.57698 kcal/mol
 VdW interaction energy in the mix (H_vdW)         :       -17.54086 kcal/mol



 Compound: 1 Conformer: 1 (TUNFSRHWOTWDNC-UHFFFAOYSA-N)
 Chemical potential of the molecule in the mixture :        -9.10973 kcal/mol
 Log10(partial pressure [mbar])                    :        -2.58956
 Free energy of molecule in mix (E_COSMO+dE+Mu)    :   -439942.16296 kcal/mol
 Total mean interaction energy in the mix          :       -14.71366 kcal/mol
 Misfit interaction energy in the mix              :         5.41324 kcal/mol
 H-Bond interaction energy in the mix              :        -4.03280 kcal/mol
 VdW interaction energy in the mix                 :       -16.09410 kcal/mol
 Normalized weight factor of molecule in compound  :         1.00000
 Normalized weight factor of molecule in gas phase :         1.00000

 Compound: 2 Conformer: 1 (NHGXDBSUJJNIRV-UHFFFAOYSA-M)
 Chemical potential of the molecule in the mixture :         0.74069 kcal/mol
 Log10(partial pressure [mbar])                    :        -9.75154
 Free energy of molecule in mix (E_COSMO+dE+Mu)    :   -719517.22940 kcal/mol
 Total mean interaction energy in the mix          :        -7.15157 kcal/mol
 Misfit interaction energy in the mix              :        10.96627 kcal/mol
 H-Bond interaction energy in the mix              :        -0.57698 kcal/mol
 VdW interaction energy in the mix                 :       -17.54086 kcal/mol
 Normalized weight factor of molecule in compound  :         1.00000
 Normalized weight factor of molecule in gas phase :         1.00000



 Note: Compound properties are tabulated in /home/comp5/Nastya/mu_CA_update/TUNFSRHWOTWDNC-UHFFFAOYSA-N_NHGXDBSUJJNIRV-UHFFFAOYSA-M.tab
----------------
 END job       2
----------------
