 -----------------------------------------------------------
 BIOVIA COSMOtherm Version 2019 (build: 19.0.5 [65f0de1d5f])
 -----------------------------------------------------------

 Copyright (C) 1999-2019, Dassault Systemes BIOVIA corp, all rights reserved

 Job name   : !! generated by COSMOthermX !!
 Job date   : 08/03/2022
 Job time   : 16:11:15
 Hostname   : unknown
 OS type    : unknown
 Executable : Linux 64-bit

 Reading COSMOtherm parameter file BP_TZVP_C30_1701.ctd from directory /home/comp5/Nastya/COSMOlogic/COSMOthermX19/COSMOtherm/CTDATA-FILES/OLDPARAM/
 Info: # COSMOtherm parameter file ./BP_TZVP_C30_1701.ctd for BP-TZVP optimized COSMO files                                                                  

 Reading COSMOtherm license key license.txt from directory /home/comp5/Nastya/COSMOlogic/COSMOthermX19/licensefiles/

 COSMOtherm license key expiration date 04/26/2025
 COSMOtherm license key version 21
 Customer : 200000000032966
 ID       : LKO1978637

 License keys:
  product                   |    licensed version    | status
 ------------------------------------------------------------------------------ 
  COSMOtherm                |          21            | active
  TURBOMOLE                 |          21            | active
 ------------------------------------------------------------------------------ 
 
 Note: Vapor pressure / property file could not be found for compound 1
 Reading COSMO information for compound 1 conformer 1 from file /home/comp5/Nastya/cosmo/TUNFSRHWOTWDNC-UHFFFAOYSA-N.cosmo
 Note: Gas phase energy file could not be found for compound 1 conformer 1
 Note: converting Gaussian COSMO-file information of compound 1 conformer 1
 
 Reading vapor pressure and property information for compound 2 from file /home/comp5/Nastya/cosmo/OKIZCWYLBDKLSU-UHFFFAOYSA-M.vap
 Reading COSMO information for compound 2 conformer 1 from file /home/comp5/Nastya/cosmo/OKIZCWYLBDKLSU-UHFFFAOYSA-M.cosmo
 Note: Gas phase energy file could not be found for compound 2 conformer 1
 Note: converting Gaussian COSMO-file information of compound 2 conformer 1


 --- Compound 1 (TUNFSRHWOTWDNC-UHFFFAOYSA-N) ---

 Compound Information for compound 1 conformer 1 (COSMO file /home/comp5/Nastya/cosmo/TUNFSRHWOTWDNC-UHFFFAOYSA-N.cosmo)
 Atomic weights         : 11111111111111111111111111111111111111111111
 E_COSMO+dE             :    -439933.0532 kcal/mol
 E_gas                  :    -439926.3022 kcal/mol
 E_COSMO-E_gas+dE       :         -6.7510 kcal/mol
 E_diel                 :         -9.0544 kcal/mol
 Averaging corr dE      :          0.6086 kcal/mol
 Area                   :        330.5786 A^2
 Volume                 :        338.0133 A^3
 Molecular Weight       :        228.3723 a.m.u.
 Total COSMO charge     :         -0.0072 a.u.
 Dipole moment (t,x,y,z):          2.8730  2.129440  0.418204 -1.882675 Debye                            
 Sigma moments (1-6)    :          0.0000  6.97E+01  4.338649  1.10E+02 -3.62E+01  2.63E+02              
 H-bond moment (accept) :          1.8457
 H-bond moment (donor)  :          3.0730
 
 WARNING: QM computation level of compound 1 conformer 1 could not be determined - it may differ from the QM level of the parameter set.
 No gas phase energy for compound 1 conformer 1 specified, thus it will be estimated


 --- Compound 2 (OKIZCWYLBDKLSU-UHFFFAOYSA-M) ---

 Compound Information for compound 2 conformer 1 (COSMO file /home/comp5/Nastya/cosmo/OKIZCWYLBDKLSU-UHFFFAOYSA-M.cosmo)
 Atomic weights         : 111111111111111111
 E_COSMO+dE             :    -423412.3774 kcal/mol
 E_gas                  :    -423382.2428 kcal/mol
 E_COSMO-E_gas+dE       :        -30.1346 kcal/mol
 E_diel                 :        -43.8520 kcal/mol
 Averaging corr dE      :          0.5618 kcal/mol
 Area                   :        158.2413 A^2
 Volume                 :        157.9064 A^3
 Molecular Weight       :        109.5984 a.m.u.
 Total COSMO charge     :          0.0081 a.u.
 Dipole moment (t,x,y,z):         17.2232 -1.72E+01  0.002295  0.008613 Debye                            
 Sigma moments (1-6)    :          0.0000  1.70E+02  1.50E+02  3.79E+02  5.42E+02  1.05E+03              
 H-bond moment (accept) :         19.0972
 H-bond moment (donor)  :          0.1957
 
 WARNING: QM computation level of compound 2 conformer 1 could not be determined - it may differ from the QM level of the parameter set.
 No gas phase energy for compound 2 conformer 1 specified, thus it will be estimated


 Total number of processed compounds:    2


----------------
 START job     1
----------------


 Results for mixture 1
 ---------------------
 Temperature          :    327.000 K
 Compound Nr.         :         1         2
 Compound             : TUNFSRHWO OKIZCWYLB
 Mole Fraction        :    1.0000    0.0000

 Compound: 1  (TUNFSRHWOTWDNC-UHFFFAOYSA-N)
 Chemical potential of the compound in the mixture :        -7.76650 kcal/mol
 Log10(partial pressure [mbar])                    :        -2.18620
 Free energy of molecule in mix (E_COSMO+dE+Mu)    :   -439940.81973 kcal/mol
 Total mean interaction energy in the mix (H_int)  :       -15.75552 kcal/mol
 Misfit interaction energy in the mix (H_MF)       :         2.70166 kcal/mol
 H-Bond interaction energy in the mix (H_HB)       :        -2.79808 kcal/mol
 VdW interaction energy in the mix (H_vdW)         :       -15.65911 kcal/mol

 Compound: 2  (OKIZCWYLBDKLSU-UHFFFAOYSA-M)
 Chemical potential of the compound in the mixture :        -0.50035 kcal/mol
 Log10(partial pressure [mbar])                    :       -12.95807
 Free energy of molecule in mix (E_COSMO+dE+Mu)    :   -423412.87779 kcal/mol
 Total mean interaction energy in the mix (H_int)  :       -24.37435 kcal/mol
 Misfit interaction energy in the mix (H_MF)       :         3.44150 kcal/mol
 H-Bond interaction energy in the mix (H_HB)       :       -20.07669 kcal/mol
 VdW interaction energy in the mix (H_vdW)         :        -7.73916 kcal/mol



 Compound: 1 Conformer: 1 (TUNFSRHWOTWDNC-UHFFFAOYSA-N)
 Chemical potential of the molecule in the mixture :        -7.76650 kcal/mol
 Log10(partial pressure [mbar])                    :        -2.18620
 Free energy of molecule in mix (E_COSMO+dE+Mu)    :   -439940.81973 kcal/mol
 Total mean interaction energy in the mix          :       -15.75552 kcal/mol
 Misfit interaction energy in the mix              :         2.70166 kcal/mol
 H-Bond interaction energy in the mix              :        -2.79808 kcal/mol
 VdW interaction energy in the mix                 :       -15.65911 kcal/mol
 Normalized weight factor of molecule in compound  :         1.00000
 Normalized weight factor of molecule in gas phase :         1.00000

 Compound: 2 Conformer: 1 (OKIZCWYLBDKLSU-UHFFFAOYSA-M)
 Chemical potential of the molecule in the mixture :        -0.50035 kcal/mol
 Log10(partial pressure [mbar])                    :       -12.95807
 Free energy of molecule in mix (E_COSMO+dE+Mu)    :   -423412.87779 kcal/mol
 Total mean interaction energy in the mix          :       -24.37435 kcal/mol
 Misfit interaction energy in the mix              :         3.44150 kcal/mol
 H-Bond interaction energy in the mix              :       -20.07669 kcal/mol
 VdW interaction energy in the mix                 :        -7.73916 kcal/mol
 Normalized weight factor of molecule in compound  :         1.00000
 Normalized weight factor of molecule in gas phase :         1.00000



 Note: Compound properties are tabulated in /home/comp5/Nastya/mu_CA_update/TUNFSRHWOTWDNC-UHFFFAOYSA-N_OKIZCWYLBDKLSU-UHFFFAOYSA-M.tab
----------------
 END job       1
----------------
----------------
 START job     2
----------------


 Results for mixture 2
 ---------------------
 Temperature          :    612.870 K
 Compound Nr.         :         1         2
 Compound             : TUNFSRHWO OKIZCWYLB
 Mole Fraction        :    0.0000    1.0000

 Compound: 1  (TUNFSRHWOTWDNC-UHFFFAOYSA-N)
 Chemical potential of the compound in the mixture :        -0.63987 kcal/mol
 Log10(partial pressure [mbar])                    :         4.60255
 Free energy of molecule in mix (E_COSMO+dE+Mu)    :   -439933.69310 kcal/mol
 Total mean interaction energy in the mix (H_int)  :         1.09270 kcal/mol
 Misfit interaction energy in the mix (H_MF)       :        13.22686 kcal/mol
 H-Bond interaction energy in the mix (H_HB)       :        -0.67115 kcal/mol
 VdW interaction energy in the mix (H_vdW)         :       -11.46301 kcal/mol

 Compound: 2  (OKIZCWYLBDKLSU-UHFFFAOYSA-M)
 Chemical potential of the compound in the mixture :         6.86588 kcal/mol
 Log10(partial pressure [mbar])                    :        -1.05939
 Free energy of molecule in mix (E_COSMO+dE+Mu)    :   -423405.51155 kcal/mol
 Total mean interaction energy in the mix (H_int)  :         3.40280 kcal/mol
 Misfit interaction energy in the mix (H_MF)       :         9.76692 kcal/mol
 H-Bond interaction energy in the mix (H_HB)       :        -0.47605 kcal/mol
 VdW interaction energy in the mix (H_vdW)         :        -5.88808 kcal/mol



 Compound: 1 Conformer: 1 (TUNFSRHWOTWDNC-UHFFFAOYSA-N)
 Chemical potential of the molecule in the mixture :        -0.63987 kcal/mol
 Log10(partial pressure [mbar])                    :         4.60255
 Free energy of molecule in mix (E_COSMO+dE+Mu)    :   -439933.69310 kcal/mol
 Total mean interaction energy in the mix          :         1.09270 kcal/mol
 Misfit interaction energy in the mix              :        13.22686 kcal/mol
 H-Bond interaction energy in the mix              :        -0.67115 kcal/mol
 VdW interaction energy in the mix                 :       -11.46301 kcal/mol
 Normalized weight factor of molecule in compound  :         1.00000
 Normalized weight factor of molecule in gas phase :         1.00000

 Compound: 2 Conformer: 1 (OKIZCWYLBDKLSU-UHFFFAOYSA-M)
 Chemical potential of the molecule in the mixture :         6.86588 kcal/mol
 Log10(partial pressure [mbar])                    :        -1.05939
 Free energy of molecule in mix (E_COSMO+dE+Mu)    :   -423405.51155 kcal/mol
 Total mean interaction energy in the mix          :         3.40280 kcal/mol
 Misfit interaction energy in the mix              :         9.76692 kcal/mol
 H-Bond interaction energy in the mix              :        -0.47605 kcal/mol
 VdW interaction energy in the mix                 :        -5.88808 kcal/mol
 Normalized weight factor of molecule in compound  :         1.00000
 Normalized weight factor of molecule in gas phase :         1.00000



 Note: Compound properties are tabulated in /home/comp5/Nastya/mu_CA_update/TUNFSRHWOTWDNC-UHFFFAOYSA-N_OKIZCWYLBDKLSU-UHFFFAOYSA-M.tab
----------------
 END job       2
----------------
