 -----------------------------------------------------------
 BIOVIA COSMOtherm Version 2019 (build: 19.0.5 [65f0de1d5f])
 -----------------------------------------------------------

 Copyright (C) 1999-2019, Dassault Systemes BIOVIA corp, all rights reserved

 Job name   : !! generated by COSMOthermX !!
 Job date   : 08/03/2022
 Job time   : 16:10:27
 Hostname   : unknown
 OS type    : unknown
 Executable : Linux 64-bit

 Reading COSMOtherm parameter file BP_TZVP_C30_1701.ctd from directory /home/comp5/Nastya/COSMOlogic/COSMOthermX19/COSMOtherm/CTDATA-FILES/OLDPARAM/
 Info: # COSMOtherm parameter file ./BP_TZVP_C30_1701.ctd for BP-TZVP optimized COSMO files                                                                  

 Reading COSMOtherm license key license.txt from directory /home/comp5/Nastya/COSMOlogic/COSMOthermX19/licensefiles/

 COSMOtherm license key expiration date 04/26/2025
 COSMOtherm license key version 21
 Customer : 200000000032966
 ID       : LKO1978637

 License keys:
  product                   |    licensed version    | status
 ------------------------------------------------------------------------------ 
  COSMOtherm                |          21            | active
  TURBOMOLE                 |          21            | active
 ------------------------------------------------------------------------------ 
 
 Note: Vapor pressure / property file could not be found for compound 1
 Reading COSMO information for compound 1 conformer 1 from file /home/comp5/Nastya/cosmo/UNXHWFMMPAWVPI-ZXZARUISSA-N.cosmo
 Note: Gas phase energy file could not be found for compound 1 conformer 1
 Note: converting Gaussian COSMO-file information of compound 1 conformer 1
 
 Note: Vapor pressure / property file could not be found for compound 2
 Reading COSMO information for compound 2 conformer 1 from file /home/comp5/Nastya/cosmo/HWCKGOZZJDHMNC-UHFFFAOYSA-M.cosmo
 Note: Gas phase energy file could not be found for compound 2 conformer 1
 Note: converting Gaussian COSMO-file information of compound 2 conformer 1


 --- Compound 1 (UNXHWFMMPAWVPI-ZXZARUISSA-N) ---

 Compound Information for compound 1 conformer 1 (COSMO file /home/comp5/Nastya/cosmo/UNXHWFMMPAWVPI-ZXZARUISSA-N.cosmo)
 Atomic weights         : 111111111111111111
 E_COSMO+dE             :    -288347.1005 kcal/mol
 E_gas                  :    -288332.7533 kcal/mol
 E_COSMO-E_gas+dE       :        -14.3473 kcal/mol
 E_diel                 :        -21.2542 kcal/mol
 Averaging corr dE      :          1.0874 kcal/mol
 Area                   :        150.8000 A^2
 Volume                 :        145.8312 A^3
 Molecular Weight       :        122.1203 a.m.u.
 Total COSMO charge     :         -0.0011 a.u.
 Dipole moment (t,x,y,z):          5.2632 -2.008416 -0.702030 -4.813973 Debye                            
 Sigma moments (1-6)    :          0.0000  1.48E+02  4.38E+01  3.11E+02  1.40E+02  7.96E+02              
 H-bond moment (accept) :         10.2471
 H-bond moment (donor)  :          5.7563
 
 WARNING: QM computation level of compound 1 conformer 1 could not be determined - it may differ from the QM level of the parameter set.
 No gas phase energy for compound 1 conformer 1 specified, thus it will be estimated


 --- Compound 2 (HWCKGOZZJDHMNC-UHFFFAOYSA-M) ---

 Compound Information for compound 2 conformer 1 (COSMO file /home/comp5/Nastya/cosmo/HWCKGOZZJDHMNC-UHFFFAOYSA-M.cosmo)
 Atomic weights         : 111111111111111111111111111111
 E_COSMO+dE             :   -1848780.5017 kcal/mol
 E_gas                  :   -1848752.6625 kcal/mol
 E_COSMO-E_gas+dE       :        -27.8392 kcal/mol
 E_diel                 :        -40.5118 kcal/mol
 Averaging corr dE      :          0.5191 kcal/mol
 Area                   :        217.9637 A^2
 Volume                 :        246.3720 A^3
 Molecular Weight       :        210.1560 a.m.u.
 Total COSMO charge     :          0.0093 a.u.
 Dipole moment (t,x,y,z):         18.4992  1.84E+01  1.453623 -0.300269 Debye                            
 Sigma moments (1-6)    :          0.0000  1.54E+02  1.41E+02  2.94E+02  4.16E+02  7.08E+02              
 H-bond moment (accept) :         15.8609
 H-bond moment (donor)  :          0.0002
 
 WARNING: QM computation level of compound 2 conformer 1 could not be determined - it may differ from the QM level of the parameter set.
 No gas phase energy for compound 2 conformer 1 specified, thus it will be estimated


 Total number of processed compounds:    2


----------------
 START job     1
----------------


 Results for mixture 1
 ---------------------
 Temperature          :    394.700 K
 Compound Nr.         :         1         2
 Compound             : UNXHWFMMP HWCKGOZZJ
 Mole Fraction        :    1.0000    0.0000

 Compound: 1  (UNXHWFMMPAWVPI-ZXZARUISSA-N)
 Chemical potential of the compound in the mixture :        -0.34906 kcal/mol
 Log10(partial pressure [mbar])                    :        -0.72334
 Free energy of molecule in mix (E_COSMO+dE+Mu)    :   -288347.44959 kcal/mol
 Total mean interaction energy in the mix (H_int)  :       -11.30500 kcal/mol
 Misfit interaction energy in the mix (H_MF)       :         3.27169 kcal/mol
 H-Bond interaction energy in the mix (H_HB)       :        -8.78532 kcal/mol
 VdW interaction energy in the mix (H_vdW)         :        -5.79136 kcal/mol

 Compound: 2  (HWCKGOZZJDHMNC-UHFFFAOYSA-M)
 Chemical potential of the compound in the mixture :         1.52473 kcal/mol
 Log10(partial pressure [mbar])                    :        -7.15631
 Free energy of molecule in mix (E_COSMO+dE+Mu)    :  -1848778.97698 kcal/mol
 Total mean interaction energy in the mix (H_int)  :       -11.35275 kcal/mol
 Misfit interaction energy in the mix (H_MF)       :         5.79648 kcal/mol
 H-Bond interaction energy in the mix (H_HB)       :        -7.43288 kcal/mol
 VdW interaction energy in the mix (H_vdW)         :        -9.71634 kcal/mol



 Compound: 1 Conformer: 1 (UNXHWFMMPAWVPI-ZXZARUISSA-N)
 Chemical potential of the molecule in the mixture :        -0.34906 kcal/mol
 Log10(partial pressure [mbar])                    :        -0.72334
 Free energy of molecule in mix (E_COSMO+dE+Mu)    :   -288347.44959 kcal/mol
 Total mean interaction energy in the mix          :       -11.30500 kcal/mol
 Misfit interaction energy in the mix              :         3.27169 kcal/mol
 H-Bond interaction energy in the mix              :        -8.78532 kcal/mol
 VdW interaction energy in the mix                 :        -5.79136 kcal/mol
 Normalized weight factor of molecule in compound  :         1.00000
 Normalized weight factor of molecule in gas phase :         1.00000

 Compound: 2 Conformer: 1 (HWCKGOZZJDHMNC-UHFFFAOYSA-M)
 Chemical potential of the molecule in the mixture :         1.52473 kcal/mol
 Log10(partial pressure [mbar])                    :        -7.15631
 Free energy of molecule in mix (E_COSMO+dE+Mu)    :  -1848778.97698 kcal/mol
 Total mean interaction energy in the mix          :       -11.35275 kcal/mol
 Misfit interaction energy in the mix              :         5.79648 kcal/mol
 H-Bond interaction energy in the mix              :        -7.43288 kcal/mol
 VdW interaction energy in the mix                 :        -9.71634 kcal/mol
 Normalized weight factor of molecule in compound  :         1.00000
 Normalized weight factor of molecule in gas phase :         1.00000



 Note: Compound properties are tabulated in /home/comp5/Nastya/mu_CA_update/UNXHWFMMPAWVPI-ZXZARUISSA-N_HWCKGOZZJDHMNC-UHFFFAOYSA-M.tab
----------------
 END job       1
----------------
----------------
 START job     2
----------------


 Results for mixture 2
 ---------------------
 Temperature          :    633.000 K
 Compound Nr.         :         1         2
 Compound             : UNXHWFMMP HWCKGOZZJ
 Mole Fraction        :    0.0000    1.0000

 Compound: 1  (UNXHWFMMPAWVPI-ZXZARUISSA-N)
 Chemical potential of the compound in the mixture :         2.17596 kcal/mol
 Log10(partial pressure [mbar])                    :         3.02578
 Free energy of molecule in mix (E_COSMO+dE+Mu)    :   -288344.92457 kcal/mol
 Total mean interaction energy in the mix (H_int)  :         0.09711 kcal/mol
 Misfit interaction energy in the mix (H_MF)       :         5.93594 kcal/mol
 H-Bond interaction energy in the mix (H_HB)       :        -1.00752 kcal/mol
 VdW interaction energy in the mix (H_vdW)         :        -4.83131 kcal/mol

 Compound: 2  (HWCKGOZZJDHMNC-UHFFFAOYSA-M)
 Chemical potential of the compound in the mixture :         5.56309 kcal/mol
 Log10(partial pressure [mbar])                    :        -0.46294
 Free energy of molecule in mix (E_COSMO+dE+Mu)    :  -1848774.93861 kcal/mol
 Total mean interaction energy in the mix (H_int)  :         2.58609 kcal/mol
 Misfit interaction energy in the mix (H_MF)       :        10.65908 kcal/mol
 H-Bond interaction energy in the mix (H_HB)       :        -0.08540 kcal/mol
 VdW interaction energy in the mix (H_vdW)         :        -7.98759 kcal/mol



 Compound: 1 Conformer: 1 (UNXHWFMMPAWVPI-ZXZARUISSA-N)
 Chemical potential of the molecule in the mixture :         2.17596 kcal/mol
 Log10(partial pressure [mbar])                    :         3.02578
 Free energy of molecule in mix (E_COSMO+dE+Mu)    :   -288344.92457 kcal/mol
 Total mean interaction energy in the mix          :         0.09711 kcal/mol
 Misfit interaction energy in the mix              :         5.93594 kcal/mol
 H-Bond interaction energy in the mix              :        -1.00752 kcal/mol
 VdW interaction energy in the mix                 :        -4.83131 kcal/mol
 Normalized weight factor of molecule in compound  :         1.00000
 Normalized weight factor of molecule in gas phase :         1.00000

 Compound: 2 Conformer: 1 (HWCKGOZZJDHMNC-UHFFFAOYSA-M)
 Chemical potential of the molecule in the mixture :         5.56309 kcal/mol
 Log10(partial pressure [mbar])                    :        -0.46294
 Free energy of molecule in mix (E_COSMO+dE+Mu)    :  -1848774.93861 kcal/mol
 Total mean interaction energy in the mix          :         2.58609 kcal/mol
 Misfit interaction energy in the mix              :        10.65908 kcal/mol
 H-Bond interaction energy in the mix              :        -0.08540 kcal/mol
 VdW interaction energy in the mix                 :        -7.98759 kcal/mol
 Normalized weight factor of molecule in compound  :         1.00000
 Normalized weight factor of molecule in gas phase :         1.00000



 Note: Compound properties are tabulated in /home/comp5/Nastya/mu_CA_update/UNXHWFMMPAWVPI-ZXZARUISSA-N_HWCKGOZZJDHMNC-UHFFFAOYSA-M.tab
----------------
 END job       2
----------------
