 -----------------------------------------------------------
 BIOVIA COSMOtherm Version 2019 (build: 19.0.5 [65f0de1d5f])
 -----------------------------------------------------------

 Copyright (C) 1999-2019, Dassault Systemes BIOVIA corp, all rights reserved

 Job name   : !! generated by COSMOthermX !!
 Job date   : 08/03/2022
 Job time   : 16:11:43
 Hostname   : unknown
 OS type    : unknown
 Executable : Linux 64-bit

 Reading COSMOtherm parameter file BP_TZVP_C30_1701.ctd from directory /home/comp5/Nastya/COSMOlogic/COSMOthermX19/COSMOtherm/CTDATA-FILES/OLDPARAM/
 Info: # COSMOtherm parameter file ./BP_TZVP_C30_1701.ctd for BP-TZVP optimized COSMO files                                                                  

 Reading COSMOtherm license key license.txt from directory /home/comp5/Nastya/COSMOlogic/COSMOthermX19/licensefiles/

 COSMOtherm license key expiration date 04/26/2025
 COSMOtherm license key version 21
 Customer : 200000000032966
 ID       : LKO1978637

 License keys:
  product                   |    licensed version    | status
 ------------------------------------------------------------------------------ 
  COSMOtherm                |          21            | active
  TURBOMOLE                 |          21            | active
 ------------------------------------------------------------------------------ 
 
 Note: Vapor pressure / property file could not be found for compound 1
 Reading COSMO information for compound 1 conformer 1 from file /home/comp5/Nastya/cosmo/WLJVNTCWHIRURA-UHFFFAOYSA-N.cosmo
 Note: Gas phase energy file could not be found for compound 1 conformer 1
 Note: converting Gaussian COSMO-file information of compound 1 conformer 1
 
 Reading vapor pressure and property information for compound 2 from file /home/comp5/Nastya/cosmo/BGQMOFGZRJUORO-UHFFFAOYSA-M.vap
 Reading COSMO information for compound 2 conformer 1 from file /home/comp5/Nastya/cosmo/BGQMOFGZRJUORO-UHFFFAOYSA-M.cosmo
 Note: Gas phase energy file could not be found for compound 2 conformer 1
 Note: converting Gaussian COSMO-file information of compound 2 conformer 1


 --- Compound 1 (WLJVNTCWHIRURA-UHFFFAOYSA-N) ---

 Compound Information for compound 1 conformer 1 (COSMO file /home/comp5/Nastya/cosmo/WLJVNTCWHIRURA-UHFFFAOYSA-N.cosmo)
 Atomic weights         : 11111111111111111111111
 E_COSMO+dE             :    -360911.7484 kcal/mol
 E_gas                  :    -360900.0048 kcal/mol
 E_COSMO-E_gas+dE       :        -11.7436 kcal/mol
 E_diel                 :        -16.8209 kcal/mol
 Averaging corr dE      :          1.0012 kcal/mol
 Area                   :        204.7413 A^2
 Volume                 :        199.6750 A^3
 Molecular Weight       :        160.1685 a.m.u.
 Total COSMO charge     :          0.0011 a.u.
 Dipole moment (t,x,y,z):          4.5503 -0.002148  4.550336  0.003959 Debye                            
 Sigma moments (1-6)    :          0.0000  1.25E+02  0.587884  2.18E+02 -8.79E+01  5.23E+02              
 H-bond moment (accept) :          3.2848
 H-bond moment (donor)  :          6.2513
 
 WARNING: QM computation level of compound 1 conformer 1 could not be determined - it may differ from the QM level of the parameter set.
 No gas phase energy for compound 1 conformer 1 specified, thus it will be estimated


 --- Compound 2 (BGQMOFGZRJUORO-UHFFFAOYSA-M) ---

 Compound Information for compound 2 conformer 1 (COSMO file /home/comp5/Nastya/cosmo/BGQMOFGZRJUORO-UHFFFAOYSA-M.cosmo)
 Atomic weights         : 111111111111111111111111111111111111111111
 E_COSMO+dE             :   -1947478.7869 kcal/mol
 E_gas                  :   -1947450.5719 kcal/mol
 E_COSMO-E_gas+dE       :        -28.2150 kcal/mol
 E_diel                 :        -41.0595 kcal/mol
 Averaging corr dE      :          0.5266 kcal/mol
 Area                   :        285.4279 A^2
 Volume                 :        335.9129 A^3
 Molecular Weight       :        266.2627 a.m.u.
 Total COSMO charge     :          0.0122 a.u.
 Dipole moment (t,x,y,z):         19.3003  1.91E+01  2.523938  0.785725 Debye                            
 Sigma moments (1-6)    :          0.0000  1.61E+02  1.56E+02  3.16E+02  4.62E+02  7.94E+02              
 H-bond moment (accept) :         17.2816
 H-bond moment (donor)  :          0.0103
 
 WARNING: QM computation level of compound 2 conformer 1 could not be determined - it may differ from the QM level of the parameter set.
 No gas phase energy for compound 2 conformer 1 specified, thus it will be estimated


 Total number of processed compounds:    2


----------------
 START job     1
----------------


 Results for mixture 1
 ---------------------
 Temperature          :    368.200 K
 Compound Nr.         :         1         2
 Compound             : WLJVNTCWH BGQMOFGZR
 Mole Fraction        :    1.0000    0.0000

 Compound: 1  (WLJVNTCWHIRURA-UHFFFAOYSA-N)
 Chemical potential of the compound in the mixture :        -1.06667 kcal/mol
 Log10(partial pressure [mbar])                    :        -0.15393
 Free energy of molecule in mix (E_COSMO+dE+Mu)    :   -360912.81505 kcal/mol
 Total mean interaction energy in the mix (H_int)  :        -9.09953 kcal/mol
 Misfit interaction energy in the mix (H_MF)       :         3.86405 kcal/mol
 H-Bond interaction energy in the mix (H_HB)       :        -4.90298 kcal/mol
 VdW interaction energy in the mix (H_vdW)         :        -8.06060 kcal/mol

 Compound: 2  (BGQMOFGZRJUORO-UHFFFAOYSA-M)
 Chemical potential of the compound in the mixture :        -3.38701 kcal/mol
 Log10(partial pressure [mbar])                    :       -11.30781
 Free energy of molecule in mix (E_COSMO+dE+Mu)    :  -1947482.17387 kcal/mol
 Total mean interaction energy in the mix (H_int)  :       -20.87398 kcal/mol
 Misfit interaction energy in the mix (H_MF)       :         5.49305 kcal/mol
 H-Bond interaction energy in the mix (H_HB)       :       -13.41362 kcal/mol
 VdW interaction energy in the mix (H_vdW)         :       -12.95341 kcal/mol



 Compound: 1 Conformer: 1 (WLJVNTCWHIRURA-UHFFFAOYSA-N)
 Chemical potential of the molecule in the mixture :        -1.06667 kcal/mol
 Log10(partial pressure [mbar])                    :        -0.15393
 Free energy of molecule in mix (E_COSMO+dE+Mu)    :   -360912.81505 kcal/mol
 Total mean interaction energy in the mix          :        -9.09953 kcal/mol
 Misfit interaction energy in the mix              :         3.86405 kcal/mol
 H-Bond interaction energy in the mix              :        -4.90298 kcal/mol
 VdW interaction energy in the mix                 :        -8.06060 kcal/mol
 Normalized weight factor of molecule in compound  :         1.00000
 Normalized weight factor of molecule in gas phase :         1.00000

 Compound: 2 Conformer: 1 (BGQMOFGZRJUORO-UHFFFAOYSA-M)
 Chemical potential of the molecule in the mixture :        -3.38701 kcal/mol
 Log10(partial pressure [mbar])                    :       -11.30781
 Free energy of molecule in mix (E_COSMO+dE+Mu)    :  -1947482.17387 kcal/mol
 Total mean interaction energy in the mix          :       -20.87398 kcal/mol
 Misfit interaction energy in the mix              :         5.49305 kcal/mol
 H-Bond interaction energy in the mix              :       -13.41362 kcal/mol
 VdW interaction energy in the mix                 :       -12.95341 kcal/mol
 Normalized weight factor of molecule in compound  :         1.00000
 Normalized weight factor of molecule in gas phase :         1.00000



 Note: Compound properties are tabulated in /home/comp5/Nastya/mu_CA_update/WLJVNTCWHIRURA-UHFFFAOYSA-N_BGQMOFGZRJUORO-UHFFFAOYSA-M.tab
----------------
 END job       1
----------------
----------------
 START job     2
----------------


 Results for mixture 2
 ---------------------
 Temperature          :    583.000 K
 Compound Nr.         :         1         2
 Compound             : WLJVNTCWH BGQMOFGZR
 Mole Fraction        :    0.0000    1.0000

 Compound: 1  (WLJVNTCWHIRURA-UHFFFAOYSA-N)
 Chemical potential of the compound in the mixture :         0.29721 kcal/mol
 Log10(partial pressure [mbar])                    :         2.96358
 Free energy of molecule in mix (E_COSMO+dE+Mu)    :   -360911.45118 kcal/mol
 Total mean interaction energy in the mix (H_int)  :        -2.17677 kcal/mol
 Misfit interaction energy in the mix (H_MF)       :         6.18246 kcal/mol
 H-Bond interaction energy in the mix (H_HB)       :        -1.17359 kcal/mol
 VdW interaction energy in the mix (H_vdW)         :        -7.18564 kcal/mol

 Compound: 2  (BGQMOFGZRJUORO-UHFFFAOYSA-M)
 Chemical potential of the compound in the mixture :         4.53650 kcal/mol
 Log10(partial pressure [mbar])                    :        -1.62181
 Free energy of molecule in mix (E_COSMO+dE+Mu)    :  -1947474.25036 kcal/mol
 Total mean interaction energy in the mix (H_int)  :         0.04983 kcal/mol
 Misfit interaction energy in the mix (H_MF)       :        11.35263 kcal/mol
 H-Bond interaction energy in the mix (H_HB)       :        -0.10913 kcal/mol
 VdW interaction energy in the mix (H_vdW)         :       -11.19366 kcal/mol



 Compound: 1 Conformer: 1 (WLJVNTCWHIRURA-UHFFFAOYSA-N)
 Chemical potential of the molecule in the mixture :         0.29721 kcal/mol
 Log10(partial pressure [mbar])                    :         2.96358
 Free energy of molecule in mix (E_COSMO+dE+Mu)    :   -360911.45118 kcal/mol
 Total mean interaction energy in the mix          :        -2.17677 kcal/mol
 Misfit interaction energy in the mix              :         6.18246 kcal/mol
 H-Bond interaction energy in the mix              :        -1.17359 kcal/mol
 VdW interaction energy in the mix                 :        -7.18564 kcal/mol
 Normalized weight factor of molecule in compound  :         1.00000
 Normalized weight factor of molecule in gas phase :         1.00000

 Compound: 2 Conformer: 1 (BGQMOFGZRJUORO-UHFFFAOYSA-M)
 Chemical potential of the molecule in the mixture :         4.53650 kcal/mol
 Log10(partial pressure [mbar])                    :        -1.62181
 Free energy of molecule in mix (E_COSMO+dE+Mu)    :  -1947474.25036 kcal/mol
 Total mean interaction energy in the mix          :         0.04983 kcal/mol
 Misfit interaction energy in the mix              :        11.35263 kcal/mol
 H-Bond interaction energy in the mix              :        -0.10913 kcal/mol
 VdW interaction energy in the mix                 :       -11.19366 kcal/mol
 Normalized weight factor of molecule in compound  :         1.00000
 Normalized weight factor of molecule in gas phase :         1.00000



 Note: Compound properties are tabulated in /home/comp5/Nastya/mu_CA_update/WLJVNTCWHIRURA-UHFFFAOYSA-N_BGQMOFGZRJUORO-UHFFFAOYSA-M.tab
----------------
 END job       2
----------------
