 -----------------------------------------------------------
 BIOVIA COSMOtherm Version 2019 (build: 19.0.5 [65f0de1d5f])
 -----------------------------------------------------------

 Copyright (C) 1999-2019, Dassault Systemes BIOVIA corp, all rights reserved

 Job name   : !! generated by COSMOthermX !!
 Job date   : 08/03/2022
 Job time   : 16:10:20
 Hostname   : unknown
 OS type    : unknown
 Executable : Linux 64-bit

 Reading COSMOtherm parameter file BP_TZVP_C30_1701.ctd from directory /home/comp5/Nastya/COSMOlogic/COSMOthermX19/COSMOtherm/CTDATA-FILES/OLDPARAM/
 Info: # COSMOtherm parameter file ./BP_TZVP_C30_1701.ctd for BP-TZVP optimized COSMO files                                                                  

 Reading COSMOtherm license key license.txt from directory /home/comp5/Nastya/COSMOlogic/COSMOthermX19/licensefiles/

 COSMOtherm license key expiration date 04/26/2025
 COSMOtherm license key version 21
 Customer : 200000000032966
 ID       : LKO1978637

 License keys:
  product                   |    licensed version    | status
 ------------------------------------------------------------------------------ 
  COSMOtherm                |          21            | active
  TURBOMOLE                 |          21            | active
 ------------------------------------------------------------------------------ 
 
 Note: Vapor pressure / property file could not be found for compound 1
 Reading COSMO information for compound 1 conformer 1 from file /home/comp5/Nastya/cosmo/WWZKQHOCKIZLMA-UHFFFAOYSA-N.cosmo
 Note: Gas phase energy file could not be found for compound 1 conformer 1
 Note: converting Gaussian COSMO-file information of compound 1 conformer 1
 
 Note: Vapor pressure / property file could not be found for compound 2
 Reading COSMO information for compound 2 conformer 1 from file /home/comp5/Nastya/cosmo/POULHZVOKOAJMA-UHFFFAOYSA-N.cosmo
 Note: Gas phase energy file could not be found for compound 2 conformer 1
 Note: converting Gaussian COSMO-file information of compound 2 conformer 1


 --- Compound 1 (WWZKQHOCKIZLMA-UHFFFAOYSA-N) ---

 Compound Information for compound 1 conformer 1 (COSMO file /home/comp5/Nastya/cosmo/WWZKQHOCKIZLMA-UHFFFAOYSA-N.cosmo)
 Atomic weights         : 11111111111111111111111111
 E_COSMO+dE             :    -291876.6847 kcal/mol
 E_gas                  :    -291870.1685 kcal/mol
 E_COSMO-E_gas+dE       :         -6.5163 kcal/mol
 E_diel                 :         -8.6800 kcal/mol
 Averaging corr dE      :          0.5620 kcal/mol
 Area                   :        210.8442 A^2
 Volume                 :        205.6622 A^3
 Molecular Weight       :        144.2123 a.m.u.
 Total COSMO charge     :         -0.0034 a.u.
 Dipole moment (t,x,y,z):          2.2928 -0.606376 -2.211132 -0.000460 Debye                            
 Sigma moments (1-6)    :          0.0000  6.65E+01  2.546047  1.10E+02 -3.82E+01  2.61E+02              
 H-bond moment (accept) :          1.7688
 H-bond moment (donor)  :          3.0695
 
 WARNING: QM computation level of compound 1 conformer 1 could not be determined - it may differ from the QM level of the parameter set.
 No gas phase energy for compound 1 conformer 1 specified, thus it will be estimated


 --- Compound 2 (POULHZVOKOAJMA-UHFFFAOYSA-N) ---

 Compound Information for compound 2 conformer 1 (COSMO file /home/comp5/Nastya/cosmo/POULHZVOKOAJMA-UHFFFAOYSA-N.cosmo)
 Atomic weights         : 11111111111111111111111111111111111111
 E_COSMO+dE             :    -390580.7254 kcal/mol
 E_gas                  :    -390574.0746 kcal/mol
 E_COSMO-E_gas+dE       :         -6.6509 kcal/mol
 E_diel                 :         -8.8835 kcal/mol
 Averaging corr dE      :          0.5805 kcal/mol
 Area                   :        290.8402 A^2
 Volume                 :        293.8848 A^3
 Molecular Weight       :        200.3189 a.m.u.
 Total COSMO charge     :         -0.0054 a.u.
 Dipole moment (t,x,y,z):          2.7845 -1.969186  0.295376 -1.946373 Debye                            
 Sigma moments (1-6)    :          0.0000  6.83E+01  4.984125  1.11E+02 -3.31E+01  2.64E+02              
 H-bond moment (accept) :          1.9325
 H-bond moment (donor)  :          3.0371
 
 WARNING: QM computation level of compound 2 conformer 1 could not be determined - it may differ from the QM level of the parameter set.
 No gas phase energy for compound 2 conformer 1 specified, thus it will be estimated


 Total number of processed compounds:    2


----------------
 START job     1
----------------


 Results for mixture 1
 ---------------------
 Temperature          :    288.200 K
 Compound Nr.         :         1         2
 Compound             : WWZKQHOCK POULHZVOK
 Mole Fraction        :    1.0000    0.0000

 Compound: 1  (WWZKQHOCKIZLMA-UHFFFAOYSA-N)
 Chemical potential of the compound in the mixture :        -5.14581 kcal/mol
 Log10(partial pressure [mbar])                    :        -1.24682
 Free energy of molecule in mix (E_COSMO+dE+Mu)    :   -291881.83055 kcal/mol
 Total mean interaction energy in the mix (H_int)  :       -11.25675 kcal/mol
 Misfit interaction energy in the mix (H_MF)       :         2.12746 kcal/mol
 H-Bond interaction energy in the mix (H_HB)       :        -3.60462 kcal/mol
 VdW interaction energy in the mix (H_vdW)         :        -9.77959 kcal/mol

 Compound: 2  (POULHZVOKOAJMA-UHFFFAOYSA-N)
 Chemical potential of the compound in the mixture :        -7.56156 kcal/mol
 Log10(partial pressure [mbar])                    :        -3.18081
 Free energy of molecule in mix (E_COSMO+dE+Mu)    :   -390588.28701 kcal/mol
 Total mean interaction energy in the mix (H_int)  :       -14.89189 kcal/mol
 Misfit interaction energy in the mix (H_MF)       :         2.59008 kcal/mol
 H-Bond interaction energy in the mix (H_HB)       :        -3.78376 kcal/mol
 VdW interaction energy in the mix (H_vdW)         :       -13.69821 kcal/mol



 Compound: 1 Conformer: 1 (WWZKQHOCKIZLMA-UHFFFAOYSA-N)
 Chemical potential of the molecule in the mixture :        -5.14581 kcal/mol
 Log10(partial pressure [mbar])                    :        -1.24682
 Free energy of molecule in mix (E_COSMO+dE+Mu)    :   -291881.83055 kcal/mol
 Total mean interaction energy in the mix          :       -11.25675 kcal/mol
 Misfit interaction energy in the mix              :         2.12746 kcal/mol
 H-Bond interaction energy in the mix              :        -3.60462 kcal/mol
 VdW interaction energy in the mix                 :        -9.77959 kcal/mol
 Normalized weight factor of molecule in compound  :         1.00000
 Normalized weight factor of molecule in gas phase :         1.00000

 Compound: 2 Conformer: 1 (POULHZVOKOAJMA-UHFFFAOYSA-N)
 Chemical potential of the molecule in the mixture :        -7.56156 kcal/mol
 Log10(partial pressure [mbar])                    :        -3.18081
 Free energy of molecule in mix (E_COSMO+dE+Mu)    :   -390588.28701 kcal/mol
 Total mean interaction energy in the mix          :       -14.89189 kcal/mol
 Misfit interaction energy in the mix              :         2.59008 kcal/mol
 H-Bond interaction energy in the mix              :        -3.78376 kcal/mol
 VdW interaction energy in the mix                 :       -13.69821 kcal/mol
 Normalized weight factor of molecule in compound  :         1.00000
 Normalized weight factor of molecule in gas phase :         1.00000



 Note: Compound properties are tabulated in /home/comp5/Nastya/mu_CA_update/WWZKQHOCKIZLMA-UHFFFAOYSA-N_POULHZVOKOAJMA-UHFFFAOYSA-N.tab
----------------
 END job       1
----------------
----------------
 START job     2
----------------


 Results for mixture 2
 ---------------------
 Temperature          :    317.500 K
 Compound Nr.         :         1         2
 Compound             : WWZKQHOCK POULHZVOK
 Mole Fraction        :    0.0000    1.0000

 Compound: 1  (WWZKQHOCKIZLMA-UHFFFAOYSA-N)
 Chemical potential of the compound in the mixture :        -4.52924 kcal/mol
 Log10(partial pressure [mbar])                    :        -0.06877
 Free energy of molecule in mix (E_COSMO+dE+Mu)    :   -291881.21399 kcal/mol
 Total mean interaction energy in the mix (H_int)  :       -10.63841 kcal/mol
 Misfit interaction energy in the mix (H_MF)       :         2.14427 kcal/mol
 H-Bond interaction energy in the mix (H_HB)       :        -2.99399 kcal/mol
 VdW interaction energy in the mix (H_vdW)         :        -9.78869 kcal/mol

 Compound: 2  (POULHZVOKOAJMA-UHFFFAOYSA-N)
 Chemical potential of the compound in the mixture :        -6.87543 kcal/mol
 Log10(partial pressure [mbar])                    :        -1.77641
 Free energy of molecule in mix (E_COSMO+dE+Mu)    :   -390587.60088 kcal/mol
 Total mean interaction energy in the mix (H_int)  :       -14.31811 kcal/mol
 Misfit interaction energy in the mix (H_MF)       :         2.51816 kcal/mol
 H-Bond interaction energy in the mix (H_HB)       :        -3.12838 kcal/mol
 VdW interaction energy in the mix (H_vdW)         :       -13.70789 kcal/mol



 Compound: 1 Conformer: 1 (WWZKQHOCKIZLMA-UHFFFAOYSA-N)
 Chemical potential of the molecule in the mixture :        -4.52924 kcal/mol
 Log10(partial pressure [mbar])                    :        -0.06877
 Free energy of molecule in mix (E_COSMO+dE+Mu)    :   -291881.21399 kcal/mol
 Total mean interaction energy in the mix          :       -10.63841 kcal/mol
 Misfit interaction energy in the mix              :         2.14427 kcal/mol
 H-Bond interaction energy in the mix              :        -2.99399 kcal/mol
 VdW interaction energy in the mix                 :        -9.78869 kcal/mol
 Normalized weight factor of molecule in compound  :         1.00000
 Normalized weight factor of molecule in gas phase :         1.00000

 Compound: 2 Conformer: 1 (POULHZVOKOAJMA-UHFFFAOYSA-N)
 Chemical potential of the molecule in the mixture :        -6.87543 kcal/mol
 Log10(partial pressure [mbar])                    :        -1.77641
 Free energy of molecule in mix (E_COSMO+dE+Mu)    :   -390587.60088 kcal/mol
 Total mean interaction energy in the mix          :       -14.31811 kcal/mol
 Misfit interaction energy in the mix              :         2.51816 kcal/mol
 H-Bond interaction energy in the mix              :        -3.12838 kcal/mol
 VdW interaction energy in the mix                 :       -13.70789 kcal/mol
 Normalized weight factor of molecule in compound  :         1.00000
 Normalized weight factor of molecule in gas phase :         1.00000



 Note: Compound properties are tabulated in /home/comp5/Nastya/mu_CA_update/WWZKQHOCKIZLMA-UHFFFAOYSA-N_POULHZVOKOAJMA-UHFFFAOYSA-N.tab
----------------
 END job       2
----------------
