 -----------------------------------------------------------
 BIOVIA COSMOtherm Version 2019 (build: 19.0.5 [65f0de1d5f])
 -----------------------------------------------------------

 Copyright (C) 1999-2019, Dassault Systemes BIOVIA corp, all rights reserved

 Job name   : !! generated by COSMOthermX !!
 Job date   : 08/03/2022
 Job time   : 16:11:43
 Hostname   : unknown
 OS type    : unknown
 Executable : Linux 64-bit

 Reading COSMOtherm parameter file BP_TZVP_C30_1701.ctd from directory /home/comp5/Nastya/COSMOlogic/COSMOthermX19/COSMOtherm/CTDATA-FILES/OLDPARAM/
 Info: # COSMOtherm parameter file ./BP_TZVP_C30_1701.ctd for BP-TZVP optimized COSMO files                                                                  

 Reading COSMOtherm license key license.txt from directory /home/comp5/Nastya/COSMOlogic/COSMOthermX19/licensefiles/

 COSMOtherm license key expiration date 04/26/2025
 COSMOtherm license key version 21
 Customer : 200000000032966
 ID       : LKO1978637

 License keys:
  product                   |    licensed version    | status
 ------------------------------------------------------------------------------ 
  COSMOtherm                |          21            | active
  TURBOMOLE                 |          21            | active
 ------------------------------------------------------------------------------ 
 
 Reading vapor pressure and property information for compound 1 from file /home/comp5/Nastya/cosmo/XBDQKXXYIPTUBI-UHFFFAOYSA-N.vap
 Reading COSMO information for compound 1 conformer 1 from file /home/comp5/Nastya/cosmo/XBDQKXXYIPTUBI-UHFFFAOYSA-N.cosmo
 Note: Gas phase energy file could not be found for compound 1 conformer 1
 Note: converting Gaussian COSMO-file information of compound 1 conformer 1
 
 Reading vapor pressure and property information for compound 2 from file /home/comp5/Nastya/cosmo/KWIUHFFTVRNATP-UHFFFAOYSA-N.vap
 Reading COSMO information for compound 2 conformer 1 from file /home/comp5/Nastya/cosmo/KWIUHFFTVRNATP-UHFFFAOYSA-N.cosmo
 Note: Gas phase energy file could not be found for compound 2 conformer 1
 Note: converting Gaussian COSMO-file information of compound 2 conformer 1


 --- Compound 1 (XBDQKXXYIPTUBI-UHFFFAOYSA-N) ---

 Compound Information for compound 1 conformer 1 (COSMO file /home/comp5/Nastya/cosmo/XBDQKXXYIPTUBI-UHFFFAOYSA-N.cosmo)
 Atomic weights         : 11111111111
 E_COSMO+dE             :    -168494.8790 kcal/mol
 E_gas                  :    -168488.5245 kcal/mol
 E_COSMO-E_gas+dE       :         -6.3545 kcal/mol
 E_diel                 :         -8.3871 kcal/mol
 Averaging corr dE      :          0.5024 kcal/mol
 Area                   :        111.1863 A^2
 Volume                 :         95.6033 A^3
 Molecular Weight       :         74.0789 a.m.u.
 Total COSMO charge     :          0.0006 a.u.
 Dipole moment (t,x,y,z):          2.4656  1.810695  1.557231  0.612750 Debye                            
 Sigma moments (1-6)    :          0.0000  6.34E+01  1.126804  1.12E+02 -4.04E+01  2.70E+02              
 H-bond moment (accept) :          1.8571
 H-bond moment (donor)  :          3.1491
 
 WARNING: QM computation level of compound 1 conformer 1 could not be determined - it may differ from the QM level of the parameter set.
 No gas phase energy for compound 1 conformer 1 specified, thus it will be estimated


 --- Compound 2 (KWIUHFFTVRNATP-UHFFFAOYSA-N) ---

 Compound Information for compound 2 conformer 1 (COSMO file /home/comp5/Nastya/cosmo/KWIUHFFTVRNATP-UHFFFAOYSA-N.cosmo)
 Atomic weights         : 1111111111111111111
 E_COSMO+dE             :    -252580.8433 kcal/mol
 E_gas                  :    -252553.4740 kcal/mol
 E_COSMO-E_gas+dE       :        -27.3693 kcal/mol
 E_diel                 :        -40.1242 kcal/mol
 Averaging corr dE      :          0.7176 kcal/mol
 Area                   :        154.0612 A^2
 Volume                 :        155.3798 A^3
 Molecular Weight       :        117.1469 a.m.u.
 Total COSMO charge     :          0.0039 a.u.
 Dipole moment (t,x,y,z):         15.1887  1.51E+01 -1.715292  0.002027 Debye                            
 Sigma moments (1-6)    :          0.0000  1.69E+02  1.64E+02  4.27E+02  6.97E+02  1.45E+03              
 H-bond moment (accept) :         19.6211
 H-bond moment (donor)  :          0.1747
 
 WARNING: QM computation level of compound 2 conformer 1 could not be determined - it may differ from the QM level of the parameter set.
 No gas phase energy for compound 2 conformer 1 specified, thus it will be estimated


 Total number of processed compounds:    2


----------------
 START job     1
----------------


 Results for mixture 1
 ---------------------
 Temperature          :    252.150 K
 Compound Nr.         :         1         2
 Compound             : XBDQKXXYI KWIUHFFTV
 Mole Fraction        :    1.0000    0.0000

 Compound: 1  (XBDQKXXYIPTUBI-UHFFFAOYSA-N)
 Chemical potential of the compound in the mixture :        -3.04192 kcal/mol
 Log10(partial pressure [mbar])                    :        -0.45072
 Free energy of molecule in mix (E_COSMO+dE+Mu)    :   -168497.92091 kcal/mol
 Total mean interaction energy in the mix (H_int)  :        -7.63881 kcal/mol
 Misfit interaction energy in the mix (H_MF)       :         1.45694 kcal/mol
 H-Bond interaction energy in the mix (H_HB)       :        -4.36704 kcal/mol
 VdW interaction energy in the mix (H_vdW)         :        -4.72870 kcal/mol

 Compound: 2  (KWIUHFFTVRNATP-UHFFFAOYSA-N)
 Chemical potential of the compound in the mixture :        -9.59851 kcal/mol
 Log10(partial pressure [mbar])                    :       -24.34761
 Free energy of molecule in mix (E_COSMO+dE+Mu)    :   -252590.44179 kcal/mol
 Total mean interaction energy in the mix (H_int)  :       -29.31599 kcal/mol
 Misfit interaction energy in the mix (H_MF)       :         2.30268 kcal/mol
 H-Bond interaction energy in the mix (H_HB)       :       -25.00838 kcal/mol
 VdW interaction energy in the mix (H_vdW)         :        -6.61029 kcal/mol



 Compound: 1 Conformer: 1 (XBDQKXXYIPTUBI-UHFFFAOYSA-N)
 Chemical potential of the molecule in the mixture :        -3.04192 kcal/mol
 Log10(partial pressure [mbar])                    :        -0.45072
 Free energy of molecule in mix (E_COSMO+dE+Mu)    :   -168497.92091 kcal/mol
 Total mean interaction energy in the mix          :        -7.63881 kcal/mol
 Misfit interaction energy in the mix              :         1.45694 kcal/mol
 H-Bond interaction energy in the mix              :        -4.36704 kcal/mol
 VdW interaction energy in the mix                 :        -4.72870 kcal/mol
 Normalized weight factor of molecule in compound  :         1.00000
 Normalized weight factor of molecule in gas phase :         1.00000

 Compound: 2 Conformer: 1 (KWIUHFFTVRNATP-UHFFFAOYSA-N)
 Chemical potential of the molecule in the mixture :        -9.59851 kcal/mol
 Log10(partial pressure [mbar])                    :       -24.34761
 Free energy of molecule in mix (E_COSMO+dE+Mu)    :   -252590.44179 kcal/mol
 Total mean interaction energy in the mix          :       -29.31599 kcal/mol
 Misfit interaction energy in the mix              :         2.30268 kcal/mol
 H-Bond interaction energy in the mix              :       -25.00838 kcal/mol
 VdW interaction energy in the mix                 :        -6.61029 kcal/mol
 Normalized weight factor of molecule in compound  :         1.00000
 Normalized weight factor of molecule in gas phase :         1.00000



 Note: Compound properties are tabulated in /home/comp5/Nastya/mu_CA_update/XBDQKXXYIPTUBI-UHFFFAOYSA-N_KWIUHFFTVRNATP-UHFFFAOYSA-N.tab
----------------
 END job       1
----------------
----------------
 START job     2
----------------


 Results for mixture 2
 ---------------------
 Temperature          :    514.150 K
 Compound Nr.         :         1         2
 Compound             : XBDQKXXYI KWIUHFFTV
 Mole Fraction        :    0.0000    1.0000

 Compound: 1  (XBDQKXXYIPTUBI-UHFFFAOYSA-N)
 Chemical potential of the compound in the mixture :        -1.12890 kcal/mol
 Log10(partial pressure [mbar])                    :         4.11829
 Free energy of molecule in mix (E_COSMO+dE+Mu)    :   -168496.00788 kcal/mol
 Total mean interaction energy in the mix (H_int)  :        -1.44701 kcal/mol
 Misfit interaction energy in the mix (H_MF)       :         4.12641 kcal/mol
 H-Bond interaction energy in the mix (H_HB)       :        -1.50300 kcal/mol
 VdW interaction energy in the mix (H_vdW)         :        -4.07042 kcal/mol

 Compound: 2  (KWIUHFFTVRNATP-UHFFFAOYSA-N)
 Chemical potential of the compound in the mixture :         6.29354 kcal/mol
 Log10(partial pressure [mbar])                    :        -1.65929
 Free energy of molecule in mix (E_COSMO+dE+Mu)    :   -252574.54973 kcal/mol
 Total mean interaction energy in the mix (H_int)  :         2.49216 kcal/mol
 Misfit interaction energy in the mix (H_MF)       :         9.01748 kcal/mol
 H-Bond interaction energy in the mix (H_HB)       :        -0.86390 kcal/mol
 VdW interaction energy in the mix (H_vdW)         :        -5.66142 kcal/mol



 Compound: 1 Conformer: 1 (XBDQKXXYIPTUBI-UHFFFAOYSA-N)
 Chemical potential of the molecule in the mixture :        -1.12890 kcal/mol
 Log10(partial pressure [mbar])                    :         4.11829
 Free energy of molecule in mix (E_COSMO+dE+Mu)    :   -168496.00788 kcal/mol
 Total mean interaction energy in the mix          :        -1.44701 kcal/mol
 Misfit interaction energy in the mix              :         4.12641 kcal/mol
 H-Bond interaction energy in the mix              :        -1.50300 kcal/mol
 VdW interaction energy in the mix                 :        -4.07042 kcal/mol
 Normalized weight factor of molecule in compound  :         1.00000
 Normalized weight factor of molecule in gas phase :         1.00000

 Compound: 2 Conformer: 1 (KWIUHFFTVRNATP-UHFFFAOYSA-N)
 Chemical potential of the molecule in the mixture :         6.29354 kcal/mol
 Log10(partial pressure [mbar])                    :        -1.65929
 Free energy of molecule in mix (E_COSMO+dE+Mu)    :   -252574.54973 kcal/mol
 Total mean interaction energy in the mix          :         2.49216 kcal/mol
 Misfit interaction energy in the mix              :         9.01748 kcal/mol
 H-Bond interaction energy in the mix              :        -0.86390 kcal/mol
 VdW interaction energy in the mix                 :        -5.66142 kcal/mol
 Normalized weight factor of molecule in compound  :         1.00000
 Normalized weight factor of molecule in gas phase :         1.00000



 Note: Compound properties are tabulated in /home/comp5/Nastya/mu_CA_update/XBDQKXXYIPTUBI-UHFFFAOYSA-N_KWIUHFFTVRNATP-UHFFFAOYSA-N.tab
----------------
 END job       2
----------------
