 -----------------------------------------------------------
 BIOVIA COSMOtherm Version 2019 (build: 19.0.5 [65f0de1d5f])
 -----------------------------------------------------------

 Copyright (C) 1999-2019, Dassault Systemes BIOVIA corp, all rights reserved

 Job name   : !! generated by COSMOthermX !!
 Job date   : 08/03/2022
 Job time   : 16:11:02
 Hostname   : unknown
 OS type    : unknown
 Executable : Linux 64-bit

 Reading COSMOtherm parameter file BP_TZVP_C30_1701.ctd from directory /home/comp5/Nastya/COSMOlogic/COSMOthermX19/COSMOtherm/CTDATA-FILES/OLDPARAM/
 Info: # COSMOtherm parameter file ./BP_TZVP_C30_1701.ctd for BP-TZVP optimized COSMO files                                                                  

 Reading COSMOtherm license key license.txt from directory /home/comp5/Nastya/COSMOlogic/COSMOthermX19/licensefiles/

 COSMOtherm license key expiration date 04/26/2025
 COSMOtherm license key version 21
 Customer : 200000000032966
 ID       : LKO1978637

 License keys:
  product                   |    licensed version    | status
 ------------------------------------------------------------------------------ 
  COSMOtherm                |          21            | active
  TURBOMOLE                 |          21            | active
 ------------------------------------------------------------------------------ 
 
 Note: Vapor pressure / property file could not be found for compound 1
 Reading COSMO information for compound 1 conformer 1 from file /home/comp5/Nastya/cosmo/XMGQYMWWDOXHJM-SNVBAGLBSA-N.cosmo
 Note: Gas phase energy file could not be found for compound 1 conformer 1
 Note: converting Gaussian COSMO-file information of compound 1 conformer 1
 
 Note: Vapor pressure / property file could not be found for compound 2
 Reading COSMO information for compound 2 conformer 1 from file /home/comp5/Nastya/cosmo/TUNFSRHWOTWDNC-UHFFFAOYSA-N.cosmo
 Note: Gas phase energy file could not be found for compound 2 conformer 1
 Note: converting Gaussian COSMO-file information of compound 2 conformer 1


 --- Compound 1 (XMGQYMWWDOXHJM-SNVBAGLBSA-N) ---

 Compound Information for compound 1 conformer 1 (COSMO file /home/comp5/Nastya/cosmo/XMGQYMWWDOXHJM-SNVBAGLBSA-N.cosmo)
 Atomic weights         : 11111111111111111111111111
 E_COSMO+dE             :    -245223.8298 kcal/mol
 E_gas                  :    -245221.6374 kcal/mol
 E_COSMO-E_gas+dE       :         -2.1924 kcal/mol
 E_diel                 :         -2.8533 kcal/mol
 Averaging corr dE      :          0.2524 kcal/mol
 Area                   :        196.0094 A^2
 Volume                 :        204.7482 A^3
 Molecular Weight       :        136.2350 a.m.u.
 Total COSMO charge     :         -0.0040 a.u.
 Dipole moment (t,x,y,z):          0.8793  0.559387 -0.300934 -0.608058 Debye                            
 Sigma moments (1-6)    :          0.0000  2.46E+01  6.902662  9.063582  5.496420  5.223130              
 H-bond moment (accept) :          0.0000
 H-bond moment (donor)  :          0.0000
 
 WARNING: QM computation level of compound 1 conformer 1 could not be determined - it may differ from the QM level of the parameter set.
 No gas phase energy for compound 1 conformer 1 specified, thus it will be estimated


 --- Compound 2 (TUNFSRHWOTWDNC-UHFFFAOYSA-N) ---

 Compound Information for compound 2 conformer 1 (COSMO file /home/comp5/Nastya/cosmo/TUNFSRHWOTWDNC-UHFFFAOYSA-N.cosmo)
 Atomic weights         : 11111111111111111111111111111111111111111111
 E_COSMO+dE             :    -439933.0532 kcal/mol
 E_gas                  :    -439926.3022 kcal/mol
 E_COSMO-E_gas+dE       :         -6.7510 kcal/mol
 E_diel                 :         -9.0544 kcal/mol
 Averaging corr dE      :          0.6086 kcal/mol
 Area                   :        330.5786 A^2
 Volume                 :        338.0133 A^3
 Molecular Weight       :        228.3723 a.m.u.
 Total COSMO charge     :         -0.0072 a.u.
 Dipole moment (t,x,y,z):          2.8730  2.129440  0.418204 -1.882675 Debye                            
 Sigma moments (1-6)    :          0.0000  6.97E+01  4.338649  1.10E+02 -3.62E+01  2.63E+02              
 H-bond moment (accept) :          1.8457
 H-bond moment (donor)  :          3.0730
 
 WARNING: QM computation level of compound 2 conformer 1 could not be determined - it may differ from the QM level of the parameter set.
 No gas phase energy for compound 2 conformer 1 specified, thus it will be estimated


 Total number of processed compounds:    2


----------------
 START job     1
----------------


 Results for mixture 1
 ---------------------
 Temperature          :    199.180 K
 Compound Nr.         :         1         2
 Compound             : XMGQYMWWD TUNFSRHWO
 Mole Fraction        :    1.0000    0.0000

 Compound: 1  (XMGQYMWWDOXHJM-SNVBAGLBSA-N)
 Chemical potential of the compound in the mixture :        -7.12380 kcal/mol
 Log10(partial pressure [mbar])                    :        -3.56655
 Free energy of molecule in mix (E_COSMO+dE+Mu)    :   -245230.95364 kcal/mol
 Total mean interaction energy in the mix (H_int)  :        -8.74154 kcal/mol
 Misfit interaction energy in the mix (H_MF)       :         1.22636 kcal/mol
 H-Bond interaction energy in the mix (H_HB)       :         0.00000 kcal/mol
 VdW interaction energy in the mix (H_vdW)         :        -9.96789 kcal/mol

 Compound: 2  (TUNFSRHWOTWDNC-UHFFFAOYSA-N)
 Chemical potential of the compound in the mixture :        -8.96443 kcal/mol
 Log10(partial pressure [mbar])                    :        -9.34421
 Free energy of molecule in mix (E_COSMO+dE+Mu)    :   -439942.01767 kcal/mol
 Total mean interaction energy in the mix (H_int)  :       -13.72337 kcal/mol
 Misfit interaction energy in the mix (H_MF)       :         2.77935 kcal/mol
 H-Bond interaction energy in the mix (H_HB)       :        -0.05696 kcal/mol
 VdW interaction energy in the mix (H_vdW)         :       -16.44577 kcal/mol



 Compound: 1 Conformer: 1 (XMGQYMWWDOXHJM-SNVBAGLBSA-N)
 Chemical potential of the molecule in the mixture :        -7.12380 kcal/mol
 Log10(partial pressure [mbar])                    :        -3.56655
 Free energy of molecule in mix (E_COSMO+dE+Mu)    :   -245230.95364 kcal/mol
 Total mean interaction energy in the mix          :        -8.74154 kcal/mol
 Misfit interaction energy in the mix              :         1.22636 kcal/mol
 H-Bond interaction energy in the mix              :         0.00000 kcal/mol
 VdW interaction energy in the mix                 :        -9.96789 kcal/mol
 Normalized weight factor of molecule in compound  :         1.00000
 Normalized weight factor of molecule in gas phase :         1.00000

 Compound: 2 Conformer: 1 (TUNFSRHWOTWDNC-UHFFFAOYSA-N)
 Chemical potential of the molecule in the mixture :        -8.96443 kcal/mol
 Log10(partial pressure [mbar])                    :        -9.34421
 Free energy of molecule in mix (E_COSMO+dE+Mu)    :   -439942.01767 kcal/mol
 Total mean interaction energy in the mix          :       -13.72337 kcal/mol
 Misfit interaction energy in the mix              :         2.77935 kcal/mol
 H-Bond interaction energy in the mix              :        -0.05696 kcal/mol
 VdW interaction energy in the mix                 :       -16.44577 kcal/mol
 Normalized weight factor of molecule in compound  :         1.00000
 Normalized weight factor of molecule in gas phase :         1.00000



 Note: Compound properties are tabulated in /home/comp5/Nastya/mu_CA_update/XMGQYMWWDOXHJM-SNVBAGLBSA-N_TUNFSRHWOTWDNC-UHFFFAOYSA-N.tab
----------------
 END job       1
----------------
----------------
 START job     2
----------------


 Results for mixture 2
 ---------------------
 Temperature          :    327.000 K
 Compound Nr.         :         1         2
 Compound             : XMGQYMWWD TUNFSRHWO
 Mole Fraction        :    0.0000    1.0000

 Compound: 1  (XMGQYMWWDOXHJM-SNVBAGLBSA-N)
 Chemical potential of the compound in the mixture :        -5.88719 kcal/mol
 Log10(partial pressure [mbar])                    :         1.35890
 Free energy of molecule in mix (E_COSMO+dE+Mu)    :   -245229.71702 kcal/mol
 Total mean interaction energy in the mix (H_int)  :        -8.05090 kcal/mol
 Misfit interaction energy in the mix (H_MF)       :         1.45269 kcal/mol
 H-Bond interaction energy in the mix (H_HB)       :        -0.00347 kcal/mol
 VdW interaction energy in the mix (H_vdW)         :        -9.50013 kcal/mol

 Compound: 2  (TUNFSRHWOTWDNC-UHFFFAOYSA-N)
 Chemical potential of the compound in the mixture :        -7.76650 kcal/mol
 Log10(partial pressure [mbar])                    :        -2.18620
 Free energy of molecule in mix (E_COSMO+dE+Mu)    :   -439940.81973 kcal/mol
 Total mean interaction energy in the mix (H_int)  :       -15.75552 kcal/mol
 Misfit interaction energy in the mix (H_MF)       :         2.70166 kcal/mol
 H-Bond interaction energy in the mix (H_HB)       :        -2.79808 kcal/mol
 VdW interaction energy in the mix (H_vdW)         :       -15.65911 kcal/mol



 Compound: 1 Conformer: 1 (XMGQYMWWDOXHJM-SNVBAGLBSA-N)
 Chemical potential of the molecule in the mixture :        -5.88719 kcal/mol
 Log10(partial pressure [mbar])                    :         1.35890
 Free energy of molecule in mix (E_COSMO+dE+Mu)    :   -245229.71702 kcal/mol
 Total mean interaction energy in the mix          :        -8.05090 kcal/mol
 Misfit interaction energy in the mix              :         1.45269 kcal/mol
 H-Bond interaction energy in the mix              :        -0.00347 kcal/mol
 VdW interaction energy in the mix                 :        -9.50013 kcal/mol
 Normalized weight factor of molecule in compound  :         1.00000
 Normalized weight factor of molecule in gas phase :         1.00000

 Compound: 2 Conformer: 1 (TUNFSRHWOTWDNC-UHFFFAOYSA-N)
 Chemical potential of the molecule in the mixture :        -7.76650 kcal/mol
 Log10(partial pressure [mbar])                    :        -2.18620
 Free energy of molecule in mix (E_COSMO+dE+Mu)    :   -439940.81973 kcal/mol
 Total mean interaction energy in the mix          :       -15.75552 kcal/mol
 Misfit interaction energy in the mix              :         2.70166 kcal/mol
 H-Bond interaction energy in the mix              :        -2.79808 kcal/mol
 VdW interaction energy in the mix                 :       -15.65911 kcal/mol
 Normalized weight factor of molecule in compound  :         1.00000
 Normalized weight factor of molecule in gas phase :         1.00000



 Note: Compound properties are tabulated in /home/comp5/Nastya/mu_CA_update/XMGQYMWWDOXHJM-SNVBAGLBSA-N_TUNFSRHWOTWDNC-UHFFFAOYSA-N.tab
----------------
 END job       2
----------------
