 -----------------------------------------------------------
 BIOVIA COSMOtherm Version 2019 (build: 19.0.5 [65f0de1d5f])
 -----------------------------------------------------------

 Copyright (C) 1999-2019, Dassault Systemes BIOVIA corp, all rights reserved

 Job name   : !! generated by COSMOthermX !!
 Job date   : 08/03/2022
 Job time   : 16:10:05
 Hostname   : unknown
 OS type    : unknown
 Executable : Linux 64-bit

 Reading COSMOtherm parameter file BP_TZVP_C30_1701.ctd from directory /home/comp5/Nastya/COSMOlogic/COSMOthermX19/COSMOtherm/CTDATA-FILES/OLDPARAM/
 Info: # COSMOtherm parameter file ./BP_TZVP_C30_1701.ctd for BP-TZVP optimized COSMO files                                                                  

 Reading COSMOtherm license key license.txt from directory /home/comp5/Nastya/COSMOlogic/COSMOthermX19/licensefiles/

 COSMOtherm license key expiration date 04/26/2025
 COSMOtherm license key version 21
 Customer : 200000000032966
 ID       : LKO1978637

 License keys:
  product                   |    licensed version    | status
 ------------------------------------------------------------------------------ 
  COSMOtherm                |          21            | active
  TURBOMOLE                 |          21            | active
 ------------------------------------------------------------------------------ 
 
 Note: Vapor pressure / property file could not be found for compound 1
 Reading COSMO information for compound 1 conformer 1 from file /home/comp5/Nastya/cosmo/YCOXTKKNXUZSKD-UHFFFAOYSA-N.cosmo
 Note: Gas phase energy file could not be found for compound 1 conformer 1
 Note: converting Gaussian COSMO-file information of compound 1 conformer 1
 
 Reading vapor pressure and property information for compound 2 from file /home/comp5/Nastya/cosmo/SGMZJAMFUVOLNK-UHFFFAOYSA-M.vap
 Reading COSMO information for compound 2 conformer 1 from file /home/comp5/Nastya/cosmo/SGMZJAMFUVOLNK-UHFFFAOYSA-M.cosmo
 Note: Gas phase energy file could not be found for compound 2 conformer 1
 Note: converting Gaussian COSMO-file information of compound 2 conformer 1


 --- Compound 1 (YCOXTKKNXUZSKD-UHFFFAOYSA-N) ---

 Compound Information for compound 1 conformer 1 (COSMO file /home/comp5/Nastya/cosmo/YCOXTKKNXUZSKD-UHFFFAOYSA-N.cosmo)
 Atomic weights         : 1111111111111111111
 E_COSMO+dE             :    -242367.9298 kcal/mol
 E_gas                  :    -242361.7332 kcal/mol
 E_COSMO-E_gas+dE       :         -6.1965 kcal/mol
 E_diel                 :         -8.1554 kcal/mol
 Averaging corr dE      :          0.4844 kcal/mol
 Area                   :        167.0398 A^2
 Volume                 :        164.9534 A^3
 Molecular Weight       :        122.1651 a.m.u.
 Total COSMO charge     :         -0.0014 a.u.
 Dipole moment (t,x,y,z):          1.6194 -0.583959 -1.510427  0.005485 Debye                            
 Sigma moments (1-6)    :          0.0000  6.02E+01 -1.46E+01  8.43E+01 -6.37E+01  1.99E+02              
 H-bond moment (accept) :          0.8297
 H-bond moment (donor)  :          2.8909
 
 WARNING: QM computation level of compound 1 conformer 1 could not be determined - it may differ from the QM level of the parameter set.
 No gas phase energy for compound 1 conformer 1 specified, thus it will be estimated


 --- Compound 2 (SGMZJAMFUVOLNK-UHFFFAOYSA-M) ---

 Compound Information for compound 2 conformer 1 (COSMO file /home/comp5/Nastya/cosmo/SGMZJAMFUVOLNK-UHFFFAOYSA-M.cosmo)
 Atomic weights         : 1111111111111111111111
 E_COSMO+dE             :    -495311.0092 kcal/mol
 E_gas                  :    -495280.9240 kcal/mol
 E_COSMO-E_gas+dE       :        -30.0852 kcal/mol
 E_diel                 :        -43.9005 kcal/mol
 Averaging corr dE      :          0.6451 kcal/mol
 Area                   :        177.0496 A^2
 Volume                 :        188.1524 A^3
 Molecular Weight       :        139.6245 a.m.u.
 Total COSMO charge     :          0.0093 a.u.
 Dipole moment (t,x,y,z):         18.3247 -1.83E+01  0.122140 -1.618568 Debye                            
 Sigma moments (1-6)    :          0.0000  1.72E+02  1.20E+02  3.11E+02  3.77E+02  7.14E+02              
 H-bond moment (accept) :         15.0395
 H-bond moment (donor)  :          0.2290
 
 WARNING: QM computation level of compound 2 conformer 1 could not be determined - it may differ from the QM level of the parameter set.
 No gas phase energy for compound 2 conformer 1 specified, thus it will be estimated


 Total number of processed compounds:    2


----------------
 START job     1
----------------


 Results for mixture 1
 ---------------------
 Temperature          :    334.000 K
 Compound Nr.         :         1         2
 Compound             : YCOXTKKNX SGMZJAMFU
 Mole Fraction        :    1.0000    0.0000

 Compound: 1  (YCOXTKKNXUZSKD-UHFFFAOYSA-N)
 Chemical potential of the compound in the mixture :        -3.10663 kcal/mol
 Log10(partial pressure [mbar])                    :         0.67485
 Free energy of molecule in mix (E_COSMO+dE+Mu)    :   -242371.03638 kcal/mol
 Total mean interaction energy in the mix (H_int)  :        -6.92581 kcal/mol
 Misfit interaction energy in the mix (H_MF)       :         2.51737 kcal/mol
 H-Bond interaction energy in the mix (H_HB)       :        -1.61838 kcal/mol
 VdW interaction energy in the mix (H_vdW)         :        -7.82481 kcal/mol

 Compound: 2  (SGMZJAMFUVOLNK-UHFFFAOYSA-M)
 Chemical potential of the compound in the mixture :        -2.78287 kcal/mol
 Log10(partial pressure [mbar])                    :       -14.00265
 Free energy of molecule in mix (E_COSMO+dE+Mu)    :   -495313.79211 kcal/mol
 Total mean interaction energy in the mix (H_int)  :       -21.46813 kcal/mol
 Misfit interaction energy in the mix (H_MF)       :         3.31149 kcal/mol
 H-Bond interaction energy in the mix (H_HB)       :       -16.27384 kcal/mol
 VdW interaction energy in the mix (H_vdW)         :        -8.50577 kcal/mol



 Compound: 1 Conformer: 1 (YCOXTKKNXUZSKD-UHFFFAOYSA-N)
 Chemical potential of the molecule in the mixture :        -3.10663 kcal/mol
 Log10(partial pressure [mbar])                    :         0.67485
 Free energy of molecule in mix (E_COSMO+dE+Mu)    :   -242371.03638 kcal/mol
 Total mean interaction energy in the mix          :        -6.92581 kcal/mol
 Misfit interaction energy in the mix              :         2.51737 kcal/mol
 H-Bond interaction energy in the mix              :        -1.61838 kcal/mol
 VdW interaction energy in the mix                 :        -7.82481 kcal/mol
 Normalized weight factor of molecule in compound  :         1.00000
 Normalized weight factor of molecule in gas phase :         1.00000

 Compound: 2 Conformer: 1 (SGMZJAMFUVOLNK-UHFFFAOYSA-M)
 Chemical potential of the molecule in the mixture :        -2.78287 kcal/mol
 Log10(partial pressure [mbar])                    :       -14.00265
 Free energy of molecule in mix (E_COSMO+dE+Mu)    :   -495313.79211 kcal/mol
 Total mean interaction energy in the mix          :       -21.46813 kcal/mol
 Misfit interaction energy in the mix              :         3.31149 kcal/mol
 H-Bond interaction energy in the mix              :       -16.27384 kcal/mol
 VdW interaction energy in the mix                 :        -8.50577 kcal/mol
 Normalized weight factor of molecule in compound  :         1.00000
 Normalized weight factor of molecule in gas phase :         1.00000



 Note: Compound properties are tabulated in /home/comp5/Nastya/mu_CA_update/YCOXTKKNXUZSKD-UHFFFAOYSA-N_SGMZJAMFUVOLNK-UHFFFAOYSA-M.tab
----------------
 END job       1
----------------
----------------
 START job     2
----------------


 Results for mixture 2
 ---------------------
 Temperature          :    578.150 K
 Compound Nr.         :         1         2
 Compound             : YCOXTKKNX SGMZJAMFU
 Mole Fraction        :    0.0000    1.0000

 Compound: 1  (YCOXTKKNXUZSKD-UHFFFAOYSA-N)
 Chemical potential of the compound in the mixture :        -1.05519 kcal/mol
 Log10(partial pressure [mbar])                    :         4.08752
 Free energy of molecule in mix (E_COSMO+dE+Mu)    :   -242368.98495 kcal/mol
 Total mean interaction energy in the mix (H_int)  :        -0.79882 kcal/mol
 Misfit interaction energy in the mix (H_MF)       :         5.88649 kcal/mol
 H-Bond interaction energy in the mix (H_HB)       :        -0.61204 kcal/mol
 VdW interaction energy in the mix (H_vdW)         :        -6.07327 kcal/mol

 Compound: 2  (SGMZJAMFUVOLNK-UHFFFAOYSA-M)
 Chemical potential of the compound in the mixture :         5.74815 kcal/mol
 Log10(partial pressure [mbar])                    :        -1.94240
 Free energy of molecule in mix (E_COSMO+dE+Mu)    :   -495305.26108 kcal/mol
 Total mean interaction energy in the mix (H_int)  :         1.34719 kcal/mol
 Misfit interaction energy in the mix (H_MF)       :         8.54801 kcal/mol
 H-Bond interaction energy in the mix (H_HB)       :        -0.49990 kcal/mol
 VdW interaction energy in the mix (H_vdW)         :        -6.70093 kcal/mol



 Compound: 1 Conformer: 1 (YCOXTKKNXUZSKD-UHFFFAOYSA-N)
 Chemical potential of the molecule in the mixture :        -1.05519 kcal/mol
 Log10(partial pressure [mbar])                    :         4.08752
 Free energy of molecule in mix (E_COSMO+dE+Mu)    :   -242368.98495 kcal/mol
 Total mean interaction energy in the mix          :        -0.79882 kcal/mol
 Misfit interaction energy in the mix              :         5.88649 kcal/mol
 H-Bond interaction energy in the mix              :        -0.61204 kcal/mol
 VdW interaction energy in the mix                 :        -6.07327 kcal/mol
 Normalized weight factor of molecule in compound  :         1.00000
 Normalized weight factor of molecule in gas phase :         1.00000

 Compound: 2 Conformer: 1 (SGMZJAMFUVOLNK-UHFFFAOYSA-M)
 Chemical potential of the molecule in the mixture :         5.74815 kcal/mol
 Log10(partial pressure [mbar])                    :        -1.94240
 Free energy of molecule in mix (E_COSMO+dE+Mu)    :   -495305.26108 kcal/mol
 Total mean interaction energy in the mix          :         1.34719 kcal/mol
 Misfit interaction energy in the mix              :         8.54801 kcal/mol
 H-Bond interaction energy in the mix              :        -0.49990 kcal/mol
 VdW interaction energy in the mix                 :        -6.70093 kcal/mol
 Normalized weight factor of molecule in compound  :         1.00000
 Normalized weight factor of molecule in gas phase :         1.00000



 Note: Compound properties are tabulated in /home/comp5/Nastya/mu_CA_update/YCOXTKKNXUZSKD-UHFFFAOYSA-N_SGMZJAMFUVOLNK-UHFFFAOYSA-M.tab
----------------
 END job       2
----------------
