 -----------------------------------------------------------
 BIOVIA COSMOtherm Version 2019 (build: 19.0.5 [65f0de1d5f])
 -----------------------------------------------------------

 Copyright (C) 1999-2019, Dassault Systemes BIOVIA corp, all rights reserved

 Job name   : !! generated by COSMOthermX !!
 Job date   : 08/03/2022
 Job time   : 16:12:12
 Hostname   : unknown
 OS type    : unknown
 Executable : Linux 64-bit

 Reading COSMOtherm parameter file BP_TZVP_C30_1701.ctd from directory /home/comp5/Nastya/COSMOlogic/COSMOthermX19/COSMOtherm/CTDATA-FILES/OLDPARAM/
 Info: # COSMOtherm parameter file ./BP_TZVP_C30_1701.ctd for BP-TZVP optimized COSMO files                                                                  

 Reading COSMOtherm license key license.txt from directory /home/comp5/Nastya/COSMOlogic/COSMOthermX19/licensefiles/

 COSMOtherm license key expiration date 04/26/2025
 COSMOtherm license key version 21
 Customer : 200000000032966
 ID       : LKO1978637

 License keys:
  product                   |    licensed version    | status
 ------------------------------------------------------------------------------ 
  COSMOtherm                |          21            | active
  TURBOMOLE                 |          21            | active
 ------------------------------------------------------------------------------ 
 
 Note: Vapor pressure / property file could not be found for compound 1
 Reading COSMO information for compound 1 conformer 1 from file /home/comp5/Nastya/cosmo/ZIBGPFATKBEMQZ-UHFFFAOYSA-N.cosmo
 Note: Gas phase energy file could not be found for compound 1 conformer 1
 Note: converting Gaussian COSMO-file information of compound 1 conformer 1
 
 Note: Vapor pressure / property file could not be found for compound 2
 Reading COSMO information for compound 2 conformer 1 from file /home/comp5/Nastya/cosmo/DBQUKJMNGUJRFI-UHFFFAOYSA-N.cosmo
 Note: Gas phase energy file could not be found for compound 2 conformer 1
 Note: converting Gaussian COSMO-file information of compound 2 conformer 1


 --- Compound 1 (ZIBGPFATKBEMQZ-UHFFFAOYSA-N) ---

 Compound Information for compound 1 conformer 1 (COSMO file /home/comp5/Nastya/cosmo/ZIBGPFATKBEMQZ-UHFFFAOYSA-N.cosmo)
 Atomic weights         : 111111111111111111111111
 E_COSMO+dE             :    -337680.5771 kcal/mol
 E_gas                  :    -337668.7350 kcal/mol
 E_COSMO-E_gas+dE       :        -11.8421 kcal/mol
 E_diel                 :        -17.0221 kcal/mol
 Averaging corr dE      :          1.0308 kcal/mol
 Area                   :        204.9417 A^2
 Volume                 :        191.5174 A^3
 Molecular Weight       :        150.1737 a.m.u.
 Total COSMO charge     :         -0.0011 a.u.
 Dipole moment (t,x,y,z):          2.8965 -1.212930 -2.525282  0.735785 Debye                            
 Sigma moments (1-6)    :          0.0000  1.29E+02  5.68E+01  2.40E+02  1.46E+02  5.75E+02              
 H-bond moment (accept) :          8.2543
 H-bond moment (donor)  :          3.6342
 
 WARNING: QM computation level of compound 1 conformer 1 could not be determined - it may differ from the QM level of the parameter set.
 No gas phase energy for compound 1 conformer 1 specified, thus it will be estimated


 --- Compound 2 (DBQUKJMNGUJRFI-UHFFFAOYSA-N) ---

 Compound Information for compound 2 conformer 1 (COSMO file /home/comp5/Nastya/cosmo/DBQUKJMNGUJRFI-UHFFFAOYSA-N.cosmo)
 Atomic weights         : 1111111111111111111111111
 E_COSMO+dE             :    -519998.5331 kcal/mol
 E_gas                  :    -519978.7034 kcal/mol
 E_COSMO-E_gas+dE       :        -19.8297 kcal/mol
 E_diel                 :        -29.1952 kcal/mol
 Averaging corr dE      :          0.6069 kcal/mol
 Area                   :        189.7992 A^2
 Volume                 :        207.9421 A^3
 Molecular Weight       :        153.6512 a.m.u.
 Total COSMO charge     :          0.0061 a.u.
 Dipole moment (t,x,y,z):         13.4725 -7.834606 -1.10E+01  0.144876 Debye                            
 Sigma moments (1-6)    :          0.0000  1.25E+02  8.11E+01  1.83E+02  2.11E+02  3.59E+02              
 H-bond moment (accept) :          7.8115
 H-bond moment (donor)  :          0.0123
 
 WARNING: QM computation level of compound 2 conformer 1 could not be determined - it may differ from the QM level of the parameter set.
 No gas phase energy for compound 2 conformer 1 specified, thus it will be estimated


 Total number of processed compounds:    2


----------------
 START job     1
----------------


 Results for mixture 1
 ---------------------
 Temperature          :    263.800 K
 Compound Nr.         :         1         2
 Compound             : ZIBGPFATK DBQUKJMNG
 Mole Fraction        :    1.0000    0.0000

 Compound: 1  (ZIBGPFATKBEMQZ-UHFFFAOYSA-N)
 Chemical potential of the compound in the mixture :        -5.04403 kcal/mol
 Log10(partial pressure [mbar])                    :        -6.33008
 Free energy of molecule in mix (E_COSMO+dE+Mu)    :   -337685.62113 kcal/mol
 Total mean interaction energy in the mix (H_int)  :       -16.11577 kcal/mol
 Misfit interaction energy in the mix (H_MF)       :         3.07457 kcal/mol
 H-Bond interaction energy in the mix (H_HB)       :       -10.03765 kcal/mol
 VdW interaction energy in the mix (H_vdW)         :        -9.15269 kcal/mol

 Compound: 2  (DBQUKJMNGUJRFI-UHFFFAOYSA-N)
 Chemical potential of the compound in the mixture :        -0.54069 kcal/mol
 Log10(partial pressure [mbar])                    :        -9.21661
 Free energy of molecule in mix (E_COSMO+dE+Mu)    :   -519999.07383 kcal/mol
 Total mean interaction energy in the mix (H_int)  :       -10.01090 kcal/mol
 Misfit interaction energy in the mix (H_MF)       :         3.79391 kcal/mol
 H-Bond interaction energy in the mix (H_HB)       :        -4.83414 kcal/mol
 VdW interaction energy in the mix (H_vdW)         :        -8.97067 kcal/mol



 Compound: 1 Conformer: 1 (ZIBGPFATKBEMQZ-UHFFFAOYSA-N)
 Chemical potential of the molecule in the mixture :        -5.04403 kcal/mol
 Log10(partial pressure [mbar])                    :        -6.33008
 Free energy of molecule in mix (E_COSMO+dE+Mu)    :   -337685.62113 kcal/mol
 Total mean interaction energy in the mix          :       -16.11577 kcal/mol
 Misfit interaction energy in the mix              :         3.07457 kcal/mol
 H-Bond interaction energy in the mix              :       -10.03765 kcal/mol
 VdW interaction energy in the mix                 :        -9.15269 kcal/mol
 Normalized weight factor of molecule in compound  :         1.00000
 Normalized weight factor of molecule in gas phase :         1.00000

 Compound: 2 Conformer: 1 (DBQUKJMNGUJRFI-UHFFFAOYSA-N)
 Chemical potential of the molecule in the mixture :        -0.54069 kcal/mol
 Log10(partial pressure [mbar])                    :        -9.21661
 Free energy of molecule in mix (E_COSMO+dE+Mu)    :   -519999.07383 kcal/mol
 Total mean interaction energy in the mix          :       -10.01090 kcal/mol
 Misfit interaction energy in the mix              :         3.79391 kcal/mol
 H-Bond interaction energy in the mix              :        -4.83414 kcal/mol
 VdW interaction energy in the mix                 :        -8.97067 kcal/mol
 Normalized weight factor of molecule in compound  :         1.00000
 Normalized weight factor of molecule in gas phase :         1.00000



 Note: Compound properties are tabulated in /home/comp5/Nastya/mu_CA_update/ZIBGPFATKBEMQZ-UHFFFAOYSA-N_DBQUKJMNGUJRFI-UHFFFAOYSA-N.tab
----------------
 END job       1
----------------
----------------
 START job     2
----------------


 Results for mixture 2
 ---------------------
 Temperature          :    408.150 K
 Compound Nr.         :         1         2
 Compound             : ZIBGPFATK DBQUKJMNG
 Mole Fraction        :    0.0000    1.0000

 Compound: 1  (ZIBGPFATKBEMQZ-UHFFFAOYSA-N)
 Chemical potential of the compound in the mixture :        -0.65648 kcal/mol
 Log10(partial pressure [mbar])                    :         0.70532
 Free energy of molecule in mix (E_COSMO+dE+Mu)    :   -337681.23358 kcal/mol
 Total mean interaction energy in the mix (H_int)  :        -5.77664 kcal/mol
 Misfit interaction energy in the mix (H_MF)       :         5.59205 kcal/mol
 H-Bond interaction energy in the mix (H_HB)       :        -2.29307 kcal/mol
 VdW interaction energy in the mix (H_vdW)         :        -9.07562 kcal/mol

 Compound: 2  (DBQUKJMNGUJRFI-UHFFFAOYSA-N)
 Chemical potential of the compound in the mixture :         1.56555 kcal/mol
 Log10(partial pressure [mbar])                    :        -2.38187
 Free energy of molecule in mix (E_COSMO+dE+Mu)    :   -519996.96759 kcal/mol
 Total mean interaction energy in the mix (H_int)  :        -3.11549 kcal/mol
 Misfit interaction energy in the mix (H_MF)       :         6.15047 kcal/mol
 H-Bond interaction energy in the mix (H_HB)       :        -0.34467 kcal/mol
 VdW interaction energy in the mix (H_vdW)         :        -8.92129 kcal/mol



 Compound: 1 Conformer: 1 (ZIBGPFATKBEMQZ-UHFFFAOYSA-N)
 Chemical potential of the molecule in the mixture :        -0.65648 kcal/mol
 Log10(partial pressure [mbar])                    :         0.70532
 Free energy of molecule in mix (E_COSMO+dE+Mu)    :   -337681.23358 kcal/mol
 Total mean interaction energy in the mix          :        -5.77664 kcal/mol
 Misfit interaction energy in the mix              :         5.59205 kcal/mol
 H-Bond interaction energy in the mix              :        -2.29307 kcal/mol
 VdW interaction energy in the mix                 :        -9.07562 kcal/mol
 Normalized weight factor of molecule in compound  :         1.00000
 Normalized weight factor of molecule in gas phase :         1.00000

 Compound: 2 Conformer: 1 (DBQUKJMNGUJRFI-UHFFFAOYSA-N)
 Chemical potential of the molecule in the mixture :         1.56555 kcal/mol
 Log10(partial pressure [mbar])                    :        -2.38187
 Free energy of molecule in mix (E_COSMO+dE+Mu)    :   -519996.96759 kcal/mol
 Total mean interaction energy in the mix          :        -3.11549 kcal/mol
 Misfit interaction energy in the mix              :         6.15047 kcal/mol
 H-Bond interaction energy in the mix              :        -0.34467 kcal/mol
 VdW interaction energy in the mix                 :        -8.92129 kcal/mol
 Normalized weight factor of molecule in compound  :         1.00000
 Normalized weight factor of molecule in gas phase :         1.00000



 Note: Compound properties are tabulated in /home/comp5/Nastya/mu_CA_update/ZIBGPFATKBEMQZ-UHFFFAOYSA-N_DBQUKJMNGUJRFI-UHFFFAOYSA-N.tab
----------------
 END job       2
----------------
