 -----------------------------------------------------------
 BIOVIA COSMOtherm Version 2019 (build: 19.0.5 [65f0de1d5f])
 -----------------------------------------------------------

 Copyright (C) 1999-2019, Dassault Systemes BIOVIA corp, all rights reserved

 Job name   : !! generated by COSMOthermX !!
 Job date   : 10/14/2021
 Job time   : 03:20:59
 Hostname   : unknown
 OS type    : unknown
 Executable : Linux 64-bit

 Reading COSMOtherm parameter file BP_TZVP_C30_1701.ctd from directory /home/nastya/COSMOlogic/COSMOthermX19/COSMOtherm/CTDATA-FILES/OLDPARAM/
 Info: # COSMOtherm parameter file ./BP_TZVP_C30_1701.ctd for BP-TZVP optimized COSMO files                                                                  

 Reading COSMOtherm license key license.txt from directory /home/nastya/COSMOlogic/COSMOthermX19/licensefiles/

 COSMOtherm license key expiration date 01/16/2022
 COSMOtherm license key version 19.0
 Customer : TU Delft, Faculty of Applied Sciences
 ID       : 107270

 License keys:
  product                   |    licensed version    | status
 ------------------------------------------------------------------------------ 
  COSMOtherm                |          19.0          | active
  TURBOMOLE                 |          7.3           | active
 ------------------------------------------------------------------------------ 
 Sigma moments for all molecules will be written to /media/nastya/storage/Project_nastya/sigma_moments_17/AEMRFAOFKBGASW-UHFFFAOYSA-N.mom
 
 Reading COSMO information for compound 1 conformer 1 from file /media/nastya/storage/Project_nastya/cosmo/AEMRFAOFKBGASW-UHFFFAOYSA-N.cosmo
 Note: Gas phase energy file could not be found for compound 1 conformer 1
 Note: converting Gaussian COSMO-file information of compound 1 conformer 1


 --- Compound 1 (AEMRFAOFKBGASW-UHFFFAOYSA-N) ---

 Compound Information for compound 1 conformer 1 (COSMO file /media/nastya/storage/Project_nastya/cosmo/AEMRFAOFKBGASW-UHFFFAOYSA-N.cosmo)
 Atomic weights         : 111111111
 E_COSMO+dE             :    -191037.1089 kcal/mol
 E_gas                  :    -191025.4501 kcal/mol
 E_COSMO-E_gas+dE       :        -11.6588 kcal/mol
 E_diel                 :        -16.3195 kcal/mol
 Averaging corr dE      :          0.7641 kcal/mol
 Area                   :        102.9747 A^2
 Volume                 :         85.5418 A^3
 Molecular Weight       :         76.0516 a.m.u.
 Total COSMO charge     :          0.0014 a.u.
 Dipole moment (t,x,y,z):          4.3584 -0.049263 -4.358095  0.009115 Debye                            
 Sigma moments (1-6)    :          0.0000  1.11E+02 -4.268798  2.32E+02 -5.48E+01  6.11E+02              
 H-bond moment (accept) :          4.8943
 H-bond moment (donor)  :          6.2232
 
 WARNING: QM computation level of compound 1 conformer 1 could not be determined - it may differ from the QM level of the parameter set.
 No gas phase energy for compound 1 conformer 1 specified, thus it will be estimated


 Total number of processed compounds:    1


 Note: No temperatures / mixtures found in /media/nastya/storage/Project_nastya/sigma_moments_17/AEMRFAOFKBGASW-UHFFFAOYSA-N.inp
 COSMOtherm will terminate
