 -----------------------------------------------------------
 BIOVIA COSMOtherm Version 2019 (build: 19.0.5 [65f0de1d5f])
 -----------------------------------------------------------

 Copyright (C) 1999-2019, Dassault Systemes BIOVIA corp, all rights reserved

 Job name   : !! generated by COSMOthermX !!
 Job date   : 10/14/2021
 Job time   : 03:21:16
 Hostname   : unknown
 OS type    : unknown
 Executable : Linux 64-bit

 Reading COSMOtherm parameter file BP_TZVP_C30_1701.ctd from directory /home/nastya/COSMOlogic/COSMOthermX19/COSMOtherm/CTDATA-FILES/OLDPARAM/
 Info: # COSMOtherm parameter file ./BP_TZVP_C30_1701.ctd for BP-TZVP optimized COSMO files                                                                  

 Reading COSMOtherm license key license.txt from directory /home/nastya/COSMOlogic/COSMOthermX19/licensefiles/

 COSMOtherm license key expiration date 01/16/2022
 COSMOtherm license key version 19.0
 Customer : TU Delft, Faculty of Applied Sciences
 ID       : 107270

 License keys:
  product                   |    licensed version    | status
 ------------------------------------------------------------------------------ 
  COSMOtherm                |          19.0          | active
  TURBOMOLE                 |          7.3           | active
 ------------------------------------------------------------------------------ 
 Sigma moments for all molecules will be written to /media/nastya/storage/Project_nastya/sigma_moments_17/JRMUNVKIHCOMHV-UHFFFAOYSA-M.mom
 
 Reading COSMO information for compound 1 conformer 1 from file /media/nastya/storage/Project_nastya/cosmo/JRMUNVKIHCOMHV-UHFFFAOYSA-M.cosmo
 Note: Gas phase energy file could not be found for compound 1 conformer 1
 Note: converting Gaussian COSMO-file information of compound 1 conformer 1


 --- Compound 1 (JRMUNVKIHCOMHV-UHFFFAOYSA-M) ---

 Compound Information for compound 1 conformer 1 (COSMO file /media/nastya/storage/Project_nastya/cosmo/JRMUNVKIHCOMHV-UHFFFAOYSA-M.cosmo)
 Atomic weights         : 111111111111111111111111111111111111111111111111111111
 E_COSMO+dE             :   -2046184.8166 kcal/mol
 E_gas                  :   -2046158.0223 kcal/mol
 E_COSMO-E_gas+dE       :        -26.7942 kcal/mol
 E_diel                 :        -39.0736 kcal/mol
 Averaging corr dE      :          0.5573 kcal/mol
 Area                   :        340.2586 A^2
 Volume                 :        417.7631 A^3
 Molecular Weight       :        322.3694 a.m.u.
 Total COSMO charge     :          0.0094 a.u.
 Dipole moment (t,x,y,z):         19.1244 -1.90E+01  1.879314  0.348338 Debye                            
 Sigma moments (1-6)    :          0.0000  1.58E+02  1.50E+02  3.16E+02  4.43E+02  7.98E+02              
 H-bond moment (accept) :         17.0031
 H-bond moment (donor)  :          0.4091
 
 WARNING: QM computation level of compound 1 conformer 1 could not be determined - it may differ from the QM level of the parameter set.
 No gas phase energy for compound 1 conformer 1 specified, thus it will be estimated


 Total number of processed compounds:    1


 Note: No temperatures / mixtures found in /media/nastya/storage/Project_nastya/sigma_moments_17/JRMUNVKIHCOMHV-UHFFFAOYSA-M.inp
 COSMOtherm will terminate
