 -----------------------------------------------------------
 BIOVIA COSMOtherm Version 2019 (build: 19.0.5 [65f0de1d5f])
 -----------------------------------------------------------

 Copyright (C) 1999-2019, Dassault Systemes BIOVIA corp, all rights reserved

 Job name   : !! generated by COSMOthermX !!
 Job date   : 10/14/2021
 Job time   : 03:21:19
 Hostname   : unknown
 OS type    : unknown
 Executable : Linux 64-bit

 Reading COSMOtherm parameter file BP_TZVP_C30_1701.ctd from directory /home/nastya/COSMOlogic/COSMOthermX19/COSMOtherm/CTDATA-FILES/OLDPARAM/
 Info: # COSMOtherm parameter file ./BP_TZVP_C30_1701.ctd for BP-TZVP optimized COSMO files                                                                  

 Reading COSMOtherm license key license.txt from directory /home/nastya/COSMOlogic/COSMOthermX19/licensefiles/

 COSMOtherm license key expiration date 01/16/2022
 COSMOtherm license key version 19.0
 Customer : TU Delft, Faculty of Applied Sciences
 ID       : 107270

 License keys:
  product                   |    licensed version    | status
 ------------------------------------------------------------------------------ 
  COSMOtherm                |          19.0          | active
  TURBOMOLE                 |          7.3           | active
 ------------------------------------------------------------------------------ 
 Sigma moments for all molecules will be written to /media/nastya/storage/Project_nastya/sigma_moments_17/LNTHITQWFMADLM-UHFFFAOYSA-N.mom
 
 Reading COSMO information for compound 1 conformer 1 from file /media/nastya/storage/Project_nastya/cosmo/LNTHITQWFMADLM-UHFFFAOYSA-N.cosmo
 Note: Gas phase energy file could not be found for compound 1 conformer 1
 Note: converting Gaussian COSMO-file information of compound 1 conformer 1


 --- Compound 1 (LNTHITQWFMADLM-UHFFFAOYSA-N) ---

 Compound Information for compound 1 conformer 1 (COSMO file /media/nastya/storage/Project_nastya/cosmo/LNTHITQWFMADLM-UHFFFAOYSA-N.cosmo)
 Atomic weights         : 111111111111111111
 E_COSMO+dE             :    -405853.2635 kcal/mol
 E_gas                  :    -405839.5459 kcal/mol
 E_COSMO-E_gas+dE       :        -13.7176 kcal/mol
 E_diel                 :        -20.5388 kcal/mol
 Averaging corr dE      :          1.3019 kcal/mol
 Area                   :        179.9407 A^2
 Volume                 :        177.8305 A^3
 Molecular Weight       :        170.1203 a.m.u.
 Total COSMO charge     :          0.0054 a.u.
 Dipole moment (t,x,y,z):          4.0541  0.347622 -4.039126  0.012072 Debye                            
 Sigma moments (1-6)    :          0.0000  1.53E+02 -7.86E+01  3.27E+02 -3.35E+02  9.06E+02              
 H-bond moment (accept) :          2.6583
 H-bond moment (donor)  :         12.6696
 
 WARNING: QM computation level of compound 1 conformer 1 could not be determined - it may differ from the QM level of the parameter set.
 No gas phase energy for compound 1 conformer 1 specified, thus it will be estimated


 Total number of processed compounds:    1


 Note: No temperatures / mixtures found in /media/nastya/storage/Project_nastya/sigma_moments_17/LNTHITQWFMADLM-UHFFFAOYSA-N.inp
 COSMOtherm will terminate
