 -----------------------------------------------------------
 BIOVIA COSMOtherm Version 2019 (build: 19.0.5 [65f0de1d5f])
 -----------------------------------------------------------

 Copyright (C) 1999-2019, Dassault Systemes BIOVIA corp, all rights reserved

 Job name   : !! generated by COSMOthermX !!
 Job date   : 10/14/2021
 Job time   : 03:21:22
 Hostname   : unknown
 OS type    : unknown
 Executable : Linux 64-bit

 Reading COSMOtherm parameter file BP_TZVP_C30_1701.ctd from directory /home/nastya/COSMOlogic/COSMOthermX19/COSMOtherm/CTDATA-FILES/OLDPARAM/
 Info: # COSMOtherm parameter file ./BP_TZVP_C30_1701.ctd for BP-TZVP optimized COSMO files                                                                  

 Reading COSMOtherm license key license.txt from directory /home/nastya/COSMOlogic/COSMOthermX19/licensefiles/

 COSMOtherm license key expiration date 01/16/2022
 COSMOtherm license key version 19.0
 Customer : TU Delft, Faculty of Applied Sciences
 ID       : 107270

 License keys:
  product                   |    licensed version    | status
 ------------------------------------------------------------------------------ 
  COSMOtherm                |          19.0          | active
  TURBOMOLE                 |          7.3           | active
 ------------------------------------------------------------------------------ 
 Sigma moments for all molecules will be written to /media/nastya/storage/Project_nastya/sigma_moments_17/MSIGGUSMCUUDGY-UHFFFAOYSA-M.mom
 
 Reading COSMO information for compound 1 conformer 1 from file /media/nastya/storage/Project_nastya/cosmo/MSIGGUSMCUUDGY-UHFFFAOYSA-M.cosmo
 Note: Gas phase energy file could not be found for compound 1 conformer 1
 Note: converting Gaussian COSMO-file information of compound 1 conformer 1


 --- Compound 1 (MSIGGUSMCUUDGY-UHFFFAOYSA-M) ---

 Compound Information for compound 1 conformer 1 (COSMO file /media/nastya/storage/Project_nastya/cosmo/MSIGGUSMCUUDGY-UHFFFAOYSA-M.cosmo)
 Atomic weights         : 1111111111111111111111111
 E_COSMO+dE             :    -519971.1075 kcal/mol
 E_gas                  :    -519940.3319 kcal/mol
 E_COSMO-E_gas+dE       :        -30.7756 kcal/mol
 E_diel                 :        -45.1317 kcal/mol
 Averaging corr dE      :          0.8166 kcal/mol
 Area                   :        201.9402 A^2
 Volume                 :        212.7554 A^3
 Molecular Weight       :        153.6512 a.m.u.
 Total COSMO charge     :          0.0081 a.u.
 Dipole moment (t,x,y,z):         16.4117  1.62E+01  0.847191 -2.278152 Debye                            
 Sigma moments (1-6)    :          0.0000  1.93E+02  1.58E+02  4.12E+02  5.65E+02  1.12E+03              
 H-bond moment (accept) :         20.1578
 H-bond moment (donor)  :          0.3849
 
 WARNING: QM computation level of compound 1 conformer 1 could not be determined - it may differ from the QM level of the parameter set.
 No gas phase energy for compound 1 conformer 1 specified, thus it will be estimated


 Total number of processed compounds:    1


 Note: No temperatures / mixtures found in /media/nastya/storage/Project_nastya/sigma_moments_17/MSIGGUSMCUUDGY-UHFFFAOYSA-M.inp
 COSMOtherm will terminate
