 -----------------------------------------------------------
 BIOVIA COSMOtherm Version 2019 (build: 19.0.5 [65f0de1d5f])
 -----------------------------------------------------------

 Copyright (C) 1999-2019, Dassault Systemes BIOVIA corp, all rights reserved

 Job name   : !! generated by COSMOthermX !!
 Job date   : 10/14/2021
 Job time   : 03:21:22
 Hostname   : unknown
 OS type    : unknown
 Executable : Linux 64-bit

 Reading COSMOtherm parameter file BP_TZVP_C30_1701.ctd from directory /home/nastya/COSMOlogic/COSMOthermX19/COSMOtherm/CTDATA-FILES/OLDPARAM/
 Info: # COSMOtherm parameter file ./BP_TZVP_C30_1701.ctd for BP-TZVP optimized COSMO files                                                                  

 Reading COSMOtherm license key license.txt from directory /home/nastya/COSMOlogic/COSMOthermX19/licensefiles/

 COSMOtherm license key expiration date 01/16/2022
 COSMOtherm license key version 19.0
 Customer : TU Delft, Faculty of Applied Sciences
 ID       : 107270

 License keys:
  product                   |    licensed version    | status
 ------------------------------------------------------------------------------ 
  COSMOtherm                |          19.0          | active
  TURBOMOLE                 |          7.3           | active
 ------------------------------------------------------------------------------ 
 Sigma moments for all molecules will be written to /media/nastya/storage/Project_nastya/sigma_moments_17/MUMGGOZAMZWBJJ-DYKIIFRCSA-N.mom
 
 Reading COSMO information for compound 1 conformer 1 from file /media/nastya/storage/Project_nastya/cosmo/MUMGGOZAMZWBJJ-DYKIIFRCSA-N.cosmo
 Note: Gas phase energy file could not be found for compound 1 conformer 1
 Note: converting Gaussian COSMO-file information of compound 1 conformer 1


 --- Compound 1 (MUMGGOZAMZWBJJ-DYKIIFRCSA-N) ---

 Compound Information for compound 1 conformer 1 (COSMO file /media/nastya/storage/Project_nastya/cosmo/MUMGGOZAMZWBJJ-DYKIIFRCSA-N.cosmo)
 Atomic weights         : 1111111111111111111111111111111111111111111111111
 E_COSMO+dE             :    -559504.6474 kcal/mol
 E_gas                  :    -559493.0028 kcal/mol
 E_COSMO-E_gas+dE       :        -11.6446 kcal/mol
 E_diel                 :        -16.1480 kcal/mol
 Averaging corr dE      :          0.6675 kcal/mol
 Area                   :        297.5100 A^2
 Volume                 :        370.9582 A^3
 Molecular Weight       :        288.4262 a.m.u.
 Total COSMO charge     :         -0.0025 a.u.
 Dipole moment (t,x,y,z):          5.2059 -4.779959 -1.118707  1.732708 Debye                            
 Sigma moments (1-6)    :          0.0000  9.63E+01  6.89E+01  1.62E+02  1.77E+02  3.81E+02              
 H-bond moment (accept) :          7.0018
 H-bond moment (donor)  :          1.0286
 
 WARNING: QM computation level of compound 1 conformer 1 could not be determined - it may differ from the QM level of the parameter set.
 No gas phase energy for compound 1 conformer 1 specified, thus it will be estimated


 Total number of processed compounds:    1


 Note: No temperatures / mixtures found in /media/nastya/storage/Project_nastya/sigma_moments_17/MUMGGOZAMZWBJJ-DYKIIFRCSA-N.inp
 COSMOtherm will terminate
