 -----------------------------------------------------------
 BIOVIA COSMOtherm Version 2019 (build: 19.0.5 [65f0de1d5f])
 -----------------------------------------------------------

 Copyright (C) 1999-2019, Dassault Systemes BIOVIA corp, all rights reserved

 Job name   : !! generated by COSMOthermX !!
 Job date   : 10/14/2021
 Job time   : 03:21:25
 Hostname   : unknown
 OS type    : unknown
 Executable : Linux 64-bit

 Reading COSMOtherm parameter file BP_TZVP_C30_1701.ctd from directory /home/nastya/COSMOlogic/COSMOthermX19/COSMOtherm/CTDATA-FILES/OLDPARAM/
 Info: # COSMOtherm parameter file ./BP_TZVP_C30_1701.ctd for BP-TZVP optimized COSMO files                                                                  

 Reading COSMOtherm license key license.txt from directory /home/nastya/COSMOlogic/COSMOthermX19/licensefiles/

 COSMOtherm license key expiration date 01/16/2022
 COSMOtherm license key version 19.0
 Customer : TU Delft, Faculty of Applied Sciences
 ID       : 107270

 License keys:
  product                   |    licensed version    | status
 ------------------------------------------------------------------------------ 
  COSMOtherm                |          19.0          | active
  TURBOMOLE                 |          7.3           | active
 ------------------------------------------------------------------------------ 
 Sigma moments for all molecules will be written to /media/nastya/storage/Project_nastya/sigma_moments_17/NWXMGUDVXFXRIG-WESIUVDSSA-N.mom
 
 Reading COSMO information for compound 1 conformer 1 from file /media/nastya/storage/Project_nastya/cosmo/NWXMGUDVXFXRIG-WESIUVDSSA-N.cosmo
 Note: Gas phase energy file could not be found for compound 1 conformer 1
 Note: converting Gaussian COSMO-file information of compound 1 conformer 1


 --- Compound 1 (NWXMGUDVXFXRIG-WESIUVDSSA-N) ---

 Compound Information for compound 1 conformer 1 (COSMO file /media/nastya/storage/Project_nastya/cosmo/NWXMGUDVXFXRIG-WESIUVDSSA-N.cosmo)
 Atomic weights         : 11111111111111111111111111111111111111111111111111111111
 E_COSMO+dE             :    -981881.5259 kcal/mol
 E_gas                  :    -981861.3902 kcal/mol
 E_COSMO-E_gas+dE       :        -20.1357 kcal/mol
 E_diel                 :        -30.8641 kcal/mol
 Averaging corr dE      :          1.4692 kcal/mol
 Area                   :        380.5296 A^2
 Volume                 :        477.5814 A^3
 Molecular Weight       :        444.4368 a.m.u.
 Total COSMO charge     :          0.0139 a.u.
 Dipole moment (t,x,y,z):         12.4923 -3.281126 -9.745044 -7.094024 Debye                            
 Sigma moments (1-6)    :          0.0000  1.79E+02  5.28E+01  2.68E+02  1.23E+02  5.81E+02              
 H-bond moment (accept) :          7.6647
 H-bond moment (donor)  :          3.8660
 
 WARNING: QM computation level of compound 1 conformer 1 could not be determined - it may differ from the QM level of the parameter set.
 No gas phase energy for compound 1 conformer 1 specified, thus it will be estimated


 Total number of processed compounds:    1


 Note: No temperatures / mixtures found in /media/nastya/storage/Project_nastya/sigma_moments_17/NWXMGUDVXFXRIG-WESIUVDSSA-N.inp
 COSMOtherm will terminate
