 -----------------------------------------------------------
 BIOVIA COSMOtherm Version 2019 (build: 19.0.5 [65f0de1d5f])
 -----------------------------------------------------------

 Copyright (C) 1999-2019, Dassault Systemes BIOVIA corp, all rights reserved

 Job name   : !! generated by COSMOthermX !!
 Job date   : 10/14/2021
 Job time   : 03:21:31
 Hostname   : unknown
 OS type    : unknown
 Executable : Linux 64-bit

 Reading COSMOtherm parameter file BP_TZVP_C30_1701.ctd from directory /home/nastya/COSMOlogic/COSMOthermX19/COSMOtherm/CTDATA-FILES/OLDPARAM/
 Info: # COSMOtherm parameter file ./BP_TZVP_C30_1701.ctd for BP-TZVP optimized COSMO files                                                                  

 Reading COSMOtherm license key license.txt from directory /home/nastya/COSMOlogic/COSMOthermX19/licensefiles/

 COSMOtherm license key expiration date 01/16/2022
 COSMOtherm license key version 19.0
 Customer : TU Delft, Faculty of Applied Sciences
 ID       : 107270

 License keys:
  product                   |    licensed version    | status
 ------------------------------------------------------------------------------ 
  COSMOtherm                |          19.0          | active
  TURBOMOLE                 |          7.3           | active
 ------------------------------------------------------------------------------ 
 Sigma moments for all molecules will be written to /media/nastya/storage/Project_nastya/sigma_moments_17/QTBSBXVTEAMEQO-UHFFFAOYSA-M.mom
 
 Reading COSMO information for compound 1 conformer 1 from file /media/nastya/storage/Project_nastya/cosmo/QTBSBXVTEAMEQO-UHFFFAOYSA-M.cosmo
 Note: Gas phase energy file could not be found for compound 1 conformer 1
 Note: converting Gaussian COSMO-file information of compound 1 conformer 1


 --- Compound 1 (QTBSBXVTEAMEQO-UHFFFAOYSA-M) ---

 Compound Information for compound 1 conformer 1 (COSMO file /media/nastya/storage/Project_nastya/cosmo/QTBSBXVTEAMEQO-UHFFFAOYSA-M.cosmo)
 Atomic weights         : 1111111
 E_COSMO+dE             :    -143531.6111 kcal/mol
 E_gas                  :    -143476.9771 kcal/mol
 E_COSMO-E_gas+dE       :        -54.6340 kcal/mol
 E_diel                 :        -78.5485 kcal/mol
 Averaging corr dE      :          0.3499 kcal/mol
 Area                   :         90.4789 A^2
 Volume                 :         72.5127 A^3
 Molecular Weight       :         59.0443 a.m.u.
 Total COSMO charge     :          0.9964 a.u.
 Dipole moment (t,x,y,z):          0.0000  0.000000  0.000000  0.000000 Debye                            
 Sigma moments (1-6)    :        100.0000  1.98E+02  4.03E+02  8.58E+02  1.86E+03  4.12E+03              
 H-bond moment (accept) :         37.0541
 H-bond moment (donor)  :          0.0000
 
 WARNING: QM computation level of compound 1 conformer 1 could not be determined - it may differ from the QM level of the parameter set.
 No gas phase energy for compound 1 conformer 1 specified, thus it will be estimated


 Total number of processed compounds:    1


 Note: No temperatures / mixtures found in /media/nastya/storage/Project_nastya/sigma_moments_17/QTBSBXVTEAMEQO-UHFFFAOYSA-M.inp
 COSMOtherm will terminate
