 -----------------------------------------------------------
 BIOVIA COSMOtherm Version 2019 (build: 19.0.5 [65f0de1d5f])
 -----------------------------------------------------------

 Copyright (C) 1999-2019, Dassault Systemes BIOVIA corp, all rights reserved

 Job name   : !! generated by COSMOthermX !!
 Job date   : 10/14/2021
 Job time   : 03:21:34
 Hostname   : unknown
 OS type    : unknown
 Executable : Linux 64-bit

 Reading COSMOtherm parameter file BP_TZVP_C30_1701.ctd from directory /home/nastya/COSMOlogic/COSMOthermX19/COSMOtherm/CTDATA-FILES/OLDPARAM/
 Info: # COSMOtherm parameter file ./BP_TZVP_C30_1701.ctd for BP-TZVP optimized COSMO files                                                                  

 Reading COSMOtherm license key license.txt from directory /home/nastya/COSMOlogic/COSMOthermX19/licensefiles/

 COSMOtherm license key expiration date 01/16/2022
 COSMOtherm license key version 19.0
 Customer : TU Delft, Faculty of Applied Sciences
 ID       : 107270

 License keys:
  product                   |    licensed version    | status
 ------------------------------------------------------------------------------ 
  COSMOtherm                |          19.0          | active
  TURBOMOLE                 |          7.3           | active
 ------------------------------------------------------------------------------ 
 Sigma moments for all molecules will be written to /media/nastya/storage/Project_nastya/sigma_moments_17/SYZCZDCAEVUSPM-UHFFFAOYSA-M.mom
 
 Reading COSMO information for compound 1 conformer 1 from file /media/nastya/storage/Project_nastya/cosmo/SYZCZDCAEVUSPM-UHFFFAOYSA-M.cosmo
 Note: Gas phase energy file could not be found for compound 1 conformer 1
 Note: converting Gaussian COSMO-file information of compound 1 conformer 1


 --- Compound 1 (SYZCZDCAEVUSPM-UHFFFAOYSA-M) ---

 Compound Information for compound 1 conformer 1 (COSMO file /media/nastya/storage/Project_nastya/cosmo/SYZCZDCAEVUSPM-UHFFFAOYSA-M.cosmo)
 Atomic weights         : 11111111111111111111111111111111111111111111111111111111111111111111111111111 ...
 E_COSMO+dE             :   -2243586.2085 kcal/mol
 E_gas                  :   -2243559.0733 kcal/mol
 E_COSMO-E_gas+dE       :        -27.1352 kcal/mol
 E_diel                 :        -39.7325 kcal/mol
 Averaging corr dE      :          0.6776 kcal/mol
 Area                   :        454.2464 A^2
 Volume                 :        596.8976 A^3
 Molecular Weight       :        434.5828 a.m.u.
 Total COSMO charge     :          0.0068 a.u.
 Dipole moment (t,x,y,z):         19.2757  1.18E+01  7.511114 -1.32E+01 Debye                            
 Sigma moments (1-6)    :          0.0000  1.66E+02  1.62E+02  3.45E+02  5.15E+02  9.51E+02              
 H-bond moment (accept) :         18.1225
 H-bond moment (donor)  :          0.2876
 
 WARNING: QM computation level of compound 1 conformer 1 could not be determined - it may differ from the QM level of the parameter set.
 No gas phase energy for compound 1 conformer 1 specified, thus it will be estimated


 Total number of processed compounds:    1


 Note: No temperatures / mixtures found in /media/nastya/storage/Project_nastya/sigma_moments_17/SYZCZDCAEVUSPM-UHFFFAOYSA-M.inp
 COSMOtherm will terminate
