 -----------------------------------------------------------
 BIOVIA COSMOtherm Version 2019 (build: 19.0.5 [65f0de1d5f])
 -----------------------------------------------------------

 Copyright (C) 1999-2019, Dassault Systemes BIOVIA corp, all rights reserved

 Job name   : !! generated by COSMOthermX !!
 Job date   : 09/16/2022
 Job time   : 14:08:13
 Hostname   : unknown
 OS type    : unknown
 Executable : Linux 64-bit

 Reading COSMOtherm parameter file BP_TZVP_C30_1701.ctd from directory /home/comp3/software/COSMOlogic/COSMOthermX19/COSMOtherm/CTDATA-FILES/OLDPARAM/
 Info: # COSMOtherm parameter file ./BP_TZVP_C30_1701.ctd for BP-TZVP optimized COSMO files                                                                  

 Reading COSMOtherm license key license.txt from directory /home/comp3/software/COSMOlogic/COSMOthermX19/licensefiles/

 COSMOtherm license key expiration date 04/26/2025
 COSMOtherm license key version 21
 Customer : 200000000032966
 ID       : LKO1978637

 License keys:
  product                   |    licensed version    | status
 ------------------------------------------------------------------------------ 
  COSMOtherm                |          21            | active
  TURBOMOLE                 |          21            | active
 ------------------------------------------------------------------------------ 
 
 Note: Vapor pressure / property file could not be found for compound 1
 Reading COSMO information for compound 1 conformer 1 from file /home/comp3/Desktop/Nastya/DES/cosmo/BMQZYMYBQZGEEY-UHFFFAOYSA-M.cosmo
 Note: Gas phase energy file could not be found for compound 1 conformer 1
 Note: converting Gaussian COSMO-file information of compound 1 conformer 1
 
 Reading vapor pressure and property information for compound 2 from file /home/comp3/Desktop/Nastya/DES/cosmo/SGMZJAMFUVOLNK-UHFFFAOYSA-M.vap
 Reading COSMO information for compound 2 conformer 1 from file /home/comp3/Desktop/Nastya/DES/cosmo/SGMZJAMFUVOLNK-UHFFFAOYSA-M.cosmo
 Note: Gas phase energy file could not be found for compound 2 conformer 1
 Note: converting Gaussian COSMO-file information of compound 2 conformer 1


 --- Compound 1 (BMQZYMYBQZGEEY-UHFFFAOYSA-M) ---

 Compound Information for compound 1 conformer 1 (COSMO file /home/comp3/Desktop/Nastya/DES/cosmo/BMQZYMYBQZGEEY-UHFFFAOYSA-M.cosmo)
 Atomic weights         : 11111111111111111111
 E_COSMO+dE             :    -505253.8208 kcal/mol
 E_gas                  :    -505225.0764 kcal/mol
 E_COSMO-E_gas+dE       :        -28.7443 kcal/mol
 E_diel                 :        -41.9461 kcal/mol
 Averaging corr dE      :          0.6179 kcal/mol
 Area                   :        194.5083 A^2
 Volume                 :        194.9906 A^3
 Molecular Weight       :        146.6187 a.m.u.
 Total COSMO charge     :          0.0107 a.u.
 Dipole moment (t,x,y,z):         17.5270 -1.64E+01  6.073636  0.163360 Debye                            
 Sigma moments (1-6)    :          0.0000  1.69E+02  1.50E+02  3.67E+02  5.16E+02  9.88E+02              
 H-bond moment (accept) :         18.9693
 H-bond moment (donor)  :          0.3316
 
 WARNING: QM computation level of compound 1 conformer 1 could not be determined - it may differ from the QM level of the parameter set.
 No gas phase energy for compound 1 conformer 1 specified, thus it will be estimated


 --- Compound 2 (SGMZJAMFUVOLNK-UHFFFAOYSA-M) ---

 Compound Information for compound 2 conformer 1 (COSMO file /home/comp3/Desktop/Nastya/DES/cosmo/SGMZJAMFUVOLNK-UHFFFAOYSA-M.cosmo)
 Atomic weights         : 1111111111111111111111
 E_COSMO+dE             :    -495311.0092 kcal/mol
 E_gas                  :    -495280.9240 kcal/mol
 E_COSMO-E_gas+dE       :        -30.0852 kcal/mol
 E_diel                 :        -43.9005 kcal/mol
 Averaging corr dE      :          0.6451 kcal/mol
 Area                   :        177.0496 A^2
 Volume                 :        188.1524 A^3
 Molecular Weight       :        139.6245 a.m.u.
 Total COSMO charge     :          0.0093 a.u.
 Dipole moment (t,x,y,z):         18.3247 -1.83E+01  0.122140 -1.618568 Debye                            
 Sigma moments (1-6)    :          0.0000  1.72E+02  1.20E+02  3.11E+02  3.77E+02  7.14E+02              
 H-bond moment (accept) :         15.0395
 H-bond moment (donor)  :          0.2290
 
 WARNING: QM computation level of compound 2 conformer 1 could not be determined - it may differ from the QM level of the parameter set.
 No gas phase energy for compound 2 conformer 1 specified, thus it will be estimated


 Total number of processed compounds:    2


----------------
 START job     1
----------------

 --------------------------------------------------------------------------------
 Computation of activity coefficients gamma at infinite dilution in compound    1
 --------------------------------------------------------------------------------



 Results for mixture 1
 ---------------------
 Temperature          :    298.150 K
 Compound Nr.         :         1         2
 Compound             : BMQZYMYBQ SGMZJAMFU
 Mole Fraction        :    1.0000    0.0000

 Compound: 1  (BMQZYMYBQZGEEY-UHFFFAOYSA-M)
 Chemical potential of the compound in the mixture :         1.68047 kcal/mol
 Log10(partial pressure [mbar])                    :       -12.95627
 Free energy of molecule in mix (E_COSMO+dE+Mu)    :   -505252.14031 kcal/mol
 Total mean interaction energy in the mix (H_int)  :        -5.43187 kcal/mol
 Misfit interaction energy in the mix (H_MF)       :         7.74700 kcal/mol
 H-Bond interaction energy in the mix (H_HB)       :        -2.80063 kcal/mol
 VdW interaction energy in the mix (H_vdW)         :       -10.37824 kcal/mol




 Results for mixture 2
 ---------------------
 Temperature          :    298.150 K
 Compound Nr.         :         1         2
 Compound             : BMQZYMYBQ SGMZJAMFU
 Mole Fraction        :    0.0000    1.0000

 Compound: 2  (SGMZJAMFUVOLNK-UHFFFAOYSA-M)
 Chemical potential of the compound in the mixture :         1.80745 kcal/mol
 Log10(partial pressure [mbar])                    :       -13.15367
 Free energy of molecule in mix (E_COSMO+dE+Mu)    :   -495309.20179 kcal/mol
 Total mean interaction energy in the mix (H_int)  :        -4.76377 kcal/mol
 Misfit interaction energy in the mix (H_MF)       :         6.76689 kcal/mol
 H-Bond interaction energy in the mix (H_HB)       :        -2.52734 kcal/mol
 VdW interaction energy in the mix (H_vdW)         :        -9.00332 kcal/mol




 Results for mixture 3
 ---------------------
 Temperature          :    298.150 K
 Compound Nr.         :         1         2
 Compound             : BMQZYMYBQ SGMZJAMFU
 Mole Fraction        :    1.0000    0.0000

 Compound: 1  (BMQZYMYBQZGEEY-UHFFFAOYSA-M)
 Chemical potential of the compound in the mixture :         1.68047 kcal/mol
 Log10(partial pressure [mbar])                    :       -12.95627
 Free energy of molecule in mix (E_COSMO+dE+Mu)    :   -505252.14031 kcal/mol
 Total mean interaction energy in the mix (H_int)  :        -5.43187 kcal/mol
 Misfit interaction energy in the mix (H_MF)       :         7.74700 kcal/mol
 H-Bond interaction energy in the mix (H_HB)       :        -2.80063 kcal/mol
 VdW interaction energy in the mix (H_vdW)         :       -10.37824 kcal/mol
 Ln(Activity coefficient)                          :         0.00000

 Compound: 2  (SGMZJAMFUVOLNK-UHFFFAOYSA-M)
 Chemical potential of the compound in the mixture :         1.93568 kcal/mol
 Log10(partial pressure [mbar])                    :       -13.05968
 Free energy of molecule in mix (E_COSMO+dE+Mu)    :   -495309.07356 kcal/mol
 Total mean interaction energy in the mix (H_int)  :        -4.93195 kcal/mol
 Misfit interaction energy in the mix (H_MF)       :         7.03855 kcal/mol
 H-Bond interaction energy in the mix (H_HB)       :        -2.73976 kcal/mol
 VdW interaction energy in the mix (H_vdW)         :        -9.23073 kcal/mol
 Ln(Activity coefficient)                          :         0.21643


----------------
 END job       1
----------------
----------------
 START job     2
----------------

 --------------------------------------------------------------------------------
 Computation of activity coefficients gamma at infinite dilution in compound    2
 --------------------------------------------------------------------------------



 Results for mixture 4
 ---------------------
 Temperature          :    298.150 K
 Compound Nr.         :         1         2
 Compound             : BMQZYMYBQ SGMZJAMFU
 Mole Fraction        :    1.0000    0.0000

 Compound: 1  (BMQZYMYBQZGEEY-UHFFFAOYSA-M)
 Chemical potential of the compound in the mixture :         1.68047 kcal/mol
 Log10(partial pressure [mbar])                    :       -12.95627
 Free energy of molecule in mix (E_COSMO+dE+Mu)    :   -505252.14031 kcal/mol
 Total mean interaction energy in the mix (H_int)  :        -5.43187 kcal/mol
 Misfit interaction energy in the mix (H_MF)       :         7.74700 kcal/mol
 H-Bond interaction energy in the mix (H_HB)       :        -2.80063 kcal/mol
 VdW interaction energy in the mix (H_vdW)         :       -10.37824 kcal/mol




 Results for mixture 5
 ---------------------
 Temperature          :    298.150 K
 Compound Nr.         :         1         2
 Compound             : BMQZYMYBQ SGMZJAMFU
 Mole Fraction        :    0.0000    1.0000

 Compound: 2  (SGMZJAMFUVOLNK-UHFFFAOYSA-M)
 Chemical potential of the compound in the mixture :         1.80745 kcal/mol
 Log10(partial pressure [mbar])                    :       -13.15367
 Free energy of molecule in mix (E_COSMO+dE+Mu)    :   -495309.20179 kcal/mol
 Total mean interaction energy in the mix (H_int)  :        -4.76377 kcal/mol
 Misfit interaction energy in the mix (H_MF)       :         6.76689 kcal/mol
 H-Bond interaction energy in the mix (H_HB)       :        -2.52734 kcal/mol
 VdW interaction energy in the mix (H_vdW)         :        -9.00332 kcal/mol




 Results for mixture 6
 ---------------------
 Temperature          :    298.150 K
 Compound Nr.         :         1         2
 Compound             : BMQZYMYBQ SGMZJAMFU
 Mole Fraction        :    0.0000    1.0000

 Compound: 1  (BMQZYMYBQZGEEY-UHFFFAOYSA-M)
 Chemical potential of the compound in the mixture :         1.83401 kcal/mol
 Log10(partial pressure [mbar])                    :       -12.84373
 Free energy of molecule in mix (E_COSMO+dE+Mu)    :   -505251.98677 kcal/mol
 Total mean interaction energy in the mix (H_int)  :        -4.67740 kcal/mol
 Misfit interaction energy in the mix (H_MF)       :         8.00994 kcal/mol
 H-Bond interaction energy in the mix (H_HB)       :        -2.62029 kcal/mol
 VdW interaction energy in the mix (H_vdW)         :       -10.06705 kcal/mol
 Ln(Activity coefficient)                          :         0.25914

 Compound: 2  (SGMZJAMFUVOLNK-UHFFFAOYSA-M)
 Chemical potential of the compound in the mixture :         1.80745 kcal/mol
 Log10(partial pressure [mbar])                    :       -13.15367
 Free energy of molecule in mix (E_COSMO+dE+Mu)    :   -495309.20179 kcal/mol
 Total mean interaction energy in the mix (H_int)  :        -4.76377 kcal/mol
 Misfit interaction energy in the mix (H_MF)       :         6.76689 kcal/mol
 H-Bond interaction energy in the mix (H_HB)       :        -2.52734 kcal/mol
 VdW interaction energy in the mix (H_vdW)         :        -9.00332 kcal/mol
 Ln(Activity coefficient)                          :         0.00000


----------------
 END job       2
----------------
