 -----------------------------------------------------------
 BIOVIA COSMOtherm Version 2019 (build: 19.0.5 [65f0de1d5f])
 -----------------------------------------------------------

 Copyright (C) 1999-2019, Dassault Systemes BIOVIA corp, all rights reserved

 Job name   : !! generated by COSMOthermX !!
 Job date   : 09/16/2022
 Job time   : 14:08:39
 Hostname   : unknown
 OS type    : unknown
 Executable : Linux 64-bit

 Reading COSMOtherm parameter file BP_TZVP_C30_1701.ctd from directory /home/comp3/software/COSMOlogic/COSMOthermX19/COSMOtherm/CTDATA-FILES/OLDPARAM/
 Info: # COSMOtherm parameter file ./BP_TZVP_C30_1701.ctd for BP-TZVP optimized COSMO files                                                                  

 Reading COSMOtherm license key license.txt from directory /home/comp3/software/COSMOlogic/COSMOthermX19/licensefiles/

 COSMOtherm license key expiration date 04/26/2025
 COSMOtherm license key version 21
 Customer : 200000000032966
 ID       : LKO1978637

 License keys:
  product                   |    licensed version    | status
 ------------------------------------------------------------------------------ 
  COSMOtherm                |          21            | active
  TURBOMOLE                 |          21            | active
 ------------------------------------------------------------------------------ 
 
 Note: Vapor pressure / property file could not be found for compound 1
 Reading COSMO information for compound 1 conformer 1 from file /home/comp3/Desktop/Nastya/DES/cosmo/GHVNFZFCNZKVNT-UHFFFAOYSA-N.cosmo
 Note: Gas phase energy file could not be found for compound 1 conformer 1
 Note: converting Gaussian COSMO-file information of compound 1 conformer 1
 
 Reading vapor pressure and property information for compound 2 from file /home/comp3/Desktop/Nastya/DES/cosmo/SGMZJAMFUVOLNK-UHFFFAOYSA-M.vap
 Reading COSMO information for compound 2 conformer 1 from file /home/comp3/Desktop/Nastya/DES/cosmo/SGMZJAMFUVOLNK-UHFFFAOYSA-M.cosmo
 Note: Gas phase energy file could not be found for compound 2 conformer 1
 Note: converting Gaussian COSMO-file information of compound 2 conformer 1


 --- Compound 1 (GHVNFZFCNZKVNT-UHFFFAOYSA-N) ---

 Compound Information for compound 1 conformer 1 (COSMO file /home/comp3/Desktop/Nastya/DES/cosmo/GHVNFZFCNZKVNT-UHFFFAOYSA-N.cosmo)
 Atomic weights         : 11111111111111111111111111111111
 E_COSMO+dE             :    -341228.4087 kcal/mol
 E_gas                  :    -341221.8182 kcal/mol
 E_COSMO-E_gas+dE       :         -6.5905 kcal/mol
 E_diel                 :         -8.7806 kcal/mol
 Averaging corr dE      :          0.5636 kcal/mol
 Area                   :        251.5038 A^2
 Volume                 :        251.0810 A^3
 Molecular Weight       :        172.2656 a.m.u.
 Total COSMO charge     :         -0.0042 a.u.
 Dipole moment (t,x,y,z):          2.7231 -1.896075  0.952154 -1.706973 Debye                            
 Sigma moments (1-6)    :          0.0000  6.73E+01  3.907905  1.11E+02 -3.63E+01  2.65E+02              
 H-bond moment (accept) :          1.8764
 H-bond moment (donor)  :          3.0810
 
 WARNING: QM computation level of compound 1 conformer 1 could not be determined - it may differ from the QM level of the parameter set.
 No gas phase energy for compound 1 conformer 1 specified, thus it will be estimated


 --- Compound 2 (SGMZJAMFUVOLNK-UHFFFAOYSA-M) ---

 Compound Information for compound 2 conformer 1 (COSMO file /home/comp3/Desktop/Nastya/DES/cosmo/SGMZJAMFUVOLNK-UHFFFAOYSA-M.cosmo)
 Atomic weights         : 1111111111111111111111
 E_COSMO+dE             :    -495311.0092 kcal/mol
 E_gas                  :    -495280.9240 kcal/mol
 E_COSMO-E_gas+dE       :        -30.0852 kcal/mol
 E_diel                 :        -43.9005 kcal/mol
 Averaging corr dE      :          0.6451 kcal/mol
 Area                   :        177.0496 A^2
 Volume                 :        188.1524 A^3
 Molecular Weight       :        139.6245 a.m.u.
 Total COSMO charge     :          0.0093 a.u.
 Dipole moment (t,x,y,z):         18.3247 -1.83E+01  0.122140 -1.618568 Debye                            
 Sigma moments (1-6)    :          0.0000  1.72E+02  1.20E+02  3.11E+02  3.77E+02  7.14E+02              
 H-bond moment (accept) :         15.0395
 H-bond moment (donor)  :          0.2290
 
 WARNING: QM computation level of compound 2 conformer 1 could not be determined - it may differ from the QM level of the parameter set.
 No gas phase energy for compound 2 conformer 1 specified, thus it will be estimated


 Total number of processed compounds:    2


----------------
 START job     1
----------------

 --------------------------------------------------------------------------------
 Computation of activity coefficients gamma at infinite dilution in compound    1
 --------------------------------------------------------------------------------



 Results for mixture 1
 ---------------------
 Temperature          :    298.150 K
 Compound Nr.         :         1         2
 Compound             : GHVNFZFCN SGMZJAMFU
 Mole Fraction        :    1.0000    0.0000

 Compound: 1  (GHVNFZFCNZKVNT-UHFFFAOYSA-N)
 Chemical potential of the compound in the mixture :        -6.18421 kcal/mol
 Log10(partial pressure [mbar])                    :        -1.78984
 Free energy of molecule in mix (E_COSMO+dE+Mu)    :   -341234.59288 kcal/mol
 Total mean interaction energy in the mix (H_int)  :       -13.06374 kcal/mol
 Misfit interaction energy in the mix (H_MF)       :         2.26430 kcal/mol
 H-Bond interaction energy in the mix (H_HB)       :        -3.53987 kcal/mol
 VdW interaction energy in the mix (H_vdW)         :       -11.78818 kcal/mol




 Results for mixture 2
 ---------------------
 Temperature          :    298.150 K
 Compound Nr.         :         1         2
 Compound             : GHVNFZFCN SGMZJAMFU
 Mole Fraction        :    0.0000    1.0000

 Compound: 2  (SGMZJAMFUVOLNK-UHFFFAOYSA-M)
 Chemical potential of the compound in the mixture :         1.80745 kcal/mol
 Log10(partial pressure [mbar])                    :       -13.15367
 Free energy of molecule in mix (E_COSMO+dE+Mu)    :   -495309.20179 kcal/mol
 Total mean interaction energy in the mix (H_int)  :        -4.76377 kcal/mol
 Misfit interaction energy in the mix (H_MF)       :         6.76689 kcal/mol
 H-Bond interaction energy in the mix (H_HB)       :        -2.52734 kcal/mol
 VdW interaction energy in the mix (H_vdW)         :        -9.00332 kcal/mol




 Results for mixture 3
 ---------------------
 Temperature          :    298.150 K
 Compound Nr.         :         1         2
 Compound             : GHVNFZFCN SGMZJAMFU
 Mole Fraction        :    1.0000    0.0000

 Compound: 1  (GHVNFZFCNZKVNT-UHFFFAOYSA-N)
 Chemical potential of the compound in the mixture :        -6.18421 kcal/mol
 Log10(partial pressure [mbar])                    :        -1.78984
 Free energy of molecule in mix (E_COSMO+dE+Mu)    :   -341234.59288 kcal/mol
 Total mean interaction energy in the mix (H_int)  :       -13.06374 kcal/mol
 Misfit interaction energy in the mix (H_MF)       :         2.26430 kcal/mol
 H-Bond interaction energy in the mix (H_HB)       :        -3.53987 kcal/mol
 VdW interaction energy in the mix (H_vdW)         :       -11.78818 kcal/mol
 Ln(Activity coefficient)                          :         0.00000

 Compound: 2  (SGMZJAMFUVOLNK-UHFFFAOYSA-M)
 Chemical potential of the compound in the mixture :        -0.67816 kcal/mol
 Log10(partial pressure [mbar])                    :       -14.97564
 Free energy of molecule in mix (E_COSMO+dE+Mu)    :   -495311.68740 kcal/mol
 Total mean interaction energy in the mix (H_int)  :       -22.32886 kcal/mol
 Misfit interaction energy in the mix (H_MF)       :         3.71415 kcal/mol
 H-Bond interaction energy in the mix (H_HB)       :       -17.56496 kcal/mol
 VdW interaction energy in the mix (H_vdW)         :        -8.47805 kcal/mol
 Ln(Activity coefficient)                          :        -4.19523


----------------
 END job       1
----------------
----------------
 START job     2
----------------

 --------------------------------------------------------------------------------
 Computation of activity coefficients gamma at infinite dilution in compound    2
 --------------------------------------------------------------------------------



 Results for mixture 4
 ---------------------
 Temperature          :    298.150 K
 Compound Nr.         :         1         2
 Compound             : GHVNFZFCN SGMZJAMFU
 Mole Fraction        :    1.0000    0.0000

 Compound: 1  (GHVNFZFCNZKVNT-UHFFFAOYSA-N)
 Chemical potential of the compound in the mixture :        -6.18421 kcal/mol
 Log10(partial pressure [mbar])                    :        -1.78984
 Free energy of molecule in mix (E_COSMO+dE+Mu)    :   -341234.59288 kcal/mol
 Total mean interaction energy in the mix (H_int)  :       -13.06374 kcal/mol
 Misfit interaction energy in the mix (H_MF)       :         2.26430 kcal/mol
 H-Bond interaction energy in the mix (H_HB)       :        -3.53987 kcal/mol
 VdW interaction energy in the mix (H_vdW)         :       -11.78818 kcal/mol




 Results for mixture 5
 ---------------------
 Temperature          :    298.150 K
 Compound Nr.         :         1         2
 Compound             : GHVNFZFCN SGMZJAMFU
 Mole Fraction        :    0.0000    1.0000

 Compound: 2  (SGMZJAMFUVOLNK-UHFFFAOYSA-M)
 Chemical potential of the compound in the mixture :         1.80745 kcal/mol
 Log10(partial pressure [mbar])                    :       -13.15367
 Free energy of molecule in mix (E_COSMO+dE+Mu)    :   -495309.20179 kcal/mol
 Total mean interaction energy in the mix (H_int)  :        -4.76377 kcal/mol
 Misfit interaction energy in the mix (H_MF)       :         6.76689 kcal/mol
 H-Bond interaction energy in the mix (H_HB)       :        -2.52734 kcal/mol
 VdW interaction energy in the mix (H_vdW)         :        -9.00332 kcal/mol




 Results for mixture 6
 ---------------------
 Temperature          :    298.150 K
 Compound Nr.         :         1         2
 Compound             : GHVNFZFCN SGMZJAMFU
 Mole Fraction        :    0.0000    1.0000

 Compound: 1  (GHVNFZFCNZKVNT-UHFFFAOYSA-N)
 Chemical potential of the compound in the mixture :        -6.52227 kcal/mol
 Log10(partial pressure [mbar])                    :        -2.03764
 Free energy of molecule in mix (E_COSMO+dE+Mu)    :   -341234.93093 kcal/mol
 Total mean interaction energy in the mix (H_int)  :        -8.96611 kcal/mol
 Misfit interaction energy in the mix (H_MF)       :         6.82500 kcal/mol
 H-Bond interaction energy in the mix (H_HB)       :        -3.55823 kcal/mol
 VdW interaction energy in the mix (H_vdW)         :       -12.23287 kcal/mol
 Ln(Activity coefficient)                          :        -0.57057

 Compound: 2  (SGMZJAMFUVOLNK-UHFFFAOYSA-M)
 Chemical potential of the compound in the mixture :         1.80745 kcal/mol
 Log10(partial pressure [mbar])                    :       -13.15367
 Free energy of molecule in mix (E_COSMO+dE+Mu)    :   -495309.20179 kcal/mol
 Total mean interaction energy in the mix (H_int)  :        -4.76377 kcal/mol
 Misfit interaction energy in the mix (H_MF)       :         6.76689 kcal/mol
 H-Bond interaction energy in the mix (H_HB)       :        -2.52734 kcal/mol
 VdW interaction energy in the mix (H_vdW)         :        -9.00332 kcal/mol
 Ln(Activity coefficient)                          :         0.00000


----------------
 END job       2
----------------
