 -----------------------------------------------------------
 BIOVIA COSMOtherm Version 2019 (build: 19.0.5 [65f0de1d5f])
 -----------------------------------------------------------

 Copyright (C) 1999-2019, Dassault Systemes BIOVIA corp, all rights reserved

 Job name   : !! generated by COSMOthermX !!
 Job date   : 09/16/2022
 Job time   : 14:09:45
 Hostname   : unknown
 OS type    : unknown
 Executable : Linux 64-bit

 Reading COSMOtherm parameter file BP_TZVP_C30_1701.ctd from directory /home/comp3/software/COSMOlogic/COSMOthermX19/COSMOtherm/CTDATA-FILES/OLDPARAM/
 Info: # COSMOtherm parameter file ./BP_TZVP_C30_1701.ctd for BP-TZVP optimized COSMO files                                                                  

 Reading COSMOtherm license key license.txt from directory /home/comp3/software/COSMOlogic/COSMOthermX19/licensefiles/

 COSMOtherm license key expiration date 04/26/2025
 COSMOtherm license key version 21
 Customer : 200000000032966
 ID       : LKO1978637

 License keys:
  product                   |    licensed version    | status
 ------------------------------------------------------------------------------ 
  COSMOtherm                |          21            | active
  TURBOMOLE                 |          21            | active
 ------------------------------------------------------------------------------ 
 
 Note: Vapor pressure / property file could not be found for compound 1
 Reading COSMO information for compound 1 conformer 1 from file /home/comp3/Desktop/Nastya/DES/cosmo/GLDOVTGHNKAZLK-UHFFFAOYSA-N.cosmo
 Note: Gas phase energy file could not be found for compound 1 conformer 1
 Note: converting Gaussian COSMO-file information of compound 1 conformer 1
 
 Note: Vapor pressure / property file could not be found for compound 2
 Reading COSMO information for compound 2 conformer 1 from file /home/comp3/Desktop/Nastya/DES/cosmo/NHGXDBSUJJNIRV-UHFFFAOYSA-M.cosmo
 Note: Gas phase energy file could not be found for compound 2 conformer 1
 Note: converting Gaussian COSMO-file information of compound 2 conformer 1


 --- Compound 1 (GLDOVTGHNKAZLK-UHFFFAOYSA-N) ---

 Compound Information for compound 1 conformer 1 (COSMO file /home/comp3/Desktop/Nastya/DES/cosmo/GLDOVTGHNKAZLK-UHFFFAOYSA-N.cosmo)
 Atomic weights         : 111111111111111111111111111111111111111111111111111111111
 E_COSMO+dE             :    -492148.6378 kcal/mol
 E_gas                  :    -492143.0917 kcal/mol
 E_COSMO-E_gas+dE       :         -5.5461 kcal/mol
 E_diel                 :         -7.3683 kcal/mol
 Averaging corr dE      :          0.5311 kcal/mol
 Area                   :        407.3086 A^2
 Volume                 :        420.8349 A^3
 Molecular Weight       :        270.4955 a.m.u.
 Total COSMO charge     :         -0.0138 a.u.
 Dipole moment (t,x,y,z):          2.2203  0.323372  2.196653 -0.008879 Debye                            
 Sigma moments (1-6)    :          0.0000  5.80E+01  2.18E+01  9.68E+01  6.34E+01  2.41E+02              
 H-bond moment (accept) :          3.4898
 H-bond moment (donor)  :          1.4588
 
 WARNING: QM computation level of compound 1 conformer 1 could not be determined - it may differ from the QM level of the parameter set.
 No gas phase energy for compound 1 conformer 1 specified, thus it will be estimated


 --- Compound 2 (NHGXDBSUJJNIRV-UHFFFAOYSA-M) ---

 Compound Information for compound 2 conformer 1 (COSMO file /home/comp3/Desktop/Nastya/DES/cosmo/NHGXDBSUJJNIRV-UHFFFAOYSA-M.cosmo)
 Atomic weights         : 111111111111111111111111111111111111111111111111111111
 E_COSMO+dE             :    -719517.9701 kcal/mol
 E_gas                  :    -719490.0954 kcal/mol
 E_COSMO-E_gas+dE       :        -27.8747 kcal/mol
 E_diel                 :        -40.6586 kcal/mol
 Averaging corr dE      :          0.5864 kcal/mol
 Area                   :        346.8419 A^2
 Volume                 :        412.6118 A^3
 Molecular Weight       :        277.9185 a.m.u.
 Total COSMO charge     :          0.0092 a.u.
 Dipole moment (t,x,y,z):         18.0212  1.17E+01 -8.942479 -1.03E+01 Debye                            
 Sigma moments (1-6)    :          0.0000  1.71E+02  2.01E+02  4.29E+02  7.39E+02  1.41E+03              
 H-bond moment (accept) :         22.3888
 H-bond moment (donor)  :          0.0050
 
 WARNING: QM computation level of compound 2 conformer 1 could not be determined - it may differ from the QM level of the parameter set.
 No gas phase energy for compound 2 conformer 1 specified, thus it will be estimated


 Total number of processed compounds:    2


----------------
 START job     1
----------------

 --------------------------------------------------------------------------------
 Computation of activity coefficients gamma at infinite dilution in compound    1
 --------------------------------------------------------------------------------



 Results for mixture 1
 ---------------------
 Temperature          :    298.150 K
 Compound Nr.         :         1         2
 Compound             : GLDOVTGHN NHGXDBSUJ
 Mole Fraction        :    1.0000    0.0000

 Compound: 1  (GLDOVTGHNKAZLK-UHFFFAOYSA-N)
 Chemical potential of the compound in the mixture :       -12.02627 kcal/mol
 Log10(partial pressure [mbar])                    :        -5.30659
 Free energy of molecule in mix (E_COSMO+dE+Mu)    :   -492160.66407 kcal/mol
 Total mean interaction energy in the mix (H_int)  :       -21.77895 kcal/mol
 Misfit interaction energy in the mix (H_MF)       :         2.01403 kcal/mol
 H-Bond interaction energy in the mix (H_HB)       :        -3.49283 kcal/mol
 VdW interaction energy in the mix (H_vdW)         :       -20.30014 kcal/mol




 Results for mixture 2
 ---------------------
 Temperature          :    298.150 K
 Compound Nr.         :         1         2
 Compound             : GLDOVTGHN NHGXDBSUJ
 Mole Fraction        :    0.0000    1.0000

 Compound: 2  (NHGXDBSUJJNIRV-UHFFFAOYSA-M)
 Chemical potential of the compound in the mixture :        -0.38175 kcal/mol
 Log10(partial pressure [mbar])                    :       -13.13804
 Free energy of molecule in mix (E_COSMO+dE+Mu)    :   -719518.35184 kcal/mol
 Total mean interaction energy in the mix (H_int)  :        -8.14964 kcal/mol
 Misfit interaction energy in the mix (H_MF)       :        10.46899 kcal/mol
 H-Bond interaction energy in the mix (H_HB)       :        -0.74122 kcal/mol
 VdW interaction energy in the mix (H_vdW)         :       -17.87741 kcal/mol




 Results for mixture 3
 ---------------------
 Temperature          :    298.150 K
 Compound Nr.         :         1         2
 Compound             : GLDOVTGHN NHGXDBSUJ
 Mole Fraction        :    1.0000    0.0000

 Compound: 1  (GLDOVTGHNKAZLK-UHFFFAOYSA-N)
 Chemical potential of the compound in the mixture :       -12.02627 kcal/mol
 Log10(partial pressure [mbar])                    :        -5.30659
 Free energy of molecule in mix (E_COSMO+dE+Mu)    :   -492160.66407 kcal/mol
 Total mean interaction energy in the mix (H_int)  :       -21.77895 kcal/mol
 Misfit interaction energy in the mix (H_MF)       :         2.01403 kcal/mol
 H-Bond interaction energy in the mix (H_HB)       :        -3.49283 kcal/mol
 VdW interaction energy in the mix (H_vdW)         :       -20.30014 kcal/mol
 Ln(Activity coefficient)                          :         0.00000

 Compound: 2  (NHGXDBSUJJNIRV-UHFFFAOYSA-M)
 Chemical potential of the compound in the mixture :        -4.67692 kcal/mol
 Log10(partial pressure [mbar])                    :       -16.28642
 Free energy of molecule in mix (E_COSMO+dE+Mu)    :   -719522.64701 kcal/mol
 Total mean interaction energy in the mix (H_int)  :       -29.55153 kcal/mol
 Misfit interaction energy in the mix (H_MF)       :         3.82712 kcal/mol
 H-Bond interaction energy in the mix (H_HB)       :       -15.86463 kcal/mol
 VdW interaction energy in the mix (H_vdW)         :       -17.51402 kcal/mol
 Ln(Activity coefficient)                          :        -7.24942


----------------
 END job       1
----------------
----------------
 START job     2
----------------

 --------------------------------------------------------------------------------
 Computation of activity coefficients gamma at infinite dilution in compound    2
 --------------------------------------------------------------------------------



 Results for mixture 4
 ---------------------
 Temperature          :    298.150 K
 Compound Nr.         :         1         2
 Compound             : GLDOVTGHN NHGXDBSUJ
 Mole Fraction        :    1.0000    0.0000

 Compound: 1  (GLDOVTGHNKAZLK-UHFFFAOYSA-N)
 Chemical potential of the compound in the mixture :       -12.02627 kcal/mol
 Log10(partial pressure [mbar])                    :        -5.30659
 Free energy of molecule in mix (E_COSMO+dE+Mu)    :   -492160.66407 kcal/mol
 Total mean interaction energy in the mix (H_int)  :       -21.77895 kcal/mol
 Misfit interaction energy in the mix (H_MF)       :         2.01403 kcal/mol
 H-Bond interaction energy in the mix (H_HB)       :        -3.49283 kcal/mol
 VdW interaction energy in the mix (H_vdW)         :       -20.30014 kcal/mol




 Results for mixture 5
 ---------------------
 Temperature          :    298.150 K
 Compound Nr.         :         1         2
 Compound             : GLDOVTGHN NHGXDBSUJ
 Mole Fraction        :    0.0000    1.0000

 Compound: 2  (NHGXDBSUJJNIRV-UHFFFAOYSA-M)
 Chemical potential of the compound in the mixture :        -0.38175 kcal/mol
 Log10(partial pressure [mbar])                    :       -13.13804
 Free energy of molecule in mix (E_COSMO+dE+Mu)    :   -719518.35184 kcal/mol
 Total mean interaction energy in the mix (H_int)  :        -8.14964 kcal/mol
 Misfit interaction energy in the mix (H_MF)       :        10.46899 kcal/mol
 H-Bond interaction energy in the mix (H_HB)       :        -0.74122 kcal/mol
 VdW interaction energy in the mix (H_vdW)         :       -17.87741 kcal/mol




 Results for mixture 6
 ---------------------
 Temperature          :    298.150 K
 Compound Nr.         :         1         2
 Compound             : GLDOVTGHN NHGXDBSUJ
 Mole Fraction        :    0.0000    1.0000

 Compound: 1  (GLDOVTGHNKAZLK-UHFFFAOYSA-N)
 Chemical potential of the compound in the mixture :       -12.42731 kcal/mol
 Log10(partial pressure [mbar])                    :        -5.60055
 Free energy of molecule in mix (E_COSMO+dE+Mu)    :   -492161.06510 kcal/mol
 Total mean interaction energy in the mix (H_int)  :       -18.04660 kcal/mol
 Misfit interaction energy in the mix (H_MF)       :         5.62028 kcal/mol
 H-Bond interaction energy in the mix (H_HB)       :        -3.13566 kcal/mol
 VdW interaction energy in the mix (H_vdW)         :       -20.53122 kcal/mol
 Ln(Activity coefficient)                          :        -0.67687

 Compound: 2  (NHGXDBSUJJNIRV-UHFFFAOYSA-M)
 Chemical potential of the compound in the mixture :        -0.38175 kcal/mol
 Log10(partial pressure [mbar])                    :       -13.13804
 Free energy of molecule in mix (E_COSMO+dE+Mu)    :   -719518.35184 kcal/mol
 Total mean interaction energy in the mix (H_int)  :        -8.14964 kcal/mol
 Misfit interaction energy in the mix (H_MF)       :        10.46899 kcal/mol
 H-Bond interaction energy in the mix (H_HB)       :        -0.74122 kcal/mol
 VdW interaction energy in the mix (H_vdW)         :       -17.87741 kcal/mol
 Ln(Activity coefficient)                          :         0.00000


----------------
 END job       2
----------------
