 -----------------------------------------------------------
 BIOVIA COSMOtherm Version 2019 (build: 19.0.5 [65f0de1d5f])
 -----------------------------------------------------------

 Copyright (C) 1999-2019, Dassault Systemes BIOVIA corp, all rights reserved

 Job name   : !! generated by COSMOthermX !!
 Job date   : 09/16/2022
 Job time   : 14:08:30
 Hostname   : unknown
 OS type    : unknown
 Executable : Linux 64-bit

 Reading COSMOtherm parameter file BP_TZVP_C30_1701.ctd from directory /home/comp3/software/COSMOlogic/COSMOthermX19/COSMOtherm/CTDATA-FILES/OLDPARAM/
 Info: # COSMOtherm parameter file ./BP_TZVP_C30_1701.ctd for BP-TZVP optimized COSMO files                                                                  

 Reading COSMOtherm license key license.txt from directory /home/comp3/software/COSMOlogic/COSMOthermX19/licensefiles/

 COSMOtherm license key expiration date 04/26/2025
 COSMOtherm license key version 21
 Customer : 200000000032966
 ID       : LKO1978637

 License keys:
  product                   |    licensed version    | status
 ------------------------------------------------------------------------------ 
  COSMOtherm                |          21            | active
  TURBOMOLE                 |          21            | active
 ------------------------------------------------------------------------------ 
 
 Note: Vapor pressure / property file could not be found for compound 1
 Reading COSMO information for compound 1 conformer 1 from file /home/comp3/Desktop/Nastya/DES/cosmo/JGOAIQNSOGZNBX-UHFFFAOYSA-N.cosmo
 Note: Gas phase energy file could not be found for compound 1 conformer 1
 Note: converting Gaussian COSMO-file information of compound 1 conformer 1
 
 Note: Vapor pressure / property file could not be found for compound 2
 Reading COSMO information for compound 2 conformer 1 from file /home/comp3/Desktop/Nastya/DES/cosmo/BSYNRYMUTXBXSQ-UHFFFAOYSA-N.cosmo
 Note: Gas phase energy file could not be found for compound 2 conformer 1
 Note: converting Gaussian COSMO-file information of compound 2 conformer 1


 --- Compound 1 (JGOAIQNSOGZNBX-UHFFFAOYSA-N) ---

 Compound Information for compound 1 conformer 1 (COSMO file /home/comp3/Desktop/Nastya/DES/cosmo/JGOAIQNSOGZNBX-UHFFFAOYSA-N.cosmo)
 Atomic weights         : 111111111111111111111111111111111111111111111111
 E_COSMO+dE             :    -616656.3131 kcal/mol
 E_gas                  :    -616647.3650 kcal/mol
 E_COSMO-E_gas+dE       :         -8.9481 kcal/mol
 E_diel                 :        -12.2838 kcal/mol
 Averaging corr dE      :          0.7546 kcal/mol
 Area                   :        355.8614 A^2
 Volume                 :        413.0982 A^3
 Molecular Weight       :        311.4199 a.m.u.
 Total COSMO charge     :         -0.0057 a.u.
 Dipole moment (t,x,y,z):          3.9504 -1.060714  1.370021  3.550179 Debye                            
 Sigma moments (1-6)    :          0.0000  8.75E+01  3.14E+01  7.46E+01  7.35E+01  1.23E+02              
 H-bond moment (accept) :          2.2583
 H-bond moment (donor)  :          0.0000
 
 WARNING: QM computation level of compound 1 conformer 1 could not be determined - it may differ from the QM level of the parameter set.
 No gas phase energy for compound 1 conformer 1 specified, thus it will be estimated


 --- Compound 2 (BSYNRYMUTXBXSQ-UHFFFAOYSA-N) ---

 Compound Information for compound 2 conformer 1 (COSMO file /home/comp3/Desktop/Nastya/DES/cosmo/BSYNRYMUTXBXSQ-UHFFFAOYSA-N.cosmo)
 Atomic weights         : 111111111111111111111
 E_COSMO+dE             :    -407222.2675 kcal/mol
 E_gas                  :    -407212.4772 kcal/mol
 E_COSMO-E_gas+dE       :         -9.7903 kcal/mol
 E_diel                 :        -13.4947 kcal/mol
 Averaging corr dE      :          0.7529 kcal/mol
 Area                   :        199.6929 A^2
 Volume                 :        205.4205 A^3
 Molecular Weight       :        180.1583 a.m.u.
 Total COSMO charge     :          0.0021 a.u.
 Dipole moment (t,x,y,z):          2.9372  2.299910  0.989224 -1.535928 Debye                            
 Sigma moments (1-6)    :          0.0000  9.35E+01 -4.680367  1.35E+02 -6.37E+01  3.12E+02              
 H-bond moment (accept) :          1.5569
 H-bond moment (donor)  :          3.5158
 
 WARNING: QM computation level of compound 2 conformer 1 could not be determined - it may differ from the QM level of the parameter set.
 No gas phase energy for compound 2 conformer 1 specified, thus it will be estimated


 Total number of processed compounds:    2


----------------
 START job     1
----------------

 --------------------------------------------------------------------------------
 Computation of activity coefficients gamma at infinite dilution in compound    1
 --------------------------------------------------------------------------------



 Results for mixture 1
 ---------------------
 Temperature          :    298.150 K
 Compound Nr.         :         1         2
 Compound             : JGOAIQNSO BSYNRYMUT
 Mole Fraction        :    1.0000    0.0000

 Compound: 1  (JGOAIQNSOGZNBX-UHFFFAOYSA-N)
 Chemical potential of the compound in the mixture :        -7.41760 kcal/mol
 Log10(partial pressure [mbar])                    :        -6.08384
 Free energy of molecule in mix (E_COSMO+dE+Mu)    :   -616663.73068 kcal/mol
 Total mean interaction energy in the mix (H_int)  :       -12.88292 kcal/mol
 Misfit interaction energy in the mix (H_MF)       :         4.45308 kcal/mol
 H-Bond interaction energy in the mix (H_HB)       :        -0.00747 kcal/mol
 VdW interaction energy in the mix (H_vdW)         :       -17.32852 kcal/mol




 Results for mixture 2
 ---------------------
 Temperature          :    298.150 K
 Compound Nr.         :         1         2
 Compound             : JGOAIQNSO BSYNRYMUT
 Mole Fraction        :    0.0000    1.0000

 Compound: 2  (BSYNRYMUTXBXSQ-UHFFFAOYSA-N)
 Chemical potential of the compound in the mixture :        -3.21846 kcal/mol
 Log10(partial pressure [mbar])                    :        -2.79228
 Free energy of molecule in mix (E_COSMO+dE+Mu)    :   -407225.48597 kcal/mol
 Total mean interaction energy in the mix (H_int)  :        -9.11896 kcal/mol
 Misfit interaction energy in the mix (H_MF)       :         2.84611 kcal/mol
 H-Bond interaction energy in the mix (H_HB)       :        -3.15102 kcal/mol
 VdW interaction energy in the mix (H_vdW)         :        -8.81405 kcal/mol




 Results for mixture 3
 ---------------------
 Temperature          :    298.150 K
 Compound Nr.         :         1         2
 Compound             : JGOAIQNSO BSYNRYMUT
 Mole Fraction        :    1.0000    0.0000

 Compound: 1  (JGOAIQNSOGZNBX-UHFFFAOYSA-N)
 Chemical potential of the compound in the mixture :        -7.41760 kcal/mol
 Log10(partial pressure [mbar])                    :        -6.08384
 Free energy of molecule in mix (E_COSMO+dE+Mu)    :   -616663.73068 kcal/mol
 Total mean interaction energy in the mix (H_int)  :       -12.88292 kcal/mol
 Misfit interaction energy in the mix (H_MF)       :         4.45308 kcal/mol
 H-Bond interaction energy in the mix (H_HB)       :        -0.00747 kcal/mol
 VdW interaction energy in the mix (H_vdW)         :       -17.32852 kcal/mol
 Ln(Activity coefficient)                          :         0.00000

 Compound: 2  (BSYNRYMUTXBXSQ-UHFFFAOYSA-N)
 Chemical potential of the compound in the mixture :        -3.56149 kcal/mol
 Log10(partial pressure [mbar])                    :        -3.04372
 Free energy of molecule in mix (E_COSMO+dE+Mu)    :   -407225.82900 kcal/mol
 Total mean interaction energy in the mix (H_int)  :        -9.62869 kcal/mol
 Misfit interaction energy in the mix (H_MF)       :         2.90426 kcal/mol
 H-Bond interaction energy in the mix (H_HB)       :        -3.32319 kcal/mol
 VdW interaction energy in the mix (H_vdW)         :        -9.20975 kcal/mol
 Ln(Activity coefficient)                          :        -0.57897


----------------
 END job       1
----------------
----------------
 START job     2
----------------

 --------------------------------------------------------------------------------
 Computation of activity coefficients gamma at infinite dilution in compound    2
 --------------------------------------------------------------------------------



 Results for mixture 4
 ---------------------
 Temperature          :    298.150 K
 Compound Nr.         :         1         2
 Compound             : JGOAIQNSO BSYNRYMUT
 Mole Fraction        :    1.0000    0.0000

 Compound: 1  (JGOAIQNSOGZNBX-UHFFFAOYSA-N)
 Chemical potential of the compound in the mixture :        -7.41760 kcal/mol
 Log10(partial pressure [mbar])                    :        -6.08384
 Free energy of molecule in mix (E_COSMO+dE+Mu)    :   -616663.73068 kcal/mol
 Total mean interaction energy in the mix (H_int)  :       -12.88292 kcal/mol
 Misfit interaction energy in the mix (H_MF)       :         4.45308 kcal/mol
 H-Bond interaction energy in the mix (H_HB)       :        -0.00747 kcal/mol
 VdW interaction energy in the mix (H_vdW)         :       -17.32852 kcal/mol




 Results for mixture 5
 ---------------------
 Temperature          :    298.150 K
 Compound Nr.         :         1         2
 Compound             : JGOAIQNSO BSYNRYMUT
 Mole Fraction        :    0.0000    1.0000

 Compound: 2  (BSYNRYMUTXBXSQ-UHFFFAOYSA-N)
 Chemical potential of the compound in the mixture :        -3.21846 kcal/mol
 Log10(partial pressure [mbar])                    :        -2.79228
 Free energy of molecule in mix (E_COSMO+dE+Mu)    :   -407225.48597 kcal/mol
 Total mean interaction energy in the mix (H_int)  :        -9.11896 kcal/mol
 Misfit interaction energy in the mix (H_MF)       :         2.84611 kcal/mol
 H-Bond interaction energy in the mix (H_HB)       :        -3.15102 kcal/mol
 VdW interaction energy in the mix (H_vdW)         :        -8.81405 kcal/mol




 Results for mixture 6
 ---------------------
 Temperature          :    298.150 K
 Compound Nr.         :         1         2
 Compound             : JGOAIQNSO BSYNRYMUT
 Mole Fraction        :    0.0000    1.0000

 Compound: 1  (JGOAIQNSOGZNBX-UHFFFAOYSA-N)
 Chemical potential of the compound in the mixture :        -7.39794 kcal/mol
 Log10(partial pressure [mbar])                    :        -6.06943
 Free energy of molecule in mix (E_COSMO+dE+Mu)    :   -616663.71102 kcal/mol
 Total mean interaction energy in the mix (H_int)  :       -14.34852 kcal/mol
 Misfit interaction energy in the mix (H_MF)       :         4.77296 kcal/mol
 H-Bond interaction energy in the mix (H_HB)       :        -2.50023 kcal/mol
 VdW interaction energy in the mix (H_vdW)         :       -16.62125 kcal/mol
 Ln(Activity coefficient)                          :         0.03319

 Compound: 2  (BSYNRYMUTXBXSQ-UHFFFAOYSA-N)
 Chemical potential of the compound in the mixture :        -3.21846 kcal/mol
 Log10(partial pressure [mbar])                    :        -2.79228
 Free energy of molecule in mix (E_COSMO+dE+Mu)    :   -407225.48597 kcal/mol
 Total mean interaction energy in the mix (H_int)  :        -9.11896 kcal/mol
 Misfit interaction energy in the mix (H_MF)       :         2.84611 kcal/mol
 H-Bond interaction energy in the mix (H_HB)       :        -3.15102 kcal/mol
 VdW interaction energy in the mix (H_vdW)         :        -8.81405 kcal/mol
 Ln(Activity coefficient)                          :         0.00000


----------------
 END job       2
----------------
