 -----------------------------------------------------------
 BIOVIA COSMOtherm Version 2019 (build: 19.0.5 [65f0de1d5f])
 -----------------------------------------------------------

 Copyright (C) 1999-2019, Dassault Systemes BIOVIA corp, all rights reserved

 Job name   : !! generated by COSMOthermX !!
 Job date   : 09/16/2022
 Job time   : 14:08:58
 Hostname   : unknown
 OS type    : unknown
 Executable : Linux 64-bit

 Reading COSMOtherm parameter file BP_TZVP_C30_1701.ctd from directory /home/comp3/software/COSMOlogic/COSMOthermX19/COSMOtherm/CTDATA-FILES/OLDPARAM/
 Info: # COSMOtherm parameter file ./BP_TZVP_C30_1701.ctd for BP-TZVP optimized COSMO files                                                                  

 Reading COSMOtherm license key license.txt from directory /home/comp3/software/COSMOlogic/COSMOthermX19/licensefiles/

 COSMOtherm license key expiration date 04/26/2025
 COSMOtherm license key version 21
 Customer : 200000000032966
 ID       : LKO1978637

 License keys:
  product                   |    licensed version    | status
 ------------------------------------------------------------------------------ 
  COSMOtherm                |          21            | active
  TURBOMOLE                 |          21            | active
 ------------------------------------------------------------------------------ 
 
 Note: Vapor pressure / property file could not be found for compound 1
 Reading COSMO information for compound 1 conformer 1 from file /home/comp3/Desktop/Nastya/DES/cosmo/LKDRXBCSQODPBY-AZGQCCRYSA-N.cosmo
 Note: Gas phase energy file could not be found for compound 1 conformer 1
 Note: converting Gaussian COSMO-file information of compound 1 conformer 1
 
 Reading vapor pressure and property information for compound 2 from file /home/comp3/Desktop/Nastya/DES/cosmo/SGMZJAMFUVOLNK-UHFFFAOYSA-M.vap
 Reading COSMO information for compound 2 conformer 1 from file /home/comp3/Desktop/Nastya/DES/cosmo/SGMZJAMFUVOLNK-UHFFFAOYSA-M.cosmo
 Note: Gas phase energy file could not be found for compound 2 conformer 1
 Note: converting Gaussian COSMO-file information of compound 2 conformer 1


 --- Compound 1 (LKDRXBCSQODPBY-AZGQCCRYSA-N) ---

 Compound Information for compound 1 conformer 1 (COSMO file /home/comp3/Desktop/Nastya/DES/cosmo/LKDRXBCSQODPBY-AZGQCCRYSA-N.cosmo)
 Atomic weights         : 111111111111111111111111
 E_COSMO+dE             :    -431395.1349 kcal/mol
 E_gas                  :    -431380.7050 kcal/mol
 E_COSMO-E_gas+dE       :        -14.4299 kcal/mol
 E_diel                 :        -22.0605 kcal/mol
 Averaging corr dE      :          1.4641 kcal/mol
 Area                   :        183.2793 A^2
 Volume                 :        194.4720 A^3
 Molecular Weight       :        180.1566 a.m.u.
 Total COSMO charge     :          0.0001 a.u.
 Dipole moment (t,x,y,z):          5.8131 -3.239534 -4.347339  2.097287 Debye                            
 Sigma moments (1-6)    :          0.0000  1.68E+02  4.06E+01  3.22E+02  1.28E+02  7.75E+02              
 H-bond moment (accept) :          9.9118
 H-bond moment (donor)  :          5.7885
 
 WARNING: QM computation level of compound 1 conformer 1 could not be determined - it may differ from the QM level of the parameter set.
 No gas phase energy for compound 1 conformer 1 specified, thus it will be estimated


 --- Compound 2 (SGMZJAMFUVOLNK-UHFFFAOYSA-M) ---

 Compound Information for compound 2 conformer 1 (COSMO file /home/comp3/Desktop/Nastya/DES/cosmo/SGMZJAMFUVOLNK-UHFFFAOYSA-M.cosmo)
 Atomic weights         : 1111111111111111111111
 E_COSMO+dE             :    -495311.0092 kcal/mol
 E_gas                  :    -495280.9240 kcal/mol
 E_COSMO-E_gas+dE       :        -30.0852 kcal/mol
 E_diel                 :        -43.9005 kcal/mol
 Averaging corr dE      :          0.6451 kcal/mol
 Area                   :        177.0496 A^2
 Volume                 :        188.1524 A^3
 Molecular Weight       :        139.6245 a.m.u.
 Total COSMO charge     :          0.0093 a.u.
 Dipole moment (t,x,y,z):         18.3247 -1.83E+01  0.122140 -1.618568 Debye                            
 Sigma moments (1-6)    :          0.0000  1.72E+02  1.20E+02  3.11E+02  3.77E+02  7.14E+02              
 H-bond moment (accept) :         15.0395
 H-bond moment (donor)  :          0.2290
 
 WARNING: QM computation level of compound 2 conformer 1 could not be determined - it may differ from the QM level of the parameter set.
 No gas phase energy for compound 2 conformer 1 specified, thus it will be estimated


 Total number of processed compounds:    2


----------------
 START job     1
----------------

 --------------------------------------------------------------------------------
 Computation of activity coefficients gamma at infinite dilution in compound    1
 --------------------------------------------------------------------------------



 Results for mixture 1
 ---------------------
 Temperature          :    298.150 K
 Compound Nr.         :         1         2
 Compound             : LKDRXBCSQ SGMZJAMFU
 Mole Fraction        :    1.0000    0.0000

 Compound: 1  (LKDRXBCSQODPBY-AZGQCCRYSA-N)
 Chemical potential of the compound in the mixture :        -4.00462 kcal/mol
 Log10(partial pressure [mbar])                    :        -6.76937
 Free energy of molecule in mix (E_COSMO+dE+Mu)    :   -431399.13950 kcal/mol
 Total mean interaction energy in the mix (H_int)  :       -18.27077 kcal/mol
 Misfit interaction energy in the mix (H_MF)       :         2.58887 kcal/mol
 H-Bond interaction energy in the mix (H_HB)       :       -13.69127 kcal/mol
 VdW interaction energy in the mix (H_vdW)         :        -7.16838 kcal/mol




 Results for mixture 2
 ---------------------
 Temperature          :    298.150 K
 Compound Nr.         :         1         2
 Compound             : LKDRXBCSQ SGMZJAMFU
 Mole Fraction        :    0.0000    1.0000

 Compound: 2  (SGMZJAMFUVOLNK-UHFFFAOYSA-M)
 Chemical potential of the compound in the mixture :         1.80745 kcal/mol
 Log10(partial pressure [mbar])                    :       -13.15367
 Free energy of molecule in mix (E_COSMO+dE+Mu)    :   -495309.20179 kcal/mol
 Total mean interaction energy in the mix (H_int)  :        -4.76377 kcal/mol
 Misfit interaction energy in the mix (H_MF)       :         6.76689 kcal/mol
 H-Bond interaction energy in the mix (H_HB)       :        -2.52734 kcal/mol
 VdW interaction energy in the mix (H_vdW)         :        -9.00332 kcal/mol




 Results for mixture 3
 ---------------------
 Temperature          :    298.150 K
 Compound Nr.         :         1         2
 Compound             : LKDRXBCSQ SGMZJAMFU
 Mole Fraction        :    1.0000    0.0000

 Compound: 1  (LKDRXBCSQODPBY-AZGQCCRYSA-N)
 Chemical potential of the compound in the mixture :        -4.00462 kcal/mol
 Log10(partial pressure [mbar])                    :        -6.76937
 Free energy of molecule in mix (E_COSMO+dE+Mu)    :   -431399.13950 kcal/mol
 Total mean interaction energy in the mix (H_int)  :       -18.27077 kcal/mol
 Misfit interaction energy in the mix (H_MF)       :         2.58887 kcal/mol
 H-Bond interaction energy in the mix (H_HB)       :       -13.69127 kcal/mol
 VdW interaction energy in the mix (H_vdW)         :        -7.16838 kcal/mol
 Ln(Activity coefficient)                          :         0.00000

 Compound: 2  (SGMZJAMFUVOLNK-UHFFFAOYSA-M)
 Chemical potential of the compound in the mixture :        -1.11130 kcal/mol
 Log10(partial pressure [mbar])                    :       -15.29313
 Free energy of molecule in mix (E_COSMO+dE+Mu)    :   -495312.12054 kcal/mol
 Total mean interaction energy in the mix (H_int)  :       -16.95254 kcal/mol
 Misfit interaction energy in the mix (H_MF)       :         3.15904 kcal/mol
 H-Bond interaction energy in the mix (H_HB)       :       -12.12428 kcal/mol
 VdW interaction energy in the mix (H_vdW)         :        -7.98729 kcal/mol
 Ln(Activity coefficient)                          :        -4.92629


----------------
 END job       1
----------------
----------------
 START job     2
----------------

 --------------------------------------------------------------------------------
 Computation of activity coefficients gamma at infinite dilution in compound    2
 --------------------------------------------------------------------------------



 Results for mixture 4
 ---------------------
 Temperature          :    298.150 K
 Compound Nr.         :         1         2
 Compound             : LKDRXBCSQ SGMZJAMFU
 Mole Fraction        :    1.0000    0.0000

 Compound: 1  (LKDRXBCSQODPBY-AZGQCCRYSA-N)
 Chemical potential of the compound in the mixture :        -4.00462 kcal/mol
 Log10(partial pressure [mbar])                    :        -6.76937
 Free energy of molecule in mix (E_COSMO+dE+Mu)    :   -431399.13950 kcal/mol
 Total mean interaction energy in the mix (H_int)  :       -18.27077 kcal/mol
 Misfit interaction energy in the mix (H_MF)       :         2.58887 kcal/mol
 H-Bond interaction energy in the mix (H_HB)       :       -13.69127 kcal/mol
 VdW interaction energy in the mix (H_vdW)         :        -7.16838 kcal/mol




 Results for mixture 5
 ---------------------
 Temperature          :    298.150 K
 Compound Nr.         :         1         2
 Compound             : LKDRXBCSQ SGMZJAMFU
 Mole Fraction        :    0.0000    1.0000

 Compound: 2  (SGMZJAMFUVOLNK-UHFFFAOYSA-M)
 Chemical potential of the compound in the mixture :         1.80745 kcal/mol
 Log10(partial pressure [mbar])                    :       -13.15367
 Free energy of molecule in mix (E_COSMO+dE+Mu)    :   -495309.20179 kcal/mol
 Total mean interaction energy in the mix (H_int)  :        -4.76377 kcal/mol
 Misfit interaction energy in the mix (H_MF)       :         6.76689 kcal/mol
 H-Bond interaction energy in the mix (H_HB)       :        -2.52734 kcal/mol
 VdW interaction energy in the mix (H_vdW)         :        -9.00332 kcal/mol




 Results for mixture 6
 ---------------------
 Temperature          :    298.150 K
 Compound Nr.         :         1         2
 Compound             : LKDRXBCSQ SGMZJAMFU
 Mole Fraction        :    0.0000    1.0000

 Compound: 1  (LKDRXBCSQODPBY-AZGQCCRYSA-N)
 Chemical potential of the compound in the mixture :        -6.30346 kcal/mol
 Log10(partial pressure [mbar])                    :        -8.45443
 Free energy of molecule in mix (E_COSMO+dE+Mu)    :   -431401.43834 kcal/mol
 Total mean interaction energy in the mix (H_int)  :       -12.72319 kcal/mol
 Misfit interaction energy in the mix (H_MF)       :         4.62083 kcal/mol
 H-Bond interaction energy in the mix (H_HB)       :        -8.94035 kcal/mol
 VdW interaction energy in the mix (H_vdW)         :        -8.40367 kcal/mol
 Ln(Activity coefficient)                          :        -3.88000

 Compound: 2  (SGMZJAMFUVOLNK-UHFFFAOYSA-M)
 Chemical potential of the compound in the mixture :         1.80745 kcal/mol
 Log10(partial pressure [mbar])                    :       -13.15367
 Free energy of molecule in mix (E_COSMO+dE+Mu)    :   -495309.20179 kcal/mol
 Total mean interaction energy in the mix (H_int)  :        -4.76377 kcal/mol
 Misfit interaction energy in the mix (H_MF)       :         6.76689 kcal/mol
 H-Bond interaction energy in the mix (H_HB)       :        -2.52734 kcal/mol
 VdW interaction energy in the mix (H_vdW)         :        -9.00332 kcal/mol
 Ln(Activity coefficient)                          :         0.00000


----------------
 END job       2
----------------
