 -----------------------------------------------------------
 BIOVIA COSMOtherm Version 2019 (build: 19.0.5 [65f0de1d5f])
 -----------------------------------------------------------

 Copyright (C) 1999-2019, Dassault Systemes BIOVIA corp, all rights reserved

 Job name   : !! generated by COSMOthermX !!
 Job date   : 09/16/2022
 Job time   : 14:08:52
 Hostname   : unknown
 OS type    : unknown
 Executable : Linux 64-bit

 Reading COSMOtherm parameter file BP_TZVP_C30_1701.ctd from directory /home/comp3/software/COSMOlogic/COSMOthermX19/COSMOtherm/CTDATA-FILES/OLDPARAM/
 Info: # COSMOtherm parameter file ./BP_TZVP_C30_1701.ctd for BP-TZVP optimized COSMO files                                                                  

 Reading COSMOtherm license key license.txt from directory /home/comp3/software/COSMOlogic/COSMOthermX19/licensefiles/

 COSMOtherm license key expiration date 04/26/2025
 COSMOtherm license key version 21
 Customer : 200000000032966
 ID       : LKO1978637

 License keys:
  product                   |    licensed version    | status
 ------------------------------------------------------------------------------ 
  COSMOtherm                |          21            | active
  TURBOMOLE                 |          21            | active
 ------------------------------------------------------------------------------ 
 
 Note: Vapor pressure / property file could not be found for compound 1
 Reading COSMO information for compound 1 conformer 1 from file /home/comp3/Desktop/Nastya/DES/cosmo/LYCAIKOWRPUZTN-UHFFFAOYSA-N.cosmo
 Note: Gas phase energy file could not be found for compound 1 conformer 1
 Note: converting Gaussian COSMO-file information of compound 1 conformer 1
 
 Note: Vapor pressure / property file could not be found for compound 2
 Reading COSMO information for compound 2 conformer 1 from file /home/comp3/Desktop/Nastya/DES/cosmo/USFRYJRPHFMVBZ-UHFFFAOYSA-M.cosmo
 Note: Gas phase energy file could not be found for compound 2 conformer 1
 Note: converting Gaussian COSMO-file information of compound 2 conformer 1


 --- Compound 1 (LYCAIKOWRPUZTN-UHFFFAOYSA-N) ---

 Compound Information for compound 1 conformer 1 (COSMO file /home/comp3/Desktop/Nastya/DES/cosmo/LYCAIKOWRPUZTN-UHFFFAOYSA-N.cosmo)
 Atomic weights         : 1111111111
 E_COSMO+dE             :    -144549.2569 kcal/mol
 E_gas                  :    -144541.3854 kcal/mol
 E_COSMO-E_gas+dE       :         -7.8715 kcal/mol
 E_diel                 :        -10.6996 kcal/mol
 Averaging corr dE      :          0.7003 kcal/mol
 Area                   :         99.4396 A^2
 Volume                 :         81.1295 A^3
 Molecular Weight       :         62.0681 a.m.u.
 Total COSMO charge     :         -0.0029 a.u.
 Dipole moment (t,x,y,z):          0.0208  0.001221  0.000216 -0.020802 Debye                            
 Sigma moments (1-6)    :          0.0000  8.67E+01  1.84E+01  1.76E+02  4.89E+01  4.27E+02              
 H-bond moment (accept) :          5.3810
 H-bond moment (donor)  :          3.6973
 
 WARNING: QM computation level of compound 1 conformer 1 could not be determined - it may differ from the QM level of the parameter set.
 No gas phase energy for compound 1 conformer 1 specified, thus it will be estimated


 --- Compound 2 (USFRYJRPHFMVBZ-UHFFFAOYSA-M) ---

 Compound Information for compound 2 conformer 1 (COSMO file /home/comp3/Desktop/Nastya/DES/cosmo/USFRYJRPHFMVBZ-UHFFFAOYSA-M.cosmo)
 Atomic weights         : 1111111111111111111111111111111111111111111111111
 E_COSMO+dE             :   -1109360.9106 kcal/mol
 E_gas                  :   -1109332.2767 kcal/mol
 E_COSMO-E_gas+dE       :        -28.6339 kcal/mol
 E_diel                 :        -42.2770 kcal/mol
 Averaging corr dE      :          0.9600 kcal/mol
 Area                   :        376.9414 A^2
 Volume                 :        486.3940 A^3
 Molecular Weight       :        388.8713 a.m.u.
 Total COSMO charge     :          0.0027 a.u.
 Dipole moment (t,x,y,z):         20.0557 -1.436301  1.87E+01  7.226439 Debye                            
 Sigma moments (1-6)    :          0.0000  1.87E+02  1.51E+02  3.86E+02  6.13E+02  1.26E+03              
 H-bond moment (accept) :         18.3549
 H-bond moment (donor)  :          0.1409
 
 WARNING: QM computation level of compound 2 conformer 1 could not be determined - it may differ from the QM level of the parameter set.
 No gas phase energy for compound 2 conformer 1 specified, thus it will be estimated


 Total number of processed compounds:    2


----------------
 START job     1
----------------

 --------------------------------------------------------------------------------
 Computation of activity coefficients gamma at infinite dilution in compound    1
 --------------------------------------------------------------------------------



 Results for mixture 1
 ---------------------
 Temperature          :    298.150 K
 Compound Nr.         :         1         2
 Compound             : LYCAIKOWR USFRYJRPH
 Mole Fraction        :    1.0000    0.0000

 Compound: 1  (LYCAIKOWRPUZTN-UHFFFAOYSA-N)
 Chemical potential of the compound in the mixture :        -2.92383 kcal/mol
 Log10(partial pressure [mbar])                    :        -0.33895
 Free energy of molecule in mix (E_COSMO+dE+Mu)    :   -144552.18071 kcal/mol
 Total mean interaction energy in the mix (H_int)  :       -11.06469 kcal/mol
 Misfit interaction energy in the mix (H_MF)       :         1.42018 kcal/mol
 H-Bond interaction energy in the mix (H_HB)       :        -8.30126 kcal/mol
 VdW interaction energy in the mix (H_vdW)         :        -4.18361 kcal/mol




 Results for mixture 2
 ---------------------
 Temperature          :    298.150 K
 Compound Nr.         :         1         2
 Compound             : LYCAIKOWR USFRYJRPH
 Mole Fraction        :    0.0000    1.0000

 Compound: 2  (USFRYJRPHFMVBZ-UHFFFAOYSA-M)
 Chemical potential of the compound in the mixture :        -2.64612 kcal/mol
 Log10(partial pressure [mbar])                    :       -18.67784
 Free energy of molecule in mix (E_COSMO+dE+Mu)    :  -1109363.55676 kcal/mol
 Total mean interaction energy in the mix (H_int)  :       -11.95831 kcal/mol
 Misfit interaction energy in the mix (H_MF)       :         9.15893 kcal/mol
 H-Bond interaction energy in the mix (H_HB)       :        -1.32820 kcal/mol
 VdW interaction energy in the mix (H_vdW)         :       -19.78904 kcal/mol




 Results for mixture 3
 ---------------------
 Temperature          :    298.150 K
 Compound Nr.         :         1         2
 Compound             : LYCAIKOWR USFRYJRPH
 Mole Fraction        :    1.0000    0.0000

 Compound: 1  (LYCAIKOWRPUZTN-UHFFFAOYSA-N)
 Chemical potential of the compound in the mixture :        -2.92383 kcal/mol
 Log10(partial pressure [mbar])                    :        -0.33895
 Free energy of molecule in mix (E_COSMO+dE+Mu)    :   -144552.18071 kcal/mol
 Total mean interaction energy in the mix (H_int)  :       -11.06469 kcal/mol
 Misfit interaction energy in the mix (H_MF)       :         1.42018 kcal/mol
 H-Bond interaction energy in the mix (H_HB)       :        -8.30126 kcal/mol
 VdW interaction energy in the mix (H_vdW)         :        -4.18361 kcal/mol
 Ln(Activity coefficient)                          :         0.00000

 Compound: 2  (USFRYJRPHFMVBZ-UHFFFAOYSA-M)
 Chemical potential of the compound in the mixture :        -6.88273 kcal/mol
 Log10(partial pressure [mbar])                    :       -21.78331
 Free energy of molecule in mix (E_COSMO+dE+Mu)    :  -1109367.79338 kcal/mol
 Total mean interaction energy in the mix (H_int)  :       -27.89522 kcal/mol
 Misfit interaction energy in the mix (H_MF)       :         5.95532 kcal/mol
 H-Bond interaction energy in the mix (H_HB)       :       -16.07846 kcal/mol
 VdW interaction energy in the mix (H_vdW)         :       -17.77208 kcal/mol
 Ln(Activity coefficient)                          :        -7.15059


----------------
 END job       1
----------------
----------------
 START job     2
----------------

 --------------------------------------------------------------------------------
 Computation of activity coefficients gamma at infinite dilution in compound    2
 --------------------------------------------------------------------------------



 Results for mixture 4
 ---------------------
 Temperature          :    298.150 K
 Compound Nr.         :         1         2
 Compound             : LYCAIKOWR USFRYJRPH
 Mole Fraction        :    1.0000    0.0000

 Compound: 1  (LYCAIKOWRPUZTN-UHFFFAOYSA-N)
 Chemical potential of the compound in the mixture :        -2.92383 kcal/mol
 Log10(partial pressure [mbar])                    :        -0.33895
 Free energy of molecule in mix (E_COSMO+dE+Mu)    :   -144552.18071 kcal/mol
 Total mean interaction energy in the mix (H_int)  :       -11.06469 kcal/mol
 Misfit interaction energy in the mix (H_MF)       :         1.42018 kcal/mol
 H-Bond interaction energy in the mix (H_HB)       :        -8.30126 kcal/mol
 VdW interaction energy in the mix (H_vdW)         :        -4.18361 kcal/mol




 Results for mixture 5
 ---------------------
 Temperature          :    298.150 K
 Compound Nr.         :         1         2
 Compound             : LYCAIKOWR USFRYJRPH
 Mole Fraction        :    0.0000    1.0000

 Compound: 2  (USFRYJRPHFMVBZ-UHFFFAOYSA-M)
 Chemical potential of the compound in the mixture :        -2.64612 kcal/mol
 Log10(partial pressure [mbar])                    :       -18.67784
 Free energy of molecule in mix (E_COSMO+dE+Mu)    :  -1109363.55676 kcal/mol
 Total mean interaction energy in the mix (H_int)  :       -11.95831 kcal/mol
 Misfit interaction energy in the mix (H_MF)       :         9.15893 kcal/mol
 H-Bond interaction energy in the mix (H_HB)       :        -1.32820 kcal/mol
 VdW interaction energy in the mix (H_vdW)         :       -19.78904 kcal/mol




 Results for mixture 6
 ---------------------
 Temperature          :    298.150 K
 Compound Nr.         :         1         2
 Compound             : LYCAIKOWR USFRYJRPH
 Mole Fraction        :    0.0000    1.0000

 Compound: 1  (LYCAIKOWRPUZTN-UHFFFAOYSA-N)
 Chemical potential of the compound in the mixture :        -5.50914 kcal/mol
 Log10(partial pressure [mbar])                    :        -2.23400
 Free energy of molecule in mix (E_COSMO+dE+Mu)    :   -144554.76602 kcal/mol
 Total mean interaction energy in the mix (H_int)  :       -11.99939 kcal/mol
 Misfit interaction energy in the mix (H_MF)       :         2.21428 kcal/mol
 H-Bond interaction energy in the mix (H_HB)       :        -9.51190 kcal/mol
 VdW interaction energy in the mix (H_vdW)         :        -4.70177 kcal/mol
 Ln(Activity coefficient)                          :        -4.36350

 Compound: 2  (USFRYJRPHFMVBZ-UHFFFAOYSA-M)
 Chemical potential of the compound in the mixture :        -2.64612 kcal/mol
 Log10(partial pressure [mbar])                    :       -18.67784
 Free energy of molecule in mix (E_COSMO+dE+Mu)    :  -1109363.55676 kcal/mol
 Total mean interaction energy in the mix (H_int)  :       -11.95831 kcal/mol
 Misfit interaction energy in the mix (H_MF)       :         9.15893 kcal/mol
 H-Bond interaction energy in the mix (H_HB)       :        -1.32820 kcal/mol
 VdW interaction energy in the mix (H_vdW)         :       -19.78904 kcal/mol
 Ln(Activity coefficient)                          :         0.00000


----------------
 END job       2
----------------
