 -----------------------------------------------------------
 BIOVIA COSMOtherm Version 2019 (build: 19.0.5 [65f0de1d5f])
 -----------------------------------------------------------

 Copyright (C) 1999-2019, Dassault Systemes BIOVIA corp, all rights reserved

 Job name   : !! generated by COSMOthermX !!
 Job date   : 09/16/2022
 Job time   : 14:08:23
 Hostname   : unknown
 OS type    : unknown
 Executable : Linux 64-bit

 Reading COSMOtherm parameter file BP_TZVP_C30_1701.ctd from directory /home/comp3/software/COSMOlogic/COSMOthermX19/COSMOtherm/CTDATA-FILES/OLDPARAM/
 Info: # COSMOtherm parameter file ./BP_TZVP_C30_1701.ctd for BP-TZVP optimized COSMO files                                                                  

 Reading COSMOtherm license key license.txt from directory /home/comp3/software/COSMOlogic/COSMOthermX19/licensefiles/

 COSMOtherm license key expiration date 04/26/2025
 COSMOtherm license key version 21
 Customer : 200000000032966
 ID       : LKO1978637

 License keys:
  product                   |    licensed version    | status
 ------------------------------------------------------------------------------ 
  COSMOtherm                |          21            | active
  TURBOMOLE                 |          21            | active
 ------------------------------------------------------------------------------ 
 
 Note: Vapor pressure / property file could not be found for compound 1
 Reading COSMO information for compound 1 conformer 1 from file /home/comp3/Desktop/Nastya/DES/cosmo/MGJKQDOBUOMPEZ-UHFFFAOYSA-N.cosmo
 Note: Gas phase energy file could not be found for compound 1 conformer 1
 Note: converting Gaussian COSMO-file information of compound 1 conformer 1
 
 Note: Vapor pressure / property file could not be found for compound 2
 Reading COSMO information for compound 2 conformer 1 from file /home/comp3/Desktop/Nastya/DES/cosmo/HWCKGOZZJDHMNC-UHFFFAOYSA-M.cosmo
 Note: Gas phase energy file could not be found for compound 2 conformer 1
 Note: converting Gaussian COSMO-file information of compound 2 conformer 1


 --- Compound 1 (MGJKQDOBUOMPEZ-UHFFFAOYSA-N) ---

 Compound Information for compound 1 conformer 1 (COSMO file /home/comp3/Desktop/Nastya/DES/cosmo/MGJKQDOBUOMPEZ-UHFFFAOYSA-N.cosmo)
 Atomic weights         : 11111111111111
 E_COSMO+dE             :    -190771.3818 kcal/mol
 E_gas                  :    -190760.1332 kcal/mol
 E_COSMO-E_gas+dE       :        -11.2486 kcal/mol
 E_diel                 :        -15.4280 kcal/mol
 Averaging corr dE      :          0.5934 kcal/mol
 Area                   :        131.5352 A^2
 Volume                 :        116.6579 A^3
 Molecular Weight       :         88.1088 a.m.u.
 Total COSMO charge     :         -0.0018 a.u.
 Dipole moment (t,x,y,z):          5.8092 -0.003948 -5.809169 -0.008690 Debye                            
 Sigma moments (1-6)    :          0.0000  8.94E+01  3.67E+01  1.85E+02  1.30E+02  4.79E+02              
 H-bond moment (accept) :          6.8407
 H-bond moment (donor)  :          2.7386
 
 WARNING: QM computation level of compound 1 conformer 1 could not be determined - it may differ from the QM level of the parameter set.
 No gas phase energy for compound 1 conformer 1 specified, thus it will be estimated


 --- Compound 2 (HWCKGOZZJDHMNC-UHFFFAOYSA-M) ---

 Compound Information for compound 2 conformer 1 (COSMO file /home/comp3/Desktop/Nastya/DES/cosmo/HWCKGOZZJDHMNC-UHFFFAOYSA-M.cosmo)
 Atomic weights         : 111111111111111111111111111111
 E_COSMO+dE             :   -1848780.5017 kcal/mol
 E_gas                  :   -1848752.6625 kcal/mol
 E_COSMO-E_gas+dE       :        -27.8392 kcal/mol
 E_diel                 :        -40.5118 kcal/mol
 Averaging corr dE      :          0.5191 kcal/mol
 Area                   :        217.9637 A^2
 Volume                 :        246.3720 A^3
 Molecular Weight       :        210.1560 a.m.u.
 Total COSMO charge     :          0.0093 a.u.
 Dipole moment (t,x,y,z):         18.4992  1.84E+01  1.453623 -0.300269 Debye                            
 Sigma moments (1-6)    :          0.0000  1.54E+02  1.41E+02  2.94E+02  4.16E+02  7.08E+02              
 H-bond moment (accept) :         15.8609
 H-bond moment (donor)  :          0.0002
 
 WARNING: QM computation level of compound 2 conformer 1 could not be determined - it may differ from the QM level of the parameter set.
 No gas phase energy for compound 2 conformer 1 specified, thus it will be estimated


 Total number of processed compounds:    2


----------------
 START job     1
----------------

 --------------------------------------------------------------------------------
 Computation of activity coefficients gamma at infinite dilution in compound    1
 --------------------------------------------------------------------------------



 Results for mixture 1
 ---------------------
 Temperature          :    298.150 K
 Compound Nr.         :         1         2
 Compound             : MGJKQDOBU HWCKGOZZJ
 Mole Fraction        :    1.0000    0.0000

 Compound: 1  (MGJKQDOBUOMPEZ-UHFFFAOYSA-N)
 Chemical potential of the compound in the mixture :        -1.71972 kcal/mol
 Log10(partial pressure [mbar])                    :        -1.93175
 Free energy of molecule in mix (E_COSMO+dE+Mu)    :   -190773.10152 kcal/mol
 Total mean interaction energy in the mix (H_int)  :        -7.55357 kcal/mol
 Misfit interaction energy in the mix (H_MF)       :         2.27847 kcal/mol
 H-Bond interaction energy in the mix (H_HB)       :        -3.85524 kcal/mol
 VdW interaction energy in the mix (H_vdW)         :        -5.97680 kcal/mol




 Results for mixture 2
 ---------------------
 Temperature          :    298.150 K
 Compound Nr.         :         1         2
 Compound             : MGJKQDOBU HWCKGOZZJ
 Mole Fraction        :    0.0000    1.0000

 Compound: 2  (HWCKGOZZJDHMNC-UHFFFAOYSA-M)
 Chemical potential of the compound in the mixture :         1.96333 kcal/mol
 Log10(partial pressure [mbar])                    :       -11.39309
 Free energy of molecule in mix (E_COSMO+dE+Mu)    :  -1848778.53838 kcal/mol
 Total mean interaction energy in the mix (H_int)  :        -3.29208 kcal/mol
 Misfit interaction energy in the mix (H_MF)       :         9.08820 kcal/mol
 H-Bond interaction energy in the mix (H_HB)       :        -0.65603 kcal/mol
 VdW interaction energy in the mix (H_vdW)         :       -11.72425 kcal/mol




 Results for mixture 3
 ---------------------
 Temperature          :    298.150 K
 Compound Nr.         :         1         2
 Compound             : MGJKQDOBU HWCKGOZZJ
 Mole Fraction        :    1.0000    0.0000

 Compound: 1  (MGJKQDOBUOMPEZ-UHFFFAOYSA-N)
 Chemical potential of the compound in the mixture :        -1.71972 kcal/mol
 Log10(partial pressure [mbar])                    :        -1.93175
 Free energy of molecule in mix (E_COSMO+dE+Mu)    :   -190773.10152 kcal/mol
 Total mean interaction energy in the mix (H_int)  :        -7.55357 kcal/mol
 Misfit interaction energy in the mix (H_MF)       :         2.27847 kcal/mol
 H-Bond interaction energy in the mix (H_HB)       :        -3.85524 kcal/mol
 VdW interaction energy in the mix (H_vdW)         :        -5.97680 kcal/mol
 Ln(Activity coefficient)                          :         0.00000

 Compound: 2  (HWCKGOZZJDHMNC-UHFFFAOYSA-M)
 Chemical potential of the compound in the mixture :         0.45501 kcal/mol
 Log10(partial pressure [mbar])                    :       -12.49870
 Free energy of molecule in mix (E_COSMO+dE+Mu)    :  -1848780.04670 kcal/mol
 Total mean interaction energy in the mix (H_int)  :       -10.27409 kcal/mol
 Misfit interaction energy in the mix (H_MF)       :         5.07995 kcal/mol
 H-Bond interaction energy in the mix (H_HB)       :        -4.69717 kcal/mol
 VdW interaction energy in the mix (H_vdW)         :       -10.65687 kcal/mol
 Ln(Activity coefficient)                          :        -2.54576


----------------
 END job       1
----------------
----------------
 START job     2
----------------

 --------------------------------------------------------------------------------
 Computation of activity coefficients gamma at infinite dilution in compound    2
 --------------------------------------------------------------------------------



 Results for mixture 4
 ---------------------
 Temperature          :    298.150 K
 Compound Nr.         :         1         2
 Compound             : MGJKQDOBU HWCKGOZZJ
 Mole Fraction        :    1.0000    0.0000

 Compound: 1  (MGJKQDOBUOMPEZ-UHFFFAOYSA-N)
 Chemical potential of the compound in the mixture :        -1.71972 kcal/mol
 Log10(partial pressure [mbar])                    :        -1.93175
 Free energy of molecule in mix (E_COSMO+dE+Mu)    :   -190773.10152 kcal/mol
 Total mean interaction energy in the mix (H_int)  :        -7.55357 kcal/mol
 Misfit interaction energy in the mix (H_MF)       :         2.27847 kcal/mol
 H-Bond interaction energy in the mix (H_HB)       :        -3.85524 kcal/mol
 VdW interaction energy in the mix (H_vdW)         :        -5.97680 kcal/mol




 Results for mixture 5
 ---------------------
 Temperature          :    298.150 K
 Compound Nr.         :         1         2
 Compound             : MGJKQDOBU HWCKGOZZJ
 Mole Fraction        :    0.0000    1.0000

 Compound: 2  (HWCKGOZZJDHMNC-UHFFFAOYSA-M)
 Chemical potential of the compound in the mixture :         1.96333 kcal/mol
 Log10(partial pressure [mbar])                    :       -11.39309
 Free energy of molecule in mix (E_COSMO+dE+Mu)    :  -1848778.53838 kcal/mol
 Total mean interaction energy in the mix (H_int)  :        -3.29208 kcal/mol
 Misfit interaction energy in the mix (H_MF)       :         9.08820 kcal/mol
 H-Bond interaction energy in the mix (H_HB)       :        -0.65603 kcal/mol
 VdW interaction energy in the mix (H_vdW)         :       -11.72425 kcal/mol




 Results for mixture 6
 ---------------------
 Temperature          :    298.150 K
 Compound Nr.         :         1         2
 Compound             : MGJKQDOBU HWCKGOZZJ
 Mole Fraction        :    0.0000    1.0000

 Compound: 1  (MGJKQDOBUOMPEZ-UHFFFAOYSA-N)
 Chemical potential of the compound in the mixture :        -2.35387 kcal/mol
 Log10(partial pressure [mbar])                    :        -2.39658
 Free energy of molecule in mix (E_COSMO+dE+Mu)    :   -190773.73566 kcal/mol
 Total mean interaction energy in the mix (H_int)  :        -5.05480 kcal/mol
 Misfit interaction energy in the mix (H_MF)       :         3.58364 kcal/mol
 H-Bond interaction energy in the mix (H_HB)       :        -2.22119 kcal/mol
 VdW interaction energy in the mix (H_vdW)         :        -6.41725 kcal/mol
 Ln(Activity coefficient)                          :        -1.07031

 Compound: 2  (HWCKGOZZJDHMNC-UHFFFAOYSA-M)
 Chemical potential of the compound in the mixture :         1.96333 kcal/mol
 Log10(partial pressure [mbar])                    :       -11.39309
 Free energy of molecule in mix (E_COSMO+dE+Mu)    :  -1848778.53838 kcal/mol
 Total mean interaction energy in the mix (H_int)  :        -3.29208 kcal/mol
 Misfit interaction energy in the mix (H_MF)       :         9.08820 kcal/mol
 H-Bond interaction energy in the mix (H_HB)       :        -0.65603 kcal/mol
 VdW interaction energy in the mix (H_vdW)         :       -11.72425 kcal/mol
 Ln(Activity coefficient)                          :         0.00000


----------------
 END job       2
----------------
