 -----------------------------------------------------------
 BIOVIA COSMOtherm Version 2019 (build: 19.0.5 [65f0de1d5f])
 -----------------------------------------------------------

 Copyright (C) 1999-2019, Dassault Systemes BIOVIA corp, all rights reserved

 Job name   : !! generated by COSMOthermX !!
 Job date   : 09/16/2022
 Job time   : 14:08:23
 Hostname   : unknown
 OS type    : unknown
 Executable : Linux 64-bit

 Reading COSMOtherm parameter file BP_TZVP_C30_1701.ctd from directory /home/comp3/software/COSMOlogic/COSMOthermX19/COSMOtherm/CTDATA-FILES/OLDPARAM/
 Info: # COSMOtherm parameter file ./BP_TZVP_C30_1701.ctd for BP-TZVP optimized COSMO files                                                                  

 Reading COSMOtherm license key license.txt from directory /home/comp3/software/COSMOlogic/COSMOthermX19/licensefiles/

 COSMOtherm license key expiration date 04/26/2025
 COSMOtherm license key version 21
 Customer : 200000000032966
 ID       : LKO1978637

 License keys:
  product                   |    licensed version    | status
 ------------------------------------------------------------------------------ 
  COSMOtherm                |          21            | active
  TURBOMOLE                 |          21            | active
 ------------------------------------------------------------------------------ 
 
 Note: Vapor pressure / property file could not be found for compound 1
 Reading COSMO information for compound 1 conformer 1 from file /home/comp3/Desktop/Nastya/DES/cosmo/MGJKQDOBUOMPEZ-UHFFFAOYSA-N.cosmo
 Note: Gas phase energy file could not be found for compound 1 conformer 1
 Note: converting Gaussian COSMO-file information of compound 1 conformer 1
 
 Reading vapor pressure and property information for compound 2 from file /home/comp3/Desktop/Nastya/DES/cosmo/SGMZJAMFUVOLNK-UHFFFAOYSA-M.vap
 Reading COSMO information for compound 2 conformer 1 from file /home/comp3/Desktop/Nastya/DES/cosmo/SGMZJAMFUVOLNK-UHFFFAOYSA-M.cosmo
 Note: Gas phase energy file could not be found for compound 2 conformer 1
 Note: converting Gaussian COSMO-file information of compound 2 conformer 1


 --- Compound 1 (MGJKQDOBUOMPEZ-UHFFFAOYSA-N) ---

 Compound Information for compound 1 conformer 1 (COSMO file /home/comp3/Desktop/Nastya/DES/cosmo/MGJKQDOBUOMPEZ-UHFFFAOYSA-N.cosmo)
 Atomic weights         : 11111111111111
 E_COSMO+dE             :    -190771.3818 kcal/mol
 E_gas                  :    -190760.1332 kcal/mol
 E_COSMO-E_gas+dE       :        -11.2486 kcal/mol
 E_diel                 :        -15.4280 kcal/mol
 Averaging corr dE      :          0.5934 kcal/mol
 Area                   :        131.5352 A^2
 Volume                 :        116.6579 A^3
 Molecular Weight       :         88.1088 a.m.u.
 Total COSMO charge     :         -0.0018 a.u.
 Dipole moment (t,x,y,z):          5.8092 -0.003948 -5.809169 -0.008690 Debye                            
 Sigma moments (1-6)    :          0.0000  8.94E+01  3.67E+01  1.85E+02  1.30E+02  4.79E+02              
 H-bond moment (accept) :          6.8407
 H-bond moment (donor)  :          2.7386
 
 WARNING: QM computation level of compound 1 conformer 1 could not be determined - it may differ from the QM level of the parameter set.
 No gas phase energy for compound 1 conformer 1 specified, thus it will be estimated


 --- Compound 2 (SGMZJAMFUVOLNK-UHFFFAOYSA-M) ---

 Compound Information for compound 2 conformer 1 (COSMO file /home/comp3/Desktop/Nastya/DES/cosmo/SGMZJAMFUVOLNK-UHFFFAOYSA-M.cosmo)
 Atomic weights         : 1111111111111111111111
 E_COSMO+dE             :    -495311.0092 kcal/mol
 E_gas                  :    -495280.9240 kcal/mol
 E_COSMO-E_gas+dE       :        -30.0852 kcal/mol
 E_diel                 :        -43.9005 kcal/mol
 Averaging corr dE      :          0.6451 kcal/mol
 Area                   :        177.0496 A^2
 Volume                 :        188.1524 A^3
 Molecular Weight       :        139.6245 a.m.u.
 Total COSMO charge     :          0.0093 a.u.
 Dipole moment (t,x,y,z):         18.3247 -1.83E+01  0.122140 -1.618568 Debye                            
 Sigma moments (1-6)    :          0.0000  1.72E+02  1.20E+02  3.11E+02  3.77E+02  7.14E+02              
 H-bond moment (accept) :         15.0395
 H-bond moment (donor)  :          0.2290
 
 WARNING: QM computation level of compound 2 conformer 1 could not be determined - it may differ from the QM level of the parameter set.
 No gas phase energy for compound 2 conformer 1 specified, thus it will be estimated


 Total number of processed compounds:    2


----------------
 START job     1
----------------

 --------------------------------------------------------------------------------
 Computation of activity coefficients gamma at infinite dilution in compound    1
 --------------------------------------------------------------------------------



 Results for mixture 1
 ---------------------
 Temperature          :    298.150 K
 Compound Nr.         :         1         2
 Compound             : MGJKQDOBU SGMZJAMFU
 Mole Fraction        :    1.0000    0.0000

 Compound: 1  (MGJKQDOBUOMPEZ-UHFFFAOYSA-N)
 Chemical potential of the compound in the mixture :        -1.71972 kcal/mol
 Log10(partial pressure [mbar])                    :        -1.93175
 Free energy of molecule in mix (E_COSMO+dE+Mu)    :   -190773.10152 kcal/mol
 Total mean interaction energy in the mix (H_int)  :        -7.55357 kcal/mol
 Misfit interaction energy in the mix (H_MF)       :         2.27847 kcal/mol
 H-Bond interaction energy in the mix (H_HB)       :        -3.85524 kcal/mol
 VdW interaction energy in the mix (H_vdW)         :        -5.97680 kcal/mol




 Results for mixture 2
 ---------------------
 Temperature          :    298.150 K
 Compound Nr.         :         1         2
 Compound             : MGJKQDOBU SGMZJAMFU
 Mole Fraction        :    0.0000    1.0000

 Compound: 2  (SGMZJAMFUVOLNK-UHFFFAOYSA-M)
 Chemical potential of the compound in the mixture :         1.80745 kcal/mol
 Log10(partial pressure [mbar])                    :       -13.15367
 Free energy of molecule in mix (E_COSMO+dE+Mu)    :   -495309.20179 kcal/mol
 Total mean interaction energy in the mix (H_int)  :        -4.76377 kcal/mol
 Misfit interaction energy in the mix (H_MF)       :         6.76689 kcal/mol
 H-Bond interaction energy in the mix (H_HB)       :        -2.52734 kcal/mol
 VdW interaction energy in the mix (H_vdW)         :        -9.00332 kcal/mol




 Results for mixture 3
 ---------------------
 Temperature          :    298.150 K
 Compound Nr.         :         1         2
 Compound             : MGJKQDOBU SGMZJAMFU
 Mole Fraction        :    1.0000    0.0000

 Compound: 1  (MGJKQDOBUOMPEZ-UHFFFAOYSA-N)
 Chemical potential of the compound in the mixture :        -1.71972 kcal/mol
 Log10(partial pressure [mbar])                    :        -1.93175
 Free energy of molecule in mix (E_COSMO+dE+Mu)    :   -190773.10152 kcal/mol
 Total mean interaction energy in the mix (H_int)  :        -7.55357 kcal/mol
 Misfit interaction energy in the mix (H_MF)       :         2.27847 kcal/mol
 H-Bond interaction energy in the mix (H_HB)       :        -3.85524 kcal/mol
 VdW interaction energy in the mix (H_vdW)         :        -5.97680 kcal/mol
 Ln(Activity coefficient)                          :         0.00000

 Compound: 2  (SGMZJAMFUVOLNK-UHFFFAOYSA-M)
 Chemical potential of the compound in the mixture :         1.68654 kcal/mol
 Log10(partial pressure [mbar])                    :       -13.24229
 Free energy of molecule in mix (E_COSMO+dE+Mu)    :   -495309.32269 kcal/mol
 Total mean interaction energy in the mix (H_int)  :        -9.18215 kcal/mol
 Misfit interaction energy in the mix (H_MF)       :         4.50852 kcal/mol
 H-Bond interaction energy in the mix (H_HB)       :        -5.25505 kcal/mol
 VdW interaction energy in the mix (H_vdW)         :        -8.43562 kcal/mol
 Ln(Activity coefficient)                          :        -0.20406


----------------
 END job       1
----------------
----------------
 START job     2
----------------

 --------------------------------------------------------------------------------
 Computation of activity coefficients gamma at infinite dilution in compound    2
 --------------------------------------------------------------------------------



 Results for mixture 4
 ---------------------
 Temperature          :    298.150 K
 Compound Nr.         :         1         2
 Compound             : MGJKQDOBU SGMZJAMFU
 Mole Fraction        :    1.0000    0.0000

 Compound: 1  (MGJKQDOBUOMPEZ-UHFFFAOYSA-N)
 Chemical potential of the compound in the mixture :        -1.71972 kcal/mol
 Log10(partial pressure [mbar])                    :        -1.93175
 Free energy of molecule in mix (E_COSMO+dE+Mu)    :   -190773.10152 kcal/mol
 Total mean interaction energy in the mix (H_int)  :        -7.55357 kcal/mol
 Misfit interaction energy in the mix (H_MF)       :         2.27847 kcal/mol
 H-Bond interaction energy in the mix (H_HB)       :        -3.85524 kcal/mol
 VdW interaction energy in the mix (H_vdW)         :        -5.97680 kcal/mol




 Results for mixture 5
 ---------------------
 Temperature          :    298.150 K
 Compound Nr.         :         1         2
 Compound             : MGJKQDOBU SGMZJAMFU
 Mole Fraction        :    0.0000    1.0000

 Compound: 2  (SGMZJAMFUVOLNK-UHFFFAOYSA-M)
 Chemical potential of the compound in the mixture :         1.80745 kcal/mol
 Log10(partial pressure [mbar])                    :       -13.15367
 Free energy of molecule in mix (E_COSMO+dE+Mu)    :   -495309.20179 kcal/mol
 Total mean interaction energy in the mix (H_int)  :        -4.76377 kcal/mol
 Misfit interaction energy in the mix (H_MF)       :         6.76689 kcal/mol
 H-Bond interaction energy in the mix (H_HB)       :        -2.52734 kcal/mol
 VdW interaction energy in the mix (H_vdW)         :        -9.00332 kcal/mol




 Results for mixture 6
 ---------------------
 Temperature          :    298.150 K
 Compound Nr.         :         1         2
 Compound             : MGJKQDOBU SGMZJAMFU
 Mole Fraction        :    0.0000    1.0000

 Compound: 1  (MGJKQDOBUOMPEZ-UHFFFAOYSA-N)
 Chemical potential of the compound in the mixture :        -2.13186 kcal/mol
 Log10(partial pressure [mbar])                    :        -2.23385
 Free energy of molecule in mix (E_COSMO+dE+Mu)    :   -190773.51365 kcal/mol
 Total mean interaction energy in the mix (H_int)  :        -4.95668 kcal/mol
 Misfit interaction energy in the mix (H_MF)       :         3.87559 kcal/mol
 H-Bond interaction energy in the mix (H_HB)       :        -2.50221 kcal/mol
 VdW interaction energy in the mix (H_vdW)         :        -6.33005 kcal/mol
 Ln(Activity coefficient)                          :        -0.69560

 Compound: 2  (SGMZJAMFUVOLNK-UHFFFAOYSA-M)
 Chemical potential of the compound in the mixture :         1.80745 kcal/mol
 Log10(partial pressure [mbar])                    :       -13.15367
 Free energy of molecule in mix (E_COSMO+dE+Mu)    :   -495309.20179 kcal/mol
 Total mean interaction energy in the mix (H_int)  :        -4.76377 kcal/mol
 Misfit interaction energy in the mix (H_MF)       :         6.76689 kcal/mol
 H-Bond interaction energy in the mix (H_HB)       :        -2.52734 kcal/mol
 VdW interaction energy in the mix (H_vdW)         :        -9.00332 kcal/mol
 Ln(Activity coefficient)                          :         0.00000


----------------
 END job       2
----------------
