 -----------------------------------------------------------
 BIOVIA COSMOtherm Version 2019 (build: 19.0.5 [65f0de1d5f])
 -----------------------------------------------------------

 Copyright (C) 1999-2019, Dassault Systemes BIOVIA corp, all rights reserved

 Job name   : !! generated by COSMOthermX !!
 Job date   : 09/16/2022
 Job time   : 14:10:22
 Hostname   : unknown
 OS type    : unknown
 Executable : Linux 64-bit

 Reading COSMOtherm parameter file BP_TZVP_C30_1701.ctd from directory /home/comp3/software/COSMOlogic/COSMOthermX19/COSMOtherm/CTDATA-FILES/OLDPARAM/
 Info: # COSMOtherm parameter file ./BP_TZVP_C30_1701.ctd for BP-TZVP optimized COSMO files                                                                  

 Reading COSMOtherm license key license.txt from directory /home/comp3/software/COSMOlogic/COSMOthermX19/licensefiles/

 COSMOtherm license key expiration date 04/26/2025
 COSMOtherm license key version 21
 Customer : 200000000032966
 ID       : LKO1978637

 License keys:
  product                   |    licensed version    | status
 ------------------------------------------------------------------------------ 
  COSMOtherm                |          21            | active
  TURBOMOLE                 |          21            | active
 ------------------------------------------------------------------------------ 
 
 Note: Vapor pressure / property file could not be found for compound 1
 Reading COSMO information for compound 1 conformer 1 from file /home/comp3/Desktop/Nastya/DES/cosmo/MGSRCZKZVOBKFT-UHFFFAOYSA-N.cosmo
 Note: Gas phase energy file could not be found for compound 1 conformer 1
 Note: converting Gaussian COSMO-file information of compound 1 conformer 1
 
 Reading vapor pressure and property information for compound 2 from file /home/comp3/Desktop/Nastya/DES/cosmo/KWIUHFFTVRNATP-UHFFFAOYSA-N.vap
 Reading COSMO information for compound 2 conformer 1 from file /home/comp3/Desktop/Nastya/DES/cosmo/KWIUHFFTVRNATP-UHFFFAOYSA-N.cosmo
 Note: Gas phase energy file could not be found for compound 2 conformer 1
 Note: converting Gaussian COSMO-file information of compound 2 conformer 1


 --- Compound 1 (MGSRCZKZVOBKFT-UHFFFAOYSA-N) ---

 Compound Information for compound 1 conformer 1 (COSMO file /home/comp3/Desktop/Nastya/DES/cosmo/MGSRCZKZVOBKFT-UHFFFAOYSA-N.cosmo)
 Atomic weights         : 1111111111111111111111111
 E_COSMO+dE             :    -291719.1309 kcal/mol
 E_gas                  :    -291713.3117 kcal/mol
 E_COSMO-E_gas+dE       :         -5.8192 kcal/mol
 E_diel                 :         -7.6961 kcal/mol
 Averaging corr dE      :          0.5105 kcal/mol
 Area                   :        201.8830 A^2
 Volume                 :        208.9508 A^3
 Molecular Weight       :        150.2185 a.m.u.
 Total COSMO charge     :         -0.0033 a.u.
 Dipole moment (t,x,y,z):          1.8596  1.664018  0.828380  0.055557 Debye                            
 Sigma moments (1-6)    :          0.0000  5.76E+01 -1.68E+01  7.54E+01 -6.93E+01  1.75E+02              
 H-bond moment (accept) :          0.3685
 H-bond moment (donor)  :          2.7955
 
 WARNING: QM computation level of compound 1 conformer 1 could not be determined - it may differ from the QM level of the parameter set.
 No gas phase energy for compound 1 conformer 1 specified, thus it will be estimated


 --- Compound 2 (KWIUHFFTVRNATP-UHFFFAOYSA-N) ---

 Compound Information for compound 2 conformer 1 (COSMO file /home/comp3/Desktop/Nastya/DES/cosmo/KWIUHFFTVRNATP-UHFFFAOYSA-N.cosmo)
 Atomic weights         : 1111111111111111111
 E_COSMO+dE             :    -252580.8433 kcal/mol
 E_gas                  :    -252553.4740 kcal/mol
 E_COSMO-E_gas+dE       :        -27.3693 kcal/mol
 E_diel                 :        -40.1242 kcal/mol
 Averaging corr dE      :          0.7176 kcal/mol
 Area                   :        154.0612 A^2
 Volume                 :        155.3798 A^3
 Molecular Weight       :        117.1469 a.m.u.
 Total COSMO charge     :          0.0039 a.u.
 Dipole moment (t,x,y,z):         15.1887  1.51E+01 -1.715292  0.002027 Debye                            
 Sigma moments (1-6)    :          0.0000  1.69E+02  1.64E+02  4.27E+02  6.97E+02  1.45E+03              
 H-bond moment (accept) :         19.6211
 H-bond moment (donor)  :          0.1747
 
 WARNING: QM computation level of compound 2 conformer 1 could not be determined - it may differ from the QM level of the parameter set.
 No gas phase energy for compound 2 conformer 1 specified, thus it will be estimated


 Total number of processed compounds:    2


----------------
 START job     1
----------------

 --------------------------------------------------------------------------------
 Computation of activity coefficients gamma at infinite dilution in compound    1
 --------------------------------------------------------------------------------



 Results for mixture 1
 ---------------------
 Temperature          :    298.150 K
 Compound Nr.         :         1         2
 Compound             : MGSRCZKZV KWIUHFFTV
 Mole Fraction        :    1.0000    0.0000

 Compound: 1  (MGSRCZKZVOBKFT-UHFFFAOYSA-N)
 Chemical potential of the compound in the mixture :        -4.58375 kcal/mol
 Log10(partial pressure [mbar])                    :        -0.88222
 Free energy of molecule in mix (E_COSMO+dE+Mu)    :   -291723.71463 kcal/mol
 Total mean interaction energy in the mix (H_int)  :        -8.24480 kcal/mol
 Misfit interaction energy in the mix (H_MF)       :         2.52081 kcal/mol
 H-Bond interaction energy in the mix (H_HB)       :        -1.06366 kcal/mol
 VdW interaction energy in the mix (H_vdW)         :        -9.70195 kcal/mol




 Results for mixture 2
 ---------------------
 Temperature          :    298.150 K
 Compound Nr.         :         1         2
 Compound             : MGSRCZKZV KWIUHFFTV
 Mole Fraction        :    0.0000    1.0000

 Compound: 2  (KWIUHFFTVRNATP-UHFFFAOYSA-N)
 Chemical potential of the compound in the mixture :         3.52939 kcal/mol
 Log10(partial pressure [mbar])                    :        -9.90070
 Free energy of molecule in mix (E_COSMO+dE+Mu)    :   -252577.31389 kcal/mol
 Total mean interaction energy in the mix (H_int)  :        -2.27473 kcal/mol
 Misfit interaction energy in the mix (H_MF)       :         7.65703 kcal/mol
 H-Bond interaction energy in the mix (H_HB)       :        -3.05325 kcal/mol
 VdW interaction energy in the mix (H_vdW)         :        -6.87851 kcal/mol




 Results for mixture 3
 ---------------------
 Temperature          :    298.150 K
 Compound Nr.         :         1         2
 Compound             : MGSRCZKZV KWIUHFFTV
 Mole Fraction        :    1.0000    0.0000

 Compound: 1  (MGSRCZKZVOBKFT-UHFFFAOYSA-N)
 Chemical potential of the compound in the mixture :        -4.58375 kcal/mol
 Log10(partial pressure [mbar])                    :        -0.88222
 Free energy of molecule in mix (E_COSMO+dE+Mu)    :   -291723.71463 kcal/mol
 Total mean interaction energy in the mix (H_int)  :        -8.24480 kcal/mol
 Misfit interaction energy in the mix (H_MF)       :         2.52081 kcal/mol
 H-Bond interaction energy in the mix (H_HB)       :        -1.06366 kcal/mol
 VdW interaction energy in the mix (H_vdW)         :        -9.70195 kcal/mol
 Ln(Activity coefficient)                          :         0.00000

 Compound: 2  (KWIUHFFTVRNATP-UHFFFAOYSA-N)
 Chemical potential of the compound in the mixture :        -9.59616 kcal/mol
 Log10(partial pressure [mbar])                    :       -19.52180
 Free energy of molecule in mix (E_COSMO+dE+Mu)    :   -252590.43944 kcal/mol
 Total mean interaction energy in the mix (H_int)  :       -27.69538 kcal/mol
 Misfit interaction energy in the mix (H_MF)       :         2.50659 kcal/mol
 H-Bond interaction energy in the mix (H_HB)       :       -23.13707 kcal/mol
 VdW interaction energy in the mix (H_vdW)         :        -7.06490 kcal/mol
 Ln(Activity coefficient)                          :       -22.15340


----------------
 END job       1
----------------
----------------
 START job     2
----------------

 --------------------------------------------------------------------------------
 Computation of activity coefficients gamma at infinite dilution in compound    2
 --------------------------------------------------------------------------------



 Results for mixture 4
 ---------------------
 Temperature          :    298.150 K
 Compound Nr.         :         1         2
 Compound             : MGSRCZKZV KWIUHFFTV
 Mole Fraction        :    1.0000    0.0000

 Compound: 1  (MGSRCZKZVOBKFT-UHFFFAOYSA-N)
 Chemical potential of the compound in the mixture :        -4.58375 kcal/mol
 Log10(partial pressure [mbar])                    :        -0.88222
 Free energy of molecule in mix (E_COSMO+dE+Mu)    :   -291723.71463 kcal/mol
 Total mean interaction energy in the mix (H_int)  :        -8.24480 kcal/mol
 Misfit interaction energy in the mix (H_MF)       :         2.52081 kcal/mol
 H-Bond interaction energy in the mix (H_HB)       :        -1.06366 kcal/mol
 VdW interaction energy in the mix (H_vdW)         :        -9.70195 kcal/mol




 Results for mixture 5
 ---------------------
 Temperature          :    298.150 K
 Compound Nr.         :         1         2
 Compound             : MGSRCZKZV KWIUHFFTV
 Mole Fraction        :    0.0000    1.0000

 Compound: 2  (KWIUHFFTVRNATP-UHFFFAOYSA-N)
 Chemical potential of the compound in the mixture :         3.52939 kcal/mol
 Log10(partial pressure [mbar])                    :        -9.90070
 Free energy of molecule in mix (E_COSMO+dE+Mu)    :   -252577.31389 kcal/mol
 Total mean interaction energy in the mix (H_int)  :        -2.27473 kcal/mol
 Misfit interaction energy in the mix (H_MF)       :         7.65703 kcal/mol
 H-Bond interaction energy in the mix (H_HB)       :        -3.05325 kcal/mol
 VdW interaction energy in the mix (H_vdW)         :        -6.87851 kcal/mol




 Results for mixture 6
 ---------------------
 Temperature          :    298.150 K
 Compound Nr.         :         1         2
 Compound             : MGSRCZKZV KWIUHFFTV
 Mole Fraction        :    0.0000    1.0000

 Compound: 1  (MGSRCZKZVOBKFT-UHFFFAOYSA-N)
 Chemical potential of the compound in the mixture :        -8.55563 kcal/mol
 Log10(partial pressure [mbar])                    :        -3.79363
 Free energy of molecule in mix (E_COSMO+dE+Mu)    :   -291727.68651 kcal/mol
 Total mean interaction energy in the mix (H_int)  :        -9.75287 kcal/mol
 Misfit interaction energy in the mix (H_MF)       :         5.04579 kcal/mol
 H-Bond interaction energy in the mix (H_HB)       :        -5.05357 kcal/mol
 VdW interaction energy in the mix (H_vdW)         :        -9.74508 kcal/mol
 Ln(Activity coefficient)                          :        -6.70377

 Compound: 2  (KWIUHFFTVRNATP-UHFFFAOYSA-N)
 Chemical potential of the compound in the mixture :         3.52939 kcal/mol
 Log10(partial pressure [mbar])                    :        -9.90070
 Free energy of molecule in mix (E_COSMO+dE+Mu)    :   -252577.31389 kcal/mol
 Total mean interaction energy in the mix (H_int)  :        -2.27473 kcal/mol
 Misfit interaction energy in the mix (H_MF)       :         7.65703 kcal/mol
 H-Bond interaction energy in the mix (H_HB)       :        -3.05325 kcal/mol
 VdW interaction energy in the mix (H_vdW)         :        -6.87851 kcal/mol
 Ln(Activity coefficient)                          :         0.00000


----------------
 END job       2
----------------
