 -----------------------------------------------------------
 BIOVIA COSMOtherm Version 2019 (build: 19.0.5 [65f0de1d5f])
 -----------------------------------------------------------

 Copyright (C) 1999-2019, Dassault Systemes BIOVIA corp, all rights reserved

 Job name   : !! generated by COSMOthermX !!
 Job date   : 09/16/2022
 Job time   : 14:10:22
 Hostname   : unknown
 OS type    : unknown
 Executable : Linux 64-bit

 Reading COSMOtherm parameter file BP_TZVP_C30_1701.ctd from directory /home/comp3/software/COSMOlogic/COSMOthermX19/COSMOtherm/CTDATA-FILES/OLDPARAM/
 Info: # COSMOtherm parameter file ./BP_TZVP_C30_1701.ctd for BP-TZVP optimized COSMO files                                                                  

 Reading COSMOtherm license key license.txt from directory /home/comp3/software/COSMOlogic/COSMOthermX19/licensefiles/

 COSMOtherm license key expiration date 04/26/2025
 COSMOtherm license key version 21
 Customer : 200000000032966
 ID       : LKO1978637

 License keys:
  product                   |    licensed version    | status
 ------------------------------------------------------------------------------ 
  COSMOtherm                |          21            | active
  TURBOMOLE                 |          21            | active
 ------------------------------------------------------------------------------ 
 
 Note: Vapor pressure / property file could not be found for compound 1
 Reading COSMO information for compound 1 conformer 1 from file /home/comp3/Desktop/Nastya/DES/cosmo/MGSRCZKZVOBKFT-UHFFFAOYSA-N.cosmo
 Note: Gas phase energy file could not be found for compound 1 conformer 1
 Note: converting Gaussian COSMO-file information of compound 1 conformer 1
 
 Reading vapor pressure and property information for compound 2 from file /home/comp3/Desktop/Nastya/DES/cosmo/DSSYKIVIOFKYAU-UHFFFAOYSA-N.vap
 Reading COSMO information for compound 2 conformer 1 from file /home/comp3/Desktop/Nastya/DES/cosmo/DSSYKIVIOFKYAU-UHFFFAOYSA-N.cosmo
 Note: Gas phase energy file could not be found for compound 2 conformer 1
 Note: converting Gaussian COSMO-file information of compound 2 conformer 1


 --- Compound 1 (MGSRCZKZVOBKFT-UHFFFAOYSA-N) ---

 Compound Information for compound 1 conformer 1 (COSMO file /home/comp3/Desktop/Nastya/DES/cosmo/MGSRCZKZVOBKFT-UHFFFAOYSA-N.cosmo)
 Atomic weights         : 1111111111111111111111111
 E_COSMO+dE             :    -291719.1309 kcal/mol
 E_gas                  :    -291713.3117 kcal/mol
 E_COSMO-E_gas+dE       :         -5.8192 kcal/mol
 E_diel                 :         -7.6961 kcal/mol
 Averaging corr dE      :          0.5105 kcal/mol
 Area                   :        201.8830 A^2
 Volume                 :        208.9508 A^3
 Molecular Weight       :        150.2185 a.m.u.
 Total COSMO charge     :         -0.0033 a.u.
 Dipole moment (t,x,y,z):          1.8596  1.664018  0.828380  0.055557 Debye                            
 Sigma moments (1-6)    :          0.0000  5.76E+01 -1.68E+01  7.54E+01 -6.93E+01  1.75E+02              
 H-bond moment (accept) :          0.3685
 H-bond moment (donor)  :          2.7955
 
 WARNING: QM computation level of compound 1 conformer 1 could not be determined - it may differ from the QM level of the parameter set.
 No gas phase energy for compound 1 conformer 1 specified, thus it will be estimated


 --- Compound 2 (DSSYKIVIOFKYAU-UHFFFAOYSA-N) ---

 Compound Information for compound 2 conformer 1 (COSMO file /home/comp3/Desktop/Nastya/DES/cosmo/DSSYKIVIOFKYAU-UHFFFAOYSA-N.cosmo)
 Atomic weights         : 111111111111111111111111111
 E_COSMO+dE             :    -292468.2210 kcal/mol
 E_gas                  :    -292462.3002 kcal/mol
 E_COSMO-E_gas+dE       :         -5.9208 kcal/mol
 E_diel                 :         -7.5606 kcal/mol
 Averaging corr dE      :          0.3048 kcal/mol
 Area                   :        185.4171 A^2
 Volume                 :        208.3361 A^3
 Molecular Weight       :        152.2344 a.m.u.
 Total COSMO charge     :         -0.0021 a.u.
 Dipole moment (t,x,y,z):          4.6881  4.462372  1.420391  0.218991 Debye                            
 Sigma moments (1-6)    :          0.0000  4.44E+01  3.50E+01  5.62E+01  7.29E+01  1.05E+02              
 H-bond moment (accept) :          2.4224
 H-bond moment (donor)  :          0.0000
 
 WARNING: QM computation level of compound 2 conformer 1 could not be determined - it may differ from the QM level of the parameter set.
 No gas phase energy for compound 2 conformer 1 specified, thus it will be estimated


 Total number of processed compounds:    2


----------------
 START job     1
----------------

 --------------------------------------------------------------------------------
 Computation of activity coefficients gamma at infinite dilution in compound    1
 --------------------------------------------------------------------------------



 Results for mixture 1
 ---------------------
 Temperature          :    298.150 K
 Compound Nr.         :         1         2
 Compound             : MGSRCZKZV DSSYKIVIO
 Mole Fraction        :    1.0000    0.0000

 Compound: 1  (MGSRCZKZVOBKFT-UHFFFAOYSA-N)
 Chemical potential of the compound in the mixture :        -4.58375 kcal/mol
 Log10(partial pressure [mbar])                    :        -0.88222
 Free energy of molecule in mix (E_COSMO+dE+Mu)    :   -291723.71463 kcal/mol
 Total mean interaction energy in the mix (H_int)  :        -8.24480 kcal/mol
 Misfit interaction energy in the mix (H_MF)       :         2.52081 kcal/mol
 H-Bond interaction energy in the mix (H_HB)       :        -1.06366 kcal/mol
 VdW interaction energy in the mix (H_vdW)         :        -9.70195 kcal/mol




 Results for mixture 2
 ---------------------
 Temperature          :    298.150 K
 Compound Nr.         :         1         2
 Compound             : MGSRCZKZV DSSYKIVIO
 Mole Fraction        :    0.0000    1.0000

 Compound: 2  (DSSYKIVIOFKYAU-UHFFFAOYSA-N)
 Chemical potential of the compound in the mixture :        -3.85183 kcal/mol
 Log10(partial pressure [mbar])                    :        -0.55866
 Free energy of molecule in mix (E_COSMO+dE+Mu)    :   -292472.07279 kcal/mol
 Total mean interaction energy in the mix (H_int)  :        -5.91321 kcal/mol
 Misfit interaction energy in the mix (H_MF)       :         2.92016 kcal/mol
 H-Bond interaction energy in the mix (H_HB)       :         0.00000 kcal/mol
 VdW interaction energy in the mix (H_vdW)         :        -8.83337 kcal/mol




 Results for mixture 3
 ---------------------
 Temperature          :    298.150 K
 Compound Nr.         :         1         2
 Compound             : MGSRCZKZV DSSYKIVIO
 Mole Fraction        :    1.0000    0.0000

 Compound: 1  (MGSRCZKZVOBKFT-UHFFFAOYSA-N)
 Chemical potential of the compound in the mixture :        -4.58375 kcal/mol
 Log10(partial pressure [mbar])                    :        -0.88222
 Free energy of molecule in mix (E_COSMO+dE+Mu)    :   -291723.71463 kcal/mol
 Total mean interaction energy in the mix (H_int)  :        -8.24480 kcal/mol
 Misfit interaction energy in the mix (H_MF)       :         2.52081 kcal/mol
 H-Bond interaction energy in the mix (H_HB)       :        -1.06366 kcal/mol
 VdW interaction energy in the mix (H_vdW)         :        -9.70195 kcal/mol
 Ln(Activity coefficient)                          :         0.00000

 Compound: 2  (DSSYKIVIOFKYAU-UHFFFAOYSA-N)
 Chemical potential of the compound in the mixture :        -6.10113 kcal/mol
 Log10(partial pressure [mbar])                    :        -2.20740
 Free energy of molecule in mix (E_COSMO+dE+Mu)    :   -292474.32208 kcal/mol
 Total mean interaction energy in the mix (H_int)  :       -10.90847 kcal/mol
 Misfit interaction energy in the mix (H_MF)       :         1.76310 kcal/mol
 H-Bond interaction energy in the mix (H_HB)       :        -3.81979 kcal/mol
 VdW interaction energy in the mix (H_vdW)         :        -8.85179 kcal/mol
 Ln(Activity coefficient)                          :        -3.79638


----------------
 END job       1
----------------
----------------
 START job     2
----------------

 --------------------------------------------------------------------------------
 Computation of activity coefficients gamma at infinite dilution in compound    2
 --------------------------------------------------------------------------------



 Results for mixture 4
 ---------------------
 Temperature          :    298.150 K
 Compound Nr.         :         1         2
 Compound             : MGSRCZKZV DSSYKIVIO
 Mole Fraction        :    1.0000    0.0000

 Compound: 1  (MGSRCZKZVOBKFT-UHFFFAOYSA-N)
 Chemical potential of the compound in the mixture :        -4.58375 kcal/mol
 Log10(partial pressure [mbar])                    :        -0.88222
 Free energy of molecule in mix (E_COSMO+dE+Mu)    :   -291723.71463 kcal/mol
 Total mean interaction energy in the mix (H_int)  :        -8.24480 kcal/mol
 Misfit interaction energy in the mix (H_MF)       :         2.52081 kcal/mol
 H-Bond interaction energy in the mix (H_HB)       :        -1.06366 kcal/mol
 VdW interaction energy in the mix (H_vdW)         :        -9.70195 kcal/mol




 Results for mixture 5
 ---------------------
 Temperature          :    298.150 K
 Compound Nr.         :         1         2
 Compound             : MGSRCZKZV DSSYKIVIO
 Mole Fraction        :    0.0000    1.0000

 Compound: 2  (DSSYKIVIOFKYAU-UHFFFAOYSA-N)
 Chemical potential of the compound in the mixture :        -3.85183 kcal/mol
 Log10(partial pressure [mbar])                    :        -0.55866
 Free energy of molecule in mix (E_COSMO+dE+Mu)    :   -292472.07279 kcal/mol
 Total mean interaction energy in the mix (H_int)  :        -5.91321 kcal/mol
 Misfit interaction energy in the mix (H_MF)       :         2.92016 kcal/mol
 H-Bond interaction energy in the mix (H_HB)       :         0.00000 kcal/mol
 VdW interaction energy in the mix (H_vdW)         :        -8.83337 kcal/mol




 Results for mixture 6
 ---------------------
 Temperature          :    298.150 K
 Compound Nr.         :         1         2
 Compound             : MGSRCZKZV DSSYKIVIO
 Mole Fraction        :    0.0000    1.0000

 Compound: 1  (MGSRCZKZVOBKFT-UHFFFAOYSA-N)
 Chemical potential of the compound in the mixture :        -6.30203 kcal/mol
 Log10(partial pressure [mbar])                    :        -2.14173
 Free energy of molecule in mix (E_COSMO+dE+Mu)    :   -291725.43291 kcal/mol
 Total mean interaction energy in the mix (H_int)  :        -9.63320 kcal/mol
 Misfit interaction energy in the mix (H_MF)       :         2.33022 kcal/mol
 H-Bond interaction energy in the mix (H_HB)       :        -2.38617 kcal/mol
 VdW interaction energy in the mix (H_vdW)         :        -9.57726 kcal/mol
 Ln(Activity coefficient)                          :        -2.90012

 Compound: 2  (DSSYKIVIOFKYAU-UHFFFAOYSA-N)
 Chemical potential of the compound in the mixture :        -3.85183 kcal/mol
 Log10(partial pressure [mbar])                    :        -0.55866
 Free energy of molecule in mix (E_COSMO+dE+Mu)    :   -292472.07279 kcal/mol
 Total mean interaction energy in the mix (H_int)  :        -5.91321 kcal/mol
 Misfit interaction energy in the mix (H_MF)       :         2.92016 kcal/mol
 H-Bond interaction energy in the mix (H_HB)       :         0.00000 kcal/mol
 VdW interaction energy in the mix (H_vdW)         :        -8.83337 kcal/mol
 Ln(Activity coefficient)                          :         0.00000


----------------
 END job       2
----------------
