 -----------------------------------------------------------
 BIOVIA COSMOtherm Version 2019 (build: 19.0.5 [65f0de1d5f])
 -----------------------------------------------------------

 Copyright (C) 1999-2019, Dassault Systemes BIOVIA corp, all rights reserved

 Job name   : !! generated by COSMOthermX !!
 Job date   : 09/16/2022
 Job time   : 14:08:23
 Hostname   : unknown
 OS type    : unknown
 Executable : Linux 64-bit

 Reading COSMOtherm parameter file BP_TZVP_C30_1701.ctd from directory /home/comp3/software/COSMOlogic/COSMOthermX19/COSMOtherm/CTDATA-FILES/OLDPARAM/
 Info: # COSMOtherm parameter file ./BP_TZVP_C30_1701.ctd for BP-TZVP optimized COSMO files                                                                  

 Reading COSMOtherm license key license.txt from directory /home/comp3/software/COSMOlogic/COSMOthermX19/licensefiles/

 COSMOtherm license key expiration date 04/26/2025
 COSMOtherm license key version 21
 Customer : 200000000032966
 ID       : LKO1978637

 License keys:
  product                   |    licensed version    | status
 ------------------------------------------------------------------------------ 
  COSMOtherm                |          21            | active
  TURBOMOLE                 |          21            | active
 ------------------------------------------------------------------------------ 
 
 Note: Vapor pressure / property file could not be found for compound 1
 Reading COSMO information for compound 1 conformer 1 from file /home/comp3/Desktop/Nastya/DES/cosmo/NRKYWOKHZRQRJR-UHFFFAOYSA-N.cosmo
 Note: Gas phase energy file could not be found for compound 1 conformer 1
 Note: converting Gaussian COSMO-file information of compound 1 conformer 1
 
 Note: Vapor pressure / property file could not be found for compound 2
 Reading COSMO information for compound 2 conformer 1 from file /home/comp3/Desktop/Nastya/DES/cosmo/XWBDWHCCBGMXKG-UHFFFAOYSA-N.cosmo
 Note: Gas phase energy file could not be found for compound 2 conformer 1
 Note: converting Gaussian COSMO-file information of compound 2 conformer 1


 --- Compound 1 (NRKYWOKHZRQRJR-UHFFFAOYSA-N) ---

 Compound Information for compound 1 conformer 1 (COSMO file /home/comp3/Desktop/Nastya/DES/cosmo/NRKYWOKHZRQRJR-UHFFFAOYSA-N.cosmo)
 Atomic weights         : 111111111
 E_COSMO+dE             :    -318246.7997 kcal/mol
 E_gas                  :    -318237.6743 kcal/mol
 E_COSMO-E_gas+dE       :         -9.1253 kcal/mol
 E_diel                 :        -12.1209 kcal/mol
 Averaging corr dE      :          0.4629 kcal/mol
 Area                   :        114.6277 A^2
 Volume                 :        102.0687 A^3
 Molecular Weight       :        113.0388 a.m.u.
 Total COSMO charge     :          0.0078 a.u.
 Dipole moment (t,x,y,z):          5.4306  2.159966 -4.982542 -0.000957 Debye                            
 Sigma moments (1-6)    :          0.0000  7.07E+01 -3.41E+01  1.39E+02 -1.22E+02  3.40E+02              
 H-bond moment (accept) :          1.2557
 H-bond moment (donor)  :          5.1992
 
 WARNING: QM computation level of compound 1 conformer 1 could not be determined - it may differ from the QM level of the parameter set.
 No gas phase energy for compound 1 conformer 1 specified, thus it will be estimated


 --- Compound 2 (XWBDWHCCBGMXKG-UHFFFAOYSA-N) ---

 Compound Information for compound 2 conformer 1 (COSMO file /home/comp3/Desktop/Nastya/DES/cosmo/XWBDWHCCBGMXKG-UHFFFAOYSA-N.cosmo)
 Atomic weights         : 111111111111
 E_COSMO+dE             :    -374084.7020 kcal/mol
 E_gas                  :    -374059.1166 kcal/mol
 E_COSMO-E_gas+dE       :        -25.5854 kcal/mol
 E_diel                 :        -37.5197 kcal/mol
 Averaging corr dE      :          0.6784 kcal/mol
 Area                   :        129.7835 A^2
 Volume                 :        112.8892 A^3
 Molecular Weight       :         81.5451 a.m.u.
 Total COSMO charge     :          0.0061 a.u.
 Dipole moment (t,x,y,z):         12.8252  1.24E+01  3.338884 -0.010872 Debye                            
 Sigma moments (1-6)    :          0.0000  1.72E+02  2.96E+01  4.01E+02  3.89E+01  1.04E+03              
 H-bond moment (accept) :         12.8081
 H-bond moment (donor)  :          8.4381
 
 WARNING: QM computation level of compound 2 conformer 1 could not be determined - it may differ from the QM level of the parameter set.
 No gas phase energy for compound 2 conformer 1 specified, thus it will be estimated


 Total number of processed compounds:    2


----------------
 START job     1
----------------

 --------------------------------------------------------------------------------
 Computation of activity coefficients gamma at infinite dilution in compound    1
 --------------------------------------------------------------------------------



 Results for mixture 1
 ---------------------
 Temperature          :    298.150 K
 Compound Nr.         :         1         2
 Compound             : NRKYWOKHZ XWBDWHCCB
 Mole Fraction        :    1.0000    0.0000

 Compound: 1  (NRKYWOKHZRQRJR-UHFFFAOYSA-N)
 Chemical potential of the compound in the mixture :        -0.78527 kcal/mol
 Log10(partial pressure [mbar])                    :         0.30957
 Free energy of molecule in mix (E_COSMO+dE+Mu)    :   -318247.58492 kcal/mol
 Total mean interaction energy in the mix (H_int)  :        -4.39532 kcal/mol
 Misfit interaction energy in the mix (H_MF)       :         1.90117 kcal/mol
 H-Bond interaction energy in the mix (H_HB)       :        -2.04687 kcal/mol
 VdW interaction energy in the mix (H_vdW)         :        -4.24961 kcal/mol




 Results for mixture 2
 ---------------------
 Temperature          :    298.150 K
 Compound Nr.         :         1         2
 Compound             : NRKYWOKHZ XWBDWHCCB
 Mole Fraction        :    0.0000    1.0000

 Compound: 2  (XWBDWHCCBGMXKG-UHFFFAOYSA-N)
 Chemical potential of the compound in the mixture :        -1.39152 kcal/mol
 Log10(partial pressure [mbar])                    :       -12.20012
 Free energy of molecule in mix (E_COSMO+dE+Mu)    :   -374086.09349 kcal/mol
 Total mean interaction energy in the mix (H_int)  :       -11.70122 kcal/mol
 Misfit interaction energy in the mix (H_MF)       :         3.34943 kcal/mol
 H-Bond interaction energy in the mix (H_HB)       :        -8.11089 kcal/mol
 VdW interaction energy in the mix (H_vdW)         :        -6.93976 kcal/mol




 Results for mixture 3
 ---------------------
 Temperature          :    298.150 K
 Compound Nr.         :         1         2
 Compound             : NRKYWOKHZ XWBDWHCCB
 Mole Fraction        :    1.0000    0.0000

 Compound: 1  (NRKYWOKHZRQRJR-UHFFFAOYSA-N)
 Chemical potential of the compound in the mixture :        -0.78527 kcal/mol
 Log10(partial pressure [mbar])                    :         0.30957
 Free energy of molecule in mix (E_COSMO+dE+Mu)    :   -318247.58492 kcal/mol
 Total mean interaction energy in the mix (H_int)  :        -4.39532 kcal/mol
 Misfit interaction energy in the mix (H_MF)       :         1.90117 kcal/mol
 H-Bond interaction energy in the mix (H_HB)       :        -2.04687 kcal/mol
 VdW interaction energy in the mix (H_vdW)         :        -4.24961 kcal/mol
 Ln(Activity coefficient)                          :         0.00000

 Compound: 2  (XWBDWHCCBGMXKG-UHFFFAOYSA-N)
 Chemical potential of the compound in the mixture :        -2.30442 kcal/mol
 Log10(partial pressure [mbar])                    :       -12.86928
 Free energy of molecule in mix (E_COSMO+dE+Mu)    :   -374087.00639 kcal/mol
 Total mean interaction energy in the mix (H_int)  :       -12.82445 kcal/mol
 Misfit interaction energy in the mix (H_MF)       :         2.03408 kcal/mol
 H-Bond interaction energy in the mix (H_HB)       :        -9.20591 kcal/mol
 VdW interaction energy in the mix (H_vdW)         :        -5.65262 kcal/mol
 Ln(Activity coefficient)                          :        -1.54080


----------------
 END job       1
----------------
----------------
 START job     2
----------------

 --------------------------------------------------------------------------------
 Computation of activity coefficients gamma at infinite dilution in compound    2
 --------------------------------------------------------------------------------



 Results for mixture 4
 ---------------------
 Temperature          :    298.150 K
 Compound Nr.         :         1         2
 Compound             : NRKYWOKHZ XWBDWHCCB
 Mole Fraction        :    1.0000    0.0000

 Compound: 1  (NRKYWOKHZRQRJR-UHFFFAOYSA-N)
 Chemical potential of the compound in the mixture :        -0.78527 kcal/mol
 Log10(partial pressure [mbar])                    :         0.30957
 Free energy of molecule in mix (E_COSMO+dE+Mu)    :   -318247.58492 kcal/mol
 Total mean interaction energy in the mix (H_int)  :        -4.39532 kcal/mol
 Misfit interaction energy in the mix (H_MF)       :         1.90117 kcal/mol
 H-Bond interaction energy in the mix (H_HB)       :        -2.04687 kcal/mol
 VdW interaction energy in the mix (H_vdW)         :        -4.24961 kcal/mol




 Results for mixture 5
 ---------------------
 Temperature          :    298.150 K
 Compound Nr.         :         1         2
 Compound             : NRKYWOKHZ XWBDWHCCB
 Mole Fraction        :    0.0000    1.0000

 Compound: 2  (XWBDWHCCBGMXKG-UHFFFAOYSA-N)
 Chemical potential of the compound in the mixture :        -1.39152 kcal/mol
 Log10(partial pressure [mbar])                    :       -12.20012
 Free energy of molecule in mix (E_COSMO+dE+Mu)    :   -374086.09349 kcal/mol
 Total mean interaction energy in the mix (H_int)  :       -11.70122 kcal/mol
 Misfit interaction energy in the mix (H_MF)       :         3.34943 kcal/mol
 H-Bond interaction energy in the mix (H_HB)       :        -8.11089 kcal/mol
 VdW interaction energy in the mix (H_vdW)         :        -6.93976 kcal/mol




 Results for mixture 6
 ---------------------
 Temperature          :    298.150 K
 Compound Nr.         :         1         2
 Compound             : NRKYWOKHZ XWBDWHCCB
 Mole Fraction        :    0.0000    1.0000

 Compound: 1  (NRKYWOKHZRQRJR-UHFFFAOYSA-N)
 Chemical potential of the compound in the mixture :        -1.32088 kcal/mol
 Log10(partial pressure [mbar])                    :        -0.08303
 Free energy of molecule in mix (E_COSMO+dE+Mu)    :   -318248.12053 kcal/mol
 Total mean interaction energy in the mix (H_int)  :        -5.83729 kcal/mol
 Misfit interaction energy in the mix (H_MF)       :         1.91965 kcal/mol
 H-Bond interaction energy in the mix (H_HB)       :        -2.99984 kcal/mol
 VdW interaction energy in the mix (H_vdW)         :        -4.75710 kcal/mol
 Ln(Activity coefficient)                          :        -0.90400

 Compound: 2  (XWBDWHCCBGMXKG-UHFFFAOYSA-N)
 Chemical potential of the compound in the mixture :        -1.39152 kcal/mol
 Log10(partial pressure [mbar])                    :       -12.20012
 Free energy of molecule in mix (E_COSMO+dE+Mu)    :   -374086.09349 kcal/mol
 Total mean interaction energy in the mix (H_int)  :       -11.70122 kcal/mol
 Misfit interaction energy in the mix (H_MF)       :         3.34943 kcal/mol
 H-Bond interaction energy in the mix (H_HB)       :        -8.11089 kcal/mol
 VdW interaction energy in the mix (H_vdW)         :        -6.93976 kcal/mol
 Ln(Activity coefficient)                          :         0.00000


----------------
 END job       2
----------------
