 -----------------------------------------------------------
 BIOVIA COSMOtherm Version 2019 (build: 19.0.5 [65f0de1d5f])
 -----------------------------------------------------------

 Copyright (C) 1999-2019, Dassault Systemes BIOVIA corp, all rights reserved

 Job name   : !! generated by COSMOthermX !!
 Job date   : 09/16/2022
 Job time   : 14:09:02
 Hostname   : unknown
 OS type    : unknown
 Executable : Linux 64-bit

 Reading COSMOtherm parameter file BP_TZVP_C30_1701.ctd from directory /home/comp3/software/COSMOlogic/COSMOthermX19/COSMOtherm/CTDATA-FILES/OLDPARAM/
 Info: # COSMOtherm parameter file ./BP_TZVP_C30_1701.ctd for BP-TZVP optimized COSMO files                                                                  

 Reading COSMOtherm license key license.txt from directory /home/comp3/software/COSMOlogic/COSMOthermX19/licensefiles/

 COSMOtherm license key expiration date 04/26/2025
 COSMOtherm license key version 21
 Customer : 200000000032966
 ID       : LKO1978637

 License keys:
  product                   |    licensed version    | status
 ------------------------------------------------------------------------------ 
  COSMOtherm                |          21            | active
  TURBOMOLE                 |          21            | active
 ------------------------------------------------------------------------------ 
 
 Reading vapor pressure and property information for compound 1 from file /home/comp3/Desktop/Nastya/DES/cosmo/PEDCQBHIVMGVHV-UHFFFAOYSA-N.vap
 Reading COSMO information for compound 1 conformer 1 from file /home/comp3/Desktop/Nastya/DES/cosmo/PEDCQBHIVMGVHV-UHFFFAOYSA-N.cosmo
 Note: Gas phase energy file could not be found for compound 1 conformer 1
 Note: converting Gaussian COSMO-file information of compound 1 conformer 1
 
 Note: Vapor pressure / property file could not be found for compound 2
 Reading COSMO information for compound 2 conformer 1 from file /home/comp3/Desktop/Nastya/DES/cosmo/PHWBOXQYWZNQIN-UHFFFAOYSA-N.cosmo
 Note: Gas phase energy file could not be found for compound 2 conformer 1
 Note: converting Gaussian COSMO-file information of compound 2 conformer 1


 --- Compound 1 (PEDCQBHIVMGVHV-UHFFFAOYSA-N) ---

 Compound Information for compound 1 conformer 1 (COSMO file /home/comp3/Desktop/Nastya/DES/cosmo/PEDCQBHIVMGVHV-UHFFFAOYSA-N.cosmo)
 Atomic weights         : 11111111111111
 E_COSMO+dE             :    -216450.8175 kcal/mol
 E_gas                  :    -216438.7312 kcal/mol
 E_COSMO-E_gas+dE       :        -12.0862 kcal/mol
 E_diel                 :        -17.1657 kcal/mol
 Averaging corr dE      :          0.8777 kcal/mol
 Area                   :        126.6265 A^2
 Volume                 :        113.4743 A^3
 Molecular Weight       :         92.0942 a.m.u.
 Total COSMO charge     :         -0.0004 a.u.
 Dipole moment (t,x,y,z):          5.2353  1.707453 -4.401773  2.262224 Debye                            
 Sigma moments (1-6)    :          0.0000  1.18E+02  4.06E+01  2.45E+02  1.29E+02  6.19E+02              
 H-bond moment (accept) :          8.4909
 H-bond moment (donor)  :          4.1451
 
 WARNING: QM computation level of compound 1 conformer 1 could not be determined - it may differ from the QM level of the parameter set.
 No gas phase energy for compound 1 conformer 1 specified, thus it will be estimated


 --- Compound 2 (PHWBOXQYWZNQIN-UHFFFAOYSA-N) ---

 Compound Information for compound 2 conformer 1 (COSMO file /home/comp3/Desktop/Nastya/DES/cosmo/PHWBOXQYWZNQIN-UHFFFAOYSA-N.cosmo)
 Atomic weights         : 1111111111111111111111111111111
 E_COSMO+dE             :    -913236.4518 kcal/mol
 E_gas                  :    -913230.2494 kcal/mol
 E_COSMO-E_gas+dE       :         -6.2024 kcal/mol
 E_diel                 :         -8.2180 kcal/mol
 Averaging corr dE      :          0.5261 kcal/mol
 Area                   :        272.7290 A^2
 Volume                 :        309.8605 A^3
 Molecular Weight       :        263.7876 a.m.u.
 Total COSMO charge     :         -0.0054 a.u.
 Dipole moment (t,x,y,z):          3.5080 -1.375410  2.141870  2.413887 Debye                            
 Sigma moments (1-6)    :          0.0000  5.53E+01  3.605316  2.81E+01  1.20E+01  3.09E+01              
 H-bond moment (accept) :          0.4667
 H-bond moment (donor)  :          0.0000
 
 WARNING: QM computation level of compound 2 conformer 1 could not be determined - it may differ from the QM level of the parameter set.
 No gas phase energy for compound 2 conformer 1 specified, thus it will be estimated


 Total number of processed compounds:    2


----------------
 START job     1
----------------

 --------------------------------------------------------------------------------
 Computation of activity coefficients gamma at infinite dilution in compound    1
 --------------------------------------------------------------------------------



 Results for mixture 1
 ---------------------
 Temperature          :    298.150 K
 Compound Nr.         :         1         2
 Compound             : PEDCQBHIV PHWBOXQYW
 Mole Fraction        :    1.0000    0.0000

 Compound: 1  (PEDCQBHIVMGVHV-UHFFFAOYSA-N)
 Chemical potential of the compound in the mixture :        -3.11989 kcal/mol
 Log10(partial pressure [mbar])                    :        -3.57209
 Free energy of molecule in mix (E_COSMO+dE+Mu)    :   -216453.93735 kcal/mol
 Total mean interaction energy in the mix (H_int)  :       -13.94736 kcal/mol
 Misfit interaction energy in the mix (H_MF)       :         2.18034 kcal/mol
 H-Bond interaction energy in the mix (H_HB)       :       -10.94580 kcal/mol
 VdW interaction energy in the mix (H_vdW)         :        -5.18190 kcal/mol




 Results for mixture 2
 ---------------------
 Temperature          :    298.150 K
 Compound Nr.         :         1         2
 Compound             : PEDCQBHIV PHWBOXQYW
 Mole Fraction        :    0.0000    1.0000

 Compound: 2  (PHWBOXQYWZNQIN-UHFFFAOYSA-N)
 Chemical potential of the compound in the mixture :        -7.79535 kcal/mol
 Log10(partial pressure [mbar])                    :        -4.76354
 Free energy of molecule in mix (E_COSMO+dE+Mu)    :   -913244.24713 kcal/mol
 Total mean interaction energy in the mix (H_int)  :       -12.13199 kcal/mol
 Misfit interaction energy in the mix (H_MF)       :         2.86675 kcal/mol
 H-Bond interaction energy in the mix (H_HB)       :        -0.00467 kcal/mol
 VdW interaction energy in the mix (H_vdW)         :       -14.99408 kcal/mol




 Results for mixture 3
 ---------------------
 Temperature          :    298.150 K
 Compound Nr.         :         1         2
 Compound             : PEDCQBHIV PHWBOXQYW
 Mole Fraction        :    1.0000    0.0000

 Compound: 1  (PEDCQBHIVMGVHV-UHFFFAOYSA-N)
 Chemical potential of the compound in the mixture :        -3.11989 kcal/mol
 Log10(partial pressure [mbar])                    :        -3.57209
 Free energy of molecule in mix (E_COSMO+dE+Mu)    :   -216453.93735 kcal/mol
 Total mean interaction energy in the mix (H_int)  :       -13.94736 kcal/mol
 Misfit interaction energy in the mix (H_MF)       :         2.18034 kcal/mol
 H-Bond interaction energy in the mix (H_HB)       :       -10.94580 kcal/mol
 VdW interaction energy in the mix (H_vdW)         :        -5.18190 kcal/mol
 Ln(Activity coefficient)                          :         0.00000

 Compound: 2  (PHWBOXQYWZNQIN-UHFFFAOYSA-N)
 Chemical potential of the compound in the mixture :        -4.34651 kcal/mol
 Log10(partial pressure [mbar])                    :        -2.23551
 Free energy of molecule in mix (E_COSMO+dE+Mu)    :   -913240.79829 kcal/mol
 Total mean interaction energy in the mix (H_int)  :        -9.15618 kcal/mol
 Misfit interaction energy in the mix (H_MF)       :         4.25859 kcal/mol
 H-Bond interaction energy in the mix (H_HB)       :        -0.24066 kcal/mol
 VdW interaction energy in the mix (H_vdW)         :       -13.17411 kcal/mol
 Ln(Activity coefficient)                          :         5.82098


----------------
 END job       1
----------------
----------------
 START job     2
----------------

 --------------------------------------------------------------------------------
 Computation of activity coefficients gamma at infinite dilution in compound    2
 --------------------------------------------------------------------------------



 Results for mixture 4
 ---------------------
 Temperature          :    298.150 K
 Compound Nr.         :         1         2
 Compound             : PEDCQBHIV PHWBOXQYW
 Mole Fraction        :    1.0000    0.0000

 Compound: 1  (PEDCQBHIVMGVHV-UHFFFAOYSA-N)
 Chemical potential of the compound in the mixture :        -3.11989 kcal/mol
 Log10(partial pressure [mbar])                    :        -3.57209
 Free energy of molecule in mix (E_COSMO+dE+Mu)    :   -216453.93735 kcal/mol
 Total mean interaction energy in the mix (H_int)  :       -13.94736 kcal/mol
 Misfit interaction energy in the mix (H_MF)       :         2.18034 kcal/mol
 H-Bond interaction energy in the mix (H_HB)       :       -10.94580 kcal/mol
 VdW interaction energy in the mix (H_vdW)         :        -5.18190 kcal/mol




 Results for mixture 5
 ---------------------
 Temperature          :    298.150 K
 Compound Nr.         :         1         2
 Compound             : PEDCQBHIV PHWBOXQYW
 Mole Fraction        :    0.0000    1.0000

 Compound: 2  (PHWBOXQYWZNQIN-UHFFFAOYSA-N)
 Chemical potential of the compound in the mixture :        -7.79535 kcal/mol
 Log10(partial pressure [mbar])                    :        -4.76354
 Free energy of molecule in mix (E_COSMO+dE+Mu)    :   -913244.24713 kcal/mol
 Total mean interaction energy in the mix (H_int)  :       -12.13199 kcal/mol
 Misfit interaction energy in the mix (H_MF)       :         2.86675 kcal/mol
 H-Bond interaction energy in the mix (H_HB)       :        -0.00467 kcal/mol
 VdW interaction energy in the mix (H_vdW)         :       -14.99408 kcal/mol




 Results for mixture 6
 ---------------------
 Temperature          :    298.150 K
 Compound Nr.         :         1         2
 Compound             : PEDCQBHIV PHWBOXQYW
 Mole Fraction        :    0.0000    1.0000

 Compound: 1  (PEDCQBHIVMGVHV-UHFFFAOYSA-N)
 Chemical potential of the compound in the mixture :         1.59899 kcal/mol
 Log10(partial pressure [mbar])                    :        -0.11313
 Free energy of molecule in mix (E_COSMO+dE+Mu)    :   -216449.21847 kcal/mol
 Total mean interaction energy in the mix (H_int)  :        -5.07405 kcal/mol
 Misfit interaction energy in the mix (H_MF)       :         3.00893 kcal/mol
 H-Bond interaction energy in the mix (H_HB)       :        -2.11436 kcal/mol
 VdW interaction energy in the mix (H_vdW)         :        -5.96862 kcal/mol
 Ln(Activity coefficient)                          :         7.96456

 Compound: 2  (PHWBOXQYWZNQIN-UHFFFAOYSA-N)
 Chemical potential of the compound in the mixture :        -7.79535 kcal/mol
 Log10(partial pressure [mbar])                    :        -4.76354
 Free energy of molecule in mix (E_COSMO+dE+Mu)    :   -913244.24713 kcal/mol
 Total mean interaction energy in the mix (H_int)  :       -12.13199 kcal/mol
 Misfit interaction energy in the mix (H_MF)       :         2.86675 kcal/mol
 H-Bond interaction energy in the mix (H_HB)       :        -0.00467 kcal/mol
 VdW interaction energy in the mix (H_vdW)         :       -14.99408 kcal/mol
 Ln(Activity coefficient)                          :         0.00000


----------------
 END job       2
----------------
