 -----------------------------------------------------------
 BIOVIA COSMOtherm Version 2019 (build: 19.0.5 [65f0de1d5f])
 -----------------------------------------------------------

 Copyright (C) 1999-2019, Dassault Systemes BIOVIA corp, all rights reserved

 Job name   : !! generated by COSMOthermX !!
 Job date   : 09/16/2022
 Job time   : 14:09:13
 Hostname   : unknown
 OS type    : unknown
 Executable : Linux 64-bit

 Reading COSMOtherm parameter file BP_TZVP_C30_1701.ctd from directory /home/comp3/software/COSMOlogic/COSMOthermX19/COSMOtherm/CTDATA-FILES/OLDPARAM/
 Info: # COSMOtherm parameter file ./BP_TZVP_C30_1701.ctd for BP-TZVP optimized COSMO files                                                                  

 Reading COSMOtherm license key license.txt from directory /home/comp3/software/COSMOlogic/COSMOthermX19/licensefiles/

 COSMOtherm license key expiration date 04/26/2025
 COSMOtherm license key version 21
 Customer : 200000000032966
 ID       : LKO1978637

 License keys:
  product                   |    licensed version    | status
 ------------------------------------------------------------------------------ 
  COSMOtherm                |          21            | active
  TURBOMOLE                 |          21            | active
 ------------------------------------------------------------------------------ 
 
 Note: Vapor pressure / property file could not be found for compound 1
 Reading COSMO information for compound 1 conformer 1 from file /home/comp3/Desktop/Nastya/DES/cosmo/POULHZVOKOAJMA-UHFFFAOYSA-N.cosmo
 Note: Gas phase energy file could not be found for compound 1 conformer 1
 Note: converting Gaussian COSMO-file information of compound 1 conformer 1
 
 Note: Vapor pressure / property file could not be found for compound 2
 Reading COSMO information for compound 2 conformer 1 from file /home/comp3/Desktop/Nastya/DES/cosmo/FBEVECUEMUUFKM-UHFFFAOYSA-M.cosmo
 Note: Gas phase energy file could not be found for compound 2 conformer 1
 Note: converting Gaussian COSMO-file information of compound 2 conformer 1


 --- Compound 1 (POULHZVOKOAJMA-UHFFFAOYSA-N) ---

 Compound Information for compound 1 conformer 1 (COSMO file /home/comp3/Desktop/Nastya/DES/cosmo/POULHZVOKOAJMA-UHFFFAOYSA-N.cosmo)
 Atomic weights         : 11111111111111111111111111111111111111
 E_COSMO+dE             :    -390580.7254 kcal/mol
 E_gas                  :    -390574.0746 kcal/mol
 E_COSMO-E_gas+dE       :         -6.6509 kcal/mol
 E_diel                 :         -8.8835 kcal/mol
 Averaging corr dE      :          0.5805 kcal/mol
 Area                   :        290.8402 A^2
 Volume                 :        293.8848 A^3
 Molecular Weight       :        200.3189 a.m.u.
 Total COSMO charge     :         -0.0054 a.u.
 Dipole moment (t,x,y,z):          2.7845 -1.969186  0.295376 -1.946373 Debye                            
 Sigma moments (1-6)    :          0.0000  6.83E+01  4.984125  1.11E+02 -3.31E+01  2.64E+02              
 H-bond moment (accept) :          1.9325
 H-bond moment (donor)  :          3.0371
 
 WARNING: QM computation level of compound 1 conformer 1 could not be determined - it may differ from the QM level of the parameter set.
 No gas phase energy for compound 1 conformer 1 specified, thus it will be estimated


 --- Compound 2 (FBEVECUEMUUFKM-UHFFFAOYSA-M) ---

 Compound Information for compound 2 conformer 1 (COSMO file /home/comp3/Desktop/Nastya/DES/cosmo/FBEVECUEMUUFKM-UHFFFAOYSA-M.cosmo)
 Atomic weights         : 111111111111111111111111111111111111111111
 E_COSMO+dE             :    -620812.6747 kcal/mol
 E_gas                  :    -620785.1719 kcal/mol
 E_COSMO-E_gas+dE       :        -27.5028 kcal/mol
 E_diel                 :        -40.2405 kcal/mol
 Averaging corr dE      :          0.6655 kcal/mol
 Area                   :        280.8307 A^2
 Volume                 :        329.4602 A^3
 Molecular Weight       :        221.8118 a.m.u.
 Total COSMO charge     :          0.0099 a.u.
 Dipole moment (t,x,y,z):         17.8291 -1.73E+01  3.722837  2.435407 Debye                            
 Sigma moments (1-6)    :          0.0000  1.63E+02  1.84E+02  3.83E+02  6.32E+02  1.16E+03              
 H-bond moment (accept) :         20.5453
 H-bond moment (donor)  :          0.0005
 
 WARNING: QM computation level of compound 2 conformer 1 could not be determined - it may differ from the QM level of the parameter set.
 No gas phase energy for compound 2 conformer 1 specified, thus it will be estimated


 Total number of processed compounds:    2


----------------
 START job     1
----------------

 --------------------------------------------------------------------------------
 Computation of activity coefficients gamma at infinite dilution in compound    1
 --------------------------------------------------------------------------------



 Results for mixture 1
 ---------------------
 Temperature          :    298.150 K
 Compound Nr.         :         1         2
 Compound             : POULHZVOK FBEVECUEM
 Mole Fraction        :    1.0000    0.0000

 Compound: 1  (POULHZVOKOAJMA-UHFFFAOYSA-N)
 Chemical potential of the compound in the mixture :        -7.34806 kcal/mol
 Log10(partial pressure [mbar])                    :        -2.68723
 Free energy of molecule in mix (E_COSMO+dE+Mu)    :   -390588.07350 kcal/mol
 Total mean interaction energy in the mix (H_int)  :       -14.91888 kcal/mol
 Misfit interaction energy in the mix (H_MF)       :         2.37818 kcal/mol
 H-Bond interaction energy in the mix (H_HB)       :        -3.49299 kcal/mol
 VdW interaction energy in the mix (H_vdW)         :       -13.80406 kcal/mol




 Results for mixture 2
 ---------------------
 Temperature          :    298.150 K
 Compound Nr.         :         1         2
 Compound             : POULHZVOK FBEVECUEM
 Mole Fraction        :    0.0000    1.0000

 Compound: 2  (FBEVECUEMUUFKM-UHFFFAOYSA-M)
 Chemical potential of the compound in the mixture :         1.32470 kcal/mol
 Log10(partial pressure [mbar])                    :       -11.61461
 Free energy of molecule in mix (E_COSMO+dE+Mu)    :   -620811.34998 kcal/mol
 Total mean interaction energy in the mix (H_int)  :        -4.91794 kcal/mol
 Misfit interaction energy in the mix (H_MF)       :        10.24572 kcal/mol
 H-Bond interaction energy in the mix (H_HB)       :        -0.61337 kcal/mol
 VdW interaction energy in the mix (H_vdW)         :       -14.55029 kcal/mol




 Results for mixture 3
 ---------------------
 Temperature          :    298.150 K
 Compound Nr.         :         1         2
 Compound             : POULHZVOK FBEVECUEM
 Mole Fraction        :    1.0000    0.0000

 Compound: 1  (POULHZVOKOAJMA-UHFFFAOYSA-N)
 Chemical potential of the compound in the mixture :        -7.34806 kcal/mol
 Log10(partial pressure [mbar])                    :        -2.68723
 Free energy of molecule in mix (E_COSMO+dE+Mu)    :   -390588.07350 kcal/mol
 Total mean interaction energy in the mix (H_int)  :       -14.91888 kcal/mol
 Misfit interaction energy in the mix (H_MF)       :         2.37818 kcal/mol
 H-Bond interaction energy in the mix (H_HB)       :        -3.49299 kcal/mol
 VdW interaction energy in the mix (H_vdW)         :       -13.80406 kcal/mol
 Ln(Activity coefficient)                          :         0.00000

 Compound: 2  (FBEVECUEMUUFKM-UHFFFAOYSA-M)
 Chemical potential of the compound in the mixture :        -8.68323 kcal/mol
 Log10(partial pressure [mbar])                    :       -18.95047
 Free energy of molecule in mix (E_COSMO+dE+Mu)    :   -620821.35790 kcal/mol
 Total mean interaction energy in the mix (H_int)  :       -34.33894 kcal/mol
 Misfit interaction energy in the mix (H_MF)       :         3.08811 kcal/mol
 H-Bond interaction energy in the mix (H_HB)       :       -23.54315 kcal/mol
 VdW interaction energy in the mix (H_vdW)         :       -13.88390 kcal/mol
 Ln(Activity coefficient)                          :       -16.89145


----------------
 END job       1
----------------
----------------
 START job     2
----------------

 --------------------------------------------------------------------------------
 Computation of activity coefficients gamma at infinite dilution in compound    2
 --------------------------------------------------------------------------------



 Results for mixture 4
 ---------------------
 Temperature          :    298.150 K
 Compound Nr.         :         1         2
 Compound             : POULHZVOK FBEVECUEM
 Mole Fraction        :    1.0000    0.0000

 Compound: 1  (POULHZVOKOAJMA-UHFFFAOYSA-N)
 Chemical potential of the compound in the mixture :        -7.34806 kcal/mol
 Log10(partial pressure [mbar])                    :        -2.68723
 Free energy of molecule in mix (E_COSMO+dE+Mu)    :   -390588.07350 kcal/mol
 Total mean interaction energy in the mix (H_int)  :       -14.91888 kcal/mol
 Misfit interaction energy in the mix (H_MF)       :         2.37818 kcal/mol
 H-Bond interaction energy in the mix (H_HB)       :        -3.49299 kcal/mol
 VdW interaction energy in the mix (H_vdW)         :       -13.80406 kcal/mol




 Results for mixture 5
 ---------------------
 Temperature          :    298.150 K
 Compound Nr.         :         1         2
 Compound             : POULHZVOK FBEVECUEM
 Mole Fraction        :    0.0000    1.0000

 Compound: 2  (FBEVECUEMUUFKM-UHFFFAOYSA-M)
 Chemical potential of the compound in the mixture :         1.32470 kcal/mol
 Log10(partial pressure [mbar])                    :       -11.61461
 Free energy of molecule in mix (E_COSMO+dE+Mu)    :   -620811.34998 kcal/mol
 Total mean interaction energy in the mix (H_int)  :        -4.91794 kcal/mol
 Misfit interaction energy in the mix (H_MF)       :        10.24572 kcal/mol
 H-Bond interaction energy in the mix (H_HB)       :        -0.61337 kcal/mol
 VdW interaction energy in the mix (H_vdW)         :       -14.55029 kcal/mol




 Results for mixture 6
 ---------------------
 Temperature          :    298.150 K
 Compound Nr.         :         1         2
 Compound             : POULHZVOK FBEVECUEM
 Mole Fraction        :    0.0000    1.0000

 Compound: 1  (POULHZVOKOAJMA-UHFFFAOYSA-N)
 Chemical potential of the compound in the mixture :        -9.48615 kcal/mol
 Log10(partial pressure [mbar])                    :        -4.25446
 Free energy of molecule in mix (E_COSMO+dE+Mu)    :   -390590.21159 kcal/mol
 Total mean interaction energy in the mix (H_int)  :       -13.55759 kcal/mol
 Misfit interaction energy in the mix (H_MF)       :         5.00831 kcal/mol
 H-Bond interaction energy in the mix (H_HB)       :        -4.18879 kcal/mol
 VdW interaction energy in the mix (H_vdW)         :       -14.37711 kcal/mol
 Ln(Activity coefficient)                          :        -3.60869

 Compound: 2  (FBEVECUEMUUFKM-UHFFFAOYSA-M)
 Chemical potential of the compound in the mixture :         1.32470 kcal/mol
 Log10(partial pressure [mbar])                    :       -11.61461
 Free energy of molecule in mix (E_COSMO+dE+Mu)    :   -620811.34998 kcal/mol
 Total mean interaction energy in the mix (H_int)  :        -4.91794 kcal/mol
 Misfit interaction energy in the mix (H_MF)       :        10.24572 kcal/mol
 H-Bond interaction energy in the mix (H_HB)       :        -0.61337 kcal/mol
 VdW interaction energy in the mix (H_vdW)         :       -14.55029 kcal/mol
 Ln(Activity coefficient)                          :         0.00000


----------------
 END job       2
----------------
