 -----------------------------------------------------------
 BIOVIA COSMOtherm Version 2019 (build: 19.0.5 [65f0de1d5f])
 -----------------------------------------------------------

 Copyright (C) 1999-2019, Dassault Systemes BIOVIA corp, all rights reserved

 Job name   : !! generated by COSMOthermX !!
 Job date   : 09/16/2022
 Job time   : 14:10:06
 Hostname   : unknown
 OS type    : unknown
 Executable : Linux 64-bit

 Reading COSMOtherm parameter file BP_TZVP_C30_1701.ctd from directory /home/comp3/software/COSMOlogic/COSMOthermX19/COSMOtherm/CTDATA-FILES/OLDPARAM/
 Info: # COSMOtherm parameter file ./BP_TZVP_C30_1701.ctd for BP-TZVP optimized COSMO files                                                                  

 Reading COSMOtherm license key license.txt from directory /home/comp3/software/COSMOlogic/COSMOthermX19/licensefiles/

 COSMOtherm license key expiration date 04/26/2025
 COSMOtherm license key version 21
 Customer : 200000000032966
 ID       : LKO1978637

 License keys:
  product                   |    licensed version    | status
 ------------------------------------------------------------------------------ 
  COSMOtherm                |          21            | active
  TURBOMOLE                 |          21            | active
 ------------------------------------------------------------------------------ 
 
 Note: Vapor pressure / property file could not be found for compound 1
 Reading COSMO information for compound 1 conformer 1 from file /home/comp3/Desktop/Nastya/DES/cosmo/QIQXTHQIDYTFRH-UHFFFAOYSA-N.cosmo
 Note: Gas phase energy file could not be found for compound 1 conformer 1
 Note: converting Gaussian COSMO-file information of compound 1 conformer 1
 
 Reading vapor pressure and property information for compound 2 from file /home/comp3/Desktop/Nastya/DES/cosmo/YMBCJWGVCUEGHA-UHFFFAOYSA-M.vap
 Reading COSMO information for compound 2 conformer 1 from file /home/comp3/Desktop/Nastya/DES/cosmo/YMBCJWGVCUEGHA-UHFFFAOYSA-M.cosmo
 Note: Gas phase energy file could not be found for compound 2 conformer 1
 Note: converting Gaussian COSMO-file information of compound 2 conformer 1


 --- Compound 1 (QIQXTHQIDYTFRH-UHFFFAOYSA-N) ---

 Compound Information for compound 1 conformer 1 (COSMO file /home/comp3/Desktop/Nastya/DES/cosmo/QIQXTHQIDYTFRH-UHFFFAOYSA-N.cosmo)
 Atomic weights         : 11111111111111111111111111111111111111111111111111111111
 E_COSMO+dE             :    -538637.7292 kcal/mol
 E_gas                  :    -538630.8380 kcal/mol
 E_COSMO-E_gas+dE       :         -6.8912 kcal/mol
 E_diel                 :         -9.2965 kcal/mol
 Averaging corr dE      :          0.6492 kcal/mol
 Area                   :        410.2333 A^2
 Volume                 :        426.2253 A^3
 Molecular Weight       :        284.4790 a.m.u.
 Total COSMO charge     :         -0.0099 a.u.
 Dipole moment (t,x,y,z):          2.9838 -2.280195  0.215406 -1.912429 Debye                            
 Sigma moments (1-6)    :          0.0000  7.23E+01  5.427453  1.10E+02 -3.20E+01  2.60E+02              
 H-bond moment (accept) :          1.9241
 H-bond moment (donor)  :          3.0022
 
 WARNING: QM computation level of compound 1 conformer 1 could not be determined - it may differ from the QM level of the parameter set.
 No gas phase energy for compound 1 conformer 1 specified, thus it will be estimated


 --- Compound 2 (YMBCJWGVCUEGHA-UHFFFAOYSA-M) ---

 Compound Information for compound 2 conformer 1 (COSMO file /home/comp3/Desktop/Nastya/DES/cosmo/YMBCJWGVCUEGHA-UHFFFAOYSA-M.cosmo)
 Atomic weights         : 111111111111111111111111111111
 E_COSMO+dE             :    -522111.5798 kcal/mol
 E_gas                  :    -522083.2077 kcal/mol
 E_COSMO-E_gas+dE       :        -28.3722 kcal/mol
 E_diel                 :        -41.3383 kcal/mol
 Averaging corr dE      :          0.5647 kcal/mol
 Area                   :        214.3716 A^2
 Volume                 :        239.8706 A^3
 Molecular Weight       :        165.7051 a.m.u.
 Total COSMO charge     :          0.0087 a.u.
 Dipole moment (t,x,y,z):         17.7314 -1.75E+01 -2.879028 -0.143975 Debye                            
 Sigma moments (1-6)    :          0.0000  1.63E+02  1.72E+02  3.70E+02  5.87E+02  1.07E+03              
 H-bond moment (accept) :         19.8673
 H-bond moment (donor)  :          0.0001
 
 WARNING: QM computation level of compound 2 conformer 1 could not be determined - it may differ from the QM level of the parameter set.
 No gas phase energy for compound 2 conformer 1 specified, thus it will be estimated


 Total number of processed compounds:    2


----------------
 START job     1
----------------

 --------------------------------------------------------------------------------
 Computation of activity coefficients gamma at infinite dilution in compound    1
 --------------------------------------------------------------------------------



 Results for mixture 1
 ---------------------
 Temperature          :    298.150 K
 Compound Nr.         :         1         2
 Compound             : QIQXTHQID YMBCJWGVC
 Mole Fraction        :    1.0000    0.0000

 Compound: 1  (QIQXTHQIDYTFRH-UHFFFAOYSA-N)
 Chemical potential of the compound in the mixture :       -10.93514 kcal/mol
 Log10(partial pressure [mbar])                    :        -5.49271
 Free energy of molecule in mix (E_COSMO+dE+Mu)    :   -538648.66436 kcal/mol
 Total mean interaction energy in the mix (H_int)  :       -20.58847 kcal/mol
 Misfit interaction energy in the mix (H_MF)       :         2.63375 kcal/mol
 H-Bond interaction energy in the mix (H_HB)       :        -3.31594 kcal/mol
 VdW interaction energy in the mix (H_vdW)         :       -19.90628 kcal/mol




 Results for mixture 2
 ---------------------
 Temperature          :    298.150 K
 Compound Nr.         :         1         2
 Compound             : QIQXTHQID YMBCJWGVC
 Mole Fraction        :    0.0000    1.0000

 Compound: 2  (YMBCJWGVCUEGHA-UHFFFAOYSA-M)
 Chemical potential of the compound in the mixture :         3.10943 kcal/mol
 Log10(partial pressure [mbar])                    :       -10.94363
 Free energy of molecule in mix (E_COSMO+dE+Mu)    :   -522108.47041 kcal/mol
 Total mean interaction energy in the mix (H_int)  :        -2.09647 kcal/mol
 Misfit interaction energy in the mix (H_MF)       :         9.85595 kcal/mol
 H-Bond interaction energy in the mix (H_HB)       :        -0.73386 kcal/mol
 VdW interaction energy in the mix (H_vdW)         :       -11.21855 kcal/mol




 Results for mixture 3
 ---------------------
 Temperature          :    298.150 K
 Compound Nr.         :         1         2
 Compound             : QIQXTHQID YMBCJWGVC
 Mole Fraction        :    1.0000    0.0000

 Compound: 1  (QIQXTHQIDYTFRH-UHFFFAOYSA-N)
 Chemical potential of the compound in the mixture :       -10.93514 kcal/mol
 Log10(partial pressure [mbar])                    :        -5.49271
 Free energy of molecule in mix (E_COSMO+dE+Mu)    :   -538648.66436 kcal/mol
 Total mean interaction energy in the mix (H_int)  :       -20.58847 kcal/mol
 Misfit interaction energy in the mix (H_MF)       :         2.63375 kcal/mol
 H-Bond interaction energy in the mix (H_HB)       :        -3.31594 kcal/mol
 VdW interaction energy in the mix (H_vdW)         :       -19.90628 kcal/mol
 Ln(Activity coefficient)                          :         0.00000

 Compound: 2  (YMBCJWGVCUEGHA-UHFFFAOYSA-M)
 Chemical potential of the compound in the mixture :        -5.19762 kcal/mol
 Log10(partial pressure [mbar])                    :       -17.03275
 Free energy of molecule in mix (E_COSMO+dE+Mu)    :   -522116.77746 kcal/mol
 Total mean interaction energy in the mix (H_int)  :       -30.49012 kcal/mol
 Misfit interaction energy in the mix (H_MF)       :         2.95644 kcal/mol
 H-Bond interaction energy in the mix (H_HB)       :       -22.75288 kcal/mol
 VdW interaction energy in the mix (H_vdW)         :       -10.69368 kcal/mol
 Ln(Activity coefficient)                          :       -14.02071


----------------
 END job       1
----------------
----------------
 START job     2
----------------

 --------------------------------------------------------------------------------
 Computation of activity coefficients gamma at infinite dilution in compound    2
 --------------------------------------------------------------------------------



 Results for mixture 4
 ---------------------
 Temperature          :    298.150 K
 Compound Nr.         :         1         2
 Compound             : QIQXTHQID YMBCJWGVC
 Mole Fraction        :    1.0000    0.0000

 Compound: 1  (QIQXTHQIDYTFRH-UHFFFAOYSA-N)
 Chemical potential of the compound in the mixture :       -10.93514 kcal/mol
 Log10(partial pressure [mbar])                    :        -5.49271
 Free energy of molecule in mix (E_COSMO+dE+Mu)    :   -538648.66436 kcal/mol
 Total mean interaction energy in the mix (H_int)  :       -20.58847 kcal/mol
 Misfit interaction energy in the mix (H_MF)       :         2.63375 kcal/mol
 H-Bond interaction energy in the mix (H_HB)       :        -3.31594 kcal/mol
 VdW interaction energy in the mix (H_vdW)         :       -19.90628 kcal/mol




 Results for mixture 5
 ---------------------
 Temperature          :    298.150 K
 Compound Nr.         :         1         2
 Compound             : QIQXTHQID YMBCJWGVC
 Mole Fraction        :    0.0000    1.0000

 Compound: 2  (YMBCJWGVCUEGHA-UHFFFAOYSA-M)
 Chemical potential of the compound in the mixture :         3.10943 kcal/mol
 Log10(partial pressure [mbar])                    :       -10.94363
 Free energy of molecule in mix (E_COSMO+dE+Mu)    :   -522108.47041 kcal/mol
 Total mean interaction energy in the mix (H_int)  :        -2.09647 kcal/mol
 Misfit interaction energy in the mix (H_MF)       :         9.85595 kcal/mol
 H-Bond interaction energy in the mix (H_HB)       :        -0.73386 kcal/mol
 VdW interaction energy in the mix (H_vdW)         :       -11.21855 kcal/mol




 Results for mixture 6
 ---------------------
 Temperature          :    298.150 K
 Compound Nr.         :         1         2
 Compound             : QIQXTHQID YMBCJWGVC
 Mole Fraction        :    0.0000    1.0000

 Compound: 1  (QIQXTHQIDYTFRH-UHFFFAOYSA-N)
 Chemical potential of the compound in the mixture :       -12.51790 kcal/mol
 Log10(partial pressure [mbar])                    :        -6.65288
 Free energy of molecule in mix (E_COSMO+dE+Mu)    :   -538650.24712 kcal/mol
 Total mean interaction energy in the mix (H_int)  :       -16.35594 kcal/mol
 Misfit interaction energy in the mix (H_MF)       :         8.04670 kcal/mol
 H-Bond interaction energy in the mix (H_HB)       :        -4.01161 kcal/mol
 VdW interaction energy in the mix (H_vdW)         :       -20.39103 kcal/mol
 Ln(Activity coefficient)                          :        -2.67140

 Compound: 2  (YMBCJWGVCUEGHA-UHFFFAOYSA-M)
 Chemical potential of the compound in the mixture :         3.10943 kcal/mol
 Log10(partial pressure [mbar])                    :       -10.94363
 Free energy of molecule in mix (E_COSMO+dE+Mu)    :   -522108.47041 kcal/mol
 Total mean interaction energy in the mix (H_int)  :        -2.09647 kcal/mol
 Misfit interaction energy in the mix (H_MF)       :         9.85595 kcal/mol
 H-Bond interaction energy in the mix (H_HB)       :        -0.73386 kcal/mol
 VdW interaction energy in the mix (H_vdW)         :       -11.21855 kcal/mol
 Ln(Activity coefficient)                          :         0.00000


----------------
 END job       2
----------------
