 -----------------------------------------------------------
 BIOVIA COSMOtherm Version 2019 (build: 19.0.5 [65f0de1d5f])
 -----------------------------------------------------------

 Copyright (C) 1999-2019, Dassault Systemes BIOVIA corp, all rights reserved

 Job name   : !! generated by COSMOthermX !!
 Job date   : 09/16/2022
 Job time   : 14:08:30
 Hostname   : unknown
 OS type    : unknown
 Executable : Linux 64-bit

 Reading COSMOtherm parameter file BP_TZVP_C30_1701.ctd from directory /home/comp3/software/COSMOlogic/COSMOthermX19/COSMOtherm/CTDATA-FILES/OLDPARAM/
 Info: # COSMOtherm parameter file ./BP_TZVP_C30_1701.ctd for BP-TZVP optimized COSMO files                                                                  

 Reading COSMOtherm license key license.txt from directory /home/comp3/software/COSMOlogic/COSMOthermX19/licensefiles/

 COSMOtherm license key expiration date 04/26/2025
 COSMOtherm license key version 21
 Customer : 200000000032966
 ID       : LKO1978637

 License keys:
  product                   |    licensed version    | status
 ------------------------------------------------------------------------------ 
  COSMOtherm                |          21            | active
  TURBOMOLE                 |          21            | active
 ------------------------------------------------------------------------------ 
 
 Reading vapor pressure and property information for compound 1 from file /home/comp3/Desktop/Nastya/DES/cosmo/QTBSBXVTEAMEQO-UHFFFAOYSA-N.vap
 Reading COSMO information for compound 1 conformer 1 from file /home/comp3/Desktop/Nastya/DES/cosmo/QTBSBXVTEAMEQO-UHFFFAOYSA-N.cosmo
 Note: Gas phase energy file could not be found for compound 1 conformer 1
 Note: converting Gaussian COSMO-file information of compound 1 conformer 1
 
 Note: Vapor pressure / property file could not be found for compound 2
 Reading COSMO information for compound 2 conformer 1 from file /home/comp3/Desktop/Nastya/DES/cosmo/JRMUNVKIHCOMHV-UHFFFAOYSA-M.cosmo
 Note: Gas phase energy file could not be found for compound 2 conformer 1
 Note: converting Gaussian COSMO-file information of compound 2 conformer 1


 --- Compound 1 (QTBSBXVTEAMEQO-UHFFFAOYSA-N) ---

 Compound Information for compound 1 conformer 1 (COSMO file /home/comp3/Desktop/Nastya/DES/cosmo/QTBSBXVTEAMEQO-UHFFFAOYSA-N.cosmo)
 Atomic weights         : 11111111
 E_COSMO+dE             :    -143819.4031 kcal/mol
 E_gas                  :    -143812.8433 kcal/mol
 E_COSMO-E_gas+dE       :         -6.5598 kcal/mol
 E_diel                 :         -8.6735 kcal/mol
 Averaging corr dE      :          0.5136 kcal/mol
 Area                   :         92.4005 A^2
 Volume                 :         74.4162 A^3
 Molecular Weight       :         60.0522 a.m.u.
 Total COSMO charge     :          0.0010 a.u.
 Dipole moment (t,x,y,z):          2.1925  0.833103 -2.028098 -0.000628 Debye                            
 Sigma moments (1-6)    :          0.0000  6.62E+01 -0.610794  1.17E+02 -4.54E+01  2.84E+02              
 H-bond moment (accept) :          1.8955
 H-bond moment (donor)  :          3.2637
 
 WARNING: QM computation level of compound 1 conformer 1 could not be determined - it may differ from the QM level of the parameter set.
 No gas phase energy for compound 1 conformer 1 specified, thus it will be estimated


 --- Compound 2 (JRMUNVKIHCOMHV-UHFFFAOYSA-M) ---

 Compound Information for compound 2 conformer 1 (COSMO file /home/comp3/Desktop/Nastya/DES/cosmo/JRMUNVKIHCOMHV-UHFFFAOYSA-M.cosmo)
 Atomic weights         : 111111111111111111111111111111111111111111111111111111
 E_COSMO+dE             :   -2046184.8166 kcal/mol
 E_gas                  :   -2046158.0223 kcal/mol
 E_COSMO-E_gas+dE       :        -26.7942 kcal/mol
 E_diel                 :        -39.0736 kcal/mol
 Averaging corr dE      :          0.5573 kcal/mol
 Area                   :        340.2586 A^2
 Volume                 :        417.7631 A^3
 Molecular Weight       :        322.3694 a.m.u.
 Total COSMO charge     :          0.0094 a.u.
 Dipole moment (t,x,y,z):         19.1244 -1.90E+01  1.879314  0.348338 Debye                            
 Sigma moments (1-6)    :          0.0000  1.58E+02  1.50E+02  3.16E+02  4.43E+02  7.98E+02              
 H-bond moment (accept) :         17.0031
 H-bond moment (donor)  :          0.4091
 
 WARNING: QM computation level of compound 2 conformer 1 could not be determined - it may differ from the QM level of the parameter set.
 No gas phase energy for compound 2 conformer 1 specified, thus it will be estimated


 Total number of processed compounds:    2


----------------
 START job     1
----------------

 --------------------------------------------------------------------------------
 Computation of activity coefficients gamma at infinite dilution in compound    1
 --------------------------------------------------------------------------------



 Results for mixture 1
 ---------------------
 Temperature          :    298.150 K
 Compound Nr.         :         1         2
 Compound             : QTBSBXVTE JRMUNVKIH
 Mole Fraction        :    1.0000    0.0000

 Compound: 1  (QTBSBXVTEAMEQO-UHFFFAOYSA-N)
 Chemical potential of the compound in the mixture :        -1.66695 kcal/mol
 Log10(partial pressure [mbar])                    :         1.54380
 Free energy of molecule in mix (E_COSMO+dE+Mu)    :   -143821.07007 kcal/mol
 Total mean interaction energy in the mix (H_int)  :        -6.06834 kcal/mol
 Misfit interaction energy in the mix (H_MF)       :         1.53977 kcal/mol
 H-Bond interaction energy in the mix (H_HB)       :        -3.94418 kcal/mol
 VdW interaction energy in the mix (H_vdW)         :        -3.66392 kcal/mol




 Results for mixture 2
 ---------------------
 Temperature          :    298.150 K
 Compound Nr.         :         1         2
 Compound             : QTBSBXVTE JRMUNVKIH
 Mole Fraction        :    0.0000    1.0000

 Compound: 2  (JRMUNVKIHCOMHV-UHFFFAOYSA-M)
 Chemical potential of the compound in the mixture :        -1.54470 kcal/mol
 Log10(partial pressure [mbar])                    :       -13.19851
 Free energy of molecule in mix (E_COSMO+dE+Mu)    :  -2046186.36127 kcal/mol
 Total mean interaction energy in the mix (H_int)  :        -9.53873 kcal/mol
 Misfit interaction energy in the mix (H_MF)       :         9.46163 kcal/mol
 H-Bond interaction energy in the mix (H_HB)       :        -1.30159 kcal/mol
 VdW interaction energy in the mix (H_vdW)         :       -17.69877 kcal/mol




 Results for mixture 3
 ---------------------
 Temperature          :    298.150 K
 Compound Nr.         :         1         2
 Compound             : QTBSBXVTE JRMUNVKIH
 Mole Fraction        :    1.0000    0.0000

 Compound: 1  (QTBSBXVTEAMEQO-UHFFFAOYSA-N)
 Chemical potential of the compound in the mixture :        -1.66695 kcal/mol
 Log10(partial pressure [mbar])                    :         1.54380
 Free energy of molecule in mix (E_COSMO+dE+Mu)    :   -143821.07007 kcal/mol
 Total mean interaction energy in the mix (H_int)  :        -6.06834 kcal/mol
 Misfit interaction energy in the mix (H_MF)       :         1.53977 kcal/mol
 H-Bond interaction energy in the mix (H_HB)       :        -3.94418 kcal/mol
 VdW interaction energy in the mix (H_vdW)         :        -3.66392 kcal/mol
 Ln(Activity coefficient)                          :         0.00000

 Compound: 2  (JRMUNVKIHCOMHV-UHFFFAOYSA-M)
 Chemical potential of the compound in the mixture :        -9.19398 kcal/mol
 Log10(partial pressure [mbar])                    :       -18.80547
 Free energy of molecule in mix (E_COSMO+dE+Mu)    :  -2046194.01055 kcal/mol
 Total mean interaction energy in the mix (H_int)  :       -30.15927 kcal/mol
 Misfit interaction energy in the mix (H_MF)       :         5.44336 kcal/mol
 H-Bond interaction energy in the mix (H_HB)       :       -19.97720 kcal/mol
 VdW interaction energy in the mix (H_vdW)         :       -15.62542 kcal/mol
 Ln(Activity coefficient)                          :       -12.91052


----------------
 END job       1
----------------
----------------
 START job     2
----------------

 --------------------------------------------------------------------------------
 Computation of activity coefficients gamma at infinite dilution in compound    2
 --------------------------------------------------------------------------------



 Results for mixture 4
 ---------------------
 Temperature          :    298.150 K
 Compound Nr.         :         1         2
 Compound             : QTBSBXVTE JRMUNVKIH
 Mole Fraction        :    1.0000    0.0000

 Compound: 1  (QTBSBXVTEAMEQO-UHFFFAOYSA-N)
 Chemical potential of the compound in the mixture :        -1.66695 kcal/mol
 Log10(partial pressure [mbar])                    :         1.54380
 Free energy of molecule in mix (E_COSMO+dE+Mu)    :   -143821.07007 kcal/mol
 Total mean interaction energy in the mix (H_int)  :        -6.06834 kcal/mol
 Misfit interaction energy in the mix (H_MF)       :         1.53977 kcal/mol
 H-Bond interaction energy in the mix (H_HB)       :        -3.94418 kcal/mol
 VdW interaction energy in the mix (H_vdW)         :        -3.66392 kcal/mol




 Results for mixture 5
 ---------------------
 Temperature          :    298.150 K
 Compound Nr.         :         1         2
 Compound             : QTBSBXVTE JRMUNVKIH
 Mole Fraction        :    0.0000    1.0000

 Compound: 2  (JRMUNVKIHCOMHV-UHFFFAOYSA-M)
 Chemical potential of the compound in the mixture :        -1.54470 kcal/mol
 Log10(partial pressure [mbar])                    :       -13.19851
 Free energy of molecule in mix (E_COSMO+dE+Mu)    :  -2046186.36127 kcal/mol
 Total mean interaction energy in the mix (H_int)  :        -9.53873 kcal/mol
 Misfit interaction energy in the mix (H_MF)       :         9.46163 kcal/mol
 H-Bond interaction energy in the mix (H_HB)       :        -1.30159 kcal/mol
 VdW interaction energy in the mix (H_vdW)         :       -17.69877 kcal/mol




 Results for mixture 6
 ---------------------
 Temperature          :    298.150 K
 Compound Nr.         :         1         2
 Compound             : QTBSBXVTE JRMUNVKIH
 Mole Fraction        :    0.0000    1.0000

 Compound: 1  (QTBSBXVTEAMEQO-UHFFFAOYSA-N)
 Chemical potential of the compound in the mixture :        -3.47606 kcal/mol
 Log10(partial pressure [mbar])                    :         0.21771
 Free energy of molecule in mix (E_COSMO+dE+Mu)    :   -143822.87918 kcal/mol
 Total mean interaction energy in the mix (H_int)  :        -5.86882 kcal/mol
 Misfit interaction energy in the mix (H_MF)       :         2.16613 kcal/mol
 H-Bond interaction energy in the mix (H_HB)       :        -3.71182 kcal/mol
 VdW interaction energy in the mix (H_vdW)         :        -4.32313 kcal/mol
 Ln(Activity coefficient)                          :        -3.05343

 Compound: 2  (JRMUNVKIHCOMHV-UHFFFAOYSA-M)
 Chemical potential of the compound in the mixture :        -1.54470 kcal/mol
 Log10(partial pressure [mbar])                    :       -13.19851
 Free energy of molecule in mix (E_COSMO+dE+Mu)    :  -2046186.36127 kcal/mol
 Total mean interaction energy in the mix (H_int)  :        -9.53873 kcal/mol
 Misfit interaction energy in the mix (H_MF)       :         9.46163 kcal/mol
 H-Bond interaction energy in the mix (H_HB)       :        -1.30159 kcal/mol
 VdW interaction energy in the mix (H_vdW)         :       -17.69877 kcal/mol
 Ln(Activity coefficient)                          :         0.00000


----------------
 END job       2
----------------
