 -----------------------------------------------------------
 BIOVIA COSMOtherm Version 2019 (build: 19.0.5 [65f0de1d5f])
 -----------------------------------------------------------

 Copyright (C) 1999-2019, Dassault Systemes BIOVIA corp, all rights reserved

 Job name   : !! generated by COSMOthermX !!
 Job date   : 09/16/2022
 Job time   : 14:09:45
 Hostname   : unknown
 OS type    : unknown
 Executable : Linux 64-bit

 Reading COSMOtherm parameter file BP_TZVP_C30_1701.ctd from directory /home/comp3/software/COSMOlogic/COSMOthermX19/COSMOtherm/CTDATA-FILES/OLDPARAM/
 Info: # COSMOtherm parameter file ./BP_TZVP_C30_1701.ctd for BP-TZVP optimized COSMO files                                                                  

 Reading COSMOtherm license key license.txt from directory /home/comp3/software/COSMOlogic/COSMOthermX19/licensefiles/

 COSMOtherm license key expiration date 04/26/2025
 COSMOtherm license key version 21
 Customer : 200000000032966
 ID       : LKO1978637

 License keys:
  product                   |    licensed version    | status
 ------------------------------------------------------------------------------ 
  COSMOtherm                |          21            | active
  TURBOMOLE                 |          21            | active
 ------------------------------------------------------------------------------ 
 
 Note: Vapor pressure / property file could not be found for compound 1
 Reading COSMO information for compound 1 conformer 1 from file /home/comp3/Desktop/Nastya/DES/cosmo/QWVGKYWNOKOFNN-UHFFFAOYSA-N.cosmo
 Note: Gas phase energy file could not be found for compound 1 conformer 1
 Note: converting Gaussian COSMO-file information of compound 1 conformer 1
 
 Reading vapor pressure and property information for compound 2 from file /home/comp3/Desktop/Nastya/DES/cosmo/SGMZJAMFUVOLNK-UHFFFAOYSA-M.vap
 Reading COSMO information for compound 2 conformer 1 from file /home/comp3/Desktop/Nastya/DES/cosmo/SGMZJAMFUVOLNK-UHFFFAOYSA-M.cosmo
 Note: Gas phase energy file could not be found for compound 2 conformer 1
 Note: converting Gaussian COSMO-file information of compound 2 conformer 1


 --- Compound 1 (QWVGKYWNOKOFNN-UHFFFAOYSA-N) ---

 Compound Information for compound 1 conformer 1 (COSMO file /home/comp3/Desktop/Nastya/DES/cosmo/QWVGKYWNOKOFNN-UHFFFAOYSA-N.cosmo)
 Atomic weights         : 1111111111111111
 E_COSMO+dE             :    -217690.1594 kcal/mol
 E_gas                  :    -217684.4030 kcal/mol
 E_COSMO-E_gas+dE       :         -5.7563 kcal/mol
 E_diel                 :         -7.5869 kcal/mol
 Averaging corr dE      :          0.4894 kcal/mol
 Area                   :        148.9267 A^2
 Volume                 :        142.3301 A^3
 Molecular Weight       :        108.1385 a.m.u.
 Total COSMO charge     :         -0.0015 a.u.
 Dipole moment (t,x,y,z):          1.4606 -0.448727  1.389982 -0.004760 Debye                            
 Sigma moments (1-6)    :          0.0000  5.75E+01 -2.10E+01  8.07E+01 -8.15E+01  1.96E+02              
 H-bond moment (accept) :          0.3421
 H-bond moment (donor)  :          3.0675
 
 WARNING: QM computation level of compound 1 conformer 1 could not be determined - it may differ from the QM level of the parameter set.
 No gas phase energy for compound 1 conformer 1 specified, thus it will be estimated


 --- Compound 2 (SGMZJAMFUVOLNK-UHFFFAOYSA-M) ---

 Compound Information for compound 2 conformer 1 (COSMO file /home/comp3/Desktop/Nastya/DES/cosmo/SGMZJAMFUVOLNK-UHFFFAOYSA-M.cosmo)
 Atomic weights         : 1111111111111111111111
 E_COSMO+dE             :    -495311.0092 kcal/mol
 E_gas                  :    -495280.9240 kcal/mol
 E_COSMO-E_gas+dE       :        -30.0852 kcal/mol
 E_diel                 :        -43.9005 kcal/mol
 Averaging corr dE      :          0.6451 kcal/mol
 Area                   :        177.0496 A^2
 Volume                 :        188.1524 A^3
 Molecular Weight       :        139.6245 a.m.u.
 Total COSMO charge     :          0.0093 a.u.
 Dipole moment (t,x,y,z):         18.3247 -1.83E+01  0.122140 -1.618568 Debye                            
 Sigma moments (1-6)    :          0.0000  1.72E+02  1.20E+02  3.11E+02  3.77E+02  7.14E+02              
 H-bond moment (accept) :         15.0395
 H-bond moment (donor)  :          0.2290
 
 WARNING: QM computation level of compound 2 conformer 1 could not be determined - it may differ from the QM level of the parameter set.
 No gas phase energy for compound 2 conformer 1 specified, thus it will be estimated


 Total number of processed compounds:    2


----------------
 START job     1
----------------

 --------------------------------------------------------------------------------
 Computation of activity coefficients gamma at infinite dilution in compound    1
 --------------------------------------------------------------------------------



 Results for mixture 1
 ---------------------
 Temperature          :    298.150 K
 Compound Nr.         :         1         2
 Compound             : QWVGKYWNO SGMZJAMFU
 Mole Fraction        :    1.0000    0.0000

 Compound: 1  (QWVGKYWNOKOFNN-UHFFFAOYSA-N)
 Chemical potential of the compound in the mixture :        -3.02529 kcal/mol
 Log10(partial pressure [mbar])                    :         0.30624
 Free energy of molecule in mix (E_COSMO+dE+Mu)    :   -217693.18465 kcal/mol
 Total mean interaction energy in the mix (H_int)  :        -6.03909 kcal/mol
 Misfit interaction energy in the mix (H_MF)       :         2.28397 kcal/mol
 H-Bond interaction energy in the mix (H_HB)       :        -1.21612 kcal/mol
 VdW interaction energy in the mix (H_vdW)         :        -7.10695 kcal/mol




 Results for mixture 2
 ---------------------
 Temperature          :    298.150 K
 Compound Nr.         :         1         2
 Compound             : QWVGKYWNO SGMZJAMFU
 Mole Fraction        :    0.0000    1.0000

 Compound: 2  (SGMZJAMFUVOLNK-UHFFFAOYSA-M)
 Chemical potential of the compound in the mixture :         1.80745 kcal/mol
 Log10(partial pressure [mbar])                    :       -13.15367
 Free energy of molecule in mix (E_COSMO+dE+Mu)    :   -495309.20179 kcal/mol
 Total mean interaction energy in the mix (H_int)  :        -4.76377 kcal/mol
 Misfit interaction energy in the mix (H_MF)       :         6.76689 kcal/mol
 H-Bond interaction energy in the mix (H_HB)       :        -2.52734 kcal/mol
 VdW interaction energy in the mix (H_vdW)         :        -9.00332 kcal/mol




 Results for mixture 3
 ---------------------
 Temperature          :    298.150 K
 Compound Nr.         :         1         2
 Compound             : QWVGKYWNO SGMZJAMFU
 Mole Fraction        :    1.0000    0.0000

 Compound: 1  (QWVGKYWNOKOFNN-UHFFFAOYSA-N)
 Chemical potential of the compound in the mixture :        -3.02529 kcal/mol
 Log10(partial pressure [mbar])                    :         0.30624
 Free energy of molecule in mix (E_COSMO+dE+Mu)    :   -217693.18465 kcal/mol
 Total mean interaction energy in the mix (H_int)  :        -6.03909 kcal/mol
 Misfit interaction energy in the mix (H_MF)       :         2.28397 kcal/mol
 H-Bond interaction energy in the mix (H_HB)       :        -1.21612 kcal/mol
 VdW interaction energy in the mix (H_vdW)         :        -7.10695 kcal/mol
 Ln(Activity coefficient)                          :         0.00000

 Compound: 2  (SGMZJAMFUVOLNK-UHFFFAOYSA-M)
 Chemical potential of the compound in the mixture :        -9.01669 kcal/mol
 Log10(partial pressure [mbar])                    :       -21.08782
 Free energy of molecule in mix (E_COSMO+dE+Mu)    :   -495320.02593 kcal/mol
 Total mean interaction energy in the mix (H_int)  :       -26.84276 kcal/mol
 Misfit interaction energy in the mix (H_MF)       :         2.62466 kcal/mol
 H-Bond interaction energy in the mix (H_HB)       :       -20.84622 kcal/mol
 VdW interaction energy in the mix (H_vdW)         :        -8.62120 kcal/mol
 Ln(Activity coefficient)                          :       -18.26906


----------------
 END job       1
----------------
----------------
 START job     2
----------------

 --------------------------------------------------------------------------------
 Computation of activity coefficients gamma at infinite dilution in compound    2
 --------------------------------------------------------------------------------



 Results for mixture 4
 ---------------------
 Temperature          :    298.150 K
 Compound Nr.         :         1         2
 Compound             : QWVGKYWNO SGMZJAMFU
 Mole Fraction        :    1.0000    0.0000

 Compound: 1  (QWVGKYWNOKOFNN-UHFFFAOYSA-N)
 Chemical potential of the compound in the mixture :        -3.02529 kcal/mol
 Log10(partial pressure [mbar])                    :         0.30624
 Free energy of molecule in mix (E_COSMO+dE+Mu)    :   -217693.18465 kcal/mol
 Total mean interaction energy in the mix (H_int)  :        -6.03909 kcal/mol
 Misfit interaction energy in the mix (H_MF)       :         2.28397 kcal/mol
 H-Bond interaction energy in the mix (H_HB)       :        -1.21612 kcal/mol
 VdW interaction energy in the mix (H_vdW)         :        -7.10695 kcal/mol




 Results for mixture 5
 ---------------------
 Temperature          :    298.150 K
 Compound Nr.         :         1         2
 Compound             : QWVGKYWNO SGMZJAMFU
 Mole Fraction        :    0.0000    1.0000

 Compound: 2  (SGMZJAMFUVOLNK-UHFFFAOYSA-M)
 Chemical potential of the compound in the mixture :         1.80745 kcal/mol
 Log10(partial pressure [mbar])                    :       -13.15367
 Free energy of molecule in mix (E_COSMO+dE+Mu)    :   -495309.20179 kcal/mol
 Total mean interaction energy in the mix (H_int)  :        -4.76377 kcal/mol
 Misfit interaction energy in the mix (H_MF)       :         6.76689 kcal/mol
 H-Bond interaction energy in the mix (H_HB)       :        -2.52734 kcal/mol
 VdW interaction energy in the mix (H_vdW)         :        -9.00332 kcal/mol




 Results for mixture 6
 ---------------------
 Temperature          :    298.150 K
 Compound Nr.         :         1         2
 Compound             : QWVGKYWNO SGMZJAMFU
 Mole Fraction        :    0.0000    1.0000

 Compound: 1  (QWVGKYWNOKOFNN-UHFFFAOYSA-N)
 Chemical potential of the compound in the mixture :        -5.70621 kcal/mol
 Log10(partial pressure [mbar])                    :        -1.65889
 Free energy of molecule in mix (E_COSMO+dE+Mu)    :   -217695.86557 kcal/mol
 Total mean interaction energy in the mix (H_int)  :        -7.27080 kcal/mol
 Misfit interaction energy in the mix (H_MF)       :         3.47786 kcal/mol
 H-Bond interaction energy in the mix (H_HB)       :        -3.42337 kcal/mol
 VdW interaction energy in the mix (H_vdW)         :        -7.32528 kcal/mol
 Ln(Activity coefficient)                          :        -4.52487

 Compound: 2  (SGMZJAMFUVOLNK-UHFFFAOYSA-M)
 Chemical potential of the compound in the mixture :         1.80745 kcal/mol
 Log10(partial pressure [mbar])                    :       -13.15367
 Free energy of molecule in mix (E_COSMO+dE+Mu)    :   -495309.20179 kcal/mol
 Total mean interaction energy in the mix (H_int)  :        -4.76377 kcal/mol
 Misfit interaction energy in the mix (H_MF)       :         6.76689 kcal/mol
 H-Bond interaction energy in the mix (H_HB)       :        -2.52734 kcal/mol
 VdW interaction energy in the mix (H_vdW)         :        -9.00332 kcal/mol
 Ln(Activity coefficient)                          :         0.00000


----------------
 END job       2
----------------
