 -----------------------------------------------------------
 BIOVIA COSMOtherm Version 2019 (build: 19.0.5 [65f0de1d5f])
 -----------------------------------------------------------

 Copyright (C) 1999-2019, Dassault Systemes BIOVIA corp, all rights reserved

 Job name   : !! generated by COSMOthermX !!
 Job date   : 09/16/2022
 Job time   : 14:09:45
 Hostname   : unknown
 OS type    : unknown
 Executable : Linux 64-bit

 Reading COSMOtherm parameter file BP_TZVP_C30_1701.ctd from directory /home/comp3/software/COSMOlogic/COSMOthermX19/COSMOtherm/CTDATA-FILES/OLDPARAM/
 Info: # COSMOtherm parameter file ./BP_TZVP_C30_1701.ctd for BP-TZVP optimized COSMO files                                                                  

 Reading COSMOtherm license key license.txt from directory /home/comp3/software/COSMOlogic/COSMOthermX19/licensefiles/

 COSMOtherm license key expiration date 04/26/2025
 COSMOtherm license key version 21
 Customer : 200000000032966
 ID       : LKO1978637

 License keys:
  product                   |    licensed version    | status
 ------------------------------------------------------------------------------ 
  COSMOtherm                |          21            | active
  TURBOMOLE                 |          21            | active
 ------------------------------------------------------------------------------ 
 
 Note: Vapor pressure / property file could not be found for compound 1
 Reading COSMO information for compound 1 conformer 1 from file /home/comp3/Desktop/Nastya/DES/cosmo/TUNFSRHWOTWDNC-UHFFFAOYSA-N.cosmo
 Note: Gas phase energy file could not be found for compound 1 conformer 1
 Note: converting Gaussian COSMO-file information of compound 1 conformer 1
 
 Note: Vapor pressure / property file could not be found for compound 2
 Reading COSMO information for compound 2 conformer 1 from file /home/comp3/Desktop/Nastya/DES/cosmo/IPCSVZSSVZVIGE-UHFFFAOYSA-N.cosmo
 Note: Gas phase energy file could not be found for compound 2 conformer 1
 Note: converting Gaussian COSMO-file information of compound 2 conformer 1


 --- Compound 1 (TUNFSRHWOTWDNC-UHFFFAOYSA-N) ---

 Compound Information for compound 1 conformer 1 (COSMO file /home/comp3/Desktop/Nastya/DES/cosmo/TUNFSRHWOTWDNC-UHFFFAOYSA-N.cosmo)
 Atomic weights         : 11111111111111111111111111111111111111111111
 E_COSMO+dE             :    -439933.0532 kcal/mol
 E_gas                  :    -439926.3022 kcal/mol
 E_COSMO-E_gas+dE       :         -6.7510 kcal/mol
 E_diel                 :         -9.0544 kcal/mol
 Averaging corr dE      :          0.6086 kcal/mol
 Area                   :        330.5786 A^2
 Volume                 :        338.0133 A^3
 Molecular Weight       :        228.3723 a.m.u.
 Total COSMO charge     :         -0.0072 a.u.
 Dipole moment (t,x,y,z):          2.8730  2.129440  0.418204 -1.882675 Debye                            
 Sigma moments (1-6)    :          0.0000  6.97E+01  4.338649  1.10E+02 -3.62E+01  2.63E+02              
 H-bond moment (accept) :          1.8457
 H-bond moment (donor)  :          3.0730
 
 WARNING: QM computation level of compound 1 conformer 1 could not be determined - it may differ from the QM level of the parameter set.
 No gas phase energy for compound 1 conformer 1 specified, thus it will be estimated


 --- Compound 2 (IPCSVZSSVZVIGE-UHFFFAOYSA-N) ---

 Compound Information for compound 2 conformer 1 (COSMO file /home/comp3/Desktop/Nastya/DES/cosmo/IPCSVZSSVZVIGE-UHFFFAOYSA-N.cosmo)
 Atomic weights         : 11111111111111111111111111111111111111111111111111
 E_COSMO+dE             :    -489285.3869 kcal/mol
 E_gas                  :    -489278.5545 kcal/mol
 E_COSMO-E_gas+dE       :         -6.8323 kcal/mol
 E_diel                 :         -9.1917 kcal/mol
 Averaging corr dE      :          0.6299 kcal/mol
 Area                   :        370.6735 A^2
 Volume                 :        382.3013 A^3
 Molecular Weight       :        256.4256 a.m.u.
 Total COSMO charge     :         -0.0084 a.u.
 Dipole moment (t,x,y,z):          2.9239  2.200857  0.248724 -1.908865 Debye                            
 Sigma moments (1-6)    :          0.0000  7.11E+01  4.312203  1.10E+02 -3.70E+01  2.63E+02              
 H-bond moment (accept) :          1.8280
 H-bond moment (donor)  :          3.0802
 
 WARNING: QM computation level of compound 2 conformer 1 could not be determined - it may differ from the QM level of the parameter set.
 No gas phase energy for compound 2 conformer 1 specified, thus it will be estimated


 Total number of processed compounds:    2


----------------
 START job     1
----------------

 --------------------------------------------------------------------------------
 Computation of activity coefficients gamma at infinite dilution in compound    1
 --------------------------------------------------------------------------------



 Results for mixture 1
 ---------------------
 Temperature          :    298.150 K
 Compound Nr.         :         1         2
 Compound             : TUNFSRHWO IPCSVZSSV
 Mole Fraction        :    1.0000    0.0000

 Compound: 1  (TUNFSRHWOTWDNC-UHFFFAOYSA-N)
 Chemical potential of the compound in the mixture :        -8.51566 kcal/mol
 Log10(partial pressure [mbar])                    :        -3.61647
 Free energy of molecule in mix (E_COSMO+dE+Mu)    :   -439941.56889 kcal/mol
 Total mean interaction energy in the mix (H_int)  :       -16.70808 kcal/mol
 Misfit interaction energy in the mix (H_MF)       :         2.47968 kcal/mol
 H-Bond interaction energy in the mix (H_HB)       :        -3.35515 kcal/mol
 VdW interaction energy in the mix (H_vdW)         :       -15.83261 kcal/mol




 Results for mixture 2
 ---------------------
 Temperature          :    298.150 K
 Compound Nr.         :         1         2
 Compound             : TUNFSRHWO IPCSVZSSV
 Mole Fraction        :    0.0000    1.0000

 Compound: 2  (IPCSVZSSVZVIGE-UHFFFAOYSA-N)
 Chemical potential of the compound in the mixture :        -9.71853 kcal/mol
 Log10(partial pressure [mbar])                    :        -4.55779
 Free energy of molecule in mix (E_COSMO+dE+Mu)    :   -489295.10540 kcal/mol
 Total mean interaction energy in the mix (H_int)  :       -18.61380 kcal/mol
 Misfit interaction energy in the mix (H_MF)       :         2.56588 kcal/mol
 H-Bond interaction energy in the mix (H_HB)       :        -3.30049 kcal/mol
 VdW interaction energy in the mix (H_vdW)         :       -17.87919 kcal/mol




 Results for mixture 3
 ---------------------
 Temperature          :    298.150 K
 Compound Nr.         :         1         2
 Compound             : TUNFSRHWO IPCSVZSSV
 Mole Fraction        :    1.0000    0.0000

 Compound: 1  (TUNFSRHWOTWDNC-UHFFFAOYSA-N)
 Chemical potential of the compound in the mixture :        -8.51566 kcal/mol
 Log10(partial pressure [mbar])                    :        -3.61647
 Free energy of molecule in mix (E_COSMO+dE+Mu)    :   -439941.56889 kcal/mol
 Total mean interaction energy in the mix (H_int)  :       -16.70808 kcal/mol
 Misfit interaction energy in the mix (H_MF)       :         2.47968 kcal/mol
 H-Bond interaction energy in the mix (H_HB)       :        -3.35515 kcal/mol
 VdW interaction energy in the mix (H_vdW)         :       -15.83261 kcal/mol
 Ln(Activity coefficient)                          :         0.00000

 Compound: 2  (IPCSVZSSVZVIGE-UHFFFAOYSA-N)
 Chemical potential of the compound in the mixture :        -9.71458 kcal/mol
 Log10(partial pressure [mbar])                    :        -4.55490
 Free energy of molecule in mix (E_COSMO+dE+Mu)    :   -489295.10145 kcal/mol
 Total mean interaction energy in the mix (H_int)  :       -18.51083 kcal/mol
 Misfit interaction energy in the mix (H_MF)       :         2.65875 kcal/mol
 H-Bond interaction energy in the mix (H_HB)       :        -3.34461 kcal/mol
 VdW interaction energy in the mix (H_vdW)         :       -17.82497 kcal/mol
 Ln(Activity coefficient)                          :         0.00666


----------------
 END job       1
----------------
----------------
 START job     2
----------------

 --------------------------------------------------------------------------------
 Computation of activity coefficients gamma at infinite dilution in compound    2
 --------------------------------------------------------------------------------



 Results for mixture 4
 ---------------------
 Temperature          :    298.150 K
 Compound Nr.         :         1         2
 Compound             : TUNFSRHWO IPCSVZSSV
 Mole Fraction        :    1.0000    0.0000

 Compound: 1  (TUNFSRHWOTWDNC-UHFFFAOYSA-N)
 Chemical potential of the compound in the mixture :        -8.51566 kcal/mol
 Log10(partial pressure [mbar])                    :        -3.61647
 Free energy of molecule in mix (E_COSMO+dE+Mu)    :   -439941.56889 kcal/mol
 Total mean interaction energy in the mix (H_int)  :       -16.70808 kcal/mol
 Misfit interaction energy in the mix (H_MF)       :         2.47968 kcal/mol
 H-Bond interaction energy in the mix (H_HB)       :        -3.35515 kcal/mol
 VdW interaction energy in the mix (H_vdW)         :       -15.83261 kcal/mol




 Results for mixture 5
 ---------------------
 Temperature          :    298.150 K
 Compound Nr.         :         1         2
 Compound             : TUNFSRHWO IPCSVZSSV
 Mole Fraction        :    0.0000    1.0000

 Compound: 2  (IPCSVZSSVZVIGE-UHFFFAOYSA-N)
 Chemical potential of the compound in the mixture :        -9.71853 kcal/mol
 Log10(partial pressure [mbar])                    :        -4.55779
 Free energy of molecule in mix (E_COSMO+dE+Mu)    :   -489295.10540 kcal/mol
 Total mean interaction energy in the mix (H_int)  :       -18.61380 kcal/mol
 Misfit interaction energy in the mix (H_MF)       :         2.56588 kcal/mol
 H-Bond interaction energy in the mix (H_HB)       :        -3.30049 kcal/mol
 VdW interaction energy in the mix (H_vdW)         :       -17.87919 kcal/mol




 Results for mixture 6
 ---------------------
 Temperature          :    298.150 K
 Compound Nr.         :         1         2
 Compound             : TUNFSRHWO IPCSVZSSV
 Mole Fraction        :    0.0000    1.0000

 Compound: 1  (TUNFSRHWOTWDNC-UHFFFAOYSA-N)
 Chemical potential of the compound in the mixture :        -8.51205 kcal/mol
 Log10(partial pressure [mbar])                    :        -3.61382
 Free energy of molecule in mix (E_COSMO+dE+Mu)    :   -439941.56528 kcal/mol
 Total mean interaction energy in the mix (H_int)  :       -16.79143 kcal/mol
 Misfit interaction energy in the mix (H_MF)       :         2.40065 kcal/mol
 H-Bond interaction energy in the mix (H_HB)       :        -3.31092 kcal/mol
 VdW interaction energy in the mix (H_vdW)         :       -15.88116 kcal/mol
 Ln(Activity coefficient)                          :         0.00609

 Compound: 2  (IPCSVZSSVZVIGE-UHFFFAOYSA-N)
 Chemical potential of the compound in the mixture :        -9.71853 kcal/mol
 Log10(partial pressure [mbar])                    :        -4.55779
 Free energy of molecule in mix (E_COSMO+dE+Mu)    :   -489295.10540 kcal/mol
 Total mean interaction energy in the mix (H_int)  :       -18.61380 kcal/mol
 Misfit interaction energy in the mix (H_MF)       :         2.56588 kcal/mol
 H-Bond interaction energy in the mix (H_HB)       :        -3.30049 kcal/mol
 VdW interaction energy in the mix (H_vdW)         :       -17.87919 kcal/mol
 Ln(Activity coefficient)                          :         0.00000


----------------
 END job       2
----------------
