 -----------------------------------------------------------
 BIOVIA COSMOtherm Version 2019 (build: 19.0.5 [65f0de1d5f])
 -----------------------------------------------------------

 Copyright (C) 1999-2019, Dassault Systemes BIOVIA corp, all rights reserved

 Job name   : !! generated by COSMOthermX !!
 Job date   : 09/16/2022
 Job time   : 14:10:16
 Hostname   : unknown
 OS type    : unknown
 Executable : Linux 64-bit

 Reading COSMOtherm parameter file BP_TZVP_C30_1701.ctd from directory /home/comp3/software/COSMOlogic/COSMOthermX19/COSMOtherm/CTDATA-FILES/OLDPARAM/
 Info: # COSMOtherm parameter file ./BP_TZVP_C30_1701.ctd for BP-TZVP optimized COSMO files                                                                  

 Reading COSMOtherm license key license.txt from directory /home/comp3/software/COSMOlogic/COSMOthermX19/licensefiles/

 COSMOtherm license key expiration date 04/26/2025
 COSMOtherm license key version 21
 Customer : 200000000032966
 ID       : LKO1978637

 License keys:
  product                   |    licensed version    | status
 ------------------------------------------------------------------------------ 
  COSMOtherm                |          21            | active
  TURBOMOLE                 |          21            | active
 ------------------------------------------------------------------------------ 
 
 Note: Vapor pressure / property file could not be found for compound 1
 Reading COSMO information for compound 1 conformer 1 from file /home/comp3/Desktop/Nastya/DES/cosmo/TYFQFVWCELRYAO-UHFFFAOYSA-N.cosmo
 Note: Gas phase energy file could not be found for compound 1 conformer 1
 Note: converting Gaussian COSMO-file information of compound 1 conformer 1
 
 Reading vapor pressure and property information for compound 2 from file /home/comp3/Desktop/Nastya/DES/cosmo/SGMZJAMFUVOLNK-UHFFFAOYSA-M.vap
 Reading COSMO information for compound 2 conformer 1 from file /home/comp3/Desktop/Nastya/DES/cosmo/SGMZJAMFUVOLNK-UHFFFAOYSA-M.cosmo
 Note: Gas phase energy file could not be found for compound 2 conformer 1
 Note: converting Gaussian COSMO-file information of compound 2 conformer 1


 --- Compound 1 (TYFQFVWCELRYAO-UHFFFAOYSA-N) ---

 Compound Information for compound 1 conformer 1 (COSMO file /home/comp3/Desktop/Nastya/DES/cosmo/TYFQFVWCELRYAO-UHFFFAOYSA-N.cosmo)
 Atomic weights         : 11111111111111111111111111
 E_COSMO+dE             :    -385587.3111 kcal/mol
 E_gas                  :    -385575.7014 kcal/mol
 E_COSMO-E_gas+dE       :        -11.6097 kcal/mol
 E_diel                 :        -16.5997 kcal/mol
 Averaging corr dE      :          0.9934 kcal/mol
 Area                   :        224.9287 A^2
 Volume                 :        222.6888 A^3
 Molecular Weight       :        174.1952 a.m.u.
 Total COSMO charge     :          0.0016 a.u.
 Dipole moment (t,x,y,z):          3.0373 -1.130536  2.292623 -1.640361 Debye                            
 Sigma moments (1-6)    :          0.0000  1.25E+02  4.024684  2.20E+02 -8.01E+01  5.29E+02              
 H-bond moment (accept) :          3.5456
 H-bond moment (donor)  :          6.2074
 
 WARNING: QM computation level of compound 1 conformer 1 could not be determined - it may differ from the QM level of the parameter set.
 No gas phase energy for compound 1 conformer 1 specified, thus it will be estimated


 --- Compound 2 (SGMZJAMFUVOLNK-UHFFFAOYSA-M) ---

 Compound Information for compound 2 conformer 1 (COSMO file /home/comp3/Desktop/Nastya/DES/cosmo/SGMZJAMFUVOLNK-UHFFFAOYSA-M.cosmo)
 Atomic weights         : 1111111111111111111111
 E_COSMO+dE             :    -495311.0092 kcal/mol
 E_gas                  :    -495280.9240 kcal/mol
 E_COSMO-E_gas+dE       :        -30.0852 kcal/mol
 E_diel                 :        -43.9005 kcal/mol
 Averaging corr dE      :          0.6451 kcal/mol
 Area                   :        177.0496 A^2
 Volume                 :        188.1524 A^3
 Molecular Weight       :        139.6245 a.m.u.
 Total COSMO charge     :          0.0093 a.u.
 Dipole moment (t,x,y,z):         18.3247 -1.83E+01  0.122140 -1.618568 Debye                            
 Sigma moments (1-6)    :          0.0000  1.72E+02  1.20E+02  3.11E+02  3.77E+02  7.14E+02              
 H-bond moment (accept) :         15.0395
 H-bond moment (donor)  :          0.2290
 
 WARNING: QM computation level of compound 2 conformer 1 could not be determined - it may differ from the QM level of the parameter set.
 No gas phase energy for compound 2 conformer 1 specified, thus it will be estimated


 Total number of processed compounds:    2


----------------
 START job     1
----------------

 --------------------------------------------------------------------------------
 Computation of activity coefficients gamma at infinite dilution in compound    1
 --------------------------------------------------------------------------------



 Results for mixture 1
 ---------------------
 Temperature          :    298.150 K
 Compound Nr.         :         1         2
 Compound             : TYFQFVWCE SGMZJAMFU
 Mole Fraction        :    1.0000    0.0000

 Compound: 1  (TYFQFVWCELRYAO-UHFFFAOYSA-N)
 Chemical potential of the compound in the mixture :        -3.45972 kcal/mol
 Log10(partial pressure [mbar])                    :        -3.47192
 Free energy of molecule in mix (E_COSMO+dE+Mu)    :   -385590.77085 kcal/mol
 Total mean interaction energy in the mix (H_int)  :       -13.32078 kcal/mol
 Misfit interaction energy in the mix (H_MF)       :         3.36953 kcal/mol
 H-Bond interaction energy in the mix (H_HB)       :        -7.30559 kcal/mol
 VdW interaction energy in the mix (H_vdW)         :        -9.38472 kcal/mol




 Results for mixture 2
 ---------------------
 Temperature          :    298.150 K
 Compound Nr.         :         1         2
 Compound             : TYFQFVWCE SGMZJAMFU
 Mole Fraction        :    0.0000    1.0000

 Compound: 2  (SGMZJAMFUVOLNK-UHFFFAOYSA-M)
 Chemical potential of the compound in the mixture :         1.80745 kcal/mol
 Log10(partial pressure [mbar])                    :       -13.15367
 Free energy of molecule in mix (E_COSMO+dE+Mu)    :   -495309.20179 kcal/mol
 Total mean interaction energy in the mix (H_int)  :        -4.76377 kcal/mol
 Misfit interaction energy in the mix (H_MF)       :         6.76689 kcal/mol
 H-Bond interaction energy in the mix (H_HB)       :        -2.52734 kcal/mol
 VdW interaction energy in the mix (H_vdW)         :        -9.00332 kcal/mol




 Results for mixture 3
 ---------------------
 Temperature          :    298.150 K
 Compound Nr.         :         1         2
 Compound             : TYFQFVWCE SGMZJAMFU
 Mole Fraction        :    1.0000    0.0000

 Compound: 1  (TYFQFVWCELRYAO-UHFFFAOYSA-N)
 Chemical potential of the compound in the mixture :        -3.45972 kcal/mol
 Log10(partial pressure [mbar])                    :        -3.47192
 Free energy of molecule in mix (E_COSMO+dE+Mu)    :   -385590.77085 kcal/mol
 Total mean interaction energy in the mix (H_int)  :       -13.32078 kcal/mol
 Misfit interaction energy in the mix (H_MF)       :         3.36953 kcal/mol
 H-Bond interaction energy in the mix (H_HB)       :        -7.30559 kcal/mol
 VdW interaction energy in the mix (H_vdW)         :        -9.38472 kcal/mol
 Ln(Activity coefficient)                          :         0.00000

 Compound: 2  (SGMZJAMFUVOLNK-UHFFFAOYSA-M)
 Chemical potential of the compound in the mixture :        -3.03918 kcal/mol
 Log10(partial pressure [mbar])                    :       -16.70627
 Free energy of molecule in mix (E_COSMO+dE+Mu)    :   -495314.04841 kcal/mol
 Total mean interaction energy in the mix (H_int)  :       -22.86606 kcal/mol
 Misfit interaction energy in the mix (H_MF)       :         3.21847 kcal/mol
 H-Bond interaction energy in the mix (H_HB)       :       -17.97043 kcal/mol
 VdW interaction energy in the mix (H_vdW)         :        -8.11409 kcal/mol
 Ln(Activity coefficient)                          :        -8.18016


----------------
 END job       1
----------------
----------------
 START job     2
----------------

 --------------------------------------------------------------------------------
 Computation of activity coefficients gamma at infinite dilution in compound    2
 --------------------------------------------------------------------------------



 Results for mixture 4
 ---------------------
 Temperature          :    298.150 K
 Compound Nr.         :         1         2
 Compound             : TYFQFVWCE SGMZJAMFU
 Mole Fraction        :    1.0000    0.0000

 Compound: 1  (TYFQFVWCELRYAO-UHFFFAOYSA-N)
 Chemical potential of the compound in the mixture :        -3.45972 kcal/mol
 Log10(partial pressure [mbar])                    :        -3.47192
 Free energy of molecule in mix (E_COSMO+dE+Mu)    :   -385590.77085 kcal/mol
 Total mean interaction energy in the mix (H_int)  :       -13.32078 kcal/mol
 Misfit interaction energy in the mix (H_MF)       :         3.36953 kcal/mol
 H-Bond interaction energy in the mix (H_HB)       :        -7.30559 kcal/mol
 VdW interaction energy in the mix (H_vdW)         :        -9.38472 kcal/mol




 Results for mixture 5
 ---------------------
 Temperature          :    298.150 K
 Compound Nr.         :         1         2
 Compound             : TYFQFVWCE SGMZJAMFU
 Mole Fraction        :    0.0000    1.0000

 Compound: 2  (SGMZJAMFUVOLNK-UHFFFAOYSA-M)
 Chemical potential of the compound in the mixture :         1.80745 kcal/mol
 Log10(partial pressure [mbar])                    :       -13.15367
 Free energy of molecule in mix (E_COSMO+dE+Mu)    :   -495309.20179 kcal/mol
 Total mean interaction energy in the mix (H_int)  :        -4.76377 kcal/mol
 Misfit interaction energy in the mix (H_MF)       :         6.76689 kcal/mol
 H-Bond interaction energy in the mix (H_HB)       :        -2.52734 kcal/mol
 VdW interaction energy in the mix (H_vdW)         :        -9.00332 kcal/mol




 Results for mixture 6
 ---------------------
 Temperature          :    298.150 K
 Compound Nr.         :         1         2
 Compound             : TYFQFVWCE SGMZJAMFU
 Mole Fraction        :    0.0000    1.0000

 Compound: 1  (TYFQFVWCELRYAO-UHFFFAOYSA-N)
 Chemical potential of the compound in the mixture :        -6.41106 kcal/mol
 Log10(partial pressure [mbar])                    :        -5.63527
 Free energy of molecule in mix (E_COSMO+dE+Mu)    :   -385593.72218 kcal/mol
 Total mean interaction energy in the mix (H_int)  :       -11.35561 kcal/mol
 Misfit interaction energy in the mix (H_MF)       :         6.24142 kcal/mol
 H-Bond interaction energy in the mix (H_HB)       :        -7.08734 kcal/mol
 VdW interaction energy in the mix (H_vdW)         :       -10.50969 kcal/mol
 Ln(Activity coefficient)                          :        -4.98128

 Compound: 2  (SGMZJAMFUVOLNK-UHFFFAOYSA-M)
 Chemical potential of the compound in the mixture :         1.80745 kcal/mol
 Log10(partial pressure [mbar])                    :       -13.15367
 Free energy of molecule in mix (E_COSMO+dE+Mu)    :   -495309.20179 kcal/mol
 Total mean interaction energy in the mix (H_int)  :        -4.76377 kcal/mol
 Misfit interaction energy in the mix (H_MF)       :         6.76689 kcal/mol
 H-Bond interaction energy in the mix (H_HB)       :        -2.52734 kcal/mol
 VdW interaction energy in the mix (H_vdW)         :        -9.00332 kcal/mol
 Ln(Activity coefficient)                          :         0.00000


----------------
 END job       2
----------------
