 -----------------------------------------------------------
 BIOVIA COSMOtherm Version 2019 (build: 19.0.5 [65f0de1d5f])
 -----------------------------------------------------------

 Copyright (C) 1999-2019, Dassault Systemes BIOVIA corp, all rights reserved

 Job name   : !! generated by COSMOthermX !!
 Job date   : 09/16/2022
 Job time   : 14:10:00
 Hostname   : unknown
 OS type    : unknown
 Executable : Linux 64-bit

 Reading COSMOtherm parameter file BP_TZVP_C30_1701.ctd from directory /home/comp3/software/COSMOlogic/COSMOthermX19/COSMOtherm/CTDATA-FILES/OLDPARAM/
 Info: # COSMOtherm parameter file ./BP_TZVP_C30_1701.ctd for BP-TZVP optimized COSMO files                                                                  

 Reading COSMOtherm license key license.txt from directory /home/comp3/software/COSMOlogic/COSMOthermX19/licensefiles/

 COSMOtherm license key expiration date 04/26/2025
 COSMOtherm license key version 21
 Customer : 200000000032966
 ID       : LKO1978637

 License keys:
  product                   |    licensed version    | status
 ------------------------------------------------------------------------------ 
  COSMOtherm                |          21            | active
  TURBOMOLE                 |          21            | active
 ------------------------------------------------------------------------------ 
 
 Note: Vapor pressure / property file could not be found for compound 1
 Reading COSMO information for compound 1 conformer 1 from file /home/comp3/Desktop/Nastya/DES/cosmo/VMXUWOKSQNHOCA-UKTHLTGXSA-N.cosmo
 Note: Gas phase energy file could not be found for compound 1 conformer 1
 Note: converting Gaussian COSMO-file information of compound 1 conformer 1
 
 Note: Vapor pressure / property file could not be found for compound 2
 Reading COSMO information for compound 2 conformer 1 from file /home/comp3/Desktop/Nastya/DES/cosmo/BSYNRYMUTXBXSQ-UHFFFAOYSA-N.cosmo
 Note: Gas phase energy file could not be found for compound 2 conformer 1
 Note: converting Gaussian COSMO-file information of compound 2 conformer 1


 --- Compound 1 (VMXUWOKSQNHOCA-UKTHLTGXSA-N) ---

 Compound Information for compound 1 conformer 1 (COSMO file /home/comp3/Desktop/Nastya/DES/cosmo/VMXUWOKSQNHOCA-UKTHLTGXSA-N.cosmo)
 Atomic weights         : 1111111111111111111111111111111111111111111
 E_COSMO+dE             :    -848261.6873 kcal/mol
 E_gas                  :    -848239.0930 kcal/mol
 E_COSMO-E_gas+dE       :        -22.5943 kcal/mol
 E_diel                 :        -33.8410 kcal/mol
 Averaging corr dE      :          1.0944 kcal/mol
 Area                   :        360.8218 A^2
 Volume                 :        383.6129 A^3
 Molecular Weight       :        314.4056 a.m.u.
 Total COSMO charge     :          0.0093 a.u.
 Dipole moment (t,x,y,z):         15.0375  9.328404 -1.18E+01 -0.220545 Debye                            
 Sigma moments (1-6)    :          0.0000  1.68E+02  7.61E+01  2.40E+02  2.10E+02  5.24E+02              
 H-bond moment (accept) :          8.3623
 H-bond moment (donor)  :          1.6060
 
 WARNING: QM computation level of compound 1 conformer 1 could not be determined - it may differ from the QM level of the parameter set.
 No gas phase energy for compound 1 conformer 1 specified, thus it will be estimated


 --- Compound 2 (BSYNRYMUTXBXSQ-UHFFFAOYSA-N) ---

 Compound Information for compound 2 conformer 1 (COSMO file /home/comp3/Desktop/Nastya/DES/cosmo/BSYNRYMUTXBXSQ-UHFFFAOYSA-N.cosmo)
 Atomic weights         : 111111111111111111111
 E_COSMO+dE             :    -407222.2675 kcal/mol
 E_gas                  :    -407212.4772 kcal/mol
 E_COSMO-E_gas+dE       :         -9.7903 kcal/mol
 E_diel                 :        -13.4947 kcal/mol
 Averaging corr dE      :          0.7529 kcal/mol
 Area                   :        199.6929 A^2
 Volume                 :        205.4205 A^3
 Molecular Weight       :        180.1583 a.m.u.
 Total COSMO charge     :          0.0021 a.u.
 Dipole moment (t,x,y,z):          2.9372  2.299910  0.989224 -1.535928 Debye                            
 Sigma moments (1-6)    :          0.0000  9.35E+01 -4.680367  1.35E+02 -6.37E+01  3.12E+02              
 H-bond moment (accept) :          1.5569
 H-bond moment (donor)  :          3.5158
 
 WARNING: QM computation level of compound 2 conformer 1 could not be determined - it may differ from the QM level of the parameter set.
 No gas phase energy for compound 2 conformer 1 specified, thus it will be estimated


 Total number of processed compounds:    2


----------------
 START job     1
----------------

 --------------------------------------------------------------------------------
 Computation of activity coefficients gamma at infinite dilution in compound    1
 --------------------------------------------------------------------------------



 Results for mixture 1
 ---------------------
 Temperature          :    298.150 K
 Compound Nr.         :         1         2
 Compound             : VMXUWOKSQ BSYNRYMUT
 Mole Fraction        :    1.0000    0.0000

 Compound: 1  (VMXUWOKSQNHOCA-UKTHLTGXSA-N)
 Chemical potential of the compound in the mixture :        -3.18584 kcal/mol
 Log10(partial pressure [mbar])                    :       -12.01529
 Free energy of molecule in mix (E_COSMO+dE+Mu)    :   -848264.87313 kcal/mol
 Total mean interaction energy in the mix (H_int)  :       -12.20891 kcal/mol
 Misfit interaction energy in the mix (H_MF)       :         6.86797 kcal/mol
 H-Bond interaction energy in the mix (H_HB)       :        -1.80668 kcal/mol
 VdW interaction energy in the mix (H_vdW)         :       -17.27021 kcal/mol




 Results for mixture 2
 ---------------------
 Temperature          :    298.150 K
 Compound Nr.         :         1         2
 Compound             : VMXUWOKSQ BSYNRYMUT
 Mole Fraction        :    0.0000    1.0000

 Compound: 2  (BSYNRYMUTXBXSQ-UHFFFAOYSA-N)
 Chemical potential of the compound in the mixture :        -3.21846 kcal/mol
 Log10(partial pressure [mbar])                    :        -2.79228
 Free energy of molecule in mix (E_COSMO+dE+Mu)    :   -407225.48597 kcal/mol
 Total mean interaction energy in the mix (H_int)  :        -9.11896 kcal/mol
 Misfit interaction energy in the mix (H_MF)       :         2.84611 kcal/mol
 H-Bond interaction energy in the mix (H_HB)       :        -3.15102 kcal/mol
 VdW interaction energy in the mix (H_vdW)         :        -8.81405 kcal/mol




 Results for mixture 3
 ---------------------
 Temperature          :    298.150 K
 Compound Nr.         :         1         2
 Compound             : VMXUWOKSQ BSYNRYMUT
 Mole Fraction        :    1.0000    0.0000

 Compound: 1  (VMXUWOKSQNHOCA-UKTHLTGXSA-N)
 Chemical potential of the compound in the mixture :        -3.18584 kcal/mol
 Log10(partial pressure [mbar])                    :       -12.01529
 Free energy of molecule in mix (E_COSMO+dE+Mu)    :   -848264.87313 kcal/mol
 Total mean interaction energy in the mix (H_int)  :       -12.20891 kcal/mol
 Misfit interaction energy in the mix (H_MF)       :         6.86797 kcal/mol
 H-Bond interaction energy in the mix (H_HB)       :        -1.80668 kcal/mol
 VdW interaction energy in the mix (H_vdW)         :       -17.27021 kcal/mol
 Ln(Activity coefficient)                          :         0.00000

 Compound: 2  (BSYNRYMUTXBXSQ-UHFFFAOYSA-N)
 Chemical potential of the compound in the mixture :        -4.81180 kcal/mol
 Log10(partial pressure [mbar])                    :        -3.96021
 Free energy of molecule in mix (E_COSMO+dE+Mu)    :   -407227.07932 kcal/mol
 Total mean interaction energy in the mix (H_int)  :       -10.56774 kcal/mol
 Misfit interaction energy in the mix (H_MF)       :         3.22864 kcal/mol
 H-Bond interaction energy in the mix (H_HB)       :        -4.53736 kcal/mol
 VdW interaction energy in the mix (H_vdW)         :        -9.25902 kcal/mol
 Ln(Activity coefficient)                          :        -2.68927


----------------
 END job       1
----------------
----------------
 START job     2
----------------

 --------------------------------------------------------------------------------
 Computation of activity coefficients gamma at infinite dilution in compound    2
 --------------------------------------------------------------------------------



 Results for mixture 4
 ---------------------
 Temperature          :    298.150 K
 Compound Nr.         :         1         2
 Compound             : VMXUWOKSQ BSYNRYMUT
 Mole Fraction        :    1.0000    0.0000

 Compound: 1  (VMXUWOKSQNHOCA-UKTHLTGXSA-N)
 Chemical potential of the compound in the mixture :        -3.18584 kcal/mol
 Log10(partial pressure [mbar])                    :       -12.01529
 Free energy of molecule in mix (E_COSMO+dE+Mu)    :   -848264.87313 kcal/mol
 Total mean interaction energy in the mix (H_int)  :       -12.20891 kcal/mol
 Misfit interaction energy in the mix (H_MF)       :         6.86797 kcal/mol
 H-Bond interaction energy in the mix (H_HB)       :        -1.80668 kcal/mol
 VdW interaction energy in the mix (H_vdW)         :       -17.27021 kcal/mol




 Results for mixture 5
 ---------------------
 Temperature          :    298.150 K
 Compound Nr.         :         1         2
 Compound             : VMXUWOKSQ BSYNRYMUT
 Mole Fraction        :    0.0000    1.0000

 Compound: 2  (BSYNRYMUTXBXSQ-UHFFFAOYSA-N)
 Chemical potential of the compound in the mixture :        -3.21846 kcal/mol
 Log10(partial pressure [mbar])                    :        -2.79228
 Free energy of molecule in mix (E_COSMO+dE+Mu)    :   -407225.48597 kcal/mol
 Total mean interaction energy in the mix (H_int)  :        -9.11896 kcal/mol
 Misfit interaction energy in the mix (H_MF)       :         2.84611 kcal/mol
 H-Bond interaction energy in the mix (H_HB)       :        -3.15102 kcal/mol
 VdW interaction energy in the mix (H_vdW)         :        -8.81405 kcal/mol




 Results for mixture 6
 ---------------------
 Temperature          :    298.150 K
 Compound Nr.         :         1         2
 Compound             : VMXUWOKSQ BSYNRYMUT
 Mole Fraction        :    0.0000    1.0000

 Compound: 1  (VMXUWOKSQNHOCA-UKTHLTGXSA-N)
 Chemical potential of the compound in the mixture :        -6.42524 kcal/mol
 Log10(partial pressure [mbar])                    :       -14.38979
 Free energy of molecule in mix (E_COSMO+dE+Mu)    :   -848268.11254 kcal/mol
 Total mean interaction energy in the mix (H_int)  :       -21.86516 kcal/mol
 Misfit interaction energy in the mix (H_MF)       :         5.31500 kcal/mol
 H-Bond interaction energy in the mix (H_HB)       :       -10.48293 kcal/mol
 VdW interaction energy in the mix (H_vdW)         :       -16.69723 kcal/mol
 Ln(Activity coefficient)                          :        -5.46749

 Compound: 2  (BSYNRYMUTXBXSQ-UHFFFAOYSA-N)
 Chemical potential of the compound in the mixture :        -3.21846 kcal/mol
 Log10(partial pressure [mbar])                    :        -2.79228
 Free energy of molecule in mix (E_COSMO+dE+Mu)    :   -407225.48597 kcal/mol
 Total mean interaction energy in the mix (H_int)  :        -9.11896 kcal/mol
 Misfit interaction energy in the mix (H_MF)       :         2.84611 kcal/mol
 H-Bond interaction energy in the mix (H_HB)       :        -3.15102 kcal/mol
 VdW interaction energy in the mix (H_vdW)         :        -8.81405 kcal/mol
 Ln(Activity coefficient)                          :         0.00000


----------------
 END job       2
----------------
