 -----------------------------------------------------------
 BIOVIA COSMOtherm Version 2019 (build: 19.0.5 [65f0de1d5f])
 -----------------------------------------------------------

 Copyright (C) 1999-2019, Dassault Systemes BIOVIA corp, all rights reserved

 Job name   : !! generated by COSMOthermX !!
 Job date   : 09/16/2022
 Job time   : 14:08:23
 Hostname   : unknown
 OS type    : unknown
 Executable : Linux 64-bit

 Reading COSMOtherm parameter file BP_TZVP_C30_1701.ctd from directory /home/comp3/software/COSMOlogic/COSMOthermX19/COSMOtherm/CTDATA-FILES/OLDPARAM/
 Info: # COSMOtherm parameter file ./BP_TZVP_C30_1701.ctd for BP-TZVP optimized COSMO files                                                                  

 Reading COSMOtherm license key license.txt from directory /home/comp3/software/COSMOlogic/COSMOthermX19/licensefiles/

 COSMOtherm license key expiration date 04/26/2025
 COSMOtherm license key version 21
 Customer : 200000000032966
 ID       : LKO1978637

 License keys:
  product                   |    licensed version    | status
 ------------------------------------------------------------------------------ 
  COSMOtherm                |          21            | active
  TURBOMOLE                 |          21            | active
 ------------------------------------------------------------------------------ 
 
 Note: Vapor pressure / property file could not be found for compound 1
 Reading COSMO information for compound 1 conformer 1 from file /home/comp3/Desktop/Nastya/DES/cosmo/WEEGYLXZBRQIMU-UHFFFAOYSA-N.cosmo
 Note: Gas phase energy file could not be found for compound 1 conformer 1
 Note: converting Gaussian COSMO-file information of compound 1 conformer 1
 
 Note: Vapor pressure / property file could not be found for compound 2
 Reading COSMO information for compound 2 conformer 1 from file /home/comp3/Desktop/Nastya/DES/cosmo/HEFNNWSXXWATRW-UHFFFAOYSA-N.cosmo
 Note: Gas phase energy file could not be found for compound 2 conformer 1
 Note: converting Gaussian COSMO-file information of compound 2 conformer 1


 --- Compound 1 (WEEGYLXZBRQIMU-UHFFFAOYSA-N) ---

 Compound Information for compound 1 conformer 1 (COSMO file /home/comp3/Desktop/Nastya/DES/cosmo/WEEGYLXZBRQIMU-UHFFFAOYSA-N.cosmo)
 Atomic weights         : 11111111111111111111111111111
 E_COSMO+dE             :    -293222.4045 kcal/mol
 E_gas                  :    -293218.8725 kcal/mol
 E_COSMO-E_gas+dE       :         -3.5320 kcal/mol
 E_diel                 :         -4.5480 kcal/mol
 Averaging corr dE      :          0.3101 kcal/mol
 Area                   :        191.8016 A^2
 Volume                 :        213.2661 A^3
 Molecular Weight       :        154.2503 a.m.u.
 Total COSMO charge     :         -0.0052 a.u.
 Dipole moment (t,x,y,z):          2.4902  0.067306  2.489191  0.026687 Debye                            
 Sigma moments (1-6)    :          0.0000  3.24E+01  2.97E+01  5.07E+01  8.03E+01  1.35E+02              
 H-bond moment (accept) :          2.5367
 H-bond moment (donor)  :          0.0000
 
 WARNING: QM computation level of compound 1 conformer 1 could not be determined - it may differ from the QM level of the parameter set.
 No gas phase energy for compound 1 conformer 1 specified, thus it will be estimated


 --- Compound 2 (HEFNNWSXXWATRW-UHFFFAOYSA-N) ---

 Compound Information for compound 2 conformer 1 (COSMO file /home/comp3/Desktop/Nastya/DES/cosmo/HEFNNWSXXWATRW-UHFFFAOYSA-N.cosmo)
 Atomic weights         : 111111111111111111111111111111111
 E_COSMO+dE             :    -412229.3612 kcal/mol
 E_gas                  :    -412221.4418 kcal/mol
 E_COSMO-E_gas+dE       :         -7.9194 kcal/mol
 E_diel                 :        -10.6830 kcal/mol
 Averaging corr dE      :          0.6404 kcal/mol
 Area                   :        256.5874 A^2
 Volume                 :        279.8755 A^3
 Molecular Weight       :        206.2820 a.m.u.
 Total COSMO charge     :         -0.0027 a.u.
 Dipole moment (t,x,y,z):          2.5554  1.065317 -1.104739  2.043154 Debye                            
 Sigma moments (1-6)    :          0.0000  7.86E+01 -3.156244  1.12E+02 -5.20E+01  2.69E+02              
 H-bond moment (accept) :          1.6159
 H-bond moment (donor)  :          3.2289
 
 WARNING: QM computation level of compound 2 conformer 1 could not be determined - it may differ from the QM level of the parameter set.
 No gas phase energy for compound 2 conformer 1 specified, thus it will be estimated


 Total number of processed compounds:    2


----------------
 START job     1
----------------

 --------------------------------------------------------------------------------
 Computation of activity coefficients gamma at infinite dilution in compound    1
 --------------------------------------------------------------------------------



 Results for mixture 1
 ---------------------
 Temperature          :    298.150 K
 Compound Nr.         :         1         2
 Compound             : WEEGYLXZB HEFNNWSXX
 Mole Fraction        :    1.0000    0.0000

 Compound: 1  (WEEGYLXZBRQIMU-UHFFFAOYSA-N)
 Chemical potential of the compound in the mixture :        -5.59087 kcal/mol
 Log10(partial pressure [mbar])                    :        -0.22088
 Free energy of molecule in mix (E_COSMO+dE+Mu)    :   -293227.99536 kcal/mol
 Total mean interaction energy in the mix (H_int)  :        -7.70830 kcal/mol
 Misfit interaction energy in the mix (H_MF)       :         1.79094 kcal/mol
 H-Bond interaction energy in the mix (H_HB)       :         0.00000 kcal/mol
 VdW interaction energy in the mix (H_vdW)         :        -9.49924 kcal/mol




 Results for mixture 2
 ---------------------
 Temperature          :    298.150 K
 Compound Nr.         :         1         2
 Compound             : WEEGYLXZB HEFNNWSXX
 Mole Fraction        :    0.0000    1.0000

 Compound: 2  (HEFNNWSXXWATRW-UHFFFAOYSA-N)
 Chemical potential of the compound in the mixture :        -5.66196 kcal/mol
 Log10(partial pressure [mbar])                    :        -3.21202
 Free energy of molecule in mix (E_COSMO+dE+Mu)    :   -412235.02315 kcal/mol
 Total mean interaction energy in the mix (H_int)  :       -12.50150 kcal/mol
 Misfit interaction energy in the mix (H_MF)       :         2.83498 kcal/mol
 H-Bond interaction energy in the mix (H_HB)       :        -3.30521 kcal/mol
 VdW interaction energy in the mix (H_vdW)         :       -12.03127 kcal/mol




 Results for mixture 3
 ---------------------
 Temperature          :    298.150 K
 Compound Nr.         :         1         2
 Compound             : WEEGYLXZB HEFNNWSXX
 Mole Fraction        :    1.0000    0.0000

 Compound: 1  (WEEGYLXZBRQIMU-UHFFFAOYSA-N)
 Chemical potential of the compound in the mixture :        -5.59087 kcal/mol
 Log10(partial pressure [mbar])                    :        -0.22088
 Free energy of molecule in mix (E_COSMO+dE+Mu)    :   -293227.99536 kcal/mol
 Total mean interaction energy in the mix (H_int)  :        -7.70830 kcal/mol
 Misfit interaction energy in the mix (H_MF)       :         1.79094 kcal/mol
 H-Bond interaction energy in the mix (H_HB)       :         0.00000 kcal/mol
 VdW interaction energy in the mix (H_vdW)         :        -9.49924 kcal/mol
 Ln(Activity coefficient)                          :         0.00000

 Compound: 2  (HEFNNWSXXWATRW-UHFFFAOYSA-N)
 Chemical potential of the compound in the mixture :        -7.06324 kcal/mol
 Log10(partial pressure [mbar])                    :        -4.23917
 Free energy of molecule in mix (E_COSMO+dE+Mu)    :   -412236.42444 kcal/mol
 Total mean interaction energy in the mix (H_int)  :       -13.58041 kcal/mol
 Misfit interaction energy in the mix (H_MF)       :         2.94741 kcal/mol
 H-Bond interaction energy in the mix (H_HB)       :        -4.29626 kcal/mol
 VdW interaction energy in the mix (H_vdW)         :       -12.23157 kcal/mol
 Ln(Activity coefficient)                          :        -2.36510


----------------
 END job       1
----------------
----------------
 START job     2
----------------

 --------------------------------------------------------------------------------
 Computation of activity coefficients gamma at infinite dilution in compound    2
 --------------------------------------------------------------------------------



 Results for mixture 4
 ---------------------
 Temperature          :    298.150 K
 Compound Nr.         :         1         2
 Compound             : WEEGYLXZB HEFNNWSXX
 Mole Fraction        :    1.0000    0.0000

 Compound: 1  (WEEGYLXZBRQIMU-UHFFFAOYSA-N)
 Chemical potential of the compound in the mixture :        -5.59087 kcal/mol
 Log10(partial pressure [mbar])                    :        -0.22088
 Free energy of molecule in mix (E_COSMO+dE+Mu)    :   -293227.99536 kcal/mol
 Total mean interaction energy in the mix (H_int)  :        -7.70830 kcal/mol
 Misfit interaction energy in the mix (H_MF)       :         1.79094 kcal/mol
 H-Bond interaction energy in the mix (H_HB)       :         0.00000 kcal/mol
 VdW interaction energy in the mix (H_vdW)         :        -9.49924 kcal/mol




 Results for mixture 5
 ---------------------
 Temperature          :    298.150 K
 Compound Nr.         :         1         2
 Compound             : WEEGYLXZB HEFNNWSXX
 Mole Fraction        :    0.0000    1.0000

 Compound: 2  (HEFNNWSXXWATRW-UHFFFAOYSA-N)
 Chemical potential of the compound in the mixture :        -5.66196 kcal/mol
 Log10(partial pressure [mbar])                    :        -3.21202
 Free energy of molecule in mix (E_COSMO+dE+Mu)    :   -412235.02315 kcal/mol
 Total mean interaction energy in the mix (H_int)  :       -12.50150 kcal/mol
 Misfit interaction energy in the mix (H_MF)       :         2.83498 kcal/mol
 H-Bond interaction energy in the mix (H_HB)       :        -3.30521 kcal/mol
 VdW interaction energy in the mix (H_vdW)         :       -12.03127 kcal/mol




 Results for mixture 6
 ---------------------
 Temperature          :    298.150 K
 Compound Nr.         :         1         2
 Compound             : WEEGYLXZB HEFNNWSXX
 Mole Fraction        :    0.0000    1.0000

 Compound: 1  (WEEGYLXZBRQIMU-UHFFFAOYSA-N)
 Chemical potential of the compound in the mixture :        -6.25118 kcal/mol
 Log10(partial pressure [mbar])                    :        -0.70490
 Free energy of molecule in mix (E_COSMO+dE+Mu)    :   -293228.65567 kcal/mol
 Total mean interaction energy in the mix (H_int)  :       -10.24555 kcal/mol
 Misfit interaction energy in the mix (H_MF)       :         1.67879 kcal/mol
 H-Bond interaction energy in the mix (H_HB)       :        -2.66866 kcal/mol
 VdW interaction energy in the mix (H_vdW)         :        -9.25568 kcal/mol
 Ln(Activity coefficient)                          :        -1.11448

 Compound: 2  (HEFNNWSXXWATRW-UHFFFAOYSA-N)
 Chemical potential of the compound in the mixture :        -5.66196 kcal/mol
 Log10(partial pressure [mbar])                    :        -3.21202
 Free energy of molecule in mix (E_COSMO+dE+Mu)    :   -412235.02315 kcal/mol
 Total mean interaction energy in the mix (H_int)  :       -12.50150 kcal/mol
 Misfit interaction energy in the mix (H_MF)       :         2.83498 kcal/mol
 H-Bond interaction energy in the mix (H_HB)       :        -3.30521 kcal/mol
 VdW interaction energy in the mix (H_vdW)         :       -12.03127 kcal/mol
 Ln(Activity coefficient)                          :         0.00000


----------------
 END job       2
----------------
