 -----------------------------------------------------------
 BIOVIA COSMOtherm Version 2019 (build: 19.0.5 [65f0de1d5f])
 -----------------------------------------------------------

 Copyright (C) 1999-2019, Dassault Systemes BIOVIA corp, all rights reserved

 Job name   : !! generated by COSMOthermX !!
 Job date   : 09/16/2022
 Job time   : 14:08:39
 Hostname   : unknown
 OS type    : unknown
 Executable : Linux 64-bit

 Reading COSMOtherm parameter file BP_TZVP_C30_1701.ctd from directory /home/comp3/software/COSMOlogic/COSMOthermX19/COSMOtherm/CTDATA-FILES/OLDPARAM/
 Info: # COSMOtherm parameter file ./BP_TZVP_C30_1701.ctd for BP-TZVP optimized COSMO files                                                                  

 Reading COSMOtherm license key license.txt from directory /home/comp3/software/COSMOlogic/COSMOthermX19/licensefiles/

 COSMOtherm license key expiration date 04/26/2025
 COSMOtherm license key version 21
 Customer : 200000000032966
 ID       : LKO1978637

 License keys:
  product                   |    licensed version    | status
 ------------------------------------------------------------------------------ 
  COSMOtherm                |          21            | active
  TURBOMOLE                 |          21            | active
 ------------------------------------------------------------------------------ 
 
 Note: Vapor pressure / property file could not be found for compound 1
 Reading COSMO information for compound 1 conformer 1 from file /home/comp3/Desktop/Nastya/DES/cosmo/WWZKQHOCKIZLMA-UHFFFAOYSA-N.cosmo
 Note: Gas phase energy file could not be found for compound 1 conformer 1
 Note: converting Gaussian COSMO-file information of compound 1 conformer 1
 
 Note: Vapor pressure / property file could not be found for compound 2
 Reading COSMO information for compound 2 conformer 1 from file /home/comp3/Desktop/Nastya/DES/cosmo/GHVNFZFCNZKVNT-UHFFFAOYSA-N.cosmo
 Note: Gas phase energy file could not be found for compound 2 conformer 1
 Note: converting Gaussian COSMO-file information of compound 2 conformer 1


 --- Compound 1 (WWZKQHOCKIZLMA-UHFFFAOYSA-N) ---

 Compound Information for compound 1 conformer 1 (COSMO file /home/comp3/Desktop/Nastya/DES/cosmo/WWZKQHOCKIZLMA-UHFFFAOYSA-N.cosmo)
 Atomic weights         : 11111111111111111111111111
 E_COSMO+dE             :    -291876.6847 kcal/mol
 E_gas                  :    -291870.1685 kcal/mol
 E_COSMO-E_gas+dE       :         -6.5163 kcal/mol
 E_diel                 :         -8.6800 kcal/mol
 Averaging corr dE      :          0.5620 kcal/mol
 Area                   :        210.8442 A^2
 Volume                 :        205.6622 A^3
 Molecular Weight       :        144.2123 a.m.u.
 Total COSMO charge     :         -0.0034 a.u.
 Dipole moment (t,x,y,z):          2.2928 -0.606376 -2.211132 -0.000460 Debye                            
 Sigma moments (1-6)    :          0.0000  6.65E+01  2.546047  1.10E+02 -3.82E+01  2.61E+02              
 H-bond moment (accept) :          1.7688
 H-bond moment (donor)  :          3.0695
 
 WARNING: QM computation level of compound 1 conformer 1 could not be determined - it may differ from the QM level of the parameter set.
 No gas phase energy for compound 1 conformer 1 specified, thus it will be estimated


 --- Compound 2 (GHVNFZFCNZKVNT-UHFFFAOYSA-N) ---

 Compound Information for compound 2 conformer 1 (COSMO file /home/comp3/Desktop/Nastya/DES/cosmo/GHVNFZFCNZKVNT-UHFFFAOYSA-N.cosmo)
 Atomic weights         : 11111111111111111111111111111111
 E_COSMO+dE             :    -341228.4087 kcal/mol
 E_gas                  :    -341221.8182 kcal/mol
 E_COSMO-E_gas+dE       :         -6.5905 kcal/mol
 E_diel                 :         -8.7806 kcal/mol
 Averaging corr dE      :          0.5636 kcal/mol
 Area                   :        251.5038 A^2
 Volume                 :        251.0810 A^3
 Molecular Weight       :        172.2656 a.m.u.
 Total COSMO charge     :         -0.0042 a.u.
 Dipole moment (t,x,y,z):          2.7231 -1.896075  0.952154 -1.706973 Debye                            
 Sigma moments (1-6)    :          0.0000  6.73E+01  3.907905  1.11E+02 -3.63E+01  2.65E+02              
 H-bond moment (accept) :          1.8764
 H-bond moment (donor)  :          3.0810
 
 WARNING: QM computation level of compound 2 conformer 1 could not be determined - it may differ from the QM level of the parameter set.
 No gas phase energy for compound 2 conformer 1 specified, thus it will be estimated


 Total number of processed compounds:    2


----------------
 START job     1
----------------

 --------------------------------------------------------------------------------
 Computation of activity coefficients gamma at infinite dilution in compound    1
 --------------------------------------------------------------------------------



 Results for mixture 1
 ---------------------
 Temperature          :    298.150 K
 Compound Nr.         :         1         2
 Compound             : WWZKQHOCK GHVNFZFCN
 Mole Fraction        :    1.0000    0.0000

 Compound: 1  (WWZKQHOCKIZLMA-UHFFFAOYSA-N)
 Chemical potential of the compound in the mixture :        -4.93894 kcal/mol
 Log10(partial pressure [mbar])                    :        -0.82264
 Free energy of molecule in mix (E_COSMO+dE+Mu)    :   -291881.62369 kcal/mol
 Total mean interaction energy in the mix (H_int)  :       -11.01276 kcal/mol
 Misfit interaction energy in the mix (H_MF)       :         2.18850 kcal/mol
 H-Bond interaction energy in the mix (H_HB)       :        -3.45142 kcal/mol
 VdW interaction energy in the mix (H_vdW)         :        -9.74985 kcal/mol




 Results for mixture 2
 ---------------------
 Temperature          :    298.150 K
 Compound Nr.         :         1         2
 Compound             : WWZKQHOCK GHVNFZFCN
 Mole Fraction        :    0.0000    1.0000

 Compound: 2  (GHVNFZFCNZKVNT-UHFFFAOYSA-N)
 Chemical potential of the compound in the mixture :        -6.18421 kcal/mol
 Log10(partial pressure [mbar])                    :        -1.78984
 Free energy of molecule in mix (E_COSMO+dE+Mu)    :   -341234.59288 kcal/mol
 Total mean interaction energy in the mix (H_int)  :       -13.06374 kcal/mol
 Misfit interaction energy in the mix (H_MF)       :         2.26430 kcal/mol
 H-Bond interaction energy in the mix (H_HB)       :        -3.53987 kcal/mol
 VdW interaction energy in the mix (H_vdW)         :       -11.78818 kcal/mol




 Results for mixture 3
 ---------------------
 Temperature          :    298.150 K
 Compound Nr.         :         1         2
 Compound             : WWZKQHOCK GHVNFZFCN
 Mole Fraction        :    1.0000    0.0000

 Compound: 1  (WWZKQHOCKIZLMA-UHFFFAOYSA-N)
 Chemical potential of the compound in the mixture :        -4.93894 kcal/mol
 Log10(partial pressure [mbar])                    :        -0.82264
 Free energy of molecule in mix (E_COSMO+dE+Mu)    :   -291881.62369 kcal/mol
 Total mean interaction energy in the mix (H_int)  :       -11.01276 kcal/mol
 Misfit interaction energy in the mix (H_MF)       :         2.18850 kcal/mol
 H-Bond interaction energy in the mix (H_HB)       :        -3.45142 kcal/mol
 VdW interaction energy in the mix (H_vdW)         :        -9.74985 kcal/mol
 Ln(Activity coefficient)                          :         0.00000

 Compound: 2  (GHVNFZFCNZKVNT-UHFFFAOYSA-N)
 Chemical potential of the compound in the mixture :        -6.17038 kcal/mol
 Log10(partial pressure [mbar])                    :        -1.77971
 Free energy of molecule in mix (E_COSMO+dE+Mu)    :   -341234.57905 kcal/mol
 Total mean interaction energy in the mix (H_int)  :       -12.89903 kcal/mol
 Misfit interaction energy in the mix (H_MF)       :         2.41392 kcal/mol
 H-Bond interaction energy in the mix (H_HB)       :        -3.58838 kcal/mol
 VdW interaction energy in the mix (H_vdW)         :       -11.72457 kcal/mol
 Ln(Activity coefficient)                          :         0.02334


----------------
 END job       1
----------------
----------------
 START job     2
----------------

 --------------------------------------------------------------------------------
 Computation of activity coefficients gamma at infinite dilution in compound    2
 --------------------------------------------------------------------------------



 Results for mixture 4
 ---------------------
 Temperature          :    298.150 K
 Compound Nr.         :         1         2
 Compound             : WWZKQHOCK GHVNFZFCN
 Mole Fraction        :    1.0000    0.0000

 Compound: 1  (WWZKQHOCKIZLMA-UHFFFAOYSA-N)
 Chemical potential of the compound in the mixture :        -4.93894 kcal/mol
 Log10(partial pressure [mbar])                    :        -0.82264
 Free energy of molecule in mix (E_COSMO+dE+Mu)    :   -291881.62369 kcal/mol
 Total mean interaction energy in the mix (H_int)  :       -11.01276 kcal/mol
 Misfit interaction energy in the mix (H_MF)       :         2.18850 kcal/mol
 H-Bond interaction energy in the mix (H_HB)       :        -3.45142 kcal/mol
 VdW interaction energy in the mix (H_vdW)         :        -9.74985 kcal/mol




 Results for mixture 5
 ---------------------
 Temperature          :    298.150 K
 Compound Nr.         :         1         2
 Compound             : WWZKQHOCK GHVNFZFCN
 Mole Fraction        :    0.0000    1.0000

 Compound: 2  (GHVNFZFCNZKVNT-UHFFFAOYSA-N)
 Chemical potential of the compound in the mixture :        -6.18421 kcal/mol
 Log10(partial pressure [mbar])                    :        -1.78984
 Free energy of molecule in mix (E_COSMO+dE+Mu)    :   -341234.59288 kcal/mol
 Total mean interaction energy in the mix (H_int)  :       -13.06374 kcal/mol
 Misfit interaction energy in the mix (H_MF)       :         2.26430 kcal/mol
 H-Bond interaction energy in the mix (H_HB)       :        -3.53987 kcal/mol
 VdW interaction energy in the mix (H_vdW)         :       -11.78818 kcal/mol




 Results for mixture 6
 ---------------------
 Temperature          :    298.150 K
 Compound Nr.         :         1         2
 Compound             : WWZKQHOCK GHVNFZFCN
 Mole Fraction        :    0.0000    1.0000

 Compound: 1  (WWZKQHOCKIZLMA-UHFFFAOYSA-N)
 Chemical potential of the compound in the mixture :        -4.92730 kcal/mol
 Log10(partial pressure [mbar])                    :        -0.81411
 Free energy of molecule in mix (E_COSMO+dE+Mu)    :   -291881.61204 kcal/mol
 Total mean interaction energy in the mix (H_int)  :       -11.12501 kcal/mol
 Misfit interaction energy in the mix (H_MF)       :         2.08243 kcal/mol
 H-Bond interaction energy in the mix (H_HB)       :        -3.40498 kcal/mol
 VdW interaction energy in the mix (H_vdW)         :        -9.80245 kcal/mol
 Ln(Activity coefficient)                          :         0.01965

 Compound: 2  (GHVNFZFCNZKVNT-UHFFFAOYSA-N)
 Chemical potential of the compound in the mixture :        -6.18421 kcal/mol
 Log10(partial pressure [mbar])                    :        -1.78984
 Free energy of molecule in mix (E_COSMO+dE+Mu)    :   -341234.59288 kcal/mol
 Total mean interaction energy in the mix (H_int)  :       -13.06374 kcal/mol
 Misfit interaction energy in the mix (H_MF)       :         2.26430 kcal/mol
 H-Bond interaction energy in the mix (H_HB)       :        -3.53987 kcal/mol
 VdW interaction energy in the mix (H_vdW)         :       -11.78818 kcal/mol
 Ln(Activity coefficient)                          :         0.00000


----------------
 END job       2
----------------
