 -----------------------------------------------------------
 BIOVIA COSMOtherm Version 2019 (build: 19.0.5 [65f0de1d5f])
 -----------------------------------------------------------

 Copyright (C) 1999-2019, Dassault Systemes BIOVIA corp, all rights reserved

 Job name   : !! generated by COSMOthermX !!
 Job date   : 09/16/2022
 Job time   : 14:10:00
 Hostname   : unknown
 OS type    : unknown
 Executable : Linux 64-bit

 Reading COSMOtherm parameter file BP_TZVP_C30_1701.ctd from directory /home/comp3/software/COSMOlogic/COSMOthermX19/COSMOtherm/CTDATA-FILES/OLDPARAM/
 Info: # COSMOtherm parameter file ./BP_TZVP_C30_1701.ctd for BP-TZVP optimized COSMO files                                                                  

 Reading COSMOtherm license key license.txt from directory /home/comp3/software/COSMOlogic/COSMOthermX19/licensefiles/

 COSMOtherm license key expiration date 04/26/2025
 COSMOtherm license key version 21
 Customer : 200000000032966
 ID       : LKO1978637

 License keys:
  product                   |    licensed version    | status
 ------------------------------------------------------------------------------ 
  COSMOtherm                |          21            | active
  TURBOMOLE                 |          21            | active
 ------------------------------------------------------------------------------ 
 
 Reading vapor pressure and property information for compound 1 from file /home/comp3/Desktop/Nastya/DES/cosmo/XBDQKXXYIPTUBI-UHFFFAOYSA-N.vap
 Reading COSMO information for compound 1 conformer 1 from file /home/comp3/Desktop/Nastya/DES/cosmo/XBDQKXXYIPTUBI-UHFFFAOYSA-N.cosmo
 Note: Gas phase energy file could not be found for compound 1 conformer 1
 Note: converting Gaussian COSMO-file information of compound 1 conformer 1
 
 Note: Vapor pressure / property file could not be found for compound 2
 Reading COSMO information for compound 2 conformer 1 from file /home/comp3/Desktop/Nastya/DES/cosmo/JRMUNVKIHCOMHV-UHFFFAOYSA-M.cosmo
 Note: Gas phase energy file could not be found for compound 2 conformer 1
 Note: converting Gaussian COSMO-file information of compound 2 conformer 1


 --- Compound 1 (XBDQKXXYIPTUBI-UHFFFAOYSA-N) ---

 Compound Information for compound 1 conformer 1 (COSMO file /home/comp3/Desktop/Nastya/DES/cosmo/XBDQKXXYIPTUBI-UHFFFAOYSA-N.cosmo)
 Atomic weights         : 11111111111
 E_COSMO+dE             :    -168494.8790 kcal/mol
 E_gas                  :    -168488.5245 kcal/mol
 E_COSMO-E_gas+dE       :         -6.3545 kcal/mol
 E_diel                 :         -8.3871 kcal/mol
 Averaging corr dE      :          0.5024 kcal/mol
 Area                   :        111.1863 A^2
 Volume                 :         95.6033 A^3
 Molecular Weight       :         74.0789 a.m.u.
 Total COSMO charge     :          0.0006 a.u.
 Dipole moment (t,x,y,z):          2.4656  1.810695  1.557231  0.612750 Debye                            
 Sigma moments (1-6)    :          0.0000  6.34E+01  1.126804  1.12E+02 -4.04E+01  2.70E+02              
 H-bond moment (accept) :          1.8571
 H-bond moment (donor)  :          3.1491
 
 WARNING: QM computation level of compound 1 conformer 1 could not be determined - it may differ from the QM level of the parameter set.
 No gas phase energy for compound 1 conformer 1 specified, thus it will be estimated


 --- Compound 2 (JRMUNVKIHCOMHV-UHFFFAOYSA-M) ---

 Compound Information for compound 2 conformer 1 (COSMO file /home/comp3/Desktop/Nastya/DES/cosmo/JRMUNVKIHCOMHV-UHFFFAOYSA-M.cosmo)
 Atomic weights         : 111111111111111111111111111111111111111111111111111111
 E_COSMO+dE             :   -2046184.8166 kcal/mol
 E_gas                  :   -2046158.0223 kcal/mol
 E_COSMO-E_gas+dE       :        -26.7942 kcal/mol
 E_diel                 :        -39.0736 kcal/mol
 Averaging corr dE      :          0.5573 kcal/mol
 Area                   :        340.2586 A^2
 Volume                 :        417.7631 A^3
 Molecular Weight       :        322.3694 a.m.u.
 Total COSMO charge     :          0.0094 a.u.
 Dipole moment (t,x,y,z):         19.1244 -1.90E+01  1.879314  0.348338 Debye                            
 Sigma moments (1-6)    :          0.0000  1.58E+02  1.50E+02  3.16E+02  4.43E+02  7.98E+02              
 H-bond moment (accept) :         17.0031
 H-bond moment (donor)  :          0.4091
 
 WARNING: QM computation level of compound 2 conformer 1 could not be determined - it may differ from the QM level of the parameter set.
 No gas phase energy for compound 2 conformer 1 specified, thus it will be estimated


 Total number of processed compounds:    2


----------------
 START job     1
----------------

 --------------------------------------------------------------------------------
 Computation of activity coefficients gamma at infinite dilution in compound    1
 --------------------------------------------------------------------------------



 Results for mixture 1
 ---------------------
 Temperature          :    298.150 K
 Compound Nr.         :         1         2
 Compound             : XBDQKXXYI JRMUNVKIH
 Mole Fraction        :    1.0000    0.0000

 Compound: 1  (XBDQKXXYIPTUBI-UHFFFAOYSA-N)
 Chemical potential of the compound in the mixture :        -2.26680 kcal/mol
 Log10(partial pressure [mbar])                    :         1.25460
 Free energy of molecule in mix (E_COSMO+dE+Mu)    :   -168497.14579 kcal/mol
 Total mean interaction energy in the mix (H_int)  :        -6.84689 kcal/mol
 Misfit interaction energy in the mix (H_MF)       :         1.65337 kcal/mol
 H-Bond interaction energy in the mix (H_HB)       :        -3.83415 kcal/mol
 VdW interaction energy in the mix (H_vdW)         :        -4.66612 kcal/mol




 Results for mixture 2
 ---------------------
 Temperature          :    298.150 K
 Compound Nr.         :         1         2
 Compound             : XBDQKXXYI JRMUNVKIH
 Mole Fraction        :    0.0000    1.0000

 Compound: 2  (JRMUNVKIHCOMHV-UHFFFAOYSA-M)
 Chemical potential of the compound in the mixture :        -1.54470 kcal/mol
 Log10(partial pressure [mbar])                    :       -13.19851
 Free energy of molecule in mix (E_COSMO+dE+Mu)    :  -2046186.36127 kcal/mol
 Total mean interaction energy in the mix (H_int)  :        -9.53873 kcal/mol
 Misfit interaction energy in the mix (H_MF)       :         9.46163 kcal/mol
 H-Bond interaction energy in the mix (H_HB)       :        -1.30159 kcal/mol
 VdW interaction energy in the mix (H_vdW)         :       -17.69877 kcal/mol




 Results for mixture 3
 ---------------------
 Temperature          :    298.150 K
 Compound Nr.         :         1         2
 Compound             : XBDQKXXYI JRMUNVKIH
 Mole Fraction        :    1.0000    0.0000

 Compound: 1  (XBDQKXXYIPTUBI-UHFFFAOYSA-N)
 Chemical potential of the compound in the mixture :        -2.26680 kcal/mol
 Log10(partial pressure [mbar])                    :         1.25460
 Free energy of molecule in mix (E_COSMO+dE+Mu)    :   -168497.14579 kcal/mol
 Total mean interaction energy in the mix (H_int)  :        -6.84689 kcal/mol
 Misfit interaction energy in the mix (H_MF)       :         1.65337 kcal/mol
 H-Bond interaction energy in the mix (H_HB)       :        -3.83415 kcal/mol
 VdW interaction energy in the mix (H_vdW)         :        -4.66612 kcal/mol
 Ln(Activity coefficient)                          :         0.00000

 Compound: 2  (JRMUNVKIHCOMHV-UHFFFAOYSA-M)
 Chemical potential of the compound in the mixture :        -9.35055 kcal/mol
 Log10(partial pressure [mbar])                    :       -18.92023
 Free energy of molecule in mix (E_COSMO+dE+Mu)    :  -2046194.16712 kcal/mol
 Total mean interaction energy in the mix (H_int)  :       -31.07376 kcal/mol
 Misfit interaction energy in the mix (H_MF)       :         4.70799 kcal/mol
 H-Bond interaction energy in the mix (H_HB)       :       -19.82244 kcal/mol
 VdW interaction energy in the mix (H_vdW)         :       -15.95931 kcal/mol
 Ln(Activity coefficient)                          :       -13.17477


----------------
 END job       1
----------------
----------------
 START job     2
----------------

 --------------------------------------------------------------------------------
 Computation of activity coefficients gamma at infinite dilution in compound    2
 --------------------------------------------------------------------------------



 Results for mixture 4
 ---------------------
 Temperature          :    298.150 K
 Compound Nr.         :         1         2
 Compound             : XBDQKXXYI JRMUNVKIH
 Mole Fraction        :    1.0000    0.0000

 Compound: 1  (XBDQKXXYIPTUBI-UHFFFAOYSA-N)
 Chemical potential of the compound in the mixture :        -2.26680 kcal/mol
 Log10(partial pressure [mbar])                    :         1.25460
 Free energy of molecule in mix (E_COSMO+dE+Mu)    :   -168497.14579 kcal/mol
 Total mean interaction energy in the mix (H_int)  :        -6.84689 kcal/mol
 Misfit interaction energy in the mix (H_MF)       :         1.65337 kcal/mol
 H-Bond interaction energy in the mix (H_HB)       :        -3.83415 kcal/mol
 VdW interaction energy in the mix (H_vdW)         :        -4.66612 kcal/mol




 Results for mixture 5
 ---------------------
 Temperature          :    298.150 K
 Compound Nr.         :         1         2
 Compound             : XBDQKXXYI JRMUNVKIH
 Mole Fraction        :    0.0000    1.0000

 Compound: 2  (JRMUNVKIHCOMHV-UHFFFAOYSA-M)
 Chemical potential of the compound in the mixture :        -1.54470 kcal/mol
 Log10(partial pressure [mbar])                    :       -13.19851
 Free energy of molecule in mix (E_COSMO+dE+Mu)    :  -2046186.36127 kcal/mol
 Total mean interaction energy in the mix (H_int)  :        -9.53873 kcal/mol
 Misfit interaction energy in the mix (H_MF)       :         9.46163 kcal/mol
 H-Bond interaction energy in the mix (H_HB)       :        -1.30159 kcal/mol
 VdW interaction energy in the mix (H_vdW)         :       -17.69877 kcal/mol




 Results for mixture 6
 ---------------------
 Temperature          :    298.150 K
 Compound Nr.         :         1         2
 Compound             : XBDQKXXYI JRMUNVKIH
 Mole Fraction        :    0.0000    1.0000

 Compound: 1  (XBDQKXXYIPTUBI-UHFFFAOYSA-N)
 Chemical potential of the compound in the mixture :        -4.08610 kcal/mol
 Log10(partial pressure [mbar])                    :        -0.07895
 Free energy of molecule in mix (E_COSMO+dE+Mu)    :   -168498.96509 kcal/mol
 Total mean interaction energy in the mix (H_int)  :        -6.60183 kcal/mol
 Misfit interaction energy in the mix (H_MF)       :         2.30476 kcal/mol
 H-Bond interaction energy in the mix (H_HB)       :        -3.62174 kcal/mol
 VdW interaction energy in the mix (H_vdW)         :        -5.28485 kcal/mol
 Ln(Activity coefficient)                          :        -3.07063

 Compound: 2  (JRMUNVKIHCOMHV-UHFFFAOYSA-M)
 Chemical potential of the compound in the mixture :        -1.54470 kcal/mol
 Log10(partial pressure [mbar])                    :       -13.19851
 Free energy of molecule in mix (E_COSMO+dE+Mu)    :  -2046186.36127 kcal/mol
 Total mean interaction energy in the mix (H_int)  :        -9.53873 kcal/mol
 Misfit interaction energy in the mix (H_MF)       :         9.46163 kcal/mol
 H-Bond interaction energy in the mix (H_HB)       :        -1.30159 kcal/mol
 VdW interaction energy in the mix (H_vdW)         :       -17.69877 kcal/mol
 Ln(Activity coefficient)                          :         0.00000


----------------
 END job       2
----------------
