 -----------------------------------------------------------
 BIOVIA COSMOtherm Version 2019 (build: 19.0.5 [65f0de1d5f])
 -----------------------------------------------------------

 Copyright (C) 1999-2019, Dassault Systemes BIOVIA corp, all rights reserved

 Job name   : !! generated by COSMOthermX !!
 Job date   : 09/16/2022
 Job time   : 14:10:31
 Hostname   : unknown
 OS type    : unknown
 Executable : Linux 64-bit

 Reading COSMOtherm parameter file BP_TZVP_C30_1701.ctd from directory /home/comp3/software/COSMOlogic/COSMOthermX19/COSMOtherm/CTDATA-FILES/OLDPARAM/
 Info: # COSMOtherm parameter file ./BP_TZVP_C30_1701.ctd for BP-TZVP optimized COSMO files                                                                  

 Reading COSMOtherm license key license.txt from directory /home/comp3/software/COSMOlogic/COSMOthermX19/licensefiles/

 COSMOtherm license key expiration date 04/26/2025
 COSMOtherm license key version 21
 Customer : 200000000032966
 ID       : LKO1978637

 License keys:
  product                   |    licensed version    | status
 ------------------------------------------------------------------------------ 
  COSMOtherm                |          21            | active
  TURBOMOLE                 |          21            | active
 ------------------------------------------------------------------------------ 
 
 Note: Vapor pressure / property file could not be found for compound 1
 Reading COSMO information for compound 1 conformer 1 from file /home/comp3/Desktop/Nastya/DES/cosmo/XSQUKJJJFZCRTK-UHFFFAOYSA-N.cosmo
 Note: Gas phase energy file could not be found for compound 1 conformer 1
 Note: converting Gaussian COSMO-file information of compound 1 conformer 1
 
 Reading vapor pressure and property information for compound 2 from file /home/comp3/Desktop/Nastya/DES/cosmo/AOCYKHQUTWXPMC-UHFFFAOYSA-M.vap
 Reading COSMO information for compound 2 conformer 1 from file /home/comp3/Desktop/Nastya/DES/cosmo/AOCYKHQUTWXPMC-UHFFFAOYSA-M.cosmo
 Note: Gas phase energy file could not be found for compound 2 conformer 1
 Note: converting Gaussian COSMO-file information of compound 2 conformer 1


 --- Compound 1 (XSQUKJJJFZCRTK-UHFFFAOYSA-N) ---

 Compound Information for compound 1 conformer 1 (COSMO file /home/comp3/Desktop/Nastya/DES/cosmo/XSQUKJJJFZCRTK-UHFFFAOYSA-N.cosmo)
 Atomic weights         : 11111111
 E_COSMO+dE             :    -141431.9085 kcal/mol
 E_gas                  :    -141418.6467 kcal/mol
 E_COSMO-E_gas+dE       :        -13.2618 kcal/mol
 E_diel                 :        -18.7823 kcal/mol
 Averaging corr dE      :          0.7074 kcal/mol
 Area                   :         91.2342 A^2
 Volume                 :         72.4889 A^3
 Molecular Weight       :         60.0554 a.m.u.
 Total COSMO charge     :         -0.0009 a.u.
 Dipole moment (t,x,y,z):          6.0461 -0.002329 -6.046052  0.001486 Debye                            
 Sigma moments (1-6)    :          0.0000  1.15E+02  1.56E+01  2.50E+02  9.66E+01  6.42E+02              
 H-bond moment (accept) :          7.9246
 H-bond moment (donor)  :          4.9711
 
 WARNING: QM computation level of compound 1 conformer 1 could not be determined - it may differ from the QM level of the parameter set.
 No gas phase energy for compound 1 conformer 1 specified, thus it will be estimated


 --- Compound 2 (AOCYKHQUTWXPMC-UHFFFAOYSA-M) ---

 Compound Information for compound 2 conformer 1 (COSMO file /home/comp3/Desktop/Nastya/DES/cosmo/AOCYKHQUTWXPMC-UHFFFAOYSA-M.cosmo)
 Atomic weights         : 111111111111111111111
 E_COSMO+dE             :    -510382.9047 kcal/mol
 E_gas                  :    -510351.2108 kcal/mol
 E_COSMO-E_gas+dE       :        -31.6939 kcal/mol
 E_diel                 :        -46.2827 kcal/mol
 Averaging corr dE      :          0.7040 kcal/mol
 Area                   :        179.2798 A^2
 Volume                 :        186.0536 A^3
 Molecular Weight       :        141.6155 a.m.u.
 Total COSMO charge     :          0.0086 a.u.
 Dipole moment (t,x,y,z):         17.5629 -1.65E+01  6.077356  0.512707 Debye                            
 Sigma moments (1-6)    :          0.0000  1.89E+02  1.35E+02  3.97E+02  5.14E+02  1.06E+03              
 H-bond moment (accept) :         18.8645
 H-bond moment (donor)  :          0.5132
 
 WARNING: QM computation level of compound 2 conformer 1 could not be determined - it may differ from the QM level of the parameter set.
 No gas phase energy for compound 2 conformer 1 specified, thus it will be estimated


 Total number of processed compounds:    2


----------------
 START job     1
----------------

 --------------------------------------------------------------------------------
 Computation of activity coefficients gamma at infinite dilution in compound    1
 --------------------------------------------------------------------------------



 Results for mixture 1
 ---------------------
 Temperature          :    298.150 K
 Compound Nr.         :         1         2
 Compound             : XSQUKJJJF AOCYKHQUT
 Mole Fraction        :    1.0000    0.0000

 Compound: 1  (XSQUKJJJFZCRTK-UHFFFAOYSA-N)
 Chemical potential of the compound in the mixture :        -1.34323 kcal/mol
 Log10(partial pressure [mbar])                    :        -3.13149
 Free energy of molecule in mix (E_COSMO+dE+Mu)    :   -141433.25168 kcal/mol
 Total mean interaction energy in the mix (H_int)  :        -7.95200 kcal/mol
 Misfit interaction energy in the mix (H_MF)       :         1.46342 kcal/mol
 H-Bond interaction energy in the mix (H_HB)       :        -5.90644 kcal/mol
 VdW interaction energy in the mix (H_vdW)         :        -3.50898 kcal/mol




 Results for mixture 2
 ---------------------
 Temperature          :    298.150 K
 Compound Nr.         :         1         2
 Compound             : XSQUKJJJF AOCYKHQUT
 Mole Fraction        :    0.0000    1.0000

 Compound: 2  (AOCYKHQUTWXPMC-UHFFFAOYSA-M)
 Chemical potential of the compound in the mixture :         2.02471 kcal/mol
 Log10(partial pressure [mbar])                    :       -14.17359
 Free energy of molecule in mix (E_COSMO+dE+Mu)    :   -510380.87999 kcal/mol
 Total mean interaction energy in the mix (H_int)  :        -6.51127 kcal/mol
 Misfit interaction energy in the mix (H_MF)       :         6.73644 kcal/mol
 H-Bond interaction energy in the mix (H_HB)       :        -4.33458 kcal/mol
 VdW interaction energy in the mix (H_vdW)         :        -8.91314 kcal/mol




 Results for mixture 3
 ---------------------
 Temperature          :    298.150 K
 Compound Nr.         :         1         2
 Compound             : XSQUKJJJF AOCYKHQUT
 Mole Fraction        :    1.0000    0.0000

 Compound: 1  (XSQUKJJJFZCRTK-UHFFFAOYSA-N)
 Chemical potential of the compound in the mixture :        -1.34323 kcal/mol
 Log10(partial pressure [mbar])                    :        -3.13149
 Free energy of molecule in mix (E_COSMO+dE+Mu)    :   -141433.25168 kcal/mol
 Total mean interaction energy in the mix (H_int)  :        -7.95200 kcal/mol
 Misfit interaction energy in the mix (H_MF)       :         1.46342 kcal/mol
 H-Bond interaction energy in the mix (H_HB)       :        -5.90644 kcal/mol
 VdW interaction energy in the mix (H_vdW)         :        -3.50898 kcal/mol
 Ln(Activity coefficient)                          :         0.00000

 Compound: 2  (AOCYKHQUTWXPMC-UHFFFAOYSA-M)
 Chemical potential of the compound in the mixture :        -0.67209 kcal/mol
 Log10(partial pressure [mbar])                    :       -16.15036
 Free energy of molecule in mix (E_COSMO+dE+Mu)    :   -510383.57678 kcal/mol
 Total mean interaction energy in the mix (H_int)  :       -12.86857 kcal/mol
 Misfit interaction energy in the mix (H_MF)       :         3.59270 kcal/mol
 H-Bond interaction energy in the mix (H_HB)       :        -8.34869 kcal/mol
 VdW interaction energy in the mix (H_vdW)         :        -8.11259 kcal/mol
 Ln(Activity coefficient)                          :        -4.55168


----------------
 END job       1
----------------
----------------
 START job     2
----------------

 --------------------------------------------------------------------------------
 Computation of activity coefficients gamma at infinite dilution in compound    2
 --------------------------------------------------------------------------------



 Results for mixture 4
 ---------------------
 Temperature          :    298.150 K
 Compound Nr.         :         1         2
 Compound             : XSQUKJJJF AOCYKHQUT
 Mole Fraction        :    1.0000    0.0000

 Compound: 1  (XSQUKJJJFZCRTK-UHFFFAOYSA-N)
 Chemical potential of the compound in the mixture :        -1.34323 kcal/mol
 Log10(partial pressure [mbar])                    :        -3.13149
 Free energy of molecule in mix (E_COSMO+dE+Mu)    :   -141433.25168 kcal/mol
 Total mean interaction energy in the mix (H_int)  :        -7.95200 kcal/mol
 Misfit interaction energy in the mix (H_MF)       :         1.46342 kcal/mol
 H-Bond interaction energy in the mix (H_HB)       :        -5.90644 kcal/mol
 VdW interaction energy in the mix (H_vdW)         :        -3.50898 kcal/mol




 Results for mixture 5
 ---------------------
 Temperature          :    298.150 K
 Compound Nr.         :         1         2
 Compound             : XSQUKJJJF AOCYKHQUT
 Mole Fraction        :    0.0000    1.0000

 Compound: 2  (AOCYKHQUTWXPMC-UHFFFAOYSA-M)
 Chemical potential of the compound in the mixture :         2.02471 kcal/mol
 Log10(partial pressure [mbar])                    :       -14.17359
 Free energy of molecule in mix (E_COSMO+dE+Mu)    :   -510380.87999 kcal/mol
 Total mean interaction energy in the mix (H_int)  :        -6.51127 kcal/mol
 Misfit interaction energy in the mix (H_MF)       :         6.73644 kcal/mol
 H-Bond interaction energy in the mix (H_HB)       :        -4.33458 kcal/mol
 VdW interaction energy in the mix (H_vdW)         :        -8.91314 kcal/mol




 Results for mixture 6
 ---------------------
 Temperature          :    298.150 K
 Compound Nr.         :         1         2
 Compound             : XSQUKJJJF AOCYKHQUT
 Mole Fraction        :    0.0000    1.0000

 Compound: 1  (XSQUKJJJFZCRTK-UHFFFAOYSA-N)
 Chemical potential of the compound in the mixture :        -2.58208 kcal/mol
 Log10(partial pressure [mbar])                    :        -4.03958
 Free energy of molecule in mix (E_COSMO+dE+Mu)    :   -141434.49054 kcal/mol
 Total mean interaction energy in the mix (H_int)  :        -7.04240 kcal/mol
 Misfit interaction energy in the mix (H_MF)       :         2.17235 kcal/mol
 H-Bond interaction energy in the mix (H_HB)       :        -5.01523 kcal/mol
 VdW interaction energy in the mix (H_vdW)         :        -4.19952 kcal/mol
 Ln(Activity coefficient)                          :        -2.09095

 Compound: 2  (AOCYKHQUTWXPMC-UHFFFAOYSA-M)
 Chemical potential of the compound in the mixture :         2.02471 kcal/mol
 Log10(partial pressure [mbar])                    :       -14.17359
 Free energy of molecule in mix (E_COSMO+dE+Mu)    :   -510380.87999 kcal/mol
 Total mean interaction energy in the mix (H_int)  :        -6.51127 kcal/mol
 Misfit interaction energy in the mix (H_MF)       :         6.73644 kcal/mol
 H-Bond interaction energy in the mix (H_HB)       :        -4.33458 kcal/mol
 VdW interaction energy in the mix (H_vdW)         :        -8.91314 kcal/mol
 Ln(Activity coefficient)                          :         0.00000


----------------
 END job       2
----------------
