 -----------------------------------------------------------
 BIOVIA COSMOtherm Version 2019 (build: 19.0.5 [65f0de1d5f])
 -----------------------------------------------------------

 Copyright (C) 1999-2019, Dassault Systemes BIOVIA corp, all rights reserved

 Job name   : !! generated by COSMOthermX !!
 Job date   : 09/16/2022
 Job time   : 14:10:31
 Hostname   : unknown
 OS type    : unknown
 Executable : Linux 64-bit

 Reading COSMOtherm parameter file BP_TZVP_C30_1701.ctd from directory /home/comp3/software/COSMOlogic/COSMOthermX19/COSMOtherm/CTDATA-FILES/OLDPARAM/
 Info: # COSMOtherm parameter file ./BP_TZVP_C30_1701.ctd for BP-TZVP optimized COSMO files                                                                  

 Reading COSMOtherm license key license.txt from directory /home/comp3/software/COSMOlogic/COSMOthermX19/licensefiles/

 COSMOtherm license key expiration date 04/26/2025
 COSMOtherm license key version 21
 Customer : 200000000032966
 ID       : LKO1978637

 License keys:
  product                   |    licensed version    | status
 ------------------------------------------------------------------------------ 
  COSMOtherm                |          21            | active
  TURBOMOLE                 |          21            | active
 ------------------------------------------------------------------------------ 
 
 Note: Vapor pressure / property file could not be found for compound 1
 Reading COSMO information for compound 1 conformer 1 from file /home/comp3/Desktop/Nastya/DES/cosmo/XSQUKJJJFZCRTK-UHFFFAOYSA-N.cosmo
 Note: Gas phase energy file could not be found for compound 1 conformer 1
 Note: converting Gaussian COSMO-file information of compound 1 conformer 1
 
 Note: Vapor pressure / property file could not be found for compound 2
 Reading COSMO information for compound 2 conformer 1 from file /home/comp3/Desktop/Nastya/DES/cosmo/JUGOREOARAHOCO-UHFFFAOYSA-M.cosmo
 Note: Gas phase energy file could not be found for compound 2 conformer 1
 Note: converting Gaussian COSMO-file information of compound 2 conformer 1


 --- Compound 1 (XSQUKJJJFZCRTK-UHFFFAOYSA-N) ---

 Compound Information for compound 1 conformer 1 (COSMO file /home/comp3/Desktop/Nastya/DES/cosmo/XSQUKJJJFZCRTK-UHFFFAOYSA-N.cosmo)
 Atomic weights         : 11111111
 E_COSMO+dE             :    -141431.9085 kcal/mol
 E_gas                  :    -141418.6467 kcal/mol
 E_COSMO-E_gas+dE       :        -13.2618 kcal/mol
 E_diel                 :        -18.7823 kcal/mol
 Averaging corr dE      :          0.7074 kcal/mol
 Area                   :         91.2342 A^2
 Volume                 :         72.4889 A^3
 Molecular Weight       :         60.0554 a.m.u.
 Total COSMO charge     :         -0.0009 a.u.
 Dipole moment (t,x,y,z):          6.0461 -0.002329 -6.046052  0.001486 Debye                            
 Sigma moments (1-6)    :          0.0000  1.15E+02  1.56E+01  2.50E+02  9.66E+01  6.42E+02              
 H-bond moment (accept) :          7.9246
 H-bond moment (donor)  :          4.9711
 
 WARNING: QM computation level of compound 1 conformer 1 could not be determined - it may differ from the QM level of the parameter set.
 No gas phase energy for compound 1 conformer 1 specified, thus it will be estimated


 --- Compound 2 (JUGOREOARAHOCO-UHFFFAOYSA-M) ---

 Compound Information for compound 2 conformer 1 (COSMO file /home/comp3/Desktop/Nastya/DES/cosmo/JUGOREOARAHOCO-UHFFFAOYSA-M.cosmo)
 Atomic weights         : 111111111111111111111111111
 E_COSMO+dE             :    -591138.5583 kcal/mol
 E_gas                  :    -591105.8100 kcal/mol
 E_COSMO-E_gas+dE       :        -32.7483 kcal/mol
 E_diel                 :        -48.1405 kcal/mol
 Averaging corr dE      :          0.9501 kcal/mol
 Area                   :        229.6582 A^2
 Volume                 :        237.7271 A^3
 Molecular Weight       :        181.6614 a.m.u.
 Total COSMO charge     :          0.0104 a.u.
 Dipole moment (t,x,y,z):         17.6680 -1.63E+01  6.764687 -0.230423 Debye                            
 Sigma moments (1-6)    :          0.0000  2.12E+02  1.56E+02  4.25E+02  5.50E+02  1.10E+03              
 H-bond moment (accept) :         19.8564
 H-bond moment (donor)  :          0.4398
 
 WARNING: QM computation level of compound 2 conformer 1 could not be determined - it may differ from the QM level of the parameter set.
 No gas phase energy for compound 2 conformer 1 specified, thus it will be estimated


 Total number of processed compounds:    2


----------------
 START job     1
----------------

 --------------------------------------------------------------------------------
 Computation of activity coefficients gamma at infinite dilution in compound    1
 --------------------------------------------------------------------------------



 Results for mixture 1
 ---------------------
 Temperature          :    298.150 K
 Compound Nr.         :         1         2
 Compound             : XSQUKJJJF JUGOREOAR
 Mole Fraction        :    1.0000    0.0000

 Compound: 1  (XSQUKJJJFZCRTK-UHFFFAOYSA-N)
 Chemical potential of the compound in the mixture :        -1.34323 kcal/mol
 Log10(partial pressure [mbar])                    :        -3.13149
 Free energy of molecule in mix (E_COSMO+dE+Mu)    :   -141433.25168 kcal/mol
 Total mean interaction energy in the mix (H_int)  :        -7.95200 kcal/mol
 Misfit interaction energy in the mix (H_MF)       :         1.46342 kcal/mol
 H-Bond interaction energy in the mix (H_HB)       :        -5.90644 kcal/mol
 VdW interaction energy in the mix (H_vdW)         :        -3.50898 kcal/mol




 Results for mixture 2
 ---------------------
 Temperature          :    298.150 K
 Compound Nr.         :         1         2
 Compound             : XSQUKJJJF JUGOREOAR
 Mole Fraction        :    0.0000    1.0000

 Compound: 2  (JUGOREOARAHOCO-UHFFFAOYSA-M)
 Chemical potential of the compound in the mixture :         2.18041 kcal/mol
 Log10(partial pressure [mbar])                    :       -14.83233
 Free energy of molecule in mix (E_COSMO+dE+Mu)    :   -591136.37789 kcal/mol
 Total mean interaction energy in the mix (H_int)  :        -7.39604 kcal/mol
 Misfit interaction energy in the mix (H_MF)       :         7.97660 kcal/mol
 H-Bond interaction energy in the mix (H_HB)       :        -4.00958 kcal/mol
 VdW interaction energy in the mix (H_vdW)         :       -11.36306 kcal/mol




 Results for mixture 3
 ---------------------
 Temperature          :    298.150 K
 Compound Nr.         :         1         2
 Compound             : XSQUKJJJF JUGOREOAR
 Mole Fraction        :    1.0000    0.0000

 Compound: 1  (XSQUKJJJFZCRTK-UHFFFAOYSA-N)
 Chemical potential of the compound in the mixture :        -1.34323 kcal/mol
 Log10(partial pressure [mbar])                    :        -3.13149
 Free energy of molecule in mix (E_COSMO+dE+Mu)    :   -141433.25168 kcal/mol
 Total mean interaction energy in the mix (H_int)  :        -7.95200 kcal/mol
 Misfit interaction energy in the mix (H_MF)       :         1.46342 kcal/mol
 H-Bond interaction energy in the mix (H_HB)       :        -5.90644 kcal/mol
 VdW interaction energy in the mix (H_vdW)         :        -3.50898 kcal/mol
 Ln(Activity coefficient)                          :         0.00000

 Compound: 2  (JUGOREOARAHOCO-UHFFFAOYSA-M)
 Chemical potential of the compound in the mixture :        -0.95913 kcal/mol
 Log10(partial pressure [mbar])                    :       -17.13362
 Free energy of molecule in mix (E_COSMO+dE+Mu)    :   -591139.51743 kcal/mol
 Total mean interaction energy in the mix (H_int)  :       -14.85347 kcal/mol
 Misfit interaction energy in the mix (H_MF)       :         4.51475 kcal/mol
 H-Bond interaction energy in the mix (H_HB)       :        -8.82217 kcal/mol
 VdW interaction energy in the mix (H_vdW)         :       -10.54605 kcal/mol
 Ln(Activity coefficient)                          :        -5.29894


----------------
 END job       1
----------------
----------------
 START job     2
----------------

 --------------------------------------------------------------------------------
 Computation of activity coefficients gamma at infinite dilution in compound    2
 --------------------------------------------------------------------------------



 Results for mixture 4
 ---------------------
 Temperature          :    298.150 K
 Compound Nr.         :         1         2
 Compound             : XSQUKJJJF JUGOREOAR
 Mole Fraction        :    1.0000    0.0000

 Compound: 1  (XSQUKJJJFZCRTK-UHFFFAOYSA-N)
 Chemical potential of the compound in the mixture :        -1.34323 kcal/mol
 Log10(partial pressure [mbar])                    :        -3.13149
 Free energy of molecule in mix (E_COSMO+dE+Mu)    :   -141433.25168 kcal/mol
 Total mean interaction energy in the mix (H_int)  :        -7.95200 kcal/mol
 Misfit interaction energy in the mix (H_MF)       :         1.46342 kcal/mol
 H-Bond interaction energy in the mix (H_HB)       :        -5.90644 kcal/mol
 VdW interaction energy in the mix (H_vdW)         :        -3.50898 kcal/mol




 Results for mixture 5
 ---------------------
 Temperature          :    298.150 K
 Compound Nr.         :         1         2
 Compound             : XSQUKJJJF JUGOREOAR
 Mole Fraction        :    0.0000    1.0000

 Compound: 2  (JUGOREOARAHOCO-UHFFFAOYSA-M)
 Chemical potential of the compound in the mixture :         2.18041 kcal/mol
 Log10(partial pressure [mbar])                    :       -14.83233
 Free energy of molecule in mix (E_COSMO+dE+Mu)    :   -591136.37789 kcal/mol
 Total mean interaction energy in the mix (H_int)  :        -7.39604 kcal/mol
 Misfit interaction energy in the mix (H_MF)       :         7.97660 kcal/mol
 H-Bond interaction energy in the mix (H_HB)       :        -4.00958 kcal/mol
 VdW interaction energy in the mix (H_vdW)         :       -11.36306 kcal/mol




 Results for mixture 6
 ---------------------
 Temperature          :    298.150 K
 Compound Nr.         :         1         2
 Compound             : XSQUKJJJF JUGOREOAR
 Mole Fraction        :    0.0000    1.0000

 Compound: 1  (XSQUKJJJFZCRTK-UHFFFAOYSA-N)
 Chemical potential of the compound in the mixture :        -2.49887 kcal/mol
 Log10(partial pressure [mbar])                    :        -3.97858
 Free energy of molecule in mix (E_COSMO+dE+Mu)    :   -141434.40733 kcal/mol
 Total mean interaction energy in the mix (H_int)  :        -6.99952 kcal/mol
 Misfit interaction energy in the mix (H_MF)       :         2.06670 kcal/mol
 H-Bond interaction energy in the mix (H_HB)       :        -4.81602 kcal/mol
 VdW interaction energy in the mix (H_vdW)         :        -4.25020 kcal/mol
 Ln(Activity coefficient)                          :        -1.95050

 Compound: 2  (JUGOREOARAHOCO-UHFFFAOYSA-M)
 Chemical potential of the compound in the mixture :         2.18041 kcal/mol
 Log10(partial pressure [mbar])                    :       -14.83233
 Free energy of molecule in mix (E_COSMO+dE+Mu)    :   -591136.37789 kcal/mol
 Total mean interaction energy in the mix (H_int)  :        -7.39604 kcal/mol
 Misfit interaction energy in the mix (H_MF)       :         7.97660 kcal/mol
 H-Bond interaction energy in the mix (H_HB)       :        -4.00958 kcal/mol
 VdW interaction energy in the mix (H_vdW)         :       -11.36306 kcal/mol
 Ln(Activity coefficient)                          :         0.00000


----------------
 END job       2
----------------
