 -----------------------------------------------------------
 BIOVIA COSMOtherm Version 2019 (build: 19.0.5 [65f0de1d5f])
 -----------------------------------------------------------

 Copyright (C) 1999-2019, Dassault Systemes BIOVIA corp, all rights reserved

 Job name   : !! generated by COSMOthermX !!
 Job date   : 09/16/2022
 Job time   : 14:10:00
 Hostname   : unknown
 OS type    : unknown
 Executable : Linux 64-bit

 Reading COSMOtherm parameter file BP_TZVP_C30_1701.ctd from directory /home/comp3/software/COSMOlogic/COSMOthermX19/COSMOtherm/CTDATA-FILES/OLDPARAM/
 Info: # COSMOtherm parameter file ./BP_TZVP_C30_1701.ctd for BP-TZVP optimized COSMO files                                                                  

 Reading COSMOtherm license key license.txt from directory /home/comp3/software/COSMOlogic/COSMOthermX19/licensefiles/

 COSMOtherm license key expiration date 04/26/2025
 COSMOtherm license key version 21
 Customer : 200000000032966
 ID       : LKO1978637

 License keys:
  product                   |    licensed version    | status
 ------------------------------------------------------------------------------ 
  COSMOtherm                |          21            | active
  TURBOMOLE                 |          21            | active
 ------------------------------------------------------------------------------ 
 
 Note: Vapor pressure / property file could not be found for compound 1
 Reading COSMO information for compound 1 conformer 1 from file /home/comp3/Desktop/Nastya/DES/cosmo/ZQBAKBUEJOMQEX-UHFFFAOYSA-N.cosmo
 Note: Gas phase energy file could not be found for compound 1 conformer 1
 Note: converting Gaussian COSMO-file information of compound 1 conformer 1
 
 Note: Vapor pressure / property file could not be found for compound 2
 Reading COSMO information for compound 2 conformer 1 from file /home/comp3/Desktop/Nastya/DES/cosmo/NNJVILVZKWQKPM-UHFFFAOYSA-N.cosmo
 Note: Gas phase energy file could not be found for compound 2 conformer 1
 Note: converting Gaussian COSMO-file information of compound 2 conformer 1


 --- Compound 1 (ZQBAKBUEJOMQEX-UHFFFAOYSA-N) ---

 Compound Information for compound 1 conformer 1 (COSMO file /home/comp3/Desktop/Nastya/DES/cosmo/ZQBAKBUEJOMQEX-UHFFFAOYSA-N.cosmo)
 Atomic weights         : 11111111111111111111111111
 E_COSMO+dE             :    -456421.9158 kcal/mol
 E_gas                  :    -456415.1672 kcal/mol
 E_COSMO-E_gas+dE       :         -6.7486 kcal/mol
 E_diel                 :         -8.9720 kcal/mol
 Averaging corr dE      :          0.5493 kcal/mol
 Area                   :        241.5448 A^2
 Volume                 :        248.6327 A^3
 Molecular Weight       :        214.2179 a.m.u.
 Total COSMO charge     :          0.0019 a.u.
 Dipole moment (t,x,y,z):          3.3856 -0.970061 -3.193681  0.567135 Debye                            
 Sigma moments (1-6)    :          0.0000  6.46E+01  7.826265  4.35E+01  2.14E+01  4.56E+01              
 H-bond moment (accept) :          0.6238
 H-bond moment (donor)  :          0.0000
 
 WARNING: QM computation level of compound 1 conformer 1 could not be determined - it may differ from the QM level of the parameter set.
 No gas phase energy for compound 1 conformer 1 specified, thus it will be estimated


 --- Compound 2 (NNJVILVZKWQKPM-UHFFFAOYSA-N) ---

 Compound Information for compound 2 conformer 1 (COSMO file /home/comp3/Desktop/Nastya/DES/cosmo/NNJVILVZKWQKPM-UHFFFAOYSA-N.cosmo)
 Atomic weights         : 111111111111111111111111111111111111111
 E_COSMO+dE             :    -459166.3539 kcal/mol
 E_gas                  :    -459153.6556 kcal/mol
 E_COSMO-E_gas+dE       :        -12.6984 kcal/mol
 E_diel                 :        -17.7403 kcal/mol
 Averaging corr dE      :          0.6272 kcal/mol
 Area                   :        282.5996 A^2
 Volume                 :        320.2243 A^3
 Molecular Weight       :        234.3386 a.m.u.
 Total COSMO charge     :         -0.0032 a.u.
 Dipole moment (t,x,y,z):          6.5288  0.199642 -2.301784 -6.106286 Debye                            
 Sigma moments (1-6)    :          0.0000  1.04E+02  8.69E+01  2.58E+02  4.42E+02  1.12E+03              
 H-bond moment (accept) :          9.4067
 H-bond moment (donor)  :          1.1811
 
 WARNING: QM computation level of compound 2 conformer 1 could not be determined - it may differ from the QM level of the parameter set.
 No gas phase energy for compound 2 conformer 1 specified, thus it will be estimated


 Total number of processed compounds:    2


----------------
 START job     1
----------------

 --------------------------------------------------------------------------------
 Computation of activity coefficients gamma at infinite dilution in compound    1
 --------------------------------------------------------------------------------



 Results for mixture 1
 ---------------------
 Temperature          :    298.150 K
 Compound Nr.         :         1         2
 Compound             : ZQBAKBUEJ NNJVILVZK
 Mole Fraction        :    1.0000    0.0000

 Compound: 1  (ZQBAKBUEJOMQEX-UHFFFAOYSA-N)
 Chemical potential of the compound in the mixture :        -5.28254 kcal/mol
 Log10(partial pressure [mbar])                    :        -2.90654
 Free energy of molecule in mix (E_COSMO+dE+Mu)    :   -456427.19830 kcal/mol
 Total mean interaction energy in the mix (H_int)  :        -8.64419 kcal/mol
 Misfit interaction energy in the mix (H_MF)       :         2.89422 kcal/mol
 H-Bond interaction energy in the mix (H_HB)       :        -0.02140 kcal/mol
 VdW interaction energy in the mix (H_vdW)         :       -11.51702 kcal/mol




 Results for mixture 2
 ---------------------
 Temperature          :    298.150 K
 Compound Nr.         :         1         2
 Compound             : ZQBAKBUEJ NNJVILVZK
 Mole Fraction        :    0.0000    1.0000

 Compound: 2  (NNJVILVZKWQKPM-UHFFFAOYSA-N)
 Chemical potential of the compound in the mixture :        -4.45290 kcal/mol
 Log10(partial pressure [mbar])                    :        -5.82876
 Free energy of molecule in mix (E_COSMO+dE+Mu)    :   -459170.80682 kcal/mol
 Total mean interaction energy in the mix (H_int)  :       -11.83728 kcal/mol
 Misfit interaction energy in the mix (H_MF)       :         4.65567 kcal/mol
 H-Bond interaction energy in the mix (H_HB)       :        -2.77925 kcal/mol
 VdW interaction energy in the mix (H_vdW)         :       -13.71369 kcal/mol




 Results for mixture 3
 ---------------------
 Temperature          :    298.150 K
 Compound Nr.         :         1         2
 Compound             : ZQBAKBUEJ NNJVILVZK
 Mole Fraction        :    1.0000    0.0000

 Compound: 1  (ZQBAKBUEJOMQEX-UHFFFAOYSA-N)
 Chemical potential of the compound in the mixture :        -5.28254 kcal/mol
 Log10(partial pressure [mbar])                    :        -2.90654
 Free energy of molecule in mix (E_COSMO+dE+Mu)    :   -456427.19830 kcal/mol
 Total mean interaction energy in the mix (H_int)  :        -8.64419 kcal/mol
 Misfit interaction energy in the mix (H_MF)       :         2.89422 kcal/mol
 H-Bond interaction energy in the mix (H_HB)       :        -0.02140 kcal/mol
 VdW interaction energy in the mix (H_vdW)         :       -11.51702 kcal/mol
 Ln(Activity coefficient)                          :         0.00000

 Compound: 2  (NNJVILVZKWQKPM-UHFFFAOYSA-N)
 Chemical potential of the compound in the mixture :        -3.59837 kcal/mol
 Log10(partial pressure [mbar])                    :        -5.20239
 Free energy of molecule in mix (E_COSMO+dE+Mu)    :   -459169.95230 kcal/mol
 Total mean interaction energy in the mix (H_int)  :        -9.30999 kcal/mol
 Misfit interaction energy in the mix (H_MF)       :         4.40263 kcal/mol
 H-Bond interaction energy in the mix (H_HB)       :        -0.24786 kcal/mol
 VdW interaction energy in the mix (H_vdW)         :       -13.46477 kcal/mol
 Ln(Activity coefficient)                          :         1.44227


----------------
 END job       1
----------------
----------------
 START job     2
----------------

 --------------------------------------------------------------------------------
 Computation of activity coefficients gamma at infinite dilution in compound    2
 --------------------------------------------------------------------------------



 Results for mixture 4
 ---------------------
 Temperature          :    298.150 K
 Compound Nr.         :         1         2
 Compound             : ZQBAKBUEJ NNJVILVZK
 Mole Fraction        :    1.0000    0.0000

 Compound: 1  (ZQBAKBUEJOMQEX-UHFFFAOYSA-N)
 Chemical potential of the compound in the mixture :        -5.28254 kcal/mol
 Log10(partial pressure [mbar])                    :        -2.90654
 Free energy of molecule in mix (E_COSMO+dE+Mu)    :   -456427.19830 kcal/mol
 Total mean interaction energy in the mix (H_int)  :        -8.64419 kcal/mol
 Misfit interaction energy in the mix (H_MF)       :         2.89422 kcal/mol
 H-Bond interaction energy in the mix (H_HB)       :        -0.02140 kcal/mol
 VdW interaction energy in the mix (H_vdW)         :       -11.51702 kcal/mol




 Results for mixture 5
 ---------------------
 Temperature          :    298.150 K
 Compound Nr.         :         1         2
 Compound             : ZQBAKBUEJ NNJVILVZK
 Mole Fraction        :    0.0000    1.0000

 Compound: 2  (NNJVILVZKWQKPM-UHFFFAOYSA-N)
 Chemical potential of the compound in the mixture :        -4.45290 kcal/mol
 Log10(partial pressure [mbar])                    :        -5.82876
 Free energy of molecule in mix (E_COSMO+dE+Mu)    :   -459170.80682 kcal/mol
 Total mean interaction energy in the mix (H_int)  :       -11.83728 kcal/mol
 Misfit interaction energy in the mix (H_MF)       :         4.65567 kcal/mol
 H-Bond interaction energy in the mix (H_HB)       :        -2.77925 kcal/mol
 VdW interaction energy in the mix (H_vdW)         :       -13.71369 kcal/mol




 Results for mixture 6
 ---------------------
 Temperature          :    298.150 K
 Compound Nr.         :         1         2
 Compound             : ZQBAKBUEJ NNJVILVZK
 Mole Fraction        :    0.0000    1.0000

 Compound: 1  (ZQBAKBUEJOMQEX-UHFFFAOYSA-N)
 Chemical potential of the compound in the mixture :        -4.99961 kcal/mol
 Log10(partial pressure [mbar])                    :        -2.69914
 Free energy of molecule in mix (E_COSMO+dE+Mu)    :   -456426.91536 kcal/mol
 Total mean interaction energy in the mix (H_int)  :        -8.30714 kcal/mol
 Misfit interaction energy in the mix (H_MF)       :         3.38838 kcal/mol
 H-Bond interaction energy in the mix (H_HB)       :        -0.08106 kcal/mol
 VdW interaction energy in the mix (H_vdW)         :       -11.61445 kcal/mol
 Ln(Activity coefficient)                          :         0.47754

 Compound: 2  (NNJVILVZKWQKPM-UHFFFAOYSA-N)
 Chemical potential of the compound in the mixture :        -4.45290 kcal/mol
 Log10(partial pressure [mbar])                    :        -5.82876
 Free energy of molecule in mix (E_COSMO+dE+Mu)    :   -459170.80682 kcal/mol
 Total mean interaction energy in the mix (H_int)  :       -11.83728 kcal/mol
 Misfit interaction energy in the mix (H_MF)       :         4.65567 kcal/mol
 H-Bond interaction energy in the mix (H_HB)       :        -2.77925 kcal/mol
 VdW interaction energy in the mix (H_vdW)         :       -13.71369 kcal/mol
 Ln(Activity coefficient)                          :         0.00000


----------------
 END job       2
----------------
