 -----------------------------------------------------------
 BIOVIA COSMOtherm Version 2019 (build: 19.0.5 [65f0de1d5f])
 -----------------------------------------------------------

 Copyright (C) 1999-2019, Dassault Systemes BIOVIA corp, all rights reserved

 Job name   : !! Computation of compound SIGMA-PROFILES
 Job date   : 10/14/2021
 Job time   : 03:19:56
 Hostname   : unknown
 OS type    : unknown
 Executable : Linux 64-bit

 Reading COSMOtherm parameter file BP_TZVP_C30_1701.ctd from directory /home/nastya/COSMOlogic/COSMOthermX19/COSMOtherm/CTDATA-FILES/OLDPARAM/
 Info: # COSMOtherm parameter file ./BP_TZVP_C30_1701.ctd for BP-TZVP optimized COSMO files                                                                  

 Reading COSMOtherm license key license.txt from directory /home/nastya/COSMOlogic/COSMOthermX19/licensefiles/

 COSMOtherm license key expiration date 01/16/2022
 COSMOtherm license key version 19.0
 Customer : TU Delft, Faculty of Applied Sciences
 ID       : 107270

 License keys:
  product                   |    licensed version    | status
 ------------------------------------------------------------------------------ 
  COSMOtherm                |          19.0          | active
  TURBOMOLE                 |          7.3           | active
 ------------------------------------------------------------------------------ 
 Sigma profiles for all molecules will be written to /media/nastya/storage/Project_nastya/sigma_profile_17/CKLJMWTZIZZHCS-UWTATZPHSA-N.prf
 
 Reading COSMO information for compound 1 conformer 1 from file /media/nastya/storage/Project_nastya/cosmo/CKLJMWTZIZZHCS-UWTATZPHSA-N.cosmo
 Note: converting Gaussian COSMO-file information of compound 1 conformer 1


 --- Compound 1 (CKLJMWTZIZZHCS-UWTATZPHSA-N) ---

 Compound Information for compound 1 conformer 1 (COSMO file /media/nastya/storage/Project_nastya/cosmo/CKLJMWTZIZZHCS-UWTATZPHSA-N.cosmo)
 Atomic weights         : 1111111111111111
 E_COSMO+dE             :   -1345722.3548 kJ/mol
 E_gas                  :   -1345582.1336 kJ/mol
 E_COSMO-E_gas+dE       :       -140.2212 kJ/mol
 E_diel                 :       -207.5786 kJ/mol
 Averaging corr dE      :          5.0838 kJ/mol
 Area                   :          1.5214 nm^2
 Volume                 :          0.1468 nm^3
 Molecular Weight       :        133.1032 g/mol
 Total COSMO charge     :        483.8461 C/mol
 Dipole moment (t,x,y,z):         13.6732  2.410272  1.33E+01 -1.990789 Debye                            
 Sigma moments (1-6)    :          0.0000  2.43E+02 -1.43E+01  6.10E+02 -9.63E+01  1.78E+03              
 H-bond moment (accept) :         14.6280
 H-bond moment (donor)  :         14.1795
 
 WARNING: QM computation level of compound 1 conformer 1 could not be determined - it may differ from the QM level of the parameter set.
 No gas phase energy for compound 1 conformer 1 specified, thus it will be estimated


 Total number of processed compounds:    1


 Note: No temperatures / mixtures found in /media/nastya/storage/Project_nastya/sigma_profile_17/CKLJMWTZIZZHCS-UWTATZPHSA-N.inp
 COSMOtherm will terminate

 Note: Sigma-profiles for all compounds are tabulated in /media/nastya/storage/Project_nastya/sigma_profile_17/CKLJMWTZIZZHCS-UWTATZPHSA-N.tab

