 -----------------------------------------------------------
 BIOVIA COSMOtherm Version 2019 (build: 19.0.5 [65f0de1d5f])
 -----------------------------------------------------------

 Copyright (C) 1999-2019, Dassault Systemes BIOVIA corp, all rights reserved

 Job name   : !! Computation of compound SIGMA-PROFILES
 Job date   : 10/14/2021
 Job time   : 03:19:59
 Hostname   : unknown
 OS type    : unknown
 Executable : Linux 64-bit

 Reading COSMOtherm parameter file BP_TZVP_C30_1701.ctd from directory /home/nastya/COSMOlogic/COSMOthermX19/COSMOtherm/CTDATA-FILES/OLDPARAM/
 Info: # COSMOtherm parameter file ./BP_TZVP_C30_1701.ctd for BP-TZVP optimized COSMO files                                                                  

 Reading COSMOtherm license key license.txt from directory /home/nastya/COSMOlogic/COSMOthermX19/licensefiles/

 COSMOtherm license key expiration date 01/16/2022
 COSMOtherm license key version 19.0
 Customer : TU Delft, Faculty of Applied Sciences
 ID       : 107270

 License keys:
  product                   |    licensed version    | status
 ------------------------------------------------------------------------------ 
  COSMOtherm                |          19.0          | active
  TURBOMOLE                 |          7.3           | active
 ------------------------------------------------------------------------------ 
 Sigma profiles for all molecules will be written to /media/nastya/storage/Project_nastya/sigma_profile_17/CZMRCDWAGMRECN-FBXJDJJESA-N.prf
 
 Reading COSMO information for compound 1 conformer 1 from file /media/nastya/storage/Project_nastya/cosmo/CZMRCDWAGMRECN-FBXJDJJESA-N.cosmo
 Note: converting Gaussian COSMO-file information of compound 1 conformer 1


 --- Compound 1 (CZMRCDWAGMRECN-FBXJDJJESA-N) ---

 Compound Information for compound 1 conformer 1 (COSMO file /media/nastya/storage/Project_nastya/cosmo/CZMRCDWAGMRECN-FBXJDJJESA-N.cosmo)
 Atomic weights         : 111111111111111111111111111111111111111111111
 E_COSMO+dE             :   -3409085.0757 kJ/mol
 E_gas                  :   -3408964.6294 kJ/mol
 E_COSMO-E_gas+dE       :       -120.4462 kJ/mol
 E_diel                 :       -186.7027 kJ/mol
 Averaging corr dE      :         10.2456 kJ/mol
 Area                   :          2.9429 nm^2
 Volume                 :          0.3719 nm^3
 Molecular Weight       :        342.2979 g/mol
 Total COSMO charge     :        186.1656 C/mol
 Dipole moment (t,x,y,z):          6.2808 -5.356696  2.945033 -1.442429 Debye                            
 Sigma moments (1-6)    :          0.0000  3.28E+02  6.95E+01  7.01E+02  2.79E+02  1.90E+03              
 H-bond moment (accept) :         20.7401
 H-bond moment (donor)  :         13.8069
 
 WARNING: QM computation level of compound 1 conformer 1 could not be determined - it may differ from the QM level of the parameter set.
 No gas phase energy for compound 1 conformer 1 specified, thus it will be estimated


 Total number of processed compounds:    1


 Note: No temperatures / mixtures found in /media/nastya/storage/Project_nastya/sigma_profile_17/CZMRCDWAGMRECN-FBXJDJJESA-N.inp
 COSMOtherm will terminate

 Note: Sigma-profiles for all compounds are tabulated in /media/nastya/storage/Project_nastya/sigma_profile_17/CZMRCDWAGMRECN-FBXJDJJESA-N.tab

