 -----------------------------------------------------------
 BIOVIA COSMOtherm Version 2019 (build: 19.0.5 [65f0de1d5f])
 -----------------------------------------------------------

 Copyright (C) 1999-2019, Dassault Systemes BIOVIA corp, all rights reserved

 Job name   : !! Computation of compound SIGMA-PROFILES
 Job date   : 10/14/2021
 Job time   : 03:20:16
 Hostname   : unknown
 OS type    : unknown
 Executable : Linux 64-bit

 Reading COSMOtherm parameter file BP_TZVP_C30_1701.ctd from directory /home/nastya/COSMOlogic/COSMOthermX19/COSMOtherm/CTDATA-FILES/OLDPARAM/
 Info: # COSMOtherm parameter file ./BP_TZVP_C30_1701.ctd for BP-TZVP optimized COSMO files                                                                  

 Reading COSMOtherm license key license.txt from directory /home/nastya/COSMOlogic/COSMOthermX19/licensefiles/

 COSMOtherm license key expiration date 01/16/2022
 COSMOtherm license key version 19.0
 Customer : TU Delft, Faculty of Applied Sciences
 ID       : 107270

 License keys:
  product                   |    licensed version    | status
 ------------------------------------------------------------------------------ 
  COSMOtherm                |          19.0          | active
  TURBOMOLE                 |          7.3           | active
 ------------------------------------------------------------------------------ 
 Sigma profiles for all molecules will be written to /media/nastya/storage/Project_nastya/sigma_profile_17/MUMGGOZAMZWBJJ-DYKIIFRCSA-N.prf
 
 Reading COSMO information for compound 1 conformer 1 from file /media/nastya/storage/Project_nastya/cosmo/MUMGGOZAMZWBJJ-DYKIIFRCSA-N.cosmo
 Note: converting Gaussian COSMO-file information of compound 1 conformer 1


 --- Compound 1 (MUMGGOZAMZWBJJ-DYKIIFRCSA-N) ---

 Compound Information for compound 1 conformer 1 (COSMO file /media/nastya/storage/Project_nastya/cosmo/MUMGGOZAMZWBJJ-DYKIIFRCSA-N.cosmo)
 Atomic weights         : 1111111111111111111111111111111111111111111111111
 E_COSMO+dE             :   -2340967.4447 kJ/mol
 E_gas                  :   -2340918.7238 kJ/mol
 E_COSMO-E_gas+dE       :        -48.7209 kJ/mol
 E_diel                 :        -67.5632 kJ/mol
 Averaging corr dE      :          2.7927 kJ/mol
 Area                   :          2.9751 nm^2
 Volume                 :          0.3710 nm^3
 Molecular Weight       :        288.4262 g/mol
 Total COSMO charge     :       -238.9936 C/mol
 Dipole moment (t,x,y,z):          5.2059 -4.779959 -1.118707  1.732708 Debye                            
 Sigma moments (1-6)    :          0.0000  9.63E+01  6.89E+01  1.62E+02  1.77E+02  3.81E+02              
 H-bond moment (accept) :          7.0018
 H-bond moment (donor)  :          1.0286
 
 WARNING: QM computation level of compound 1 conformer 1 could not be determined - it may differ from the QM level of the parameter set.
 No gas phase energy for compound 1 conformer 1 specified, thus it will be estimated


 Total number of processed compounds:    1


 Note: No temperatures / mixtures found in /media/nastya/storage/Project_nastya/sigma_profile_17/MUMGGOZAMZWBJJ-DYKIIFRCSA-N.inp
 COSMOtherm will terminate

 Note: Sigma-profiles for all compounds are tabulated in /media/nastya/storage/Project_nastya/sigma_profile_17/MUMGGOZAMZWBJJ-DYKIIFRCSA-N.tab

