 -----------------------------------------------------------
 BIOVIA COSMOtherm Version 2019 (build: 19.0.5 [65f0de1d5f])
 -----------------------------------------------------------

 Copyright (C) 1999-2019, Dassault Systemes BIOVIA corp, all rights reserved

 Job name   : !! Computation of compound SIGMA-PROFILES
 Job date   : 10/14/2021
 Job time   : 03:20:19
 Hostname   : unknown
 OS type    : unknown
 Executable : Linux 64-bit

 Reading COSMOtherm parameter file BP_TZVP_C30_1701.ctd from directory /home/nastya/COSMOlogic/COSMOthermX19/COSMOtherm/CTDATA-FILES/OLDPARAM/
 Info: # COSMOtherm parameter file ./BP_TZVP_C30_1701.ctd for BP-TZVP optimized COSMO files                                                                  

 Reading COSMOtherm license key license.txt from directory /home/nastya/COSMOlogic/COSMOthermX19/licensefiles/

 COSMOtherm license key expiration date 01/16/2022
 COSMOtherm license key version 19.0
 Customer : TU Delft, Faculty of Applied Sciences
 ID       : 107270

 License keys:
  product                   |    licensed version    | status
 ------------------------------------------------------------------------------ 
  COSMOtherm                |          19.0          | active
  TURBOMOLE                 |          7.3           | active
 ------------------------------------------------------------------------------ 
 Sigma profiles for all molecules will be written to /media/nastya/storage/Project_nastya/sigma_profile_17/OFOBLEOULBTSOW-UHFFFAOYSA-N.prf
 
 Reading COSMO information for compound 1 conformer 1 from file /media/nastya/storage/Project_nastya/cosmo/OFOBLEOULBTSOW-UHFFFAOYSA-N.cosmo
 Note: converting Gaussian COSMO-file information of compound 1 conformer 1


 --- Compound 1 (OFOBLEOULBTSOW-UHFFFAOYSA-N) ---

 Compound Information for compound 1 conformer 1 (COSMO file /media/nastya/storage/Project_nastya/cosmo/OFOBLEOULBTSOW-UHFFFAOYSA-N.cosmo)
 Atomic weights         : 11111111111
 E_COSMO+dE             :   -1097050.9536 kJ/mol
 E_gas                  :   -1097005.7961 kJ/mol
 E_COSMO-E_gas+dE       :        -45.1575 kJ/mol
 E_diel                 :        -63.6715 kJ/mol
 Averaging corr dE      :          3.8093 kJ/mol
 Area                   :          1.2560 nm^2
 Volume                 :          0.1123 nm^3
 Molecular Weight       :        104.0618 g/mol
 Total COSMO charge     :        589.8171 C/mol
 Dipole moment (t,x,y,z):          1.0041  0.004942  0.001251 -1.004111 Debye                            
 Sigma moments (1-6)    :          0.0000  1.17E+02 -4.60E+01  2.29E+02 -2.30E+02  6.38E+02              
 H-bond moment (accept) :          1.3824
 H-bond moment (donor)  :          8.0480
 
 WARNING: QM computation level of compound 1 conformer 1 could not be determined - it may differ from the QM level of the parameter set.
 No gas phase energy for compound 1 conformer 1 specified, thus it will be estimated


 Total number of processed compounds:    1


 Note: No temperatures / mixtures found in /media/nastya/storage/Project_nastya/sigma_profile_17/OFOBLEOULBTSOW-UHFFFAOYSA-N.inp
 COSMOtherm will terminate

 Note: Sigma-profiles for all compounds are tabulated in /media/nastya/storage/Project_nastya/sigma_profile_17/OFOBLEOULBTSOW-UHFFFAOYSA-N.tab

