 -----------------------------------------------------------
 BIOVIA COSMOtherm Version 2019 (build: 19.0.5 [65f0de1d5f])
 -----------------------------------------------------------

 Copyright (C) 1999-2019, Dassault Systemes BIOVIA corp, all rights reserved

 Job name   : !! Computation of compound SIGMA-PROFILES
 Job date   : 10/14/2021
 Job time   : 03:20:35
 Hostname   : unknown
 OS type    : unknown
 Executable : Linux 64-bit

 Reading COSMOtherm parameter file BP_TZVP_C30_1701.ctd from directory /home/nastya/COSMOlogic/COSMOthermX19/COSMOtherm/CTDATA-FILES/OLDPARAM/
 Info: # COSMOtherm parameter file ./BP_TZVP_C30_1701.ctd for BP-TZVP optimized COSMO files                                                                  

 Reading COSMOtherm license key license.txt from directory /home/nastya/COSMOlogic/COSMOthermX19/licensefiles/

 COSMOtherm license key expiration date 01/16/2022
 COSMOtherm license key version 19.0
 Customer : TU Delft, Faculty of Applied Sciences
 ID       : 107270

 License keys:
  product                   |    licensed version    | status
 ------------------------------------------------------------------------------ 
  COSMOtherm                |          19.0          | active
  TURBOMOLE                 |          7.3           | active
 ------------------------------------------------------------------------------ 
 Sigma profiles for all molecules will be written to /media/nastya/storage/Project_nastya/sigma_profile_17/WQZGKKKJIJFFOK-HGVZOGFYSA-N.prf
 
 Reading COSMO information for compound 1 conformer 1 from file /media/nastya/storage/Project_nastya/cosmo/WQZGKKKJIJFFOK-HGVZOGFYSA-N.cosmo
 Note: converting Gaussian COSMO-file information of compound 1 conformer 1


 --- Compound 1 (WQZGKKKJIJFFOK-HGVZOGFYSA-N) ---

 Compound Information for compound 1 conformer 1 (COSMO file /media/nastya/storage/Project_nastya/cosmo/WQZGKKKJIJFFOK-HGVZOGFYSA-N.cosmo)
 Atomic weights         : 111111111111111111111111
 E_COSMO+dE             :   -1804947.8648 kJ/mol
 E_gas                  :   -1804881.1562 kJ/mol
 E_COSMO-E_gas+dE       :        -66.7086 kJ/mol
 E_diel                 :       -104.7537 kJ/mol
 Averaging corr dE      :          6.6190 kJ/mol
 Area                   :          1.8632 nm^2
 Volume                 :          0.1957 nm^3
 Molecular Weight       :        180.1566 g/mol
 Total COSMO charge     :         25.9664 C/mol
 Dipole moment (t,x,y,z):          3.1974 -2.215240 -2.247225  0.516106 Debye                            
 Sigma moments (1-6)    :          0.0000  1.97E+02  2.83E+01  4.01E+02  8.19E+01  9.86E+02              
 H-bond moment (accept) :         11.3715
 H-bond moment (donor)  :          8.6895
 
 WARNING: QM computation level of compound 1 conformer 1 could not be determined - it may differ from the QM level of the parameter set.
 No gas phase energy for compound 1 conformer 1 specified, thus it will be estimated


 Total number of processed compounds:    1


 Note: No temperatures / mixtures found in /media/nastya/storage/Project_nastya/sigma_profile_17/WQZGKKKJIJFFOK-HGVZOGFYSA-N.inp
 COSMOtherm will terminate

 Note: Sigma-profiles for all compounds are tabulated in /media/nastya/storage/Project_nastya/sigma_profile_17/WQZGKKKJIJFFOK-HGVZOGFYSA-N.tab

