 -----------------------------------------------------------
 BIOVIA COSMOtherm Version 2019 (build: 19.0.5 [65f0de1d5f])
 -----------------------------------------------------------

 Copyright (C) 1999-2019, Dassault Systemes BIOVIA corp, all rights reserved

 Job name   : !! Computation of compound SIGMA-PROFILES
 Job date   : 10/14/2021
 Job time   : 03:22:03
 Hostname   : unknown
 OS type    : unknown
 Executable : Linux 64-bit

 Reading COSMOtherm parameter file BP_TZVP_C30_1701.ctd from directory /home/nastya/COSMOlogic/COSMOthermX19/COSMOtherm/CTDATA-FILES/OLDPARAM/
 Info: # COSMOtherm parameter file ./BP_TZVP_C30_1701.ctd for BP-TZVP optimized COSMO files                                                                  

 Reading COSMOtherm license key license.txt from directory /home/nastya/COSMOlogic/COSMOthermX19/licensefiles/

 COSMOtherm license key expiration date 01/16/2022
 COSMOtherm license key version 19.0
 Customer : TU Delft, Faculty of Applied Sciences
 ID       : 107270

 License keys:
  product                   |    licensed version    | status
 ------------------------------------------------------------------------------ 
  COSMOtherm                |          19.0          | active
  TURBOMOLE                 |          7.3           | active
 ------------------------------------------------------------------------------ 
 Sigma potentials for all mixtures will be written to /media/nastya/storage/Project_nastya/sigma_potential_17/BGQMOFGZRJUORO-UHFFFAOYSA-M.pot
 
 Reading COSMO information for compound 1 conformer 1 from file /media/nastya/storage/Project_nastya/cosmo/BGQMOFGZRJUORO-UHFFFAOYSA-M.cosmo
 Note: Gas phase energy file could not be found for compound 1 conformer 1
 Note: converting Gaussian COSMO-file information of compound 1 conformer 1


 --- Compound 1 (BGQMOFGZRJUORO-UHFFFAOYSA-M) ---

 Compound Information for compound 1 conformer 1 (COSMO file /media/nastya/storage/Project_nastya/cosmo/BGQMOFGZRJUORO-UHFFFAOYSA-M.cosmo)
 Atomic weights         : 111111111111111111111111111111111111111111
 E_COSMO+dE             :   -1947478.7869 kcal/mol
 E_gas                  :   -1947450.5719 kcal/mol
 E_COSMO-E_gas+dE       :        -28.2150 kcal/mol
 E_diel                 :        -41.0595 kcal/mol
 Averaging corr dE      :          0.5266 kcal/mol
 Area                   :        285.4279 A^2
 Volume                 :        335.9129 A^3
 Molecular Weight       :        266.2627 a.m.u.
 Total COSMO charge     :          0.0122 a.u.
 Dipole moment (t,x,y,z):         19.3003  1.91E+01  2.523938  0.785725 Debye                            
 Sigma moments (1-6)    :          0.0000  1.61E+02  1.56E+02  3.16E+02  4.62E+02  7.94E+02              
 H-bond moment (accept) :         17.2816
 H-bond moment (donor)  :          0.0103
 
 WARNING: QM computation level of compound 1 conformer 1 could not be determined - it may differ from the QM level of the parameter set.
 No gas phase energy for compound 1 conformer 1 specified, thus it will be estimated


 Total number of processed compounds:    1


----------------
 START job     1
----------------


 Results for mixture 1
 ---------------------
 Temperature          :    298.150 K
 Compound Nr.         :         1
 Compound             : BGQMOFGZR
 Mole Fraction        :    1.0000

 Compound: 1  (BGQMOFGZRJUORO-UHFFFAOYSA-M)
 Chemical potential of the compound in the mixture :         0.43431 kcal/mol
 Log10(partial pressure [mbar])                    :       -12.78932
 Free energy of molecule in mix (E_COSMO+dE+Mu)    :  -1947478.35255 kcal/mol
 Total mean interaction energy in the mix (H_int)  :        -6.04559 kcal/mol
 Misfit interaction energy in the mix (H_MF)       :         9.75107 kcal/mol
 H-Bond interaction energy in the mix (H_HB)       :        -0.70661 kcal/mol
 VdW interaction energy in the mix (H_vdW)         :       -15.09005 kcal/mol


----------------
 END job       1
----------------

 Note: Sigma-potentials are tabulated in /media/nastya/storage/Project_nastya/sigma_potential_17/BGQMOFGZRJUORO-UHFFFAOYSA-M.tab

