 -----------------------------------------------------------
 BIOVIA COSMOtherm Version 2019 (build: 19.0.5 [65f0de1d5f])
 -----------------------------------------------------------

 Copyright (C) 1999-2019, Dassault Systemes BIOVIA corp, all rights reserved

 Job name   : !! Computation of compound SIGMA-PROFILES
 Job date   : 10/14/2021
 Job time   : 03:22:06
 Hostname   : unknown
 OS type    : unknown
 Executable : Linux 64-bit

 Reading COSMOtherm parameter file BP_TZVP_C30_1701.ctd from directory /home/nastya/COSMOlogic/COSMOthermX19/COSMOtherm/CTDATA-FILES/OLDPARAM/
 Info: # COSMOtherm parameter file ./BP_TZVP_C30_1701.ctd for BP-TZVP optimized COSMO files                                                                  

 Reading COSMOtherm license key license.txt from directory /home/nastya/COSMOlogic/COSMOthermX19/licensefiles/

 COSMOtherm license key expiration date 01/16/2022
 COSMOtherm license key version 19.0
 Customer : TU Delft, Faculty of Applied Sciences
 ID       : 107270

 License keys:
  product                   |    licensed version    | status
 ------------------------------------------------------------------------------ 
  COSMOtherm                |          19.0          | active
  TURBOMOLE                 |          7.3           | active
 ------------------------------------------------------------------------------ 
 Sigma potentials for all mixtures will be written to /media/nastya/storage/Project_nastya/sigma_potential_17/BYHDDXPKOZIZRV-UHFFFAOYSA-N.pot
 
 Reading COSMO information for compound 1 conformer 1 from file /media/nastya/storage/Project_nastya/cosmo/BYHDDXPKOZIZRV-UHFFFAOYSA-N.cosmo
 Note: Gas phase energy file could not be found for compound 1 conformer 1
 Note: converting Gaussian COSMO-file information of compound 1 conformer 1


 --- Compound 1 (BYHDDXPKOZIZRV-UHFFFAOYSA-N) ---

 Compound Information for compound 1 conformer 1 (COSMO file /media/nastya/storage/Project_nastya/cosmo/BYHDDXPKOZIZRV-UHFFFAOYSA-N.cosmo)
 Atomic weights         : 111111111111111111111111111
 E_COSMO+dE             :    -362877.1363 kcal/mol
 E_gas                  :    -362868.6098 kcal/mol
 E_COSMO-E_gas+dE       :         -8.5265 kcal/mol
 E_diel                 :        -11.5893 kcal/mol
 Averaging corr dE      :          0.6848 kcal/mol
 Area                   :        233.3282 A^2
 Volume                 :        237.4420 A^3
 Molecular Weight       :        178.2287 a.m.u.
 Total COSMO charge     :         -0.0015 a.u.
 Dipole moment (t,x,y,z):          2.2516  1.131407  1.943381  0.114214 Debye                            
 Sigma moments (1-6)    :          0.0000  8.66E+01  3.618167  1.17E+02 -3.81E+01  2.66E+02              
 H-bond moment (accept) :          1.8013
 H-bond moment (donor)  :          3.0815
 
 WARNING: QM computation level of compound 1 conformer 1 could not be determined - it may differ from the QM level of the parameter set.
 No gas phase energy for compound 1 conformer 1 specified, thus it will be estimated


 Total number of processed compounds:    1


----------------
 START job     1
----------------


 Results for mixture 1
 ---------------------
 Temperature          :    298.150 K
 Compound Nr.         :         1
 Compound             : BYHDDXPKO
 Mole Fraction        :    1.0000

 Compound: 1  (BYHDDXPKOZIZRV-UHFFFAOYSA-N)
 Chemical potential of the compound in the mixture :        -4.35031 kcal/mol
 Log10(partial pressure [mbar])                    :        -2.69560
 Free energy of molecule in mix (E_COSMO+dE+Mu)    :   -362881.48665 kcal/mol
 Total mean interaction energy in the mix (H_int)  :       -10.80473 kcal/mol
 Misfit interaction energy in the mix (H_MF)       :         3.20484 kcal/mol
 H-Bond interaction energy in the mix (H_HB)       :        -3.25178 kcal/mol
 VdW interaction energy in the mix (H_vdW)         :       -10.75778 kcal/mol


----------------
 END job       1
----------------

 Note: Sigma-potentials are tabulated in /media/nastya/storage/Project_nastya/sigma_potential_17/BYHDDXPKOZIZRV-UHFFFAOYSA-N.tab

