 -----------------------------------------------------------
 BIOVIA COSMOtherm Version 2019 (build: 19.0.5 [65f0de1d5f])
 -----------------------------------------------------------

 Copyright (C) 1999-2019, Dassault Systemes BIOVIA corp, all rights reserved

 Job name   : !! Computation of compound SIGMA-PROFILES
 Job date   : 10/14/2021
 Job time   : 03:22:09
 Hostname   : unknown
 OS type    : unknown
 Executable : Linux 64-bit

 Reading COSMOtherm parameter file BP_TZVP_C30_1701.ctd from directory /home/nastya/COSMOlogic/COSMOthermX19/COSMOtherm/CTDATA-FILES/OLDPARAM/
 Info: # COSMOtherm parameter file ./BP_TZVP_C30_1701.ctd for BP-TZVP optimized COSMO files                                                                  

 Reading COSMOtherm license key license.txt from directory /home/nastya/COSMOlogic/COSMOthermX19/licensefiles/

 COSMOtherm license key expiration date 01/16/2022
 COSMOtherm license key version 19.0
 Customer : TU Delft, Faculty of Applied Sciences
 ID       : 107270

 License keys:
  product                   |    licensed version    | status
 ------------------------------------------------------------------------------ 
  COSMOtherm                |          19.0          | active
  TURBOMOLE                 |          7.3           | active
 ------------------------------------------------------------------------------ 
 Sigma potentials for all mixtures will be written to /media/nastya/storage/Project_nastya/sigma_potential_17/DLFVBJFMPXGRIB-UHFFFAOYSA-N.pot
 
 Reading COSMO information for compound 1 conformer 1 from file /media/nastya/storage/Project_nastya/cosmo/DLFVBJFMPXGRIB-UHFFFAOYSA-N.cosmo
 Note: Gas phase energy file could not be found for compound 1 conformer 1
 Note: converting Gaussian COSMO-file information of compound 1 conformer 1


 --- Compound 1 (DLFVBJFMPXGRIB-UHFFFAOYSA-N) ---

 Compound Information for compound 1 conformer 1 (COSMO file /media/nastya/storage/Project_nastya/cosmo/DLFVBJFMPXGRIB-UHFFFAOYSA-N.cosmo)
 Atomic weights         : 111111111
 E_COSMO+dE             :    -131347.7502 kcal/mol
 E_gas                  :    -131337.3454 kcal/mol
 E_COSMO-E_gas+dE       :        -10.4048 kcal/mol
 E_diel                 :        -14.0144 kcal/mol
 Averaging corr dE      :          0.4928 kcal/mol
 Area                   :         96.7756 A^2
 Volume                 :         79.3091 A^3
 Molecular Weight       :         59.0674 a.m.u.
 Total COSMO charge     :         -0.0013 a.u.
 Dipole moment (t,x,y,z):          5.5317  0.366289 -5.519589  0.001702 Debye                            
 Sigma moments (1-6)    :          0.0000  8.21E+01  3.04E+01  1.62E+02  1.06E+02  3.89E+02              
 H-bond moment (accept) :          6.0756
 H-bond moment (donor)  :          2.2394
 
 WARNING: QM computation level of compound 1 conformer 1 could not be determined - it may differ from the QM level of the parameter set.
 No gas phase energy for compound 1 conformer 1 specified, thus it will be estimated


 Total number of processed compounds:    1


----------------
 START job     1
----------------


 Results for mixture 1
 ---------------------
 Temperature          :    298.150 K
 Compound Nr.         :         1
 Compound             : DLFVBJFMP
 Mole Fraction        :    1.0000

 Compound: 1  (DLFVBJFMPXGRIB-UHFFFAOYSA-N)
 Chemical potential of the compound in the mixture :        -0.91172 kcal/mol
 Log10(partial pressure [mbar])                    :        -0.72096
 Free energy of molecule in mix (E_COSMO+dE+Mu)    :   -131348.66187 kcal/mol
 Total mean interaction energy in the mix (H_int)  :        -5.38406 kcal/mol
 Misfit interaction energy in the mix (H_MF)       :         1.98428 kcal/mol
 H-Bond interaction energy in the mix (H_HB)       :        -3.11760 kcal/mol
 VdW interaction energy in the mix (H_vdW)         :        -4.25074 kcal/mol


----------------
 END job       1
----------------

 Note: Sigma-potentials are tabulated in /media/nastya/storage/Project_nastya/sigma_potential_17/DLFVBJFMPXGRIB-UHFFFAOYSA-N.tab

