 -----------------------------------------------------------
 BIOVIA COSMOtherm Version 2019 (build: 19.0.5 [65f0de1d5f])
 -----------------------------------------------------------

 Copyright (C) 1999-2019, Dassault Systemes BIOVIA corp, all rights reserved

 Job name   : !! Computation of compound SIGMA-PROFILES
 Job date   : 10/14/2021
 Job time   : 03:22:21
 Hostname   : unknown
 OS type    : unknown
 Executable : Linux 64-bit

 Reading COSMOtherm parameter file BP_TZVP_C30_1701.ctd from directory /home/nastya/COSMOlogic/COSMOthermX19/COSMOtherm/CTDATA-FILES/OLDPARAM/
 Info: # COSMOtherm parameter file ./BP_TZVP_C30_1701.ctd for BP-TZVP optimized COSMO files                                                                  

 Reading COSMOtherm license key license.txt from directory /home/nastya/COSMOlogic/COSMOthermX19/licensefiles/

 COSMOtherm license key expiration date 01/16/2022
 COSMOtherm license key version 19.0
 Customer : TU Delft, Faculty of Applied Sciences
 ID       : 107270

 License keys:
  product                   |    licensed version    | status
 ------------------------------------------------------------------------------ 
  COSMOtherm                |          19.0          | active
  TURBOMOLE                 |          7.3           | active
 ------------------------------------------------------------------------------ 
 Sigma potentials for all mixtures will be written to /media/nastya/storage/Project_nastya/sigma_potential_17/JNMRHUJNCSQMMB-UHFFFAOYSA-N.pot
 
 Reading COSMO information for compound 1 conformer 1 from file /media/nastya/storage/Project_nastya/cosmo/JNMRHUJNCSQMMB-UHFFFAOYSA-N.cosmo
 Note: Gas phase energy file could not be found for compound 1 conformer 1
 Note: converting Gaussian COSMO-file information of compound 1 conformer 1


 --- Compound 1 (JNMRHUJNCSQMMB-UHFFFAOYSA-N) ---

 Compound Information for compound 1 conformer 1 (COSMO file /media/nastya/storage/Project_nastya/cosmo/JNMRHUJNCSQMMB-UHFFFAOYSA-N.cosmo)
 Atomic weights         : 1111111111111111111111111
 E_COSMO+dE             :    -916010.1635 kcal/mol
 E_gas                  :    -915994.9093 kcal/mol
 E_COSMO-E_gas+dE       :        -15.2542 kcal/mol
 E_diel                 :        -22.7380 kcal/mol
 Averaging corr dE      :          1.0185 kcal/mol
 Area                   :        240.7006 A^2
 Volume                 :        274.6653 A^3
 Molecular Weight       :        255.3186 a.m.u.
 Total COSMO charge     :          0.0052 a.u.
 Dipole moment (t,x,y,z):         11.7479  6.447883 -9.748782 -1.183375 Debye                            
 Sigma moments (1-6)    :          0.0000  1.33E+02 -1.70E+01  1.80E+02 -4.73E+01  3.31E+02              
 H-bond moment (accept) :          2.1361
 H-bond moment (donor)  :          4.1833
 
 WARNING: QM computation level of compound 1 conformer 1 could not be determined - it may differ from the QM level of the parameter set.
 No gas phase energy for compound 1 conformer 1 specified, thus it will be estimated


 Total number of processed compounds:    1


----------------
 START job     1
----------------


 Results for mixture 1
 ---------------------
 Temperature          :    298.150 K
 Compound Nr.         :         1
 Compound             : JNMRHUJNC
 Mole Fraction        :    1.0000

 Compound: 1  (JNMRHUJNCSQMMB-UHFFFAOYSA-N)
 Chemical potential of the compound in the mixture :        -3.44087 kcal/mol
 Log10(partial pressure [mbar])                    :        -7.65278
 Free energy of molecule in mix (E_COSMO+dE+Mu)    :   -916013.60441 kcal/mol
 Total mean interaction energy in the mix (H_int)  :        -9.86720 kcal/mol
 Misfit interaction energy in the mix (H_MF)       :         3.77996 kcal/mol
 H-Bond interaction energy in the mix (H_HB)       :        -1.85579 kcal/mol
 VdW interaction energy in the mix (H_vdW)         :       -11.79137 kcal/mol


----------------
 END job       1
----------------

 Note: Sigma-potentials are tabulated in /media/nastya/storage/Project_nastya/sigma_potential_17/JNMRHUJNCSQMMB-UHFFFAOYSA-N.tab

