 -----------------------------------------------------------
 BIOVIA COSMOtherm Version 2019 (build: 19.0.5 [65f0de1d5f])
 -----------------------------------------------------------

 Copyright (C) 1999-2019, Dassault Systemes BIOVIA corp, all rights reserved

 Job name   : !! Computation of compound SIGMA-PROFILES
 Job date   : 10/14/2021
 Job time   : 03:22:21
 Hostname   : unknown
 OS type    : unknown
 Executable : Linux 64-bit

 Reading COSMOtherm parameter file BP_TZVP_C30_1701.ctd from directory /home/nastya/COSMOlogic/COSMOthermX19/COSMOtherm/CTDATA-FILES/OLDPARAM/
 Info: # COSMOtherm parameter file ./BP_TZVP_C30_1701.ctd for BP-TZVP optimized COSMO files                                                                  

 Reading COSMOtherm license key license.txt from directory /home/nastya/COSMOlogic/COSMOthermX19/licensefiles/

 COSMOtherm license key expiration date 01/16/2022
 COSMOtherm license key version 19.0
 Customer : TU Delft, Faculty of Applied Sciences
 ID       : 107270

 License keys:
  product                   |    licensed version    | status
 ------------------------------------------------------------------------------ 
  COSMOtherm                |          19.0          | active
  TURBOMOLE                 |          7.3           | active
 ------------------------------------------------------------------------------ 
 Sigma potentials for all mixtures will be written to /media/nastya/storage/Project_nastya/sigma_potential_17/KQTIIICEAUMSDG-UHFFFAOYSA-N.pot
 
 Reading COSMO information for compound 1 conformer 1 from file /media/nastya/storage/Project_nastya/cosmo/KQTIIICEAUMSDG-UHFFFAOYSA-N.cosmo
 Note: Gas phase energy file could not be found for compound 1 conformer 1
 Note: converting Gaussian COSMO-file information of compound 1 conformer 1


 --- Compound 1 (KQTIIICEAUMSDG-UHFFFAOYSA-N) ---

 Compound Information for compound 1 conformer 1 (COSMO file /media/nastya/storage/Project_nastya/cosmo/KQTIIICEAUMSDG-UHFFFAOYSA-N.cosmo)
 Atomic weights         : 11111111111111111111
 E_COSMO+dE             :    -429941.8934 kcal/mol
 E_gas                  :    -429927.2846 kcal/mol
 E_COSMO-E_gas+dE       :        -14.6087 kcal/mol
 E_diel                 :        -22.2607 kcal/mol
 Averaging corr dE      :          1.3978 kcal/mol
 Area                   :        189.0147 A^2
 Volume                 :        192.1118 A^3
 Molecular Weight       :        176.1248 a.m.u.
 Total COSMO charge     :          0.0071 a.u.
 Dipole moment (t,x,y,z):          5.0940 -4.130470  2.713736  1.234297 Debye                            
 Sigma moments (1-6)    :          0.0000  1.66E+02 -4.88E+01  3.17E+02 -2.69E+02  8.44E+02              
 H-bond moment (accept) :          2.6506
 H-bond moment (donor)  :         10.8721
 
 WARNING: QM computation level of compound 1 conformer 1 could not be determined - it may differ from the QM level of the parameter set.
 No gas phase energy for compound 1 conformer 1 specified, thus it will be estimated


 Total number of processed compounds:    1


----------------
 START job     1
----------------


 Results for mixture 1
 ---------------------
 Temperature          :    298.150 K
 Compound Nr.         :         1
 Compound             : KQTIIICEA
 Mole Fraction        :    1.0000

 Compound: 1  (KQTIIICEAUMSDG-UHFFFAOYSA-N)
 Chemical potential of the compound in the mixture :        -1.81048 kcal/mol
 Log10(partial pressure [mbar])                    :        -4.46130
 Free energy of molecule in mix (E_COSMO+dE+Mu)    :   -429943.70386 kcal/mol
 Total mean interaction energy in the mix (H_int)  :       -13.00042 kcal/mol
 Misfit interaction energy in the mix (H_MF)       :         2.77387 kcal/mol
 H-Bond interaction energy in the mix (H_HB)       :        -9.65271 kcal/mol
 VdW interaction energy in the mix (H_vdW)         :        -6.12158 kcal/mol


----------------
 END job       1
----------------

 Note: Sigma-potentials are tabulated in /media/nastya/storage/Project_nastya/sigma_potential_17/KQTIIICEAUMSDG-UHFFFAOYSA-N.tab

