 -----------------------------------------------------------
 BIOVIA COSMOtherm Version 2019 (build: 19.0.5 [65f0de1d5f])
 -----------------------------------------------------------

 Copyright (C) 1999-2019, Dassault Systemes BIOVIA corp, all rights reserved

 Job name   : !! Computation of compound SIGMA-PROFILES
 Job date   : 10/14/2021
 Job time   : 03:22:23
 Hostname   : unknown
 OS type    : unknown
 Executable : Linux 64-bit

 Reading COSMOtherm parameter file BP_TZVP_C30_1701.ctd from directory /home/nastya/COSMOlogic/COSMOthermX19/COSMOtherm/CTDATA-FILES/OLDPARAM/
 Info: # COSMOtherm parameter file ./BP_TZVP_C30_1701.ctd for BP-TZVP optimized COSMO files                                                                  

 Reading COSMOtherm license key license.txt from directory /home/nastya/COSMOlogic/COSMOthermX19/licensefiles/

 COSMOtherm license key expiration date 01/16/2022
 COSMOtherm license key version 19.0
 Customer : TU Delft, Faculty of Applied Sciences
 ID       : 107270

 License keys:
  product                   |    licensed version    | status
 ------------------------------------------------------------------------------ 
  COSMOtherm                |          19.0          | active
  TURBOMOLE                 |          7.3           | active
 ------------------------------------------------------------------------------ 
 Sigma potentials for all mixtures will be written to /media/nastya/storage/Project_nastya/sigma_potential_17/LSEFCHWGJNHZNT-UHFFFAOYSA-M.pot
 
 Reading COSMO information for compound 1 conformer 1 from file /media/nastya/storage/Project_nastya/cosmo/LSEFCHWGJNHZNT-UHFFFAOYSA-M.cosmo
 Note: Gas phase energy file could not be found for compound 1 conformer 1
 Note: converting Gaussian COSMO-file information of compound 1 conformer 1


 --- Compound 1 (LSEFCHWGJNHZNT-UHFFFAOYSA-M) ---

 Compound Information for compound 1 conformer 1 (COSMO file /media/nastya/storage/Project_nastya/cosmo/LSEFCHWGJNHZNT-UHFFFAOYSA-M.cosmo)
 Atomic weights         : 111111111111111111111111111111111111111
 E_COSMO+dE             :   -2291002.2289 kcal/mol
 E_gas                  :   -2290970.1950 kcal/mol
 E_COSMO-E_gas+dE       :        -32.0339 kcal/mol
 E_diel                 :        -47.1088 kcal/mol
 Averaging corr dE      :          0.9423 kcal/mol
 Area                   :        334.0099 A^2
 Volume                 :        404.6038 A^3
 Molecular Weight       :        357.2257 a.m.u.
 Total COSMO charge     :          0.0067 a.u.
 Dipole moment (t,x,y,z):         21.5416  2.14E+01 -0.327100  2.387209 Debye                            
 Sigma moments (1-6)    :          0.0000  1.89E+02  1.20E+02  3.40E+02  4.22E+02  8.32E+02              
 H-bond moment (accept) :         16.4267
 H-bond moment (donor)  :          0.3511
 
 WARNING: QM computation level of compound 1 conformer 1 could not be determined - it may differ from the QM level of the parameter set.
 No gas phase energy for compound 1 conformer 1 specified, thus it will be estimated


 Total number of processed compounds:    1


----------------
 START job     1
----------------


 Results for mixture 1
 ---------------------
 Temperature          :    298.150 K
 Compound Nr.         :         1
 Compound             : LSEFCHWGJ
 Mole Fraction        :    1.0000

 Compound: 1  (LSEFCHWGJNHZNT-UHFFFAOYSA-M)
 Chemical potential of the compound in the mixture :        -2.29002 kcal/mol
 Log10(partial pressure [mbar])                    :       -20.07815
 Free energy of molecule in mix (E_COSMO+dE+Mu)    :  -2291004.51893 kcal/mol
 Total mean interaction energy in the mix (H_int)  :       -12.21249 kcal/mol
 Misfit interaction energy in the mix (H_MF)       :         8.01797 kcal/mol
 H-Bond interaction energy in the mix (H_HB)       :        -2.30755 kcal/mol
 VdW interaction energy in the mix (H_vdW)         :       -17.92291 kcal/mol


----------------
 END job       1
----------------

 Note: Sigma-potentials are tabulated in /media/nastya/storage/Project_nastya/sigma_potential_17/LSEFCHWGJNHZNT-UHFFFAOYSA-M.tab

