 -----------------------------------------------------------
 BIOVIA COSMOtherm Version 2019 (build: 19.0.5 [65f0de1d5f])
 -----------------------------------------------------------

 Copyright (C) 1999-2019, Dassault Systemes BIOVIA corp, all rights reserved

 Job name   : !! Computation of compound SIGMA-PROFILES
 Job date   : 10/14/2021
 Job time   : 03:22:26
 Hostname   : unknown
 OS type    : unknown
 Executable : Linux 64-bit

 Reading COSMOtherm parameter file BP_TZVP_C30_1701.ctd from directory /home/nastya/COSMOlogic/COSMOthermX19/COSMOtherm/CTDATA-FILES/OLDPARAM/
 Info: # COSMOtherm parameter file ./BP_TZVP_C30_1701.ctd for BP-TZVP optimized COSMO files                                                                  

 Reading COSMOtherm license key license.txt from directory /home/nastya/COSMOlogic/COSMOthermX19/licensefiles/

 COSMOtherm license key expiration date 01/16/2022
 COSMOtherm license key version 19.0
 Customer : TU Delft, Faculty of Applied Sciences
 ID       : 107270

 License keys:
  product                   |    licensed version    | status
 ------------------------------------------------------------------------------ 
  COSMOtherm                |          19.0          | active
  TURBOMOLE                 |          7.3           | active
 ------------------------------------------------------------------------------ 
 Sigma potentials for all mixtures will be written to /media/nastya/storage/Project_nastya/sigma_potential_17/MTCFGRXMJLQNBG-UWTATZPHSA-N.pot
 
 Reading COSMO information for compound 1 conformer 1 from file /media/nastya/storage/Project_nastya/cosmo/MTCFGRXMJLQNBG-UWTATZPHSA-N.cosmo
 Note: Gas phase energy file could not be found for compound 1 conformer 1
 Note: converting Gaussian COSMO-file information of compound 1 conformer 1


 --- Compound 1 (MTCFGRXMJLQNBG-UWTATZPHSA-N) ---

 Compound Information for compound 1 conformer 1 (COSMO file /media/nastya/storage/Project_nastya/cosmo/MTCFGRXMJLQNBG-UWTATZPHSA-N.cosmo)
 Atomic weights         : 11111111111111
 E_COSMO+dE             :    -250468.5011 kcal/mol
 E_gas                  :    -250436.1745 kcal/mol
 E_COSMO-E_gas+dE       :        -32.3267 kcal/mol
 E_diel                 :        -47.6605 kcal/mol
 Averaging corr dE      :          1.0357 kcal/mol
 Area                   :        131.9848 A^2
 Volume                 :        121.0499 A^3
 Molecular Weight       :        105.0930 a.m.u.
 Total COSMO charge     :          0.0041 a.u.
 Dipole moment (t,x,y,z):         13.1753 -3.822819  1.26E+01  0.138665 Debye                            
 Sigma moments (1-6)    :          0.0000  2.31E+02  3.99E+01  6.22E+02  1.76E+02  1.90E+03              
 H-bond moment (accept) :         18.7909
 H-bond moment (donor)  :         11.8226
 
 WARNING: QM computation level of compound 1 conformer 1 could not be determined - it may differ from the QM level of the parameter set.
 No gas phase energy for compound 1 conformer 1 specified, thus it will be estimated


 Total number of processed compounds:    1


----------------
 START job     1
----------------


 Results for mixture 1
 ---------------------
 Temperature          :    298.150 K
 Compound Nr.         :         1
 Compound             : MTCFGRXMJ
 Mole Fraction        :    1.0000

 Compound: 1  (MTCFGRXMJLQNBG-UWTATZPHSA-N)
 Chemical potential of the compound in the mixture :        -3.70133 kcal/mol
 Log10(partial pressure [mbar])                    :       -18.83464
 Free energy of molecule in mix (E_COSMO+dE+Mu)    :   -250472.20245 kcal/mol
 Total mean interaction energy in the mix (H_int)  :       -21.07967 kcal/mol
 Misfit interaction energy in the mix (H_MF)       :         2.23804 kcal/mol
 H-Bond interaction energy in the mix (H_HB)       :       -17.76557 kcal/mol
 VdW interaction energy in the mix (H_vdW)         :        -5.55214 kcal/mol


----------------
 END job       1
----------------

 Note: Sigma-potentials are tabulated in /media/nastya/storage/Project_nastya/sigma_potential_17/MTCFGRXMJLQNBG-UWTATZPHSA-N.tab

