 -----------------------------------------------------------
 BIOVIA COSMOtherm Version 2019 (build: 19.0.5 [65f0de1d5f])
 -----------------------------------------------------------

 Copyright (C) 1999-2019, Dassault Systemes BIOVIA corp, all rights reserved

 Job name   : !! Computation of compound SIGMA-PROFILES
 Job date   : 10/14/2021
 Job time   : 03:22:26
 Hostname   : unknown
 OS type    : unknown
 Executable : Linux 64-bit

 Reading COSMOtherm parameter file BP_TZVP_C30_1701.ctd from directory /home/nastya/COSMOlogic/COSMOthermX19/COSMOtherm/CTDATA-FILES/OLDPARAM/
 Info: # COSMOtherm parameter file ./BP_TZVP_C30_1701.ctd for BP-TZVP optimized COSMO files                                                                  

 Reading COSMOtherm license key license.txt from directory /home/nastya/COSMOlogic/COSMOthermX19/licensefiles/

 COSMOtherm license key expiration date 01/16/2022
 COSMOtherm license key version 19.0
 Customer : TU Delft, Faculty of Applied Sciences
 ID       : 107270

 License keys:
  product                   |    licensed version    | status
 ------------------------------------------------------------------------------ 
  COSMOtherm                |          19.0          | active
  TURBOMOLE                 |          7.3           | active
 ------------------------------------------------------------------------------ 
 Sigma potentials for all mixtures will be written to /media/nastya/storage/Project_nastya/sigma_potential_17/NEUNOKQNYOCZNP-UHFFFAOYSA-N.pot
 
 Reading COSMO information for compound 1 conformer 1 from file /media/nastya/storage/Project_nastya/cosmo/NEUNOKQNYOCZNP-UHFFFAOYSA-N.cosmo
 Note: Gas phase energy file could not be found for compound 1 conformer 1
 Note: converting Gaussian COSMO-file information of compound 1 conformer 1


 --- Compound 1 (NEUNOKQNYOCZNP-UHFFFAOYSA-N) ---

 Compound Information for compound 1 conformer 1 (COSMO file /media/nastya/storage/Project_nastya/cosmo/NEUNOKQNYOCZNP-UHFFFAOYSA-N.cosmo)
 Atomic weights         : 1111111111111111111111111111111
 E_COSMO+dE             :    -351401.8788 kcal/mol
 E_gas                  :    -351363.7996 kcal/mol
 E_COSMO-E_gas+dE       :        -38.0791 kcal/mol
 E_diel                 :        -55.3780 kcal/mol
 Averaging corr dE      :          0.6855 kcal/mol
 Area                   :        222.6089 A^2
 Volume                 :        248.5965 A^3
 Molecular Weight       :        180.2678 a.m.u.
 Total COSMO charge     :         -0.9967 a.u.
 Dipole moment (t,x,y,z):          0.0000  0.000000  0.000000  0.000000 Debye                            
 Sigma moments (1-6)    :       -100.0000  1.31E+02 -9.10E+01  1.55E+02 -1.17E+02  2.61E+02              
 H-bond moment (accept) :          1.2969
 H-bond moment (donor)  :          3.3647
 
 WARNING: QM computation level of compound 1 conformer 1 could not be determined - it may differ from the QM level of the parameter set.
 No gas phase energy for compound 1 conformer 1 specified, thus it will be estimated


 Total number of processed compounds:    1


----------------
 START job     1
----------------


 Results for mixture 1
 ---------------------
 Temperature          :    298.150 K
 Compound Nr.         :         1
 Compound             : NEUNOKQNY
 Mole Fraction        :    1.0000

 WARNING: Mixture    1 is not charge neutral!
 WARNING: Total molecular charge of mixture =       1.0000
 WARNING: Relative screening charge of ions in the mixture =      -1.0000

 Compound: 1  (NEUNOKQNYOCZNP-UHFFFAOYSA-N)
 Chemical potential of the compound in the mixture :         7.32019 kcal/mol
 Log10(partial pressure [mbar])                    :       -15.80326
 Free energy of molecule in mix (E_COSMO+dE+Mu)    :   -351394.55858 kcal/mol
 Total mean interaction energy in the mix (H_int)  :         1.74897 kcal/mol
 Misfit interaction energy in the mix (H_MF)       :        14.63191 kcal/mol
 H-Bond interaction energy in the mix (H_HB)       :        -2.23703 kcal/mol
 VdW interaction energy in the mix (H_vdW)         :       -10.64591 kcal/mol


----------------
 END job       1
----------------

 Note: Sigma-potentials are tabulated in /media/nastya/storage/Project_nastya/sigma_potential_17/NEUNOKQNYOCZNP-UHFFFAOYSA-N.tab

