 -----------------------------------------------------------
 BIOVIA COSMOtherm Version 2019 (build: 19.0.5 [65f0de1d5f])
 -----------------------------------------------------------

 Copyright (C) 1999-2019, Dassault Systemes BIOVIA corp, all rights reserved

 Job name   : !! Computation of compound SIGMA-PROFILES
 Job date   : 10/14/2021
 Job time   : 03:22:26
 Hostname   : unknown
 OS type    : unknown
 Executable : Linux 64-bit

 Reading COSMOtherm parameter file BP_TZVP_C30_1701.ctd from directory /home/nastya/COSMOlogic/COSMOthermX19/COSMOtherm/CTDATA-FILES/OLDPARAM/
 Info: # COSMOtherm parameter file ./BP_TZVP_C30_1701.ctd for BP-TZVP optimized COSMO files                                                                  

 Reading COSMOtherm license key license.txt from directory /home/nastya/COSMOlogic/COSMOthermX19/licensefiles/

 COSMOtherm license key expiration date 01/16/2022
 COSMOtherm license key version 19.0
 Customer : TU Delft, Faculty of Applied Sciences
 ID       : 107270

 License keys:
  product                   |    licensed version    | status
 ------------------------------------------------------------------------------ 
  COSMOtherm                |          19.0          | active
  TURBOMOLE                 |          7.3           | active
 ------------------------------------------------------------------------------ 
 Sigma potentials for all mixtures will be written to /media/nastya/storage/Project_nastya/sigma_potential_17/NLXLAEXVIDQMFP-UHFFFAOYSA-N.pot
 
 Reading COSMO information for compound 1 conformer 1 from file /media/nastya/storage/Project_nastya/cosmo/NLXLAEXVIDQMFP-UHFFFAOYSA-N.cosmo
 Note: Gas phase energy file could not be found for compound 1 conformer 1
 Note: converting Gaussian COSMO-file information of compound 1 conformer 1


 --- Compound 1 (NLXLAEXVIDQMFP-UHFFFAOYSA-N) ---

 Compound Information for compound 1 conformer 1 (COSMO file /media/nastya/storage/Project_nastya/cosmo/NLXLAEXVIDQMFP-UHFFFAOYSA-N.cosmo)
 Atomic weights         : 111111
 E_COSMO+dE             :    -324736.8375 kcal/mol
 E_gas                  :    -324707.3980 kcal/mol
 E_COSMO-E_gas+dE       :        -29.4396 kcal/mol
 E_diel                 :        -43.0826 kcal/mol
 Averaging corr dE      :          0.7182 kcal/mol
 Area                   :         88.7036 A^2
 Volume                 :         66.7025 A^3
 Molecular Weight       :         53.4917 a.m.u.
 Total COSMO charge     :          0.0061 a.u.
 Dipole moment (t,x,y,z):         12.2728  1.23E+01  0.001831 -0.002178 Debye                            
 Sigma moments (1-6)    :          0.0000  2.01E+02 -3.33E+01  5.26E+02 -1.80E+02  1.45E+03              
 H-bond moment (accept) :         13.0281
 H-bond moment (donor)  :         13.9794
 
 WARNING: QM computation level of compound 1 conformer 1 could not be determined - it may differ from the QM level of the parameter set.
 No gas phase energy for compound 1 conformer 1 specified, thus it will be estimated


 Total number of processed compounds:    1


----------------
 START job     1
----------------


 Results for mixture 1
 ---------------------
 Temperature          :    298.150 K
 Compound Nr.         :         1
 Compound             : NLXLAEXVI
 Mole Fraction        :    1.0000

 Compound: 1  (NLXLAEXVIDQMFP-UHFFFAOYSA-N)
 Chemical potential of the compound in the mixture :        -4.10359 kcal/mol
 Log10(partial pressure [mbar])                    :       -17.01326
 Free energy of molecule in mix (E_COSMO+dE+Mu)    :   -324740.94113 kcal/mol
 Total mean interaction energy in the mix (H_int)  :       -16.09264 kcal/mol
 Misfit interaction energy in the mix (H_MF)       :         1.15886 kcal/mol
 H-Bond interaction energy in the mix (H_HB)       :       -12.36582 kcal/mol
 VdW interaction energy in the mix (H_vdW)         :        -4.88567 kcal/mol


----------------
 END job       1
----------------

 Note: Sigma-potentials are tabulated in /media/nastya/storage/Project_nastya/sigma_potential_17/NLXLAEXVIDQMFP-UHFFFAOYSA-N.tab

