 -----------------------------------------------------------
 BIOVIA COSMOtherm Version 2019 (build: 19.0.5 [65f0de1d5f])
 -----------------------------------------------------------

 Copyright (C) 1999-2019, Dassault Systemes BIOVIA corp, all rights reserved

 Job name   : !! Computation of compound SIGMA-PROFILES
 Job date   : 10/14/2021
 Job time   : 03:22:29
 Hostname   : unknown
 OS type    : unknown
 Executable : Linux 64-bit

 Reading COSMOtherm parameter file BP_TZVP_C30_1701.ctd from directory /home/nastya/COSMOlogic/COSMOthermX19/COSMOtherm/CTDATA-FILES/OLDPARAM/
 Info: # COSMOtherm parameter file ./BP_TZVP_C30_1701.ctd for BP-TZVP optimized COSMO files                                                                  

 Reading COSMOtherm license key license.txt from directory /home/nastya/COSMOlogic/COSMOthermX19/licensefiles/

 COSMOtherm license key expiration date 01/16/2022
 COSMOtherm license key version 19.0
 Customer : TU Delft, Faculty of Applied Sciences
 ID       : 107270

 License keys:
  product                   |    licensed version    | status
 ------------------------------------------------------------------------------ 
  COSMOtherm                |          19.0          | active
  TURBOMOLE                 |          7.3           | active
 ------------------------------------------------------------------------------ 
 Sigma potentials for all mixtures will be written to /media/nastya/storage/Project_nastya/sigma_potential_17/NRKYWOKHZRQRJR-UHFFFAOYSA-N.pot
 
 Reading COSMO information for compound 1 conformer 1 from file /media/nastya/storage/Project_nastya/cosmo/NRKYWOKHZRQRJR-UHFFFAOYSA-N.cosmo
 Note: Gas phase energy file could not be found for compound 1 conformer 1
 Note: converting Gaussian COSMO-file information of compound 1 conformer 1


 --- Compound 1 (NRKYWOKHZRQRJR-UHFFFAOYSA-N) ---

 Compound Information for compound 1 conformer 1 (COSMO file /media/nastya/storage/Project_nastya/cosmo/NRKYWOKHZRQRJR-UHFFFAOYSA-N.cosmo)
 Atomic weights         : 111111111
 E_COSMO+dE             :    -318246.7997 kcal/mol
 E_gas                  :    -318237.6743 kcal/mol
 E_COSMO-E_gas+dE       :         -9.1253 kcal/mol
 E_diel                 :        -12.1209 kcal/mol
 Averaging corr dE      :          0.4629 kcal/mol
 Area                   :        114.6277 A^2
 Volume                 :        102.0687 A^3
 Molecular Weight       :        113.0388 a.m.u.
 Total COSMO charge     :          0.0078 a.u.
 Dipole moment (t,x,y,z):          5.4306  2.159966 -4.982542 -0.000957 Debye                            
 Sigma moments (1-6)    :          0.0000  7.07E+01 -3.41E+01  1.39E+02 -1.22E+02  3.40E+02              
 H-bond moment (accept) :          1.2557
 H-bond moment (donor)  :          5.1992
 
 WARNING: QM computation level of compound 1 conformer 1 could not be determined - it may differ from the QM level of the parameter set.
 No gas phase energy for compound 1 conformer 1 specified, thus it will be estimated


 Total number of processed compounds:    1


----------------
 START job     1
----------------


 Results for mixture 1
 ---------------------
 Temperature          :    298.150 K
 Compound Nr.         :         1
 Compound             : NRKYWOKHZ
 Mole Fraction        :    1.0000

 Compound: 1  (NRKYWOKHZRQRJR-UHFFFAOYSA-N)
 Chemical potential of the compound in the mixture :        -0.78527 kcal/mol
 Log10(partial pressure [mbar])                    :         0.30957
 Free energy of molecule in mix (E_COSMO+dE+Mu)    :   -318247.58492 kcal/mol
 Total mean interaction energy in the mix (H_int)  :        -4.39532 kcal/mol
 Misfit interaction energy in the mix (H_MF)       :         1.90117 kcal/mol
 H-Bond interaction energy in the mix (H_HB)       :        -2.04687 kcal/mol
 VdW interaction energy in the mix (H_vdW)         :        -4.24961 kcal/mol


----------------
 END job       1
----------------

 Note: Sigma-potentials are tabulated in /media/nastya/storage/Project_nastya/sigma_potential_17/NRKYWOKHZRQRJR-UHFFFAOYSA-N.tab

