 -----------------------------------------------------------
 BIOVIA COSMOtherm Version 2019 (build: 19.0.5 [65f0de1d5f])
 -----------------------------------------------------------

 Copyright (C) 1999-2019, Dassault Systemes BIOVIA corp, all rights reserved

 Job name   : !! Computation of compound SIGMA-PROFILES
 Job date   : 10/14/2021
 Job time   : 03:22:29
 Hostname   : unknown
 OS type    : unknown
 Executable : Linux 64-bit

 Reading COSMOtherm parameter file BP_TZVP_C30_1701.ctd from directory /home/nastya/COSMOlogic/COSMOthermX19/COSMOtherm/CTDATA-FILES/OLDPARAM/
 Info: # COSMOtherm parameter file ./BP_TZVP_C30_1701.ctd for BP-TZVP optimized COSMO files                                                                  

 Reading COSMOtherm license key license.txt from directory /home/nastya/COSMOlogic/COSMOthermX19/licensefiles/

 COSMOtherm license key expiration date 01/16/2022
 COSMOtherm license key version 19.0
 Customer : TU Delft, Faculty of Applied Sciences
 ID       : 107270

 License keys:
  product                   |    licensed version    | status
 ------------------------------------------------------------------------------ 
  COSMOtherm                |          19.0          | active
  TURBOMOLE                 |          7.3           | active
 ------------------------------------------------------------------------------ 
 Sigma potentials for all mixtures will be written to /media/nastya/storage/Project_nastya/sigma_potential_17/NUPDFKWZQURWCC-UHFFFAOYSA-M.pot
 
 Reading COSMO information for compound 1 conformer 1 from file /media/nastya/storage/Project_nastya/cosmo/NUPDFKWZQURWCC-UHFFFAOYSA-M.cosmo
 Note: Gas phase energy file could not be found for compound 1 conformer 1
 Note: converting Gaussian COSMO-file information of compound 1 conformer 1


 --- Compound 1 (NUPDFKWZQURWCC-UHFFFAOYSA-M) ---

 Compound Information for compound 1 conformer 1 (COSMO file /media/nastya/storage/Project_nastya/cosmo/NUPDFKWZQURWCC-UHFFFAOYSA-M.cosmo)
 Atomic weights         : 11111111111111111111111111111111
 E_COSMO+dE             :    -640337.3928 kcal/mol
 E_gas                  :    -640308.3712 kcal/mol
 E_COSMO-E_gas+dE       :        -29.0216 kcal/mol
 E_diel                 :        -42.4943 kcal/mol
 Averaging corr dE      :          0.7244 kcal/mol
 Area                   :        246.6026 A^2
 Volume                 :        280.7556 A^3
 Molecular Weight       :        215.7210 a.m.u.
 Total COSMO charge     :          0.0096 a.u.
 Dipole moment (t,x,y,z):         19.0223 -1.69E+01 -8.817420  0.273199 Debye                            
 Sigma moments (1-6)    :          0.0000  1.82E+02  1.17E+02  3.13E+02  3.68E+02  7.10E+02              
 H-bond moment (accept) :         14.8949
 H-bond moment (donor)  :          0.4208
 
 WARNING: QM computation level of compound 1 conformer 1 could not be determined - it may differ from the QM level of the parameter set.
 No gas phase energy for compound 1 conformer 1 specified, thus it will be estimated


 Total number of processed compounds:    1


----------------
 START job     1
----------------


 Results for mixture 1
 ---------------------
 Temperature          :    298.150 K
 Compound Nr.         :         1
 Compound             : NUPDFKWZQ
 Mole Fraction        :    1.0000

 Compound: 1  (NUPDFKWZQURWCC-UHFFFAOYSA-M)
 Chemical potential of the compound in the mixture :         0.47044 kcal/mol
 Log10(partial pressure [mbar])                    :       -14.18497
 Free energy of molecule in mix (E_COSMO+dE+Mu)    :   -640336.92235 kcal/mol
 Total mean interaction energy in the mix (H_int)  :        -7.70027 kcal/mol
 Misfit interaction energy in the mix (H_MF)       :         7.14115 kcal/mol
 H-Bond interaction energy in the mix (H_HB)       :        -2.32089 kcal/mol
 VdW interaction energy in the mix (H_vdW)         :       -12.52054 kcal/mol


----------------
 END job       1
----------------

 Note: Sigma-potentials are tabulated in /media/nastya/storage/Project_nastya/sigma_potential_17/NUPDFKWZQURWCC-UHFFFAOYSA-M.tab

