 -----------------------------------------------------------
 BIOVIA COSMOtherm Version 2019 (build: 19.0.5 [65f0de1d5f])
 -----------------------------------------------------------

 Copyright (C) 1999-2019, Dassault Systemes BIOVIA corp, all rights reserved

 Job name   : !! Computation of compound SIGMA-PROFILES
 Job date   : 10/14/2021
 Job time   : 03:22:29
 Hostname   : unknown
 OS type    : unknown
 Executable : Linux 64-bit

 Reading COSMOtherm parameter file BP_TZVP_C30_1701.ctd from directory /home/nastya/COSMOlogic/COSMOthermX19/COSMOtherm/CTDATA-FILES/OLDPARAM/
 Info: # COSMOtherm parameter file ./BP_TZVP_C30_1701.ctd for BP-TZVP optimized COSMO files                                                                  

 Reading COSMOtherm license key license.txt from directory /home/nastya/COSMOlogic/COSMOthermX19/licensefiles/

 COSMOtherm license key expiration date 01/16/2022
 COSMOtherm license key version 19.0
 Customer : TU Delft, Faculty of Applied Sciences
 ID       : 107270

 License keys:
  product                   |    licensed version    | status
 ------------------------------------------------------------------------------ 
  COSMOtherm                |          19.0          | active
  TURBOMOLE                 |          7.3           | active
 ------------------------------------------------------------------------------ 
 Sigma potentials for all mixtures will be written to /media/nastya/storage/Project_nastya/sigma_potential_17/NWXMGUDVXFXRIG-WESIUVDSSA-N.pot
 
 Reading COSMO information for compound 1 conformer 1 from file /media/nastya/storage/Project_nastya/cosmo/NWXMGUDVXFXRIG-WESIUVDSSA-N.cosmo
 Note: Gas phase energy file could not be found for compound 1 conformer 1
 Note: converting Gaussian COSMO-file information of compound 1 conformer 1


 --- Compound 1 (NWXMGUDVXFXRIG-WESIUVDSSA-N) ---

 Compound Information for compound 1 conformer 1 (COSMO file /media/nastya/storage/Project_nastya/cosmo/NWXMGUDVXFXRIG-WESIUVDSSA-N.cosmo)
 Atomic weights         : 11111111111111111111111111111111111111111111111111111111
 E_COSMO+dE             :    -981881.5259 kcal/mol
 E_gas                  :    -981861.3902 kcal/mol
 E_COSMO-E_gas+dE       :        -20.1357 kcal/mol
 E_diel                 :        -30.8641 kcal/mol
 Averaging corr dE      :          1.4692 kcal/mol
 Area                   :        380.5296 A^2
 Volume                 :        477.5814 A^3
 Molecular Weight       :        444.4368 a.m.u.
 Total COSMO charge     :          0.0139 a.u.
 Dipole moment (t,x,y,z):         12.4923 -3.281126 -9.745044 -7.094024 Debye                            
 Sigma moments (1-6)    :          0.0000  1.79E+02  5.28E+01  2.68E+02  1.23E+02  5.81E+02              
 H-bond moment (accept) :          7.6647
 H-bond moment (donor)  :          3.8660
 
 WARNING: QM computation level of compound 1 conformer 1 could not be determined - it may differ from the QM level of the parameter set.
 No gas phase energy for compound 1 conformer 1 specified, thus it will be estimated


 Total number of processed compounds:    1


----------------
 START job     1
----------------


 Results for mixture 1
 ---------------------
 Temperature          :    298.150 K
 Compound Nr.         :         1
 Compound             : NWXMGUDVX
 Mole Fraction        :    1.0000

 Compound: 1  (NWXMGUDVXFXRIG-WESIUVDSSA-N)
 Chemical potential of the compound in the mixture :        -4.41927 kcal/mol
 Log10(partial pressure [mbar])                    :       -12.91747
 Free energy of molecule in mix (E_COSMO+dE+Mu)    :   -981885.94513 kcal/mol
 Total mean interaction energy in the mix (H_int)  :       -15.96019 kcal/mol
 Misfit interaction energy in the mix (H_MF)       :         5.42772 kcal/mol
 H-Bond interaction energy in the mix (H_HB)       :        -5.10664 kcal/mol
 VdW interaction energy in the mix (H_vdW)         :       -16.28128 kcal/mol


----------------
 END job       1
----------------

 Note: Sigma-potentials are tabulated in /media/nastya/storage/Project_nastya/sigma_potential_17/NWXMGUDVXFXRIG-WESIUVDSSA-N.tab

