 -----------------------------------------------------------
 BIOVIA COSMOtherm Version 2019 (build: 19.0.5 [65f0de1d5f])
 -----------------------------------------------------------

 Copyright (C) 1999-2019, Dassault Systemes BIOVIA corp, all rights reserved

 Job name   : !! Computation of compound SIGMA-PROFILES
 Job date   : 10/14/2021
 Job time   : 03:22:32
 Hostname   : unknown
 OS type    : unknown
 Executable : Linux 64-bit

 Reading COSMOtherm parameter file BP_TZVP_C30_1701.ctd from directory /home/nastya/COSMOlogic/COSMOthermX19/COSMOtherm/CTDATA-FILES/OLDPARAM/
 Info: # COSMOtherm parameter file ./BP_TZVP_C30_1701.ctd for BP-TZVP optimized COSMO files                                                                  

 Reading COSMOtherm license key license.txt from directory /home/nastya/COSMOlogic/COSMOthermX19/licensefiles/

 COSMOtherm license key expiration date 01/16/2022
 COSMOtherm license key version 19.0
 Customer : TU Delft, Faculty of Applied Sciences
 ID       : 107270

 License keys:
  product                   |    licensed version    | status
 ------------------------------------------------------------------------------ 
  COSMOtherm                |          19.0          | active
  TURBOMOLE                 |          7.3           | active
 ------------------------------------------------------------------------------ 
 Sigma potentials for all mixtures will be written to /media/nastya/storage/Project_nastya/sigma_potential_17/POKOASTYJWUQJG-UHFFFAOYSA-M.pot
 
 Reading COSMO information for compound 1 conformer 1 from file /media/nastya/storage/Project_nastya/cosmo/POKOASTYJWUQJG-UHFFFAOYSA-M.cosmo
 Note: Gas phase energy file could not be found for compound 1 conformer 1
 Note: converting Gaussian COSMO-file information of compound 1 conformer 1


 --- Compound 1 (POKOASTYJWUQJG-UHFFFAOYSA-M) ---

 Compound Information for compound 1 conformer 1 (COSMO file /media/nastya/storage/Project_nastya/cosmo/POKOASTYJWUQJG-UHFFFAOYSA-M.cosmo)
 Atomic weights         : 1111111111111111111111111
 E_COSMO+dE             :    -543770.4395 kcal/mol
 E_gas                  :    -543740.7728 kcal/mol
 E_COSMO-E_gas+dE       :        -29.6667 kcal/mol
 E_diel                 :        -43.2884 kcal/mol
 Averaging corr dE      :          0.6352 kcal/mol
 Area                   :        221.7067 A^2
 Volume                 :        232.5460 A^3
 Molecular Weight       :        171.6682 a.m.u.
 Total COSMO charge     :          0.0054 a.u.
 Dipole moment (t,x,y,z):         18.8928  1.45E+01  1.20E+01 -1.635179 Debye                            
 Sigma moments (1-6)    :          0.0000  1.69E+02  1.54E+02  3.82E+02  5.45E+02  1.07E+03              
 H-bond moment (accept) :         19.4061
 H-bond moment (donor)  :          0.3990
 
 WARNING: QM computation level of compound 1 conformer 1 could not be determined - it may differ from the QM level of the parameter set.
 No gas phase energy for compound 1 conformer 1 specified, thus it will be estimated


 Total number of processed compounds:    1


----------------
 START job     1
----------------


 Results for mixture 1
 ---------------------
 Temperature          :    298.150 K
 Compound Nr.         :         1
 Compound             : POKOASTYJ
 Mole Fraction        :    1.0000

 Compound: 1  (POKOASTYJWUQJG-UHFFFAOYSA-M)
 Chemical potential of the compound in the mixture :         1.01444 kcal/mol
 Log10(partial pressure [mbar])                    :       -14.25907
 Free energy of molecule in mix (E_COSMO+dE+Mu)    :   -543769.42503 kcal/mol
 Total mean interaction energy in the mix (H_int)  :        -7.35580 kcal/mol
 Misfit interaction energy in the mix (H_MF)       :         7.54966 kcal/mol
 H-Bond interaction energy in the mix (H_HB)       :        -3.18717 kcal/mol
 VdW interaction energy in the mix (H_vdW)         :       -11.71829 kcal/mol


----------------
 END job       1
----------------

 Note: Sigma-potentials are tabulated in /media/nastya/storage/Project_nastya/sigma_potential_17/POKOASTYJWUQJG-UHFFFAOYSA-M.tab

