 -----------------------------------------------------------
 BIOVIA COSMOtherm Version 2019 (build: 19.0.5 [65f0de1d5f])
 -----------------------------------------------------------

 Copyright (C) 1999-2019, Dassault Systemes BIOVIA corp, all rights reserved

 Job name   : !! Computation of compound SIGMA-PROFILES
 Job date   : 10/14/2021
 Job time   : 03:22:35
 Hostname   : unknown
 OS type    : unknown
 Executable : Linux 64-bit

 Reading COSMOtherm parameter file BP_TZVP_C30_1701.ctd from directory /home/nastya/COSMOlogic/COSMOthermX19/COSMOtherm/CTDATA-FILES/OLDPARAM/
 Info: # COSMOtherm parameter file ./BP_TZVP_C30_1701.ctd for BP-TZVP optimized COSMO files                                                                  

 Reading COSMOtherm license key license.txt from directory /home/nastya/COSMOlogic/COSMOthermX19/licensefiles/

 COSMOtherm license key expiration date 01/16/2022
 COSMOtherm license key version 19.0
 Customer : TU Delft, Faculty of Applied Sciences
 ID       : 107270

 License keys:
  product                   |    licensed version    | status
 ------------------------------------------------------------------------------ 
  COSMOtherm                |          19.0          | active
  TURBOMOLE                 |          7.3           | active
 ------------------------------------------------------------------------------ 
 Sigma potentials for all mixtures will be written to /media/nastya/storage/Project_nastya/sigma_potential_17/QLKGUVGAXDXFFW-UHFFFAOYSA-M.pot
 
 Reading COSMO information for compound 1 conformer 1 from file /media/nastya/storage/Project_nastya/cosmo/QLKGUVGAXDXFFW-UHFFFAOYSA-M.cosmo
 Note: Gas phase energy file could not be found for compound 1 conformer 1
 Note: converting Gaussian COSMO-file information of compound 1 conformer 1


 --- Compound 1 (QLKGUVGAXDXFFW-UHFFFAOYSA-M) ---

 Compound Information for compound 1 conformer 1 (COSMO file /media/nastya/storage/Project_nastya/cosmo/QLKGUVGAXDXFFW-UHFFFAOYSA-M.cosmo)
 Atomic weights         : 1111111111111111111111111111
 E_COSMO+dE             :    -349914.6704 kcal/mol
 E_gas                  :    -349890.3387 kcal/mol
 E_COSMO-E_gas+dE       :        -24.3317 kcal/mol
 E_diel                 :        -36.0707 kcal/mol
 Averaging corr dE      :          0.9178 kcal/mol
 Area                   :        204.9913 A^2
 Volume                 :        221.5786 A^3
 Molecular Weight       :        163.2156 a.m.u.
 Total COSMO charge     :          0.0030 a.u.
 Dipole moment (t,x,y,z):         14.9966  1.36E+01 -6.369518  0.116156 Debye                            
 Sigma moments (1-6)    :          0.0000  1.59E+02  1.21E+02  3.22E+02  4.61E+02  9.39E+02              
 H-bond moment (accept) :         14.1385
 H-bond moment (donor)  :          0.1641
 
 WARNING: QM computation level of compound 1 conformer 1 could not be determined - it may differ from the QM level of the parameter set.
 No gas phase energy for compound 1 conformer 1 specified, thus it will be estimated


 Total number of processed compounds:    1


----------------
 START job     1
----------------


 Results for mixture 1
 ---------------------
 Temperature          :    298.150 K
 Compound Nr.         :         1
 Compound             : QLKGUVGAX
 Mole Fraction        :    1.0000

 Compound: 1  (QLKGUVGAXDXFFW-UHFFFAOYSA-M)
 Chemical potential of the compound in the mixture :         0.87426 kcal/mol
 Log10(partial pressure [mbar])                    :        -9.62036
 Free energy of molecule in mix (E_COSMO+dE+Mu)    :   -349913.79618 kcal/mol
 Total mean interaction energy in the mix (H_int)  :        -5.79656 kcal/mol
 Misfit interaction energy in the mix (H_MF)       :         5.61270 kcal/mol
 H-Bond interaction energy in the mix (H_HB)       :        -2.09472 kcal/mol
 VdW interaction energy in the mix (H_vdW)         :        -9.31454 kcal/mol


----------------
 END job       1
----------------

 Note: Sigma-potentials are tabulated in /media/nastya/storage/Project_nastya/sigma_potential_17/QLKGUVGAXDXFFW-UHFFFAOYSA-M.tab

