 -----------------------------------------------------------
 BIOVIA COSMOtherm Version 2019 (build: 19.0.5 [65f0de1d5f])
 -----------------------------------------------------------

 Copyright (C) 1999-2019, Dassault Systemes BIOVIA corp, all rights reserved

 Job name   : !! Computation of compound SIGMA-PROFILES
 Job date   : 10/14/2021
 Job time   : 03:22:35
 Hostname   : unknown
 OS type    : unknown
 Executable : Linux 64-bit

 Reading COSMOtherm parameter file BP_TZVP_C30_1701.ctd from directory /home/nastya/COSMOlogic/COSMOthermX19/COSMOtherm/CTDATA-FILES/OLDPARAM/
 Info: # COSMOtherm parameter file ./BP_TZVP_C30_1701.ctd for BP-TZVP optimized COSMO files                                                                  

 Reading COSMOtherm license key license.txt from directory /home/nastya/COSMOlogic/COSMOthermX19/licensefiles/

 COSMOtherm license key expiration date 01/16/2022
 COSMOtherm license key version 19.0
 Customer : TU Delft, Faculty of Applied Sciences
 ID       : 107270

 License keys:
  product                   |    licensed version    | status
 ------------------------------------------------------------------------------ 
  COSMOtherm                |          19.0          | active
  TURBOMOLE                 |          7.3           | active
 ------------------------------------------------------------------------------ 
 Sigma potentials for all mixtures will be written to /media/nastya/storage/Project_nastya/sigma_potential_17/QTBSBXVTEAMEQO-UHFFFAOYSA-N.pot
 
 Reading COSMO information for compound 1 conformer 1 from file /media/nastya/storage/Project_nastya/cosmo/QTBSBXVTEAMEQO-UHFFFAOYSA-N.cosmo
 Note: Gas phase energy file could not be found for compound 1 conformer 1
 Note: converting Gaussian COSMO-file information of compound 1 conformer 1


 --- Compound 1 (QTBSBXVTEAMEQO-UHFFFAOYSA-N) ---

 Compound Information for compound 1 conformer 1 (COSMO file /media/nastya/storage/Project_nastya/cosmo/QTBSBXVTEAMEQO-UHFFFAOYSA-N.cosmo)
 Atomic weights         : 11111111
 E_COSMO+dE             :    -143819.4031 kcal/mol
 E_gas                  :    -143812.8433 kcal/mol
 E_COSMO-E_gas+dE       :         -6.5598 kcal/mol
 E_diel                 :         -8.6735 kcal/mol
 Averaging corr dE      :          0.5136 kcal/mol
 Area                   :         92.4005 A^2
 Volume                 :         74.4162 A^3
 Molecular Weight       :         60.0522 a.m.u.
 Total COSMO charge     :          0.0010 a.u.
 Dipole moment (t,x,y,z):          2.1925  0.833103 -2.028098 -0.000628 Debye                            
 Sigma moments (1-6)    :          0.0000  6.62E+01 -0.610794  1.17E+02 -4.54E+01  2.84E+02              
 H-bond moment (accept) :          1.8955
 H-bond moment (donor)  :          3.2637
 
 WARNING: QM computation level of compound 1 conformer 1 could not be determined - it may differ from the QM level of the parameter set.
 No gas phase energy for compound 1 conformer 1 specified, thus it will be estimated


 Total number of processed compounds:    1


----------------
 START job     1
----------------


 Results for mixture 1
 ---------------------
 Temperature          :    298.150 K
 Compound Nr.         :         1
 Compound             : QTBSBXVTE
 Mole Fraction        :    1.0000

 Compound: 1  (QTBSBXVTEAMEQO-UHFFFAOYSA-N)
 Chemical potential of the compound in the mixture :        -1.66695 kcal/mol
 Log10(partial pressure [mbar])                    :         1.54380
 Free energy of molecule in mix (E_COSMO+dE+Mu)    :   -143821.07007 kcal/mol
 Total mean interaction energy in the mix (H_int)  :        -6.06834 kcal/mol
 Misfit interaction energy in the mix (H_MF)       :         1.53977 kcal/mol
 H-Bond interaction energy in the mix (H_HB)       :        -3.94418 kcal/mol
 VdW interaction energy in the mix (H_vdW)         :        -3.66392 kcal/mol


----------------
 END job       1
----------------

 Note: Sigma-potentials are tabulated in /media/nastya/storage/Project_nastya/sigma_potential_17/QTBSBXVTEAMEQO-UHFFFAOYSA-N.tab

