 -----------------------------------------------------------
 BIOVIA COSMOtherm Version 2019 (build: 19.0.5 [65f0de1d5f])
 -----------------------------------------------------------

 Copyright (C) 1999-2019, Dassault Systemes BIOVIA corp, all rights reserved

 Job name   : !! Computation of compound SIGMA-PROFILES
 Job date   : 10/14/2021
 Job time   : 03:22:35
 Hostname   : unknown
 OS type    : unknown
 Executable : Linux 64-bit

 Reading COSMOtherm parameter file BP_TZVP_C30_1701.ctd from directory /home/nastya/COSMOlogic/COSMOthermX19/COSMOtherm/CTDATA-FILES/OLDPARAM/
 Info: # COSMOtherm parameter file ./BP_TZVP_C30_1701.ctd for BP-TZVP optimized COSMO files                                                                  

 Reading COSMOtherm license key license.txt from directory /home/nastya/COSMOlogic/COSMOthermX19/licensefiles/

 COSMOtherm license key expiration date 01/16/2022
 COSMOtherm license key version 19.0
 Customer : TU Delft, Faculty of Applied Sciences
 ID       : 107270

 License keys:
  product                   |    licensed version    | status
 ------------------------------------------------------------------------------ 
  COSMOtherm                |          19.0          | active
  TURBOMOLE                 |          7.3           | active
 ------------------------------------------------------------------------------ 
 Sigma potentials for all mixtures will be written to /media/nastya/storage/Project_nastya/sigma_potential_17/QUSNBJAOOMFDIB-UHFFFAOYSA-O.pot
 
 Reading COSMO information for compound 1 conformer 1 from file /media/nastya/storage/Project_nastya/cosmo/QUSNBJAOOMFDIB-UHFFFAOYSA-O.cosmo
 Note: Gas phase energy file could not be found for compound 1 conformer 1
 Note: converting Gaussian COSMO-file information of compound 1 conformer 1


 --- Compound 1 (QUSNBJAOOMFDIB-UHFFFAOYSA-O) ---

 Compound Information for compound 1 conformer 1 (COSMO file /media/nastya/storage/Project_nastya/cosmo/QUSNBJAOOMFDIB-UHFFFAOYSA-O.cosmo)
 Atomic weights         : 11111111111
 E_COSMO+dE             :     -85149.7182 kcal/mol
 E_gas                  :     -85100.2729 kcal/mol
 E_COSMO-E_gas+dE       :        -49.4454 kcal/mol
 E_diel                 :        -70.9041 kcal/mol
 Averaging corr dE      :          0.1875 kcal/mol
 Area                   :         94.8458 A^2
 Volume                 :         77.0544 A^3
 Molecular Weight       :         46.0919 a.m.u.
 Total COSMO charge     :         -0.9968 a.u.
 Dipole moment (t,x,y,z):          0.0000  0.000000  0.000000  0.000000 Debye                            
 Sigma moments (1-6)    :       -100.0000  1.52E+02 -2.63E+02  4.83E+02 -9.13E+02  1.75E+03              
 H-bond moment (accept) :          0.0000
 H-bond moment (donor)  :         18.5919
 
 WARNING: QM computation level of compound 1 conformer 1 could not be determined - it may differ from the QM level of the parameter set.
 No gas phase energy for compound 1 conformer 1 specified, thus it will be estimated


 Total number of processed compounds:    1


----------------
 START job     1
----------------


 Results for mixture 1
 ---------------------
 Temperature          :    298.150 K
 Compound Nr.         :         1
 Compound             : QUSNBJAOO
 Mole Fraction        :    1.0000

 WARNING: Mixture    1 is not charge neutral!
 WARNING: Total molecular charge of mixture =       1.0000
 WARNING: Relative screening charge of ions in the mixture =      -1.0000

 Compound: 1  (QUSNBJAOOMFDIB-UHFFFAOYSA-O)
 Chemical potential of the compound in the mixture :        24.21554 kcal/mol
 Log10(partial pressure [mbar])                    :       -10.91951
 Free energy of molecule in mix (E_COSMO+dE+Mu)    :    -85125.50267 kcal/mol
 Total mean interaction energy in the mix (H_int)  :        22.49903 kcal/mol
 Misfit interaction energy in the mix (H_MF)       :        27.12279 kcal/mol
 H-Bond interaction energy in the mix (H_HB)       :         0.00000 kcal/mol
 VdW interaction energy in the mix (H_vdW)         :        -4.62376 kcal/mol


----------------
 END job       1
----------------

 Note: Sigma-potentials are tabulated in /media/nastya/storage/Project_nastya/sigma_potential_17/QUSNBJAOOMFDIB-UHFFFAOYSA-O.tab

