 -----------------------------------------------------------
 BIOVIA COSMOtherm Version 2019 (build: 19.0.5 [65f0de1d5f])
 -----------------------------------------------------------

 Copyright (C) 1999-2019, Dassault Systemes BIOVIA corp, all rights reserved

 Job name   : !! Computation of compound SIGMA-PROFILES
 Job date   : 10/14/2021
 Job time   : 03:22:39
 Hostname   : unknown
 OS type    : unknown
 Executable : Linux 64-bit

 Reading COSMOtherm parameter file BP_TZVP_C30_1701.ctd from directory /home/nastya/COSMOlogic/COSMOthermX19/COSMOtherm/CTDATA-FILES/OLDPARAM/
 Info: # COSMOtherm parameter file ./BP_TZVP_C30_1701.ctd for BP-TZVP optimized COSMO files                                                                  

 Reading COSMOtherm license key license.txt from directory /home/nastya/COSMOlogic/COSMOthermX19/licensefiles/

 COSMOtherm license key expiration date 01/16/2022
 COSMOtherm license key version 19.0
 Customer : TU Delft, Faculty of Applied Sciences
 ID       : 107270

 License keys:
  product                   |    licensed version    | status
 ------------------------------------------------------------------------------ 
  COSMOtherm                |          19.0          | active
  TURBOMOLE                 |          7.3           | active
 ------------------------------------------------------------------------------ 
 Sigma potentials for all mixtures will be written to /media/nastya/storage/Project_nastya/sigma_potential_17/QWVGKYWNOKOFNN-UHFFFAOYSA-N.pot
 
 Reading COSMO information for compound 1 conformer 1 from file /media/nastya/storage/Project_nastya/cosmo/QWVGKYWNOKOFNN-UHFFFAOYSA-N.cosmo
 Note: Gas phase energy file could not be found for compound 1 conformer 1
 Note: converting Gaussian COSMO-file information of compound 1 conformer 1


 --- Compound 1 (QWVGKYWNOKOFNN-UHFFFAOYSA-N) ---

 Compound Information for compound 1 conformer 1 (COSMO file /media/nastya/storage/Project_nastya/cosmo/QWVGKYWNOKOFNN-UHFFFAOYSA-N.cosmo)
 Atomic weights         : 1111111111111111
 E_COSMO+dE             :    -217690.1594 kcal/mol
 E_gas                  :    -217684.4030 kcal/mol
 E_COSMO-E_gas+dE       :         -5.7563 kcal/mol
 E_diel                 :         -7.5869 kcal/mol
 Averaging corr dE      :          0.4894 kcal/mol
 Area                   :        148.9267 A^2
 Volume                 :        142.3301 A^3
 Molecular Weight       :        108.1385 a.m.u.
 Total COSMO charge     :         -0.0015 a.u.
 Dipole moment (t,x,y,z):          1.4606 -0.448727  1.389982 -0.004760 Debye                            
 Sigma moments (1-6)    :          0.0000  5.75E+01 -2.10E+01  8.07E+01 -8.15E+01  1.96E+02              
 H-bond moment (accept) :          0.3421
 H-bond moment (donor)  :          3.0675
 
 WARNING: QM computation level of compound 1 conformer 1 could not be determined - it may differ from the QM level of the parameter set.
 No gas phase energy for compound 1 conformer 1 specified, thus it will be estimated


 Total number of processed compounds:    1


----------------
 START job     1
----------------


 Results for mixture 1
 ---------------------
 Temperature          :    298.150 K
 Compound Nr.         :         1
 Compound             : QWVGKYWNO
 Mole Fraction        :    1.0000

 Compound: 1  (QWVGKYWNOKOFNN-UHFFFAOYSA-N)
 Chemical potential of the compound in the mixture :        -3.02529 kcal/mol
 Log10(partial pressure [mbar])                    :         0.30624
 Free energy of molecule in mix (E_COSMO+dE+Mu)    :   -217693.18465 kcal/mol
 Total mean interaction energy in the mix (H_int)  :        -6.03909 kcal/mol
 Misfit interaction energy in the mix (H_MF)       :         2.28397 kcal/mol
 H-Bond interaction energy in the mix (H_HB)       :        -1.21612 kcal/mol
 VdW interaction energy in the mix (H_vdW)         :        -7.10695 kcal/mol


----------------
 END job       1
----------------

 Note: Sigma-potentials are tabulated in /media/nastya/storage/Project_nastya/sigma_potential_17/QWVGKYWNOKOFNN-UHFFFAOYSA-N.tab

