 -----------------------------------------------------------
 BIOVIA COSMOtherm Version 2019 (build: 19.0.5 [65f0de1d5f])
 -----------------------------------------------------------

 Copyright (C) 1999-2019, Dassault Systemes BIOVIA corp, all rights reserved

 Job name   : !! Computation of compound SIGMA-PROFILES
 Job date   : 10/14/2021
 Job time   : 03:22:42
 Hostname   : unknown
 OS type    : unknown
 Executable : Linux 64-bit

 Reading COSMOtherm parameter file BP_TZVP_C30_1701.ctd from directory /home/nastya/COSMOlogic/COSMOthermX19/COSMOtherm/CTDATA-FILES/OLDPARAM/
 Info: # COSMOtherm parameter file ./BP_TZVP_C30_1701.ctd for BP-TZVP optimized COSMO files                                                                  

 Reading COSMOtherm license key license.txt from directory /home/nastya/COSMOlogic/COSMOthermX19/licensefiles/

 COSMOtherm license key expiration date 01/16/2022
 COSMOtherm license key version 19.0
 Customer : TU Delft, Faculty of Applied Sciences
 ID       : 107270

 License keys:
  product                   |    licensed version    | status
 ------------------------------------------------------------------------------ 
  COSMOtherm                |          19.0          | active
  TURBOMOLE                 |          7.3           | active
 ------------------------------------------------------------------------------ 
 Sigma potentials for all mixtures will be written to /media/nastya/storage/Project_nastya/sigma_potential_17/VCXBSHBJVUIQHJ-UHFFFAOYSA-N.pot
 
 Reading COSMO information for compound 1 conformer 1 from file /media/nastya/storage/Project_nastya/cosmo/VCXBSHBJVUIQHJ-UHFFFAOYSA-N.cosmo
 Note: Gas phase energy file could not be found for compound 1 conformer 1
 Note: converting Gaussian COSMO-file information of compound 1 conformer 1


 --- Compound 1 (VCXBSHBJVUIQHJ-UHFFFAOYSA-N) ---

 Compound Information for compound 1 conformer 1 (COSMO file /media/nastya/storage/Project_nastya/cosmo/VCXBSHBJVUIQHJ-UHFFFAOYSA-N.cosmo)
 Atomic weights         : 1111111111111111111111111111111
 E_COSMO+dE             :    -351396.5535 kcal/mol
 E_gas                  :    -351356.8558 kcal/mol
 E_COSMO-E_gas+dE       :        -39.6977 kcal/mol
 E_diel                 :        -57.4843 kcal/mol
 Averaging corr dE      :          0.5414 kcal/mol
 Area                   :        236.3089 A^2
 Volume                 :        250.3415 A^3
 Molecular Weight       :        180.2678 a.m.u.
 Total COSMO charge     :         -0.9951 a.u.
 Dipole moment (t,x,y,z):          0.0000  0.000000  0.000000  0.000000 Debye                            
 Sigma moments (1-6)    :       -100.0000  1.20E+02 -8.35E+01  1.04E+02 -8.24E+01  1.15E+02              
 H-bond moment (accept) :          0.2673
 H-bond moment (donor)  :          0.9716
 
 WARNING: QM computation level of compound 1 conformer 1 could not be determined - it may differ from the QM level of the parameter set.
 No gas phase energy for compound 1 conformer 1 specified, thus it will be estimated


 Total number of processed compounds:    1


----------------
 START job     1
----------------


 Results for mixture 1
 ---------------------
 Temperature          :    298.150 K
 Compound Nr.         :         1
 Compound             : VCXBSHBJV
 Mole Fraction        :    1.0000

 WARNING: Mixture    1 is not charge neutral!
 WARNING: Total molecular charge of mixture =       1.0000
 WARNING: Relative screening charge of ions in the mixture =      -1.0000

 Compound: 1  (VCXBSHBJVUIQHJ-UHFFFAOYSA-N)
 Chemical potential of the compound in the mixture :         6.94940 kcal/mol
 Log10(partial pressure [mbar])                    :       -17.26146
 Free energy of molecule in mix (E_COSMO+dE+Mu)    :   -351389.60409 kcal/mol
 Total mean interaction energy in the mix (H_int)  :         2.88165 kcal/mol
 Misfit interaction energy in the mix (H_MF)       :        14.50387 kcal/mol
 H-Bond interaction energy in the mix (H_HB)       :        -0.16498 kcal/mol
 VdW interaction energy in the mix (H_vdW)         :       -11.45725 kcal/mol


----------------
 END job       1
----------------

 Note: Sigma-potentials are tabulated in /media/nastya/storage/Project_nastya/sigma_potential_17/VCXBSHBJVUIQHJ-UHFFFAOYSA-N.tab

