 -----------------------------------------------------------
 BIOVIA COSMOtherm Version 2019 (build: 19.0.5 [65f0de1d5f])
 -----------------------------------------------------------

 Copyright (C) 1999-2019, Dassault Systemes BIOVIA corp, all rights reserved

 Job name   : !! Computation of compound SIGMA-PROFILES
 Job date   : 10/14/2021
 Job time   : 03:22:45
 Hostname   : unknown
 OS type    : unknown
 Executable : Linux 64-bit

 Reading COSMOtherm parameter file BP_TZVP_C30_1701.ctd from directory /home/nastya/COSMOlogic/COSMOthermX19/COSMOtherm/CTDATA-FILES/OLDPARAM/
 Info: # COSMOtherm parameter file ./BP_TZVP_C30_1701.ctd for BP-TZVP optimized COSMO files                                                                  

 Reading COSMOtherm license key license.txt from directory /home/nastya/COSMOlogic/COSMOthermX19/licensefiles/

 COSMOtherm license key expiration date 01/16/2022
 COSMOtherm license key version 19.0
 Customer : TU Delft, Faculty of Applied Sciences
 ID       : 107270

 License keys:
  product                   |    licensed version    | status
 ------------------------------------------------------------------------------ 
  COSMOtherm                |          19.0          | active
  TURBOMOLE                 |          7.3           | active
 ------------------------------------------------------------------------------ 
 Sigma potentials for all mixtures will be written to /media/nastya/storage/Project_nastya/sigma_potential_17/WHUUTDBJXJRKMK-GSVOUGTGSA-N.pot
 
 Reading COSMO information for compound 1 conformer 1 from file /media/nastya/storage/Project_nastya/cosmo/WHUUTDBJXJRKMK-GSVOUGTGSA-N.cosmo
 Note: Gas phase energy file could not be found for compound 1 conformer 1
 Note: converting Gaussian COSMO-file information of compound 1 conformer 1


 --- Compound 1 (WHUUTDBJXJRKMK-GSVOUGTGSA-N) ---

 Compound Information for compound 1 conformer 1 (COSMO file /media/nastya/storage/Project_nastya/cosmo/WHUUTDBJXJRKMK-GSVOUGTGSA-N.cosmo)
 Atomic weights         : 1111111111111111111
 E_COSMO+dE             :    -346313.7817 kcal/mol
 E_gas                  :    -346281.1111 kcal/mol
 E_COSMO-E_gas+dE       :        -32.6707 kcal/mol
 E_diel                 :        -48.4894 kcal/mol
 Averaging corr dE      :          1.2719 kcal/mol
 Area                   :        174.7502 A^2
 Volume                 :        170.0760 A^3
 Molecular Weight       :        147.1299 a.m.u.
 Total COSMO charge     :          0.0049 a.u.
 Dipole moment (t,x,y,z):         14.0011 -7.229520  1.20E+01 -0.654625 Debye                            
 Sigma moments (1-6)    :          0.0000  2.43E+02  1.33E+01  5.97E+02  2.46E+01  1.74E+03              
 H-bond moment (accept) :         15.6456
 H-bond moment (donor)  :         13.0099
 
 WARNING: QM computation level of compound 1 conformer 1 could not be determined - it may differ from the QM level of the parameter set.
 No gas phase energy for compound 1 conformer 1 specified, thus it will be estimated


 Total number of processed compounds:    1


----------------
 START job     1
----------------


 Results for mixture 1
 ---------------------
 Temperature          :    298.150 K
 Compound Nr.         :         1
 Compound             : WHUUTDBJX
 Mole Fraction        :    1.0000

 Compound: 1  (WHUUTDBJXJRKMK-GSVOUGTGSA-N)
 Chemical potential of the compound in the mixture :        -3.10048 kcal/mol
 Log10(partial pressure [mbar])                    :       -18.64636
 Free energy of molecule in mix (E_COSMO+dE+Mu)    :   -346316.88220 kcal/mol
 Total mean interaction energy in the mix (H_int)  :       -21.91557 kcal/mol
 Misfit interaction energy in the mix (H_MF)       :         2.77390 kcal/mol
 H-Bond interaction energy in the mix (H_HB)       :       -17.62277 kcal/mol
 VdW interaction energy in the mix (H_vdW)         :        -7.06670 kcal/mol


----------------
 END job       1
----------------

 Note: Sigma-potentials are tabulated in /media/nastya/storage/Project_nastya/sigma_potential_17/WHUUTDBJXJRKMK-GSVOUGTGSA-N.tab

