 -----------------------------------------------------------
 BIOVIA COSMOtherm Version 2019 (build: 19.0.5 [65f0de1d5f])
 -----------------------------------------------------------

 Copyright (C) 1999-2019, Dassault Systemes BIOVIA corp, all rights reserved

 Job name   : !! Computation of compound SIGMA-PROFILES
 Job date   : 10/14/2021
 Job time   : 03:22:45
 Hostname   : unknown
 OS type    : unknown
 Executable : Linux 64-bit

 Reading COSMOtherm parameter file BP_TZVP_C30_1701.ctd from directory /home/nastya/COSMOlogic/COSMOthermX19/COSMOtherm/CTDATA-FILES/OLDPARAM/
 Info: # COSMOtherm parameter file ./BP_TZVP_C30_1701.ctd for BP-TZVP optimized COSMO files                                                                  

 Reading COSMOtherm license key license.txt from directory /home/nastya/COSMOlogic/COSMOthermX19/licensefiles/

 COSMOtherm license key expiration date 01/16/2022
 COSMOtherm license key version 19.0
 Customer : TU Delft, Faculty of Applied Sciences
 ID       : 107270

 License keys:
  product                   |    licensed version    | status
 ------------------------------------------------------------------------------ 
  COSMOtherm                |          19.0          | active
  TURBOMOLE                 |          7.3           | active
 ------------------------------------------------------------------------------ 
 Sigma potentials for all mixtures will be written to /media/nastya/storage/Project_nastya/sigma_potential_17/WLJVNTCWHIRURA-UHFFFAOYSA-N.pot
 
 Reading COSMO information for compound 1 conformer 1 from file /media/nastya/storage/Project_nastya/cosmo/WLJVNTCWHIRURA-UHFFFAOYSA-N.cosmo
 Note: Gas phase energy file could not be found for compound 1 conformer 1
 Note: converting Gaussian COSMO-file information of compound 1 conformer 1


 --- Compound 1 (WLJVNTCWHIRURA-UHFFFAOYSA-N) ---

 Compound Information for compound 1 conformer 1 (COSMO file /media/nastya/storage/Project_nastya/cosmo/WLJVNTCWHIRURA-UHFFFAOYSA-N.cosmo)
 Atomic weights         : 11111111111111111111111
 E_COSMO+dE             :    -360911.7484 kcal/mol
 E_gas                  :    -360900.0048 kcal/mol
 E_COSMO-E_gas+dE       :        -11.7436 kcal/mol
 E_diel                 :        -16.8209 kcal/mol
 Averaging corr dE      :          1.0012 kcal/mol
 Area                   :        204.7413 A^2
 Volume                 :        199.6750 A^3
 Molecular Weight       :        160.1685 a.m.u.
 Total COSMO charge     :          0.0011 a.u.
 Dipole moment (t,x,y,z):          4.5503 -0.002148  4.550336  0.003959 Debye                            
 Sigma moments (1-6)    :          0.0000  1.25E+02  0.587884  2.18E+02 -8.79E+01  5.23E+02              
 H-bond moment (accept) :          3.2848
 H-bond moment (donor)  :          6.2513
 
 WARNING: QM computation level of compound 1 conformer 1 could not be determined - it may differ from the QM level of the parameter set.
 No gas phase energy for compound 1 conformer 1 specified, thus it will be estimated


 Total number of processed compounds:    1


----------------
 START job     1
----------------


 Results for mixture 1
 ---------------------
 Temperature          :    298.150 K
 Compound Nr.         :         1
 Compound             : WLJVNTCWH
 Mole Fraction        :    1.0000

 Compound: 1  (WLJVNTCWHIRURA-UHFFFAOYSA-N)
 Chemical potential of the compound in the mixture :        -2.93156 kcal/mol
 Log10(partial pressure [mbar])                    :        -3.18286
 Free energy of molecule in mix (E_COSMO+dE+Mu)    :   -360914.67994 kcal/mol
 Total mean interaction energy in the mix (H_int)  :       -12.29758 kcal/mol
 Misfit interaction energy in the mix (H_MF)       :         3.18093 kcal/mol
 H-Bond interaction energy in the mix (H_HB)       :        -7.10382 kcal/mol
 VdW interaction energy in the mix (H_vdW)         :        -8.37469 kcal/mol


----------------
 END job       1
----------------

 Note: Sigma-potentials are tabulated in /media/nastya/storage/Project_nastya/sigma_potential_17/WLJVNTCWHIRURA-UHFFFAOYSA-N.tab

