 -----------------------------------------------------------
 BIOVIA COSMOtherm Version 2019 (build: 19.0.5 [65f0de1d5f])
 -----------------------------------------------------------

 Copyright (C) 1999-2019, Dassault Systemes BIOVIA corp, all rights reserved

 Job name   : !! Computation of compound SIGMA-PROFILES
 Job date   : 10/14/2021
 Job time   : 03:22:45
 Hostname   : unknown
 OS type    : unknown
 Executable : Linux 64-bit

 Reading COSMOtherm parameter file BP_TZVP_C30_1701.ctd from directory /home/nastya/COSMOlogic/COSMOthermX19/COSMOtherm/CTDATA-FILES/OLDPARAM/
 Info: # COSMOtherm parameter file ./BP_TZVP_C30_1701.ctd for BP-TZVP optimized COSMO files                                                                  

 Reading COSMOtherm license key license.txt from directory /home/nastya/COSMOlogic/COSMOthermX19/licensefiles/

 COSMOtherm license key expiration date 01/16/2022
 COSMOtherm license key version 19.0
 Customer : TU Delft, Faculty of Applied Sciences
 ID       : 107270

 License keys:
  product                   |    licensed version    | status
 ------------------------------------------------------------------------------ 
  COSMOtherm                |          19.0          | active
  TURBOMOLE                 |          7.3           | active
 ------------------------------------------------------------------------------ 
 Sigma potentials for all mixtures will be written to /media/nastya/storage/Project_nastya/sigma_potential_17/WPYMKLBDIGXBTP-UHFFFAOYSA-N.pot
 
 Reading COSMO information for compound 1 conformer 1 from file /media/nastya/storage/Project_nastya/cosmo/WPYMKLBDIGXBTP-UHFFFAOYSA-N.cosmo
 Note: Gas phase energy file could not be found for compound 1 conformer 1
 Note: converting Gaussian COSMO-file information of compound 1 conformer 1


 --- Compound 1 (WPYMKLBDIGXBTP-UHFFFAOYSA-N) ---

 Compound Information for compound 1 conformer 1 (COSMO file /media/nastya/storage/Project_nastya/cosmo/WPYMKLBDIGXBTP-UHFFFAOYSA-N.cosmo)
 Atomic weights         : 111111111111111
 E_COSMO+dE             :    -264171.9648 kcal/mol
 E_gas                  :    -264165.0902 kcal/mol
 E_COSMO-E_gas+dE       :         -6.8746 kcal/mol
 E_diel                 :         -9.1709 kcal/mol
 Averaging corr dE      :          0.5721 kcal/mol
 Area                   :        153.2173 A^2
 Volume                 :        146.4500 A^3
 Molecular Weight       :        122.1220 a.m.u.
 Total COSMO charge     :   5.1188948E-05 a.u.
 Dipole moment (t,x,y,z):          2.9783 -2.183711 -2.025327  0.004275 Debye                            
 Sigma moments (1-6)    :          0.0000  6.88E+01 -1.39E+01  1.09E+02 -7.35E+01  2.69E+02              
 H-bond moment (accept) :          1.1963
 H-bond moment (donor)  :          3.3868
 
 WARNING: QM computation level of compound 1 conformer 1 could not be determined - it may differ from the QM level of the parameter set.
 No gas phase energy for compound 1 conformer 1 specified, thus it will be estimated


 Total number of processed compounds:    1


----------------
 START job     1
----------------


 Results for mixture 1
 ---------------------
 Temperature          :    298.150 K
 Compound Nr.         :         1
 Compound             : WPYMKLBDI
 Mole Fraction        :    1.0000

 Compound: 1  (WPYMKLBDIGXBTP-UHFFFAOYSA-N)
 Chemical potential of the compound in the mixture :        -3.31764 kcal/mol
 Log10(partial pressure [mbar])                    :        -0.72774
 Free energy of molecule in mix (E_COSMO+dE+Mu)    :   -264175.28243 kcal/mol
 Total mean interaction energy in the mix (H_int)  :        -8.24754 kcal/mol
 Misfit interaction energy in the mix (H_MF)       :         1.93702 kcal/mol
 H-Bond interaction energy in the mix (H_HB)       :        -3.13204 kcal/mol
 VdW interaction energy in the mix (H_vdW)         :        -7.05252 kcal/mol


----------------
 END job       1
----------------

 Note: Sigma-potentials are tabulated in /media/nastya/storage/Project_nastya/sigma_potential_17/WPYMKLBDIGXBTP-UHFFFAOYSA-N.tab

