 -----------------------------------------------------------
 BIOVIA COSMOtherm Version 2019 (build: 19.0.5 [65f0de1d5f])
 -----------------------------------------------------------

 Copyright (C) 1999-2019, Dassault Systemes BIOVIA corp, all rights reserved

 Job name   : !! Computation of compound SIGMA-PROFILES
 Job date   : 10/14/2021
 Job time   : 03:22:48
 Hostname   : unknown
 OS type    : unknown
 Executable : Linux 64-bit

 Reading COSMOtherm parameter file BP_TZVP_C30_1701.ctd from directory /home/nastya/COSMOlogic/COSMOthermX19/COSMOtherm/CTDATA-FILES/OLDPARAM/
 Info: # COSMOtherm parameter file ./BP_TZVP_C30_1701.ctd for BP-TZVP optimized COSMO files                                                                  

 Reading COSMOtherm license key license.txt from directory /home/nastya/COSMOlogic/COSMOthermX19/licensefiles/

 COSMOtherm license key expiration date 01/16/2022
 COSMOtherm license key version 19.0
 Customer : TU Delft, Faculty of Applied Sciences
 ID       : 107270

 License keys:
  product                   |    licensed version    | status
 ------------------------------------------------------------------------------ 
  COSMOtherm                |          19.0          | active
  TURBOMOLE                 |          7.3           | active
 ------------------------------------------------------------------------------ 
 Sigma potentials for all mixtures will be written to /media/nastya/storage/Project_nastya/sigma_potential_17/XMIIGOLPHOKFCH-UHFFFAOYSA-N.pot
 
 Reading COSMO information for compound 1 conformer 1 from file /media/nastya/storage/Project_nastya/cosmo/XMIIGOLPHOKFCH-UHFFFAOYSA-N.cosmo
 Note: Gas phase energy file could not be found for compound 1 conformer 1
 Note: converting Gaussian COSMO-file information of compound 1 conformer 1


 --- Compound 1 (XMIIGOLPHOKFCH-UHFFFAOYSA-N) ---

 Compound Information for compound 1 conformer 1 (COSMO file /media/nastya/storage/Project_nastya/cosmo/XMIIGOLPHOKFCH-UHFFFAOYSA-N.cosmo)
 Atomic weights         : 111111111111111111111
 E_COSMO+dE             :    -313524.0544 kcal/mol
 E_gas                  :    -313516.2938 kcal/mol
 E_COSMO-E_gas+dE       :         -7.7606 kcal/mol
 E_diel                 :        -10.4989 kcal/mol
 Averaging corr dE      :          0.6654 kcal/mol
 Area                   :        188.1533 A^2
 Volume                 :        191.5193 A^3
 Molecular Weight       :        150.1754 a.m.u.
 Total COSMO charge     :         -0.0017 a.u.
 Dipole moment (t,x,y,z):          2.2970  0.376181  1.869944 -1.279925 Debye                            
 Sigma moments (1-6)    :          0.0000  8.00E+01 -6.185924  1.11E+02 -5.66E+01  2.57E+02              
 H-bond moment (accept) :          1.3552
 H-bond moment (donor)  :          3.2000
 
 WARNING: QM computation level of compound 1 conformer 1 could not be determined - it may differ from the QM level of the parameter set.
 No gas phase energy for compound 1 conformer 1 specified, thus it will be estimated


 Total number of processed compounds:    1


----------------
 START job     1
----------------


 Results for mixture 1
 ---------------------
 Temperature          :    298.150 K
 Compound Nr.         :         1
 Compound             : XMIIGOLPH
 Mole Fraction        :    1.0000

 Compound: 1  (XMIIGOLPHOKFCH-UHFFFAOYSA-N)
 Chemical potential of the compound in the mixture :        -3.55590 kcal/mol
 Log10(partial pressure [mbar])                    :        -1.55183
 Free energy of molecule in mix (E_COSMO+dE+Mu)    :   -313527.61030 kcal/mol
 Total mean interaction energy in the mix (H_int)  :        -9.02796 kcal/mol
 Misfit interaction energy in the mix (H_MF)       :         2.61885 kcal/mol
 H-Bond interaction energy in the mix (H_HB)       :        -3.01830 kcal/mol
 VdW interaction energy in the mix (H_vdW)         :        -8.62851 kcal/mol


----------------
 END job       1
----------------

 Note: Sigma-potentials are tabulated in /media/nastya/storage/Project_nastya/sigma_potential_17/XMIIGOLPHOKFCH-UHFFFAOYSA-N.tab

