 -----------------------------------------------------------
 BIOVIA COSMOtherm Version 2019 (build: 19.0.5 [65f0de1d5f])
 -----------------------------------------------------------

 Copyright (C) 1999-2019, Dassault Systemes BIOVIA corp, all rights reserved

 Job name   : !! Computation of compound SIGMA-PROFILES
 Job date   : 10/14/2021
 Job time   : 03:22:48
 Hostname   : unknown
 OS type    : unknown
 Executable : Linux 64-bit

 Reading COSMOtherm parameter file BP_TZVP_C30_1701.ctd from directory /home/nastya/COSMOlogic/COSMOthermX19/COSMOtherm/CTDATA-FILES/OLDPARAM/
 Info: # COSMOtherm parameter file ./BP_TZVP_C30_1701.ctd for BP-TZVP optimized COSMO files                                                                  

 Reading COSMOtherm license key license.txt from directory /home/nastya/COSMOlogic/COSMOthermX19/licensefiles/

 COSMOtherm license key expiration date 01/16/2022
 COSMOtherm license key version 19.0
 Customer : TU Delft, Faculty of Applied Sciences
 ID       : 107270

 License keys:
  product                   |    licensed version    | status
 ------------------------------------------------------------------------------ 
  COSMOtherm                |          19.0          | active
  TURBOMOLE                 |          7.3           | active
 ------------------------------------------------------------------------------ 
 Sigma potentials for all mixtures will be written to /media/nastya/storage/Project_nastya/sigma_potential_17/YBBLOADPFWKNGS-UHFFFAOYSA-N.pot
 
 Reading COSMO information for compound 1 conformer 1 from file /media/nastya/storage/Project_nastya/cosmo/YBBLOADPFWKNGS-UHFFFAOYSA-N.cosmo
 Note: Gas phase energy file could not be found for compound 1 conformer 1
 Note: converting Gaussian COSMO-file information of compound 1 conformer 1


 --- Compound 1 (YBBLOADPFWKNGS-UHFFFAOYSA-N) ---

 Compound Information for compound 1 conformer 1 (COSMO file /media/nastya/storage/Project_nastya/cosmo/YBBLOADPFWKNGS-UHFFFAOYSA-N.cosmo)
 Atomic weights         : 11111111111111
 E_COSMO+dE             :    -190770.3455 kcal/mol
 E_gas                  :    -190759.5092 kcal/mol
 E_COSMO-E_gas+dE       :        -10.8363 kcal/mol
 E_diel                 :        -14.7425 kcal/mol
 Averaging corr dE      :          0.5512 kcal/mol
 Area                   :        128.0721 A^2
 Volume                 :        116.2798 A^3
 Molecular Weight       :         88.1088 a.m.u.
 Total COSMO charge     :          0.0005 a.u.
 Dipole moment (t,x,y,z):          6.0196  2.944976  5.047877  1.442796 Debye                            
 Sigma moments (1-6)    :          0.0000  8.51E+01  5.06E+01  1.65E+02  1.69E+02  4.13E+02              
 H-bond moment (accept) :          7.0409
 H-bond moment (donor)  :          1.2075
 
 WARNING: QM computation level of compound 1 conformer 1 could not be determined - it may differ from the QM level of the parameter set.
 No gas phase energy for compound 1 conformer 1 specified, thus it will be estimated


 Total number of processed compounds:    1


----------------
 START job     1
----------------


 Results for mixture 1
 ---------------------
 Temperature          :    298.150 K
 Compound Nr.         :         1
 Compound             : YBBLOADPF
 Mole Fraction        :    1.0000

 Compound: 1  (YBBLOADPFWKNGS-UHFFFAOYSA-N)
 Chemical potential of the compound in the mixture :        -0.91601 kcal/mol
 Log10(partial pressure [mbar])                    :        -1.04044
 Free energy of molecule in mix (E_COSMO+dE+Mu)    :   -190771.26150 kcal/mol
 Total mean interaction energy in the mix (H_int)  :        -5.07092 kcal/mol
 Misfit interaction energy in the mix (H_MF)       :         2.94233 kcal/mol
 H-Bond interaction energy in the mix (H_HB)       :        -2.25105 kcal/mol
 VdW interaction energy in the mix (H_vdW)         :        -5.76221 kcal/mol


----------------
 END job       1
----------------

 Note: Sigma-potentials are tabulated in /media/nastya/storage/Project_nastya/sigma_potential_17/YBBLOADPFWKNGS-UHFFFAOYSA-N.tab

