 -----------------------------------------------------------
 BIOVIA COSMOtherm Version 2019 (build: 19.0.5 [65f0de1d5f])
 -----------------------------------------------------------

 Copyright (C) 1999-2019, Dassault Systemes BIOVIA corp, all rights reserved

 Job name   : !! Computation of compound SIGMA-PROFILES
 Job date   : 10/14/2021
 Job time   : 03:22:50
 Hostname   : unknown
 OS type    : unknown
 Executable : Linux 64-bit

 Reading COSMOtherm parameter file BP_TZVP_C30_1701.ctd from directory /home/nastya/COSMOlogic/COSMOthermX19/COSMOtherm/CTDATA-FILES/OLDPARAM/
 Info: # COSMOtherm parameter file ./BP_TZVP_C30_1701.ctd for BP-TZVP optimized COSMO files                                                                  

 Reading COSMOtherm license key license.txt from directory /home/nastya/COSMOlogic/COSMOthermX19/licensefiles/

 COSMOtherm license key expiration date 01/16/2022
 COSMOtherm license key version 19.0
 Customer : TU Delft, Faculty of Applied Sciences
 ID       : 107270

 License keys:
  product                   |    licensed version    | status
 ------------------------------------------------------------------------------ 
  COSMOtherm                |          19.0          | active
  TURBOMOLE                 |          7.3           | active
 ------------------------------------------------------------------------------ 
 Sigma potentials for all mixtures will be written to /media/nastya/storage/Project_nastya/sigma_potential_17/YMBCJWGVCUEGHA-UHFFFAOYSA-M.pot
 
 Reading COSMO information for compound 1 conformer 1 from file /media/nastya/storage/Project_nastya/cosmo/YMBCJWGVCUEGHA-UHFFFAOYSA-M.cosmo
 Note: Gas phase energy file could not be found for compound 1 conformer 1
 Note: converting Gaussian COSMO-file information of compound 1 conformer 1


 --- Compound 1 (YMBCJWGVCUEGHA-UHFFFAOYSA-M) ---

 Compound Information for compound 1 conformer 1 (COSMO file /media/nastya/storage/Project_nastya/cosmo/YMBCJWGVCUEGHA-UHFFFAOYSA-M.cosmo)
 Atomic weights         : 111111111111111111111111111111
 E_COSMO+dE             :    -522111.5798 kcal/mol
 E_gas                  :    -522083.2077 kcal/mol
 E_COSMO-E_gas+dE       :        -28.3722 kcal/mol
 E_diel                 :        -41.3383 kcal/mol
 Averaging corr dE      :          0.5647 kcal/mol
 Area                   :        214.3716 A^2
 Volume                 :        239.8706 A^3
 Molecular Weight       :        165.7051 a.m.u.
 Total COSMO charge     :          0.0087 a.u.
 Dipole moment (t,x,y,z):         17.7314 -1.75E+01 -2.879028 -0.143975 Debye                            
 Sigma moments (1-6)    :          0.0000  1.63E+02  1.72E+02  3.70E+02  5.87E+02  1.07E+03              
 H-bond moment (accept) :         19.8673
 H-bond moment (donor)  :          0.0001
 
 WARNING: QM computation level of compound 1 conformer 1 could not be determined - it may differ from the QM level of the parameter set.
 No gas phase energy for compound 1 conformer 1 specified, thus it will be estimated


 Total number of processed compounds:    1


----------------
 START job     1
----------------


 Results for mixture 1
 ---------------------
 Temperature          :    298.150 K
 Compound Nr.         :         1
 Compound             : YMBCJWGVC
 Mole Fraction        :    1.0000

 Compound: 1  (YMBCJWGVCUEGHA-UHFFFAOYSA-M)
 Chemical potential of the compound in the mixture :         3.10943 kcal/mol
 Log10(partial pressure [mbar])                    :       -10.94363
 Free energy of molecule in mix (E_COSMO+dE+Mu)    :   -522108.47041 kcal/mol
 Total mean interaction energy in the mix (H_int)  :        -2.09647 kcal/mol
 Misfit interaction energy in the mix (H_MF)       :         9.85595 kcal/mol
 H-Bond interaction energy in the mix (H_HB)       :        -0.73386 kcal/mol
 VdW interaction energy in the mix (H_vdW)         :       -11.21855 kcal/mol


----------------
 END job       1
----------------

 Note: Sigma-potentials are tabulated in /media/nastya/storage/Project_nastya/sigma_potential_17/YMBCJWGVCUEGHA-UHFFFAOYSA-M.tab

