 -----------------------------------------------------------
 BIOVIA COSMOtherm Version 2019 (build: 19.0.5 [65f0de1d5f])
 -----------------------------------------------------------

 Copyright (C) 1999-2019, Dassault Systemes BIOVIA corp, all rights reserved

 Job name   : !! Computation of compound SIGMA-PROFILES
 Job date   : 10/14/2021
 Job time   : 03:22:50
 Hostname   : unknown
 OS type    : unknown
 Executable : Linux 64-bit

 Reading COSMOtherm parameter file BP_TZVP_C30_1701.ctd from directory /home/nastya/COSMOlogic/COSMOthermX19/COSMOtherm/CTDATA-FILES/OLDPARAM/
 Info: # COSMOtherm parameter file ./BP_TZVP_C30_1701.ctd for BP-TZVP optimized COSMO files                                                                  

 Reading COSMOtherm license key license.txt from directory /home/nastya/COSMOlogic/COSMOthermX19/licensefiles/

 COSMOtherm license key expiration date 01/16/2022
 COSMOtherm license key version 19.0
 Customer : TU Delft, Faculty of Applied Sciences
 ID       : 107270

 License keys:
  product                   |    licensed version    | status
 ------------------------------------------------------------------------------ 
  COSMOtherm                |          19.0          | active
  TURBOMOLE                 |          7.3           | active
 ------------------------------------------------------------------------------ 
 Sigma potentials for all mixtures will be written to /media/nastya/storage/Project_nastya/sigma_potential_17/ZIBGPFATKBEMQZ-UHFFFAOYSA-N.pot
 
 Reading COSMO information for compound 1 conformer 1 from file /media/nastya/storage/Project_nastya/cosmo/ZIBGPFATKBEMQZ-UHFFFAOYSA-N.cosmo
 Note: Gas phase energy file could not be found for compound 1 conformer 1
 Note: converting Gaussian COSMO-file information of compound 1 conformer 1


 --- Compound 1 (ZIBGPFATKBEMQZ-UHFFFAOYSA-N) ---

 Compound Information for compound 1 conformer 1 (COSMO file /media/nastya/storage/Project_nastya/cosmo/ZIBGPFATKBEMQZ-UHFFFAOYSA-N.cosmo)
 Atomic weights         : 111111111111111111111111
 E_COSMO+dE             :    -337680.5771 kcal/mol
 E_gas                  :    -337668.7350 kcal/mol
 E_COSMO-E_gas+dE       :        -11.8421 kcal/mol
 E_diel                 :        -17.0221 kcal/mol
 Averaging corr dE      :          1.0308 kcal/mol
 Area                   :        204.9417 A^2
 Volume                 :        191.5174 A^3
 Molecular Weight       :        150.1737 a.m.u.
 Total COSMO charge     :         -0.0011 a.u.
 Dipole moment (t,x,y,z):          2.8965 -1.212930 -2.525282  0.735785 Debye                            
 Sigma moments (1-6)    :          0.0000  1.29E+02  5.68E+01  2.40E+02  1.46E+02  5.75E+02              
 H-bond moment (accept) :          8.2543
 H-bond moment (donor)  :          3.6342
 
 WARNING: QM computation level of compound 1 conformer 1 could not be determined - it may differ from the QM level of the parameter set.
 No gas phase energy for compound 1 conformer 1 specified, thus it will be estimated


 Total number of processed compounds:    1


----------------
 START job     1
----------------


 Results for mixture 1
 ---------------------
 Temperature          :    298.150 K
 Compound Nr.         :         1
 Compound             : ZIBGPFATK
 Mole Fraction        :    1.0000

 Compound: 1  (ZIBGPFATKBEMQZ-UHFFFAOYSA-N)
 Chemical potential of the compound in the mixture :        -3.68524 kcal/mol
 Log10(partial pressure [mbar])                    :        -3.80756
 Free energy of molecule in mix (E_COSMO+dE+Mu)    :   -337684.26234 kcal/mol
 Total mean interaction energy in the mix (H_int)  :       -14.71919 kcal/mol
 Misfit interaction energy in the mix (H_MF)       :         3.37008 kcal/mol
 H-Bond interaction energy in the mix (H_HB)       :        -9.01911 kcal/mol
 VdW interaction energy in the mix (H_vdW)         :        -9.07016 kcal/mol


----------------
 END job       1
----------------

 Note: Sigma-potentials are tabulated in /media/nastya/storage/Project_nastya/sigma_potential_17/ZIBGPFATKBEMQZ-UHFFFAOYSA-N.tab

