 -----------------------------------------------------------
 BIOVIA COSMOtherm Version 2019 (build: 19.0.5 [65f0de1d5f])
 -----------------------------------------------------------

 Copyright (C) 1999-2019, Dassault Systemes BIOVIA corp, all rights reserved

 Job name   : !! Computation of compound SIGMA-PROFILES
 Job date   : 10/14/2021
 Job time   : 03:19:56
 Hostname   : unknown
 OS type    : unknown
 Executable : Linux 64-bit

 Reading COSMOtherm parameter file BP_TZVP_C30_1701.ctd from directory /home/nastya/COSMOlogic/COSMOthermX19/COSMOtherm/CTDATA-FILES/OLDPARAM/
 Info: # COSMOtherm parameter file ./BP_TZVP_C30_1701.ctd for BP-TZVP optimized COSMO files                                                                  

 Reading COSMOtherm license key license.txt from directory /home/nastya/COSMOlogic/COSMOthermX19/licensefiles/

 COSMOtherm license key expiration date 01/16/2022
 COSMOtherm license key version 19.0
 Customer : TU Delft, Faculty of Applied Sciences
 ID       : 107270

 License keys:
  product                   |    licensed version    | status
 ------------------------------------------------------------------------------ 
  COSMOtherm                |          19.0          | active
  TURBOMOLE                 |          7.3           | active
 ------------------------------------------------------------------------------ 
 Sigma profiles for all molecules will be written to /media/nastya/storage/Project_nastya/sigma_profile_17/BOOXKGZZTBKJFE-UHFFFAOYSA-M.prf
 
 Reading COSMO information for compound 1 conformer 1 from file /media/nastya/storage/Project_nastya/cosmo/BOOXKGZZTBKJFE-UHFFFAOYSA-M.cosmo
 Note: converting Gaussian COSMO-file information of compound 1 conformer 1


 --- Compound 1 (BOOXKGZZTBKJFE-UHFFFAOYSA-M) ---

 Compound Information for compound 1 conformer 1 (COSMO file /media/nastya/storage/Project_nastya/cosmo/BOOXKGZZTBKJFE-UHFFFAOYSA-M.cosmo)
 Atomic weights         : 1111111111111111111111111111111
 E_COSMO+dE             :   -2284598.8840 kJ/mol
 E_gas                  :   -2284484.9005 kJ/mol
 E_COSMO-E_gas+dE       :       -113.9835 kJ/mol
 E_diel                 :       -166.3142 kJ/mol
 Averaging corr dE      :          2.4364 kJ/mol
 Area                   :          2.2231 nm^2
 Volume                 :          0.2486 nm^3
 Molecular Weight       :        177.7159 g/mol
 Total COSMO charge     :        562.8019 C/mol
 Dipole moment (t,x,y,z):         17.5959 -1.76E+01  0.317918  0.955557 Debye                            
 Sigma moments (1-6)    :          0.0000  1.59E+02  1.66E+02  3.73E+02  5.90E+02  1.11E+03              
 H-bond moment (accept) :         19.5132
 H-bond moment (donor)  :          0.0382
 
 WARNING: QM computation level of compound 1 conformer 1 could not be determined - it may differ from the QM level of the parameter set.
 No gas phase energy for compound 1 conformer 1 specified, thus it will be estimated


 Total number of processed compounds:    1


 Note: No temperatures / mixtures found in /media/nastya/storage/Project_nastya/sigma_profile_17/BOOXKGZZTBKJFE-UHFFFAOYSA-M.inp
 COSMOtherm will terminate

 Note: Sigma-profiles for all compounds are tabulated in /media/nastya/storage/Project_nastya/sigma_profile_17/BOOXKGZZTBKJFE-UHFFFAOYSA-M.tab

