 -----------------------------------------------------------
 BIOVIA COSMOtherm Version 2019 (build: 19.0.5 [65f0de1d5f])
 -----------------------------------------------------------

 Copyright (C) 1999-2019, Dassault Systemes BIOVIA corp, all rights reserved

 Job name   : !! Computation of compound SIGMA-PROFILES
 Job date   : 10/14/2021
 Job time   : 03:19:56
 Hostname   : unknown
 OS type    : unknown
 Executable : Linux 64-bit

 Reading COSMOtherm parameter file BP_TZVP_C30_1701.ctd from directory /home/nastya/COSMOlogic/COSMOthermX19/COSMOtherm/CTDATA-FILES/OLDPARAM/
 Info: # COSMOtherm parameter file ./BP_TZVP_C30_1701.ctd for BP-TZVP optimized COSMO files                                                                  

 Reading COSMOtherm license key license.txt from directory /home/nastya/COSMOlogic/COSMOthermX19/licensefiles/

 COSMOtherm license key expiration date 01/16/2022
 COSMOtherm license key version 19.0
 Customer : TU Delft, Faculty of Applied Sciences
 ID       : 107270

 License keys:
  product                   |    licensed version    | status
 ------------------------------------------------------------------------------ 
  COSMOtherm                |          19.0          | active
  TURBOMOLE                 |          7.3           | active
 ------------------------------------------------------------------------------ 
 Sigma profiles for all molecules will be written to /media/nastya/storage/Project_nastya/sigma_profile_17/BYHDDXPKOZIZRV-UHFFFAOYSA-N.prf
 
 Reading COSMO information for compound 1 conformer 1 from file /media/nastya/storage/Project_nastya/cosmo/BYHDDXPKOZIZRV-UHFFFAOYSA-N.cosmo
 Note: converting Gaussian COSMO-file information of compound 1 conformer 1


 --- Compound 1 (BYHDDXPKOZIZRV-UHFFFAOYSA-N) ---

 Compound Information for compound 1 conformer 1 (COSMO file /media/nastya/storage/Project_nastya/cosmo/BYHDDXPKOZIZRV-UHFFFAOYSA-N.cosmo)
 Atomic weights         : 111111111111111111111111111
 E_COSMO+dE             :   -1518277.9384 kJ/mol
 E_gas                  :   -1518242.2634 kJ/mol
 E_COSMO-E_gas+dE       :        -35.6751 kJ/mol
 E_diel                 :        -48.4895 kJ/mol
 Averaging corr dE      :          2.8652 kJ/mol
 Area                   :          2.3333 nm^2
 Volume                 :          0.2374 nm^3
 Molecular Weight       :        178.2287 g/mol
 Total COSMO charge     :       -142.6046 C/mol
 Dipole moment (t,x,y,z):          2.2516  1.131407  1.943381  0.114214 Debye                            
 Sigma moments (1-6)    :          0.0000  8.66E+01  3.618167  1.17E+02 -3.81E+01  2.66E+02              
 H-bond moment (accept) :          1.8013
 H-bond moment (donor)  :          3.0815
 
 WARNING: QM computation level of compound 1 conformer 1 could not be determined - it may differ from the QM level of the parameter set.
 No gas phase energy for compound 1 conformer 1 specified, thus it will be estimated


 Total number of processed compounds:    1


 Note: No temperatures / mixtures found in /media/nastya/storage/Project_nastya/sigma_profile_17/BYHDDXPKOZIZRV-UHFFFAOYSA-N.inp
 COSMOtherm will terminate

 Note: Sigma-profiles for all compounds are tabulated in /media/nastya/storage/Project_nastya/sigma_profile_17/BYHDDXPKOZIZRV-UHFFFAOYSA-N.tab

