 -----------------------------------------------------------
 BIOVIA COSMOtherm Version 2019 (build: 19.0.5 [65f0de1d5f])
 -----------------------------------------------------------

 Copyright (C) 1999-2019, Dassault Systemes BIOVIA corp, all rights reserved

 Job name   : !! Computation of compound SIGMA-PROFILES
 Job date   : 10/14/2021
 Job time   : 03:20:07
 Hostname   : unknown
 OS type    : unknown
 Executable : Linux 64-bit

 Reading COSMOtherm parameter file BP_TZVP_C30_1701.ctd from directory /home/nastya/COSMOlogic/COSMOthermX19/COSMOtherm/CTDATA-FILES/OLDPARAM/
 Info: # COSMOtherm parameter file ./BP_TZVP_C30_1701.ctd for BP-TZVP optimized COSMO files                                                                  

 Reading COSMOtherm license key license.txt from directory /home/nastya/COSMOlogic/COSMOthermX19/licensefiles/

 COSMOtherm license key expiration date 01/16/2022
 COSMOtherm license key version 19.0
 Customer : TU Delft, Faculty of Applied Sciences
 ID       : 107270

 License keys:
  product                   |    licensed version    | status
 ------------------------------------------------------------------------------ 
  COSMOtherm                |          19.0          | active
  TURBOMOLE                 |          7.3           | active
 ------------------------------------------------------------------------------ 
 Sigma profiles for all molecules will be written to /media/nastya/storage/Project_nastya/sigma_profile_17/HWCKGOZZJDHMNC-UHFFFAOYSA-M.prf
 
 Reading COSMO information for compound 1 conformer 1 from file /media/nastya/storage/Project_nastya/cosmo/HWCKGOZZJDHMNC-UHFFFAOYSA-M.cosmo
 Note: converting Gaussian COSMO-file information of compound 1 conformer 1


 --- Compound 1 (HWCKGOZZJDHMNC-UHFFFAOYSA-M) ---

 Compound Information for compound 1 conformer 1 (COSMO file /media/nastya/storage/Project_nastya/cosmo/HWCKGOZZJDHMNC-UHFFFAOYSA-M.cosmo)
 Atomic weights         : 111111111111111111111111111111
 E_COSMO+dE             :   -7735297.6192 kJ/mol
 E_gas                  :   -7735181.1399 kJ/mol
 E_COSMO-E_gas+dE       :       -116.4793 kJ/mol
 E_diel                 :       -169.5015 kJ/mol
 Averaging corr dE      :          2.1718 kJ/mol
 Area                   :          2.1796 nm^2
 Volume                 :          0.2464 nm^3
 Molecular Weight       :        210.1560 g/mol
 Total COSMO charge     :        900.3373 C/mol
 Dipole moment (t,x,y,z):         18.4992  1.84E+01  1.453623 -0.300269 Debye                            
 Sigma moments (1-6)    :          0.0000  1.54E+02  1.41E+02  2.94E+02  4.16E+02  7.08E+02              
 H-bond moment (accept) :         15.8609
 H-bond moment (donor)  :          0.0002
 
 WARNING: QM computation level of compound 1 conformer 1 could not be determined - it may differ from the QM level of the parameter set.
 No gas phase energy for compound 1 conformer 1 specified, thus it will be estimated


 Total number of processed compounds:    1


 Note: No temperatures / mixtures found in /media/nastya/storage/Project_nastya/sigma_profile_17/HWCKGOZZJDHMNC-UHFFFAOYSA-M.inp
 COSMOtherm will terminate

 Note: Sigma-profiles for all compounds are tabulated in /media/nastya/storage/Project_nastya/sigma_profile_17/HWCKGOZZJDHMNC-UHFFFAOYSA-M.tab

