 -----------------------------------------------------------
 BIOVIA COSMOtherm Version 2019 (build: 19.0.5 [65f0de1d5f])
 -----------------------------------------------------------

 Copyright (C) 1999-2019, Dassault Systemes BIOVIA corp, all rights reserved

 Job name   : !! Computation of compound SIGMA-PROFILES
 Job date   : 10/14/2021
 Job time   : 03:20:13
 Hostname   : unknown
 OS type    : unknown
 Executable : Linux 64-bit

 Reading COSMOtherm parameter file BP_TZVP_C30_1701.ctd from directory /home/nastya/COSMOlogic/COSMOthermX19/COSMOtherm/CTDATA-FILES/OLDPARAM/
 Info: # COSMOtherm parameter file ./BP_TZVP_C30_1701.ctd for BP-TZVP optimized COSMO files                                                                  

 Reading COSMOtherm license key license.txt from directory /home/nastya/COSMOlogic/COSMOthermX19/licensefiles/

 COSMOtherm license key expiration date 01/16/2022
 COSMOtherm license key version 19.0
 Customer : TU Delft, Faculty of Applied Sciences
 ID       : 107270

 License keys:
  product                   |    licensed version    | status
 ------------------------------------------------------------------------------ 
  COSMOtherm                |          19.0          | active
  TURBOMOLE                 |          7.3           | active
 ------------------------------------------------------------------------------ 
 Sigma profiles for all molecules will be written to /media/nastya/storage/Project_nastya/sigma_profile_17/MGJKQDOBUOMPEZ-UHFFFAOYSA-N.prf
 
 Reading COSMO information for compound 1 conformer 1 from file /media/nastya/storage/Project_nastya/cosmo/MGJKQDOBUOMPEZ-UHFFFAOYSA-N.cosmo
 Note: converting Gaussian COSMO-file information of compound 1 conformer 1


 --- Compound 1 (MGJKQDOBUOMPEZ-UHFFFAOYSA-N) ---

 Compound Information for compound 1 conformer 1 (COSMO file /media/nastya/storage/Project_nastya/cosmo/MGJKQDOBUOMPEZ-UHFFFAOYSA-N.cosmo)
 Atomic weights         : 11111111111111
 E_COSMO+dE             :    -798187.4614 kJ/mol
 E_gas                  :    -798140.3974 kJ/mol
 E_COSMO-E_gas+dE       :        -47.0640 kJ/mol
 E_diel                 :        -64.5509 kJ/mol
 Averaging corr dE      :          2.4827 kJ/mol
 Area                   :          1.3154 nm^2
 Volume                 :          0.1167 nm^3
 Molecular Weight       :         88.1088 g/mol
 Total COSMO charge     :       -171.1367 C/mol
 Dipole moment (t,x,y,z):          5.8092 -0.003948 -5.809169 -0.008690 Debye                            
 Sigma moments (1-6)    :          0.0000  8.94E+01  3.67E+01  1.85E+02  1.30E+02  4.79E+02              
 H-bond moment (accept) :          6.8407
 H-bond moment (donor)  :          2.7386
 
 WARNING: QM computation level of compound 1 conformer 1 could not be determined - it may differ from the QM level of the parameter set.
 No gas phase energy for compound 1 conformer 1 specified, thus it will be estimated


 Total number of processed compounds:    1


 Note: No temperatures / mixtures found in /media/nastya/storage/Project_nastya/sigma_profile_17/MGJKQDOBUOMPEZ-UHFFFAOYSA-N.inp
 COSMOtherm will terminate

 Note: Sigma-profiles for all compounds are tabulated in /media/nastya/storage/Project_nastya/sigma_profile_17/MGJKQDOBUOMPEZ-UHFFFAOYSA-N.tab

