 -----------------------------------------------------------
 BIOVIA COSMOtherm Version 2019 (build: 19.0.5 [65f0de1d5f])
 -----------------------------------------------------------

 Copyright (C) 1999-2019, Dassault Systemes BIOVIA corp, all rights reserved

 Job name   : !! Computation of compound SIGMA-PROFILES
 Job date   : 10/14/2021
 Job time   : 03:20:16
 Hostname   : unknown
 OS type    : unknown
 Executable : Linux 64-bit

 Reading COSMOtherm parameter file BP_TZVP_C30_1701.ctd from directory /home/nastya/COSMOlogic/COSMOthermX19/COSMOtherm/CTDATA-FILES/OLDPARAM/
 Info: # COSMOtherm parameter file ./BP_TZVP_C30_1701.ctd for BP-TZVP optimized COSMO files                                                                  

 Reading COSMOtherm license key license.txt from directory /home/nastya/COSMOlogic/COSMOthermX19/licensefiles/

 COSMOtherm license key expiration date 01/16/2022
 COSMOtherm license key version 19.0
 Customer : TU Delft, Faculty of Applied Sciences
 ID       : 107270

 License keys:
  product                   |    licensed version    | status
 ------------------------------------------------------------------------------ 
  COSMOtherm                |          19.0          | active
  TURBOMOLE                 |          7.3           | active
 ------------------------------------------------------------------------------ 
 Sigma profiles for all molecules will be written to /media/nastya/storage/Project_nastya/sigma_profile_17/MVFGUOIZUNYYSO-UHFFFAOYSA-N.prf
 
 Reading COSMO information for compound 1 conformer 1 from file /media/nastya/storage/Project_nastya/cosmo/MVFGUOIZUNYYSO-UHFFFAOYSA-N.cosmo
 Note: converting Gaussian COSMO-file information of compound 1 conformer 1


 --- Compound 1 (MVFGUOIZUNYYSO-UHFFFAOYSA-N) ---

 Compound Information for compound 1 conformer 1 (COSMO file /media/nastya/storage/Project_nastya/cosmo/MVFGUOIZUNYYSO-UHFFFAOYSA-N.cosmo)
 Atomic weights         : 111111111111111111111111111111111111
 E_COSMO+dE             :   -1817950.0569 kJ/mol
 E_gas                  :   -1817911.0750 kJ/mol
 E_COSMO-E_gas+dE       :        -38.9819 kJ/mol
 E_diel                 :        -52.3279 kJ/mol
 Averaging corr dE      :          2.2683 kJ/mol
 Area                   :          2.7210 nm^2
 Volume                 :          0.2993 nm^3
 Molecular Weight       :        220.3120 g/mol
 Total COSMO charge     :         12.9085 C/mol
 Dipole moment (t,x,y,z):          6.6917  4.503479 -3.845110  3.116428 Debye                            
 Sigma moments (1-6)    :          0.0000  7.14E+01  3.63E+01  8.18E+01  9.10E+01  1.61E+02              
 H-bond moment (accept) :          3.4008
 H-bond moment (donor)  :          0.0860
 
 WARNING: QM computation level of compound 1 conformer 1 could not be determined - it may differ from the QM level of the parameter set.
 No gas phase energy for compound 1 conformer 1 specified, thus it will be estimated


 Total number of processed compounds:    1


 Note: No temperatures / mixtures found in /media/nastya/storage/Project_nastya/sigma_profile_17/MVFGUOIZUNYYSO-UHFFFAOYSA-N.inp
 COSMOtherm will terminate

 Note: Sigma-profiles for all compounds are tabulated in /media/nastya/storage/Project_nastya/sigma_profile_17/MVFGUOIZUNYYSO-UHFFFAOYSA-N.tab

