 -----------------------------------------------------------
 BIOVIA COSMOtherm Version 2019 (build: 19.0.5 [65f0de1d5f])
 -----------------------------------------------------------

 Copyright (C) 1999-2019, Dassault Systemes BIOVIA corp, all rights reserved

 Job name   : !! Computation of compound SIGMA-PROFILES
 Job date   : 10/14/2021
 Job time   : 03:20:25
 Hostname   : unknown
 OS type    : unknown
 Executable : Linux 64-bit

 Reading COSMOtherm parameter file BP_TZVP_C30_1701.ctd from directory /home/nastya/COSMOlogic/COSMOthermX19/COSMOtherm/CTDATA-FILES/OLDPARAM/
 Info: # COSMOtherm parameter file ./BP_TZVP_C30_1701.ctd for BP-TZVP optimized COSMO files                                                                  

 Reading COSMOtherm license key license.txt from directory /home/nastya/COSMOlogic/COSMOthermX19/licensefiles/

 COSMOtherm license key expiration date 01/16/2022
 COSMOtherm license key version 19.0
 Customer : TU Delft, Faculty of Applied Sciences
 ID       : 107270

 License keys:
  product                   |    licensed version    | status
 ------------------------------------------------------------------------------ 
  COSMOtherm                |          19.0          | active
  TURBOMOLE                 |          7.3           | active
 ------------------------------------------------------------------------------ 
 Sigma profiles for all molecules will be written to /media/nastya/storage/Project_nastya/sigma_profile_17/QUSNBJAOOMFDIB-UHFFFAOYSA-O.prf
 
 Reading COSMO information for compound 1 conformer 1 from file /media/nastya/storage/Project_nastya/cosmo/QUSNBJAOOMFDIB-UHFFFAOYSA-O.cosmo
 Note: converting Gaussian COSMO-file information of compound 1 conformer 1


 --- Compound 1 (QUSNBJAOOMFDIB-UHFFFAOYSA-O) ---

 Compound Information for compound 1 conformer 1 (COSMO file /media/nastya/storage/Project_nastya/cosmo/QUSNBJAOOMFDIB-UHFFFAOYSA-O.cosmo)
 Atomic weights         : 11111111111
 E_COSMO+dE             :    -356266.4210 kJ/mol
 E_gas                  :    -356059.5416 kJ/mol
 E_COSMO-E_gas+dE       :       -206.8794 kJ/mol
 E_diel                 :       -296.6628 kJ/mol
 Averaging corr dE      :          0.7846 kJ/mol
 Area                   :          0.9485 nm^2
 Volume                 :          0.0771 nm^3
 Molecular Weight       :         46.0919 g/mol
 Total COSMO charge     :     -96176.0664 C/mol
 Dipole moment (t,x,y,z):          0.0000  0.000000  0.000000  0.000000 Debye                            
 Sigma moments (1-6)    :       -100.0000  1.52E+02 -2.63E+02  4.83E+02 -9.13E+02  1.75E+03              
 H-bond moment (accept) :          0.0000
 H-bond moment (donor)  :         18.5919
 
 WARNING: QM computation level of compound 1 conformer 1 could not be determined - it may differ from the QM level of the parameter set.
 No gas phase energy for compound 1 conformer 1 specified, thus it will be estimated


 Total number of processed compounds:    1


 Note: No temperatures / mixtures found in /media/nastya/storage/Project_nastya/sigma_profile_17/QUSNBJAOOMFDIB-UHFFFAOYSA-O.inp
 COSMOtherm will terminate

 Note: Sigma-profiles for all compounds are tabulated in /media/nastya/storage/Project_nastya/sigma_profile_17/QUSNBJAOOMFDIB-UHFFFAOYSA-O.tab

