 -----------------------------------------------------------
 BIOVIA COSMOtherm Version 2019 (build: 19.0.5 [65f0de1d5f])
 -----------------------------------------------------------

 Copyright (C) 1999-2019, Dassault Systemes BIOVIA corp, all rights reserved

 Job name   : !! Computation of compound SIGMA-PROFILES
 Job date   : 10/14/2021
 Job time   : 03:20:28
 Hostname   : unknown
 OS type    : unknown
 Executable : Linux 64-bit

 Reading COSMOtherm parameter file BP_TZVP_C30_1701.ctd from directory /home/nastya/COSMOlogic/COSMOthermX19/COSMOtherm/CTDATA-FILES/OLDPARAM/
 Info: # COSMOtherm parameter file ./BP_TZVP_C30_1701.ctd for BP-TZVP optimized COSMO files                                                                  

 Reading COSMOtherm license key license.txt from directory /home/nastya/COSMOlogic/COSMOthermX19/licensefiles/

 COSMOtherm license key expiration date 01/16/2022
 COSMOtherm license key version 19.0
 Customer : TU Delft, Faculty of Applied Sciences
 ID       : 107270

 License keys:
  product                   |    licensed version    | status
 ------------------------------------------------------------------------------ 
  COSMOtherm                |          19.0          | active
  TURBOMOLE                 |          7.3           | active
 ------------------------------------------------------------------------------ 
 Sigma profiles for all molecules will be written to /media/nastya/storage/Project_nastya/sigma_profile_17/SRBFZHDQGSBBOR-SQOUGZDYSA-N.prf
 
 Reading COSMO information for compound 1 conformer 1 from file /media/nastya/storage/Project_nastya/cosmo/SRBFZHDQGSBBOR-SQOUGZDYSA-N.cosmo
 Note: converting Gaussian COSMO-file information of compound 1 conformer 1


 --- Compound 1 (SRBFZHDQGSBBOR-SQOUGZDYSA-N) ---

 Compound Information for compound 1 conformer 1 (COSMO file /media/nastya/storage/Project_nastya/cosmo/SRBFZHDQGSBBOR-SQOUGZDYSA-N.cosmo)
 Atomic weights         : 11111111111111111111
 E_COSMO+dE             :   -1504129.9744 kJ/mol
 E_gas                  :   -1504077.9577 kJ/mol
 E_COSMO-E_gas+dE       :        -52.0168 kJ/mol
 E_diel                 :        -76.3649 kJ/mol
 Averaging corr dE      :          5.0670 kJ/mol
 Area                   :          1.5934 nm^2
 Volume                 :          0.1628 nm^3
 Molecular Weight       :        150.1305 g/mol
 Total COSMO charge     :         13.4463 C/mol
 Dipole moment (t,x,y,z):          2.8616 -2.590356  0.998053 -0.694941 Debye                            
 Sigma moments (1-6)    :          0.0000  1.43E+02  2.85E+01  2.68E+02  7.02E+01  6.25E+02              
 H-bond moment (accept) :          7.9217
 H-bond moment (donor)  :          5.3178
 
 WARNING: QM computation level of compound 1 conformer 1 could not be determined - it may differ from the QM level of the parameter set.
 No gas phase energy for compound 1 conformer 1 specified, thus it will be estimated


 Total number of processed compounds:    1


 Note: No temperatures / mixtures found in /media/nastya/storage/Project_nastya/sigma_profile_17/SRBFZHDQGSBBOR-SQOUGZDYSA-N.inp
 COSMOtherm will terminate

 Note: Sigma-profiles for all compounds are tabulated in /media/nastya/storage/Project_nastya/sigma_profile_17/SRBFZHDQGSBBOR-SQOUGZDYSA-N.tab

