 -----------------------------------------------------------
 BIOVIA COSMOtherm Version 2019 (build: 19.0.5 [65f0de1d5f])
 -----------------------------------------------------------

 Copyright (C) 1999-2019, Dassault Systemes BIOVIA corp, all rights reserved

 Job name   : !! Computation of compound SIGMA-PROFILES
 Job date   : 10/14/2021
 Job time   : 03:20:32
 Hostname   : unknown
 OS type    : unknown
 Executable : Linux 64-bit

 Reading COSMOtherm parameter file BP_TZVP_C30_1701.ctd from directory /home/nastya/COSMOlogic/COSMOthermX19/COSMOtherm/CTDATA-FILES/OLDPARAM/
 Info: # COSMOtherm parameter file ./BP_TZVP_C30_1701.ctd for BP-TZVP optimized COSMO files                                                                  

 Reading COSMOtherm license key license.txt from directory /home/nastya/COSMOlogic/COSMOthermX19/licensefiles/

 COSMOtherm license key expiration date 01/16/2022
 COSMOtherm license key version 19.0
 Customer : TU Delft, Faculty of Applied Sciences
 ID       : 107270

 License keys:
  product                   |    licensed version    | status
 ------------------------------------------------------------------------------ 
  COSMOtherm                |          19.0          | active
  TURBOMOLE                 |          7.3           | active
 ------------------------------------------------------------------------------ 
 Sigma profiles for all molecules will be written to /media/nastya/storage/Project_nastya/sigma_profile_17/WBYWAXJHAXSJNI-VOTSOKGWSA-N.prf
 
 Reading COSMO information for compound 1 conformer 1 from file /media/nastya/storage/Project_nastya/cosmo/WBYWAXJHAXSJNI-VOTSOKGWSA-N.cosmo
 Note: converting Gaussian COSMO-file information of compound 1 conformer 1


 --- Compound 1 (WBYWAXJHAXSJNI-VOTSOKGWSA-N) ---

 Compound Information for compound 1 conformer 1 (COSMO file /media/nastya/storage/Project_nastya/cosmo/WBYWAXJHAXSJNI-VOTSOKGWSA-N.cosmo)
 Atomic weights         : 1111111111111111111
 E_COSMO+dE             :   -1308583.5222 kJ/mol
 E_gas                  :   -1308549.2957 kJ/mol
 E_COSMO-E_gas+dE       :        -34.2265 kJ/mol
 E_diel                 :        -46.3439 kJ/mol
 Averaging corr dE      :          2.7771 kJ/mol
 Area                   :          1.8866 nm^2
 Volume                 :          0.1843 nm^3
 Molecular Weight       :        148.1595 g/mol
 Total COSMO charge     :        218.5935 C/mol
 Dipole moment (t,x,y,z):          3.7137 -3.204882 -1.876149  0.007172 Debye                            
 Sigma moments (1-6)    :          0.0000  8.26E+01 -6.820233  1.20E+02 -4.65E+01  2.72E+02              
 H-bond moment (accept) :          1.8248
 H-bond moment (donor)  :          3.1174
 
 WARNING: QM computation level of compound 1 conformer 1 could not be determined - it may differ from the QM level of the parameter set.
 No gas phase energy for compound 1 conformer 1 specified, thus it will be estimated


 Total number of processed compounds:    1


 Note: No temperatures / mixtures found in /media/nastya/storage/Project_nastya/sigma_profile_17/WBYWAXJHAXSJNI-VOTSOKGWSA-N.inp
 COSMOtherm will terminate

 Note: Sigma-profiles for all compounds are tabulated in /media/nastya/storage/Project_nastya/sigma_profile_17/WBYWAXJHAXSJNI-VOTSOKGWSA-N.tab

