 -----------------------------------------------------------
 BIOVIA COSMOtherm Version 2019 (build: 19.0.5 [65f0de1d5f])
 -----------------------------------------------------------

 Copyright (C) 1999-2019, Dassault Systemes BIOVIA corp, all rights reserved

 Job name   : !! Computation of compound SIGMA-PROFILES
 Job date   : 10/14/2021
 Job time   : 03:20:37
 Hostname   : unknown
 OS type    : unknown
 Executable : Linux 64-bit

 Reading COSMOtherm parameter file BP_TZVP_C30_1701.ctd from directory /home/nastya/COSMOlogic/COSMOthermX19/COSMOtherm/CTDATA-FILES/OLDPARAM/
 Info: # COSMOtherm parameter file ./BP_TZVP_C30_1701.ctd for BP-TZVP optimized COSMO files                                                                  

 Reading COSMOtherm license key license.txt from directory /home/nastya/COSMOlogic/COSMOthermX19/licensefiles/

 COSMOtherm license key expiration date 01/16/2022
 COSMOtherm license key version 19.0
 Customer : TU Delft, Faculty of Applied Sciences
 ID       : 107270

 License keys:
  product                   |    licensed version    | status
 ------------------------------------------------------------------------------ 
  COSMOtherm                |          19.0          | active
  TURBOMOLE                 |          7.3           | active
 ------------------------------------------------------------------------------ 
 Sigma profiles for all molecules will be written to /media/nastya/storage/Project_nastya/sigma_profile_17/WWZKQHOCKIZLMA-UHFFFAOYSA-N.prf
 
 Reading COSMO information for compound 1 conformer 1 from file /media/nastya/storage/Project_nastya/cosmo/WWZKQHOCKIZLMA-UHFFFAOYSA-N.cosmo
 Note: converting Gaussian COSMO-file information of compound 1 conformer 1


 --- Compound 1 (WWZKQHOCKIZLMA-UHFFFAOYSA-N) ---

 Compound Information for compound 1 conformer 1 (COSMO file /media/nastya/storage/Project_nastya/cosmo/WWZKQHOCKIZLMA-UHFFFAOYSA-N.cosmo)
 Atomic weights         : 11111111111111111111111111
 E_COSMO+dE             :   -1221212.0490 kJ/mol
 E_gas                  :   -1221184.7850 kJ/mol
 E_COSMO-E_gas+dE       :        -27.2640 kJ/mol
 E_diel                 :        -36.3169 kJ/mol
 Averaging corr dE      :          2.3515 kJ/mol
 Area                   :          2.1084 nm^2
 Volume                 :          0.2057 nm^3
 Molecular Weight       :        144.2123 g/mol
 Total COSMO charge     :       -330.0568 C/mol
 Dipole moment (t,x,y,z):          2.2928 -0.606376 -2.211132 -0.000460 Debye                            
 Sigma moments (1-6)    :          0.0000  6.65E+01  2.546047  1.10E+02 -3.82E+01  2.61E+02              
 H-bond moment (accept) :          1.7688
 H-bond moment (donor)  :          3.0695
 
 WARNING: QM computation level of compound 1 conformer 1 could not be determined - it may differ from the QM level of the parameter set.
 No gas phase energy for compound 1 conformer 1 specified, thus it will be estimated


 Total number of processed compounds:    1


 Note: No temperatures / mixtures found in /media/nastya/storage/Project_nastya/sigma_profile_17/WWZKQHOCKIZLMA-UHFFFAOYSA-N.inp
 COSMOtherm will terminate

 Note: Sigma-profiles for all compounds are tabulated in /media/nastya/storage/Project_nastya/sigma_profile_17/WWZKQHOCKIZLMA-UHFFFAOYSA-N.tab

