 -----------------------------------------------------------
 BIOVIA COSMOtherm Version 2019 (build: 19.0.5 [65f0de1d5f])
 -----------------------------------------------------------

 Copyright (C) 1999-2019, Dassault Systemes BIOVIA corp, all rights reserved

 Job name   : !! Computation of compound SIGMA-PROFILES
 Job date   : 10/14/2021
 Job time   : 03:20:37
 Hostname   : unknown
 OS type    : unknown
 Executable : Linux 64-bit

 Reading COSMOtherm parameter file BP_TZVP_C30_1701.ctd from directory /home/nastya/COSMOlogic/COSMOthermX19/COSMOtherm/CTDATA-FILES/OLDPARAM/
 Info: # COSMOtherm parameter file ./BP_TZVP_C30_1701.ctd for BP-TZVP optimized COSMO files                                                                  

 Reading COSMOtherm license key license.txt from directory /home/nastya/COSMOlogic/COSMOthermX19/licensefiles/

 COSMOtherm license key expiration date 01/16/2022
 COSMOtherm license key version 19.0
 Customer : TU Delft, Faculty of Applied Sciences
 ID       : 107270

 License keys:
  product                   |    licensed version    | status
 ------------------------------------------------------------------------------ 
  COSMOtherm                |          19.0          | active
  TURBOMOLE                 |          7.3           | active
 ------------------------------------------------------------------------------ 
 Sigma profiles for all molecules will be written to /media/nastya/storage/Project_nastya/sigma_profile_17/XMGQYMWWDOXHJM-SNVBAGLBSA-N.prf
 
 Reading COSMO information for compound 1 conformer 1 from file /media/nastya/storage/Project_nastya/cosmo/XMGQYMWWDOXHJM-SNVBAGLBSA-N.cosmo
 Note: converting Gaussian COSMO-file information of compound 1 conformer 1


 --- Compound 1 (XMGQYMWWDOXHJM-SNVBAGLBSA-N) ---

 Compound Information for compound 1 conformer 1 (COSMO file /media/nastya/storage/Project_nastya/cosmo/XMGQYMWWDOXHJM-SNVBAGLBSA-N.cosmo)
 Atomic weights         : 11111111111111111111111111
 E_COSMO+dE             :   -1026016.5040 kJ/mol
 E_gas                  :   -1026007.3309 kJ/mol
 E_COSMO-E_gas+dE       :         -9.1731 kJ/mol
 E_diel                 :        -11.9382 kJ/mol
 Averaging corr dE      :          1.0560 kJ/mol
 Area                   :          1.9601 nm^2
 Volume                 :          0.2047 nm^3
 Molecular Weight       :        136.2350 g/mol
 Total COSMO charge     :       -385.2811 C/mol
 Dipole moment (t,x,y,z):          0.8793  0.559387 -0.300934 -0.608058 Debye                            
 Sigma moments (1-6)    :          0.0000  2.46E+01  6.902662  9.063582  5.496420  5.223130              
 H-bond moment (accept) :          0.0000
 H-bond moment (donor)  :          0.0000
 
 WARNING: QM computation level of compound 1 conformer 1 could not be determined - it may differ from the QM level of the parameter set.
 No gas phase energy for compound 1 conformer 1 specified, thus it will be estimated


 Total number of processed compounds:    1


 Note: No temperatures / mixtures found in /media/nastya/storage/Project_nastya/sigma_profile_17/XMGQYMWWDOXHJM-SNVBAGLBSA-N.inp
 COSMOtherm will terminate

 Note: Sigma-profiles for all compounds are tabulated in /media/nastya/storage/Project_nastya/sigma_profile_17/XMGQYMWWDOXHJM-SNVBAGLBSA-N.tab

