 -----------------------------------------------------------
 BIOVIA COSMOtherm Version 2019 (build: 19.0.5 [65f0de1d5f])
 -----------------------------------------------------------

 Copyright (C) 1999-2019, Dassault Systemes BIOVIA corp, all rights reserved

 Job name   : !! Computation of compound SIGMA-PROFILES
 Job date   : 10/14/2021
 Job time   : 03:20:40
 Hostname   : unknown
 OS type    : unknown
 Executable : Linux 64-bit

 Reading COSMOtherm parameter file BP_TZVP_C30_1701.ctd from directory /home/nastya/COSMOlogic/COSMOthermX19/COSMOtherm/CTDATA-FILES/OLDPARAM/
 Info: # COSMOtherm parameter file ./BP_TZVP_C30_1701.ctd for BP-TZVP optimized COSMO files                                                                  

 Reading COSMOtherm license key license.txt from directory /home/nastya/COSMOlogic/COSMOthermX19/licensefiles/

 COSMOtherm license key expiration date 01/16/2022
 COSMOtherm license key version 19.0
 Customer : TU Delft, Faculty of Applied Sciences
 ID       : 107270

 License keys:
  product                   |    licensed version    | status
 ------------------------------------------------------------------------------ 
  COSMOtherm                |          19.0          | active
  TURBOMOLE                 |          7.3           | active
 ------------------------------------------------------------------------------ 
 Sigma profiles for all molecules will be written to /media/nastya/storage/Project_nastya/sigma_profile_17/YCOXTKKNXUZSKD-UHFFFAOYSA-N.prf
 
 Reading COSMO information for compound 1 conformer 1 from file /media/nastya/storage/Project_nastya/cosmo/YCOXTKKNXUZSKD-UHFFFAOYSA-N.cosmo
 Note: converting Gaussian COSMO-file information of compound 1 conformer 1


 --- Compound 1 (YCOXTKKNXUZSKD-UHFFFAOYSA-N) ---

 Compound Information for compound 1 conformer 1 (COSMO file /media/nastya/storage/Project_nastya/cosmo/YCOXTKKNXUZSKD-UHFFFAOYSA-N.cosmo)
 Atomic weights         : 1111111111111111111
 E_COSMO+dE             :   -1014067.4181 kJ/mol
 E_gas                  :   -1014041.4919 kJ/mol
 E_COSMO-E_gas+dE       :        -25.9262 kJ/mol
 E_diel                 :        -34.1222 kJ/mol
 Averaging corr dE      :          2.0266 kJ/mol
 Area                   :          1.6704 nm^2
 Volume                 :          0.1650 nm^3
 Molecular Weight       :        122.1651 g/mol
 Total COSMO charge     :       -138.3434 C/mol
 Dipole moment (t,x,y,z):          1.6194 -0.583959 -1.510427  0.005485 Debye                            
 Sigma moments (1-6)    :          0.0000  6.02E+01 -1.46E+01  8.43E+01 -6.37E+01  1.99E+02              
 H-bond moment (accept) :          0.8297
 H-bond moment (donor)  :          2.8909
 
 WARNING: QM computation level of compound 1 conformer 1 could not be determined - it may differ from the QM level of the parameter set.
 No gas phase energy for compound 1 conformer 1 specified, thus it will be estimated


 Total number of processed compounds:    1


 Note: No temperatures / mixtures found in /media/nastya/storage/Project_nastya/sigma_profile_17/YCOXTKKNXUZSKD-UHFFFAOYSA-N.inp
 COSMOtherm will terminate

 Note: Sigma-profiles for all compounds are tabulated in /media/nastya/storage/Project_nastya/sigma_profile_17/YCOXTKKNXUZSKD-UHFFFAOYSA-N.tab

