 -----------------------------------------------------------
 BIOVIA COSMOtherm Version 2019 (build: 19.0.5 [65f0de1d5f])
 -----------------------------------------------------------

 Copyright (C) 1999-2019, Dassault Systemes BIOVIA corp, all rights reserved

 Job name   : !! generated by COSMOthermX !!
 Job date   : 10/20/2021
 Job time   : 17:32:10
 Hostname   : unknown
 OS type    : unknown
 Executable : Linux 64-bit

 Reading COSMOtherm parameter file BP_TZVP_C30_1701.ctd from directory /home/nastya/COSMOlogic/COSMOthermX19/COSMOtherm/CTDATA-FILES/OLDPARAM/
 Info: # COSMOtherm parameter file ./BP_TZVP_C30_1701.ctd for BP-TZVP optimized COSMO files                                                                  

 Reading COSMOtherm license key license.txt from directory /home/nastya/COSMOlogic/COSMOthermX19/licensefiles/

 COSMOtherm license key expiration date 01/16/2022
 COSMOtherm license key version 19.0
 Customer : TU Delft, Faculty of Applied Sciences
 ID       : 107270

 License keys:
  product                   |    licensed version    | status
 ------------------------------------------------------------------------------ 
  COSMOtherm                |          19.0          | active
  TURBOMOLE                 |          7.3           | active
 ------------------------------------------------------------------------------ 
 
 Note: Vapor pressure / property file could not be found for compound 1
 Reading COSMO information for compound 1 conformer 1 from file /media/nastya/storage/Project_nastya/cosmo/BXWNKGSJHAJOGX-UHFFFAOYSA-N.cosmo
 Note: Gas phase energy file could not be found for compound 1 conformer 1
 Note: converting Gaussian COSMO-file information of compound 1 conformer 1
 
 Note: Vapor pressure / property file could not be found for compound 2
 Reading COSMO information for compound 2 conformer 1 from file /media/nastya/storage/Project_nastya/cosmo/NHGXDBSUJJNIRV-UHFFFAOYSA-M.cosmo
 Note: Gas phase energy file could not be found for compound 2 conformer 1
 Note: converting Gaussian COSMO-file information of compound 2 conformer 1


 --- Compound 1 (BXWNKGSJHAJOGX-UHFFFAOYSA-N) ---

 Compound Information for compound 1 conformer 1 (COSMO file /media/nastya/storage/Project_nastya/cosmo/BXWNKGSJHAJOGX-UHFFFAOYSA-N.cosmo)
 Atomic weights         : 111111111111111111111111111111111111111111111111111
 E_COSMO+dE             :    -442796.2977 kcal/mol
 E_gas                  :    -442790.8374 kcal/mol
 E_COSMO-E_gas+dE       :         -5.4603 kcal/mol
 E_diel                 :         -7.2315 kcal/mol
 Averaging corr dE      :          0.5111 kcal/mol
 Area                   :        367.5167 A^2
 Volume                 :        376.9499 A^3
 Molecular Weight       :        242.4421 a.m.u.
 Total COSMO charge     :         -0.0124 a.u.
 Dipole moment (t,x,y,z):          2.2189 -0.304006  2.197986  0.006862 Debye                            
 Sigma moments (1-6)    :          0.0000  5.66E+01  2.16E+01  9.66E+01  6.32E+01  2.41E+02              
 H-bond moment (accept) :          3.4904
 H-bond moment (donor)  :          1.4616
 
 WARNING: QM computation level of compound 1 conformer 1 could not be determined - it may differ from the QM level of the parameter set.
 No gas phase energy for compound 1 conformer 1 specified, thus it will be estimated


 --- Compound 2 (NHGXDBSUJJNIRV-UHFFFAOYSA-M) ---

 Compound Information for compound 2 conformer 1 (COSMO file /media/nastya/storage/Project_nastya/cosmo/NHGXDBSUJJNIRV-UHFFFAOYSA-M.cosmo)
 Atomic weights         : 111111111111111111111111111111111111111111111111111111
 E_COSMO+dE             :    -719517.9701 kcal/mol
 E_gas                  :    -719490.0954 kcal/mol
 E_COSMO-E_gas+dE       :        -27.8747 kcal/mol
 E_diel                 :        -40.6586 kcal/mol
 Averaging corr dE      :          0.5864 kcal/mol
 Area                   :        346.8419 A^2
 Volume                 :        412.6118 A^3
 Molecular Weight       :        277.9185 a.m.u.
 Total COSMO charge     :          0.0092 a.u.
 Dipole moment (t,x,y,z):         18.0212  1.17E+01 -8.942479 -1.03E+01 Debye                            
 Sigma moments (1-6)    :          0.0000  1.71E+02  2.01E+02  4.29E+02  7.39E+02  1.41E+03              
 H-bond moment (accept) :         22.3888
 H-bond moment (donor)  :          0.0050
 
 WARNING: QM computation level of compound 2 conformer 1 could not be determined - it may differ from the QM level of the parameter set.
 No gas phase energy for compound 2 conformer 1 specified, thus it will be estimated


 Total number of processed compounds:    2


----------------
 START job     1
----------------


 Results for mixture 1
 ---------------------
 Temperature          :    298.000 K
 Compound Nr.         :         1         2
 Compound             : BXWNKGSJH NHGXDBSUJ
 Mole Fraction        :    0.5000    0.5000

 Compound: 1  (BXWNKGSJHAJOGX-UHFFFAOYSA-N)
 Chemical potential of the compound in the mixture :       -11.38502 kcal/mol
 Log10(partial pressure [mbar])                    :        -4.77955
 Free energy of molecule in mix (E_COSMO+dE+Mu)    :   -442807.68274 kcal/mol
 Total mean interaction energy in the mix (H_int)  :       -17.65263 kcal/mol
 Misfit interaction energy in the mix (H_MF)       :         3.84147 kcal/mol
 H-Bond interaction energy in the mix (H_HB)       :        -3.06594 kcal/mol
 VdW interaction energy in the mix (H_vdW)         :       -18.42817 kcal/mol

 Compound: 2  (NHGXDBSUJJNIRV-UHFFFAOYSA-M)
 Chemical potential of the compound in the mixture :        -0.38426 kcal/mol
 Log10(partial pressure [mbar])                    :       -13.14998
 Free energy of molecule in mix (E_COSMO+dE+Mu)    :   -719518.35435 kcal/mol
 Total mean interaction energy in the mix (H_int)  :       -12.41464 kcal/mol
 Misfit interaction energy in the mix (H_MF)       :         8.51241 kcal/mol
 H-Bond interaction energy in the mix (H_HB)       :        -3.22526 kcal/mol
 VdW interaction energy in the mix (H_vdW)         :       -17.70179 kcal/mol



 Compound: 1 Conformer: 1 (BXWNKGSJHAJOGX-UHFFFAOYSA-N)
 Chemical potential of the molecule in the mixture :       -11.38502 kcal/mol
 Log10(partial pressure [mbar])                    :        -4.77955
 Free energy of molecule in mix (E_COSMO+dE+Mu)    :   -442807.68274 kcal/mol
 Total mean interaction energy in the mix          :       -17.65263 kcal/mol
 Misfit interaction energy in the mix              :         3.84147 kcal/mol
 H-Bond interaction energy in the mix              :        -3.06594 kcal/mol
 VdW interaction energy in the mix                 :       -18.42817 kcal/mol
 Normalized weight factor of molecule in compound  :         1.00000
 Normalized weight factor of molecule in gas phase :         1.00000

 Compound: 2 Conformer: 1 (NHGXDBSUJJNIRV-UHFFFAOYSA-M)
 Chemical potential of the molecule in the mixture :        -0.38426 kcal/mol
 Log10(partial pressure [mbar])                    :       -13.14998
 Free energy of molecule in mix (E_COSMO+dE+Mu)    :   -719518.35435 kcal/mol
 Total mean interaction energy in the mix          :       -12.41464 kcal/mol
 Misfit interaction energy in the mix              :         8.51241 kcal/mol
 H-Bond interaction energy in the mix              :        -3.22526 kcal/mol
 VdW interaction energy in the mix                 :       -17.70179 kcal/mol
 Normalized weight factor of molecule in compound  :         1.00000
 Normalized weight factor of molecule in gas phase :         1.00000



 Note: Compound properties are tabulated in /media/nastya/storage/Project_nastya/mu_CA_05/BXWNKGSJHAJOGX-UHFFFAOYSA-N_NHGXDBSUJJNIRV-UHFFFAOYSA-M.tab
----------------
 END job       1
----------------
