 -----------------------------------------------------------
 BIOVIA COSMOtherm Version 2019 (build: 19.0.5 [d8ec0c4a68])
 -----------------------------------------------------------

 Copyright (C) 1999-2019, Dassault Systemes BIOVIA corp, all rights reserved

 Job name   : !! generated by COSMOthermX !!
 Job date   : 07/30/2022
 Job time   : 22:30:33
 Hostname   : unknown
 OS type    : Windows_NT
 Executable : Windows 64-bit

 Reading COSMOtherm parameter file BP_TZVP_C30_1701.ctd from directory C:\Program Files\COSMOlogic\COSMOthermX19\COSMOthermX\..\COSMOtherm\CTDATA-FILES/OLDPARAM/
 Info: # COSMOtherm parameter file ./BP_TZVP_C30_1701.ctd for BP-TZVP optimized COSMO files                                                                  

 Reading COSMOtherm license key license.txt from directory C:\Program Files\COSMOlogic\COSMOthermX19\COSMOthermX\..\licensefiles/

 COSMOtherm license key expiration date 04/26/2025
 COSMOtherm license key version 21
 Customer : 200000000032966
 ID       : LKO1978637

 License keys:
  product                   |    licensed version    | status
 ------------------------------------------------------------------------------ 
  COSMOtherm                |          21            | active
  TURBOMOLE                 |          21            | active
 ------------------------------------------------------------------------------ 
 
 Note: Vapor pressure / property file could not be found for compound 1
 Reading COSMO information for compound 1 conformer 1 from file C:\Users\komp\Desktop\My\Research\DES_MP_ML\cosmo_files\cosmo/FBEVECUEMUUFKM-UHFFFAOYSA-M.cosmo
 Note: Gas phase energy file could not be found for compound 1 conformer 1
 Note: converting Gaussian COSMO-file information of compound 1 conformer 1
 
 Reading vapor pressure and property information for compound 2 from file C:\Users\komp\Desktop\My\Research\DES_MP_ML\cosmo_files\cosmo/OKIZCWYLBDKLSU-UHFFFAOYSA-M.vap
 Reading COSMO information for compound 2 conformer 1 from file C:\Users\komp\Desktop\My\Research\DES_MP_ML\cosmo_files\cosmo/OKIZCWYLBDKLSU-UHFFFAOYSA-M.cosmo
 Note: Gas phase energy file could not be found for compound 2 conformer 1
 Note: converting Gaussian COSMO-file information of compound 2 conformer 1


 --- Compound 1 (FBEVECUEMUUFKM-UHFFFAOYSA-M) ---

 Compound Information for compound 1 conformer 1 (COSMO file C:\Users\komp\Desktop\My\Research\DES_MP_ML\cosmo_files\cosmo/FBEVECUEMUUFKM-UHFFFAOYSA-M.cosmo)
 Atomic weights         : 111111111111111111111111111111111111111111
 E_COSMO+dE             :    -620812.6747 kcal/mol
 E_gas                  :    -620785.1719 kcal/mol
 E_COSMO-E_gas+dE       :        -27.5028 kcal/mol
 E_diel                 :        -40.2405 kcal/mol
 Averaging corr dE      :          0.6655 kcal/mol
 Area                   :        280.8307 A^2
 Volume                 :        329.4602 A^3
 Molecular Weight       :        221.8118 a.m.u.
 Total COSMO charge     :          0.0099 a.u.
 Dipole moment (t,x,y,z):         17.8291 -1.73E+01  3.722837  2.435407 Debye                            
 Sigma moments (1-6)    :          0.0000  1.63E+02  1.84E+02  3.83E+02  6.32E+02  1.16E+03              
 H-bond moment (accept) :         20.5453
 H-bond moment (donor)  :          0.0005
 
 WARNING: QM computation level of compound 1 conformer 1 could not be determined - it may differ from the QM level of the parameter set.
 No gas phase energy for compound 1 conformer 1 specified, thus it will be estimated


 --- Compound 2 (OKIZCWYLBDKLSU-UHFFFAOYSA-M) ---

 Compound Information for compound 2 conformer 1 (COSMO file C:\Users\komp\Desktop\My\Research\DES_MP_ML\cosmo_files\cosmo/OKIZCWYLBDKLSU-UHFFFAOYSA-M.cosmo)
 Atomic weights         : 111111111111111111
 E_COSMO+dE             :    -423412.3774 kcal/mol
 E_gas                  :    -423382.2428 kcal/mol
 E_COSMO-E_gas+dE       :        -30.1346 kcal/mol
 E_diel                 :        -43.8520 kcal/mol
 Averaging corr dE      :          0.5618 kcal/mol
 Area                   :        158.2413 A^2
 Volume                 :        157.9064 A^3
 Molecular Weight       :        109.5984 a.m.u.
 Total COSMO charge     :          0.0081 a.u.
 Dipole moment (t,x,y,z):         17.2232 -1.72E+01  0.002295  0.008613 Debye                            
 Sigma moments (1-6)    :          0.0000  1.70E+02  1.50E+02  3.79E+02  5.42E+02  1.05E+03              
 H-bond moment (accept) :         19.0972
 H-bond moment (donor)  :          0.1957
 
 WARNING: QM computation level of compound 2 conformer 1 could not be determined - it may differ from the QM level of the parameter set.
 No gas phase energy for compound 2 conformer 1 specified, thus it will be estimated


 Total number of processed compounds:    2


----------------
 START job     1
----------------


 Results for mixture 1
 ---------------------
 Temperature          :    298.000 K
 Compound Nr.         :         1         2
 Compound             : FBEVECUEM OKIZCWYLB
 Mole Fraction        :    0.5000    0.5000

 Compound: 1  (FBEVECUEMUUFKM-UHFFFAOYSA-M)
 Chemical potential of the compound in the mixture :         1.39531 kcal/mol
 Log10(partial pressure [mbar])                    :       -11.57215
 Free energy of molecule in mix (E_COSMO+dE+Mu)    :   -620811.27936 kcal/mol
 Total mean interaction energy in the mix (H_int)  :        -5.74082 kcal/mol
 Misfit interaction energy in the mix (H_MF)       :        10.03789 kcal/mol
 H-Bond interaction energy in the mix (H_HB)       :        -1.24995 kcal/mol
 VdW interaction energy in the mix (H_vdW)         :       -14.52876 kcal/mol

 Compound: 2  (OKIZCWYLBDKLSU-UHFFFAOYSA-M)
 Chemical potential of the compound in the mixture :         2.97985 kcal/mol
 Log10(partial pressure [mbar])                    :       -12.34020
 Free energy of molecule in mix (E_COSMO+dE+Mu)    :   -423409.39758 kcal/mol
 Total mean interaction energy in the mix (H_int)  :        -3.64985 kcal/mol
 Misfit interaction energy in the mix (H_MF)       :         7.28952 kcal/mol
 H-Bond interaction energy in the mix (H_HB)       :        -2.52919 kcal/mol
 VdW interaction energy in the mix (H_vdW)         :        -8.41018 kcal/mol



 Compound: 1 Conformer: 1 (FBEVECUEMUUFKM-UHFFFAOYSA-M)
 Chemical potential of the molecule in the mixture :         1.39531 kcal/mol
 Log10(partial pressure [mbar])                    :       -11.57215
 Free energy of molecule in mix (E_COSMO+dE+Mu)    :   -620811.27936 kcal/mol
 Total mean interaction energy in the mix          :        -5.74082 kcal/mol
 Misfit interaction energy in the mix              :        10.03789 kcal/mol
 H-Bond interaction energy in the mix              :        -1.24995 kcal/mol
 VdW interaction energy in the mix                 :       -14.52876 kcal/mol
 Normalized weight factor of molecule in compound  :         1.00000
 Normalized weight factor of molecule in gas phase :         1.00000

 Compound: 2 Conformer: 1 (OKIZCWYLBDKLSU-UHFFFAOYSA-M)
 Chemical potential of the molecule in the mixture :         2.97985 kcal/mol
 Log10(partial pressure [mbar])                    :       -12.34020
 Free energy of molecule in mix (E_COSMO+dE+Mu)    :   -423409.39758 kcal/mol
 Total mean interaction energy in the mix          :        -3.64985 kcal/mol
 Misfit interaction energy in the mix              :         7.28952 kcal/mol
 H-Bond interaction energy in the mix              :        -2.52919 kcal/mol
 VdW interaction energy in the mix                 :        -8.41018 kcal/mol
 Normalized weight factor of molecule in compound  :         1.00000
 Normalized weight factor of molecule in gas phase :         1.00000



 Note: Compound properties are tabulated in C:\Users\komp\COSMOlogicAppData\COSMOthermX19_1\temp\Temp_Project\FBEVECUEMUUFKM-UHFFFAOYSA-M_OKIZCWYLBDKLSU-UHFFFAOYSA-M\FBEVECUEMUUFKM-UHFFFAOYSA-M_OKIZCWYLBDKLSU-UHFFFAOYSA-M.tab
----------------
 END job       1
----------------
