 -----------------------------------------------------------
 BIOVIA COSMOtherm Version 2019 (build: 19.0.5 [65f0de1d5f])
 -----------------------------------------------------------

 Copyright (C) 1999-2019, Dassault Systemes BIOVIA corp, all rights reserved

 Job name   : !! generated by COSMOthermX !!
 Job date   : 10/20/2021
 Job time   : 17:32:31
 Hostname   : unknown
 OS type    : unknown
 Executable : Linux 64-bit

 Reading COSMOtherm parameter file BP_TZVP_C30_1701.ctd from directory /home/nastya/COSMOlogic/COSMOthermX19/COSMOtherm/CTDATA-FILES/OLDPARAM/
 Info: # COSMOtherm parameter file ./BP_TZVP_C30_1701.ctd for BP-TZVP optimized COSMO files                                                                  

 Reading COSMOtherm license key license.txt from directory /home/nastya/COSMOlogic/COSMOthermX19/licensefiles/

 COSMOtherm license key expiration date 01/16/2022
 COSMOtherm license key version 19.0
 Customer : TU Delft, Faculty of Applied Sciences
 ID       : 107270

 License keys:
  product                   |    licensed version    | status
 ------------------------------------------------------------------------------ 
  COSMOtherm                |          19.0          | active
  TURBOMOLE                 |          7.3           | active
 ------------------------------------------------------------------------------ 
 
 Note: Vapor pressure / property file could not be found for compound 1
 Reading COSMO information for compound 1 conformer 1 from file /media/nastya/storage/Project_nastya/cosmo/JFCQEDHGNNZCLN-UHFFFAOYSA-N.cosmo
 Note: Gas phase energy file could not be found for compound 1 conformer 1
 Note: converting Gaussian COSMO-file information of compound 1 conformer 1
 
 Note: Vapor pressure / property file could not be found for compound 2
 Reading COSMO information for compound 2 conformer 1 from file /media/nastya/storage/Project_nastya/cosmo/HWCKGOZZJDHMNC-UHFFFAOYSA-M.cosmo
 Note: Gas phase energy file could not be found for compound 2 conformer 1
 Note: converting Gaussian COSMO-file information of compound 2 conformer 1


 --- Compound 1 (JFCQEDHGNNZCLN-UHFFFAOYSA-N) ---

 Compound Information for compound 1 conformer 1 (COSMO file /media/nastya/storage/Project_nastya/cosmo/JFCQEDHGNNZCLN-UHFFFAOYSA-N.cosmo)
 Atomic weights         : 11111111111111111
 E_COSMO+dE             :    -311558.0280 kcal/mol
 E_gas                  :    -311546.5499 kcal/mol
 E_COSMO-E_gas+dE       :        -11.4781 kcal/mol
 E_diel                 :        -16.3776 kcal/mol
 Averaging corr dE      :          0.9822 kcal/mol
 Area                   :        164.9640 A^2
 Volume                 :        155.5868 A^3
 Molecular Weight       :        132.1152 a.m.u.
 Total COSMO charge     :          0.0036 a.u.
 Dipole moment (t,x,y,z):          3.0884 -1.746287 -1.179870  2.257602 Debye                            
 Sigma moments (1-6)    :          0.0000  1.24E+02 -8.633777  2.18E+02 -1.11E+02  5.35E+02              
 H-bond moment (accept) :          2.9299
 H-bond moment (donor)  :          6.4865
 
 WARNING: QM computation level of compound 1 conformer 1 could not be determined - it may differ from the QM level of the parameter set.
 No gas phase energy for compound 1 conformer 1 specified, thus it will be estimated


 --- Compound 2 (HWCKGOZZJDHMNC-UHFFFAOYSA-M) ---

 Compound Information for compound 2 conformer 1 (COSMO file /media/nastya/storage/Project_nastya/cosmo/HWCKGOZZJDHMNC-UHFFFAOYSA-M.cosmo)
 Atomic weights         : 111111111111111111111111111111
 E_COSMO+dE             :   -1848780.5017 kcal/mol
 E_gas                  :   -1848752.6625 kcal/mol
 E_COSMO-E_gas+dE       :        -27.8392 kcal/mol
 E_diel                 :        -40.5118 kcal/mol
 Averaging corr dE      :          0.5191 kcal/mol
 Area                   :        217.9637 A^2
 Volume                 :        246.3720 A^3
 Molecular Weight       :        210.1560 a.m.u.
 Total COSMO charge     :          0.0093 a.u.
 Dipole moment (t,x,y,z):         18.4992  1.84E+01  1.453623 -0.300269 Debye                            
 Sigma moments (1-6)    :          0.0000  1.54E+02  1.41E+02  2.94E+02  4.16E+02  7.08E+02              
 H-bond moment (accept) :         15.8609
 H-bond moment (donor)  :          0.0002
 
 WARNING: QM computation level of compound 2 conformer 1 could not be determined - it may differ from the QM level of the parameter set.
 No gas phase energy for compound 2 conformer 1 specified, thus it will be estimated


 Total number of processed compounds:    2


----------------
 START job     1
----------------


 Results for mixture 1
 ---------------------
 Temperature          :    298.000 K
 Compound Nr.         :         1         2
 Compound             : JFCQEDHGN HWCKGOZZJ
 Mole Fraction        :    0.5000    0.5000

 Compound: 1  (JFCQEDHGNNZCLN-UHFFFAOYSA-N)
 Chemical potential of the compound in the mixture :        -4.30176 kcal/mol
 Log10(partial pressure [mbar])                    :        -3.99816
 Free energy of molecule in mix (E_COSMO+dE+Mu)    :   -311562.32976 kcal/mol
 Total mean interaction energy in the mix (H_int)  :       -10.80099 kcal/mol
 Misfit interaction energy in the mix (H_MF)       :         3.35345 kcal/mol
 H-Bond interaction energy in the mix (H_HB)       :        -6.98923 kcal/mol
 VdW interaction energy in the mix (H_vdW)         :        -7.16521 kcal/mol

 Compound: 2  (HWCKGOZZJDHMNC-UHFFFAOYSA-M)
 Chemical potential of the compound in the mixture :         1.12428 kcal/mol
 Log10(partial pressure [mbar])                    :       -12.01764
 Free energy of molecule in mix (E_COSMO+dE+Mu)    :  -1848779.37742 kcal/mol
 Total mean interaction energy in the mix (H_int)  :       -10.65292 kcal/mol
 Misfit interaction energy in the mix (H_MF)       :         6.78244 kcal/mol
 H-Bond interaction energy in the mix (H_HB)       :        -6.48290 kcal/mol
 VdW interaction energy in the mix (H_vdW)         :       -10.95246 kcal/mol



 Compound: 1 Conformer: 1 (JFCQEDHGNNZCLN-UHFFFAOYSA-N)
 Chemical potential of the molecule in the mixture :        -4.30176 kcal/mol
 Log10(partial pressure [mbar])                    :        -3.99816
 Free energy of molecule in mix (E_COSMO+dE+Mu)    :   -311562.32976 kcal/mol
 Total mean interaction energy in the mix          :       -10.80099 kcal/mol
 Misfit interaction energy in the mix              :         3.35345 kcal/mol
 H-Bond interaction energy in the mix              :        -6.98923 kcal/mol
 VdW interaction energy in the mix                 :        -7.16521 kcal/mol
 Normalized weight factor of molecule in compound  :         1.00000
 Normalized weight factor of molecule in gas phase :         1.00000

 Compound: 2 Conformer: 1 (HWCKGOZZJDHMNC-UHFFFAOYSA-M)
 Chemical potential of the molecule in the mixture :         1.12428 kcal/mol
 Log10(partial pressure [mbar])                    :       -12.01764
 Free energy of molecule in mix (E_COSMO+dE+Mu)    :  -1848779.37742 kcal/mol
 Total mean interaction energy in the mix          :       -10.65292 kcal/mol
 Misfit interaction energy in the mix              :         6.78244 kcal/mol
 H-Bond interaction energy in the mix              :        -6.48290 kcal/mol
 VdW interaction energy in the mix                 :       -10.95246 kcal/mol
 Normalized weight factor of molecule in compound  :         1.00000
 Normalized weight factor of molecule in gas phase :         1.00000



 Note: Compound properties are tabulated in /media/nastya/storage/Project_nastya/mu_CA_05/JFCQEDHGNNZCLN-UHFFFAOYSA-N_HWCKGOZZJDHMNC-UHFFFAOYSA-M.tab
----------------
 END job       1
----------------
