 -----------------------------------------------------------
 BIOVIA COSMOtherm Version 2019 (build: 19.0.5 [65f0de1d5f])
 -----------------------------------------------------------

 Copyright (C) 1999-2019, Dassault Systemes BIOVIA corp, all rights reserved

 Job name   : !! generated by COSMOthermX !!
 Job date   : 10/20/2021
 Job time   : 17:31:41
 Hostname   : unknown
 OS type    : unknown
 Executable : Linux 64-bit

 Reading COSMOtherm parameter file BP_TZVP_C30_1701.ctd from directory /home/nastya/COSMOlogic/COSMOthermX19/COSMOtherm/CTDATA-FILES/OLDPARAM/
 Info: # COSMOtherm parameter file ./BP_TZVP_C30_1701.ctd for BP-TZVP optimized COSMO files                                                                  

 Reading COSMOtherm license key license.txt from directory /home/nastya/COSMOlogic/COSMOthermX19/licensefiles/

 COSMOtherm license key expiration date 01/16/2022
 COSMOtherm license key version 19.0
 Customer : TU Delft, Faculty of Applied Sciences
 ID       : 107270

 License keys:
  product                   |    licensed version    | status
 ------------------------------------------------------------------------------ 
  COSMOtherm                |          19.0          | active
  TURBOMOLE                 |          7.3           | active
 ------------------------------------------------------------------------------ 
 
 Note: Vapor pressure / property file could not be found for compound 1
 Reading COSMO information for compound 1 conformer 1 from file /media/nastya/storage/Project_nastya/cosmo/JRMUNVKIHCOMHV-UHFFFAOYSA-M.cosmo
 Note: Gas phase energy file could not be found for compound 1 conformer 1
 Note: converting Gaussian COSMO-file information of compound 1 conformer 1
 
 Note: Vapor pressure / property file could not be found for compound 2
 Reading COSMO information for compound 2 conformer 1 from file /media/nastya/storage/Project_nastya/cosmo/OFOBLEOULBTSOW-UHFFFAOYSA-N.cosmo
 Note: Gas phase energy file could not be found for compound 2 conformer 1
 Note: converting Gaussian COSMO-file information of compound 2 conformer 1


 --- Compound 1 (JRMUNVKIHCOMHV-UHFFFAOYSA-M) ---

 Compound Information for compound 1 conformer 1 (COSMO file /media/nastya/storage/Project_nastya/cosmo/JRMUNVKIHCOMHV-UHFFFAOYSA-M.cosmo)
 Atomic weights         : 111111111111111111111111111111111111111111111111111111
 E_COSMO+dE             :   -2046184.8166 kcal/mol
 E_gas                  :   -2046158.0223 kcal/mol
 E_COSMO-E_gas+dE       :        -26.7942 kcal/mol
 E_diel                 :        -39.0736 kcal/mol
 Averaging corr dE      :          0.5573 kcal/mol
 Area                   :        340.2586 A^2
 Volume                 :        417.7631 A^3
 Molecular Weight       :        322.3694 a.m.u.
 Total COSMO charge     :          0.0094 a.u.
 Dipole moment (t,x,y,z):         19.1244 -1.90E+01  1.879314  0.348338 Debye                            
 Sigma moments (1-6)    :          0.0000  1.58E+02  1.50E+02  3.16E+02  4.43E+02  7.98E+02              
 H-bond moment (accept) :         17.0031
 H-bond moment (donor)  :          0.4091
 
 WARNING: QM computation level of compound 1 conformer 1 could not be determined - it may differ from the QM level of the parameter set.
 No gas phase energy for compound 1 conformer 1 specified, thus it will be estimated


 --- Compound 2 (OFOBLEOULBTSOW-UHFFFAOYSA-N) ---

 Compound Information for compound 2 conformer 1 (COSMO file /media/nastya/storage/Project_nastya/cosmo/OFOBLEOULBTSOW-UHFFFAOYSA-N.cosmo)
 Atomic weights         : 11111111111
 E_COSMO+dE             :    -262201.4707 kcal/mol
 E_gas                  :    -262190.6778 kcal/mol
 E_COSMO-E_gas+dE       :        -10.7929 kcal/mol
 E_diel                 :        -15.2179 kcal/mol
 Averaging corr dE      :          0.9104 kcal/mol
 Area                   :        125.6038 A^2
 Volume                 :        112.3446 A^3
 Molecular Weight       :        104.0618 a.m.u.
 Total COSMO charge     :          0.0061 a.u.
 Dipole moment (t,x,y,z):          1.0041  0.004942  0.001251 -1.004111 Debye                            
 Sigma moments (1-6)    :          0.0000  1.17E+02 -4.60E+01  2.29E+02 -2.30E+02  6.38E+02              
 H-bond moment (accept) :          1.3824
 H-bond moment (donor)  :          8.0480
 
 WARNING: QM computation level of compound 2 conformer 1 could not be determined - it may differ from the QM level of the parameter set.
 No gas phase energy for compound 2 conformer 1 specified, thus it will be estimated


 Total number of processed compounds:    2


----------------
 START job     1
----------------


 Results for mixture 1
 ---------------------
 Temperature          :    298.000 K
 Compound Nr.         :         1         2
 Compound             : JRMUNVKIH OFOBLEOUL
 Mole Fraction        :    0.5000    0.5000

 Compound: 1  (JRMUNVKIHCOMHV-UHFFFAOYSA-M)
 Chemical potential of the compound in the mixture :        -2.56006 kcal/mol
 Log10(partial pressure [mbar])                    :       -13.95328
 Free energy of molecule in mix (E_COSMO+dE+Mu)    :  -2046187.37663 kcal/mol
 Total mean interaction energy in the mix (H_int)  :       -18.40604 kcal/mol
 Misfit interaction energy in the mix (H_MF)       :         7.21396 kcal/mol
 H-Bond interaction energy in the mix (H_HB)       :        -8.78369 kcal/mol
 VdW interaction energy in the mix (H_vdW)         :       -16.83631 kcal/mol

 Compound: 2  (OFOBLEOULBTSOW-UHFFFAOYSA-N)
 Chemical potential of the compound in the mixture :        -4.52536 kcal/mol
 Log10(partial pressure [mbar])                    :        -3.65961
 Free energy of molecule in mix (E_COSMO+dE+Mu)    :   -262205.99610 kcal/mol
 Total mean interaction energy in the mix (H_int)  :       -11.46602 kcal/mol
 Misfit interaction energy in the mix (H_MF)       :         2.20129 kcal/mol
 H-Bond interaction energy in the mix (H_HB)       :        -8.43150 kcal/mol
 VdW interaction energy in the mix (H_vdW)         :        -5.23581 kcal/mol



 Compound: 1 Conformer: 1 (JRMUNVKIHCOMHV-UHFFFAOYSA-M)
 Chemical potential of the molecule in the mixture :        -2.56006 kcal/mol
 Log10(partial pressure [mbar])                    :       -13.95328
 Free energy of molecule in mix (E_COSMO+dE+Mu)    :  -2046187.37663 kcal/mol
 Total mean interaction energy in the mix          :       -18.40604 kcal/mol
 Misfit interaction energy in the mix              :         7.21396 kcal/mol
 H-Bond interaction energy in the mix              :        -8.78369 kcal/mol
 VdW interaction energy in the mix                 :       -16.83631 kcal/mol
 Normalized weight factor of molecule in compound  :         1.00000
 Normalized weight factor of molecule in gas phase :         1.00000

 Compound: 2 Conformer: 1 (OFOBLEOULBTSOW-UHFFFAOYSA-N)
 Chemical potential of the molecule in the mixture :        -4.52536 kcal/mol
 Log10(partial pressure [mbar])                    :        -3.65961
 Free energy of molecule in mix (E_COSMO+dE+Mu)    :   -262205.99610 kcal/mol
 Total mean interaction energy in the mix          :       -11.46602 kcal/mol
 Misfit interaction energy in the mix              :         2.20129 kcal/mol
 H-Bond interaction energy in the mix              :        -8.43150 kcal/mol
 VdW interaction energy in the mix                 :        -5.23581 kcal/mol
 Normalized weight factor of molecule in compound  :         1.00000
 Normalized weight factor of molecule in gas phase :         1.00000



 Note: Compound properties are tabulated in /media/nastya/storage/Project_nastya/mu_CA_05/JRMUNVKIHCOMHV-UHFFFAOYSA-M_OFOBLEOULBTSOW-UHFFFAOYSA-N.tab
----------------
 END job       1
----------------
