 -----------------------------------------------------------
 BIOVIA COSMOtherm Version 2019 (build: 19.0.5 [65f0de1d5f])
 -----------------------------------------------------------

 Copyright (C) 1999-2019, Dassault Systemes BIOVIA corp, all rights reserved

 Job name   : !! generated by COSMOthermX !!
 Job date   : 10/20/2021
 Job time   : 17:31:34
 Hostname   : unknown
 OS type    : unknown
 Executable : Linux 64-bit

 Reading COSMOtherm parameter file BP_TZVP_C30_1701.ctd from directory /home/nastya/COSMOlogic/COSMOthermX19/COSMOtherm/CTDATA-FILES/OLDPARAM/
 Info: # COSMOtherm parameter file ./BP_TZVP_C30_1701.ctd for BP-TZVP optimized COSMO files                                                                  

 Reading COSMOtherm license key license.txt from directory /home/nastya/COSMOlogic/COSMOthermX19/licensefiles/

 COSMOtherm license key expiration date 01/16/2022
 COSMOtherm license key version 19.0
 Customer : TU Delft, Faculty of Applied Sciences
 ID       : 107270

 License keys:
  product                   |    licensed version    | status
 ------------------------------------------------------------------------------ 
  COSMOtherm                |          19.0          | active
  TURBOMOLE                 |          7.3           | active
 ------------------------------------------------------------------------------ 
 
 Note: Vapor pressure / property file could not be found for compound 1
 Reading COSMO information for compound 1 conformer 1 from file /media/nastya/storage/Project_nastya/cosmo/JVTAAEKCZFNVCJ-UHFFFAOYSA-N.cosmo
 Note: Gas phase energy file could not be found for compound 1 conformer 1
 Note: converting Gaussian COSMO-file information of compound 1 conformer 1
 
 Note: Vapor pressure / property file could not be found for compound 2
 Reading COSMO information for compound 2 conformer 1 from file /media/nastya/storage/Project_nastya/cosmo/KWIUHFFTVRNATP-UHFFFAOYSA-N.cosmo
 Note: Gas phase energy file could not be found for compound 2 conformer 1
 Note: converting Gaussian COSMO-file information of compound 2 conformer 1


 --- Compound 1 (JVTAAEKCZFNVCJ-UHFFFAOYSA-N) ---

 Compound Information for compound 1 conformer 1 (COSMO file /media/nastya/storage/Project_nastya/cosmo/JVTAAEKCZFNVCJ-UHFFFAOYSA-N.cosmo)
 Atomic weights         : 111111111111
 E_COSMO+dE             :    -215715.9293 kcal/mol
 E_gas                  :    -215707.1507 kcal/mol
 E_COSMO-E_gas+dE       :         -8.7786 kcal/mol
 E_diel                 :        -12.1137 kcal/mol
 Averaging corr dE      :          0.8045 kcal/mol
 Area                   :        120.2974 A^2
 Volume                 :        106.9309 A^3
 Molecular Weight       :         90.0783 a.m.u.
 Total COSMO charge     :          0.0019 a.u.
 Dipole moment (t,x,y,z):          1.9919 -0.844347  1.558418 -0.908996 Debye                            
 Sigma moments (1-6)    :          0.0000  9.53E+01 -9.153887  1.83E+02 -8.17E+01  4.59E+02              
 H-bond moment (accept) :          3.0367
 H-bond moment (donor)  :          5.3216
 
 WARNING: QM computation level of compound 1 conformer 1 could not be determined - it may differ from the QM level of the parameter set.
 No gas phase energy for compound 1 conformer 1 specified, thus it will be estimated


 --- Compound 2 (KWIUHFFTVRNATP-UHFFFAOYSA-N) ---

 Compound Information for compound 2 conformer 1 (COSMO file /media/nastya/storage/Project_nastya/cosmo/KWIUHFFTVRNATP-UHFFFAOYSA-N.cosmo)
 Atomic weights         : 1111111111111111111
 E_COSMO+dE             :    -252580.8433 kcal/mol
 E_gas                  :    -252553.4740 kcal/mol
 E_COSMO-E_gas+dE       :        -27.3693 kcal/mol
 E_diel                 :        -40.1242 kcal/mol
 Averaging corr dE      :          0.7176 kcal/mol
 Area                   :        154.0612 A^2
 Volume                 :        155.3798 A^3
 Molecular Weight       :        117.1469 a.m.u.
 Total COSMO charge     :          0.0039 a.u.
 Dipole moment (t,x,y,z):         15.1887  1.51E+01 -1.715292  0.002027 Debye                            
 Sigma moments (1-6)    :          0.0000  1.69E+02  1.64E+02  4.27E+02  6.97E+02  1.45E+03              
 H-bond moment (accept) :         19.6211
 H-bond moment (donor)  :          0.1747
 
 WARNING: QM computation level of compound 2 conformer 1 could not be determined - it may differ from the QM level of the parameter set.
 No gas phase energy for compound 2 conformer 1 specified, thus it will be estimated


 Total number of processed compounds:    2


----------------
 START job     1
----------------


 Results for mixture 1
 ---------------------
 Temperature          :    298.000 K
 Compound Nr.         :         1         2
 Compound             : JVTAAEKCZ KWIUHFFTV
 Mole Fraction        :    0.5000    0.5000

 Compound: 1  (JVTAAEKCZFNVCJ-UHFFFAOYSA-N)
 Chemical potential of the compound in the mixture :        -5.24149 kcal/mol
 Log10(partial pressure [mbar])                    :        -2.70755
 Free energy of molecule in mix (E_COSMO+dE+Mu)    :   -215721.17077 kcal/mol
 Total mean interaction energy in the mix (H_int)  :       -11.37692 kcal/mol
 Misfit interaction energy in the mix (H_MF)       :         2.44137 kcal/mol
 H-Bond interaction energy in the mix (H_HB)       :        -8.82194 kcal/mol
 VdW interaction energy in the mix (H_vdW)         :        -4.99635 kcal/mol

 Compound: 2  (KWIUHFFTVRNATP-UHFFFAOYSA-N)
 Chemical potential of the compound in the mixture :         2.46013 kcal/mol
 Log10(partial pressure [mbar])                    :       -10.69334
 Free energy of molecule in mix (E_COSMO+dE+Mu)    :   -252578.38315 kcal/mol
 Total mean interaction energy in the mix (H_int)  :       -11.50181 kcal/mol
 Misfit interaction energy in the mix (H_MF)       :         5.02678 kcal/mol
 H-Bond interaction energy in the mix (H_HB)       :        -9.85467 kcal/mol
 VdW interaction energy in the mix (H_vdW)         :        -6.67391 kcal/mol



 Compound: 1 Conformer: 1 (JVTAAEKCZFNVCJ-UHFFFAOYSA-N)
 Chemical potential of the molecule in the mixture :        -5.24149 kcal/mol
 Log10(partial pressure [mbar])                    :        -2.70755
 Free energy of molecule in mix (E_COSMO+dE+Mu)    :   -215721.17077 kcal/mol
 Total mean interaction energy in the mix          :       -11.37692 kcal/mol
 Misfit interaction energy in the mix              :         2.44137 kcal/mol
 H-Bond interaction energy in the mix              :        -8.82194 kcal/mol
 VdW interaction energy in the mix                 :        -4.99635 kcal/mol
 Normalized weight factor of molecule in compound  :         1.00000
 Normalized weight factor of molecule in gas phase :         1.00000

 Compound: 2 Conformer: 1 (KWIUHFFTVRNATP-UHFFFAOYSA-N)
 Chemical potential of the molecule in the mixture :         2.46013 kcal/mol
 Log10(partial pressure [mbar])                    :       -10.69334
 Free energy of molecule in mix (E_COSMO+dE+Mu)    :   -252578.38315 kcal/mol
 Total mean interaction energy in the mix          :       -11.50181 kcal/mol
 Misfit interaction energy in the mix              :         5.02678 kcal/mol
 H-Bond interaction energy in the mix              :        -9.85467 kcal/mol
 VdW interaction energy in the mix                 :        -6.67391 kcal/mol
 Normalized weight factor of molecule in compound  :         1.00000
 Normalized weight factor of molecule in gas phase :         1.00000



 Note: Compound properties are tabulated in /media/nastya/storage/Project_nastya/mu_CA_05/JVTAAEKCZFNVCJ-UHFFFAOYSA-N_KWIUHFFTVRNATP-UHFFFAOYSA-N.tab
----------------
 END job       1
----------------
