 -----------------------------------------------------------
 BIOVIA COSMOtherm Version 2019 (build: 19.0.5 [65f0de1d5f])
 -----------------------------------------------------------

 Copyright (C) 1999-2019, Dassault Systemes BIOVIA corp, all rights reserved

 Job name   : !! generated by COSMOthermX !!
 Job date   : 10/20/2021
 Job time   : 17:32:47
 Hostname   : unknown
 OS type    : unknown
 Executable : Linux 64-bit

 Reading COSMOtherm parameter file BP_TZVP_C30_1701.ctd from directory /home/nastya/COSMOlogic/COSMOthermX19/COSMOtherm/CTDATA-FILES/OLDPARAM/
 Info: # COSMOtherm parameter file ./BP_TZVP_C30_1701.ctd for BP-TZVP optimized COSMO files                                                                  

 Reading COSMOtherm license key license.txt from directory /home/nastya/COSMOlogic/COSMOthermX19/licensefiles/

 COSMOtherm license key expiration date 01/16/2022
 COSMOtherm license key version 19.0
 Customer : TU Delft, Faculty of Applied Sciences
 ID       : 107270

 License keys:
  product                   |    licensed version    | status
 ------------------------------------------------------------------------------ 
  COSMOtherm                |          19.0          | active
  TURBOMOLE                 |          7.3           | active
 ------------------------------------------------------------------------------ 
 
 Note: Vapor pressure / property file could not be found for compound 1
 Reading COSMO information for compound 1 conformer 1 from file /media/nastya/storage/Project_nastya/cosmo/LYCAIKOWRPUZTN-UHFFFAOYSA-N.cosmo
 Note: Gas phase energy file could not be found for compound 1 conformer 1
 Note: converting Gaussian COSMO-file information of compound 1 conformer 1
 
 Note: Vapor pressure / property file could not be found for compound 2
 Reading COSMO information for compound 2 conformer 1 from file /media/nastya/storage/Project_nastya/cosmo/LSEFCHWGJNHZNT-UHFFFAOYSA-M.cosmo
 Note: Gas phase energy file could not be found for compound 2 conformer 1
 Note: converting Gaussian COSMO-file information of compound 2 conformer 1


 --- Compound 1 (LYCAIKOWRPUZTN-UHFFFAOYSA-N) ---

 Compound Information for compound 1 conformer 1 (COSMO file /media/nastya/storage/Project_nastya/cosmo/LYCAIKOWRPUZTN-UHFFFAOYSA-N.cosmo)
 Atomic weights         : 1111111111
 E_COSMO+dE             :    -144549.2569 kcal/mol
 E_gas                  :    -144541.3854 kcal/mol
 E_COSMO-E_gas+dE       :         -7.8715 kcal/mol
 E_diel                 :        -10.6996 kcal/mol
 Averaging corr dE      :          0.7003 kcal/mol
 Area                   :         99.4396 A^2
 Volume                 :         81.1295 A^3
 Molecular Weight       :         62.0681 a.m.u.
 Total COSMO charge     :         -0.0029 a.u.
 Dipole moment (t,x,y,z):          0.0208  0.001221  0.000216 -0.020802 Debye                            
 Sigma moments (1-6)    :          0.0000  8.67E+01  1.84E+01  1.76E+02  4.89E+01  4.27E+02              
 H-bond moment (accept) :          5.3810
 H-bond moment (donor)  :          3.6973
 
 WARNING: QM computation level of compound 1 conformer 1 could not be determined - it may differ from the QM level of the parameter set.
 No gas phase energy for compound 1 conformer 1 specified, thus it will be estimated


 --- Compound 2 (LSEFCHWGJNHZNT-UHFFFAOYSA-M) ---

 Compound Information for compound 2 conformer 1 (COSMO file /media/nastya/storage/Project_nastya/cosmo/LSEFCHWGJNHZNT-UHFFFAOYSA-M.cosmo)
 Atomic weights         : 111111111111111111111111111111111111111
 E_COSMO+dE             :   -2291002.2289 kcal/mol
 E_gas                  :   -2290970.1950 kcal/mol
 E_COSMO-E_gas+dE       :        -32.0339 kcal/mol
 E_diel                 :        -47.1088 kcal/mol
 Averaging corr dE      :          0.9423 kcal/mol
 Area                   :        334.0099 A^2
 Volume                 :        404.6038 A^3
 Molecular Weight       :        357.2257 a.m.u.
 Total COSMO charge     :          0.0067 a.u.
 Dipole moment (t,x,y,z):         21.5416  2.14E+01 -0.327100  2.387209 Debye                            
 Sigma moments (1-6)    :          0.0000  1.89E+02  1.20E+02  3.40E+02  4.22E+02  8.32E+02              
 H-bond moment (accept) :         16.4267
 H-bond moment (donor)  :          0.3511
 
 WARNING: QM computation level of compound 2 conformer 1 could not be determined - it may differ from the QM level of the parameter set.
 No gas phase energy for compound 2 conformer 1 specified, thus it will be estimated


 Total number of processed compounds:    2


----------------
 START job     1
----------------


 Results for mixture 1
 ---------------------
 Temperature          :    298.000 K
 Compound Nr.         :         1         2
 Compound             : LYCAIKOWR LSEFCHWGJ
 Mole Fraction        :    0.5000    0.5000

 Compound: 1  (LYCAIKOWRPUZTN-UHFFFAOYSA-N)
 Chemical potential of the compound in the mixture :        -3.47935 kcal/mol
 Log10(partial pressure [mbar])                    :        -0.75001
 Free energy of molecule in mix (E_COSMO+dE+Mu)    :   -144552.73623 kcal/mol
 Total mean interaction energy in the mix (H_int)  :        -9.10222 kcal/mol
 Misfit interaction energy in the mix (H_MF)       :         1.78139 kcal/mol
 H-Bond interaction energy in the mix (H_HB)       :        -6.31823 kcal/mol
 VdW interaction energy in the mix (H_vdW)         :        -4.56539 kcal/mol

 Compound: 2  (LSEFCHWGJNHZNT-UHFFFAOYSA-M)
 Chemical potential of the compound in the mixture :        -2.47062 kcal/mol
 Log10(partial pressure [mbar])                    :       -20.22418
 Free energy of molecule in mix (E_COSMO+dE+Mu)    :  -2291004.69953 kcal/mol
 Total mean interaction energy in the mix (H_int)  :       -16.12714 kcal/mol
 Misfit interaction energy in the mix (H_MF)       :         7.18863 kcal/mol
 H-Bond interaction energy in the mix (H_HB)       :        -5.92810 kcal/mol
 VdW interaction energy in the mix (H_vdW)         :       -17.38767 kcal/mol



 Compound: 1 Conformer: 1 (LYCAIKOWRPUZTN-UHFFFAOYSA-N)
 Chemical potential of the molecule in the mixture :        -3.47935 kcal/mol
 Log10(partial pressure [mbar])                    :        -0.75001
 Free energy of molecule in mix (E_COSMO+dE+Mu)    :   -144552.73623 kcal/mol
 Total mean interaction energy in the mix          :        -9.10222 kcal/mol
 Misfit interaction energy in the mix              :         1.78139 kcal/mol
 H-Bond interaction energy in the mix              :        -6.31823 kcal/mol
 VdW interaction energy in the mix                 :        -4.56539 kcal/mol
 Normalized weight factor of molecule in compound  :         1.00000
 Normalized weight factor of molecule in gas phase :         1.00000

 Compound: 2 Conformer: 1 (LSEFCHWGJNHZNT-UHFFFAOYSA-M)
 Chemical potential of the molecule in the mixture :        -2.47062 kcal/mol
 Log10(partial pressure [mbar])                    :       -20.22418
 Free energy of molecule in mix (E_COSMO+dE+Mu)    :  -2291004.69953 kcal/mol
 Total mean interaction energy in the mix          :       -16.12714 kcal/mol
 Misfit interaction energy in the mix              :         7.18863 kcal/mol
 H-Bond interaction energy in the mix              :        -5.92810 kcal/mol
 VdW interaction energy in the mix                 :       -17.38767 kcal/mol
 Normalized weight factor of molecule in compound  :         1.00000
 Normalized weight factor of molecule in gas phase :         1.00000



 Note: Compound properties are tabulated in /media/nastya/storage/Project_nastya/mu_CA_05/LYCAIKOWRPUZTN-UHFFFAOYSA-N_LSEFCHWGJNHZNT-UHFFFAOYSA-M.tab
----------------
 END job       1
----------------
