 -----------------------------------------------------------
 BIOVIA COSMOtherm Version 2019 (build: 19.0.5 [65f0de1d5f])
 -----------------------------------------------------------

 Copyright (C) 1999-2019, Dassault Systemes BIOVIA corp, all rights reserved

 Job name   : !! generated by COSMOthermX !!
 Job date   : 10/20/2021
 Job time   : 17:32:20
 Hostname   : unknown
 OS type    : unknown
 Executable : Linux 64-bit

 Reading COSMOtherm parameter file BP_TZVP_C30_1701.ctd from directory /home/nastya/COSMOlogic/COSMOthermX19/COSMOtherm/CTDATA-FILES/OLDPARAM/
 Info: # COSMOtherm parameter file ./BP_TZVP_C30_1701.ctd for BP-TZVP optimized COSMO files                                                                  

 Reading COSMOtherm license key license.txt from directory /home/nastya/COSMOlogic/COSMOthermX19/licensefiles/

 COSMOtherm license key expiration date 01/16/2022
 COSMOtherm license key version 19.0
 Customer : TU Delft, Faculty of Applied Sciences
 ID       : 107270

 License keys:
  product                   |    licensed version    | status
 ------------------------------------------------------------------------------ 
  COSMOtherm                |          19.0          | active
  TURBOMOLE                 |          7.3           | active
 ------------------------------------------------------------------------------ 
 
 Note: Vapor pressure / property file could not be found for compound 1
 Reading COSMO information for compound 1 conformer 1 from file /media/nastya/storage/Project_nastya/cosmo/MSIGGUSMCUUDGY-UHFFFAOYSA-M.cosmo
 Note: Gas phase energy file could not be found for compound 1 conformer 1
 Note: converting Gaussian COSMO-file information of compound 1 conformer 1
 
 Reading vapor pressure and property information for compound 2 from file /media/nastya/storage/Project_nastya/cosmo/SGMZJAMFUVOLNK-UHFFFAOYSA-M.vap
 Reading COSMO information for compound 2 conformer 1 from file /media/nastya/storage/Project_nastya/cosmo/SGMZJAMFUVOLNK-UHFFFAOYSA-M.cosmo
 Note: Gas phase energy file could not be found for compound 2 conformer 1
 Note: converting Gaussian COSMO-file information of compound 2 conformer 1


 --- Compound 1 (MSIGGUSMCUUDGY-UHFFFAOYSA-M) ---

 Compound Information for compound 1 conformer 1 (COSMO file /media/nastya/storage/Project_nastya/cosmo/MSIGGUSMCUUDGY-UHFFFAOYSA-M.cosmo)
 Atomic weights         : 1111111111111111111111111
 E_COSMO+dE             :    -519971.1075 kcal/mol
 E_gas                  :    -519940.3319 kcal/mol
 E_COSMO-E_gas+dE       :        -30.7756 kcal/mol
 E_diel                 :        -45.1317 kcal/mol
 Averaging corr dE      :          0.8166 kcal/mol
 Area                   :        201.9402 A^2
 Volume                 :        212.7554 A^3
 Molecular Weight       :        153.6512 a.m.u.
 Total COSMO charge     :          0.0081 a.u.
 Dipole moment (t,x,y,z):         16.4117  1.62E+01  0.847191 -2.278152 Debye                            
 Sigma moments (1-6)    :          0.0000  1.93E+02  1.58E+02  4.12E+02  5.65E+02  1.12E+03              
 H-bond moment (accept) :         20.1578
 H-bond moment (donor)  :          0.3849
 
 WARNING: QM computation level of compound 1 conformer 1 could not be determined - it may differ from the QM level of the parameter set.
 No gas phase energy for compound 1 conformer 1 specified, thus it will be estimated


 --- Compound 2 (SGMZJAMFUVOLNK-UHFFFAOYSA-M) ---

 Compound Information for compound 2 conformer 1 (COSMO file /media/nastya/storage/Project_nastya/cosmo/SGMZJAMFUVOLNK-UHFFFAOYSA-M.cosmo)
 Atomic weights         : 1111111111111111111111
 E_COSMO+dE             :    -495311.0092 kcal/mol
 E_gas                  :    -495280.9240 kcal/mol
 E_COSMO-E_gas+dE       :        -30.0852 kcal/mol
 E_diel                 :        -43.9005 kcal/mol
 Averaging corr dE      :          0.6451 kcal/mol
 Area                   :        177.0496 A^2
 Volume                 :        188.1524 A^3
 Molecular Weight       :        139.6245 a.m.u.
 Total COSMO charge     :          0.0093 a.u.
 Dipole moment (t,x,y,z):         18.3247 -1.83E+01  0.122140 -1.618568 Debye                            
 Sigma moments (1-6)    :          0.0000  1.72E+02  1.20E+02  3.11E+02  3.77E+02  7.14E+02              
 H-bond moment (accept) :         15.0395
 H-bond moment (donor)  :          0.2290
 
 WARNING: QM computation level of compound 2 conformer 1 could not be determined - it may differ from the QM level of the parameter set.
 No gas phase energy for compound 2 conformer 1 specified, thus it will be estimated


 Total number of processed compounds:    2


----------------
 START job     1
----------------


 Results for mixture 1
 ---------------------
 Temperature          :    298.000 K
 Compound Nr.         :         1         2
 Compound             : MSIGGUSMC SGMZJAMFU
 Mole Fraction        :    0.5000    0.5000

 Compound: 1  (MSIGGUSMCUUDGY-UHFFFAOYSA-M)
 Chemical potential of the compound in the mixture :         2.29340 kcal/mol
 Log10(partial pressure [mbar])                    :       -13.31368
 Free energy of molecule in mix (E_COSMO+dE+Mu)    :   -519968.81405 kcal/mol
 Total mean interaction energy in the mix (H_int)  :        -5.93186 kcal/mol
 Misfit interaction energy in the mix (H_MF)       :         7.89215 kcal/mol
 H-Bond interaction energy in the mix (H_HB)       :        -3.50703 kcal/mol
 VdW interaction energy in the mix (H_vdW)         :       -10.31697 kcal/mol

 Compound: 2  (SGMZJAMFUVOLNK-UHFFFAOYSA-M)
 Chemical potential of the compound in the mixture :         1.82189 kcal/mol
 Log10(partial pressure [mbar])                    :       -13.15318
 Free energy of molecule in mix (E_COSMO+dE+Mu)    :   -495309.18734 kcal/mol
 Total mean interaction energy in the mix (H_int)  :        -5.00037 kcal/mol
 Misfit interaction energy in the mix (H_MF)       :         6.74826 kcal/mol
 H-Bond interaction energy in the mix (H_HB)       :        -2.73003 kcal/mol
 VdW interaction energy in the mix (H_vdW)         :        -9.01859 kcal/mol



 Compound: 1 Conformer: 1 (MSIGGUSMCUUDGY-UHFFFAOYSA-M)
 Chemical potential of the molecule in the mixture :         2.29340 kcal/mol
 Log10(partial pressure [mbar])                    :       -13.31368
 Free energy of molecule in mix (E_COSMO+dE+Mu)    :   -519968.81405 kcal/mol
 Total mean interaction energy in the mix          :        -5.93186 kcal/mol
 Misfit interaction energy in the mix              :         7.89215 kcal/mol
 H-Bond interaction energy in the mix              :        -3.50703 kcal/mol
 VdW interaction energy in the mix                 :       -10.31697 kcal/mol
 Normalized weight factor of molecule in compound  :         1.00000
 Normalized weight factor of molecule in gas phase :         1.00000

 Compound: 2 Conformer: 1 (SGMZJAMFUVOLNK-UHFFFAOYSA-M)
 Chemical potential of the molecule in the mixture :         1.82189 kcal/mol
 Log10(partial pressure [mbar])                    :       -13.15318
 Free energy of molecule in mix (E_COSMO+dE+Mu)    :   -495309.18734 kcal/mol
 Total mean interaction energy in the mix          :        -5.00037 kcal/mol
 Misfit interaction energy in the mix              :         6.74826 kcal/mol
 H-Bond interaction energy in the mix              :        -2.73003 kcal/mol
 VdW interaction energy in the mix                 :        -9.01859 kcal/mol
 Normalized weight factor of molecule in compound  :         1.00000
 Normalized weight factor of molecule in gas phase :         1.00000



 Note: Compound properties are tabulated in /media/nastya/storage/Project_nastya/mu_CA_05/MSIGGUSMCUUDGY-UHFFFAOYSA-M_SGMZJAMFUVOLNK-UHFFFAOYSA-M.tab
----------------
 END job       1
----------------
