 -----------------------------------------------------------
 BIOVIA COSMOtherm Version 2019 (build: 19.0.5 [65f0de1d5f])
 -----------------------------------------------------------

 Copyright (C) 1999-2019, Dassault Systemes BIOVIA corp, all rights reserved

 Job name   : !! generated by COSMOthermX !!
 Job date   : 10/20/2021
 Job time   : 17:32:26
 Hostname   : unknown
 OS type    : unknown
 Executable : Linux 64-bit

 Reading COSMOtherm parameter file BP_TZVP_C30_1701.ctd from directory /home/nastya/COSMOlogic/COSMOthermX19/COSMOtherm/CTDATA-FILES/OLDPARAM/
 Info: # COSMOtherm parameter file ./BP_TZVP_C30_1701.ctd for BP-TZVP optimized COSMO files                                                                  

 Reading COSMOtherm license key license.txt from directory /home/nastya/COSMOlogic/COSMOthermX19/licensefiles/

 COSMOtherm license key expiration date 01/16/2022
 COSMOtherm license key version 19.0
 Customer : TU Delft, Faculty of Applied Sciences
 ID       : 107270

 License keys:
  product                   |    licensed version    | status
 ------------------------------------------------------------------------------ 
  COSMOtherm                |          19.0          | active
  TURBOMOLE                 |          7.3           | active
 ------------------------------------------------------------------------------ 
 
 Note: Vapor pressure / property file could not be found for compound 1
 Reading COSMO information for compound 1 conformer 1 from file /media/nastya/storage/Project_nastya/cosmo/NGSWKAQJJWESNS-ZZXKWVIFSA-N.cosmo
 Note: Gas phase energy file could not be found for compound 1 conformer 1
 Note: converting Gaussian COSMO-file information of compound 1 conformer 1
 
 Reading vapor pressure and property information for compound 2 from file /media/nastya/storage/Project_nastya/cosmo/SGMZJAMFUVOLNK-UHFFFAOYSA-M.vap
 Reading COSMO information for compound 2 conformer 1 from file /media/nastya/storage/Project_nastya/cosmo/SGMZJAMFUVOLNK-UHFFFAOYSA-M.cosmo
 Note: Gas phase energy file could not be found for compound 2 conformer 1
 Note: converting Gaussian COSMO-file information of compound 2 conformer 1


 --- Compound 1 (NGSWKAQJJWESNS-ZZXKWVIFSA-N) ---

 Compound Information for compound 1 conformer 1 (COSMO file /media/nastya/storage/Project_nastya/cosmo/NGSWKAQJJWESNS-ZZXKWVIFSA-N.cosmo)
 Atomic weights         : 11111111111111111111
 E_COSMO+dE             :    -359988.1078 kcal/mol
 E_gas                  :    -359976.3961 kcal/mol
 E_COSMO-E_gas+dE       :        -11.7117 kcal/mol
 E_diel                 :        -16.6751 kcal/mol
 Averaging corr dE      :          0.9398 kcal/mol
 Area                   :        198.0342 A^2
 Volume                 :        195.2647 A^3
 Molecular Weight       :        164.1589 a.m.u.
 Total COSMO charge     :          0.0034 a.u.
 Dipole moment (t,x,y,z):          5.2738  5.269048  0.224105 -0.005796 Debye                            
 Sigma moments (1-6)    :          0.0000  1.18E+02 -3.36E+01  2.15E+02 -1.53E+02  5.54E+02              
 H-bond moment (accept) :          2.6974
 H-bond moment (donor)  :          6.9519
 
 WARNING: QM computation level of compound 1 conformer 1 could not be determined - it may differ from the QM level of the parameter set.
 No gas phase energy for compound 1 conformer 1 specified, thus it will be estimated


 --- Compound 2 (SGMZJAMFUVOLNK-UHFFFAOYSA-M) ---

 Compound Information for compound 2 conformer 1 (COSMO file /media/nastya/storage/Project_nastya/cosmo/SGMZJAMFUVOLNK-UHFFFAOYSA-M.cosmo)
 Atomic weights         : 1111111111111111111111
 E_COSMO+dE             :    -495311.0092 kcal/mol
 E_gas                  :    -495280.9240 kcal/mol
 E_COSMO-E_gas+dE       :        -30.0852 kcal/mol
 E_diel                 :        -43.9005 kcal/mol
 Averaging corr dE      :          0.6451 kcal/mol
 Area                   :        177.0496 A^2
 Volume                 :        188.1524 A^3
 Molecular Weight       :        139.6245 a.m.u.
 Total COSMO charge     :          0.0093 a.u.
 Dipole moment (t,x,y,z):         18.3247 -1.83E+01  0.122140 -1.618568 Debye                            
 Sigma moments (1-6)    :          0.0000  1.72E+02  1.20E+02  3.11E+02  3.77E+02  7.14E+02              
 H-bond moment (accept) :         15.0395
 H-bond moment (donor)  :          0.2290
 
 WARNING: QM computation level of compound 2 conformer 1 could not be determined - it may differ from the QM level of the parameter set.
 No gas phase energy for compound 2 conformer 1 specified, thus it will be estimated


 Total number of processed compounds:    2


----------------
 START job     1
----------------


 Results for mixture 1
 ---------------------
 Temperature          :    298.000 K
 Compound Nr.         :         1         2
 Compound             : NGSWKAQJJ SGMZJAMFU
 Mole Fraction        :    0.5000    0.5000

 Compound: 1  (NGSWKAQJJWESNS-ZZXKWVIFSA-N)
 Chemical potential of the compound in the mixture :        -5.41663 kcal/mol
 Log10(partial pressure [mbar])                    :        -5.81838
 Free energy of molecule in mix (E_COSMO+dE+Mu)    :   -359993.52440 kcal/mol
 Total mean interaction energy in the mix (H_int)  :       -13.44049 kcal/mol
 Misfit interaction energy in the mix (H_MF)       :         3.24378 kcal/mol
 H-Bond interaction energy in the mix (H_HB)       :        -7.52829 kcal/mol
 VdW interaction energy in the mix (H_vdW)         :        -9.15598 kcal/mol

 Compound: 2  (SGMZJAMFUVOLNK-UHFFFAOYSA-M)
 Chemical potential of the compound in the mixture :         0.92266 kcal/mol
 Log10(partial pressure [mbar])                    :       -13.81265
 Free energy of molecule in mix (E_COSMO+dE+Mu)    :   -495310.08657 kcal/mol
 Total mean interaction energy in the mix (H_int)  :       -12.08483 kcal/mol
 Misfit interaction energy in the mix (H_MF)       :         4.29148 kcal/mol
 H-Bond interaction energy in the mix (H_HB)       :        -7.76049 kcal/mol
 VdW interaction energy in the mix (H_vdW)         :        -8.61582 kcal/mol



 Compound: 1 Conformer: 1 (NGSWKAQJJWESNS-ZZXKWVIFSA-N)
 Chemical potential of the molecule in the mixture :        -5.41663 kcal/mol
 Log10(partial pressure [mbar])                    :        -5.81838
 Free energy of molecule in mix (E_COSMO+dE+Mu)    :   -359993.52440 kcal/mol
 Total mean interaction energy in the mix          :       -13.44049 kcal/mol
 Misfit interaction energy in the mix              :         3.24378 kcal/mol
 H-Bond interaction energy in the mix              :        -7.52829 kcal/mol
 VdW interaction energy in the mix                 :        -9.15598 kcal/mol
 Normalized weight factor of molecule in compound  :         1.00000
 Normalized weight factor of molecule in gas phase :         1.00000

 Compound: 2 Conformer: 1 (SGMZJAMFUVOLNK-UHFFFAOYSA-M)
 Chemical potential of the molecule in the mixture :         0.92266 kcal/mol
 Log10(partial pressure [mbar])                    :       -13.81265
 Free energy of molecule in mix (E_COSMO+dE+Mu)    :   -495310.08657 kcal/mol
 Total mean interaction energy in the mix          :       -12.08483 kcal/mol
 Misfit interaction energy in the mix              :         4.29148 kcal/mol
 H-Bond interaction energy in the mix              :        -7.76049 kcal/mol
 VdW interaction energy in the mix                 :        -8.61582 kcal/mol
 Normalized weight factor of molecule in compound  :         1.00000
 Normalized weight factor of molecule in gas phase :         1.00000



 Note: Compound properties are tabulated in /media/nastya/storage/Project_nastya/mu_CA_05/NGSWKAQJJWESNS-ZZXKWVIFSA-N_SGMZJAMFUVOLNK-UHFFFAOYSA-M.tab
----------------
 END job       1
----------------
