 -----------------------------------------------------------
 BIOVIA COSMOtherm Version 2019 (build: 19.0.5 [65f0de1d5f])
 -----------------------------------------------------------

 Copyright (C) 1999-2019, Dassault Systemes BIOVIA corp, all rights reserved

 Job name   : !! generated by COSMOthermX !!
 Job date   : 10/20/2021
 Job time   : 17:32:16
 Hostname   : unknown
 OS type    : unknown
 Executable : Linux 64-bit

 Reading COSMOtherm parameter file BP_TZVP_C30_1701.ctd from directory /home/nastya/COSMOlogic/COSMOthermX19/COSMOtherm/CTDATA-FILES/OLDPARAM/
 Info: # COSMOtherm parameter file ./BP_TZVP_C30_1701.ctd for BP-TZVP optimized COSMO files                                                                  

 Reading COSMOtherm license key license.txt from directory /home/nastya/COSMOlogic/COSMOthermX19/licensefiles/

 COSMOtherm license key expiration date 01/16/2022
 COSMOtherm license key version 19.0
 Customer : TU Delft, Faculty of Applied Sciences
 ID       : 107270

 License keys:
  product                   |    licensed version    | status
 ------------------------------------------------------------------------------ 
  COSMOtherm                |          19.0          | active
  TURBOMOLE                 |          7.3           | active
 ------------------------------------------------------------------------------ 
 
 Note: Vapor pressure / property file could not be found for compound 1
 Reading COSMO information for compound 1 conformer 1 from file /media/nastya/storage/Project_nastya/cosmo/NNJVILVZKWQKPM-UHFFFAOYSA-N.cosmo
 Note: Gas phase energy file could not be found for compound 1 conformer 1
 Note: converting Gaussian COSMO-file information of compound 1 conformer 1
 
 Note: Vapor pressure / property file could not be found for compound 2
 Reading COSMO information for compound 2 conformer 1 from file /media/nastya/storage/Project_nastya/cosmo/GKCBAIGFKIBETG-UHFFFAOYSA-N.cosmo
 Note: Gas phase energy file could not be found for compound 2 conformer 1
 Note: converting Gaussian COSMO-file information of compound 2 conformer 1


 --- Compound 1 (NNJVILVZKWQKPM-UHFFFAOYSA-N) ---

 Compound Information for compound 1 conformer 1 (COSMO file /media/nastya/storage/Project_nastya/cosmo/NNJVILVZKWQKPM-UHFFFAOYSA-N.cosmo)
 Atomic weights         : 111111111111111111111111111111111111111
 E_COSMO+dE             :    -459166.3539 kcal/mol
 E_gas                  :    -459153.6556 kcal/mol
 E_COSMO-E_gas+dE       :        -12.6984 kcal/mol
 E_diel                 :        -17.7403 kcal/mol
 Averaging corr dE      :          0.6272 kcal/mol
 Area                   :        282.5996 A^2
 Volume                 :        320.2243 A^3
 Molecular Weight       :        234.3386 a.m.u.
 Total COSMO charge     :         -0.0032 a.u.
 Dipole moment (t,x,y,z):          6.5288  0.199642 -2.301784 -6.106286 Debye                            
 Sigma moments (1-6)    :          0.0000  1.04E+02  8.69E+01  2.58E+02  4.42E+02  1.12E+03              
 H-bond moment (accept) :          9.4067
 H-bond moment (donor)  :          1.1811
 
 WARNING: QM computation level of compound 1 conformer 1 could not be determined - it may differ from the QM level of the parameter set.
 No gas phase energy for compound 1 conformer 1 specified, thus it will be estimated


 --- Compound 2 (GKCBAIGFKIBETG-UHFFFAOYSA-N) ---

 Compound Information for compound 2 conformer 1 (COSMO file /media/nastya/storage/Project_nastya/cosmo/GKCBAIGFKIBETG-UHFFFAOYSA-N.cosmo)
 Atomic weights         : 1111111111111111111111111111111111111111111
 E_COSMO+dE             :    -531062.3080 kcal/mol
 E_gas                  :    -531051.4120 kcal/mol
 E_COSMO-E_gas+dE       :        -10.8960 kcal/mol
 E_diel                 :        -15.0980 kcal/mol
 Averaging corr dE      :          0.7280 kcal/mol
 Area                   :        336.9649 A^2
 Volume                 :        353.4169 A^3
 Molecular Weight       :        264.3647 a.m.u.
 Total COSMO charge     :         -0.0015 a.u.
 Dipole moment (t,x,y,z):          8.1090 -6.835562 -4.252728  0.972594 Debye                            
 Sigma moments (1-6)    :          0.0000  8.96E+01  3.85E+01  1.12E+02  1.00E+02  2.41E+02              
 H-bond moment (accept) :          3.9944
 H-bond moment (donor)  :          0.8031
 
 WARNING: QM computation level of compound 2 conformer 1 could not be determined - it may differ from the QM level of the parameter set.
 No gas phase energy for compound 2 conformer 1 specified, thus it will be estimated


 Total number of processed compounds:    2


----------------
 START job     1
----------------


 Results for mixture 1
 ---------------------
 Temperature          :    298.000 K
 Compound Nr.         :         1         2
 Compound             : NNJVILVZK GKCBAIGFK
 Mole Fraction        :    0.5000    0.5000

 Compound: 1  (NNJVILVZKWQKPM-UHFFFAOYSA-N)
 Chemical potential of the compound in the mixture :        -4.46140 kcal/mol
 Log10(partial pressure [mbar])                    :        -5.84141
 Free energy of molecule in mix (E_COSMO+dE+Mu)    :   -459170.81532 kcal/mol
 Total mean interaction energy in the mix (H_int)  :       -12.04114 kcal/mol
 Misfit interaction energy in the mix (H_MF)       :         4.31735 kcal/mol
 H-Bond interaction energy in the mix (H_HB)       :        -2.72047 kcal/mol
 VdW interaction energy in the mix (H_vdW)         :       -13.63801 kcal/mol

 Compound: 2  (GKCBAIGFKIBETG-UHFFFAOYSA-N)
 Chemical potential of the compound in the mixture :        -6.61941 kcal/mol
 Log10(partial pressure [mbar])                    :        -6.10223
 Free energy of molecule in mix (E_COSMO+dE+Mu)    :   -531068.92742 kcal/mol
 Total mean interaction energy in the mix (H_int)  :       -12.81172 kcal/mol
 Misfit interaction energy in the mix (H_MF)       :         4.48916 kcal/mol
 H-Bond interaction energy in the mix (H_HB)       :        -1.11427 kcal/mol
 VdW interaction energy in the mix (H_vdW)         :       -16.18662 kcal/mol



 Compound: 1 Conformer: 1 (NNJVILVZKWQKPM-UHFFFAOYSA-N)
 Chemical potential of the molecule in the mixture :        -4.46140 kcal/mol
 Log10(partial pressure [mbar])                    :        -5.84141
 Free energy of molecule in mix (E_COSMO+dE+Mu)    :   -459170.81532 kcal/mol
 Total mean interaction energy in the mix          :       -12.04114 kcal/mol
 Misfit interaction energy in the mix              :         4.31735 kcal/mol
 H-Bond interaction energy in the mix              :        -2.72047 kcal/mol
 VdW interaction energy in the mix                 :       -13.63801 kcal/mol
 Normalized weight factor of molecule in compound  :         1.00000
 Normalized weight factor of molecule in gas phase :         1.00000

 Compound: 2 Conformer: 1 (GKCBAIGFKIBETG-UHFFFAOYSA-N)
 Chemical potential of the molecule in the mixture :        -6.61941 kcal/mol
 Log10(partial pressure [mbar])                    :        -6.10223
 Free energy of molecule in mix (E_COSMO+dE+Mu)    :   -531068.92742 kcal/mol
 Total mean interaction energy in the mix          :       -12.81172 kcal/mol
 Misfit interaction energy in the mix              :         4.48916 kcal/mol
 H-Bond interaction energy in the mix              :        -1.11427 kcal/mol
 VdW interaction energy in the mix                 :       -16.18662 kcal/mol
 Normalized weight factor of molecule in compound  :         1.00000
 Normalized weight factor of molecule in gas phase :         1.00000



 Note: Compound properties are tabulated in /media/nastya/storage/Project_nastya/mu_CA_05/NNJVILVZKWQKPM-UHFFFAOYSA-N_GKCBAIGFKIBETG-UHFFFAOYSA-N.tab
----------------
 END job       1
----------------
