 -----------------------------------------------------------
 BIOVIA COSMOtherm Version 2019 (build: 19.0.5 [65f0de1d5f])
 -----------------------------------------------------------

 Copyright (C) 1999-2019, Dassault Systemes BIOVIA corp, all rights reserved

 Job name   : !! generated by COSMOthermX !!
 Job date   : 10/20/2021
 Job time   : 17:31:30
 Hostname   : unknown
 OS type    : unknown
 Executable : Linux 64-bit

 Reading COSMOtherm parameter file BP_TZVP_C30_1701.ctd from directory /home/nastya/COSMOlogic/COSMOthermX19/COSMOtherm/CTDATA-FILES/OLDPARAM/
 Info: # COSMOtherm parameter file ./BP_TZVP_C30_1701.ctd for BP-TZVP optimized COSMO files                                                                  

 Reading COSMOtherm license key license.txt from directory /home/nastya/COSMOlogic/COSMOthermX19/licensefiles/

 COSMOtherm license key expiration date 01/16/2022
 COSMOtherm license key version 19.0
 Customer : TU Delft, Faculty of Applied Sciences
 ID       : 107270

 License keys:
  product                   |    licensed version    | status
 ------------------------------------------------------------------------------ 
  COSMOtherm                |          19.0          | active
  TURBOMOLE                 |          7.3           | active
 ------------------------------------------------------------------------------ 
 
 Note: Vapor pressure / property file could not be found for compound 1
 Reading COSMO information for compound 1 conformer 1 from file /media/nastya/storage/Project_nastya/cosmo/NOOLISFMXDJSKH-KXUCPTDWSA-N.cosmo
 Note: Gas phase energy file could not be found for compound 1 conformer 1
 Note: converting Gaussian COSMO-file information of compound 1 conformer 1
 
 Note: Vapor pressure / property file could not be found for compound 2
 Reading COSMO information for compound 2 conformer 1 from file /media/nastya/storage/Project_nastya/cosmo/XMIIGOLPHOKFCH-UHFFFAOYSA-N.cosmo
 Note: Gas phase energy file could not be found for compound 2 conformer 1
 Note: converting Gaussian COSMO-file information of compound 2 conformer 1


 --- Compound 1 (NOOLISFMXDJSKH-KXUCPTDWSA-N) ---

 Compound Information for compound 1 conformer 1 (COSMO file /media/nastya/storage/Project_nastya/cosmo/NOOLISFMXDJSKH-KXUCPTDWSA-N.cosmo)
 Atomic weights         : 1111111111111111111111111111111
 E_COSMO+dE             :    -293986.1266 kcal/mol
 E_gas                  :    -293981.6853 kcal/mol
 E_COSMO-E_gas+dE       :         -4.4414 kcal/mol
 E_diel                 :         -5.8134 kcal/mol
 Averaging corr dE      :          0.4176 kcal/mol
 Area                   :        208.8523 A^2
 Volume                 :        227.8497 A^3
 Molecular Weight       :        156.2662 a.m.u.
 Total COSMO charge     :         -0.0051 a.u.
 Dipole moment (t,x,y,z):          2.3028  1.805459 -0.306183  1.396244 Debye                            
 Sigma moments (1-6)    :          0.0000  4.51E+01  1.65E+01  7.42E+01  4.84E+01  1.76E+02              
 H-bond moment (accept) :          2.6238
 H-bond moment (donor)  :          1.0277
 
 WARNING: QM computation level of compound 1 conformer 1 could not be determined - it may differ from the QM level of the parameter set.
 No gas phase energy for compound 1 conformer 1 specified, thus it will be estimated


 --- Compound 2 (XMIIGOLPHOKFCH-UHFFFAOYSA-N) ---

 Compound Information for compound 2 conformer 1 (COSMO file /media/nastya/storage/Project_nastya/cosmo/XMIIGOLPHOKFCH-UHFFFAOYSA-N.cosmo)
 Atomic weights         : 111111111111111111111
 E_COSMO+dE             :    -313524.0544 kcal/mol
 E_gas                  :    -313516.2938 kcal/mol
 E_COSMO-E_gas+dE       :         -7.7606 kcal/mol
 E_diel                 :        -10.4989 kcal/mol
 Averaging corr dE      :          0.6654 kcal/mol
 Area                   :        188.1533 A^2
 Volume                 :        191.5193 A^3
 Molecular Weight       :        150.1754 a.m.u.
 Total COSMO charge     :         -0.0017 a.u.
 Dipole moment (t,x,y,z):          2.2970  0.376181  1.869944 -1.279925 Debye                            
 Sigma moments (1-6)    :          0.0000  8.00E+01 -6.185924  1.11E+02 -5.66E+01  2.57E+02              
 H-bond moment (accept) :          1.3552
 H-bond moment (donor)  :          3.2000
 
 WARNING: QM computation level of compound 2 conformer 1 could not be determined - it may differ from the QM level of the parameter set.
 No gas phase energy for compound 2 conformer 1 specified, thus it will be estimated


 Total number of processed compounds:    2


----------------
 START job     1
----------------


 Results for mixture 1
 ---------------------
 Temperature          :    298.000 K
 Compound Nr.         :         1         2
 Compound             : NOOLISFMX XMIIGOLPH
 Mole Fraction        :    0.5000    0.5000

 Compound: 1  (NOOLISFMXDJSKH-KXUCPTDWSA-N)
 Chemical potential of the compound in the mixture :        -6.22932 kcal/mol
 Log10(partial pressure [mbar])                    :        -1.08250
 Free energy of molecule in mix (E_COSMO+dE+Mu)    :   -293992.35596 kcal/mol
 Total mean interaction energy in the mix (H_int)  :       -11.09332 kcal/mol
 Misfit interaction energy in the mix (H_MF)       :         1.87566 kcal/mol
 H-Bond interaction energy in the mix (H_HB)       :        -2.92989 kcal/mol
 VdW interaction energy in the mix (H_vdW)         :       -10.03909 kcal/mol

 Compound: 2  (XMIIGOLPHOKFCH-UHFFFAOYSA-N)
 Chemical potential of the compound in the mixture :        -3.52352 kcal/mol
 Log10(partial pressure [mbar])                    :        -1.53235
 Free energy of molecule in mix (E_COSMO+dE+Mu)    :   -313527.57792 kcal/mol
 Total mean interaction energy in the mix (H_int)  :        -9.60427 kcal/mol
 Misfit interaction energy in the mix (H_MF)       :         2.44644 kcal/mol
 H-Bond interaction energy in the mix (H_HB)       :        -3.34609 kcal/mol
 VdW interaction energy in the mix (H_vdW)         :        -8.70461 kcal/mol



 Compound: 1 Conformer: 1 (NOOLISFMXDJSKH-KXUCPTDWSA-N)
 Chemical potential of the molecule in the mixture :        -6.22932 kcal/mol
 Log10(partial pressure [mbar])                    :        -1.08250
 Free energy of molecule in mix (E_COSMO+dE+Mu)    :   -293992.35596 kcal/mol
 Total mean interaction energy in the mix          :       -11.09332 kcal/mol
 Misfit interaction energy in the mix              :         1.87566 kcal/mol
 H-Bond interaction energy in the mix              :        -2.92989 kcal/mol
 VdW interaction energy in the mix                 :       -10.03909 kcal/mol
 Normalized weight factor of molecule in compound  :         1.00000
 Normalized weight factor of molecule in gas phase :         1.00000

 Compound: 2 Conformer: 1 (XMIIGOLPHOKFCH-UHFFFAOYSA-N)
 Chemical potential of the molecule in the mixture :        -3.52352 kcal/mol
 Log10(partial pressure [mbar])                    :        -1.53235
 Free energy of molecule in mix (E_COSMO+dE+Mu)    :   -313527.57792 kcal/mol
 Total mean interaction energy in the mix          :        -9.60427 kcal/mol
 Misfit interaction energy in the mix              :         2.44644 kcal/mol
 H-Bond interaction energy in the mix              :        -3.34609 kcal/mol
 VdW interaction energy in the mix                 :        -8.70461 kcal/mol
 Normalized weight factor of molecule in compound  :         1.00000
 Normalized weight factor of molecule in gas phase :         1.00000



 Note: Compound properties are tabulated in /media/nastya/storage/Project_nastya/mu_CA_05/NOOLISFMXDJSKH-KXUCPTDWSA-N_XMIIGOLPHOKFCH-UHFFFAOYSA-N.tab
----------------
 END job       1
----------------
