 -----------------------------------------------------------
 BIOVIA COSMOtherm Version 2019 (build: 19.0.5 [d8ec0c4a68])
 -----------------------------------------------------------

 Copyright (C) 1999-2019, Dassault Systemes BIOVIA corp, all rights reserved

 Job name   : !! generated by COSMOthermX !!
 Job date   : 07/30/2022
 Job time   : 22:31:51
 Hostname   : unknown
 OS type    : Windows_NT
 Executable : Windows 64-bit

 Reading COSMOtherm parameter file BP_TZVP_C30_1701.ctd from directory C:\Program Files\COSMOlogic\COSMOthermX19\COSMOthermX\..\COSMOtherm\CTDATA-FILES/OLDPARAM/
 Info: # COSMOtherm parameter file ./BP_TZVP_C30_1701.ctd for BP-TZVP optimized COSMO files                                                                  

 Reading COSMOtherm license key license.txt from directory C:\Program Files\COSMOlogic\COSMOthermX19\COSMOthermX\..\licensefiles/

 COSMOtherm license key expiration date 04/26/2025
 COSMOtherm license key version 21
 Customer : 200000000032966
 ID       : LKO1978637

 License keys:
  product                   |    licensed version    | status
 ------------------------------------------------------------------------------ 
  COSMOtherm                |          21            | active
  TURBOMOLE                 |          21            | active
 ------------------------------------------------------------------------------ 
 
 Reading vapor pressure and property information for compound 1 from file C:\Users\komp\Desktop\My\Research\DES_MP_ML\cosmo_files\cosmo/NUPDFKWZQURWCC-UHFFFAOYSA-M.vap
 Reading COSMO information for compound 1 conformer 1 from file C:\Users\komp\Desktop\My\Research\DES_MP_ML\cosmo_files\cosmo/NUPDFKWZQURWCC-UHFFFAOYSA-M.cosmo
 Note: Gas phase energy file could not be found for compound 1 conformer 1
 Note: converting Gaussian COSMO-file information of compound 1 conformer 1
 
 Reading vapor pressure and property information for compound 2 from file C:\Users\komp\Desktop\My\Research\DES_MP_ML\cosmo_files\cosmo/SGMZJAMFUVOLNK-UHFFFAOYSA-M.vap
 Reading COSMO information for compound 2 conformer 1 from file C:\Users\komp\Desktop\My\Research\DES_MP_ML\cosmo_files\cosmo/SGMZJAMFUVOLNK-UHFFFAOYSA-M.cosmo
 Note: Gas phase energy file could not be found for compound 2 conformer 1
 Note: converting Gaussian COSMO-file information of compound 2 conformer 1


 --- Compound 1 (NUPDFKWZQURWCC-UHFFFAOYSA-M) ---

 Compound Information for compound 1 conformer 1 (COSMO file C:\Users\komp\Desktop\My\Research\DES_MP_ML\cosmo_files\cosmo/NUPDFKWZQURWCC-UHFFFAOYSA-M.cosmo)
 Atomic weights         : 11111111111111111111111111111111
 E_COSMO+dE             :    -640337.3928 kcal/mol
 E_gas                  :    -640308.3712 kcal/mol
 E_COSMO-E_gas+dE       :        -29.0216 kcal/mol
 E_diel                 :        -42.4943 kcal/mol
 Averaging corr dE      :          0.7244 kcal/mol
 Area                   :        246.6026 A^2
 Volume                 :        280.7556 A^3
 Molecular Weight       :        215.7210 a.m.u.
 Total COSMO charge     :          0.0096 a.u.
 Dipole moment (t,x,y,z):         19.0223 -1.69E+01 -8.817420  0.273199 Debye                            
 Sigma moments (1-6)    :          0.0000  1.82E+02  1.17E+02  3.13E+02  3.68E+02  7.10E+02              
 H-bond moment (accept) :         14.8949
 H-bond moment (donor)  :          0.4208
 
 WARNING: QM computation level of compound 1 conformer 1 could not be determined - it may differ from the QM level of the parameter set.
 No gas phase energy for compound 1 conformer 1 specified, thus it will be estimated


 --- Compound 2 (SGMZJAMFUVOLNK-UHFFFAOYSA-M) ---

 Compound Information for compound 2 conformer 1 (COSMO file C:\Users\komp\Desktop\My\Research\DES_MP_ML\cosmo_files\cosmo/SGMZJAMFUVOLNK-UHFFFAOYSA-M.cosmo)
 Atomic weights         : 1111111111111111111111
 E_COSMO+dE             :    -495311.0092 kcal/mol
 E_gas                  :    -495280.9240 kcal/mol
 E_COSMO-E_gas+dE       :        -30.0852 kcal/mol
 E_diel                 :        -43.9005 kcal/mol
 Averaging corr dE      :          0.6451 kcal/mol
 Area                   :        177.0496 A^2
 Volume                 :        188.1524 A^3
 Molecular Weight       :        139.6245 a.m.u.
 Total COSMO charge     :          0.0093 a.u.
 Dipole moment (t,x,y,z):         18.3247 -1.83E+01  0.122140 -1.618568 Debye                            
 Sigma moments (1-6)    :          0.0000  1.72E+02  1.20E+02  3.11E+02  3.77E+02  7.14E+02              
 H-bond moment (accept) :         15.0395
 H-bond moment (donor)  :          0.2290
 
 WARNING: QM computation level of compound 2 conformer 1 could not be determined - it may differ from the QM level of the parameter set.
 No gas phase energy for compound 2 conformer 1 specified, thus it will be estimated


 Total number of processed compounds:    2


----------------
 START job     1
----------------


 Results for mixture 1
 ---------------------
 Temperature          :    298.000 K
 Compound Nr.         :         1         2
 Compound             : NUPDFKWZQ SGMZJAMFU
 Mole Fraction        :    0.5000    0.5000

 Compound: 1  (NUPDFKWZQURWCC-UHFFFAOYSA-M)
 Chemical potential of the compound in the mixture :         0.47971 kcal/mol
 Log10(partial pressure [mbar])                    :       -14.18879
 Free energy of molecule in mix (E_COSMO+dE+Mu)    :   -640336.91307 kcal/mol
 Total mean interaction energy in the mix (H_int)  :        -7.27155 kcal/mol
 Misfit interaction energy in the mix (H_MF)       :         7.63105 kcal/mol
 H-Bond interaction energy in the mix (H_HB)       :        -2.39631 kcal/mol
 VdW interaction energy in the mix (H_vdW)         :       -12.50629 kcal/mol

 Compound: 2  (SGMZJAMFUVOLNK-UHFFFAOYSA-M)
 Chemical potential of the compound in the mixture :         1.77991 kcal/mol
 Log10(partial pressure [mbar])                    :       -13.18397
 Free energy of molecule in mix (E_COSMO+dE+Mu)    :   -495309.22933 kcal/mol
 Total mean interaction energy in the mix (H_int)  :        -5.43501 kcal/mol
 Misfit interaction energy in the mix (H_MF)       :         5.99973 kcal/mol
 H-Bond interaction energy in the mix (H_HB)       :        -2.43474 kcal/mol
 VdW interaction energy in the mix (H_vdW)         :        -9.00000 kcal/mol



 Compound: 1 Conformer: 1 (NUPDFKWZQURWCC-UHFFFAOYSA-M)
 Chemical potential of the molecule in the mixture :         0.47971 kcal/mol
 Log10(partial pressure [mbar])                    :       -14.18879
 Free energy of molecule in mix (E_COSMO+dE+Mu)    :   -640336.91307 kcal/mol
 Total mean interaction energy in the mix          :        -7.27155 kcal/mol
 Misfit interaction energy in the mix              :         7.63105 kcal/mol
 H-Bond interaction energy in the mix              :        -2.39631 kcal/mol
 VdW interaction energy in the mix                 :       -12.50629 kcal/mol
 Normalized weight factor of molecule in compound  :         1.00000
 Normalized weight factor of molecule in gas phase :         1.00000

 Compound: 2 Conformer: 1 (SGMZJAMFUVOLNK-UHFFFAOYSA-M)
 Chemical potential of the molecule in the mixture :         1.77991 kcal/mol
 Log10(partial pressure [mbar])                    :       -13.18397
 Free energy of molecule in mix (E_COSMO+dE+Mu)    :   -495309.22933 kcal/mol
 Total mean interaction energy in the mix          :        -5.43501 kcal/mol
 Misfit interaction energy in the mix              :         5.99973 kcal/mol
 H-Bond interaction energy in the mix              :        -2.43474 kcal/mol
 VdW interaction energy in the mix                 :        -9.00000 kcal/mol
 Normalized weight factor of molecule in compound  :         1.00000
 Normalized weight factor of molecule in gas phase :         1.00000



 Note: Compound properties are tabulated in C:\Users\komp\COSMOlogicAppData\COSMOthermX19_1\temp\Temp_Project\NUPDFKWZQURWCC-UHFFFAOYSA-M_SGMZJAMFUVOLNK-UHFFFAOYSA-M\NUPDFKWZQURWCC-UHFFFAOYSA-M_SGMZJAMFUVOLNK-UHFFFAOYSA-M.tab
----------------
 END job       1
----------------
