 -----------------------------------------------------------
 BIOVIA COSMOtherm Version 2019 (build: 19.0.5 [d8ec0c4a68])
 -----------------------------------------------------------

 Copyright (C) 1999-2019, Dassault Systemes BIOVIA corp, all rights reserved

 Job name   : !! generated by COSMOthermX !!
 Job date   : 07/30/2022
 Job time   : 22:24:28
 Hostname   : unknown
 OS type    : Windows_NT
 Executable : Windows 64-bit

 Reading COSMOtherm parameter file BP_TZVP_C30_1701.ctd from directory C:\Program Files\COSMOlogic\COSMOthermX19\COSMOthermX\..\COSMOtherm\CTDATA-FILES/OLDPARAM/
 Info: # COSMOtherm parameter file ./BP_TZVP_C30_1701.ctd for BP-TZVP optimized COSMO files                                                                  

 Reading COSMOtherm license key license.txt from directory C:\Program Files\COSMOlogic\COSMOthermX19\COSMOthermX\..\licensefiles/

 COSMOtherm license key expiration date 04/26/2025
 COSMOtherm license key version 21
 Customer : 200000000032966
 ID       : LKO1978637

 License keys:
  product                   |    licensed version    | status
 ------------------------------------------------------------------------------ 
  COSMOtherm                |          21            | active
  TURBOMOLE                 |          21            | active
 ------------------------------------------------------------------------------ 
 
 Reading vapor pressure and property information for compound 1 from file C:\Users\komp\Desktop\My\Research\DES_MP_ML\cosmo_files\cosmo/OKIZCWYLBDKLSU-UHFFFAOYSA-M.vap
 Reading COSMO information for compound 1 conformer 1 from file C:\Users\komp\Desktop\My\Research\DES_MP_ML\cosmo_files\cosmo/OKIZCWYLBDKLSU-UHFFFAOYSA-M.cosmo
 Note: Gas phase energy file could not be found for compound 1 conformer 1
 Note: converting Gaussian COSMO-file information of compound 1 conformer 1
 
 Note: Vapor pressure / property file could not be found for compound 2
 Reading COSMO information for compound 2 conformer 1 from file C:\Users\komp\Desktop\My\Research\DES_MP_ML\cosmo_files\cosmo/NLXLAEXVIDQMFP-UHFFFAOYSA-N.cosmo
 Note: Gas phase energy file could not be found for compound 2 conformer 1
 Note: converting Gaussian COSMO-file information of compound 2 conformer 1


 --- Compound 1 (OKIZCWYLBDKLSU-UHFFFAOYSA-M) ---

 Compound Information for compound 1 conformer 1 (COSMO file C:\Users\komp\Desktop\My\Research\DES_MP_ML\cosmo_files\cosmo/OKIZCWYLBDKLSU-UHFFFAOYSA-M.cosmo)
 Atomic weights         : 111111111111111111
 E_COSMO+dE             :    -423412.3774 kcal/mol
 E_gas                  :    -423382.2428 kcal/mol
 E_COSMO-E_gas+dE       :        -30.1346 kcal/mol
 E_diel                 :        -43.8520 kcal/mol
 Averaging corr dE      :          0.5618 kcal/mol
 Area                   :        158.2413 A^2
 Volume                 :        157.9064 A^3
 Molecular Weight       :        109.5984 a.m.u.
 Total COSMO charge     :          0.0081 a.u.
 Dipole moment (t,x,y,z):         17.2232 -1.72E+01  0.002295  0.008613 Debye                            
 Sigma moments (1-6)    :          0.0000  1.70E+02  1.50E+02  3.79E+02  5.42E+02  1.05E+03              
 H-bond moment (accept) :         19.0972
 H-bond moment (donor)  :          0.1957
 
 WARNING: QM computation level of compound 1 conformer 1 could not be determined - it may differ from the QM level of the parameter set.
 No gas phase energy for compound 1 conformer 1 specified, thus it will be estimated


 --- Compound 2 (NLXLAEXVIDQMFP-UHFFFAOYSA-N) ---

 Compound Information for compound 2 conformer 1 (COSMO file C:\Users\komp\Desktop\My\Research\DES_MP_ML\cosmo_files\cosmo/NLXLAEXVIDQMFP-UHFFFAOYSA-N.cosmo)
 Atomic weights         : 111111
 E_COSMO+dE             :    -324736.8375 kcal/mol
 E_gas                  :    -324707.3980 kcal/mol
 E_COSMO-E_gas+dE       :        -29.4396 kcal/mol
 E_diel                 :        -43.0826 kcal/mol
 Averaging corr dE      :          0.7182 kcal/mol
 Area                   :         88.7036 A^2
 Volume                 :         66.7025 A^3
 Molecular Weight       :         53.4917 a.m.u.
 Total COSMO charge     :          0.0061 a.u.
 Dipole moment (t,x,y,z):         12.2728  1.23E+01  0.001831 -0.002178 Debye                            
 Sigma moments (1-6)    :          0.0000  2.01E+02 -3.33E+01  5.26E+02 -1.80E+02  1.45E+03              
 H-bond moment (accept) :         13.0281
 H-bond moment (donor)  :         13.9794
 
 WARNING: QM computation level of compound 2 conformer 1 could not be determined - it may differ from the QM level of the parameter set.
 No gas phase energy for compound 2 conformer 1 specified, thus it will be estimated


 Total number of processed compounds:    2


----------------
 START job     1
----------------


 Results for mixture 1
 ---------------------
 Temperature          :    298.000 K
 Compound Nr.         :         1         2
 Compound             : OKIZCWYLB NLXLAEXVI
 Mole Fraction        :    0.5000    0.5000

 Compound: 1  (OKIZCWYLBDKLSU-UHFFFAOYSA-M)
 Chemical potential of the compound in the mixture :         2.63527 kcal/mol
 Log10(partial pressure [mbar])                    :       -12.59291
 Free energy of molecule in mix (E_COSMO+dE+Mu)    :   -423409.74217 kcal/mol
 Total mean interaction energy in the mix (H_int)  :        -9.10654 kcal/mol
 Misfit interaction energy in the mix (H_MF)       :         6.15655 kcal/mol
 H-Bond interaction energy in the mix (H_HB)       :        -6.82291 kcal/mol
 VdW interaction energy in the mix (H_vdW)         :        -8.44018 kcal/mol

 Compound: 2  (NLXLAEXVIDQMFP-UHFFFAOYSA-N)
 Chemical potential of the compound in the mixture :        -4.67001 kcal/mol
 Log10(partial pressure [mbar])                    :       -17.44070
 Free energy of molecule in mix (E_COSMO+dE+Mu)    :   -324741.50756 kcal/mol
 Total mean interaction energy in the mix (H_int)  :       -13.89040 kcal/mol
 Misfit interaction energy in the mix (H_MF)       :         1.36939 kcal/mol
 H-Bond interaction energy in the mix (H_HB)       :       -10.43473 kcal/mol
 VdW interaction energy in the mix (H_vdW)         :        -4.82507 kcal/mol



 Compound: 1 Conformer: 1 (OKIZCWYLBDKLSU-UHFFFAOYSA-M)
 Chemical potential of the molecule in the mixture :         2.63527 kcal/mol
 Log10(partial pressure [mbar])                    :       -12.59291
 Free energy of molecule in mix (E_COSMO+dE+Mu)    :   -423409.74217 kcal/mol
 Total mean interaction energy in the mix          :        -9.10654 kcal/mol
 Misfit interaction energy in the mix              :         6.15655 kcal/mol
 H-Bond interaction energy in the mix              :        -6.82291 kcal/mol
 VdW interaction energy in the mix                 :        -8.44018 kcal/mol
 Normalized weight factor of molecule in compound  :         1.00000
 Normalized weight factor of molecule in gas phase :         1.00000

 Compound: 2 Conformer: 1 (NLXLAEXVIDQMFP-UHFFFAOYSA-N)
 Chemical potential of the molecule in the mixture :        -4.67001 kcal/mol
 Log10(partial pressure [mbar])                    :       -17.44070
 Free energy of molecule in mix (E_COSMO+dE+Mu)    :   -324741.50756 kcal/mol
 Total mean interaction energy in the mix          :       -13.89040 kcal/mol
 Misfit interaction energy in the mix              :         1.36939 kcal/mol
 H-Bond interaction energy in the mix              :       -10.43473 kcal/mol
 VdW interaction energy in the mix                 :        -4.82507 kcal/mol
 Normalized weight factor of molecule in compound  :         1.00000
 Normalized weight factor of molecule in gas phase :         1.00000



 Note: Compound properties are tabulated in C:\Users\komp\COSMOlogicAppData\COSMOthermX19_1\temp\Temp_Project\OKIZCWYLBDKLSU-UHFFFAOYSA-M_NLXLAEXVIDQMFP-UHFFFAOYSA-N\OKIZCWYLBDKLSU-UHFFFAOYSA-M_NLXLAEXVIDQMFP-UHFFFAOYSA-N.tab
----------------
 END job       1
----------------
