 -----------------------------------------------------------
 BIOVIA COSMOtherm Version 2019 (build: 19.0.5 [65f0de1d5f])
 -----------------------------------------------------------

 Copyright (C) 1999-2019, Dassault Systemes BIOVIA corp, all rights reserved

 Job name   : !! generated by COSMOthermX !!
 Job date   : 10/20/2021
 Job time   : 17:32:41
 Hostname   : unknown
 OS type    : unknown
 Executable : Linux 64-bit

 Reading COSMOtherm parameter file BP_TZVP_C30_1701.ctd from directory /home/nastya/COSMOlogic/COSMOthermX19/COSMOtherm/CTDATA-FILES/OLDPARAM/
 Info: # COSMOtherm parameter file ./BP_TZVP_C30_1701.ctd for BP-TZVP optimized COSMO files                                                                  

 Reading COSMOtherm license key license.txt from directory /home/nastya/COSMOlogic/COSMOthermX19/licensefiles/

 COSMOtherm license key expiration date 01/16/2022
 COSMOtherm license key version 19.0
 Customer : TU Delft, Faculty of Applied Sciences
 ID       : 107270

 License keys:
  product                   |    licensed version    | status
 ------------------------------------------------------------------------------ 
  COSMOtherm                |          19.0          | active
  TURBOMOLE                 |          7.3           | active
 ------------------------------------------------------------------------------ 
 
 Reading vapor pressure and property information for compound 1 from file /media/nastya/storage/Project_nastya/cosmo/PEDCQBHIVMGVHV-UHFFFAOYSA-N.vap
 Reading COSMO information for compound 1 conformer 1 from file /media/nastya/storage/Project_nastya/cosmo/PEDCQBHIVMGVHV-UHFFFAOYSA-N.cosmo
 Note: Gas phase energy file could not be found for compound 1 conformer 1
 Note: converting Gaussian COSMO-file information of compound 1 conformer 1
 
 Note: Vapor pressure / property file could not be found for compound 2
 Reading COSMO information for compound 2 conformer 1 from file /media/nastya/storage/Project_nastya/cosmo/XWBDWHCCBGMXKG-UHFFFAOYSA-N.cosmo
 Note: Gas phase energy file could not be found for compound 2 conformer 1
 Note: converting Gaussian COSMO-file information of compound 2 conformer 1


 --- Compound 1 (PEDCQBHIVMGVHV-UHFFFAOYSA-N) ---

 Compound Information for compound 1 conformer 1 (COSMO file /media/nastya/storage/Project_nastya/cosmo/PEDCQBHIVMGVHV-UHFFFAOYSA-N.cosmo)
 Atomic weights         : 11111111111111
 E_COSMO+dE             :    -216450.8175 kcal/mol
 E_gas                  :    -216438.7312 kcal/mol
 E_COSMO-E_gas+dE       :        -12.0862 kcal/mol
 E_diel                 :        -17.1657 kcal/mol
 Averaging corr dE      :          0.8777 kcal/mol
 Area                   :        126.6265 A^2
 Volume                 :        113.4743 A^3
 Molecular Weight       :         92.0942 a.m.u.
 Total COSMO charge     :         -0.0004 a.u.
 Dipole moment (t,x,y,z):          5.2353  1.707453 -4.401773  2.262224 Debye                            
 Sigma moments (1-6)    :          0.0000  1.18E+02  4.06E+01  2.45E+02  1.29E+02  6.19E+02              
 H-bond moment (accept) :          8.4909
 H-bond moment (donor)  :          4.1451
 
 WARNING: QM computation level of compound 1 conformer 1 could not be determined - it may differ from the QM level of the parameter set.
 No gas phase energy for compound 1 conformer 1 specified, thus it will be estimated


 --- Compound 2 (XWBDWHCCBGMXKG-UHFFFAOYSA-N) ---

 Compound Information for compound 2 conformer 1 (COSMO file /media/nastya/storage/Project_nastya/cosmo/XWBDWHCCBGMXKG-UHFFFAOYSA-N.cosmo)
 Atomic weights         : 111111111111
 E_COSMO+dE             :    -374084.7020 kcal/mol
 E_gas                  :    -374059.1166 kcal/mol
 E_COSMO-E_gas+dE       :        -25.5854 kcal/mol
 E_diel                 :        -37.5197 kcal/mol
 Averaging corr dE      :          0.6784 kcal/mol
 Area                   :        129.7835 A^2
 Volume                 :        112.8892 A^3
 Molecular Weight       :         81.5451 a.m.u.
 Total COSMO charge     :          0.0061 a.u.
 Dipole moment (t,x,y,z):         12.8252  1.24E+01  3.338884 -0.010872 Debye                            
 Sigma moments (1-6)    :          0.0000  1.72E+02  2.96E+01  4.01E+02  3.89E+01  1.04E+03              
 H-bond moment (accept) :         12.8081
 H-bond moment (donor)  :          8.4381
 
 WARNING: QM computation level of compound 2 conformer 1 could not be determined - it may differ from the QM level of the parameter set.
 No gas phase energy for compound 2 conformer 1 specified, thus it will be estimated


 Total number of processed compounds:    2


----------------
 START job     1
----------------


 Results for mixture 1
 ---------------------
 Temperature          :    298.000 K
 Compound Nr.         :         1         2
 Compound             : PEDCQBHIV XWBDWHCCB
 Mole Fraction        :    0.5000    0.5000

 Compound: 1  (PEDCQBHIVMGVHV-UHFFFAOYSA-N)
 Chemical potential of the compound in the mixture :        -3.06508 kcal/mol
 Log10(partial pressure [mbar])                    :        -3.53718
 Free energy of molecule in mix (E_COSMO+dE+Mu)    :   -216453.88254 kcal/mol
 Total mean interaction energy in the mix (H_int)  :       -12.18029 kcal/mol
 Misfit interaction energy in the mix (H_MF)       :         2.60863 kcal/mol
 H-Bond interaction energy in the mix (H_HB)       :        -9.12745 kcal/mol
 VdW interaction energy in the mix (H_vdW)         :        -5.66148 kcal/mol

 Compound: 2  (XWBDWHCCBGMXKG-UHFFFAOYSA-N)
 Chemical potential of the compound in the mixture :        -1.35036 kcal/mol
 Log10(partial pressure [mbar])                    :       -12.17956
 Free energy of molecule in mix (E_COSMO+dE+Mu)    :   -374086.05233 kcal/mol
 Total mean interaction energy in the mix (H_int)  :       -13.58440 kcal/mol
 Misfit interaction energy in the mix (H_MF)       :         2.97800 kcal/mol
 H-Bond interaction energy in the mix (H_HB)       :        -9.95607 kcal/mol
 VdW interaction energy in the mix (H_vdW)         :        -6.60633 kcal/mol



 Compound: 1 Conformer: 1 (PEDCQBHIVMGVHV-UHFFFAOYSA-N)
 Chemical potential of the molecule in the mixture :        -3.06508 kcal/mol
 Log10(partial pressure [mbar])                    :        -3.53718
 Free energy of molecule in mix (E_COSMO+dE+Mu)    :   -216453.88254 kcal/mol
 Total mean interaction energy in the mix          :       -12.18029 kcal/mol
 Misfit interaction energy in the mix              :         2.60863 kcal/mol
 H-Bond interaction energy in the mix              :        -9.12745 kcal/mol
 VdW interaction energy in the mix                 :        -5.66148 kcal/mol
 Normalized weight factor of molecule in compound  :         1.00000
 Normalized weight factor of molecule in gas phase :         1.00000

 Compound: 2 Conformer: 1 (XWBDWHCCBGMXKG-UHFFFAOYSA-N)
 Chemical potential of the molecule in the mixture :        -1.35036 kcal/mol
 Log10(partial pressure [mbar])                    :       -12.17956
 Free energy of molecule in mix (E_COSMO+dE+Mu)    :   -374086.05233 kcal/mol
 Total mean interaction energy in the mix          :       -13.58440 kcal/mol
 Misfit interaction energy in the mix              :         2.97800 kcal/mol
 H-Bond interaction energy in the mix              :        -9.95607 kcal/mol
 VdW interaction energy in the mix                 :        -6.60633 kcal/mol
 Normalized weight factor of molecule in compound  :         1.00000
 Normalized weight factor of molecule in gas phase :         1.00000



 Note: Compound properties are tabulated in /media/nastya/storage/Project_nastya/mu_CA_05/PEDCQBHIVMGVHV-UHFFFAOYSA-N_XWBDWHCCBGMXKG-UHFFFAOYSA-N.tab
----------------
 END job       1
----------------
