 -----------------------------------------------------------
 BIOVIA COSMOtherm Version 2019 (build: 19.0.5 [65f0de1d5f])
 -----------------------------------------------------------

 Copyright (C) 1999-2019, Dassault Systemes BIOVIA corp, all rights reserved

 Job name   : !! generated by COSMOthermX !!
 Job date   : 10/20/2021
 Job time   : 17:31:49
 Hostname   : unknown
 OS type    : unknown
 Executable : Linux 64-bit

 Reading COSMOtherm parameter file BP_TZVP_C30_1701.ctd from directory /home/nastya/COSMOlogic/COSMOthermX19/COSMOtherm/CTDATA-FILES/OLDPARAM/
 Info: # COSMOtherm parameter file ./BP_TZVP_C30_1701.ctd for BP-TZVP optimized COSMO files                                                                  

 Reading COSMOtherm license key license.txt from directory /home/nastya/COSMOlogic/COSMOthermX19/licensefiles/

 COSMOtherm license key expiration date 01/16/2022
 COSMOtherm license key version 19.0
 Customer : TU Delft, Faculty of Applied Sciences
 ID       : 107270

 License keys:
  product                   |    licensed version    | status
 ------------------------------------------------------------------------------ 
  COSMOtherm                |          19.0          | active
  TURBOMOLE                 |          7.3           | active
 ------------------------------------------------------------------------------ 
 
 Note: Vapor pressure / property file could not be found for compound 1
 Reading COSMO information for compound 1 conformer 1 from file /media/nastya/storage/Project_nastya/cosmo/SPALIFXDWQTXKS-UHFFFAOYSA-M.cosmo
 Note: Gas phase energy file could not be found for compound 1 conformer 1
 Note: converting Gaussian COSMO-file information of compound 1 conformer 1
 
 Note: Vapor pressure / property file could not be found for compound 2
 Reading COSMO information for compound 2 conformer 1 from file /media/nastya/storage/Project_nastya/cosmo/KDYFGRWQOYBRFD-UHFFFAOYSA-N.cosmo
 Note: Gas phase energy file could not be found for compound 2 conformer 1
 Note: converting Gaussian COSMO-file information of compound 2 conformer 1


 --- Compound 1 (SPALIFXDWQTXKS-UHFFFAOYSA-M) ---

 Compound Information for compound 1 conformer 1 (COSMO file /media/nastya/storage/Project_nastya/cosmo/SPALIFXDWQTXKS-UHFFFAOYSA-M.cosmo)
 Atomic weights         : 111111111111111111111111111111111111111111111111111111111111111111
 E_COSMO+dE             :   -2144885.6217 kcal/mol
 E_gas                  :   -2144858.9979 kcal/mol
 E_COSMO-E_gas+dE       :        -26.6238 kcal/mol
 E_diel                 :        -38.9629 kcal/mol
 Averaging corr dE      :          0.6502 kcal/mol
 Area                   :        412.2863 A^2
 Volume                 :        515.4850 A^3
 Molecular Weight       :        378.4761 a.m.u.
 Total COSMO charge     :          0.0035 a.u.
 Dipole moment (t,x,y,z):         19.0657 -1.35E+01  1.10E+01  7.716158 Debye                            
 Sigma moments (1-6)    :          0.0000  1.55E+02  1.53E+02  3.08E+02  4.60E+02  8.04E+02              
 H-bond moment (accept) :         16.6850
 H-bond moment (donor)  :          0.0314
 
 WARNING: QM computation level of compound 1 conformer 1 could not be determined - it may differ from the QM level of the parameter set.
 No gas phase energy for compound 1 conformer 1 specified, thus it will be estimated


 --- Compound 2 (KDYFGRWQOYBRFD-UHFFFAOYSA-N) ---

 Compound Information for compound 2 conformer 1 (COSMO file /media/nastya/storage/Project_nastya/cosmo/KDYFGRWQOYBRFD-UHFFFAOYSA-N.cosmo)
 Atomic weights         : 11111111111111
 E_COSMO+dE             :    -286881.8489 kcal/mol
 E_gas                  :    -286871.4579 kcal/mol
 E_COSMO-E_gas+dE       :        -10.3910 kcal/mol
 E_diel                 :        -14.7988 kcal/mol
 Averaging corr dE      :          1.0341 kcal/mol
 Area                   :        145.2771 A^2
 Volume                 :        133.8377 A^3
 Molecular Weight       :        118.0885 a.m.u.
 Total COSMO charge     :          0.0037 a.u.
 Dipole moment (t,x,y,z):          0.0066  0.001456 -0.000970  0.006406 Debye                            
 Sigma moments (1-6)    :          0.0000  1.20E+02 -2.07E+01  2.15E+02 -1.42E+02  5.36E+02              
 H-bond moment (accept) :          2.2281
 H-bond moment (donor)  :          6.7957
 
 WARNING: QM computation level of compound 2 conformer 1 could not be determined - it may differ from the QM level of the parameter set.
 No gas phase energy for compound 2 conformer 1 specified, thus it will be estimated


 Total number of processed compounds:    2


----------------
 START job     1
----------------


 Results for mixture 1
 ---------------------
 Temperature          :    298.000 K
 Compound Nr.         :         1         2
 Compound             : SPALIFXDW KDYFGRWQO
 Mole Fraction        :    0.5000    0.5000

 Compound: 1  (SPALIFXDWQTXKS-UHFFFAOYSA-M)
 Chemical potential of the compound in the mixture :        -4.47323 kcal/mol
 Log10(partial pressure [mbar])                    :       -15.23135
 Free energy of molecule in mix (E_COSMO+dE+Mu)    :  -2144890.09490 kcal/mol
 Total mean interaction energy in the mix (H_int)  :       -20.10828 kcal/mol
 Misfit interaction energy in the mix (H_MF)       :         7.80573 kcal/mol
 H-Bond interaction energy in the mix (H_HB)       :        -7.37625 kcal/mol
 VdW interaction energy in the mix (H_vdW)         :       -20.53776 kcal/mol

 Compound: 2  (KDYFGRWQOYBRFD-UHFFFAOYSA-N)
 Chemical potential of the compound in the mixture :        -4.20647 kcal/mol
 Log10(partial pressure [mbar])                    :        -3.13101
 Free energy of molecule in mix (E_COSMO+dE+Mu)    :   -286886.05536 kcal/mol
 Total mean interaction energy in the mix (H_int)  :       -11.11282 kcal/mol
 Misfit interaction energy in the mix (H_MF)       :         2.71544 kcal/mol
 H-Bond interaction energy in the mix (H_HB)       :        -7.53811 kcal/mol
 VdW interaction energy in the mix (H_vdW)         :        -6.29016 kcal/mol



 Compound: 1 Conformer: 1 (SPALIFXDWQTXKS-UHFFFAOYSA-M)
 Chemical potential of the molecule in the mixture :        -4.47323 kcal/mol
 Log10(partial pressure [mbar])                    :       -15.23135
 Free energy of molecule in mix (E_COSMO+dE+Mu)    :  -2144890.09490 kcal/mol
 Total mean interaction energy in the mix          :       -20.10828 kcal/mol
 Misfit interaction energy in the mix              :         7.80573 kcal/mol
 H-Bond interaction energy in the mix              :        -7.37625 kcal/mol
 VdW interaction energy in the mix                 :       -20.53776 kcal/mol
 Normalized weight factor of molecule in compound  :         1.00000
 Normalized weight factor of molecule in gas phase :         1.00000

 Compound: 2 Conformer: 1 (KDYFGRWQOYBRFD-UHFFFAOYSA-N)
 Chemical potential of the molecule in the mixture :        -4.20647 kcal/mol
 Log10(partial pressure [mbar])                    :        -3.13101
 Free energy of molecule in mix (E_COSMO+dE+Mu)    :   -286886.05536 kcal/mol
 Total mean interaction energy in the mix          :       -11.11282 kcal/mol
 Misfit interaction energy in the mix              :         2.71544 kcal/mol
 H-Bond interaction energy in the mix              :        -7.53811 kcal/mol
 VdW interaction energy in the mix                 :        -6.29016 kcal/mol
 Normalized weight factor of molecule in compound  :         1.00000
 Normalized weight factor of molecule in gas phase :         1.00000



 Note: Compound properties are tabulated in /media/nastya/storage/Project_nastya/mu_CA_05/SPALIFXDWQTXKS-UHFFFAOYSA-M_KDYFGRWQOYBRFD-UHFFFAOYSA-N.tab
----------------
 END job       1
----------------
