 -----------------------------------------------------------
 BIOVIA COSMOtherm Version 2019 (build: 19.0.5 [65f0de1d5f])
 -----------------------------------------------------------

 Copyright (C) 1999-2019, Dassault Systemes BIOVIA corp, all rights reserved

 Job name   : !! generated by COSMOthermX !!
 Job date   : 10/20/2021
 Job time   : 17:31:49
 Hostname   : unknown
 OS type    : unknown
 Executable : Linux 64-bit

 Reading COSMOtherm parameter file BP_TZVP_C30_1701.ctd from directory /home/nastya/COSMOlogic/COSMOthermX19/COSMOtherm/CTDATA-FILES/OLDPARAM/
 Info: # COSMOtherm parameter file ./BP_TZVP_C30_1701.ctd for BP-TZVP optimized COSMO files                                                                  

 Reading COSMOtherm license key license.txt from directory /home/nastya/COSMOlogic/COSMOthermX19/licensefiles/

 COSMOtherm license key expiration date 01/16/2022
 COSMOtherm license key version 19.0
 Customer : TU Delft, Faculty of Applied Sciences
 ID       : 107270

 License keys:
  product                   |    licensed version    | status
 ------------------------------------------------------------------------------ 
  COSMOtherm                |          19.0          | active
  TURBOMOLE                 |          7.3           | active
 ------------------------------------------------------------------------------ 
 
 Note: Vapor pressure / property file could not be found for compound 1
 Reading COSMO information for compound 1 conformer 1 from file /media/nastya/storage/Project_nastya/cosmo/SYZCZDCAEVUSPM-UHFFFAOYSA-M.cosmo
 Note: Gas phase energy file could not be found for compound 1 conformer 1
 Note: converting Gaussian COSMO-file information of compound 1 conformer 1
 
 Note: Vapor pressure / property file could not be found for compound 2
 Reading COSMO information for compound 2 conformer 1 from file /media/nastya/storage/Project_nastya/cosmo/WNLRTRBMVRJNCN-UHFFFAOYSA-N.cosmo
 Note: Gas phase energy file could not be found for compound 2 conformer 1
 Note: converting Gaussian COSMO-file information of compound 2 conformer 1


 --- Compound 1 (SYZCZDCAEVUSPM-UHFFFAOYSA-M) ---

 Compound Information for compound 1 conformer 1 (COSMO file /media/nastya/storage/Project_nastya/cosmo/SYZCZDCAEVUSPM-UHFFFAOYSA-M.cosmo)
 Atomic weights         : 11111111111111111111111111111111111111111111111111111111111111111111111111111 ...
 E_COSMO+dE             :   -2243586.2085 kcal/mol
 E_gas                  :   -2243559.0733 kcal/mol
 E_COSMO-E_gas+dE       :        -27.1352 kcal/mol
 E_diel                 :        -39.7325 kcal/mol
 Averaging corr dE      :          0.6776 kcal/mol
 Area                   :        454.2464 A^2
 Volume                 :        596.8976 A^3
 Molecular Weight       :        434.5828 a.m.u.
 Total COSMO charge     :          0.0068 a.u.
 Dipole moment (t,x,y,z):         19.2757  1.18E+01  7.511114 -1.32E+01 Debye                            
 Sigma moments (1-6)    :          0.0000  1.66E+02  1.62E+02  3.45E+02  5.15E+02  9.51E+02              
 H-bond moment (accept) :         18.1225
 H-bond moment (donor)  :          0.2876
 
 WARNING: QM computation level of compound 1 conformer 1 could not be determined - it may differ from the QM level of the parameter set.
 No gas phase energy for compound 1 conformer 1 specified, thus it will be estimated


 --- Compound 2 (WNLRTRBMVRJNCN-UHFFFAOYSA-N) ---

 Compound Information for compound 2 conformer 1 (COSMO file /media/nastya/storage/Project_nastya/cosmo/WNLRTRBMVRJNCN-UHFFFAOYSA-N.cosmo)
 Atomic weights         : 11111111111111111111
 E_COSMO+dE             :    -336234.6557 kcal/mol
 E_gas                  :    -336223.1979 kcal/mol
 E_COSMO-E_gas+dE       :        -11.4577 kcal/mol
 E_diel                 :        -16.3564 kcal/mol
 Averaging corr dE      :          0.9890 kcal/mol
 Area                   :        185.1343 A^2
 Volume                 :        178.4675 A^3
 Molecular Weight       :        146.1419 a.m.u.
 Total COSMO charge     :          0.0025 a.u.
 Dipole moment (t,x,y,z):          3.1945 -1.169478 -2.792021 -1.020711 Debye                            
 Sigma moments (1-6)    :          0.0000  1.24E+02 -1.999725  2.19E+02 -9.54E+01  5.33E+02              
 H-bond moment (accept) :          3.2553
 H-bond moment (donor)  :          6.3676
 
 WARNING: QM computation level of compound 2 conformer 1 could not be determined - it may differ from the QM level of the parameter set.
 No gas phase energy for compound 2 conformer 1 specified, thus it will be estimated


 Total number of processed compounds:    2


----------------
 START job     1
----------------


 Results for mixture 1
 ---------------------
 Temperature          :    298.000 K
 Compound Nr.         :         1         2
 Compound             : SYZCZDCAE WNLRTRBMV
 Mole Fraction        :    0.5000    0.5000

 Compound: 1  (SYZCZDCAEVUSPM-UHFFFAOYSA-M)
 Chemical potential of the compound in the mixture :        -5.29789 kcal/mol
 Log10(partial pressure [mbar])                    :       -16.21119
 Free energy of molecule in mix (E_COSMO+dE+Mu)    :  -2243591.50638 kcal/mol
 Total mean interaction energy in the mix (H_int)  :       -22.05344 kcal/mol
 Misfit interaction energy in the mix (H_MF)       :         8.41419 kcal/mol
 H-Bond interaction energy in the mix (H_HB)       :        -7.78573 kcal/mol
 VdW interaction energy in the mix (H_vdW)         :       -22.68190 kcal/mol

 Compound: 2  (WNLRTRBMVRJNCN-UHFFFAOYSA-N)
 Chemical potential of the compound in the mixture :        -4.53001 kcal/mol
 Log10(partial pressure [mbar])                    :        -4.15059
 Free energy of molecule in mix (E_COSMO+dE+Mu)    :   -336239.18568 kcal/mol
 Total mean interaction energy in the mix (H_int)  :       -12.37959 kcal/mol
 Misfit interaction energy in the mix (H_MF)       :         3.56609 kcal/mol
 H-Bond interaction energy in the mix (H_HB)       :        -7.68209 kcal/mol
 VdW interaction energy in the mix (H_vdW)         :        -8.26360 kcal/mol



 Compound: 1 Conformer: 1 (SYZCZDCAEVUSPM-UHFFFAOYSA-M)
 Chemical potential of the molecule in the mixture :        -5.29789 kcal/mol
 Log10(partial pressure [mbar])                    :       -16.21119
 Free energy of molecule in mix (E_COSMO+dE+Mu)    :  -2243591.50638 kcal/mol
 Total mean interaction energy in the mix          :       -22.05344 kcal/mol
 Misfit interaction energy in the mix              :         8.41419 kcal/mol
 H-Bond interaction energy in the mix              :        -7.78573 kcal/mol
 VdW interaction energy in the mix                 :       -22.68190 kcal/mol
 Normalized weight factor of molecule in compound  :         1.00000
 Normalized weight factor of molecule in gas phase :         1.00000

 Compound: 2 Conformer: 1 (WNLRTRBMVRJNCN-UHFFFAOYSA-N)
 Chemical potential of the molecule in the mixture :        -4.53001 kcal/mol
 Log10(partial pressure [mbar])                    :        -4.15059
 Free energy of molecule in mix (E_COSMO+dE+Mu)    :   -336239.18568 kcal/mol
 Total mean interaction energy in the mix          :       -12.37959 kcal/mol
 Misfit interaction energy in the mix              :         3.56609 kcal/mol
 H-Bond interaction energy in the mix              :        -7.68209 kcal/mol
 VdW interaction energy in the mix                 :        -8.26360 kcal/mol
 Normalized weight factor of molecule in compound  :         1.00000
 Normalized weight factor of molecule in gas phase :         1.00000



 Note: Compound properties are tabulated in /media/nastya/storage/Project_nastya/mu_CA_05/SYZCZDCAEVUSPM-UHFFFAOYSA-M_WNLRTRBMVRJNCN-UHFFFAOYSA-N.tab
----------------
 END job       1
----------------
