 -----------------------------------------------------------
 BIOVIA COSMOtherm Version 2019 (build: 19.0.5 [65f0de1d5f])
 -----------------------------------------------------------

 Copyright (C) 1999-2019, Dassault Systemes BIOVIA corp, all rights reserved

 Job name   : !! generated by COSMOthermX !!
 Job date   : 10/20/2021
 Job time   : 17:32:26
 Hostname   : unknown
 OS type    : unknown
 Executable : Linux 64-bit

 Reading COSMOtherm parameter file BP_TZVP_C30_1701.ctd from directory /home/nastya/COSMOlogic/COSMOthermX19/COSMOtherm/CTDATA-FILES/OLDPARAM/
 Info: # COSMOtherm parameter file ./BP_TZVP_C30_1701.ctd for BP-TZVP optimized COSMO files                                                                  

 Reading COSMOtherm license key license.txt from directory /home/nastya/COSMOlogic/COSMOthermX19/licensefiles/

 COSMOtherm license key expiration date 01/16/2022
 COSMOtherm license key version 19.0
 Customer : TU Delft, Faculty of Applied Sciences
 ID       : 107270

 License keys:
  product                   |    licensed version    | status
 ------------------------------------------------------------------------------ 
  COSMOtherm                |          19.0          | active
  TURBOMOLE                 |          7.3           | active
 ------------------------------------------------------------------------------ 
 
 Note: Vapor pressure / property file could not be found for compound 1
 Reading COSMO information for compound 1 conformer 1 from file /media/nastya/storage/Project_nastya/cosmo/WBYWAXJHAXSJNI-VOTSOKGWSA-N.cosmo
 Note: Gas phase energy file could not be found for compound 1 conformer 1
 Note: converting Gaussian COSMO-file information of compound 1 conformer 1
 
 Reading vapor pressure and property information for compound 2 from file /media/nastya/storage/Project_nastya/cosmo/SGMZJAMFUVOLNK-UHFFFAOYSA-M.vap
 Reading COSMO information for compound 2 conformer 1 from file /media/nastya/storage/Project_nastya/cosmo/SGMZJAMFUVOLNK-UHFFFAOYSA-M.cosmo
 Note: Gas phase energy file could not be found for compound 2 conformer 1
 Note: converting Gaussian COSMO-file information of compound 2 conformer 1


 --- Compound 1 (WBYWAXJHAXSJNI-VOTSOKGWSA-N) ---

 Compound Information for compound 1 conformer 1 (COSMO file /media/nastya/storage/Project_nastya/cosmo/WBYWAXJHAXSJNI-VOTSOKGWSA-N.cosmo)
 Atomic weights         : 1111111111111111111
 E_COSMO+dE             :    -312758.9680 kcal/mol
 E_gas                  :    -312750.7877 kcal/mol
 E_COSMO-E_gas+dE       :         -8.1803 kcal/mol
 E_diel                 :        -11.0765 kcal/mol
 Averaging corr dE      :          0.6638 kcal/mol
 Area                   :        188.6589 A^2
 Volume                 :        184.3132 A^3
 Molecular Weight       :        148.1595 a.m.u.
 Total COSMO charge     :          0.0023 a.u.
 Dipole moment (t,x,y,z):          3.7137 -3.204882 -1.876149  0.007172 Debye                            
 Sigma moments (1-6)    :          0.0000  8.26E+01 -6.820233  1.20E+02 -4.65E+01  2.72E+02              
 H-bond moment (accept) :          1.8248
 H-bond moment (donor)  :          3.1174
 
 WARNING: QM computation level of compound 1 conformer 1 could not be determined - it may differ from the QM level of the parameter set.
 No gas phase energy for compound 1 conformer 1 specified, thus it will be estimated


 --- Compound 2 (SGMZJAMFUVOLNK-UHFFFAOYSA-M) ---

 Compound Information for compound 2 conformer 1 (COSMO file /media/nastya/storage/Project_nastya/cosmo/SGMZJAMFUVOLNK-UHFFFAOYSA-M.cosmo)
 Atomic weights         : 1111111111111111111111
 E_COSMO+dE             :    -495311.0092 kcal/mol
 E_gas                  :    -495280.9240 kcal/mol
 E_COSMO-E_gas+dE       :        -30.0852 kcal/mol
 E_diel                 :        -43.9005 kcal/mol
 Averaging corr dE      :          0.6451 kcal/mol
 Area                   :        177.0496 A^2
 Volume                 :        188.1524 A^3
 Molecular Weight       :        139.6245 a.m.u.
 Total COSMO charge     :          0.0093 a.u.
 Dipole moment (t,x,y,z):         18.3247 -1.83E+01  0.122140 -1.618568 Debye                            
 Sigma moments (1-6)    :          0.0000  1.72E+02  1.20E+02  3.11E+02  3.77E+02  7.14E+02              
 H-bond moment (accept) :         15.0395
 H-bond moment (donor)  :          0.2290
 
 WARNING: QM computation level of compound 2 conformer 1 could not be determined - it may differ from the QM level of the parameter set.
 No gas phase energy for compound 2 conformer 1 specified, thus it will be estimated


 Total number of processed compounds:    2


----------------
 START job     1
----------------


 Results for mixture 1
 ---------------------
 Temperature          :    298.000 K
 Compound Nr.         :         1         2
 Compound             : WBYWAXJHA SGMZJAMFU
 Mole Fraction        :    0.5000    0.5000

 Compound: 1  (WBYWAXJHAXSJNI-VOTSOKGWSA-N)
 Chemical potential of the compound in the mixture :        -4.30777 kcal/mol
 Log10(partial pressure [mbar])                    :        -2.41534
 Free energy of molecule in mix (E_COSMO+dE+Mu)    :   -312763.27580 kcal/mol
 Total mean interaction energy in the mix (H_int)  :        -9.07806 kcal/mol
 Misfit interaction energy in the mix (H_MF)       :         3.42811 kcal/mol
 H-Bond interaction energy in the mix (H_HB)       :        -3.50614 kcal/mol
 VdW interaction energy in the mix (H_vdW)         :        -9.00003 kcal/mol

 Compound: 2  (SGMZJAMFUVOLNK-UHFFFAOYSA-M)
 Chemical potential of the compound in the mixture :         1.56869 kcal/mol
 Log10(partial pressure [mbar])                    :       -13.33887
 Free energy of molecule in mix (E_COSMO+dE+Mu)    :   -495309.44054 kcal/mol
 Total mean interaction energy in the mix (H_int)  :        -8.71140 kcal/mol
 Misfit interaction energy in the mix (H_MF)       :         4.86362 kcal/mol
 H-Bond interaction energy in the mix (H_HB)       :        -4.83794 kcal/mol
 VdW interaction energy in the mix (H_vdW)         :        -8.73708 kcal/mol



 Compound: 1 Conformer: 1 (WBYWAXJHAXSJNI-VOTSOKGWSA-N)
 Chemical potential of the molecule in the mixture :        -4.30777 kcal/mol
 Log10(partial pressure [mbar])                    :        -2.41534
 Free energy of molecule in mix (E_COSMO+dE+Mu)    :   -312763.27580 kcal/mol
 Total mean interaction energy in the mix          :        -9.07806 kcal/mol
 Misfit interaction energy in the mix              :         3.42811 kcal/mol
 H-Bond interaction energy in the mix              :        -3.50614 kcal/mol
 VdW interaction energy in the mix                 :        -9.00003 kcal/mol
 Normalized weight factor of molecule in compound  :         1.00000
 Normalized weight factor of molecule in gas phase :         1.00000

 Compound: 2 Conformer: 1 (SGMZJAMFUVOLNK-UHFFFAOYSA-M)
 Chemical potential of the molecule in the mixture :         1.56869 kcal/mol
 Log10(partial pressure [mbar])                    :       -13.33887
 Free energy of molecule in mix (E_COSMO+dE+Mu)    :   -495309.44054 kcal/mol
 Total mean interaction energy in the mix          :        -8.71140 kcal/mol
 Misfit interaction energy in the mix              :         4.86362 kcal/mol
 H-Bond interaction energy in the mix              :        -4.83794 kcal/mol
 VdW interaction energy in the mix                 :        -8.73708 kcal/mol
 Normalized weight factor of molecule in compound  :         1.00000
 Normalized weight factor of molecule in gas phase :         1.00000



 Note: Compound properties are tabulated in /media/nastya/storage/Project_nastya/mu_CA_05/WBYWAXJHAXSJNI-VOTSOKGWSA-N_SGMZJAMFUVOLNK-UHFFFAOYSA-M.tab
----------------
 END job       1
----------------
