 -----------------------------------------------------------
 BIOVIA COSMOtherm Version 2019 (build: 19.0.5 [65f0de1d5f])
 -----------------------------------------------------------

 Copyright (C) 1999-2019, Dassault Systemes BIOVIA corp, all rights reserved

 Job name   : !! generated by COSMOthermX !!
 Job date   : 10/20/2021
 Job time   : 17:31:34
 Hostname   : unknown
 OS type    : unknown
 Executable : Linux 64-bit

 Reading COSMOtherm parameter file BP_TZVP_C30_1701.ctd from directory /home/nastya/COSMOlogic/COSMOthermX19/COSMOtherm/CTDATA-FILES/OLDPARAM/
 Info: # COSMOtherm parameter file ./BP_TZVP_C30_1701.ctd for BP-TZVP optimized COSMO files                                                                  

 Reading COSMOtherm license key license.txt from directory /home/nastya/COSMOlogic/COSMOthermX19/licensefiles/

 COSMOtherm license key expiration date 01/16/2022
 COSMOtherm license key version 19.0
 Customer : TU Delft, Faculty of Applied Sciences
 ID       : 107270

 License keys:
  product                   |    licensed version    | status
 ------------------------------------------------------------------------------ 
  COSMOtherm                |          19.0          | active
  TURBOMOLE                 |          7.3           | active
 ------------------------------------------------------------------------------ 
 
 Note: Vapor pressure / property file could not be found for compound 1
 Reading COSMO information for compound 1 conformer 1 from file /media/nastya/storage/Project_nastya/cosmo/WEEGYLXZBRQIMU-UHFFFAOYSA-N.cosmo
 Note: Gas phase energy file could not be found for compound 1 conformer 1
 Note: converting Gaussian COSMO-file information of compound 1 conformer 1
 
 Note: Vapor pressure / property file could not be found for compound 2
 Reading COSMO information for compound 2 conformer 1 from file /media/nastya/storage/Project_nastya/cosmo/HEFNNWSXXWATRW-UHFFFAOYSA-N.cosmo
 Note: Gas phase energy file could not be found for compound 2 conformer 1
 Note: converting Gaussian COSMO-file information of compound 2 conformer 1


 --- Compound 1 (WEEGYLXZBRQIMU-UHFFFAOYSA-N) ---

 Compound Information for compound 1 conformer 1 (COSMO file /media/nastya/storage/Project_nastya/cosmo/WEEGYLXZBRQIMU-UHFFFAOYSA-N.cosmo)
 Atomic weights         : 11111111111111111111111111111
 E_COSMO+dE             :    -293222.4045 kcal/mol
 E_gas                  :    -293218.8725 kcal/mol
 E_COSMO-E_gas+dE       :         -3.5320 kcal/mol
 E_diel                 :         -4.5480 kcal/mol
 Averaging corr dE      :          0.3101 kcal/mol
 Area                   :        191.8016 A^2
 Volume                 :        213.2661 A^3
 Molecular Weight       :        154.2503 a.m.u.
 Total COSMO charge     :         -0.0052 a.u.
 Dipole moment (t,x,y,z):          2.4902  0.067306  2.489191  0.026687 Debye                            
 Sigma moments (1-6)    :          0.0000  3.24E+01  2.97E+01  5.07E+01  8.03E+01  1.35E+02              
 H-bond moment (accept) :          2.5367
 H-bond moment (donor)  :          0.0000
 
 WARNING: QM computation level of compound 1 conformer 1 could not be determined - it may differ from the QM level of the parameter set.
 No gas phase energy for compound 1 conformer 1 specified, thus it will be estimated


 --- Compound 2 (HEFNNWSXXWATRW-UHFFFAOYSA-N) ---

 Compound Information for compound 2 conformer 1 (COSMO file /media/nastya/storage/Project_nastya/cosmo/HEFNNWSXXWATRW-UHFFFAOYSA-N.cosmo)
 Atomic weights         : 111111111111111111111111111111111
 E_COSMO+dE             :    -412229.3612 kcal/mol
 E_gas                  :    -412221.4418 kcal/mol
 E_COSMO-E_gas+dE       :         -7.9194 kcal/mol
 E_diel                 :        -10.6830 kcal/mol
 Averaging corr dE      :          0.6404 kcal/mol
 Area                   :        256.5874 A^2
 Volume                 :        279.8755 A^3
 Molecular Weight       :        206.2820 a.m.u.
 Total COSMO charge     :         -0.0027 a.u.
 Dipole moment (t,x,y,z):          2.5554  1.065317 -1.104739  2.043154 Debye                            
 Sigma moments (1-6)    :          0.0000  7.86E+01 -3.156244  1.12E+02 -5.20E+01  2.69E+02              
 H-bond moment (accept) :          1.6159
 H-bond moment (donor)  :          3.2289
 
 WARNING: QM computation level of compound 2 conformer 1 could not be determined - it may differ from the QM level of the parameter set.
 No gas phase energy for compound 2 conformer 1 specified, thus it will be estimated


 Total number of processed compounds:    2


----------------
 START job     1
----------------


 Results for mixture 1
 ---------------------
 Temperature          :    298.000 K
 Compound Nr.         :         1         2
 Compound             : WEEGYLXZB HEFNNWSXX
 Mole Fraction        :    0.5000    0.5000

 Compound: 1  (WEEGYLXZBRQIMU-UHFFFAOYSA-N)
 Chemical potential of the compound in the mixture :        -5.94914 kcal/mol
 Log10(partial pressure [mbar])                    :        -0.48723
 Free energy of molecule in mix (E_COSMO+dE+Mu)    :   -293228.35363 kcal/mol
 Total mean interaction energy in the mix (H_int)  :        -9.66600 kcal/mol
 Misfit interaction energy in the mix (H_MF)       :         1.59535 kcal/mol
 H-Bond interaction energy in the mix (H_HB)       :        -1.89409 kcal/mol
 VdW interaction energy in the mix (H_vdW)         :        -9.36725 kcal/mol

 Compound: 2  (HEFNNWSXXWATRW-UHFFFAOYSA-N)
 Chemical potential of the compound in the mixture :        -5.80419 kcal/mol
 Log10(partial pressure [mbar])                    :        -3.32143
 Free energy of molecule in mix (E_COSMO+dE+Mu)    :   -412235.16539 kcal/mol
 Total mean interaction energy in the mix (H_int)  :       -12.77173 kcal/mol
 Misfit interaction energy in the mix (H_MF)       :         2.81253 kcal/mol
 H-Bond interaction energy in the mix (H_HB)       :        -3.45532 kcal/mol
 VdW interaction energy in the mix (H_vdW)         :       -12.12894 kcal/mol



 Compound: 1 Conformer: 1 (WEEGYLXZBRQIMU-UHFFFAOYSA-N)
 Chemical potential of the molecule in the mixture :        -5.94914 kcal/mol
 Log10(partial pressure [mbar])                    :        -0.48723
 Free energy of molecule in mix (E_COSMO+dE+Mu)    :   -293228.35363 kcal/mol
 Total mean interaction energy in the mix          :        -9.66600 kcal/mol
 Misfit interaction energy in the mix              :         1.59535 kcal/mol
 H-Bond interaction energy in the mix              :        -1.89409 kcal/mol
 VdW interaction energy in the mix                 :        -9.36725 kcal/mol
 Normalized weight factor of molecule in compound  :         1.00000
 Normalized weight factor of molecule in gas phase :         1.00000

 Compound: 2 Conformer: 1 (HEFNNWSXXWATRW-UHFFFAOYSA-N)
 Chemical potential of the molecule in the mixture :        -5.80419 kcal/mol
 Log10(partial pressure [mbar])                    :        -3.32143
 Free energy of molecule in mix (E_COSMO+dE+Mu)    :   -412235.16539 kcal/mol
 Total mean interaction energy in the mix          :       -12.77173 kcal/mol
 Misfit interaction energy in the mix              :         2.81253 kcal/mol
 H-Bond interaction energy in the mix              :        -3.45532 kcal/mol
 VdW interaction energy in the mix                 :       -12.12894 kcal/mol
 Normalized weight factor of molecule in compound  :         1.00000
 Normalized weight factor of molecule in gas phase :         1.00000



 Note: Compound properties are tabulated in /media/nastya/storage/Project_nastya/mu_CA_05/WEEGYLXZBRQIMU-UHFFFAOYSA-N_HEFNNWSXXWATRW-UHFFFAOYSA-N.tab
----------------
 END job       1
----------------
