 -----------------------------------------------------------
 BIOVIA COSMOtherm Version 2019 (build: 19.0.5 [65f0de1d5f])
 -----------------------------------------------------------

 Copyright (C) 1999-2019, Dassault Systemes BIOVIA corp, all rights reserved

 Job name   : !! generated by COSMOthermX !!
 Job date   : 10/20/2021
 Job time   : 17:32:31
 Hostname   : unknown
 OS type    : unknown
 Executable : Linux 64-bit

 Reading COSMOtherm parameter file BP_TZVP_C30_1701.ctd from directory /home/nastya/COSMOlogic/COSMOthermX19/COSMOtherm/CTDATA-FILES/OLDPARAM/
 Info: # COSMOtherm parameter file ./BP_TZVP_C30_1701.ctd for BP-TZVP optimized COSMO files                                                                  

 Reading COSMOtherm license key license.txt from directory /home/nastya/COSMOlogic/COSMOthermX19/licensefiles/

 COSMOtherm license key expiration date 01/16/2022
 COSMOtherm license key version 19.0
 Customer : TU Delft, Faculty of Applied Sciences
 ID       : 107270

 License keys:
  product                   |    licensed version    | status
 ------------------------------------------------------------------------------ 
  COSMOtherm                |          19.0          | active
  TURBOMOLE                 |          7.3           | active
 ------------------------------------------------------------------------------ 
 
 Note: Vapor pressure / property file could not be found for compound 1
 Reading COSMO information for compound 1 conformer 1 from file /media/nastya/storage/Project_nastya/cosmo/WNLRTRBMVRJNCN-UHFFFAOYSA-N.cosmo
 Note: Gas phase energy file could not be found for compound 1 conformer 1
 Note: converting Gaussian COSMO-file information of compound 1 conformer 1
 
 Note: Vapor pressure / property file could not be found for compound 2
 Reading COSMO information for compound 2 conformer 1 from file /media/nastya/storage/Project_nastya/cosmo/HWCKGOZZJDHMNC-UHFFFAOYSA-M.cosmo
 Note: Gas phase energy file could not be found for compound 2 conformer 1
 Note: converting Gaussian COSMO-file information of compound 2 conformer 1


 --- Compound 1 (WNLRTRBMVRJNCN-UHFFFAOYSA-N) ---

 Compound Information for compound 1 conformer 1 (COSMO file /media/nastya/storage/Project_nastya/cosmo/WNLRTRBMVRJNCN-UHFFFAOYSA-N.cosmo)
 Atomic weights         : 11111111111111111111
 E_COSMO+dE             :    -336234.6557 kcal/mol
 E_gas                  :    -336223.1979 kcal/mol
 E_COSMO-E_gas+dE       :        -11.4577 kcal/mol
 E_diel                 :        -16.3564 kcal/mol
 Averaging corr dE      :          0.9890 kcal/mol
 Area                   :        185.1343 A^2
 Volume                 :        178.4675 A^3
 Molecular Weight       :        146.1419 a.m.u.
 Total COSMO charge     :          0.0025 a.u.
 Dipole moment (t,x,y,z):          3.1945 -1.169478 -2.792021 -1.020711 Debye                            
 Sigma moments (1-6)    :          0.0000  1.24E+02 -1.999725  2.19E+02 -9.54E+01  5.33E+02              
 H-bond moment (accept) :          3.2553
 H-bond moment (donor)  :          6.3676
 
 WARNING: QM computation level of compound 1 conformer 1 could not be determined - it may differ from the QM level of the parameter set.
 No gas phase energy for compound 1 conformer 1 specified, thus it will be estimated


 --- Compound 2 (HWCKGOZZJDHMNC-UHFFFAOYSA-M) ---

 Compound Information for compound 2 conformer 1 (COSMO file /media/nastya/storage/Project_nastya/cosmo/HWCKGOZZJDHMNC-UHFFFAOYSA-M.cosmo)
 Atomic weights         : 111111111111111111111111111111
 E_COSMO+dE             :   -1848780.5017 kcal/mol
 E_gas                  :   -1848752.6625 kcal/mol
 E_COSMO-E_gas+dE       :        -27.8392 kcal/mol
 E_diel                 :        -40.5118 kcal/mol
 Averaging corr dE      :          0.5191 kcal/mol
 Area                   :        217.9637 A^2
 Volume                 :        246.3720 A^3
 Molecular Weight       :        210.1560 a.m.u.
 Total COSMO charge     :          0.0093 a.u.
 Dipole moment (t,x,y,z):         18.4992  1.84E+01  1.453623 -0.300269 Debye                            
 Sigma moments (1-6)    :          0.0000  1.54E+02  1.41E+02  2.94E+02  4.16E+02  7.08E+02              
 H-bond moment (accept) :         15.8609
 H-bond moment (donor)  :          0.0002
 
 WARNING: QM computation level of compound 2 conformer 1 could not be determined - it may differ from the QM level of the parameter set.
 No gas phase energy for compound 2 conformer 1 specified, thus it will be estimated


 Total number of processed compounds:    2


----------------
 START job     1
----------------


 Results for mixture 1
 ---------------------
 Temperature          :    298.000 K
 Compound Nr.         :         1         2
 Compound             : WNLRTRBMV HWCKGOZZJ
 Mole Fraction        :    0.5000    0.5000

 Compound: 1  (WNLRTRBMVRJNCN-UHFFFAOYSA-N)
 Chemical potential of the compound in the mixture :        -4.51536 kcal/mol
 Log10(partial pressure [mbar])                    :        -4.13985
 Free energy of molecule in mix (E_COSMO+dE+Mu)    :   -336239.17103 kcal/mol
 Total mean interaction energy in the mix (H_int)  :       -11.26883 kcal/mol
 Misfit interaction energy in the mix (H_MF)       :         3.81867 kcal/mol
 H-Bond interaction energy in the mix (H_HB)       :        -6.93679 kcal/mol
 VdW interaction energy in the mix (H_vdW)         :        -8.15070 kcal/mol

 Compound: 2  (HWCKGOZZJDHMNC-UHFFFAOYSA-M)
 Chemical potential of the compound in the mixture :         1.16782 kcal/mol
 Log10(partial pressure [mbar])                    :       -11.98571
 Free energy of molecule in mix (E_COSMO+dE+Mu)    :  -1848779.33389 kcal/mol
 Total mean interaction energy in the mix (H_int)  :       -10.50999 kcal/mol
 Misfit interaction energy in the mix (H_MF)       :         6.80421 kcal/mol
 H-Bond interaction energy in the mix (H_HB)       :        -6.34568 kcal/mol
 VdW interaction energy in the mix (H_vdW)         :       -10.96852 kcal/mol



 Compound: 1 Conformer: 1 (WNLRTRBMVRJNCN-UHFFFAOYSA-N)
 Chemical potential of the molecule in the mixture :        -4.51536 kcal/mol
 Log10(partial pressure [mbar])                    :        -4.13985
 Free energy of molecule in mix (E_COSMO+dE+Mu)    :   -336239.17103 kcal/mol
 Total mean interaction energy in the mix          :       -11.26883 kcal/mol
 Misfit interaction energy in the mix              :         3.81867 kcal/mol
 H-Bond interaction energy in the mix              :        -6.93679 kcal/mol
 VdW interaction energy in the mix                 :        -8.15070 kcal/mol
 Normalized weight factor of molecule in compound  :         1.00000
 Normalized weight factor of molecule in gas phase :         1.00000

 Compound: 2 Conformer: 1 (HWCKGOZZJDHMNC-UHFFFAOYSA-M)
 Chemical potential of the molecule in the mixture :         1.16782 kcal/mol
 Log10(partial pressure [mbar])                    :       -11.98571
 Free energy of molecule in mix (E_COSMO+dE+Mu)    :  -1848779.33389 kcal/mol
 Total mean interaction energy in the mix          :       -10.50999 kcal/mol
 Misfit interaction energy in the mix              :         6.80421 kcal/mol
 H-Bond interaction energy in the mix              :        -6.34568 kcal/mol
 VdW interaction energy in the mix                 :       -10.96852 kcal/mol
 Normalized weight factor of molecule in compound  :         1.00000
 Normalized weight factor of molecule in gas phase :         1.00000



 Note: Compound properties are tabulated in /media/nastya/storage/Project_nastya/mu_CA_05/WNLRTRBMVRJNCN-UHFFFAOYSA-N_HWCKGOZZJDHMNC-UHFFFAOYSA-M.tab
----------------
 END job       1
----------------
