 -----------------------------------------------------------
 BIOVIA COSMOtherm Version 2019 (build: 19.0.5 [65f0de1d5f])
 -----------------------------------------------------------

 Copyright (C) 1999-2019, Dassault Systemes BIOVIA corp, all rights reserved

 Job name   : !! generated by COSMOthermX !!
 Job date   : 10/20/2021
 Job time   : 17:31:49
 Hostname   : unknown
 OS type    : unknown
 Executable : Linux 64-bit

 Reading COSMOtherm parameter file BP_TZVP_C30_1701.ctd from directory /home/nastya/COSMOlogic/COSMOthermX19/COSMOtherm/CTDATA-FILES/OLDPARAM/
 Info: # COSMOtherm parameter file ./BP_TZVP_C30_1701.ctd for BP-TZVP optimized COSMO files                                                                  

 Reading COSMOtherm license key license.txt from directory /home/nastya/COSMOlogic/COSMOthermX19/licensefiles/

 COSMOtherm license key expiration date 01/16/2022
 COSMOtherm license key version 19.0
 Customer : TU Delft, Faculty of Applied Sciences
 ID       : 107270

 License keys:
  product                   |    licensed version    | status
 ------------------------------------------------------------------------------ 
  COSMOtherm                |          19.0          | active
  TURBOMOLE                 |          7.3           | active
 ------------------------------------------------------------------------------ 
 
 Note: Vapor pressure / property file could not be found for compound 1
 Reading COSMO information for compound 1 conformer 1 from file /media/nastya/storage/Project_nastya/cosmo/WWZKQHOCKIZLMA-UHFFFAOYSA-N.cosmo
 Note: Gas phase energy file could not be found for compound 1 conformer 1
 Note: converting Gaussian COSMO-file information of compound 1 conformer 1
 
 Note: Vapor pressure / property file could not be found for compound 2
 Reading COSMO information for compound 2 conformer 1 from file /media/nastya/storage/Project_nastya/cosmo/MGSRCZKZVOBKFT-UHFFFAOYSA-N.cosmo
 Note: Gas phase energy file could not be found for compound 2 conformer 1
 Note: converting Gaussian COSMO-file information of compound 2 conformer 1


 --- Compound 1 (WWZKQHOCKIZLMA-UHFFFAOYSA-N) ---

 Compound Information for compound 1 conformer 1 (COSMO file /media/nastya/storage/Project_nastya/cosmo/WWZKQHOCKIZLMA-UHFFFAOYSA-N.cosmo)
 Atomic weights         : 11111111111111111111111111
 E_COSMO+dE             :    -291876.6847 kcal/mol
 E_gas                  :    -291870.1685 kcal/mol
 E_COSMO-E_gas+dE       :         -6.5163 kcal/mol
 E_diel                 :         -8.6800 kcal/mol
 Averaging corr dE      :          0.5620 kcal/mol
 Area                   :        210.8442 A^2
 Volume                 :        205.6622 A^3
 Molecular Weight       :        144.2123 a.m.u.
 Total COSMO charge     :         -0.0034 a.u.
 Dipole moment (t,x,y,z):          2.2928 -0.606376 -2.211132 -0.000460 Debye                            
 Sigma moments (1-6)    :          0.0000  6.65E+01  2.546047  1.10E+02 -3.82E+01  2.61E+02              
 H-bond moment (accept) :          1.7688
 H-bond moment (donor)  :          3.0695
 
 WARNING: QM computation level of compound 1 conformer 1 could not be determined - it may differ from the QM level of the parameter set.
 No gas phase energy for compound 1 conformer 1 specified, thus it will be estimated


 --- Compound 2 (MGSRCZKZVOBKFT-UHFFFAOYSA-N) ---

 Compound Information for compound 2 conformer 1 (COSMO file /media/nastya/storage/Project_nastya/cosmo/MGSRCZKZVOBKFT-UHFFFAOYSA-N.cosmo)
 Atomic weights         : 1111111111111111111111111
 E_COSMO+dE             :    -291719.1309 kcal/mol
 E_gas                  :    -291713.3117 kcal/mol
 E_COSMO-E_gas+dE       :         -5.8192 kcal/mol
 E_diel                 :         -7.6961 kcal/mol
 Averaging corr dE      :          0.5105 kcal/mol
 Area                   :        201.8830 A^2
 Volume                 :        208.9508 A^3
 Molecular Weight       :        150.2185 a.m.u.
 Total COSMO charge     :         -0.0033 a.u.
 Dipole moment (t,x,y,z):          1.8596  1.664018  0.828380  0.055557 Debye                            
 Sigma moments (1-6)    :          0.0000  5.76E+01 -1.68E+01  7.54E+01 -6.93E+01  1.75E+02              
 H-bond moment (accept) :          0.3685
 H-bond moment (donor)  :          2.7955
 
 WARNING: QM computation level of compound 2 conformer 1 could not be determined - it may differ from the QM level of the parameter set.
 No gas phase energy for compound 2 conformer 1 specified, thus it will be estimated


 Total number of processed compounds:    2


----------------
 START job     1
----------------


 Results for mixture 1
 ---------------------
 Temperature          :    298.000 K
 Compound Nr.         :         1         2
 Compound             : WWZKQHOCK MGSRCZKZV
 Mole Fraction        :    0.5000    0.5000

 Compound: 1  (WWZKQHOCKIZLMA-UHFFFAOYSA-N)
 Chemical potential of the compound in the mixture :        -5.03500 kcal/mol
 Log10(partial pressure [mbar])                    :        -0.89699
 Free energy of molecule in mix (E_COSMO+dE+Mu)    :   -291881.71975 kcal/mol
 Total mean interaction energy in the mix (H_int)  :       -11.35255 kcal/mol
 Misfit interaction energy in the mix (H_MF)       :         2.14270 kcal/mol
 H-Bond interaction energy in the mix (H_HB)       :        -3.65252 kcal/mol
 VdW interaction energy in the mix (H_vdW)         :        -9.84273 kcal/mol

 Compound: 2  (MGSRCZKZVOBKFT-UHFFFAOYSA-N)
 Chemical potential of the compound in the mixture :        -4.70689 kcal/mol
 Log10(partial pressure [mbar])                    :        -0.97646
 Free energy of molecule in mix (E_COSMO+dE+Mu)    :   -291723.83777 kcal/mol
 Total mean interaction energy in the mix (H_int)  :        -8.97925 kcal/mol
 Misfit interaction energy in the mix (H_MF)       :         2.22003 kcal/mol
 H-Bond interaction energy in the mix (H_HB)       :        -1.59344 kcal/mol
 VdW interaction energy in the mix (H_vdW)         :        -9.60584 kcal/mol



 Compound: 1 Conformer: 1 (WWZKQHOCKIZLMA-UHFFFAOYSA-N)
 Chemical potential of the molecule in the mixture :        -5.03500 kcal/mol
 Log10(partial pressure [mbar])                    :        -0.89699
 Free energy of molecule in mix (E_COSMO+dE+Mu)    :   -291881.71975 kcal/mol
 Total mean interaction energy in the mix          :       -11.35255 kcal/mol
 Misfit interaction energy in the mix              :         2.14270 kcal/mol
 H-Bond interaction energy in the mix              :        -3.65252 kcal/mol
 VdW interaction energy in the mix                 :        -9.84273 kcal/mol
 Normalized weight factor of molecule in compound  :         1.00000
 Normalized weight factor of molecule in gas phase :         1.00000

 Compound: 2 Conformer: 1 (MGSRCZKZVOBKFT-UHFFFAOYSA-N)
 Chemical potential of the molecule in the mixture :        -4.70689 kcal/mol
 Log10(partial pressure [mbar])                    :        -0.97646
 Free energy of molecule in mix (E_COSMO+dE+Mu)    :   -291723.83777 kcal/mol
 Total mean interaction energy in the mix          :        -8.97925 kcal/mol
 Misfit interaction energy in the mix              :         2.22003 kcal/mol
 H-Bond interaction energy in the mix              :        -1.59344 kcal/mol
 VdW interaction energy in the mix                 :        -9.60584 kcal/mol
 Normalized weight factor of molecule in compound  :         1.00000
 Normalized weight factor of molecule in gas phase :         1.00000



 Note: Compound properties are tabulated in /media/nastya/storage/Project_nastya/mu_CA_05/WWZKQHOCKIZLMA-UHFFFAOYSA-N_MGSRCZKZVOBKFT-UHFFFAOYSA-N.tab
----------------
 END job       1
----------------
