 -----------------------------------------------------------
 BIOVIA COSMOtherm Version 2019 (build: 19.0.5 [65f0de1d5f])
 -----------------------------------------------------------

 Copyright (C) 1999-2019, Dassault Systemes BIOVIA corp, all rights reserved

 Job name   : !! generated by COSMOthermX !!
 Job date   : 10/20/2021
 Job time   : 17:32:20
 Hostname   : unknown
 OS type    : unknown
 Executable : Linux 64-bit

 Reading COSMOtherm parameter file BP_TZVP_C30_1701.ctd from directory /home/nastya/COSMOlogic/COSMOthermX19/COSMOtherm/CTDATA-FILES/OLDPARAM/
 Info: # COSMOtherm parameter file ./BP_TZVP_C30_1701.ctd for BP-TZVP optimized COSMO files                                                                  

 Reading COSMOtherm license key license.txt from directory /home/nastya/COSMOlogic/COSMOthermX19/licensefiles/

 COSMOtherm license key expiration date 01/16/2022
 COSMOtherm license key version 19.0
 Customer : TU Delft, Faculty of Applied Sciences
 ID       : 107270

 License keys:
  product                   |    licensed version    | status
 ------------------------------------------------------------------------------ 
  COSMOtherm                |          19.0          | active
  TURBOMOLE                 |          7.3           | active
 ------------------------------------------------------------------------------ 
 
 Note: Vapor pressure / property file could not be found for compound 1
 Reading COSMO information for compound 1 conformer 1 from file /media/nastya/storage/Project_nastya/cosmo/XGEGHDBEHXKFPX-UHFFFAOYSA-N.cosmo
 Note: Gas phase energy file could not be found for compound 1 conformer 1
 Note: converting Gaussian COSMO-file information of compound 1 conformer 1
 
 Note: Vapor pressure / property file could not be found for compound 2
 Reading COSMO information for compound 2 conformer 1 from file /media/nastya/storage/Project_nastya/cosmo/XWBDWHCCBGMXKG-UHFFFAOYSA-N.cosmo
 Note: Gas phase energy file could not be found for compound 2 conformer 1
 Note: converting Gaussian COSMO-file information of compound 2 conformer 1


 --- Compound 1 (XGEGHDBEHXKFPX-UHFFFAOYSA-N) ---

 Compound Information for compound 1 conformer 1 (COSMO file /media/nastya/storage/Project_nastya/cosmo/XGEGHDBEHXKFPX-UHFFFAOYSA-N.cosmo)
 Atomic weights         : 11111111111
 E_COSMO+dE             :    -166101.9606 kcal/mol
 E_gas                  :    -166089.8685 kcal/mol
 E_COSMO-E_gas+dE       :        -12.0920 kcal/mol
 E_diel                 :        -16.8525 kcal/mol
 Averaging corr dE      :          0.6728 kcal/mol
 Area                   :        111.8528 A^2
 Volume                 :         95.1739 A^3
 Molecular Weight       :         74.0821 a.m.u.
 Total COSMO charge     :         -0.0008 a.u.
 Dipole moment (t,x,y,z):          5.7695 -0.369766 -5.729389 -0.570048 Debye                            
 Sigma moments (1-6)    :          0.0000  1.02E+02  2.81E+01  2.11E+02  1.11E+02  5.26E+02              
 H-bond moment (accept) :          7.2313
 H-bond moment (donor)  :          3.5927
 
 WARNING: QM computation level of compound 1 conformer 1 could not be determined - it may differ from the QM level of the parameter set.
 No gas phase energy for compound 1 conformer 1 specified, thus it will be estimated


 --- Compound 2 (XWBDWHCCBGMXKG-UHFFFAOYSA-N) ---

 Compound Information for compound 2 conformer 1 (COSMO file /media/nastya/storage/Project_nastya/cosmo/XWBDWHCCBGMXKG-UHFFFAOYSA-N.cosmo)
 Atomic weights         : 111111111111
 E_COSMO+dE             :    -374084.7020 kcal/mol
 E_gas                  :    -374059.1166 kcal/mol
 E_COSMO-E_gas+dE       :        -25.5854 kcal/mol
 E_diel                 :        -37.5197 kcal/mol
 Averaging corr dE      :          0.6784 kcal/mol
 Area                   :        129.7835 A^2
 Volume                 :        112.8892 A^3
 Molecular Weight       :         81.5451 a.m.u.
 Total COSMO charge     :          0.0061 a.u.
 Dipole moment (t,x,y,z):         12.8252  1.24E+01  3.338884 -0.010872 Debye                            
 Sigma moments (1-6)    :          0.0000  1.72E+02  2.96E+01  4.01E+02  3.89E+01  1.04E+03              
 H-bond moment (accept) :         12.8081
 H-bond moment (donor)  :          8.4381
 
 WARNING: QM computation level of compound 2 conformer 1 could not be determined - it may differ from the QM level of the parameter set.
 No gas phase energy for compound 2 conformer 1 specified, thus it will be estimated


 Total number of processed compounds:    2


----------------
 START job     1
----------------


 Results for mixture 1
 ---------------------
 Temperature          :    298.000 K
 Compound Nr.         :         1         2
 Compound             : XGEGHDBEH XWBDWHCCB
 Mole Fraction        :    0.5000    0.5000

 Compound: 1  (XGEGHDBEHXKFPX-UHFFFAOYSA-N)
 Chemical potential of the compound in the mixture :        -1.32284 kcal/mol
 Log10(partial pressure [mbar])                    :        -2.26373
 Free energy of molecule in mix (E_COSMO+dE+Mu)    :   -166103.28342 kcal/mol
 Total mean interaction energy in the mix (H_int)  :        -7.77260 kcal/mol
 Misfit interaction energy in the mix (H_MF)       :         2.17911 kcal/mol
 H-Bond interaction energy in the mix (H_HB)       :        -4.81624 kcal/mol
 VdW interaction energy in the mix (H_vdW)         :        -5.13547 kcal/mol

 Compound: 2  (XWBDWHCCBGMXKG-UHFFFAOYSA-N)
 Chemical potential of the compound in the mixture :        -1.40751 kcal/mol
 Log10(partial pressure [mbar])                    :       -12.22147
 Free energy of molecule in mix (E_COSMO+dE+Mu)    :   -374086.10948 kcal/mol
 Total mean interaction energy in the mix (H_int)  :       -12.18299 kcal/mol
 Misfit interaction energy in the mix (H_MF)       :         2.90053 kcal/mol
 H-Bond interaction energy in the mix (H_HB)       :        -8.45193 kcal/mol
 VdW interaction energy in the mix (H_vdW)         :        -6.63158 kcal/mol



 Compound: 1 Conformer: 1 (XGEGHDBEHXKFPX-UHFFFAOYSA-N)
 Chemical potential of the molecule in the mixture :        -1.32284 kcal/mol
 Log10(partial pressure [mbar])                    :        -2.26373
 Free energy of molecule in mix (E_COSMO+dE+Mu)    :   -166103.28342 kcal/mol
 Total mean interaction energy in the mix          :        -7.77260 kcal/mol
 Misfit interaction energy in the mix              :         2.17911 kcal/mol
 H-Bond interaction energy in the mix              :        -4.81624 kcal/mol
 VdW interaction energy in the mix                 :        -5.13547 kcal/mol
 Normalized weight factor of molecule in compound  :         1.00000
 Normalized weight factor of molecule in gas phase :         1.00000

 Compound: 2 Conformer: 1 (XWBDWHCCBGMXKG-UHFFFAOYSA-N)
 Chemical potential of the molecule in the mixture :        -1.40751 kcal/mol
 Log10(partial pressure [mbar])                    :       -12.22147
 Free energy of molecule in mix (E_COSMO+dE+Mu)    :   -374086.10948 kcal/mol
 Total mean interaction energy in the mix          :       -12.18299 kcal/mol
 Misfit interaction energy in the mix              :         2.90053 kcal/mol
 H-Bond interaction energy in the mix              :        -8.45193 kcal/mol
 VdW interaction energy in the mix                 :        -6.63158 kcal/mol
 Normalized weight factor of molecule in compound  :         1.00000
 Normalized weight factor of molecule in gas phase :         1.00000



 Note: Compound properties are tabulated in /media/nastya/storage/Project_nastya/mu_CA_05/XGEGHDBEHXKFPX-UHFFFAOYSA-N_XWBDWHCCBGMXKG-UHFFFAOYSA-N.tab
----------------
 END job       1
----------------
