 -----------------------------------------------------------
 BIOVIA COSMOtherm Version 2019 (build: 19.0.5 [65f0de1d5f])
 -----------------------------------------------------------

 Copyright (C) 1999-2019, Dassault Systemes BIOVIA corp, all rights reserved

 Job name   : !! generated by COSMOthermX !!
 Job date   : 10/20/2021
 Job time   : 17:31:24
 Hostname   : unknown
 OS type    : unknown
 Executable : Linux 64-bit

 Reading COSMOtherm parameter file BP_TZVP_C30_1701.ctd from directory /home/nastya/COSMOlogic/COSMOthermX19/COSMOtherm/CTDATA-FILES/OLDPARAM/
 Info: # COSMOtherm parameter file ./BP_TZVP_C30_1701.ctd for BP-TZVP optimized COSMO files                                                                  

 Reading COSMOtherm license key license.txt from directory /home/nastya/COSMOlogic/COSMOthermX19/licensefiles/

 COSMOtherm license key expiration date 01/16/2022
 COSMOtherm license key version 19.0
 Customer : TU Delft, Faculty of Applied Sciences
 ID       : 107270

 License keys:
  product                   |    licensed version    | status
 ------------------------------------------------------------------------------ 
  COSMOtherm                |          19.0          | active
  TURBOMOLE                 |          7.3           | active
 ------------------------------------------------------------------------------ 
 
 Note: Vapor pressure / property file could not be found for compound 1
 Reading COSMO information for compound 1 conformer 1 from file /media/nastya/storage/Project_nastya/cosmo/XMGQYMWWDOXHJM-SNVBAGLBSA-N.cosmo
 Note: Gas phase energy file could not be found for compound 1 conformer 1
 Note: converting Gaussian COSMO-file information of compound 1 conformer 1
 
 Note: Vapor pressure / property file could not be found for compound 2
 Reading COSMO information for compound 2 conformer 1 from file /media/nastya/storage/Project_nastya/cosmo/GHVNFZFCNZKVNT-UHFFFAOYSA-N.cosmo
 Note: Gas phase energy file could not be found for compound 2 conformer 1
 Note: converting Gaussian COSMO-file information of compound 2 conformer 1


 --- Compound 1 (XMGQYMWWDOXHJM-SNVBAGLBSA-N) ---

 Compound Information for compound 1 conformer 1 (COSMO file /media/nastya/storage/Project_nastya/cosmo/XMGQYMWWDOXHJM-SNVBAGLBSA-N.cosmo)
 Atomic weights         : 11111111111111111111111111
 E_COSMO+dE             :    -245223.8298 kcal/mol
 E_gas                  :    -245221.6374 kcal/mol
 E_COSMO-E_gas+dE       :         -2.1924 kcal/mol
 E_diel                 :         -2.8533 kcal/mol
 Averaging corr dE      :          0.2524 kcal/mol
 Area                   :        196.0094 A^2
 Volume                 :        204.7482 A^3
 Molecular Weight       :        136.2350 a.m.u.
 Total COSMO charge     :         -0.0040 a.u.
 Dipole moment (t,x,y,z):          0.8793  0.559387 -0.300934 -0.608058 Debye                            
 Sigma moments (1-6)    :          0.0000  2.46E+01  6.902662  9.063582  5.496420  5.223130              
 H-bond moment (accept) :          0.0000
 H-bond moment (donor)  :          0.0000
 
 WARNING: QM computation level of compound 1 conformer 1 could not be determined - it may differ from the QM level of the parameter set.
 No gas phase energy for compound 1 conformer 1 specified, thus it will be estimated


 --- Compound 2 (GHVNFZFCNZKVNT-UHFFFAOYSA-N) ---

 Compound Information for compound 2 conformer 1 (COSMO file /media/nastya/storage/Project_nastya/cosmo/GHVNFZFCNZKVNT-UHFFFAOYSA-N.cosmo)
 Atomic weights         : 11111111111111111111111111111111
 E_COSMO+dE             :    -341228.4087 kcal/mol
 E_gas                  :    -341221.8182 kcal/mol
 E_COSMO-E_gas+dE       :         -6.5905 kcal/mol
 E_diel                 :         -8.7806 kcal/mol
 Averaging corr dE      :          0.5636 kcal/mol
 Area                   :        251.5038 A^2
 Volume                 :        251.0810 A^3
 Molecular Weight       :        172.2656 a.m.u.
 Total COSMO charge     :         -0.0042 a.u.
 Dipole moment (t,x,y,z):          2.7231 -1.896075  0.952154 -1.706973 Debye                            
 Sigma moments (1-6)    :          0.0000  6.73E+01  3.907905  1.11E+02 -3.63E+01  2.65E+02              
 H-bond moment (accept) :          1.8764
 H-bond moment (donor)  :          3.0810
 
 WARNING: QM computation level of compound 2 conformer 1 could not be determined - it may differ from the QM level of the parameter set.
 No gas phase energy for compound 2 conformer 1 specified, thus it will be estimated


 Total number of processed compounds:    2


----------------
 START job     1
----------------


 Results for mixture 1
 ---------------------
 Temperature          :    298.000 K
 Compound Nr.         :         1         2
 Compound             : XMGQYMWWD GHVNFZFCN
 Mole Fraction        :    0.5000    0.5000

 Compound: 1  (XMGQYMWWDOXHJM-SNVBAGLBSA-N)
 Chemical potential of the compound in the mixture :        -6.14381 kcal/mol
 Log10(partial pressure [mbar])                    :         0.62954
 Free energy of molecule in mix (E_COSMO+dE+Mu)    :   -245229.97364 kcal/mol
 Total mean interaction energy in the mix (H_int)  :        -8.21064 kcal/mol
 Misfit interaction energy in the mix (H_MF)       :         1.44419 kcal/mol
 H-Bond interaction energy in the mix (H_HB)       :        -0.00250 kcal/mol
 VdW interaction energy in the mix (H_vdW)         :        -9.65232 kcal/mol

 Compound: 2  (GHVNFZFCNZKVNT-UHFFFAOYSA-N)
 Chemical potential of the compound in the mixture :        -6.10451 kcal/mol
 Log10(partial pressure [mbar])                    :        -1.73578
 Free energy of molecule in mix (E_COSMO+dE+Mu)    :   -341234.51318 kcal/mol
 Total mean interaction energy in the mix (H_int)  :       -12.95699 kcal/mol
 Misfit interaction energy in the mix (H_MF)       :         2.22114 kcal/mol
 H-Bond interaction energy in the mix (H_HB)       :        -3.23074 kcal/mol
 VdW interaction energy in the mix (H_vdW)         :       -11.94739 kcal/mol



 Compound: 1 Conformer: 1 (XMGQYMWWDOXHJM-SNVBAGLBSA-N)
 Chemical potential of the molecule in the mixture :        -6.14381 kcal/mol
 Log10(partial pressure [mbar])                    :         0.62954
 Free energy of molecule in mix (E_COSMO+dE+Mu)    :   -245229.97364 kcal/mol
 Total mean interaction energy in the mix          :        -8.21064 kcal/mol
 Misfit interaction energy in the mix              :         1.44419 kcal/mol
 H-Bond interaction energy in the mix              :        -0.00250 kcal/mol
 VdW interaction energy in the mix                 :        -9.65232 kcal/mol
 Normalized weight factor of molecule in compound  :         1.00000
 Normalized weight factor of molecule in gas phase :         1.00000

 Compound: 2 Conformer: 1 (GHVNFZFCNZKVNT-UHFFFAOYSA-N)
 Chemical potential of the molecule in the mixture :        -6.10451 kcal/mol
 Log10(partial pressure [mbar])                    :        -1.73578
 Free energy of molecule in mix (E_COSMO+dE+Mu)    :   -341234.51318 kcal/mol
 Total mean interaction energy in the mix          :       -12.95699 kcal/mol
 Misfit interaction energy in the mix              :         2.22114 kcal/mol
 H-Bond interaction energy in the mix              :        -3.23074 kcal/mol
 VdW interaction energy in the mix                 :       -11.94739 kcal/mol
 Normalized weight factor of molecule in compound  :         1.00000
 Normalized weight factor of molecule in gas phase :         1.00000



 Note: Compound properties are tabulated in /media/nastya/storage/Project_nastya/mu_CA_05/XMGQYMWWDOXHJM-SNVBAGLBSA-N_GHVNFZFCNZKVNT-UHFFFAOYSA-N.tab
----------------
 END job       1
----------------
