 -----------------------------------------------------------
 BIOVIA COSMOtherm Version 2019 (build: 19.0.5 [65f0de1d5f])
 -----------------------------------------------------------

 Copyright (C) 1999-2019, Dassault Systemes BIOVIA corp, all rights reserved

 Job name   : !! generated by COSMOthermX !!
 Job date   : 10/20/2021
 Job time   : 17:31:34
 Hostname   : unknown
 OS type    : unknown
 Executable : Linux 64-bit

 Reading COSMOtherm parameter file BP_TZVP_C30_1701.ctd from directory /home/nastya/COSMOlogic/COSMOthermX19/COSMOtherm/CTDATA-FILES/OLDPARAM/
 Info: # COSMOtherm parameter file ./BP_TZVP_C30_1701.ctd for BP-TZVP optimized COSMO files                                                                  

 Reading COSMOtherm license key license.txt from directory /home/nastya/COSMOlogic/COSMOthermX19/licensefiles/

 COSMOtherm license key expiration date 01/16/2022
 COSMOtherm license key version 19.0
 Customer : TU Delft, Faculty of Applied Sciences
 ID       : 107270

 License keys:
  product                   |    licensed version    | status
 ------------------------------------------------------------------------------ 
  COSMOtherm                |          19.0          | active
  TURBOMOLE                 |          7.3           | active
 ------------------------------------------------------------------------------ 
 
 Note: Vapor pressure / property file could not be found for compound 1
 Reading COSMO information for compound 1 conformer 1 from file /media/nastya/storage/Project_nastya/cosmo/XWBDWHCCBGMXKG-UHFFFAOYSA-N.cosmo
 Note: Gas phase energy file could not be found for compound 1 conformer 1
 Note: converting Gaussian COSMO-file information of compound 1 conformer 1
 
 Note: Vapor pressure / property file could not be found for compound 2
 Reading COSMO information for compound 2 conformer 1 from file /media/nastya/storage/Project_nastya/cosmo/XSQUKJJJFZCRTK-UHFFFAOYSA-N.cosmo
 Note: Gas phase energy file could not be found for compound 2 conformer 1
 Note: converting Gaussian COSMO-file information of compound 2 conformer 1


 --- Compound 1 (XWBDWHCCBGMXKG-UHFFFAOYSA-N) ---

 Compound Information for compound 1 conformer 1 (COSMO file /media/nastya/storage/Project_nastya/cosmo/XWBDWHCCBGMXKG-UHFFFAOYSA-N.cosmo)
 Atomic weights         : 111111111111
 E_COSMO+dE             :    -374084.7020 kcal/mol
 E_gas                  :    -374059.1166 kcal/mol
 E_COSMO-E_gas+dE       :        -25.5854 kcal/mol
 E_diel                 :        -37.5197 kcal/mol
 Averaging corr dE      :          0.6784 kcal/mol
 Area                   :        129.7835 A^2
 Volume                 :        112.8892 A^3
 Molecular Weight       :         81.5451 a.m.u.
 Total COSMO charge     :          0.0061 a.u.
 Dipole moment (t,x,y,z):         12.8252  1.24E+01  3.338884 -0.010872 Debye                            
 Sigma moments (1-6)    :          0.0000  1.72E+02  2.96E+01  4.01E+02  3.89E+01  1.04E+03              
 H-bond moment (accept) :         12.8081
 H-bond moment (donor)  :          8.4381
 
 WARNING: QM computation level of compound 1 conformer 1 could not be determined - it may differ from the QM level of the parameter set.
 No gas phase energy for compound 1 conformer 1 specified, thus it will be estimated


 --- Compound 2 (XSQUKJJJFZCRTK-UHFFFAOYSA-N) ---

 Compound Information for compound 2 conformer 1 (COSMO file /media/nastya/storage/Project_nastya/cosmo/XSQUKJJJFZCRTK-UHFFFAOYSA-N.cosmo)
 Atomic weights         : 11111111
 E_COSMO+dE             :    -141431.9085 kcal/mol
 E_gas                  :    -141418.6467 kcal/mol
 E_COSMO-E_gas+dE       :        -13.2618 kcal/mol
 E_diel                 :        -18.7823 kcal/mol
 Averaging corr dE      :          0.7074 kcal/mol
 Area                   :         91.2342 A^2
 Volume                 :         72.4889 A^3
 Molecular Weight       :         60.0554 a.m.u.
 Total COSMO charge     :         -0.0009 a.u.
 Dipole moment (t,x,y,z):          6.0461 -0.002329 -6.046052  0.001486 Debye                            
 Sigma moments (1-6)    :          0.0000  1.15E+02  1.56E+01  2.50E+02  9.66E+01  6.42E+02              
 H-bond moment (accept) :          7.9246
 H-bond moment (donor)  :          4.9711
 
 WARNING: QM computation level of compound 2 conformer 1 could not be determined - it may differ from the QM level of the parameter set.
 No gas phase energy for compound 2 conformer 1 specified, thus it will be estimated


 Total number of processed compounds:    2


----------------
 START job     1
----------------


 Results for mixture 1
 ---------------------
 Temperature          :    298.000 K
 Compound Nr.         :         1         2
 Compound             : XWBDWHCCB XSQUKJJJF
 Mole Fraction        :    0.5000    0.5000

 Compound: 1  (XWBDWHCCBGMXKG-UHFFFAOYSA-N)
 Chemical potential of the compound in the mixture :        -1.57744 kcal/mol
 Log10(partial pressure [mbar])                    :       -12.34609
 Free energy of molecule in mix (E_COSMO+dE+Mu)    :   -374086.27941 kcal/mol
 Total mean interaction energy in the mix (H_int)  :       -12.65579 kcal/mol
 Misfit interaction energy in the mix (H_MF)       :         2.78419 kcal/mol
 H-Bond interaction energy in the mix (H_HB)       :        -8.87461 kcal/mol
 VdW interaction energy in the mix (H_vdW)         :        -6.56537 kcal/mol

 Compound: 2  (XSQUKJJJFZCRTK-UHFFFAOYSA-N)
 Chemical potential of the compound in the mixture :        -1.60519 kcal/mol
 Log10(partial pressure [mbar])                    :        -3.32866
 Free energy of molecule in mix (E_COSMO+dE+Mu)    :   -141433.51365 kcal/mol
 Total mean interaction energy in the mix (H_int)  :        -8.57692 kcal/mol
 Misfit interaction energy in the mix (H_MF)       :         1.52011 kcal/mol
 H-Bond interaction energy in the mix (H_HB)       :        -6.10576 kcal/mol
 VdW interaction energy in the mix (H_vdW)         :        -3.99128 kcal/mol



 Compound: 1 Conformer: 1 (XWBDWHCCBGMXKG-UHFFFAOYSA-N)
 Chemical potential of the molecule in the mixture :        -1.57744 kcal/mol
 Log10(partial pressure [mbar])                    :       -12.34609
 Free energy of molecule in mix (E_COSMO+dE+Mu)    :   -374086.27941 kcal/mol
 Total mean interaction energy in the mix          :       -12.65579 kcal/mol
 Misfit interaction energy in the mix              :         2.78419 kcal/mol
 H-Bond interaction energy in the mix              :        -8.87461 kcal/mol
 VdW interaction energy in the mix                 :        -6.56537 kcal/mol
 Normalized weight factor of molecule in compound  :         1.00000
 Normalized weight factor of molecule in gas phase :         1.00000

 Compound: 2 Conformer: 1 (XSQUKJJJFZCRTK-UHFFFAOYSA-N)
 Chemical potential of the molecule in the mixture :        -1.60519 kcal/mol
 Log10(partial pressure [mbar])                    :        -3.32866
 Free energy of molecule in mix (E_COSMO+dE+Mu)    :   -141433.51365 kcal/mol
 Total mean interaction energy in the mix          :        -8.57692 kcal/mol
 Misfit interaction energy in the mix              :         1.52011 kcal/mol
 H-Bond interaction energy in the mix              :        -6.10576 kcal/mol
 VdW interaction energy in the mix                 :        -3.99128 kcal/mol
 Normalized weight factor of molecule in compound  :         1.00000
 Normalized weight factor of molecule in gas phase :         1.00000



 Note: Compound properties are tabulated in /media/nastya/storage/Project_nastya/mu_CA_05/XWBDWHCCBGMXKG-UHFFFAOYSA-N_XSQUKJJJFZCRTK-UHFFFAOYSA-N.tab
----------------
 END job       1
----------------
