 -----------------------------------------------------------
 BIOVIA COSMOtherm Version 2019 (build: 19.0.5 [65f0de1d5f])
 -----------------------------------------------------------

 Copyright (C) 1999-2019, Dassault Systemes BIOVIA corp, all rights reserved

 Job name   : !! generated by COSMOthermX !!
 Job date   : 09/16/2022
 Job time   : 14:10:16
 Hostname   : unknown
 OS type    : unknown
 Executable : Linux 64-bit

 Reading COSMOtherm parameter file BP_TZVP_C30_1701.ctd from directory /home/comp3/software/COSMOlogic/COSMOthermX19/COSMOtherm/CTDATA-FILES/OLDPARAM/
 Info: # COSMOtherm parameter file ./BP_TZVP_C30_1701.ctd for BP-TZVP optimized COSMO files                                                                  

 Reading COSMOtherm license key license.txt from directory /home/comp3/software/COSMOlogic/COSMOthermX19/licensefiles/

 COSMOtherm license key expiration date 04/26/2025
 COSMOtherm license key version 21
 Customer : 200000000032966
 ID       : LKO1978637

 License keys:
  product                   |    licensed version    | status
 ------------------------------------------------------------------------------ 
  COSMOtherm                |          21            | active
  TURBOMOLE                 |          21            | active
 ------------------------------------------------------------------------------ 
 
 Note: Vapor pressure / property file could not be found for compound 1
 Reading COSMO information for compound 1 conformer 1 from file /home/comp3/Desktop/Nastya/DES/cosmo/FEWJPZIEWOKRBE-JCYAYHJZSA-N.cosmo
 Note: Gas phase energy file could not be found for compound 1 conformer 1
 Note: converting Gaussian COSMO-file information of compound 1 conformer 1
 
 Reading vapor pressure and property information for compound 2 from file /home/comp3/Desktop/Nastya/DES/cosmo/SGMZJAMFUVOLNK-UHFFFAOYSA-M.vap
 Reading COSMO information for compound 2 conformer 1 from file /home/comp3/Desktop/Nastya/DES/cosmo/SGMZJAMFUVOLNK-UHFFFAOYSA-M.cosmo
 Note: Gas phase energy file could not be found for compound 2 conformer 1
 Note: converting Gaussian COSMO-file information of compound 2 conformer 1


 --- Compound 1 (FEWJPZIEWOKRBE-JCYAYHJZSA-N) ---

 Compound Information for compound 1 conformer 1 (COSMO file /home/comp3/Desktop/Nastya/DES/cosmo/FEWJPZIEWOKRBE-JCYAYHJZSA-N.cosmo)
 Atomic weights         : 1111111111111111
 E_COSMO+dE             :    -381318.5350 kcal/mol
 E_gas                  :    -381303.2908 kcal/mol
 E_COSMO-E_gas+dE       :        -15.2442 kcal/mol
 E_diel                 :        -23.4136 kcal/mol
 Averaging corr dE      :          1.3997 kcal/mol
 Area                   :        157.9128 A^2
 Volume                 :        156.2063 A^3
 Molecular Weight       :        150.0874 a.m.u.
 Total COSMO charge     :          0.0068 a.u.
 Dipole moment (t,x,y,z):          4.7197 -0.538861  0.256870  4.681764 Debye                            
 Sigma moments (1-6)    :          0.0000  1.74E+02 -6.09E+01  3.66E+02 -3.10E+02  1.01E+03              
 H-bond moment (accept) :          3.8617
 H-bond moment (donor)  :         12.4986
 
 WARNING: QM computation level of compound 1 conformer 1 could not be determined - it may differ from the QM level of the parameter set.
 No gas phase energy for compound 1 conformer 1 specified, thus it will be estimated


 --- Compound 2 (SGMZJAMFUVOLNK-UHFFFAOYSA-M) ---

 Compound Information for compound 2 conformer 1 (COSMO file /home/comp3/Desktop/Nastya/DES/cosmo/SGMZJAMFUVOLNK-UHFFFAOYSA-M.cosmo)
 Atomic weights         : 1111111111111111111111
 E_COSMO+dE             :    -495311.0092 kcal/mol
 E_gas                  :    -495280.9240 kcal/mol
 E_COSMO-E_gas+dE       :        -30.0852 kcal/mol
 E_diel                 :        -43.9005 kcal/mol
 Averaging corr dE      :          0.6451 kcal/mol
 Area                   :        177.0496 A^2
 Volume                 :        188.1524 A^3
 Molecular Weight       :        139.6245 a.m.u.
 Total COSMO charge     :          0.0093 a.u.
 Dipole moment (t,x,y,z):         18.3247 -1.83E+01  0.122140 -1.618568 Debye                            
 Sigma moments (1-6)    :          0.0000  1.72E+02  1.20E+02  3.11E+02  3.77E+02  7.14E+02              
 H-bond moment (accept) :         15.0395
 H-bond moment (donor)  :          0.2290
 
 WARNING: QM computation level of compound 2 conformer 1 could not be determined - it may differ from the QM level of the parameter set.
 No gas phase energy for compound 2 conformer 1 specified, thus it will be estimated


 Total number of processed compounds:    2


----------------
 START job     1
----------------

 --------------------------------------------------------------------------------
 Computation of activity coefficients gamma at infinite dilution in compound    1
 --------------------------------------------------------------------------------



 Results for mixture 1
 ---------------------
 Temperature          :    298.150 K
 Compound Nr.         :         1         2
 Compound             : FEWJPZIEW SGMZJAMFU
 Mole Fraction        :    1.0000    0.0000

 Compound: 1  (FEWJPZIEWOKRBE-JCYAYHJZSA-N)
 Chemical potential of the compound in the mixture :        -2.14230 kcal/mol
 Log10(partial pressure [mbar])                    :        -5.17032
 Free energy of molecule in mix (E_COSMO+dE+Mu)    :   -381320.67733 kcal/mol
 Total mean interaction energy in the mix (H_int)  :       -15.12581 kcal/mol
 Misfit interaction energy in the mix (H_MF)       :         2.38625 kcal/mol
 H-Bond interaction energy in the mix (H_HB)       :       -12.99890 kcal/mol
 VdW interaction energy in the mix (H_vdW)         :        -4.51315 kcal/mol




 Results for mixture 2
 ---------------------
 Temperature          :    298.150 K
 Compound Nr.         :         1         2
 Compound             : FEWJPZIEW SGMZJAMFU
 Mole Fraction        :    0.0000    1.0000

 Compound: 2  (SGMZJAMFUVOLNK-UHFFFAOYSA-M)
 Chemical potential of the compound in the mixture :         1.80745 kcal/mol
 Log10(partial pressure [mbar])                    :       -13.15367
 Free energy of molecule in mix (E_COSMO+dE+Mu)    :   -495309.20179 kcal/mol
 Total mean interaction energy in the mix (H_int)  :        -4.76377 kcal/mol
 Misfit interaction energy in the mix (H_MF)       :         6.76689 kcal/mol
 H-Bond interaction energy in the mix (H_HB)       :        -2.52734 kcal/mol
 VdW interaction energy in the mix (H_vdW)         :        -9.00332 kcal/mol




 Results for mixture 3
 ---------------------
 Temperature          :    298.150 K
 Compound Nr.         :         1         2
 Compound             : FEWJPZIEW SGMZJAMFU
 Mole Fraction        :    1.0000    0.0000

 Compound: 1  (FEWJPZIEWOKRBE-JCYAYHJZSA-N)
 Chemical potential of the compound in the mixture :        -2.14230 kcal/mol
 Log10(partial pressure [mbar])                    :        -5.17032
 Free energy of molecule in mix (E_COSMO+dE+Mu)    :   -381320.67733 kcal/mol
 Total mean interaction energy in the mix (H_int)  :       -15.12581 kcal/mol
 Misfit interaction energy in the mix (H_MF)       :         2.38625 kcal/mol
 H-Bond interaction energy in the mix (H_HB)       :       -12.99890 kcal/mol
 VdW interaction energy in the mix (H_vdW)         :        -4.51315 kcal/mol
 Ln(Activity coefficient)                          :         0.00000

 Compound: 2  (SGMZJAMFUVOLNK-UHFFFAOYSA-M)
 Chemical potential of the compound in the mixture :        -9.17002 kcal/mol
 Log10(partial pressure [mbar])                    :       -21.20021
 Free energy of molecule in mix (E_COSMO+dE+Mu)    :   -495320.17926 kcal/mol
 Total mean interaction energy in the mix (H_int)  :       -26.84057 kcal/mol
 Misfit interaction energy in the mix (H_MF)       :         2.01207 kcal/mol
 H-Bond interaction energy in the mix (H_HB)       :       -21.29893 kcal/mol
 VdW interaction energy in the mix (H_vdW)         :        -7.55372 kcal/mol
 Ln(Activity coefficient)                          :       -18.52785


----------------
 END job       1
----------------
----------------
 START job     2
----------------

 --------------------------------------------------------------------------------
 Computation of activity coefficients gamma at infinite dilution in compound    2
 --------------------------------------------------------------------------------



 Results for mixture 4
 ---------------------
 Temperature          :    298.150 K
 Compound Nr.         :         1         2
 Compound             : FEWJPZIEW SGMZJAMFU
 Mole Fraction        :    1.0000    0.0000

 Compound: 1  (FEWJPZIEWOKRBE-JCYAYHJZSA-N)
 Chemical potential of the compound in the mixture :        -2.14230 kcal/mol
 Log10(partial pressure [mbar])                    :        -5.17032
 Free energy of molecule in mix (E_COSMO+dE+Mu)    :   -381320.67733 kcal/mol
 Total mean interaction energy in the mix (H_int)  :       -15.12581 kcal/mol
 Misfit interaction energy in the mix (H_MF)       :         2.38625 kcal/mol
 H-Bond interaction energy in the mix (H_HB)       :       -12.99890 kcal/mol
 VdW interaction energy in the mix (H_vdW)         :        -4.51315 kcal/mol




 Results for mixture 5
 ---------------------
 Temperature          :    298.150 K
 Compound Nr.         :         1         2
 Compound             : FEWJPZIEW SGMZJAMFU
 Mole Fraction        :    0.0000    1.0000

 Compound: 2  (SGMZJAMFUVOLNK-UHFFFAOYSA-M)
 Chemical potential of the compound in the mixture :         1.80745 kcal/mol
 Log10(partial pressure [mbar])                    :       -13.15367
 Free energy of molecule in mix (E_COSMO+dE+Mu)    :   -495309.20179 kcal/mol
 Total mean interaction energy in the mix (H_int)  :        -4.76377 kcal/mol
 Misfit interaction energy in the mix (H_MF)       :         6.76689 kcal/mol
 H-Bond interaction energy in the mix (H_HB)       :        -2.52734 kcal/mol
 VdW interaction energy in the mix (H_vdW)         :        -9.00332 kcal/mol




 Results for mixture 6
 ---------------------
 Temperature          :    298.150 K
 Compound Nr.         :         1         2
 Compound             : FEWJPZIEW SGMZJAMFU
 Mole Fraction        :    0.0000    1.0000

 Compound: 1  (FEWJPZIEWOKRBE-JCYAYHJZSA-N)
 Chemical potential of the compound in the mixture :       -10.04107 kcal/mol
 Log10(partial pressure [mbar])                    :       -10.96016
 Free energy of molecule in mix (E_COSMO+dE+Mu)    :   -381328.57610 kcal/mol
 Total mean interaction energy in the mix (H_int)  :       -17.71275 kcal/mol
 Misfit interaction energy in the mix (H_MF)       :         2.91376 kcal/mol
 H-Bond interaction energy in the mix (H_HB)       :       -13.71952 kcal/mol
 VdW interaction energy in the mix (H_vdW)         :        -6.90699 kcal/mol
 Ln(Activity coefficient)                          :       -13.33160

 Compound: 2  (SGMZJAMFUVOLNK-UHFFFAOYSA-M)
 Chemical potential of the compound in the mixture :         1.80745 kcal/mol
 Log10(partial pressure [mbar])                    :       -13.15367
 Free energy of molecule in mix (E_COSMO+dE+Mu)    :   -495309.20179 kcal/mol
 Total mean interaction energy in the mix (H_int)  :        -4.76377 kcal/mol
 Misfit interaction energy in the mix (H_MF)       :         6.76689 kcal/mol
 H-Bond interaction energy in the mix (H_HB)       :        -2.52734 kcal/mol
 VdW interaction energy in the mix (H_vdW)         :        -9.00332 kcal/mol
 Ln(Activity coefficient)                          :         0.00000


----------------
 END job       2
----------------
