 -----------------------------------------------------------
 BIOVIA COSMOtherm Version 2019 (build: 19.0.5 [65f0de1d5f])
 -----------------------------------------------------------

 Copyright (C) 1999-2019, Dassault Systemes BIOVIA corp, all rights reserved

 Job name   : !! generated by COSMOthermX !!
 Job date   : 09/16/2022
 Job time   : 14:09:51
 Hostname   : unknown
 OS type    : unknown
 Executable : Linux 64-bit

 Reading COSMOtherm parameter file BP_TZVP_C30_1701.ctd from directory /home/comp3/software/COSMOlogic/COSMOthermX19/COSMOtherm/CTDATA-FILES/OLDPARAM/
 Info: # COSMOtherm parameter file ./BP_TZVP_C30_1701.ctd for BP-TZVP optimized COSMO files                                                                  

 Reading COSMOtherm license key license.txt from directory /home/comp3/software/COSMOlogic/COSMOthermX19/licensefiles/

 COSMOtherm license key expiration date 04/26/2025
 COSMOtherm license key version 21
 Customer : 200000000032966
 ID       : LKO1978637

 License keys:
  product                   |    licensed version    | status
 ------------------------------------------------------------------------------ 
  COSMOtherm                |          21            | active
  TURBOMOLE                 |          21            | active
 ------------------------------------------------------------------------------ 
 
 Note: Vapor pressure / property file could not be found for compound 1
 Reading COSMO information for compound 1 conformer 1 from file /home/comp3/Desktop/Nastya/DES/cosmo/IPCSVZSSVZVIGE-UHFFFAOYSA-N.cosmo
 Note: Gas phase energy file could not be found for compound 1 conformer 1
 Note: converting Gaussian COSMO-file information of compound 1 conformer 1
 
 Reading vapor pressure and property information for compound 2 from file /home/comp3/Desktop/Nastya/DES/cosmo/OKIZCWYLBDKLSU-UHFFFAOYSA-M.vap
 Reading COSMO information for compound 2 conformer 1 from file /home/comp3/Desktop/Nastya/DES/cosmo/OKIZCWYLBDKLSU-UHFFFAOYSA-M.cosmo
 Note: Gas phase energy file could not be found for compound 2 conformer 1
 Note: converting Gaussian COSMO-file information of compound 2 conformer 1


 --- Compound 1 (IPCSVZSSVZVIGE-UHFFFAOYSA-N) ---

 Compound Information for compound 1 conformer 1 (COSMO file /home/comp3/Desktop/Nastya/DES/cosmo/IPCSVZSSVZVIGE-UHFFFAOYSA-N.cosmo)
 Atomic weights         : 11111111111111111111111111111111111111111111111111
 E_COSMO+dE             :    -489285.3869 kcal/mol
 E_gas                  :    -489278.5545 kcal/mol
 E_COSMO-E_gas+dE       :         -6.8323 kcal/mol
 E_diel                 :         -9.1917 kcal/mol
 Averaging corr dE      :          0.6299 kcal/mol
 Area                   :        370.6735 A^2
 Volume                 :        382.3013 A^3
 Molecular Weight       :        256.4256 a.m.u.
 Total COSMO charge     :         -0.0084 a.u.
 Dipole moment (t,x,y,z):          2.9239  2.200857  0.248724 -1.908865 Debye                            
 Sigma moments (1-6)    :          0.0000  7.11E+01  4.312203  1.10E+02 -3.70E+01  2.63E+02              
 H-bond moment (accept) :          1.8280
 H-bond moment (donor)  :          3.0802
 
 WARNING: QM computation level of compound 1 conformer 1 could not be determined - it may differ from the QM level of the parameter set.
 No gas phase energy for compound 1 conformer 1 specified, thus it will be estimated


 --- Compound 2 (OKIZCWYLBDKLSU-UHFFFAOYSA-M) ---

 Compound Information for compound 2 conformer 1 (COSMO file /home/comp3/Desktop/Nastya/DES/cosmo/OKIZCWYLBDKLSU-UHFFFAOYSA-M.cosmo)
 Atomic weights         : 111111111111111111
 E_COSMO+dE             :    -423412.3774 kcal/mol
 E_gas                  :    -423382.2428 kcal/mol
 E_COSMO-E_gas+dE       :        -30.1346 kcal/mol
 E_diel                 :        -43.8520 kcal/mol
 Averaging corr dE      :          0.5618 kcal/mol
 Area                   :        158.2413 A^2
 Volume                 :        157.9064 A^3
 Molecular Weight       :        109.5984 a.m.u.
 Total COSMO charge     :          0.0081 a.u.
 Dipole moment (t,x,y,z):         17.2232 -1.72E+01  0.002295  0.008613 Debye                            
 Sigma moments (1-6)    :          0.0000  1.70E+02  1.50E+02  3.79E+02  5.42E+02  1.05E+03              
 H-bond moment (accept) :         19.0972
 H-bond moment (donor)  :          0.1957
 
 WARNING: QM computation level of compound 2 conformer 1 could not be determined - it may differ from the QM level of the parameter set.
 No gas phase energy for compound 2 conformer 1 specified, thus it will be estimated


 Total number of processed compounds:    2


----------------
 START job     1
----------------

 --------------------------------------------------------------------------------
 Computation of activity coefficients gamma at infinite dilution in compound    1
 --------------------------------------------------------------------------------



 Results for mixture 1
 ---------------------
 Temperature          :    298.150 K
 Compound Nr.         :         1         2
 Compound             : IPCSVZSSV OKIZCWYLB
 Mole Fraction        :    1.0000    0.0000

 Compound: 1  (IPCSVZSSVZVIGE-UHFFFAOYSA-N)
 Chemical potential of the compound in the mixture :        -9.71853 kcal/mol
 Log10(partial pressure [mbar])                    :        -4.55779
 Free energy of molecule in mix (E_COSMO+dE+Mu)    :   -489295.10540 kcal/mol
 Total mean interaction energy in the mix (H_int)  :       -18.61380 kcal/mol
 Misfit interaction energy in the mix (H_MF)       :         2.56588 kcal/mol
 H-Bond interaction energy in the mix (H_HB)       :        -3.30049 kcal/mol
 VdW interaction energy in the mix (H_vdW)         :       -17.87919 kcal/mol




 Results for mixture 2
 ---------------------
 Temperature          :    298.150 K
 Compound Nr.         :         1         2
 Compound             : IPCSVZSSV OKIZCWYLB
 Mole Fraction        :    0.0000    1.0000

 Compound: 2  (OKIZCWYLBDKLSU-UHFFFAOYSA-M)
 Chemical potential of the compound in the mixture :         2.96980 kcal/mol
 Log10(partial pressure [mbar])                    :       -12.33788
 Free energy of molecule in mix (E_COSMO+dE+Mu)    :   -423409.40764 kcal/mol
 Total mean interaction energy in the mix (H_int)  :        -3.45381 kcal/mol
 Misfit interaction energy in the mix (H_MF)       :         7.94707 kcal/mol
 H-Bond interaction energy in the mix (H_HB)       :        -2.98746 kcal/mol
 VdW interaction energy in the mix (H_vdW)         :        -8.41343 kcal/mol




 Results for mixture 3
 ---------------------
 Temperature          :    298.150 K
 Compound Nr.         :         1         2
 Compound             : IPCSVZSSV OKIZCWYLB
 Mole Fraction        :    1.0000    0.0000

 Compound: 1  (IPCSVZSSVZVIGE-UHFFFAOYSA-N)
 Chemical potential of the compound in the mixture :        -9.71853 kcal/mol
 Log10(partial pressure [mbar])                    :        -4.55779
 Free energy of molecule in mix (E_COSMO+dE+Mu)    :   -489295.10540 kcal/mol
 Total mean interaction energy in the mix (H_int)  :       -18.61380 kcal/mol
 Misfit interaction energy in the mix (H_MF)       :         2.56588 kcal/mol
 H-Bond interaction energy in the mix (H_HB)       :        -3.30049 kcal/mol
 VdW interaction energy in the mix (H_vdW)         :       -17.87919 kcal/mol
 Ln(Activity coefficient)                          :         0.00000

 Compound: 2  (OKIZCWYLBDKLSU-UHFFFAOYSA-M)
 Chemical potential of the compound in the mixture :        -2.70471 kcal/mol
 Log10(partial pressure [mbar])                    :       -16.49733
 Free energy of molecule in mix (E_COSMO+dE+Mu)    :   -423415.08214 kcal/mol
 Total mean interaction energy in the mix (H_int)  :       -27.23352 kcal/mol
 Misfit interaction energy in the mix (H_MF)       :         3.13140 kcal/mol
 H-Bond interaction energy in the mix (H_HB)       :       -22.53522 kcal/mol
 VdW interaction energy in the mix (H_vdW)         :        -7.82971 kcal/mol
 Ln(Activity coefficient)                          :        -9.57748


----------------
 END job       1
----------------
----------------
 START job     2
----------------

 --------------------------------------------------------------------------------
 Computation of activity coefficients gamma at infinite dilution in compound    2
 --------------------------------------------------------------------------------



 Results for mixture 4
 ---------------------
 Temperature          :    298.150 K
 Compound Nr.         :         1         2
 Compound             : IPCSVZSSV OKIZCWYLB
 Mole Fraction        :    1.0000    0.0000

 Compound: 1  (IPCSVZSSVZVIGE-UHFFFAOYSA-N)
 Chemical potential of the compound in the mixture :        -9.71853 kcal/mol
 Log10(partial pressure [mbar])                    :        -4.55779
 Free energy of molecule in mix (E_COSMO+dE+Mu)    :   -489295.10540 kcal/mol
 Total mean interaction energy in the mix (H_int)  :       -18.61380 kcal/mol
 Misfit interaction energy in the mix (H_MF)       :         2.56588 kcal/mol
 H-Bond interaction energy in the mix (H_HB)       :        -3.30049 kcal/mol
 VdW interaction energy in the mix (H_vdW)         :       -17.87919 kcal/mol




 Results for mixture 5
 ---------------------
 Temperature          :    298.150 K
 Compound Nr.         :         1         2
 Compound             : IPCSVZSSV OKIZCWYLB
 Mole Fraction        :    0.0000    1.0000

 Compound: 2  (OKIZCWYLBDKLSU-UHFFFAOYSA-M)
 Chemical potential of the compound in the mixture :         2.96980 kcal/mol
 Log10(partial pressure [mbar])                    :       -12.33788
 Free energy of molecule in mix (E_COSMO+dE+Mu)    :   -423409.40764 kcal/mol
 Total mean interaction energy in the mix (H_int)  :        -3.45381 kcal/mol
 Misfit interaction energy in the mix (H_MF)       :         7.94707 kcal/mol
 H-Bond interaction energy in the mix (H_HB)       :        -2.98746 kcal/mol
 VdW interaction energy in the mix (H_vdW)         :        -8.41343 kcal/mol




 Results for mixture 6
 ---------------------
 Temperature          :    298.150 K
 Compound Nr.         :         1         2
 Compound             : IPCSVZSSV OKIZCWYLB
 Mole Fraction        :    0.0000    1.0000

 Compound: 1  (IPCSVZSSVZVIGE-UHFFFAOYSA-N)
 Chemical potential of the compound in the mixture :       -11.43949 kcal/mol
 Log10(partial pressure [mbar])                    :        -5.81926
 Free energy of molecule in mix (E_COSMO+dE+Mu)    :   -489296.82636 kcal/mol
 Total mean interaction energy in the mix (H_int)  :       -12.02369 kcal/mol
 Misfit interaction energy in the mix (H_MF)       :        10.35446 kcal/mol
 H-Bond interaction energy in the mix (H_HB)       :        -4.15075 kcal/mol
 VdW interaction energy in the mix (H_vdW)         :       -18.22740 kcal/mol
 Ln(Activity coefficient)                          :        -2.90465

 Compound: 2  (OKIZCWYLBDKLSU-UHFFFAOYSA-M)
 Chemical potential of the compound in the mixture :         2.96980 kcal/mol
 Log10(partial pressure [mbar])                    :       -12.33788
 Free energy of molecule in mix (E_COSMO+dE+Mu)    :   -423409.40764 kcal/mol
 Total mean interaction energy in the mix (H_int)  :        -3.45381 kcal/mol
 Misfit interaction energy in the mix (H_MF)       :         7.94707 kcal/mol
 H-Bond interaction energy in the mix (H_HB)       :        -2.98746 kcal/mol
 VdW interaction energy in the mix (H_vdW)         :        -8.41343 kcal/mol
 Ln(Activity coefficient)                          :         0.00000


----------------
 END job       2
----------------
