 -----------------------------------------------------------
 BIOVIA COSMOtherm Version 2019 (build: 19.0.5 [65f0de1d5f])
 -----------------------------------------------------------

 Copyright (C) 1999-2019, Dassault Systemes BIOVIA corp, all rights reserved

 Job name   : !! generated by COSMOthermX !!
 Job date   : 09/16/2022
 Job time   : 14:10:22
 Hostname   : unknown
 OS type    : unknown
 Executable : Linux 64-bit

 Reading COSMOtherm parameter file BP_TZVP_C30_1701.ctd from directory /home/comp3/software/COSMOlogic/COSMOthermX19/COSMOtherm/CTDATA-FILES/OLDPARAM/
 Info: # COSMOtherm parameter file ./BP_TZVP_C30_1701.ctd for BP-TZVP optimized COSMO files                                                                  

 Reading COSMOtherm license key license.txt from directory /home/comp3/software/COSMOlogic/COSMOthermX19/licensefiles/

 COSMOtherm license key expiration date 04/26/2025
 COSMOtherm license key version 21
 Customer : 200000000032966
 ID       : LKO1978637

 License keys:
  product                   |    licensed version    | status
 ------------------------------------------------------------------------------ 
  COSMOtherm                |          21            | active
  TURBOMOLE                 |          21            | active
 ------------------------------------------------------------------------------ 
 
 Note: Vapor pressure / property file could not be found for compound 1
 Reading COSMO information for compound 1 conformer 1 from file /home/comp3/Desktop/Nastya/DES/cosmo/MGSRCZKZVOBKFT-UHFFFAOYSA-N.cosmo
 Note: Gas phase energy file could not be found for compound 1 conformer 1
 Note: converting Gaussian COSMO-file information of compound 1 conformer 1
 
 Note: Vapor pressure / property file could not be found for compound 2
 Reading COSMO information for compound 2 conformer 1 from file /home/comp3/Desktop/Nastya/DES/cosmo/HEFNNWSXXWATRW-UHFFFAOYSA-N.cosmo
 Note: Gas phase energy file could not be found for compound 2 conformer 1
 Note: converting Gaussian COSMO-file information of compound 2 conformer 1


 --- Compound 1 (MGSRCZKZVOBKFT-UHFFFAOYSA-N) ---

 Compound Information for compound 1 conformer 1 (COSMO file /home/comp3/Desktop/Nastya/DES/cosmo/MGSRCZKZVOBKFT-UHFFFAOYSA-N.cosmo)
 Atomic weights         : 1111111111111111111111111
 E_COSMO+dE             :    -291719.1309 kcal/mol
 E_gas                  :    -291713.3117 kcal/mol
 E_COSMO-E_gas+dE       :         -5.8192 kcal/mol
 E_diel                 :         -7.6961 kcal/mol
 Averaging corr dE      :          0.5105 kcal/mol
 Area                   :        201.8830 A^2
 Volume                 :        208.9508 A^3
 Molecular Weight       :        150.2185 a.m.u.
 Total COSMO charge     :         -0.0033 a.u.
 Dipole moment (t,x,y,z):          1.8596  1.664018  0.828380  0.055557 Debye                            
 Sigma moments (1-6)    :          0.0000  5.76E+01 -1.68E+01  7.54E+01 -6.93E+01  1.75E+02              
 H-bond moment (accept) :          0.3685
 H-bond moment (donor)  :          2.7955
 
 WARNING: QM computation level of compound 1 conformer 1 could not be determined - it may differ from the QM level of the parameter set.
 No gas phase energy for compound 1 conformer 1 specified, thus it will be estimated


 --- Compound 2 (HEFNNWSXXWATRW-UHFFFAOYSA-N) ---

 Compound Information for compound 2 conformer 1 (COSMO file /home/comp3/Desktop/Nastya/DES/cosmo/HEFNNWSXXWATRW-UHFFFAOYSA-N.cosmo)
 Atomic weights         : 111111111111111111111111111111111
 E_COSMO+dE             :    -412229.3612 kcal/mol
 E_gas                  :    -412221.4418 kcal/mol
 E_COSMO-E_gas+dE       :         -7.9194 kcal/mol
 E_diel                 :        -10.6830 kcal/mol
 Averaging corr dE      :          0.6404 kcal/mol
 Area                   :        256.5874 A^2
 Volume                 :        279.8755 A^3
 Molecular Weight       :        206.2820 a.m.u.
 Total COSMO charge     :         -0.0027 a.u.
 Dipole moment (t,x,y,z):          2.5554  1.065317 -1.104739  2.043154 Debye                            
 Sigma moments (1-6)    :          0.0000  7.86E+01 -3.156244  1.12E+02 -5.20E+01  2.69E+02              
 H-bond moment (accept) :          1.6159
 H-bond moment (donor)  :          3.2289
 
 WARNING: QM computation level of compound 2 conformer 1 could not be determined - it may differ from the QM level of the parameter set.
 No gas phase energy for compound 2 conformer 1 specified, thus it will be estimated


 Total number of processed compounds:    2


----------------
 START job     1
----------------

 --------------------------------------------------------------------------------
 Computation of activity coefficients gamma at infinite dilution in compound    1
 --------------------------------------------------------------------------------



 Results for mixture 1
 ---------------------
 Temperature          :    298.150 K
 Compound Nr.         :         1         2
 Compound             : MGSRCZKZV HEFNNWSXX
 Mole Fraction        :    1.0000    0.0000

 Compound: 1  (MGSRCZKZVOBKFT-UHFFFAOYSA-N)
 Chemical potential of the compound in the mixture :        -4.58375 kcal/mol
 Log10(partial pressure [mbar])                    :        -0.88222
 Free energy of molecule in mix (E_COSMO+dE+Mu)    :   -291723.71463 kcal/mol
 Total mean interaction energy in the mix (H_int)  :        -8.24480 kcal/mol
 Misfit interaction energy in the mix (H_MF)       :         2.52081 kcal/mol
 H-Bond interaction energy in the mix (H_HB)       :        -1.06366 kcal/mol
 VdW interaction energy in the mix (H_vdW)         :        -9.70195 kcal/mol




 Results for mixture 2
 ---------------------
 Temperature          :    298.150 K
 Compound Nr.         :         1         2
 Compound             : MGSRCZKZV HEFNNWSXX
 Mole Fraction        :    0.0000    1.0000

 Compound: 2  (HEFNNWSXXWATRW-UHFFFAOYSA-N)
 Chemical potential of the compound in the mixture :        -5.66196 kcal/mol
 Log10(partial pressure [mbar])                    :        -3.21202
 Free energy of molecule in mix (E_COSMO+dE+Mu)    :   -412235.02315 kcal/mol
 Total mean interaction energy in the mix (H_int)  :       -12.50150 kcal/mol
 Misfit interaction energy in the mix (H_MF)       :         2.83498 kcal/mol
 H-Bond interaction energy in the mix (H_HB)       :        -3.30521 kcal/mol
 VdW interaction energy in the mix (H_vdW)         :       -12.03127 kcal/mol




 Results for mixture 3
 ---------------------
 Temperature          :    298.150 K
 Compound Nr.         :         1         2
 Compound             : MGSRCZKZV HEFNNWSXX
 Mole Fraction        :    1.0000    0.0000

 Compound: 1  (MGSRCZKZVOBKFT-UHFFFAOYSA-N)
 Chemical potential of the compound in the mixture :        -4.58375 kcal/mol
 Log10(partial pressure [mbar])                    :        -0.88222
 Free energy of molecule in mix (E_COSMO+dE+Mu)    :   -291723.71463 kcal/mol
 Total mean interaction energy in the mix (H_int)  :        -8.24480 kcal/mol
 Misfit interaction energy in the mix (H_MF)       :         2.52081 kcal/mol
 H-Bond interaction energy in the mix (H_HB)       :        -1.06366 kcal/mol
 VdW interaction energy in the mix (H_vdW)         :        -9.70195 kcal/mol
 Ln(Activity coefficient)                          :         0.00000

 Compound: 2  (HEFNNWSXXWATRW-UHFFFAOYSA-N)
 Chemical potential of the compound in the mixture :        -6.13531 kcal/mol
 Log10(partial pressure [mbar])                    :        -3.55899
 Free energy of molecule in mix (E_COSMO+dE+Mu)    :   -412235.49650 kcal/mol
 Total mean interaction energy in the mix (H_int)  :       -12.62415 kcal/mol
 Misfit interaction energy in the mix (H_MF)       :         2.95319 kcal/mol
 H-Bond interaction energy in the mix (H_HB)       :        -3.39523 kcal/mol
 VdW interaction energy in the mix (H_vdW)         :       -12.18211 kcal/mol
 Ln(Activity coefficient)                          :        -0.79892


----------------
 END job       1
----------------
----------------
 START job     2
----------------

 --------------------------------------------------------------------------------
 Computation of activity coefficients gamma at infinite dilution in compound    2
 --------------------------------------------------------------------------------



 Results for mixture 4
 ---------------------
 Temperature          :    298.150 K
 Compound Nr.         :         1         2
 Compound             : MGSRCZKZV HEFNNWSXX
 Mole Fraction        :    1.0000    0.0000

 Compound: 1  (MGSRCZKZVOBKFT-UHFFFAOYSA-N)
 Chemical potential of the compound in the mixture :        -4.58375 kcal/mol
 Log10(partial pressure [mbar])                    :        -0.88222
 Free energy of molecule in mix (E_COSMO+dE+Mu)    :   -291723.71463 kcal/mol
 Total mean interaction energy in the mix (H_int)  :        -8.24480 kcal/mol
 Misfit interaction energy in the mix (H_MF)       :         2.52081 kcal/mol
 H-Bond interaction energy in the mix (H_HB)       :        -1.06366 kcal/mol
 VdW interaction energy in the mix (H_vdW)         :        -9.70195 kcal/mol




 Results for mixture 5
 ---------------------
 Temperature          :    298.150 K
 Compound Nr.         :         1         2
 Compound             : MGSRCZKZV HEFNNWSXX
 Mole Fraction        :    0.0000    1.0000

 Compound: 2  (HEFNNWSXXWATRW-UHFFFAOYSA-N)
 Chemical potential of the compound in the mixture :        -5.66196 kcal/mol
 Log10(partial pressure [mbar])                    :        -3.21202
 Free energy of molecule in mix (E_COSMO+dE+Mu)    :   -412235.02315 kcal/mol
 Total mean interaction energy in the mix (H_int)  :       -12.50150 kcal/mol
 Misfit interaction energy in the mix (H_MF)       :         2.83498 kcal/mol
 H-Bond interaction energy in the mix (H_HB)       :        -3.30521 kcal/mol
 VdW interaction energy in the mix (H_vdW)         :       -12.03127 kcal/mol




 Results for mixture 6
 ---------------------
 Temperature          :    298.150 K
 Compound Nr.         :         1         2
 Compound             : MGSRCZKZV HEFNNWSXX
 Mole Fraction        :    0.0000    1.0000

 Compound: 1  (MGSRCZKZVOBKFT-UHFFFAOYSA-N)
 Chemical potential of the compound in the mixture :        -4.92707 kcal/mol
 Log10(partial pressure [mbar])                    :        -1.13388
 Free energy of molecule in mix (E_COSMO+dE+Mu)    :   -291724.05795 kcal/mol
 Total mean interaction energy in the mix (H_int)  :        -9.07345 kcal/mol
 Misfit interaction energy in the mix (H_MF)       :         2.20476 kcal/mol
 H-Bond interaction energy in the mix (H_HB)       :        -1.69055 kcal/mol
 VdW interaction energy in the mix (H_vdW)         :        -9.58766 kcal/mol
 Ln(Activity coefficient)                          :        -0.57946

 Compound: 2  (HEFNNWSXXWATRW-UHFFFAOYSA-N)
 Chemical potential of the compound in the mixture :        -5.66196 kcal/mol
 Log10(partial pressure [mbar])                    :        -3.21202
 Free energy of molecule in mix (E_COSMO+dE+Mu)    :   -412235.02315 kcal/mol
 Total mean interaction energy in the mix (H_int)  :       -12.50150 kcal/mol
 Misfit interaction energy in the mix (H_MF)       :         2.83498 kcal/mol
 H-Bond interaction energy in the mix (H_HB)       :        -3.30521 kcal/mol
 VdW interaction energy in the mix (H_vdW)         :       -12.03127 kcal/mol
 Ln(Activity coefficient)                          :         0.00000


----------------
 END job       2
----------------
