 -----------------------------------------------------------
 BIOVIA COSMOtherm Version 2019 (build: 19.0.5 [65f0de1d5f])
 -----------------------------------------------------------

 Copyright (C) 1999-2019, Dassault Systemes BIOVIA corp, all rights reserved

 Job name   : !! generated by COSMOthermX !!
 Job date   : 09/16/2022
 Job time   : 14:10:22
 Hostname   : unknown
 OS type    : unknown
 Executable : Linux 64-bit

 Reading COSMOtherm parameter file BP_TZVP_C30_1701.ctd from directory /home/comp3/software/COSMOlogic/COSMOthermX19/COSMOtherm/CTDATA-FILES/OLDPARAM/
 Info: # COSMOtherm parameter file ./BP_TZVP_C30_1701.ctd for BP-TZVP optimized COSMO files                                                                  

 Reading COSMOtherm license key license.txt from directory /home/comp3/software/COSMOlogic/COSMOthermX19/licensefiles/

 COSMOtherm license key expiration date 04/26/2025
 COSMOtherm license key version 21
 Customer : 200000000032966
 ID       : LKO1978637

 License keys:
  product                   |    licensed version    | status
 ------------------------------------------------------------------------------ 
  COSMOtherm                |          21            | active
  TURBOMOLE                 |          21            | active
 ------------------------------------------------------------------------------ 
 
 Note: Vapor pressure / property file could not be found for compound 1
 Reading COSMO information for compound 1 conformer 1 from file /home/comp3/Desktop/Nastya/DES/cosmo/MGSRCZKZVOBKFT-UHFFFAOYSA-N.cosmo
 Note: Gas phase energy file could not be found for compound 1 conformer 1
 Note: converting Gaussian COSMO-file information of compound 1 conformer 1
 
 Note: Vapor pressure / property file could not be found for compound 2
 Reading COSMO information for compound 2 conformer 1 from file /home/comp3/Desktop/Nastya/DES/cosmo/IPCSVZSSVZVIGE-UHFFFAOYSA-N.cosmo
 Note: Gas phase energy file could not be found for compound 2 conformer 1
 Note: converting Gaussian COSMO-file information of compound 2 conformer 1


 --- Compound 1 (MGSRCZKZVOBKFT-UHFFFAOYSA-N) ---

 Compound Information for compound 1 conformer 1 (COSMO file /home/comp3/Desktop/Nastya/DES/cosmo/MGSRCZKZVOBKFT-UHFFFAOYSA-N.cosmo)
 Atomic weights         : 1111111111111111111111111
 E_COSMO+dE             :    -291719.1309 kcal/mol
 E_gas                  :    -291713.3117 kcal/mol
 E_COSMO-E_gas+dE       :         -5.8192 kcal/mol
 E_diel                 :         -7.6961 kcal/mol
 Averaging corr dE      :          0.5105 kcal/mol
 Area                   :        201.8830 A^2
 Volume                 :        208.9508 A^3
 Molecular Weight       :        150.2185 a.m.u.
 Total COSMO charge     :         -0.0033 a.u.
 Dipole moment (t,x,y,z):          1.8596  1.664018  0.828380  0.055557 Debye                            
 Sigma moments (1-6)    :          0.0000  5.76E+01 -1.68E+01  7.54E+01 -6.93E+01  1.75E+02              
 H-bond moment (accept) :          0.3685
 H-bond moment (donor)  :          2.7955
 
 WARNING: QM computation level of compound 1 conformer 1 could not be determined - it may differ from the QM level of the parameter set.
 No gas phase energy for compound 1 conformer 1 specified, thus it will be estimated


 --- Compound 2 (IPCSVZSSVZVIGE-UHFFFAOYSA-N) ---

 Compound Information for compound 2 conformer 1 (COSMO file /home/comp3/Desktop/Nastya/DES/cosmo/IPCSVZSSVZVIGE-UHFFFAOYSA-N.cosmo)
 Atomic weights         : 11111111111111111111111111111111111111111111111111
 E_COSMO+dE             :    -489285.3869 kcal/mol
 E_gas                  :    -489278.5545 kcal/mol
 E_COSMO-E_gas+dE       :         -6.8323 kcal/mol
 E_diel                 :         -9.1917 kcal/mol
 Averaging corr dE      :          0.6299 kcal/mol
 Area                   :        370.6735 A^2
 Volume                 :        382.3013 A^3
 Molecular Weight       :        256.4256 a.m.u.
 Total COSMO charge     :         -0.0084 a.u.
 Dipole moment (t,x,y,z):          2.9239  2.200857  0.248724 -1.908865 Debye                            
 Sigma moments (1-6)    :          0.0000  7.11E+01  4.312203  1.10E+02 -3.70E+01  2.63E+02              
 H-bond moment (accept) :          1.8280
 H-bond moment (donor)  :          3.0802
 
 WARNING: QM computation level of compound 2 conformer 1 could not be determined - it may differ from the QM level of the parameter set.
 No gas phase energy for compound 2 conformer 1 specified, thus it will be estimated


 Total number of processed compounds:    2


----------------
 START job     1
----------------

 --------------------------------------------------------------------------------
 Computation of activity coefficients gamma at infinite dilution in compound    1
 --------------------------------------------------------------------------------



 Results for mixture 1
 ---------------------
 Temperature          :    298.150 K
 Compound Nr.         :         1         2
 Compound             : MGSRCZKZV IPCSVZSSV
 Mole Fraction        :    1.0000    0.0000

 Compound: 1  (MGSRCZKZVOBKFT-UHFFFAOYSA-N)
 Chemical potential of the compound in the mixture :        -4.58375 kcal/mol
 Log10(partial pressure [mbar])                    :        -0.88222
 Free energy of molecule in mix (E_COSMO+dE+Mu)    :   -291723.71463 kcal/mol
 Total mean interaction energy in the mix (H_int)  :        -8.24480 kcal/mol
 Misfit interaction energy in the mix (H_MF)       :         2.52081 kcal/mol
 H-Bond interaction energy in the mix (H_HB)       :        -1.06366 kcal/mol
 VdW interaction energy in the mix (H_vdW)         :        -9.70195 kcal/mol




 Results for mixture 2
 ---------------------
 Temperature          :    298.150 K
 Compound Nr.         :         1         2
 Compound             : MGSRCZKZV IPCSVZSSV
 Mole Fraction        :    0.0000    1.0000

 Compound: 2  (IPCSVZSSVZVIGE-UHFFFAOYSA-N)
 Chemical potential of the compound in the mixture :        -9.71853 kcal/mol
 Log10(partial pressure [mbar])                    :        -4.55779
 Free energy of molecule in mix (E_COSMO+dE+Mu)    :   -489295.10540 kcal/mol
 Total mean interaction energy in the mix (H_int)  :       -18.61380 kcal/mol
 Misfit interaction energy in the mix (H_MF)       :         2.56588 kcal/mol
 H-Bond interaction energy in the mix (H_HB)       :        -3.30049 kcal/mol
 VdW interaction energy in the mix (H_vdW)         :       -17.87919 kcal/mol




 Results for mixture 3
 ---------------------
 Temperature          :    298.150 K
 Compound Nr.         :         1         2
 Compound             : MGSRCZKZV IPCSVZSSV
 Mole Fraction        :    1.0000    0.0000

 Compound: 1  (MGSRCZKZVOBKFT-UHFFFAOYSA-N)
 Chemical potential of the compound in the mixture :        -4.58375 kcal/mol
 Log10(partial pressure [mbar])                    :        -0.88222
 Free energy of molecule in mix (E_COSMO+dE+Mu)    :   -291723.71463 kcal/mol
 Total mean interaction energy in the mix (H_int)  :        -8.24480 kcal/mol
 Misfit interaction energy in the mix (H_MF)       :         2.52081 kcal/mol
 H-Bond interaction energy in the mix (H_HB)       :        -1.06366 kcal/mol
 VdW interaction energy in the mix (H_vdW)         :        -9.70195 kcal/mol
 Ln(Activity coefficient)                          :         0.00000

 Compound: 2  (IPCSVZSSVZVIGE-UHFFFAOYSA-N)
 Chemical potential of the compound in the mixture :       -10.08139 kcal/mol
 Log10(partial pressure [mbar])                    :        -4.82377
 Free energy of molecule in mix (E_COSMO+dE+Mu)    :   -489295.46826 kcal/mol
 Total mean interaction energy in the mix (H_int)  :       -17.91374 kcal/mol
 Misfit interaction energy in the mix (H_MF)       :         3.54036 kcal/mol
 H-Bond interaction energy in the mix (H_HB)       :        -3.69895 kcal/mol
 VdW interaction energy in the mix (H_vdW)         :       -17.75515 kcal/mol
 Ln(Activity coefficient)                          :        -0.61244


----------------
 END job       1
----------------
----------------
 START job     2
----------------

 --------------------------------------------------------------------------------
 Computation of activity coefficients gamma at infinite dilution in compound    2
 --------------------------------------------------------------------------------



 Results for mixture 4
 ---------------------
 Temperature          :    298.150 K
 Compound Nr.         :         1         2
 Compound             : MGSRCZKZV IPCSVZSSV
 Mole Fraction        :    1.0000    0.0000

 Compound: 1  (MGSRCZKZVOBKFT-UHFFFAOYSA-N)
 Chemical potential of the compound in the mixture :        -4.58375 kcal/mol
 Log10(partial pressure [mbar])                    :        -0.88222
 Free energy of molecule in mix (E_COSMO+dE+Mu)    :   -291723.71463 kcal/mol
 Total mean interaction energy in the mix (H_int)  :        -8.24480 kcal/mol
 Misfit interaction energy in the mix (H_MF)       :         2.52081 kcal/mol
 H-Bond interaction energy in the mix (H_HB)       :        -1.06366 kcal/mol
 VdW interaction energy in the mix (H_vdW)         :        -9.70195 kcal/mol




 Results for mixture 5
 ---------------------
 Temperature          :    298.150 K
 Compound Nr.         :         1         2
 Compound             : MGSRCZKZV IPCSVZSSV
 Mole Fraction        :    0.0000    1.0000

 Compound: 2  (IPCSVZSSVZVIGE-UHFFFAOYSA-N)
 Chemical potential of the compound in the mixture :        -9.71853 kcal/mol
 Log10(partial pressure [mbar])                    :        -4.55779
 Free energy of molecule in mix (E_COSMO+dE+Mu)    :   -489295.10540 kcal/mol
 Total mean interaction energy in the mix (H_int)  :       -18.61380 kcal/mol
 Misfit interaction energy in the mix (H_MF)       :         2.56588 kcal/mol
 H-Bond interaction energy in the mix (H_HB)       :        -3.30049 kcal/mol
 VdW interaction energy in the mix (H_vdW)         :       -17.87919 kcal/mol




 Results for mixture 6
 ---------------------
 Temperature          :    298.150 K
 Compound Nr.         :         1         2
 Compound             : MGSRCZKZV IPCSVZSSV
 Mole Fraction        :    0.0000    1.0000

 Compound: 1  (MGSRCZKZVOBKFT-UHFFFAOYSA-N)
 Chemical potential of the compound in the mixture :        -4.87842 kcal/mol
 Log10(partial pressure [mbar])                    :        -1.09822
 Free energy of molecule in mix (E_COSMO+dE+Mu)    :   -291724.00930 kcal/mol
 Total mean interaction energy in the mix (H_int)  :        -9.43399 kcal/mol
 Misfit interaction energy in the mix (H_MF)       :         1.89991 kcal/mol
 H-Bond interaction energy in the mix (H_HB)       :        -1.71344 kcal/mol
 VdW interaction energy in the mix (H_vdW)         :        -9.62046 kcal/mol
 Ln(Activity coefficient)                          :        -0.49735

 Compound: 2  (IPCSVZSSVZVIGE-UHFFFAOYSA-N)
 Chemical potential of the compound in the mixture :        -9.71853 kcal/mol
 Log10(partial pressure [mbar])                    :        -4.55779
 Free energy of molecule in mix (E_COSMO+dE+Mu)    :   -489295.10540 kcal/mol
 Total mean interaction energy in the mix (H_int)  :       -18.61380 kcal/mol
 Misfit interaction energy in the mix (H_MF)       :         2.56588 kcal/mol
 H-Bond interaction energy in the mix (H_HB)       :        -3.30049 kcal/mol
 VdW interaction energy in the mix (H_vdW)         :       -17.87919 kcal/mol
 Ln(Activity coefficient)                          :         0.00000


----------------
 END job       2
----------------
