 -----------------------------------------------------------
 BIOVIA COSMOtherm Version 2019 (build: 19.0.5 [65f0de1d5f])
 -----------------------------------------------------------

 Copyright (C) 1999-2019, Dassault Systemes BIOVIA corp, all rights reserved

 Job name   : !! generated by COSMOthermX !!
 Job date   : 09/16/2022
 Job time   : 14:10:00
 Hostname   : unknown
 OS type    : unknown
 Executable : Linux 64-bit

 Reading COSMOtherm parameter file BP_TZVP_C30_1701.ctd from directory /home/comp3/software/COSMOlogic/COSMOthermX19/COSMOtherm/CTDATA-FILES/OLDPARAM/
 Info: # COSMOtherm parameter file ./BP_TZVP_C30_1701.ctd for BP-TZVP optimized COSMO files                                                                  

 Reading COSMOtherm license key license.txt from directory /home/comp3/software/COSMOlogic/COSMOthermX19/licensefiles/

 COSMOtherm license key expiration date 04/26/2025
 COSMOtherm license key version 21
 Customer : 200000000032966
 ID       : LKO1978637

 License keys:
  product                   |    licensed version    | status
 ------------------------------------------------------------------------------ 
  COSMOtherm                |          21            | active
  TURBOMOLE                 |          21            | active
 ------------------------------------------------------------------------------ 
 
 Note: Vapor pressure / property file could not be found for compound 1
 Reading COSMO information for compound 1 conformer 1 from file /home/comp3/Desktop/Nastya/DES/cosmo/MVFGUOIZUNYYSO-UHFFFAOYSA-N.cosmo
 Note: Gas phase energy file could not be found for compound 1 conformer 1
 Note: converting Gaussian COSMO-file information of compound 1 conformer 1
 
 Note: Vapor pressure / property file could not be found for compound 2
 Reading COSMO information for compound 2 conformer 1 from file /home/comp3/Desktop/Nastya/DES/cosmo/NNJVILVZKWQKPM-UHFFFAOYSA-N.cosmo
 Note: Gas phase energy file could not be found for compound 2 conformer 1
 Note: converting Gaussian COSMO-file information of compound 2 conformer 1


 --- Compound 1 (MVFGUOIZUNYYSO-UHFFFAOYSA-N) ---

 Compound Information for compound 1 conformer 1 (COSMO file /home/comp3/Desktop/Nastya/DES/cosmo/MVFGUOIZUNYYSO-UHFFFAOYSA-N.cosmo)
 Atomic weights         : 111111111111111111111111111111111111
 E_COSMO+dE             :    -434500.4916 kcal/mol
 E_gas                  :    -434491.1747 kcal/mol
 E_COSMO-E_gas+dE       :         -9.3169 kcal/mol
 E_diel                 :        -12.5067 kcal/mol
 Averaging corr dE      :          0.5421 kcal/mol
 Area                   :        272.1004 A^2
 Volume                 :        299.2701 A^3
 Molecular Weight       :        220.3120 a.m.u.
 Total COSMO charge     :          0.0001 a.u.
 Dipole moment (t,x,y,z):          6.6917  4.503479 -3.845110  3.116428 Debye                            
 Sigma moments (1-6)    :          0.0000  7.14E+01  3.63E+01  8.18E+01  9.10E+01  1.61E+02              
 H-bond moment (accept) :          3.4008
 H-bond moment (donor)  :          0.0860
 
 WARNING: QM computation level of compound 1 conformer 1 could not be determined - it may differ from the QM level of the parameter set.
 No gas phase energy for compound 1 conformer 1 specified, thus it will be estimated


 --- Compound 2 (NNJVILVZKWQKPM-UHFFFAOYSA-N) ---

 Compound Information for compound 2 conformer 1 (COSMO file /home/comp3/Desktop/Nastya/DES/cosmo/NNJVILVZKWQKPM-UHFFFAOYSA-N.cosmo)
 Atomic weights         : 111111111111111111111111111111111111111
 E_COSMO+dE             :    -459166.3539 kcal/mol
 E_gas                  :    -459153.6556 kcal/mol
 E_COSMO-E_gas+dE       :        -12.6984 kcal/mol
 E_diel                 :        -17.7403 kcal/mol
 Averaging corr dE      :          0.6272 kcal/mol
 Area                   :        282.5996 A^2
 Volume                 :        320.2243 A^3
 Molecular Weight       :        234.3386 a.m.u.
 Total COSMO charge     :         -0.0032 a.u.
 Dipole moment (t,x,y,z):          6.5288  0.199642 -2.301784 -6.106286 Debye                            
 Sigma moments (1-6)    :          0.0000  1.04E+02  8.69E+01  2.58E+02  4.42E+02  1.12E+03              
 H-bond moment (accept) :          9.4067
 H-bond moment (donor)  :          1.1811
 
 WARNING: QM computation level of compound 2 conformer 1 could not be determined - it may differ from the QM level of the parameter set.
 No gas phase energy for compound 2 conformer 1 specified, thus it will be estimated


 Total number of processed compounds:    2


----------------
 START job     1
----------------

 --------------------------------------------------------------------------------
 Computation of activity coefficients gamma at infinite dilution in compound    1
 --------------------------------------------------------------------------------



 Results for mixture 1
 ---------------------
 Temperature          :    298.150 K
 Compound Nr.         :         1         2
 Compound             : MVFGUOIZU NNJVILVZK
 Mole Fraction        :    1.0000    0.0000

 Compound: 1  (MVFGUOIZUNYYSO-UHFFFAOYSA-N)
 Chemical potential of the compound in the mixture :        -5.31931 kcal/mol
 Log10(partial pressure [mbar])                    :        -3.98521
 Free energy of molecule in mix (E_COSMO+dE+Mu)    :   -434505.81092 kcal/mol
 Total mean interaction energy in the mix (H_int)  :        -9.50899 kcal/mol
 Misfit interaction energy in the mix (H_MF)       :         3.85164 kcal/mol
 H-Bond interaction energy in the mix (H_HB)       :        -0.21621 kcal/mol
 VdW interaction energy in the mix (H_vdW)         :       -13.14442 kcal/mol




 Results for mixture 2
 ---------------------
 Temperature          :    298.150 K
 Compound Nr.         :         1         2
 Compound             : MVFGUOIZU NNJVILVZK
 Mole Fraction        :    0.0000    1.0000

 Compound: 2  (NNJVILVZKWQKPM-UHFFFAOYSA-N)
 Chemical potential of the compound in the mixture :        -4.45290 kcal/mol
 Log10(partial pressure [mbar])                    :        -5.82876
 Free energy of molecule in mix (E_COSMO+dE+Mu)    :   -459170.80682 kcal/mol
 Total mean interaction energy in the mix (H_int)  :       -11.83728 kcal/mol
 Misfit interaction energy in the mix (H_MF)       :         4.65567 kcal/mol
 H-Bond interaction energy in the mix (H_HB)       :        -2.77925 kcal/mol
 VdW interaction energy in the mix (H_vdW)         :       -13.71369 kcal/mol




 Results for mixture 3
 ---------------------
 Temperature          :    298.150 K
 Compound Nr.         :         1         2
 Compound             : MVFGUOIZU NNJVILVZK
 Mole Fraction        :    1.0000    0.0000

 Compound: 1  (MVFGUOIZUNYYSO-UHFFFAOYSA-N)
 Chemical potential of the compound in the mixture :        -5.31931 kcal/mol
 Log10(partial pressure [mbar])                    :        -3.98521
 Free energy of molecule in mix (E_COSMO+dE+Mu)    :   -434505.81092 kcal/mol
 Total mean interaction energy in the mix (H_int)  :        -9.50899 kcal/mol
 Misfit interaction energy in the mix (H_MF)       :         3.85164 kcal/mol
 H-Bond interaction energy in the mix (H_HB)       :        -0.21621 kcal/mol
 VdW interaction energy in the mix (H_vdW)         :       -13.14442 kcal/mol
 Ln(Activity coefficient)                          :         0.00000

 Compound: 2  (NNJVILVZKWQKPM-UHFFFAOYSA-N)
 Chemical potential of the compound in the mixture :        -3.95070 kcal/mol
 Log10(partial pressure [mbar])                    :        -5.46065
 Free energy of molecule in mix (E_COSMO+dE+Mu)    :   -459170.30462 kcal/mol
 Total mean interaction energy in the mix (H_int)  :       -10.12143 kcal/mol
 Misfit interaction energy in the mix (H_MF)       :         4.62713 kcal/mol
 H-Bond interaction energy in the mix (H_HB)       :        -1.10171 kcal/mol
 VdW interaction energy in the mix (H_vdW)         :       -13.64684 kcal/mol
 Ln(Activity coefficient)                          :         0.84761


----------------
 END job       1
----------------
----------------
 START job     2
----------------

 --------------------------------------------------------------------------------
 Computation of activity coefficients gamma at infinite dilution in compound    2
 --------------------------------------------------------------------------------



 Results for mixture 4
 ---------------------
 Temperature          :    298.150 K
 Compound Nr.         :         1         2
 Compound             : MVFGUOIZU NNJVILVZK
 Mole Fraction        :    1.0000    0.0000

 Compound: 1  (MVFGUOIZUNYYSO-UHFFFAOYSA-N)
 Chemical potential of the compound in the mixture :        -5.31931 kcal/mol
 Log10(partial pressure [mbar])                    :        -3.98521
 Free energy of molecule in mix (E_COSMO+dE+Mu)    :   -434505.81092 kcal/mol
 Total mean interaction energy in the mix (H_int)  :        -9.50899 kcal/mol
 Misfit interaction energy in the mix (H_MF)       :         3.85164 kcal/mol
 H-Bond interaction energy in the mix (H_HB)       :        -0.21621 kcal/mol
 VdW interaction energy in the mix (H_vdW)         :       -13.14442 kcal/mol




 Results for mixture 5
 ---------------------
 Temperature          :    298.150 K
 Compound Nr.         :         1         2
 Compound             : MVFGUOIZU NNJVILVZK
 Mole Fraction        :    0.0000    1.0000

 Compound: 2  (NNJVILVZKWQKPM-UHFFFAOYSA-N)
 Chemical potential of the compound in the mixture :        -4.45290 kcal/mol
 Log10(partial pressure [mbar])                    :        -5.82876
 Free energy of molecule in mix (E_COSMO+dE+Mu)    :   -459170.80682 kcal/mol
 Total mean interaction energy in the mix (H_int)  :       -11.83728 kcal/mol
 Misfit interaction energy in the mix (H_MF)       :         4.65567 kcal/mol
 H-Bond interaction energy in the mix (H_HB)       :        -2.77925 kcal/mol
 VdW interaction energy in the mix (H_vdW)         :       -13.71369 kcal/mol




 Results for mixture 6
 ---------------------
 Temperature          :    298.150 K
 Compound Nr.         :         1         2
 Compound             : MVFGUOIZU NNJVILVZK
 Mole Fraction        :    0.0000    1.0000

 Compound: 1  (MVFGUOIZUNYYSO-UHFFFAOYSA-N)
 Chemical potential of the compound in the mixture :        -5.07875 kcal/mol
 Log10(partial pressure [mbar])                    :        -3.80888
 Free energy of molecule in mix (E_COSMO+dE+Mu)    :   -434505.57036 kcal/mol
 Total mean interaction energy in the mix (H_int)  :        -9.62044 kcal/mol
 Misfit interaction energy in the mix (H_MF)       :         4.05361 kcal/mol
 H-Bond interaction energy in the mix (H_HB)       :        -0.44760 kcal/mol
 VdW interaction energy in the mix (H_vdW)         :       -13.22646 kcal/mol
 Ln(Activity coefficient)                          :         0.40602

 Compound: 2  (NNJVILVZKWQKPM-UHFFFAOYSA-N)
 Chemical potential of the compound in the mixture :        -4.45290 kcal/mol
 Log10(partial pressure [mbar])                    :        -5.82876
 Free energy of molecule in mix (E_COSMO+dE+Mu)    :   -459170.80682 kcal/mol
 Total mean interaction energy in the mix (H_int)  :       -11.83728 kcal/mol
 Misfit interaction energy in the mix (H_MF)       :         4.65567 kcal/mol
 H-Bond interaction energy in the mix (H_HB)       :        -2.77925 kcal/mol
 VdW interaction energy in the mix (H_vdW)         :       -13.71369 kcal/mol
 Ln(Activity coefficient)                          :         0.00000


----------------
 END job       2
----------------
