 -----------------------------------------------------------
 BIOVIA COSMOtherm Version 2019 (build: 19.0.5 [65f0de1d5f])
 -----------------------------------------------------------

 Copyright (C) 1999-2019, Dassault Systemes BIOVIA corp, all rights reserved

 Job name   : !! generated by COSMOthermX !!
 Job date   : 09/16/2022
 Job time   : 14:08:17
 Hostname   : unknown
 OS type    : unknown
 Executable : Linux 64-bit

 Reading COSMOtherm parameter file BP_TZVP_C30_1701.ctd from directory /home/comp3/software/COSMOlogic/COSMOthermX19/COSMOtherm/CTDATA-FILES/OLDPARAM/
 Info: # COSMOtherm parameter file ./BP_TZVP_C30_1701.ctd for BP-TZVP optimized COSMO files                                                                  

 Reading COSMOtherm license key license.txt from directory /home/comp3/software/COSMOlogic/COSMOthermX19/licensefiles/

 COSMOtherm license key expiration date 04/26/2025
 COSMOtherm license key version 21
 Customer : 200000000032966
 ID       : LKO1978637

 License keys:
  product                   |    licensed version    | status
 ------------------------------------------------------------------------------ 
  COSMOtherm                |          21            | active
  TURBOMOLE                 |          21            | active
 ------------------------------------------------------------------------------ 
 
 Note: Vapor pressure / property file could not be found for compound 1
 Reading COSMO information for compound 1 conformer 1 from file /home/comp3/Desktop/Nastya/DES/cosmo/NHGXDBSUJJNIRV-UHFFFAOYSA-M.cosmo
 Note: Gas phase energy file could not be found for compound 1 conformer 1
 Note: converting Gaussian COSMO-file information of compound 1 conformer 1
 
 Note: Vapor pressure / property file could not be found for compound 2
 Reading COSMO information for compound 2 conformer 1 from file /home/comp3/Desktop/Nastya/DES/cosmo/FFEARJCKVFRZRR-BYPYZUCNSA-N.cosmo
 Note: Gas phase energy file could not be found for compound 2 conformer 1
 Note: converting Gaussian COSMO-file information of compound 2 conformer 1


 --- Compound 1 (NHGXDBSUJJNIRV-UHFFFAOYSA-M) ---

 Compound Information for compound 1 conformer 1 (COSMO file /home/comp3/Desktop/Nastya/DES/cosmo/NHGXDBSUJJNIRV-UHFFFAOYSA-M.cosmo)
 Atomic weights         : 111111111111111111111111111111111111111111111111111111
 E_COSMO+dE             :    -719517.9701 kcal/mol
 E_gas                  :    -719490.0954 kcal/mol
 E_COSMO-E_gas+dE       :        -27.8747 kcal/mol
 E_diel                 :        -40.6586 kcal/mol
 Averaging corr dE      :          0.5864 kcal/mol
 Area                   :        346.8419 A^2
 Volume                 :        412.6118 A^3
 Molecular Weight       :        277.9185 a.m.u.
 Total COSMO charge     :          0.0092 a.u.
 Dipole moment (t,x,y,z):         18.0212  1.17E+01 -8.942479 -1.03E+01 Debye                            
 Sigma moments (1-6)    :          0.0000  1.71E+02  2.01E+02  4.29E+02  7.39E+02  1.41E+03              
 H-bond moment (accept) :         22.3888
 H-bond moment (donor)  :          0.0050
 
 WARNING: QM computation level of compound 1 conformer 1 could not be determined - it may differ from the QM level of the parameter set.
 No gas phase energy for compound 1 conformer 1 specified, thus it will be estimated


 --- Compound 2 (FFEARJCKVFRZRR-BYPYZUCNSA-N) ---

 Compound Information for compound 2 conformer 1 (COSMO file /home/comp3/Desktop/Nastya/DES/cosmo/FFEARJCKVFRZRR-BYPYZUCNSA-N.cosmo)
 Atomic weights         : 11111111111111111111
 E_COSMO+dE             :    -502500.1891 kcal/mol
 E_gas                  :    -502472.8534 kcal/mol
 E_COSMO-E_gas+dE       :        -27.3357 kcal/mol
 E_diel                 :        -40.4069 kcal/mol
 Averaging corr dE      :          0.9491 kcal/mol
 Area                   :        184.3368 A^2
 Volume                 :        182.0981 A^3
 Molecular Weight       :        149.2124 a.m.u.
 Total COSMO charge     :          0.0051 a.u.
 Dipole moment (t,x,y,z):         10.9499  0.353419 -1.02E+01 -3.853536 Debye                            
 Sigma moments (1-6)    :          0.0000  1.99E+02  3.44E+01  4.82E+02  1.26E+02  1.42E+03              
 H-bond moment (accept) :         14.0589
 H-bond moment (donor)  :          8.8490
 
 WARNING: QM computation level of compound 2 conformer 1 could not be determined - it may differ from the QM level of the parameter set.
 No gas phase energy for compound 2 conformer 1 specified, thus it will be estimated


 Total number of processed compounds:    2


----------------
 START job     1
----------------

 --------------------------------------------------------------------------------
 Computation of activity coefficients gamma at infinite dilution in compound    1
 --------------------------------------------------------------------------------



 Results for mixture 1
 ---------------------
 Temperature          :    298.150 K
 Compound Nr.         :         1         2
 Compound             : NHGXDBSUJ FFEARJCKV
 Mole Fraction        :    1.0000    0.0000

 Compound: 1  (NHGXDBSUJJNIRV-UHFFFAOYSA-M)
 Chemical potential of the compound in the mixture :        -0.38175 kcal/mol
 Log10(partial pressure [mbar])                    :       -13.13804
 Free energy of molecule in mix (E_COSMO+dE+Mu)    :   -719518.35184 kcal/mol
 Total mean interaction energy in the mix (H_int)  :        -8.14964 kcal/mol
 Misfit interaction energy in the mix (H_MF)       :        10.46899 kcal/mol
 H-Bond interaction energy in the mix (H_HB)       :        -0.74122 kcal/mol
 VdW interaction energy in the mix (H_vdW)         :       -17.87741 kcal/mol




 Results for mixture 2
 ---------------------
 Temperature          :    298.150 K
 Compound Nr.         :         1         2
 Compound             : NHGXDBSUJ FFEARJCKV
 Mole Fraction        :    0.0000    1.0000

 Compound: 2  (FFEARJCKVFRZRR-BYPYZUCNSA-N)
 Chemical potential of the compound in the mixture :        -1.94536 kcal/mol
 Log10(partial pressure [mbar])                    :       -13.88913
 Free energy of molecule in mix (E_COSMO+dE+Mu)    :   -502502.13446 kcal/mol
 Total mean interaction energy in the mix (H_int)  :       -15.75709 kcal/mol
 Misfit interaction energy in the mix (H_MF)       :         3.34504 kcal/mol
 H-Bond interaction energy in the mix (H_HB)       :       -10.00348 kcal/mol
 VdW interaction energy in the mix (H_vdW)         :        -9.09865 kcal/mol




 Results for mixture 3
 ---------------------
 Temperature          :    298.150 K
 Compound Nr.         :         1         2
 Compound             : NHGXDBSUJ FFEARJCKV
 Mole Fraction        :    1.0000    0.0000

 Compound: 1  (NHGXDBSUJJNIRV-UHFFFAOYSA-M)
 Chemical potential of the compound in the mixture :        -0.38175 kcal/mol
 Log10(partial pressure [mbar])                    :       -13.13804
 Free energy of molecule in mix (E_COSMO+dE+Mu)    :   -719518.35184 kcal/mol
 Total mean interaction energy in the mix (H_int)  :        -8.14964 kcal/mol
 Misfit interaction energy in the mix (H_MF)       :        10.46899 kcal/mol
 H-Bond interaction energy in the mix (H_HB)       :        -0.74122 kcal/mol
 VdW interaction energy in the mix (H_vdW)         :       -17.87741 kcal/mol
 Ln(Activity coefficient)                          :         0.00000

 Compound: 2  (FFEARJCKVFRZRR-BYPYZUCNSA-N)
 Chemical potential of the compound in the mixture :        -3.26781 kcal/mol
 Log10(partial pressure [mbar])                    :       -14.85849
 Free energy of molecule in mix (E_COSMO+dE+Mu)    :   -502503.45691 kcal/mol
 Total mean interaction energy in the mix (H_int)  :       -10.34381 kcal/mol
 Misfit interaction energy in the mix (H_MF)       :         5.50751 kcal/mol
 H-Bond interaction energy in the mix (H_HB)       :        -6.51215 kcal/mol
 VdW interaction energy in the mix (H_vdW)         :        -9.33918 kcal/mol
 Ln(Activity coefficient)                          :        -2.23204


----------------
 END job       1
----------------
----------------
 START job     2
----------------

 --------------------------------------------------------------------------------
 Computation of activity coefficients gamma at infinite dilution in compound    2
 --------------------------------------------------------------------------------



 Results for mixture 4
 ---------------------
 Temperature          :    298.150 K
 Compound Nr.         :         1         2
 Compound             : NHGXDBSUJ FFEARJCKV
 Mole Fraction        :    1.0000    0.0000

 Compound: 1  (NHGXDBSUJJNIRV-UHFFFAOYSA-M)
 Chemical potential of the compound in the mixture :        -0.38175 kcal/mol
 Log10(partial pressure [mbar])                    :       -13.13804
 Free energy of molecule in mix (E_COSMO+dE+Mu)    :   -719518.35184 kcal/mol
 Total mean interaction energy in the mix (H_int)  :        -8.14964 kcal/mol
 Misfit interaction energy in the mix (H_MF)       :        10.46899 kcal/mol
 H-Bond interaction energy in the mix (H_HB)       :        -0.74122 kcal/mol
 VdW interaction energy in the mix (H_vdW)         :       -17.87741 kcal/mol




 Results for mixture 5
 ---------------------
 Temperature          :    298.150 K
 Compound Nr.         :         1         2
 Compound             : NHGXDBSUJ FFEARJCKV
 Mole Fraction        :    0.0000    1.0000

 Compound: 2  (FFEARJCKVFRZRR-BYPYZUCNSA-N)
 Chemical potential of the compound in the mixture :        -1.94536 kcal/mol
 Log10(partial pressure [mbar])                    :       -13.88913
 Free energy of molecule in mix (E_COSMO+dE+Mu)    :   -502502.13446 kcal/mol
 Total mean interaction energy in the mix (H_int)  :       -15.75709 kcal/mol
 Misfit interaction energy in the mix (H_MF)       :         3.34504 kcal/mol
 H-Bond interaction energy in the mix (H_HB)       :       -10.00348 kcal/mol
 VdW interaction energy in the mix (H_vdW)         :        -9.09865 kcal/mol




 Results for mixture 6
 ---------------------
 Temperature          :    298.150 K
 Compound Nr.         :         1         2
 Compound             : NHGXDBSUJ FFEARJCKV
 Mole Fraction        :    0.0000    1.0000

 Compound: 1  (NHGXDBSUJJNIRV-UHFFFAOYSA-M)
 Chemical potential of the compound in the mixture :        -2.06536 kcal/mol
 Log10(partial pressure [mbar])                    :       -14.37214
 Free energy of molecule in mix (E_COSMO+dE+Mu)    :   -719520.03545 kcal/mol
 Total mean interaction energy in the mix (H_int)  :       -19.92699 kcal/mol
 Misfit interaction energy in the mix (H_MF)       :         6.64586 kcal/mol
 H-Bond interaction energy in the mix (H_HB)       :        -8.69237 kcal/mol
 VdW interaction energy in the mix (H_vdW)         :       -17.88048 kcal/mol
 Ln(Activity coefficient)                          :        -2.84161

 Compound: 2  (FFEARJCKVFRZRR-BYPYZUCNSA-N)
 Chemical potential of the compound in the mixture :        -1.94536 kcal/mol
 Log10(partial pressure [mbar])                    :       -13.88913
 Free energy of molecule in mix (E_COSMO+dE+Mu)    :   -502502.13446 kcal/mol
 Total mean interaction energy in the mix (H_int)  :       -15.75709 kcal/mol
 Misfit interaction energy in the mix (H_MF)       :         3.34504 kcal/mol
 H-Bond interaction energy in the mix (H_HB)       :       -10.00348 kcal/mol
 VdW interaction energy in the mix (H_vdW)         :        -9.09865 kcal/mol
 Ln(Activity coefficient)                          :         0.00000


----------------
 END job       2
----------------
