 -----------------------------------------------------------
 BIOVIA COSMOtherm Version 2019 (build: 19.0.5 [65f0de1d5f])
 -----------------------------------------------------------

 Copyright (C) 1999-2019, Dassault Systemes BIOVIA corp, all rights reserved

 Job name   : !! generated by COSMOthermX !!
 Job date   : 09/16/2022
 Job time   : 14:08:17
 Hostname   : unknown
 OS type    : unknown
 Executable : Linux 64-bit

 Reading COSMOtherm parameter file BP_TZVP_C30_1701.ctd from directory /home/comp3/software/COSMOlogic/COSMOthermX19/COSMOtherm/CTDATA-FILES/OLDPARAM/
 Info: # COSMOtherm parameter file ./BP_TZVP_C30_1701.ctd for BP-TZVP optimized COSMO files                                                                  

 Reading COSMOtherm license key license.txt from directory /home/comp3/software/COSMOlogic/COSMOthermX19/licensefiles/

 COSMOtherm license key expiration date 04/26/2025
 COSMOtherm license key version 21
 Customer : 200000000032966
 ID       : LKO1978637

 License keys:
  product                   |    licensed version    | status
 ------------------------------------------------------------------------------ 
  COSMOtherm                |          21            | active
  TURBOMOLE                 |          21            | active
 ------------------------------------------------------------------------------ 
 
 Note: Vapor pressure / property file could not be found for compound 1
 Reading COSMO information for compound 1 conformer 1 from file /home/comp3/Desktop/Nastya/DES/cosmo/NHGXDBSUJJNIRV-UHFFFAOYSA-M.cosmo
 Note: Gas phase energy file could not be found for compound 1 conformer 1
 Note: converting Gaussian COSMO-file information of compound 1 conformer 1
 
 Note: Vapor pressure / property file could not be found for compound 2
 Reading COSMO information for compound 2 conformer 1 from file /home/comp3/Desktop/Nastya/DES/cosmo/AYFVYJQAPQTCCC-STHAYSLISA-N.cosmo
 Note: Gas phase energy file could not be found for compound 2 conformer 1
 Note: converting Gaussian COSMO-file information of compound 2 conformer 1


 --- Compound 1 (NHGXDBSUJJNIRV-UHFFFAOYSA-M) ---

 Compound Information for compound 1 conformer 1 (COSMO file /home/comp3/Desktop/Nastya/DES/cosmo/NHGXDBSUJJNIRV-UHFFFAOYSA-M.cosmo)
 Atomic weights         : 111111111111111111111111111111111111111111111111111111
 E_COSMO+dE             :    -719517.9701 kcal/mol
 E_gas                  :    -719490.0954 kcal/mol
 E_COSMO-E_gas+dE       :        -27.8747 kcal/mol
 E_diel                 :        -40.6586 kcal/mol
 Averaging corr dE      :          0.5864 kcal/mol
 Area                   :        346.8419 A^2
 Volume                 :        412.6118 A^3
 Molecular Weight       :        277.9185 a.m.u.
 Total COSMO charge     :          0.0092 a.u.
 Dipole moment (t,x,y,z):         18.0212  1.17E+01 -8.942479 -1.03E+01 Debye                            
 Sigma moments (1-6)    :          0.0000  1.71E+02  2.01E+02  4.29E+02  7.39E+02  1.41E+03              
 H-bond moment (accept) :         22.3888
 H-bond moment (donor)  :          0.0050
 
 WARNING: QM computation level of compound 1 conformer 1 could not be determined - it may differ from the QM level of the parameter set.
 No gas phase energy for compound 1 conformer 1 specified, thus it will be estimated


 --- Compound 2 (AYFVYJQAPQTCCC-STHAYSLISA-N) ---

 Compound Information for compound 2 conformer 1 (COSMO file /home/comp3/Desktop/Nastya/DES/cosmo/AYFVYJQAPQTCCC-STHAYSLISA-N.cosmo)
 Atomic weights         : 11111111111111111
 E_COSMO+dE             :    -275151.2828 kcal/mol
 E_gas                  :    -275124.1027 kcal/mol
 E_COSMO-E_gas+dE       :        -27.1801 kcal/mol
 E_diel                 :        -40.3051 kcal/mol
 Averaging corr dE      :          1.0335 kcal/mol
 Area                   :        146.8724 A^2
 Volume                 :        142.0718 A^3
 Molecular Weight       :        119.1197 a.m.u.
 Total COSMO charge     :          0.0044 a.u.
 Dipole moment (t,x,y,z):         11.8282 -8.140828  7.509978 -4.151406 Debye                            
 Sigma moments (1-6)    :          0.0000  2.04E+02  4.45E+01  5.25E+02  1.98E+02  1.56E+03              
 H-bond moment (accept) :         16.3434
 H-bond moment (donor)  :          9.0242
 
 WARNING: QM computation level of compound 2 conformer 1 could not be determined - it may differ from the QM level of the parameter set.
 No gas phase energy for compound 2 conformer 1 specified, thus it will be estimated


 Total number of processed compounds:    2


----------------
 START job     1
----------------

 --------------------------------------------------------------------------------
 Computation of activity coefficients gamma at infinite dilution in compound    1
 --------------------------------------------------------------------------------



 Results for mixture 1
 ---------------------
 Temperature          :    298.150 K
 Compound Nr.         :         1         2
 Compound             : NHGXDBSUJ AYFVYJQAP
 Mole Fraction        :    1.0000    0.0000

 Compound: 1  (NHGXDBSUJJNIRV-UHFFFAOYSA-M)
 Chemical potential of the compound in the mixture :        -0.38175 kcal/mol
 Log10(partial pressure [mbar])                    :       -13.13804
 Free energy of molecule in mix (E_COSMO+dE+Mu)    :   -719518.35184 kcal/mol
 Total mean interaction energy in the mix (H_int)  :        -8.14964 kcal/mol
 Misfit interaction energy in the mix (H_MF)       :        10.46899 kcal/mol
 H-Bond interaction energy in the mix (H_HB)       :        -0.74122 kcal/mol
 VdW interaction energy in the mix (H_vdW)         :       -17.87741 kcal/mol




 Results for mixture 2
 ---------------------
 Temperature          :    298.150 K
 Compound Nr.         :         1         2
 Compound             : NHGXDBSUJ AYFVYJQAP
 Mole Fraction        :    0.0000    1.0000

 Compound: 2  (AYFVYJQAPQTCCC-STHAYSLISA-N)
 Chemical potential of the compound in the mixture :        -2.81879 kcal/mol
 Log10(partial pressure [mbar])                    :       -14.41529
 Free energy of molecule in mix (E_COSMO+dE+Mu)    :   -275154.10163 kcal/mol
 Total mean interaction energy in the mix (H_int)  :       -18.48430 kcal/mol
 Misfit interaction energy in the mix (H_MF)       :         2.53727 kcal/mol
 H-Bond interaction energy in the mix (H_HB)       :       -14.73321 kcal/mol
 VdW interaction energy in the mix (H_vdW)         :        -6.28835 kcal/mol




 Results for mixture 3
 ---------------------
 Temperature          :    298.150 K
 Compound Nr.         :         1         2
 Compound             : NHGXDBSUJ AYFVYJQAP
 Mole Fraction        :    1.0000    0.0000

 Compound: 1  (NHGXDBSUJJNIRV-UHFFFAOYSA-M)
 Chemical potential of the compound in the mixture :        -0.38175 kcal/mol
 Log10(partial pressure [mbar])                    :       -13.13804
 Free energy of molecule in mix (E_COSMO+dE+Mu)    :   -719518.35184 kcal/mol
 Total mean interaction energy in the mix (H_int)  :        -8.14964 kcal/mol
 Misfit interaction energy in the mix (H_MF)       :        10.46899 kcal/mol
 H-Bond interaction energy in the mix (H_HB)       :        -0.74122 kcal/mol
 VdW interaction energy in the mix (H_vdW)         :       -17.87741 kcal/mol
 Ln(Activity coefficient)                          :         0.00000

 Compound: 2  (AYFVYJQAPQTCCC-STHAYSLISA-N)
 Chemical potential of the compound in the mixture :        -3.38116 kcal/mol
 Log10(partial pressure [mbar])                    :       -14.82751
 Free energy of molecule in mix (E_COSMO+dE+Mu)    :   -275154.66399 kcal/mol
 Total mean interaction energy in the mix (H_int)  :       -11.50761 kcal/mol
 Misfit interaction energy in the mix (H_MF)       :         4.88976 kcal/mol
 H-Bond interaction energy in the mix (H_HB)       :        -9.42521 kcal/mol
 VdW interaction energy in the mix (H_vdW)         :        -6.97217 kcal/mol
 Ln(Activity coefficient)                          :        -0.94916


----------------
 END job       1
----------------
----------------
 START job     2
----------------

 --------------------------------------------------------------------------------
 Computation of activity coefficients gamma at infinite dilution in compound    2
 --------------------------------------------------------------------------------



 Results for mixture 4
 ---------------------
 Temperature          :    298.150 K
 Compound Nr.         :         1         2
 Compound             : NHGXDBSUJ AYFVYJQAP
 Mole Fraction        :    1.0000    0.0000

 Compound: 1  (NHGXDBSUJJNIRV-UHFFFAOYSA-M)
 Chemical potential of the compound in the mixture :        -0.38175 kcal/mol
 Log10(partial pressure [mbar])                    :       -13.13804
 Free energy of molecule in mix (E_COSMO+dE+Mu)    :   -719518.35184 kcal/mol
 Total mean interaction energy in the mix (H_int)  :        -8.14964 kcal/mol
 Misfit interaction energy in the mix (H_MF)       :        10.46899 kcal/mol
 H-Bond interaction energy in the mix (H_HB)       :        -0.74122 kcal/mol
 VdW interaction energy in the mix (H_vdW)         :       -17.87741 kcal/mol




 Results for mixture 5
 ---------------------
 Temperature          :    298.150 K
 Compound Nr.         :         1         2
 Compound             : NHGXDBSUJ AYFVYJQAP
 Mole Fraction        :    0.0000    1.0000

 Compound: 2  (AYFVYJQAPQTCCC-STHAYSLISA-N)
 Chemical potential of the compound in the mixture :        -2.81879 kcal/mol
 Log10(partial pressure [mbar])                    :       -14.41529
 Free energy of molecule in mix (E_COSMO+dE+Mu)    :   -275154.10163 kcal/mol
 Total mean interaction energy in the mix (H_int)  :       -18.48430 kcal/mol
 Misfit interaction energy in the mix (H_MF)       :         2.53727 kcal/mol
 H-Bond interaction energy in the mix (H_HB)       :       -14.73321 kcal/mol
 VdW interaction energy in the mix (H_vdW)         :        -6.28835 kcal/mol




 Results for mixture 6
 ---------------------
 Temperature          :    298.150 K
 Compound Nr.         :         1         2
 Compound             : NHGXDBSUJ AYFVYJQAP
 Mole Fraction        :    0.0000    1.0000

 Compound: 1  (NHGXDBSUJJNIRV-UHFFFAOYSA-M)
 Chemical potential of the compound in the mixture :         0.12924 kcal/mol
 Log10(partial pressure [mbar])                    :       -12.76349
 Free energy of molecule in mix (E_COSMO+dE+Mu)    :   -719517.84085 kcal/mol
 Total mean interaction energy in the mix (H_int)  :       -20.22311 kcal/mol
 Misfit interaction energy in the mix (H_MF)       :         7.08824 kcal/mol
 H-Bond interaction energy in the mix (H_HB)       :       -10.76868 kcal/mol
 VdW interaction energy in the mix (H_vdW)         :       -16.54268 kcal/mol
 Ln(Activity coefficient)                          :         0.86245

 Compound: 2  (AYFVYJQAPQTCCC-STHAYSLISA-N)
 Chemical potential of the compound in the mixture :        -2.81879 kcal/mol
 Log10(partial pressure [mbar])                    :       -14.41529
 Free energy of molecule in mix (E_COSMO+dE+Mu)    :   -275154.10163 kcal/mol
 Total mean interaction energy in the mix (H_int)  :       -18.48430 kcal/mol
 Misfit interaction energy in the mix (H_MF)       :         2.53727 kcal/mol
 H-Bond interaction energy in the mix (H_HB)       :       -14.73321 kcal/mol
 VdW interaction energy in the mix (H_vdW)         :        -6.28835 kcal/mol
 Ln(Activity coefficient)                          :         0.00000


----------------
 END job       2
----------------
