 -----------------------------------------------------------
 BIOVIA COSMOtherm Version 2019 (build: 19.0.5 [65f0de1d5f])
 -----------------------------------------------------------

 Copyright (C) 1999-2019, Dassault Systemes BIOVIA corp, all rights reserved

 Job name   : !! generated by COSMOthermX !!
 Job date   : 09/16/2022
 Job time   : 14:09:30
 Hostname   : unknown
 OS type    : unknown
 Executable : Linux 64-bit

 Reading COSMOtherm parameter file BP_TZVP_C30_1701.ctd from directory /home/comp3/software/COSMOlogic/COSMOthermX19/COSMOtherm/CTDATA-FILES/OLDPARAM/
 Info: # COSMOtherm parameter file ./BP_TZVP_C30_1701.ctd for BP-TZVP optimized COSMO files                                                                  

 Reading COSMOtherm license key license.txt from directory /home/comp3/software/COSMOlogic/COSMOthermX19/licensefiles/

 COSMOtherm license key expiration date 04/26/2025
 COSMOtherm license key version 21
 Customer : 200000000032966
 ID       : LKO1978637

 License keys:
  product                   |    licensed version    | status
 ------------------------------------------------------------------------------ 
  COSMOtherm                |          21            | active
  TURBOMOLE                 |          21            | active
 ------------------------------------------------------------------------------ 
 
 Note: Vapor pressure / property file could not be found for compound 1
 Reading COSMO information for compound 1 conformer 1 from file /home/comp3/Desktop/Nastya/DES/cosmo/NOOLISFMXDJSKH-KXUCPTDWSA-N.cosmo
 Note: Gas phase energy file could not be found for compound 1 conformer 1
 Note: converting Gaussian COSMO-file information of compound 1 conformer 1
 
 Reading vapor pressure and property information for compound 2 from file /home/comp3/Desktop/Nastya/DES/cosmo/BXWNKGSJHAJOGX-UHFFFAOYSA-N.vap
 Reading COSMO information for compound 2 conformer 1 from file /home/comp3/Desktop/Nastya/DES/cosmo/BXWNKGSJHAJOGX-UHFFFAOYSA-N.cosmo
 Note: Gas phase energy file could not be found for compound 2 conformer 1
 Note: converting Gaussian COSMO-file information of compound 2 conformer 1


 --- Compound 1 (NOOLISFMXDJSKH-KXUCPTDWSA-N) ---

 Compound Information for compound 1 conformer 1 (COSMO file /home/comp3/Desktop/Nastya/DES/cosmo/NOOLISFMXDJSKH-KXUCPTDWSA-N.cosmo)
 Atomic weights         : 1111111111111111111111111111111
 E_COSMO+dE             :    -293986.1266 kcal/mol
 E_gas                  :    -293981.6853 kcal/mol
 E_COSMO-E_gas+dE       :         -4.4414 kcal/mol
 E_diel                 :         -5.8134 kcal/mol
 Averaging corr dE      :          0.4176 kcal/mol
 Area                   :        208.8523 A^2
 Volume                 :        227.8497 A^3
 Molecular Weight       :        156.2662 a.m.u.
 Total COSMO charge     :         -0.0051 a.u.
 Dipole moment (t,x,y,z):          2.3028  1.805459 -0.306183  1.396244 Debye                            
 Sigma moments (1-6)    :          0.0000  4.51E+01  1.65E+01  7.42E+01  4.84E+01  1.76E+02              
 H-bond moment (accept) :          2.6238
 H-bond moment (donor)  :          1.0277
 
 WARNING: QM computation level of compound 1 conformer 1 could not be determined - it may differ from the QM level of the parameter set.
 No gas phase energy for compound 1 conformer 1 specified, thus it will be estimated


 --- Compound 2 (BXWNKGSJHAJOGX-UHFFFAOYSA-N) ---

 Compound Information for compound 2 conformer 1 (COSMO file /home/comp3/Desktop/Nastya/DES/cosmo/BXWNKGSJHAJOGX-UHFFFAOYSA-N.cosmo)
 Atomic weights         : 111111111111111111111111111111111111111111111111111
 E_COSMO+dE             :    -442796.2977 kcal/mol
 E_gas                  :    -442790.8374 kcal/mol
 E_COSMO-E_gas+dE       :         -5.4603 kcal/mol
 E_diel                 :         -7.2315 kcal/mol
 Averaging corr dE      :          0.5111 kcal/mol
 Area                   :        367.5167 A^2
 Volume                 :        376.9499 A^3
 Molecular Weight       :        242.4421 a.m.u.
 Total COSMO charge     :         -0.0124 a.u.
 Dipole moment (t,x,y,z):          2.2189 -0.304006  2.197986  0.006862 Debye                            
 Sigma moments (1-6)    :          0.0000  5.66E+01  2.16E+01  9.66E+01  6.32E+01  2.41E+02              
 H-bond moment (accept) :          3.4904
 H-bond moment (donor)  :          1.4616
 
 WARNING: QM computation level of compound 2 conformer 1 could not be determined - it may differ from the QM level of the parameter set.
 No gas phase energy for compound 2 conformer 1 specified, thus it will be estimated


 Total number of processed compounds:    2


----------------
 START job     1
----------------

 --------------------------------------------------------------------------------
 Computation of activity coefficients gamma at infinite dilution in compound    1
 --------------------------------------------------------------------------------



 Results for mixture 1
 ---------------------
 Temperature          :    298.150 K
 Compound Nr.         :         1         2
 Compound             : NOOLISFMX BXWNKGSJH
 Mole Fraction        :    1.0000    0.0000

 Compound: 1  (NOOLISFMXDJSKH-KXUCPTDWSA-N)
 Chemical potential of the compound in the mixture :        -6.20923 kcal/mol
 Log10(partial pressure [mbar])                    :        -1.06374
 Free energy of molecule in mix (E_COSMO+dE+Mu)    :   -293992.33587 kcal/mol
 Total mean interaction energy in the mix (H_int)  :       -11.20529 kcal/mol
 Misfit interaction energy in the mix (H_MF)       :         1.49587 kcal/mol
 H-Bond interaction energy in the mix (H_HB)       :        -2.47745 kcal/mol
 VdW interaction energy in the mix (H_vdW)         :       -10.22371 kcal/mol




 Results for mixture 2
 ---------------------
 Temperature          :    298.150 K
 Compound Nr.         :         1         2
 Compound             : NOOLISFMX BXWNKGSJH
 Mole Fraction        :    0.0000    1.0000

 Compound: 2  (BXWNKGSJHAJOGX-UHFFFAOYSA-N)
 Chemical potential of the compound in the mixture :       -10.81027 kcal/mol
 Log10(partial pressure [mbar])                    :        -4.35237
 Free energy of molecule in mix (E_COSMO+dE+Mu)    :   -442807.10798 kcal/mol
 Total mean interaction energy in the mix (H_int)  :       -19.85389 kcal/mol
 Misfit interaction energy in the mix (H_MF)       :         1.94758 kcal/mol
 H-Bond interaction energy in the mix (H_HB)       :        -3.53227 kcal/mol
 VdW interaction energy in the mix (H_vdW)         :       -18.26919 kcal/mol




 Results for mixture 3
 ---------------------
 Temperature          :    298.150 K
 Compound Nr.         :         1         2
 Compound             : NOOLISFMX BXWNKGSJH
 Mole Fraction        :    1.0000    0.0000

 Compound: 1  (NOOLISFMXDJSKH-KXUCPTDWSA-N)
 Chemical potential of the compound in the mixture :        -6.20923 kcal/mol
 Log10(partial pressure [mbar])                    :        -1.06374
 Free energy of molecule in mix (E_COSMO+dE+Mu)    :   -293992.33587 kcal/mol
 Total mean interaction energy in the mix (H_int)  :       -11.20529 kcal/mol
 Misfit interaction energy in the mix (H_MF)       :         1.49587 kcal/mol
 H-Bond interaction energy in the mix (H_HB)       :        -2.47745 kcal/mol
 VdW interaction energy in the mix (H_vdW)         :       -10.22371 kcal/mol
 Ln(Activity coefficient)                          :         0.00000

 Compound: 2  (BXWNKGSJHAJOGX-UHFFFAOYSA-N)
 Chemical potential of the compound in the mixture :       -10.79754 kcal/mol
 Log10(partial pressure [mbar])                    :        -4.34304
 Free energy of molecule in mix (E_COSMO+dE+Mu)    :   -442807.09526 kcal/mol
 Total mean interaction energy in the mix (H_int)  :       -19.46965 kcal/mol
 Misfit interaction energy in the mix (H_MF)       :         2.24588 kcal/mol
 H-Bond interaction energy in the mix (H_HB)       :        -3.55975 kcal/mol
 VdW interaction energy in the mix (H_vdW)         :       -18.15577 kcal/mol
 Ln(Activity coefficient)                          :         0.02148


----------------
 END job       1
----------------
----------------
 START job     2
----------------

 --------------------------------------------------------------------------------
 Computation of activity coefficients gamma at infinite dilution in compound    2
 --------------------------------------------------------------------------------



 Results for mixture 4
 ---------------------
 Temperature          :    298.150 K
 Compound Nr.         :         1         2
 Compound             : NOOLISFMX BXWNKGSJH
 Mole Fraction        :    1.0000    0.0000

 Compound: 1  (NOOLISFMXDJSKH-KXUCPTDWSA-N)
 Chemical potential of the compound in the mixture :        -6.20923 kcal/mol
 Log10(partial pressure [mbar])                    :        -1.06374
 Free energy of molecule in mix (E_COSMO+dE+Mu)    :   -293992.33587 kcal/mol
 Total mean interaction energy in the mix (H_int)  :       -11.20529 kcal/mol
 Misfit interaction energy in the mix (H_MF)       :         1.49587 kcal/mol
 H-Bond interaction energy in the mix (H_HB)       :        -2.47745 kcal/mol
 VdW interaction energy in the mix (H_vdW)         :       -10.22371 kcal/mol




 Results for mixture 5
 ---------------------
 Temperature          :    298.150 K
 Compound Nr.         :         1         2
 Compound             : NOOLISFMX BXWNKGSJH
 Mole Fraction        :    0.0000    1.0000

 Compound: 2  (BXWNKGSJHAJOGX-UHFFFAOYSA-N)
 Chemical potential of the compound in the mixture :       -10.81027 kcal/mol
 Log10(partial pressure [mbar])                    :        -4.35237
 Free energy of molecule in mix (E_COSMO+dE+Mu)    :   -442807.10798 kcal/mol
 Total mean interaction energy in the mix (H_int)  :       -19.85389 kcal/mol
 Misfit interaction energy in the mix (H_MF)       :         1.94758 kcal/mol
 H-Bond interaction energy in the mix (H_HB)       :        -3.53227 kcal/mol
 VdW interaction energy in the mix (H_vdW)         :       -18.26919 kcal/mol




 Results for mixture 6
 ---------------------
 Temperature          :    298.150 K
 Compound Nr.         :         1         2
 Compound             : NOOLISFMX BXWNKGSJH
 Mole Fraction        :    0.0000    1.0000

 Compound: 1  (NOOLISFMXDJSKH-KXUCPTDWSA-N)
 Chemical potential of the compound in the mixture :        -6.20822 kcal/mol
 Log10(partial pressure [mbar])                    :        -1.06300
 Free energy of molecule in mix (E_COSMO+dE+Mu)    :   -293992.33486 kcal/mol
 Total mean interaction energy in the mix (H_int)  :       -11.35103 kcal/mol
 Misfit interaction energy in the mix (H_MF)       :         1.36815 kcal/mol
 H-Bond interaction energy in the mix (H_HB)       :        -2.43361 kcal/mol
 VdW interaction energy in the mix (H_vdW)         :       -10.28557 kcal/mol
 Ln(Activity coefficient)                          :         0.00170

 Compound: 2  (BXWNKGSJHAJOGX-UHFFFAOYSA-N)
 Chemical potential of the compound in the mixture :       -10.81027 kcal/mol
 Log10(partial pressure [mbar])                    :        -4.35237
 Free energy of molecule in mix (E_COSMO+dE+Mu)    :   -442807.10798 kcal/mol
 Total mean interaction energy in the mix (H_int)  :       -19.85389 kcal/mol
 Misfit interaction energy in the mix (H_MF)       :         1.94758 kcal/mol
 H-Bond interaction energy in the mix (H_HB)       :        -3.53227 kcal/mol
 VdW interaction energy in the mix (H_vdW)         :       -18.26919 kcal/mol
 Ln(Activity coefficient)                          :         0.00000


----------------
 END job       2
----------------
