 -----------------------------------------------------------
 BIOVIA COSMOtherm Version 2019 (build: 19.0.5 [65f0de1d5f])
 -----------------------------------------------------------

 Copyright (C) 1999-2019, Dassault Systemes BIOVIA corp, all rights reserved

 Job name   : !! generated by COSMOthermX !!
 Job date   : 09/16/2022
 Job time   : 14:09:36
 Hostname   : unknown
 OS type    : unknown
 Executable : Linux 64-bit

 Reading COSMOtherm parameter file BP_TZVP_C30_1701.ctd from directory /home/comp3/software/COSMOlogic/COSMOthermX19/COSMOtherm/CTDATA-FILES/OLDPARAM/
 Info: # COSMOtherm parameter file ./BP_TZVP_C30_1701.ctd for BP-TZVP optimized COSMO files                                                                  

 Reading COSMOtherm license key license.txt from directory /home/comp3/software/COSMOlogic/COSMOthermX19/licensefiles/

 COSMOtherm license key expiration date 04/26/2025
 COSMOtherm license key version 21
 Customer : 200000000032966
 ID       : LKO1978637

 License keys:
  product                   |    licensed version    | status
 ------------------------------------------------------------------------------ 
  COSMOtherm                |          21            | active
  TURBOMOLE                 |          21            | active
 ------------------------------------------------------------------------------ 
 
 Note: Vapor pressure / property file could not be found for compound 1
 Reading COSMO information for compound 1 conformer 1 from file /home/comp3/Desktop/Nastya/DES/cosmo/NOOLISFMXDJSKH-KXUCPTDWSA-N.cosmo
 Note: Gas phase energy file could not be found for compound 1 conformer 1
 Note: converting Gaussian COSMO-file information of compound 1 conformer 1
 
 Note: Vapor pressure / property file could not be found for compound 2
 Reading COSMO information for compound 2 conformer 1 from file /home/comp3/Desktop/Nastya/DES/cosmo/MUMGGOZAMZWBJJ-DYKIIFRCSA-N.cosmo
 Note: Gas phase energy file could not be found for compound 2 conformer 1
 Note: converting Gaussian COSMO-file information of compound 2 conformer 1


 --- Compound 1 (NOOLISFMXDJSKH-KXUCPTDWSA-N) ---

 Compound Information for compound 1 conformer 1 (COSMO file /home/comp3/Desktop/Nastya/DES/cosmo/NOOLISFMXDJSKH-KXUCPTDWSA-N.cosmo)
 Atomic weights         : 1111111111111111111111111111111
 E_COSMO+dE             :    -293986.1266 kcal/mol
 E_gas                  :    -293981.6853 kcal/mol
 E_COSMO-E_gas+dE       :         -4.4414 kcal/mol
 E_diel                 :         -5.8134 kcal/mol
 Averaging corr dE      :          0.4176 kcal/mol
 Area                   :        208.8523 A^2
 Volume                 :        227.8497 A^3
 Molecular Weight       :        156.2662 a.m.u.
 Total COSMO charge     :         -0.0051 a.u.
 Dipole moment (t,x,y,z):          2.3028  1.805459 -0.306183  1.396244 Debye                            
 Sigma moments (1-6)    :          0.0000  4.51E+01  1.65E+01  7.42E+01  4.84E+01  1.76E+02              
 H-bond moment (accept) :          2.6238
 H-bond moment (donor)  :          1.0277
 
 WARNING: QM computation level of compound 1 conformer 1 could not be determined - it may differ from the QM level of the parameter set.
 No gas phase energy for compound 1 conformer 1 specified, thus it will be estimated


 --- Compound 2 (MUMGGOZAMZWBJJ-DYKIIFRCSA-N) ---

 Compound Information for compound 2 conformer 1 (COSMO file /home/comp3/Desktop/Nastya/DES/cosmo/MUMGGOZAMZWBJJ-DYKIIFRCSA-N.cosmo)
 Atomic weights         : 1111111111111111111111111111111111111111111111111
 E_COSMO+dE             :    -559504.6474 kcal/mol
 E_gas                  :    -559493.0028 kcal/mol
 E_COSMO-E_gas+dE       :        -11.6446 kcal/mol
 E_diel                 :        -16.1480 kcal/mol
 Averaging corr dE      :          0.6675 kcal/mol
 Area                   :        297.5100 A^2
 Volume                 :        370.9582 A^3
 Molecular Weight       :        288.4262 a.m.u.
 Total COSMO charge     :         -0.0025 a.u.
 Dipole moment (t,x,y,z):          5.2059 -4.779959 -1.118707  1.732708 Debye                            
 Sigma moments (1-6)    :          0.0000  9.63E+01  6.89E+01  1.62E+02  1.77E+02  3.81E+02              
 H-bond moment (accept) :          7.0018
 H-bond moment (donor)  :          1.0286
 
 WARNING: QM computation level of compound 2 conformer 1 could not be determined - it may differ from the QM level of the parameter set.
 No gas phase energy for compound 2 conformer 1 specified, thus it will be estimated


 Total number of processed compounds:    2


----------------
 START job     1
----------------

 --------------------------------------------------------------------------------
 Computation of activity coefficients gamma at infinite dilution in compound    1
 --------------------------------------------------------------------------------



 Results for mixture 1
 ---------------------
 Temperature          :    298.150 K
 Compound Nr.         :         1         2
 Compound             : NOOLISFMX MUMGGOZAM
 Mole Fraction        :    1.0000    0.0000

 Compound: 1  (NOOLISFMXDJSKH-KXUCPTDWSA-N)
 Chemical potential of the compound in the mixture :        -6.20923 kcal/mol
 Log10(partial pressure [mbar])                    :        -1.06374
 Free energy of molecule in mix (E_COSMO+dE+Mu)    :   -293992.33587 kcal/mol
 Total mean interaction energy in the mix (H_int)  :       -11.20529 kcal/mol
 Misfit interaction energy in the mix (H_MF)       :         1.49587 kcal/mol
 H-Bond interaction energy in the mix (H_HB)       :        -2.47745 kcal/mol
 VdW interaction energy in the mix (H_vdW)         :       -10.22371 kcal/mol




 Results for mixture 2
 ---------------------
 Temperature          :    298.150 K
 Compound Nr.         :         1         2
 Compound             : NOOLISFMX MUMGGOZAM
 Mole Fraction        :    0.0000    1.0000

 Compound: 2  (MUMGGOZAMZWBJJ-DYKIIFRCSA-N)
 Chemical potential of the compound in the mixture :        -5.21552 kcal/mol
 Log10(partial pressure [mbar])                    :        -7.13860
 Free energy of molecule in mix (E_COSMO+dE+Mu)    :   -559509.86290 kcal/mol
 Total mean interaction energy in the mix (H_int)  :       -12.31624 kcal/mol
 Misfit interaction energy in the mix (H_MF)       :         4.78339 kcal/mol
 H-Bond interaction energy in the mix (H_HB)       :        -2.96027 kcal/mol
 VdW interaction energy in the mix (H_vdW)         :       -14.13937 kcal/mol




 Results for mixture 3
 ---------------------
 Temperature          :    298.150 K
 Compound Nr.         :         1         2
 Compound             : NOOLISFMX MUMGGOZAM
 Mole Fraction        :    1.0000    0.0000

 Compound: 1  (NOOLISFMXDJSKH-KXUCPTDWSA-N)
 Chemical potential of the compound in the mixture :        -6.20923 kcal/mol
 Log10(partial pressure [mbar])                    :        -1.06374
 Free energy of molecule in mix (E_COSMO+dE+Mu)    :   -293992.33587 kcal/mol
 Total mean interaction energy in the mix (H_int)  :       -11.20529 kcal/mol
 Misfit interaction energy in the mix (H_MF)       :         1.49587 kcal/mol
 H-Bond interaction energy in the mix (H_HB)       :        -2.47745 kcal/mol
 VdW interaction energy in the mix (H_vdW)         :       -10.22371 kcal/mol
 Ln(Activity coefficient)                          :         0.00000

 Compound: 2  (MUMGGOZAMZWBJJ-DYKIIFRCSA-N)
 Chemical potential of the compound in the mixture :        -5.60028 kcal/mol
 Log10(partial pressure [mbar])                    :        -7.42063
 Free energy of molecule in mix (E_COSMO+dE+Mu)    :   -559510.24767 kcal/mol
 Total mean interaction energy in the mix (H_int)  :       -16.16426 kcal/mol
 Misfit interaction energy in the mix (H_MF)       :         3.13790 kcal/mol
 H-Bond interaction energy in the mix (H_HB)       :        -4.96492 kcal/mol
 VdW interaction energy in the mix (H_vdW)         :       -14.33724 kcal/mol
 Ln(Activity coefficient)                          :        -0.64941


----------------
 END job       1
----------------
----------------
 START job     2
----------------

 --------------------------------------------------------------------------------
 Computation of activity coefficients gamma at infinite dilution in compound    2
 --------------------------------------------------------------------------------



 Results for mixture 4
 ---------------------
 Temperature          :    298.150 K
 Compound Nr.         :         1         2
 Compound             : NOOLISFMX MUMGGOZAM
 Mole Fraction        :    1.0000    0.0000

 Compound: 1  (NOOLISFMXDJSKH-KXUCPTDWSA-N)
 Chemical potential of the compound in the mixture :        -6.20923 kcal/mol
 Log10(partial pressure [mbar])                    :        -1.06374
 Free energy of molecule in mix (E_COSMO+dE+Mu)    :   -293992.33587 kcal/mol
 Total mean interaction energy in the mix (H_int)  :       -11.20529 kcal/mol
 Misfit interaction energy in the mix (H_MF)       :         1.49587 kcal/mol
 H-Bond interaction energy in the mix (H_HB)       :        -2.47745 kcal/mol
 VdW interaction energy in the mix (H_vdW)         :       -10.22371 kcal/mol




 Results for mixture 5
 ---------------------
 Temperature          :    298.150 K
 Compound Nr.         :         1         2
 Compound             : NOOLISFMX MUMGGOZAM
 Mole Fraction        :    0.0000    1.0000

 Compound: 2  (MUMGGOZAMZWBJJ-DYKIIFRCSA-N)
 Chemical potential of the compound in the mixture :        -5.21552 kcal/mol
 Log10(partial pressure [mbar])                    :        -7.13860
 Free energy of molecule in mix (E_COSMO+dE+Mu)    :   -559509.86290 kcal/mol
 Total mean interaction energy in the mix (H_int)  :       -12.31624 kcal/mol
 Misfit interaction energy in the mix (H_MF)       :         4.78339 kcal/mol
 H-Bond interaction energy in the mix (H_HB)       :        -2.96027 kcal/mol
 VdW interaction energy in the mix (H_vdW)         :       -14.13937 kcal/mol




 Results for mixture 6
 ---------------------
 Temperature          :    298.150 K
 Compound Nr.         :         1         2
 Compound             : NOOLISFMX MUMGGOZAM
 Mole Fraction        :    0.0000    1.0000

 Compound: 1  (NOOLISFMXDJSKH-KXUCPTDWSA-N)
 Chemical potential of the compound in the mixture :        -6.34741 kcal/mol
 Log10(partial pressure [mbar])                    :        -1.16503
 Free energy of molecule in mix (E_COSMO+dE+Mu)    :   -293992.47405 kcal/mol
 Total mean interaction energy in the mix (H_int)  :        -9.79400 kcal/mol
 Misfit interaction energy in the mix (H_MF)       :         2.34929 kcal/mol
 H-Bond interaction energy in the mix (H_HB)       :        -2.04086 kcal/mol
 VdW interaction energy in the mix (H_vdW)         :       -10.10243 kcal/mol
 Ln(Activity coefficient)                          :        -0.23323

 Compound: 2  (MUMGGOZAMZWBJJ-DYKIIFRCSA-N)
 Chemical potential of the compound in the mixture :        -5.21552 kcal/mol
 Log10(partial pressure [mbar])                    :        -7.13860
 Free energy of molecule in mix (E_COSMO+dE+Mu)    :   -559509.86290 kcal/mol
 Total mean interaction energy in the mix (H_int)  :       -12.31624 kcal/mol
 Misfit interaction energy in the mix (H_MF)       :         4.78339 kcal/mol
 H-Bond interaction energy in the mix (H_HB)       :        -2.96027 kcal/mol
 VdW interaction energy in the mix (H_vdW)         :       -14.13937 kcal/mol
 Ln(Activity coefficient)                          :         0.00000


----------------
 END job       2
----------------
