 -----------------------------------------------------------
 BIOVIA COSMOtherm Version 2019 (build: 19.0.5 [65f0de1d5f])
 -----------------------------------------------------------

 Copyright (C) 1999-2019, Dassault Systemes BIOVIA corp, all rights reserved

 Job name   : !! generated by COSMOthermX !!
 Job date   : 09/16/2022
 Job time   : 14:08:23
 Hostname   : unknown
 OS type    : unknown
 Executable : Linux 64-bit

 Reading COSMOtherm parameter file BP_TZVP_C30_1701.ctd from directory /home/comp3/software/COSMOlogic/COSMOthermX19/COSMOtherm/CTDATA-FILES/OLDPARAM/
 Info: # COSMOtherm parameter file ./BP_TZVP_C30_1701.ctd for BP-TZVP optimized COSMO files                                                                  

 Reading COSMOtherm license key license.txt from directory /home/comp3/software/COSMOlogic/COSMOthermX19/licensefiles/

 COSMOtherm license key expiration date 04/26/2025
 COSMOtherm license key version 21
 Customer : 200000000032966
 ID       : LKO1978637

 License keys:
  product                   |    licensed version    | status
 ------------------------------------------------------------------------------ 
  COSMOtherm                |          21            | active
  TURBOMOLE                 |          21            | active
 ------------------------------------------------------------------------------ 
 
 Note: Vapor pressure / property file could not be found for compound 1
 Reading COSMO information for compound 1 conformer 1 from file /home/comp3/Desktop/Nastya/DES/cosmo/NRKYWOKHZRQRJR-UHFFFAOYSA-N.cosmo
 Note: Gas phase energy file could not be found for compound 1 conformer 1
 Note: converting Gaussian COSMO-file information of compound 1 conformer 1
 
 Note: Vapor pressure / property file could not be found for compound 2
 Reading COSMO information for compound 2 conformer 1 from file /home/comp3/Desktop/Nastya/DES/cosmo/LSEFCHWGJNHZNT-UHFFFAOYSA-M.cosmo
 Note: Gas phase energy file could not be found for compound 2 conformer 1
 Note: converting Gaussian COSMO-file information of compound 2 conformer 1


 --- Compound 1 (NRKYWOKHZRQRJR-UHFFFAOYSA-N) ---

 Compound Information for compound 1 conformer 1 (COSMO file /home/comp3/Desktop/Nastya/DES/cosmo/NRKYWOKHZRQRJR-UHFFFAOYSA-N.cosmo)
 Atomic weights         : 111111111
 E_COSMO+dE             :    -318246.7997 kcal/mol
 E_gas                  :    -318237.6743 kcal/mol
 E_COSMO-E_gas+dE       :         -9.1253 kcal/mol
 E_diel                 :        -12.1209 kcal/mol
 Averaging corr dE      :          0.4629 kcal/mol
 Area                   :        114.6277 A^2
 Volume                 :        102.0687 A^3
 Molecular Weight       :        113.0388 a.m.u.
 Total COSMO charge     :          0.0078 a.u.
 Dipole moment (t,x,y,z):          5.4306  2.159966 -4.982542 -0.000957 Debye                            
 Sigma moments (1-6)    :          0.0000  7.07E+01 -3.41E+01  1.39E+02 -1.22E+02  3.40E+02              
 H-bond moment (accept) :          1.2557
 H-bond moment (donor)  :          5.1992
 
 WARNING: QM computation level of compound 1 conformer 1 could not be determined - it may differ from the QM level of the parameter set.
 No gas phase energy for compound 1 conformer 1 specified, thus it will be estimated


 --- Compound 2 (LSEFCHWGJNHZNT-UHFFFAOYSA-M) ---

 Compound Information for compound 2 conformer 1 (COSMO file /home/comp3/Desktop/Nastya/DES/cosmo/LSEFCHWGJNHZNT-UHFFFAOYSA-M.cosmo)
 Atomic weights         : 111111111111111111111111111111111111111
 E_COSMO+dE             :   -2291002.2289 kcal/mol
 E_gas                  :   -2290970.1950 kcal/mol
 E_COSMO-E_gas+dE       :        -32.0339 kcal/mol
 E_diel                 :        -47.1088 kcal/mol
 Averaging corr dE      :          0.9423 kcal/mol
 Area                   :        334.0099 A^2
 Volume                 :        404.6038 A^3
 Molecular Weight       :        357.2257 a.m.u.
 Total COSMO charge     :          0.0067 a.u.
 Dipole moment (t,x,y,z):         21.5416  2.14E+01 -0.327100  2.387209 Debye                            
 Sigma moments (1-6)    :          0.0000  1.89E+02  1.20E+02  3.40E+02  4.22E+02  8.32E+02              
 H-bond moment (accept) :         16.4267
 H-bond moment (donor)  :          0.3511
 
 WARNING: QM computation level of compound 2 conformer 1 could not be determined - it may differ from the QM level of the parameter set.
 No gas phase energy for compound 2 conformer 1 specified, thus it will be estimated


 Total number of processed compounds:    2


----------------
 START job     1
----------------

 --------------------------------------------------------------------------------
 Computation of activity coefficients gamma at infinite dilution in compound    1
 --------------------------------------------------------------------------------



 Results for mixture 1
 ---------------------
 Temperature          :    298.150 K
 Compound Nr.         :         1         2
 Compound             : NRKYWOKHZ LSEFCHWGJ
 Mole Fraction        :    1.0000    0.0000

 Compound: 1  (NRKYWOKHZRQRJR-UHFFFAOYSA-N)
 Chemical potential of the compound in the mixture :        -0.78527 kcal/mol
 Log10(partial pressure [mbar])                    :         0.30957
 Free energy of molecule in mix (E_COSMO+dE+Mu)    :   -318247.58492 kcal/mol
 Total mean interaction energy in the mix (H_int)  :        -4.39532 kcal/mol
 Misfit interaction energy in the mix (H_MF)       :         1.90117 kcal/mol
 H-Bond interaction energy in the mix (H_HB)       :        -2.04687 kcal/mol
 VdW interaction energy in the mix (H_vdW)         :        -4.24961 kcal/mol




 Results for mixture 2
 ---------------------
 Temperature          :    298.150 K
 Compound Nr.         :         1         2
 Compound             : NRKYWOKHZ LSEFCHWGJ
 Mole Fraction        :    0.0000    1.0000

 Compound: 2  (LSEFCHWGJNHZNT-UHFFFAOYSA-M)
 Chemical potential of the compound in the mixture :        -2.29002 kcal/mol
 Log10(partial pressure [mbar])                    :       -20.07815
 Free energy of molecule in mix (E_COSMO+dE+Mu)    :  -2291004.51893 kcal/mol
 Total mean interaction energy in the mix (H_int)  :       -12.21249 kcal/mol
 Misfit interaction energy in the mix (H_MF)       :         8.01797 kcal/mol
 H-Bond interaction energy in the mix (H_HB)       :        -2.30755 kcal/mol
 VdW interaction energy in the mix (H_vdW)         :       -17.92291 kcal/mol




 Results for mixture 3
 ---------------------
 Temperature          :    298.150 K
 Compound Nr.         :         1         2
 Compound             : NRKYWOKHZ LSEFCHWGJ
 Mole Fraction        :    1.0000    0.0000

 Compound: 1  (NRKYWOKHZRQRJR-UHFFFAOYSA-N)
 Chemical potential of the compound in the mixture :        -0.78527 kcal/mol
 Log10(partial pressure [mbar])                    :         0.30957
 Free energy of molecule in mix (E_COSMO+dE+Mu)    :   -318247.58492 kcal/mol
 Total mean interaction energy in the mix (H_int)  :        -4.39532 kcal/mol
 Misfit interaction energy in the mix (H_MF)       :         1.90117 kcal/mol
 H-Bond interaction energy in the mix (H_HB)       :        -2.04687 kcal/mol
 VdW interaction energy in the mix (H_vdW)         :        -4.24961 kcal/mol
 Ln(Activity coefficient)                          :         0.00000

 Compound: 2  (LSEFCHWGJNHZNT-UHFFFAOYSA-M)
 Chemical potential of the compound in the mixture :        -6.85901 kcal/mol
 Log10(partial pressure [mbar])                    :       -23.42724
 Free energy of molecule in mix (E_COSMO+dE+Mu)    :  -2291009.08792 kcal/mol
 Total mean interaction energy in the mix (H_int)  :       -18.45103 kcal/mol
 Misfit interaction energy in the mix (H_MF)       :         4.60726 kcal/mol
 H-Bond interaction energy in the mix (H_HB)       :        -9.33773 kcal/mol
 VdW interaction energy in the mix (H_vdW)         :       -13.72056 kcal/mol
 Ln(Activity coefficient)                          :        -7.71158


----------------
 END job       1
----------------
----------------
 START job     2
----------------

 --------------------------------------------------------------------------------
 Computation of activity coefficients gamma at infinite dilution in compound    2
 --------------------------------------------------------------------------------



 Results for mixture 4
 ---------------------
 Temperature          :    298.150 K
 Compound Nr.         :         1         2
 Compound             : NRKYWOKHZ LSEFCHWGJ
 Mole Fraction        :    1.0000    0.0000

 Compound: 1  (NRKYWOKHZRQRJR-UHFFFAOYSA-N)
 Chemical potential of the compound in the mixture :        -0.78527 kcal/mol
 Log10(partial pressure [mbar])                    :         0.30957
 Free energy of molecule in mix (E_COSMO+dE+Mu)    :   -318247.58492 kcal/mol
 Total mean interaction energy in the mix (H_int)  :        -4.39532 kcal/mol
 Misfit interaction energy in the mix (H_MF)       :         1.90117 kcal/mol
 H-Bond interaction energy in the mix (H_HB)       :        -2.04687 kcal/mol
 VdW interaction energy in the mix (H_vdW)         :        -4.24961 kcal/mol




 Results for mixture 5
 ---------------------
 Temperature          :    298.150 K
 Compound Nr.         :         1         2
 Compound             : NRKYWOKHZ LSEFCHWGJ
 Mole Fraction        :    0.0000    1.0000

 Compound: 2  (LSEFCHWGJNHZNT-UHFFFAOYSA-M)
 Chemical potential of the compound in the mixture :        -2.29002 kcal/mol
 Log10(partial pressure [mbar])                    :       -20.07815
 Free energy of molecule in mix (E_COSMO+dE+Mu)    :  -2291004.51893 kcal/mol
 Total mean interaction energy in the mix (H_int)  :       -12.21249 kcal/mol
 Misfit interaction energy in the mix (H_MF)       :         8.01797 kcal/mol
 H-Bond interaction energy in the mix (H_HB)       :        -2.30755 kcal/mol
 VdW interaction energy in the mix (H_vdW)         :       -17.92291 kcal/mol




 Results for mixture 6
 ---------------------
 Temperature          :    298.150 K
 Compound Nr.         :         1         2
 Compound             : NRKYWOKHZ LSEFCHWGJ
 Mole Fraction        :    0.0000    1.0000

 Compound: 1  (NRKYWOKHZRQRJR-UHFFFAOYSA-N)
 Chemical potential of the compound in the mixture :        -2.37928 kcal/mol
 Log10(partial pressure [mbar])                    :        -0.85885
 Free energy of molecule in mix (E_COSMO+dE+Mu)    :   -318249.17893 kcal/mol
 Total mean interaction energy in the mix (H_int)  :        -6.18076 kcal/mol
 Misfit interaction energy in the mix (H_MF)       :         1.68220 kcal/mol
 H-Bond interaction energy in the mix (H_HB)       :        -3.13676 kcal/mol
 VdW interaction energy in the mix (H_vdW)         :        -4.72621 kcal/mol
 Ln(Activity coefficient)                          :        -2.69038

 Compound: 2  (LSEFCHWGJNHZNT-UHFFFAOYSA-M)
 Chemical potential of the compound in the mixture :        -2.29002 kcal/mol
 Log10(partial pressure [mbar])                    :       -20.07815
 Free energy of molecule in mix (E_COSMO+dE+Mu)    :  -2291004.51893 kcal/mol
 Total mean interaction energy in the mix (H_int)  :       -12.21249 kcal/mol
 Misfit interaction energy in the mix (H_MF)       :         8.01797 kcal/mol
 H-Bond interaction energy in the mix (H_HB)       :        -2.30755 kcal/mol
 VdW interaction energy in the mix (H_vdW)         :       -17.92291 kcal/mol
 Ln(Activity coefficient)                          :         0.00000


----------------
 END job       2
----------------
