 -----------------------------------------------------------
 BIOVIA COSMOtherm Version 2019 (build: 19.0.5 [65f0de1d5f])
 -----------------------------------------------------------

 Copyright (C) 1999-2019, Dassault Systemes BIOVIA corp, all rights reserved

 Job name   : !! generated by COSMOthermX !!
 Job date   : 09/16/2022
 Job time   : 14:09:45
 Hostname   : unknown
 OS type    : unknown
 Executable : Linux 64-bit

 Reading COSMOtherm parameter file BP_TZVP_C30_1701.ctd from directory /home/comp3/software/COSMOlogic/COSMOthermX19/COSMOtherm/CTDATA-FILES/OLDPARAM/
 Info: # COSMOtherm parameter file ./BP_TZVP_C30_1701.ctd for BP-TZVP optimized COSMO files                                                                  

 Reading COSMOtherm license key license.txt from directory /home/comp3/software/COSMOlogic/COSMOthermX19/licensefiles/

 COSMOtherm license key expiration date 04/26/2025
 COSMOtherm license key version 21
 Customer : 200000000032966
 ID       : LKO1978637

 License keys:
  product                   |    licensed version    | status
 ------------------------------------------------------------------------------ 
  COSMOtherm                |          21            | active
  TURBOMOLE                 |          21            | active
 ------------------------------------------------------------------------------ 
 
 Reading vapor pressure and property information for compound 1 from file /home/comp3/Desktop/Nastya/DES/cosmo/NUPDFKWZQURWCC-UHFFFAOYSA-M.vap
 Reading COSMO information for compound 1 conformer 1 from file /home/comp3/Desktop/Nastya/DES/cosmo/NUPDFKWZQURWCC-UHFFFAOYSA-M.cosmo
 Note: Gas phase energy file could not be found for compound 1 conformer 1
 Note: converting Gaussian COSMO-file information of compound 1 conformer 1
 
 Note: Vapor pressure / property file could not be found for compound 2
 Reading COSMO information for compound 2 conformer 1 from file /home/comp3/Desktop/Nastya/DES/cosmo/XSQUKJJJFZCRTK-UHFFFAOYSA-N.cosmo
 Note: Gas phase energy file could not be found for compound 2 conformer 1
 Note: converting Gaussian COSMO-file information of compound 2 conformer 1


 --- Compound 1 (NUPDFKWZQURWCC-UHFFFAOYSA-M) ---

 Compound Information for compound 1 conformer 1 (COSMO file /home/comp3/Desktop/Nastya/DES/cosmo/NUPDFKWZQURWCC-UHFFFAOYSA-M.cosmo)
 Atomic weights         : 11111111111111111111111111111111
 E_COSMO+dE             :    -640337.3928 kcal/mol
 E_gas                  :    -640308.3712 kcal/mol
 E_COSMO-E_gas+dE       :        -29.0216 kcal/mol
 E_diel                 :        -42.4943 kcal/mol
 Averaging corr dE      :          0.7244 kcal/mol
 Area                   :        246.6026 A^2
 Volume                 :        280.7556 A^3
 Molecular Weight       :        215.7210 a.m.u.
 Total COSMO charge     :          0.0096 a.u.
 Dipole moment (t,x,y,z):         19.0223 -1.69E+01 -8.817420  0.273199 Debye                            
 Sigma moments (1-6)    :          0.0000  1.82E+02  1.17E+02  3.13E+02  3.68E+02  7.10E+02              
 H-bond moment (accept) :         14.8949
 H-bond moment (donor)  :          0.4208
 
 WARNING: QM computation level of compound 1 conformer 1 could not be determined - it may differ from the QM level of the parameter set.
 No gas phase energy for compound 1 conformer 1 specified, thus it will be estimated


 --- Compound 2 (XSQUKJJJFZCRTK-UHFFFAOYSA-N) ---

 Compound Information for compound 2 conformer 1 (COSMO file /home/comp3/Desktop/Nastya/DES/cosmo/XSQUKJJJFZCRTK-UHFFFAOYSA-N.cosmo)
 Atomic weights         : 11111111
 E_COSMO+dE             :    -141431.9085 kcal/mol
 E_gas                  :    -141418.6467 kcal/mol
 E_COSMO-E_gas+dE       :        -13.2618 kcal/mol
 E_diel                 :        -18.7823 kcal/mol
 Averaging corr dE      :          0.7074 kcal/mol
 Area                   :         91.2342 A^2
 Volume                 :         72.4889 A^3
 Molecular Weight       :         60.0554 a.m.u.
 Total COSMO charge     :         -0.0009 a.u.
 Dipole moment (t,x,y,z):          6.0461 -0.002329 -6.046052  0.001486 Debye                            
 Sigma moments (1-6)    :          0.0000  1.15E+02  1.56E+01  2.50E+02  9.66E+01  6.42E+02              
 H-bond moment (accept) :          7.9246
 H-bond moment (donor)  :          4.9711
 
 WARNING: QM computation level of compound 2 conformer 1 could not be determined - it may differ from the QM level of the parameter set.
 No gas phase energy for compound 2 conformer 1 specified, thus it will be estimated


 Total number of processed compounds:    2


----------------
 START job     1
----------------

 --------------------------------------------------------------------------------
 Computation of activity coefficients gamma at infinite dilution in compound    1
 --------------------------------------------------------------------------------



 Results for mixture 1
 ---------------------
 Temperature          :    298.150 K
 Compound Nr.         :         1         2
 Compound             : NUPDFKWZQ XSQUKJJJF
 Mole Fraction        :    1.0000    0.0000

 Compound: 1  (NUPDFKWZQURWCC-UHFFFAOYSA-M)
 Chemical potential of the compound in the mixture :         0.47044 kcal/mol
 Log10(partial pressure [mbar])                    :       -14.18497
 Free energy of molecule in mix (E_COSMO+dE+Mu)    :   -640336.92235 kcal/mol
 Total mean interaction energy in the mix (H_int)  :        -7.70027 kcal/mol
 Misfit interaction energy in the mix (H_MF)       :         7.14115 kcal/mol
 H-Bond interaction energy in the mix (H_HB)       :        -2.32089 kcal/mol
 VdW interaction energy in the mix (H_vdW)         :       -12.52054 kcal/mol




 Results for mixture 2
 ---------------------
 Temperature          :    298.150 K
 Compound Nr.         :         1         2
 Compound             : NUPDFKWZQ XSQUKJJJF
 Mole Fraction        :    0.0000    1.0000

 Compound: 2  (XSQUKJJJFZCRTK-UHFFFAOYSA-N)
 Chemical potential of the compound in the mixture :        -1.34323 kcal/mol
 Log10(partial pressure [mbar])                    :        -3.13149
 Free energy of molecule in mix (E_COSMO+dE+Mu)    :   -141433.25168 kcal/mol
 Total mean interaction energy in the mix (H_int)  :        -7.95200 kcal/mol
 Misfit interaction energy in the mix (H_MF)       :         1.46342 kcal/mol
 H-Bond interaction energy in the mix (H_HB)       :        -5.90644 kcal/mol
 VdW interaction energy in the mix (H_vdW)         :        -3.50898 kcal/mol




 Results for mixture 3
 ---------------------
 Temperature          :    298.150 K
 Compound Nr.         :         1         2
 Compound             : NUPDFKWZQ XSQUKJJJF
 Mole Fraction        :    1.0000    0.0000

 Compound: 1  (NUPDFKWZQURWCC-UHFFFAOYSA-M)
 Chemical potential of the compound in the mixture :         0.47044 kcal/mol
 Log10(partial pressure [mbar])                    :       -14.18497
 Free energy of molecule in mix (E_COSMO+dE+Mu)    :   -640336.92235 kcal/mol
 Total mean interaction energy in the mix (H_int)  :        -7.70027 kcal/mol
 Misfit interaction energy in the mix (H_MF)       :         7.14115 kcal/mol
 H-Bond interaction energy in the mix (H_HB)       :        -2.32089 kcal/mol
 VdW interaction energy in the mix (H_vdW)         :       -12.52054 kcal/mol
 Ln(Activity coefficient)                          :         0.00000

 Compound: 2  (XSQUKJJJFZCRTK-UHFFFAOYSA-N)
 Chemical potential of the compound in the mixture :        -1.77168 kcal/mol
 Log10(partial pressure [mbar])                    :        -3.44555
 Free energy of molecule in mix (E_COSMO+dE+Mu)    :   -141433.68014 kcal/mol
 Total mean interaction energy in the mix (H_int)  :        -6.30371 kcal/mol
 Misfit interaction energy in the mix (H_MF)       :         1.94547 kcal/mol
 H-Bond interaction energy in the mix (H_HB)       :        -4.00940 kcal/mol
 VdW interaction energy in the mix (H_vdW)         :        -4.23978 kcal/mol
 Ln(Activity coefficient)                          :        -0.72315


----------------
 END job       1
----------------
----------------
 START job     2
----------------

 --------------------------------------------------------------------------------
 Computation of activity coefficients gamma at infinite dilution in compound    2
 --------------------------------------------------------------------------------



 Results for mixture 4
 ---------------------
 Temperature          :    298.150 K
 Compound Nr.         :         1         2
 Compound             : NUPDFKWZQ XSQUKJJJF
 Mole Fraction        :    1.0000    0.0000

 Compound: 1  (NUPDFKWZQURWCC-UHFFFAOYSA-M)
 Chemical potential of the compound in the mixture :         0.47044 kcal/mol
 Log10(partial pressure [mbar])                    :       -14.18497
 Free energy of molecule in mix (E_COSMO+dE+Mu)    :   -640336.92235 kcal/mol
 Total mean interaction energy in the mix (H_int)  :        -7.70027 kcal/mol
 Misfit interaction energy in the mix (H_MF)       :         7.14115 kcal/mol
 H-Bond interaction energy in the mix (H_HB)       :        -2.32089 kcal/mol
 VdW interaction energy in the mix (H_vdW)         :       -12.52054 kcal/mol




 Results for mixture 5
 ---------------------
 Temperature          :    298.150 K
 Compound Nr.         :         1         2
 Compound             : NUPDFKWZQ XSQUKJJJF
 Mole Fraction        :    0.0000    1.0000

 Compound: 2  (XSQUKJJJFZCRTK-UHFFFAOYSA-N)
 Chemical potential of the compound in the mixture :        -1.34323 kcal/mol
 Log10(partial pressure [mbar])                    :        -3.13149
 Free energy of molecule in mix (E_COSMO+dE+Mu)    :   -141433.25168 kcal/mol
 Total mean interaction energy in the mix (H_int)  :        -7.95200 kcal/mol
 Misfit interaction energy in the mix (H_MF)       :         1.46342 kcal/mol
 H-Bond interaction energy in the mix (H_HB)       :        -5.90644 kcal/mol
 VdW interaction energy in the mix (H_vdW)         :        -3.50898 kcal/mol




 Results for mixture 6
 ---------------------
 Temperature          :    298.150 K
 Compound Nr.         :         1         2
 Compound             : NUPDFKWZQ XSQUKJJJF
 Mole Fraction        :    0.0000    1.0000

 Compound: 1  (NUPDFKWZQURWCC-UHFFFAOYSA-M)
 Chemical potential of the compound in the mixture :        -1.21048 kcal/mol
 Log10(partial pressure [mbar])                    :       -15.41710
 Free energy of molecule in mix (E_COSMO+dE+Mu)    :   -640338.60327 kcal/mol
 Total mean interaction energy in the mix (H_int)  :       -13.27079 kcal/mol
 Misfit interaction energy in the mix (H_MF)       :         4.71067 kcal/mol
 H-Bond interaction energy in the mix (H_HB)       :        -6.62497 kcal/mol
 VdW interaction energy in the mix (H_vdW)         :       -11.35649 kcal/mol
 Ln(Activity coefficient)                          :        -2.83708

 Compound: 2  (XSQUKJJJFZCRTK-UHFFFAOYSA-N)
 Chemical potential of the compound in the mixture :        -1.34323 kcal/mol
 Log10(partial pressure [mbar])                    :        -3.13149
 Free energy of molecule in mix (E_COSMO+dE+Mu)    :   -141433.25168 kcal/mol
 Total mean interaction energy in the mix (H_int)  :        -7.95200 kcal/mol
 Misfit interaction energy in the mix (H_MF)       :         1.46342 kcal/mol
 H-Bond interaction energy in the mix (H_HB)       :        -5.90644 kcal/mol
 VdW interaction energy in the mix (H_vdW)         :        -3.50898 kcal/mol
 Ln(Activity coefficient)                          :         0.00000


----------------
 END job       2
----------------
