 -----------------------------------------------------------
 BIOVIA COSMOtherm Version 2019 (build: 19.0.5 [65f0de1d5f])
 -----------------------------------------------------------

 Copyright (C) 1999-2019, Dassault Systemes BIOVIA corp, all rights reserved

 Job name   : !! generated by COSMOthermX !!
 Job date   : 09/16/2022
 Job time   : 14:09:02
 Hostname   : unknown
 OS type    : unknown
 Executable : Linux 64-bit

 Reading COSMOtherm parameter file BP_TZVP_C30_1701.ctd from directory /home/comp3/software/COSMOlogic/COSMOthermX19/COSMOtherm/CTDATA-FILES/OLDPARAM/
 Info: # COSMOtherm parameter file ./BP_TZVP_C30_1701.ctd for BP-TZVP optimized COSMO files                                                                  

 Reading COSMOtherm license key license.txt from directory /home/comp3/software/COSMOlogic/COSMOthermX19/licensefiles/

 COSMOtherm license key expiration date 04/26/2025
 COSMOtherm license key version 21
 Customer : 200000000032966
 ID       : LKO1978637

 License keys:
  product                   |    licensed version    | status
 ------------------------------------------------------------------------------ 
  COSMOtherm                |          21            | active
  TURBOMOLE                 |          21            | active
 ------------------------------------------------------------------------------ 
 
 Reading vapor pressure and property information for compound 1 from file /home/comp3/Desktop/Nastya/DES/cosmo/PEDCQBHIVMGVHV-UHFFFAOYSA-N.vap
 Reading COSMO information for compound 1 conformer 1 from file /home/comp3/Desktop/Nastya/DES/cosmo/PEDCQBHIVMGVHV-UHFFFAOYSA-N.cosmo
 Note: Gas phase energy file could not be found for compound 1 conformer 1
 Note: converting Gaussian COSMO-file information of compound 1 conformer 1
 
 Note: Vapor pressure / property file could not be found for compound 2
 Reading COSMO information for compound 2 conformer 1 from file /home/comp3/Desktop/Nastya/DES/cosmo/NWXMGUDVXFXRIG-WESIUVDSSA-N.cosmo
 Note: Gas phase energy file could not be found for compound 2 conformer 1
 Note: converting Gaussian COSMO-file information of compound 2 conformer 1


 --- Compound 1 (PEDCQBHIVMGVHV-UHFFFAOYSA-N) ---

 Compound Information for compound 1 conformer 1 (COSMO file /home/comp3/Desktop/Nastya/DES/cosmo/PEDCQBHIVMGVHV-UHFFFAOYSA-N.cosmo)
 Atomic weights         : 11111111111111
 E_COSMO+dE             :    -216450.8175 kcal/mol
 E_gas                  :    -216438.7312 kcal/mol
 E_COSMO-E_gas+dE       :        -12.0862 kcal/mol
 E_diel                 :        -17.1657 kcal/mol
 Averaging corr dE      :          0.8777 kcal/mol
 Area                   :        126.6265 A^2
 Volume                 :        113.4743 A^3
 Molecular Weight       :         92.0942 a.m.u.
 Total COSMO charge     :         -0.0004 a.u.
 Dipole moment (t,x,y,z):          5.2353  1.707453 -4.401773  2.262224 Debye                            
 Sigma moments (1-6)    :          0.0000  1.18E+02  4.06E+01  2.45E+02  1.29E+02  6.19E+02              
 H-bond moment (accept) :          8.4909
 H-bond moment (donor)  :          4.1451
 
 WARNING: QM computation level of compound 1 conformer 1 could not be determined - it may differ from the QM level of the parameter set.
 No gas phase energy for compound 1 conformer 1 specified, thus it will be estimated


 --- Compound 2 (NWXMGUDVXFXRIG-WESIUVDSSA-N) ---

 Compound Information for compound 2 conformer 1 (COSMO file /home/comp3/Desktop/Nastya/DES/cosmo/NWXMGUDVXFXRIG-WESIUVDSSA-N.cosmo)
 Atomic weights         : 11111111111111111111111111111111111111111111111111111111
 E_COSMO+dE             :    -981881.5259 kcal/mol
 E_gas                  :    -981861.3902 kcal/mol
 E_COSMO-E_gas+dE       :        -20.1357 kcal/mol
 E_diel                 :        -30.8641 kcal/mol
 Averaging corr dE      :          1.4692 kcal/mol
 Area                   :        380.5296 A^2
 Volume                 :        477.5814 A^3
 Molecular Weight       :        444.4368 a.m.u.
 Total COSMO charge     :          0.0139 a.u.
 Dipole moment (t,x,y,z):         12.4923 -3.281126 -9.745044 -7.094024 Debye                            
 Sigma moments (1-6)    :          0.0000  1.79E+02  5.28E+01  2.68E+02  1.23E+02  5.81E+02              
 H-bond moment (accept) :          7.6647
 H-bond moment (donor)  :          3.8660
 
 WARNING: QM computation level of compound 2 conformer 1 could not be determined - it may differ from the QM level of the parameter set.
 No gas phase energy for compound 2 conformer 1 specified, thus it will be estimated


 Total number of processed compounds:    2


----------------
 START job     1
----------------

 --------------------------------------------------------------------------------
 Computation of activity coefficients gamma at infinite dilution in compound    1
 --------------------------------------------------------------------------------



 Results for mixture 1
 ---------------------
 Temperature          :    298.150 K
 Compound Nr.         :         1         2
 Compound             : PEDCQBHIV NWXMGUDVX
 Mole Fraction        :    1.0000    0.0000

 Compound: 1  (PEDCQBHIVMGVHV-UHFFFAOYSA-N)
 Chemical potential of the compound in the mixture :        -3.11989 kcal/mol
 Log10(partial pressure [mbar])                    :        -3.57209
 Free energy of molecule in mix (E_COSMO+dE+Mu)    :   -216453.93735 kcal/mol
 Total mean interaction energy in the mix (H_int)  :       -13.94736 kcal/mol
 Misfit interaction energy in the mix (H_MF)       :         2.18034 kcal/mol
 H-Bond interaction energy in the mix (H_HB)       :       -10.94580 kcal/mol
 VdW interaction energy in the mix (H_vdW)         :        -5.18190 kcal/mol




 Results for mixture 2
 ---------------------
 Temperature          :    298.150 K
 Compound Nr.         :         1         2
 Compound             : PEDCQBHIV NWXMGUDVX
 Mole Fraction        :    0.0000    1.0000

 Compound: 2  (NWXMGUDVXFXRIG-WESIUVDSSA-N)
 Chemical potential of the compound in the mixture :        -4.41927 kcal/mol
 Log10(partial pressure [mbar])                    :       -12.91747
 Free energy of molecule in mix (E_COSMO+dE+Mu)    :   -981885.94513 kcal/mol
 Total mean interaction energy in the mix (H_int)  :       -15.96019 kcal/mol
 Misfit interaction energy in the mix (H_MF)       :         5.42772 kcal/mol
 H-Bond interaction energy in the mix (H_HB)       :        -5.10664 kcal/mol
 VdW interaction energy in the mix (H_vdW)         :       -16.28128 kcal/mol




 Results for mixture 3
 ---------------------
 Temperature          :    298.150 K
 Compound Nr.         :         1         2
 Compound             : PEDCQBHIV NWXMGUDVX
 Mole Fraction        :    1.0000    0.0000

 Compound: 1  (PEDCQBHIVMGVHV-UHFFFAOYSA-N)
 Chemical potential of the compound in the mixture :        -3.11989 kcal/mol
 Log10(partial pressure [mbar])                    :        -3.57209
 Free energy of molecule in mix (E_COSMO+dE+Mu)    :   -216453.93735 kcal/mol
 Total mean interaction energy in the mix (H_int)  :       -13.94736 kcal/mol
 Misfit interaction energy in the mix (H_MF)       :         2.18034 kcal/mol
 H-Bond interaction energy in the mix (H_HB)       :       -10.94580 kcal/mol
 VdW interaction energy in the mix (H_vdW)         :        -5.18190 kcal/mol
 Ln(Activity coefficient)                          :         0.00000

 Compound: 2  (NWXMGUDVXFXRIG-WESIUVDSSA-N)
 Chemical potential of the compound in the mixture :        -2.75408 kcal/mol
 Log10(partial pressure [mbar])                    :       -11.69688
 Free energy of molecule in mix (E_COSMO+dE+Mu)    :   -981884.27995 kcal/mol
 Total mean interaction energy in the mix (H_int)  :       -17.78226 kcal/mol
 Misfit interaction energy in the mix (H_MF)       :         6.15432 kcal/mol
 H-Bond interaction energy in the mix (H_HB)       :        -7.92128 kcal/mol
 VdW interaction energy in the mix (H_vdW)         :       -16.01530 kcal/mol
 Ln(Activity coefficient)                          :         2.81051


----------------
 END job       1
----------------
----------------
 START job     2
----------------

 --------------------------------------------------------------------------------
 Computation of activity coefficients gamma at infinite dilution in compound    2
 --------------------------------------------------------------------------------



 Results for mixture 4
 ---------------------
 Temperature          :    298.150 K
 Compound Nr.         :         1         2
 Compound             : PEDCQBHIV NWXMGUDVX
 Mole Fraction        :    1.0000    0.0000

 Compound: 1  (PEDCQBHIVMGVHV-UHFFFAOYSA-N)
 Chemical potential of the compound in the mixture :        -3.11989 kcal/mol
 Log10(partial pressure [mbar])                    :        -3.57209
 Free energy of molecule in mix (E_COSMO+dE+Mu)    :   -216453.93735 kcal/mol
 Total mean interaction energy in the mix (H_int)  :       -13.94736 kcal/mol
 Misfit interaction energy in the mix (H_MF)       :         2.18034 kcal/mol
 H-Bond interaction energy in the mix (H_HB)       :       -10.94580 kcal/mol
 VdW interaction energy in the mix (H_vdW)         :        -5.18190 kcal/mol




 Results for mixture 5
 ---------------------
 Temperature          :    298.150 K
 Compound Nr.         :         1         2
 Compound             : PEDCQBHIV NWXMGUDVX
 Mole Fraction        :    0.0000    1.0000

 Compound: 2  (NWXMGUDVXFXRIG-WESIUVDSSA-N)
 Chemical potential of the compound in the mixture :        -4.41927 kcal/mol
 Log10(partial pressure [mbar])                    :       -12.91747
 Free energy of molecule in mix (E_COSMO+dE+Mu)    :   -981885.94513 kcal/mol
 Total mean interaction energy in the mix (H_int)  :       -15.96019 kcal/mol
 Misfit interaction energy in the mix (H_MF)       :         5.42772 kcal/mol
 H-Bond interaction energy in the mix (H_HB)       :        -5.10664 kcal/mol
 VdW interaction energy in the mix (H_vdW)         :       -16.28128 kcal/mol




 Results for mixture 6
 ---------------------
 Temperature          :    298.150 K
 Compound Nr.         :         1         2
 Compound             : PEDCQBHIV NWXMGUDVX
 Mole Fraction        :    0.0000    1.0000

 Compound: 1  (PEDCQBHIVMGVHV-UHFFFAOYSA-N)
 Chemical potential of the compound in the mixture :        -2.29087 kcal/mol
 Log10(partial pressure [mbar])                    :        -2.96442
 Free energy of molecule in mix (E_COSMO+dE+Mu)    :   -216453.10833 kcal/mol
 Total mean interaction energy in the mix (H_int)  :       -10.91910 kcal/mol
 Misfit interaction energy in the mix (H_MF)       :         2.10411 kcal/mol
 H-Bond interaction energy in the mix (H_HB)       :        -7.81986 kcal/mol
 VdW interaction energy in the mix (H_vdW)         :        -5.20335 kcal/mol
 Ln(Activity coefficient)                          :         1.39923

 Compound: 2  (NWXMGUDVXFXRIG-WESIUVDSSA-N)
 Chemical potential of the compound in the mixture :        -4.41927 kcal/mol
 Log10(partial pressure [mbar])                    :       -12.91747
 Free energy of molecule in mix (E_COSMO+dE+Mu)    :   -981885.94513 kcal/mol
 Total mean interaction energy in the mix (H_int)  :       -15.96019 kcal/mol
 Misfit interaction energy in the mix (H_MF)       :         5.42772 kcal/mol
 H-Bond interaction energy in the mix (H_HB)       :        -5.10664 kcal/mol
 VdW interaction energy in the mix (H_vdW)         :       -16.28128 kcal/mol
 Ln(Activity coefficient)                          :         0.00000


----------------
 END job       2
----------------
