 -----------------------------------------------------------
 BIOVIA COSMOtherm Version 2019 (build: 19.0.5 [65f0de1d5f])
 -----------------------------------------------------------

 Copyright (C) 1999-2019, Dassault Systemes BIOVIA corp, all rights reserved

 Job name   : !! generated by COSMOthermX !!
 Job date   : 09/16/2022
 Job time   : 14:10:06
 Hostname   : unknown
 OS type    : unknown
 Executable : Linux 64-bit

 Reading COSMOtherm parameter file BP_TZVP_C30_1701.ctd from directory /home/comp3/software/COSMOlogic/COSMOthermX19/COSMOtherm/CTDATA-FILES/OLDPARAM/
 Info: # COSMOtherm parameter file ./BP_TZVP_C30_1701.ctd for BP-TZVP optimized COSMO files                                                                  

 Reading COSMOtherm license key license.txt from directory /home/comp3/software/COSMOlogic/COSMOthermX19/licensefiles/

 COSMOtherm license key expiration date 04/26/2025
 COSMOtherm license key version 21
 Customer : 200000000032966
 ID       : LKO1978637

 License keys:
  product                   |    licensed version    | status
 ------------------------------------------------------------------------------ 
  COSMOtherm                |          21            | active
  TURBOMOLE                 |          21            | active
 ------------------------------------------------------------------------------ 
 
 Note: Vapor pressure / property file could not be found for compound 1
 Reading COSMO information for compound 1 conformer 1 from file /home/comp3/Desktop/Nastya/DES/cosmo/QIQXTHQIDYTFRH-UHFFFAOYSA-N.cosmo
 Note: Gas phase energy file could not be found for compound 1 conformer 1
 Note: converting Gaussian COSMO-file information of compound 1 conformer 1
 
 Note: Vapor pressure / property file could not be found for compound 2
 Reading COSMO information for compound 2 conformer 1 from file /home/comp3/Desktop/Nastya/DES/cosmo/NHGXDBSUJJNIRV-UHFFFAOYSA-M.cosmo
 Note: Gas phase energy file could not be found for compound 2 conformer 1
 Note: converting Gaussian COSMO-file information of compound 2 conformer 1


 --- Compound 1 (QIQXTHQIDYTFRH-UHFFFAOYSA-N) ---

 Compound Information for compound 1 conformer 1 (COSMO file /home/comp3/Desktop/Nastya/DES/cosmo/QIQXTHQIDYTFRH-UHFFFAOYSA-N.cosmo)
 Atomic weights         : 11111111111111111111111111111111111111111111111111111111
 E_COSMO+dE             :    -538637.7292 kcal/mol
 E_gas                  :    -538630.8380 kcal/mol
 E_COSMO-E_gas+dE       :         -6.8912 kcal/mol
 E_diel                 :         -9.2965 kcal/mol
 Averaging corr dE      :          0.6492 kcal/mol
 Area                   :        410.2333 A^2
 Volume                 :        426.2253 A^3
 Molecular Weight       :        284.4790 a.m.u.
 Total COSMO charge     :         -0.0099 a.u.
 Dipole moment (t,x,y,z):          2.9838 -2.280195  0.215406 -1.912429 Debye                            
 Sigma moments (1-6)    :          0.0000  7.23E+01  5.427453  1.10E+02 -3.20E+01  2.60E+02              
 H-bond moment (accept) :          1.9241
 H-bond moment (donor)  :          3.0022
 
 WARNING: QM computation level of compound 1 conformer 1 could not be determined - it may differ from the QM level of the parameter set.
 No gas phase energy for compound 1 conformer 1 specified, thus it will be estimated


 --- Compound 2 (NHGXDBSUJJNIRV-UHFFFAOYSA-M) ---

 Compound Information for compound 2 conformer 1 (COSMO file /home/comp3/Desktop/Nastya/DES/cosmo/NHGXDBSUJJNIRV-UHFFFAOYSA-M.cosmo)
 Atomic weights         : 111111111111111111111111111111111111111111111111111111
 E_COSMO+dE             :    -719517.9701 kcal/mol
 E_gas                  :    -719490.0954 kcal/mol
 E_COSMO-E_gas+dE       :        -27.8747 kcal/mol
 E_diel                 :        -40.6586 kcal/mol
 Averaging corr dE      :          0.5864 kcal/mol
 Area                   :        346.8419 A^2
 Volume                 :        412.6118 A^3
 Molecular Weight       :        277.9185 a.m.u.
 Total COSMO charge     :          0.0092 a.u.
 Dipole moment (t,x,y,z):         18.0212  1.17E+01 -8.942479 -1.03E+01 Debye                            
 Sigma moments (1-6)    :          0.0000  1.71E+02  2.01E+02  4.29E+02  7.39E+02  1.41E+03              
 H-bond moment (accept) :         22.3888
 H-bond moment (donor)  :          0.0050
 
 WARNING: QM computation level of compound 2 conformer 1 could not be determined - it may differ from the QM level of the parameter set.
 No gas phase energy for compound 2 conformer 1 specified, thus it will be estimated


 Total number of processed compounds:    2


----------------
 START job     1
----------------

 --------------------------------------------------------------------------------
 Computation of activity coefficients gamma at infinite dilution in compound    1
 --------------------------------------------------------------------------------



 Results for mixture 1
 ---------------------
 Temperature          :    298.150 K
 Compound Nr.         :         1         2
 Compound             : QIQXTHQID NHGXDBSUJ
 Mole Fraction        :    1.0000    0.0000

 Compound: 1  (QIQXTHQIDYTFRH-UHFFFAOYSA-N)
 Chemical potential of the compound in the mixture :       -10.93514 kcal/mol
 Log10(partial pressure [mbar])                    :        -5.49271
 Free energy of molecule in mix (E_COSMO+dE+Mu)    :   -538648.66436 kcal/mol
 Total mean interaction energy in the mix (H_int)  :       -20.58847 kcal/mol
 Misfit interaction energy in the mix (H_MF)       :         2.63375 kcal/mol
 H-Bond interaction energy in the mix (H_HB)       :        -3.31594 kcal/mol
 VdW interaction energy in the mix (H_vdW)         :       -19.90628 kcal/mol




 Results for mixture 2
 ---------------------
 Temperature          :    298.150 K
 Compound Nr.         :         1         2
 Compound             : QIQXTHQID NHGXDBSUJ
 Mole Fraction        :    0.0000    1.0000

 Compound: 2  (NHGXDBSUJJNIRV-UHFFFAOYSA-M)
 Chemical potential of the compound in the mixture :        -0.38175 kcal/mol
 Log10(partial pressure [mbar])                    :       -13.13804
 Free energy of molecule in mix (E_COSMO+dE+Mu)    :   -719518.35184 kcal/mol
 Total mean interaction energy in the mix (H_int)  :        -8.14964 kcal/mol
 Misfit interaction energy in the mix (H_MF)       :        10.46899 kcal/mol
 H-Bond interaction energy in the mix (H_HB)       :        -0.74122 kcal/mol
 VdW interaction energy in the mix (H_vdW)         :       -17.87741 kcal/mol




 Results for mixture 3
 ---------------------
 Temperature          :    298.150 K
 Compound Nr.         :         1         2
 Compound             : QIQXTHQID NHGXDBSUJ
 Mole Fraction        :    1.0000    0.0000

 Compound: 1  (QIQXTHQIDYTFRH-UHFFFAOYSA-N)
 Chemical potential of the compound in the mixture :       -10.93514 kcal/mol
 Log10(partial pressure [mbar])                    :        -5.49271
 Free energy of molecule in mix (E_COSMO+dE+Mu)    :   -538648.66436 kcal/mol
 Total mean interaction energy in the mix (H_int)  :       -20.58847 kcal/mol
 Misfit interaction energy in the mix (H_MF)       :         2.63375 kcal/mol
 H-Bond interaction energy in the mix (H_HB)       :        -3.31594 kcal/mol
 VdW interaction energy in the mix (H_vdW)         :       -19.90628 kcal/mol
 Ln(Activity coefficient)                          :         0.00000

 Compound: 2  (NHGXDBSUJJNIRV-UHFFFAOYSA-M)
 Chemical potential of the compound in the mixture :       -11.31541 kcal/mol
 Log10(partial pressure [mbar])                    :       -21.15247
 Free energy of molecule in mix (E_COSMO+dE+Mu)    :   -719529.28550 kcal/mol
 Total mean interaction energy in the mix (H_int)  :       -39.89001 kcal/mol
 Misfit interaction energy in the mix (H_MF)       :         2.95656 kcal/mol
 H-Bond interaction energy in the mix (H_HB)       :       -25.55027 kcal/mol
 VdW interaction energy in the mix (H_vdW)         :       -17.29629 kcal/mol
 Ln(Activity coefficient)                          :       -18.45391


----------------
 END job       1
----------------
----------------
 START job     2
----------------

 --------------------------------------------------------------------------------
 Computation of activity coefficients gamma at infinite dilution in compound    2
 --------------------------------------------------------------------------------



 Results for mixture 4
 ---------------------
 Temperature          :    298.150 K
 Compound Nr.         :         1         2
 Compound             : QIQXTHQID NHGXDBSUJ
 Mole Fraction        :    1.0000    0.0000

 Compound: 1  (QIQXTHQIDYTFRH-UHFFFAOYSA-N)
 Chemical potential of the compound in the mixture :       -10.93514 kcal/mol
 Log10(partial pressure [mbar])                    :        -5.49271
 Free energy of molecule in mix (E_COSMO+dE+Mu)    :   -538648.66436 kcal/mol
 Total mean interaction energy in the mix (H_int)  :       -20.58847 kcal/mol
 Misfit interaction energy in the mix (H_MF)       :         2.63375 kcal/mol
 H-Bond interaction energy in the mix (H_HB)       :        -3.31594 kcal/mol
 VdW interaction energy in the mix (H_vdW)         :       -19.90628 kcal/mol




 Results for mixture 5
 ---------------------
 Temperature          :    298.150 K
 Compound Nr.         :         1         2
 Compound             : QIQXTHQID NHGXDBSUJ
 Mole Fraction        :    0.0000    1.0000

 Compound: 2  (NHGXDBSUJJNIRV-UHFFFAOYSA-M)
 Chemical potential of the compound in the mixture :        -0.38175 kcal/mol
 Log10(partial pressure [mbar])                    :       -13.13804
 Free energy of molecule in mix (E_COSMO+dE+Mu)    :   -719518.35184 kcal/mol
 Total mean interaction energy in the mix (H_int)  :        -8.14964 kcal/mol
 Misfit interaction energy in the mix (H_MF)       :        10.46899 kcal/mol
 H-Bond interaction energy in the mix (H_HB)       :        -0.74122 kcal/mol
 VdW interaction energy in the mix (H_vdW)         :       -17.87741 kcal/mol




 Results for mixture 6
 ---------------------
 Temperature          :    298.150 K
 Compound Nr.         :         1         2
 Compound             : QIQXTHQID NHGXDBSUJ
 Mole Fraction        :    0.0000    1.0000

 Compound: 1  (QIQXTHQIDYTFRH-UHFFFAOYSA-N)
 Chemical potential of the compound in the mixture :       -12.99813 kcal/mol
 Log10(partial pressure [mbar])                    :        -7.00489
 Free energy of molecule in mix (E_COSMO+dE+Mu)    :   -538650.72735 kcal/mol
 Total mean interaction energy in the mix (H_int)  :       -19.43835 kcal/mol
 Misfit interaction energy in the mix (H_MF)       :         5.89707 kcal/mol
 H-Bond interaction energy in the mix (H_HB)       :        -4.88536 kcal/mol
 VdW interaction energy in the mix (H_vdW)         :       -20.45006 kcal/mol
 Ln(Activity coefficient)                          :        -3.48193

 Compound: 2  (NHGXDBSUJJNIRV-UHFFFAOYSA-M)
 Chemical potential of the compound in the mixture :        -0.38175 kcal/mol
 Log10(partial pressure [mbar])                    :       -13.13804
 Free energy of molecule in mix (E_COSMO+dE+Mu)    :   -719518.35184 kcal/mol
 Total mean interaction energy in the mix (H_int)  :        -8.14964 kcal/mol
 Misfit interaction energy in the mix (H_MF)       :        10.46899 kcal/mol
 H-Bond interaction energy in the mix (H_HB)       :        -0.74122 kcal/mol
 VdW interaction energy in the mix (H_vdW)         :       -17.87741 kcal/mol
 Ln(Activity coefficient)                          :         0.00000


----------------
 END job       2
----------------
