 -----------------------------------------------------------
 BIOVIA COSMOtherm Version 2019 (build: 19.0.5 [65f0de1d5f])
 -----------------------------------------------------------

 Copyright (C) 1999-2019, Dassault Systemes BIOVIA corp, all rights reserved

 Job name   : !! generated by COSMOthermX !!
 Job date   : 09/16/2022
 Job time   : 14:08:35
 Hostname   : unknown
 OS type    : unknown
 Executable : Linux 64-bit

 Reading COSMOtherm parameter file BP_TZVP_C30_1701.ctd from directory /home/comp3/software/COSMOlogic/COSMOthermX19/COSMOtherm/CTDATA-FILES/OLDPARAM/
 Info: # COSMOtherm parameter file ./BP_TZVP_C30_1701.ctd for BP-TZVP optimized COSMO files                                                                  

 Reading COSMOtherm license key license.txt from directory /home/comp3/software/COSMOlogic/COSMOthermX19/licensefiles/

 COSMOtherm license key expiration date 04/26/2025
 COSMOtherm license key version 21
 Customer : 200000000032966
 ID       : LKO1978637

 License keys:
  product                   |    licensed version    | status
 ------------------------------------------------------------------------------ 
  COSMOtherm                |          21            | active
  TURBOMOLE                 |          21            | active
 ------------------------------------------------------------------------------ 
 
 Note: Vapor pressure / property file could not be found for compound 1
 Reading COSMO information for compound 1 conformer 1 from file /home/comp3/Desktop/Nastya/DES/cosmo/SRBFZHDQGSBBOR-SQOUGZDYSA-N.cosmo
 Note: Gas phase energy file could not be found for compound 1 conformer 1
 Note: converting Gaussian COSMO-file information of compound 1 conformer 1
 
 Reading vapor pressure and property information for compound 2 from file /home/comp3/Desktop/Nastya/DES/cosmo/SGMZJAMFUVOLNK-UHFFFAOYSA-M.vap
 Reading COSMO information for compound 2 conformer 1 from file /home/comp3/Desktop/Nastya/DES/cosmo/SGMZJAMFUVOLNK-UHFFFAOYSA-M.cosmo
 Note: Gas phase energy file could not be found for compound 2 conformer 1
 Note: converting Gaussian COSMO-file information of compound 2 conformer 1


 --- Compound 1 (SRBFZHDQGSBBOR-SQOUGZDYSA-N) ---

 Compound Information for compound 1 conformer 1 (COSMO file /home/comp3/Desktop/Nastya/DES/cosmo/SRBFZHDQGSBBOR-SQOUGZDYSA-N.cosmo)
 Atomic weights         : 11111111111111111111
 E_COSMO+dE             :    -359495.6918 kcal/mol
 E_gas                  :    -359483.2595 kcal/mol
 E_COSMO-E_gas+dE       :        -12.4323 kcal/mol
 E_diel                 :        -18.2516 kcal/mol
 Averaging corr dE      :          1.2110 kcal/mol
 Area                   :        159.3420 A^2
 Volume                 :        162.7970 A^3
 Molecular Weight       :        150.1305 a.m.u.
 Total COSMO charge     :          0.0001 a.u.
 Dipole moment (t,x,y,z):          2.8616 -2.590356  0.998053 -0.694941 Debye                            
 Sigma moments (1-6)    :          0.0000  1.43E+02  2.85E+01  2.68E+02  7.02E+01  6.25E+02              
 H-bond moment (accept) :          7.9217
 H-bond moment (donor)  :          5.3178
 
 WARNING: QM computation level of compound 1 conformer 1 could not be determined - it may differ from the QM level of the parameter set.
 No gas phase energy for compound 1 conformer 1 specified, thus it will be estimated


 --- Compound 2 (SGMZJAMFUVOLNK-UHFFFAOYSA-M) ---

 Compound Information for compound 2 conformer 1 (COSMO file /home/comp3/Desktop/Nastya/DES/cosmo/SGMZJAMFUVOLNK-UHFFFAOYSA-M.cosmo)
 Atomic weights         : 1111111111111111111111
 E_COSMO+dE             :    -495311.0092 kcal/mol
 E_gas                  :    -495280.9240 kcal/mol
 E_COSMO-E_gas+dE       :        -30.0852 kcal/mol
 E_diel                 :        -43.9005 kcal/mol
 Averaging corr dE      :          0.6451 kcal/mol
 Area                   :        177.0496 A^2
 Volume                 :        188.1524 A^3
 Molecular Weight       :        139.6245 a.m.u.
 Total COSMO charge     :          0.0093 a.u.
 Dipole moment (t,x,y,z):         18.3247 -1.83E+01  0.122140 -1.618568 Debye                            
 Sigma moments (1-6)    :          0.0000  1.72E+02  1.20E+02  3.11E+02  3.77E+02  7.14E+02              
 H-bond moment (accept) :         15.0395
 H-bond moment (donor)  :          0.2290
 
 WARNING: QM computation level of compound 2 conformer 1 could not be determined - it may differ from the QM level of the parameter set.
 No gas phase energy for compound 2 conformer 1 specified, thus it will be estimated


 Total number of processed compounds:    2


----------------
 START job     1
----------------

 --------------------------------------------------------------------------------
 Computation of activity coefficients gamma at infinite dilution in compound    1
 --------------------------------------------------------------------------------



 Results for mixture 1
 ---------------------
 Temperature          :    298.150 K
 Compound Nr.         :         1         2
 Compound             : SRBFZHDQG SGMZJAMFU
 Mole Fraction        :    1.0000    0.0000

 Compound: 1  (SRBFZHDQGSBBOR-SQOUGZDYSA-N)
 Chemical potential of the compound in the mixture :        -3.37447 kcal/mol
 Log10(partial pressure [mbar])                    :        -4.84325
 Free energy of molecule in mix (E_COSMO+dE+Mu)    :   -359499.06626 kcal/mol
 Total mean interaction energy in the mix (H_int)  :       -15.20881 kcal/mol
 Misfit interaction energy in the mix (H_MF)       :         2.31440 kcal/mol
 H-Bond interaction energy in the mix (H_HB)       :       -11.32050 kcal/mol
 VdW interaction energy in the mix (H_vdW)         :        -6.20271 kcal/mol




 Results for mixture 2
 ---------------------
 Temperature          :    298.150 K
 Compound Nr.         :         1         2
 Compound             : SRBFZHDQG SGMZJAMFU
 Mole Fraction        :    0.0000    1.0000

 Compound: 2  (SGMZJAMFUVOLNK-UHFFFAOYSA-M)
 Chemical potential of the compound in the mixture :         1.80745 kcal/mol
 Log10(partial pressure [mbar])                    :       -13.15367
 Free energy of molecule in mix (E_COSMO+dE+Mu)    :   -495309.20179 kcal/mol
 Total mean interaction energy in the mix (H_int)  :        -4.76377 kcal/mol
 Misfit interaction energy in the mix (H_MF)       :         6.76689 kcal/mol
 H-Bond interaction energy in the mix (H_HB)       :        -2.52734 kcal/mol
 VdW interaction energy in the mix (H_vdW)         :        -9.00332 kcal/mol




 Results for mixture 3
 ---------------------
 Temperature          :    298.150 K
 Compound Nr.         :         1         2
 Compound             : SRBFZHDQG SGMZJAMFU
 Mole Fraction        :    1.0000    0.0000

 Compound: 1  (SRBFZHDQGSBBOR-SQOUGZDYSA-N)
 Chemical potential of the compound in the mixture :        -3.37447 kcal/mol
 Log10(partial pressure [mbar])                    :        -4.84325
 Free energy of molecule in mix (E_COSMO+dE+Mu)    :   -359499.06626 kcal/mol
 Total mean interaction energy in the mix (H_int)  :       -15.20881 kcal/mol
 Misfit interaction energy in the mix (H_MF)       :         2.31440 kcal/mol
 H-Bond interaction energy in the mix (H_HB)       :       -11.32050 kcal/mol
 VdW interaction energy in the mix (H_vdW)         :        -6.20271 kcal/mol
 Ln(Activity coefficient)                          :         0.00000

 Compound: 2  (SGMZJAMFUVOLNK-UHFFFAOYSA-M)
 Chemical potential of the compound in the mixture :        -1.40935 kcal/mol
 Log10(partial pressure [mbar])                    :       -15.51160
 Free energy of molecule in mix (E_COSMO+dE+Mu)    :   -495312.41858 kcal/mol
 Total mean interaction energy in the mix (H_int)  :       -17.70174 kcal/mol
 Misfit interaction energy in the mix (H_MF)       :         3.13889 kcal/mol
 H-Bond interaction energy in the mix (H_HB)       :       -12.87185 kcal/mol
 VdW interaction energy in the mix (H_vdW)         :        -7.96878 kcal/mol
 Ln(Activity coefficient)                          :        -5.42933


----------------
 END job       1
----------------
----------------
 START job     2
----------------

 --------------------------------------------------------------------------------
 Computation of activity coefficients gamma at infinite dilution in compound    2
 --------------------------------------------------------------------------------



 Results for mixture 4
 ---------------------
 Temperature          :    298.150 K
 Compound Nr.         :         1         2
 Compound             : SRBFZHDQG SGMZJAMFU
 Mole Fraction        :    1.0000    0.0000

 Compound: 1  (SRBFZHDQGSBBOR-SQOUGZDYSA-N)
 Chemical potential of the compound in the mixture :        -3.37447 kcal/mol
 Log10(partial pressure [mbar])                    :        -4.84325
 Free energy of molecule in mix (E_COSMO+dE+Mu)    :   -359499.06626 kcal/mol
 Total mean interaction energy in the mix (H_int)  :       -15.20881 kcal/mol
 Misfit interaction energy in the mix (H_MF)       :         2.31440 kcal/mol
 H-Bond interaction energy in the mix (H_HB)       :       -11.32050 kcal/mol
 VdW interaction energy in the mix (H_vdW)         :        -6.20271 kcal/mol




 Results for mixture 5
 ---------------------
 Temperature          :    298.150 K
 Compound Nr.         :         1         2
 Compound             : SRBFZHDQG SGMZJAMFU
 Mole Fraction        :    0.0000    1.0000

 Compound: 2  (SGMZJAMFUVOLNK-UHFFFAOYSA-M)
 Chemical potential of the compound in the mixture :         1.80745 kcal/mol
 Log10(partial pressure [mbar])                    :       -13.15367
 Free energy of molecule in mix (E_COSMO+dE+Mu)    :   -495309.20179 kcal/mol
 Total mean interaction energy in the mix (H_int)  :        -4.76377 kcal/mol
 Misfit interaction energy in the mix (H_MF)       :         6.76689 kcal/mol
 H-Bond interaction energy in the mix (H_HB)       :        -2.52734 kcal/mol
 VdW interaction energy in the mix (H_vdW)         :        -9.00332 kcal/mol




 Results for mixture 6
 ---------------------
 Temperature          :    298.150 K
 Compound Nr.         :         1         2
 Compound             : SRBFZHDQG SGMZJAMFU
 Mole Fraction        :    0.0000    1.0000

 Compound: 1  (SRBFZHDQGSBBOR-SQOUGZDYSA-N)
 Chemical potential of the compound in the mixture :        -5.61114 kcal/mol
 Log10(partial pressure [mbar])                    :        -6.48274
 Free energy of molecule in mix (E_COSMO+dE+Mu)    :   -359501.30293 kcal/mol
 Total mean interaction energy in the mix (H_int)  :       -10.93341 kcal/mol
 Misfit interaction energy in the mix (H_MF)       :         4.06101 kcal/mol
 H-Bond interaction energy in the mix (H_HB)       :        -7.69917 kcal/mol
 VdW interaction energy in the mix (H_vdW)         :        -7.29526 kcal/mol
 Ln(Activity coefficient)                          :        -3.77507

 Compound: 2  (SGMZJAMFUVOLNK-UHFFFAOYSA-M)
 Chemical potential of the compound in the mixture :         1.80745 kcal/mol
 Log10(partial pressure [mbar])                    :       -13.15367
 Free energy of molecule in mix (E_COSMO+dE+Mu)    :   -495309.20179 kcal/mol
 Total mean interaction energy in the mix (H_int)  :        -4.76377 kcal/mol
 Misfit interaction energy in the mix (H_MF)       :         6.76689 kcal/mol
 H-Bond interaction energy in the mix (H_HB)       :        -2.52734 kcal/mol
 VdW interaction energy in the mix (H_vdW)         :        -9.00332 kcal/mol
 Ln(Activity coefficient)                          :         0.00000


----------------
 END job       2
----------------
