 -----------------------------------------------------------
 BIOVIA COSMOtherm Version 2019 (build: 19.0.5 [65f0de1d5f])
 -----------------------------------------------------------

 Copyright (C) 1999-2019, Dassault Systemes BIOVIA corp, all rights reserved

 Job name   : !! generated by COSMOthermX !!
 Job date   : 09/16/2022
 Job time   : 14:10:00
 Hostname   : unknown
 OS type    : unknown
 Executable : Linux 64-bit

 Reading COSMOtherm parameter file BP_TZVP_C30_1701.ctd from directory /home/comp3/software/COSMOlogic/COSMOthermX19/COSMOtherm/CTDATA-FILES/OLDPARAM/
 Info: # COSMOtherm parameter file ./BP_TZVP_C30_1701.ctd for BP-TZVP optimized COSMO files                                                                  

 Reading COSMOtherm license key license.txt from directory /home/comp3/software/COSMOlogic/COSMOthermX19/licensefiles/

 COSMOtherm license key expiration date 04/26/2025
 COSMOtherm license key version 21
 Customer : 200000000032966
 ID       : LKO1978637

 License keys:
  product                   |    licensed version    | status
 ------------------------------------------------------------------------------ 
  COSMOtherm                |          21            | active
  TURBOMOLE                 |          21            | active
 ------------------------------------------------------------------------------ 
 
 Note: Vapor pressure / property file could not be found for compound 1
 Reading COSMO information for compound 1 conformer 1 from file /home/comp3/Desktop/Nastya/DES/cosmo/VMXUWOKSQNHOCA-UKTHLTGXSA-N.cosmo
 Note: Gas phase energy file could not be found for compound 1 conformer 1
 Note: converting Gaussian COSMO-file information of compound 1 conformer 1
 
 Note: Vapor pressure / property file could not be found for compound 2
 Reading COSMO information for compound 2 conformer 1 from file /home/comp3/Desktop/Nastya/DES/cosmo/XSQUKJJJFZCRTK-UHFFFAOYSA-N.cosmo
 Note: Gas phase energy file could not be found for compound 2 conformer 1
 Note: converting Gaussian COSMO-file information of compound 2 conformer 1


 --- Compound 1 (VMXUWOKSQNHOCA-UKTHLTGXSA-N) ---

 Compound Information for compound 1 conformer 1 (COSMO file /home/comp3/Desktop/Nastya/DES/cosmo/VMXUWOKSQNHOCA-UKTHLTGXSA-N.cosmo)
 Atomic weights         : 1111111111111111111111111111111111111111111
 E_COSMO+dE             :    -848261.6873 kcal/mol
 E_gas                  :    -848239.0930 kcal/mol
 E_COSMO-E_gas+dE       :        -22.5943 kcal/mol
 E_diel                 :        -33.8410 kcal/mol
 Averaging corr dE      :          1.0944 kcal/mol
 Area                   :        360.8218 A^2
 Volume                 :        383.6129 A^3
 Molecular Weight       :        314.4056 a.m.u.
 Total COSMO charge     :          0.0093 a.u.
 Dipole moment (t,x,y,z):         15.0375  9.328404 -1.18E+01 -0.220545 Debye                            
 Sigma moments (1-6)    :          0.0000  1.68E+02  7.61E+01  2.40E+02  2.10E+02  5.24E+02              
 H-bond moment (accept) :          8.3623
 H-bond moment (donor)  :          1.6060
 
 WARNING: QM computation level of compound 1 conformer 1 could not be determined - it may differ from the QM level of the parameter set.
 No gas phase energy for compound 1 conformer 1 specified, thus it will be estimated


 --- Compound 2 (XSQUKJJJFZCRTK-UHFFFAOYSA-N) ---

 Compound Information for compound 2 conformer 1 (COSMO file /home/comp3/Desktop/Nastya/DES/cosmo/XSQUKJJJFZCRTK-UHFFFAOYSA-N.cosmo)
 Atomic weights         : 11111111
 E_COSMO+dE             :    -141431.9085 kcal/mol
 E_gas                  :    -141418.6467 kcal/mol
 E_COSMO-E_gas+dE       :        -13.2618 kcal/mol
 E_diel                 :        -18.7823 kcal/mol
 Averaging corr dE      :          0.7074 kcal/mol
 Area                   :         91.2342 A^2
 Volume                 :         72.4889 A^3
 Molecular Weight       :         60.0554 a.m.u.
 Total COSMO charge     :         -0.0009 a.u.
 Dipole moment (t,x,y,z):          6.0461 -0.002329 -6.046052  0.001486 Debye                            
 Sigma moments (1-6)    :          0.0000  1.15E+02  1.56E+01  2.50E+02  9.66E+01  6.42E+02              
 H-bond moment (accept) :          7.9246
 H-bond moment (donor)  :          4.9711
 
 WARNING: QM computation level of compound 2 conformer 1 could not be determined - it may differ from the QM level of the parameter set.
 No gas phase energy for compound 2 conformer 1 specified, thus it will be estimated


 Total number of processed compounds:    2


----------------
 START job     1
----------------

 --------------------------------------------------------------------------------
 Computation of activity coefficients gamma at infinite dilution in compound    1
 --------------------------------------------------------------------------------



 Results for mixture 1
 ---------------------
 Temperature          :    298.150 K
 Compound Nr.         :         1         2
 Compound             : VMXUWOKSQ XSQUKJJJF
 Mole Fraction        :    1.0000    0.0000

 Compound: 1  (VMXUWOKSQNHOCA-UKTHLTGXSA-N)
 Chemical potential of the compound in the mixture :        -3.18584 kcal/mol
 Log10(partial pressure [mbar])                    :       -12.01529
 Free energy of molecule in mix (E_COSMO+dE+Mu)    :   -848264.87313 kcal/mol
 Total mean interaction energy in the mix (H_int)  :       -12.20891 kcal/mol
 Misfit interaction energy in the mix (H_MF)       :         6.86797 kcal/mol
 H-Bond interaction energy in the mix (H_HB)       :        -1.80668 kcal/mol
 VdW interaction energy in the mix (H_vdW)         :       -17.27021 kcal/mol




 Results for mixture 2
 ---------------------
 Temperature          :    298.150 K
 Compound Nr.         :         1         2
 Compound             : VMXUWOKSQ XSQUKJJJF
 Mole Fraction        :    0.0000    1.0000

 Compound: 2  (XSQUKJJJFZCRTK-UHFFFAOYSA-N)
 Chemical potential of the compound in the mixture :        -1.34323 kcal/mol
 Log10(partial pressure [mbar])                    :        -3.13149
 Free energy of molecule in mix (E_COSMO+dE+Mu)    :   -141433.25168 kcal/mol
 Total mean interaction energy in the mix (H_int)  :        -7.95200 kcal/mol
 Misfit interaction energy in the mix (H_MF)       :         1.46342 kcal/mol
 H-Bond interaction energy in the mix (H_HB)       :        -5.90644 kcal/mol
 VdW interaction energy in the mix (H_vdW)         :        -3.50898 kcal/mol




 Results for mixture 3
 ---------------------
 Temperature          :    298.150 K
 Compound Nr.         :         1         2
 Compound             : VMXUWOKSQ XSQUKJJJF
 Mole Fraction        :    1.0000    0.0000

 Compound: 1  (VMXUWOKSQNHOCA-UKTHLTGXSA-N)
 Chemical potential of the compound in the mixture :        -3.18584 kcal/mol
 Log10(partial pressure [mbar])                    :       -12.01529
 Free energy of molecule in mix (E_COSMO+dE+Mu)    :   -848264.87313 kcal/mol
 Total mean interaction energy in the mix (H_int)  :       -12.20891 kcal/mol
 Misfit interaction energy in the mix (H_MF)       :         6.86797 kcal/mol
 H-Bond interaction energy in the mix (H_HB)       :        -1.80668 kcal/mol
 VdW interaction energy in the mix (H_vdW)         :       -17.27021 kcal/mol
 Ln(Activity coefficient)                          :         0.00000

 Compound: 2  (XSQUKJJJFZCRTK-UHFFFAOYSA-N)
 Chemical potential of the compound in the mixture :        -0.28913 kcal/mol
 Log10(partial pressure [mbar])                    :        -2.35883
 Free energy of molecule in mix (E_COSMO+dE+Mu)    :   -141432.19759 kcal/mol
 Total mean interaction energy in the mix (H_int)  :        -5.71065 kcal/mol
 Misfit interaction energy in the mix (H_MF)       :         1.94973 kcal/mol
 H-Bond interaction energy in the mix (H_HB)       :        -3.78775 kcal/mol
 VdW interaction energy in the mix (H_vdW)         :        -3.87263 kcal/mol
 Ln(Activity coefficient)                          :         1.77911


----------------
 END job       1
----------------
----------------
 START job     2
----------------

 --------------------------------------------------------------------------------
 Computation of activity coefficients gamma at infinite dilution in compound    2
 --------------------------------------------------------------------------------



 Results for mixture 4
 ---------------------
 Temperature          :    298.150 K
 Compound Nr.         :         1         2
 Compound             : VMXUWOKSQ XSQUKJJJF
 Mole Fraction        :    1.0000    0.0000

 Compound: 1  (VMXUWOKSQNHOCA-UKTHLTGXSA-N)
 Chemical potential of the compound in the mixture :        -3.18584 kcal/mol
 Log10(partial pressure [mbar])                    :       -12.01529
 Free energy of molecule in mix (E_COSMO+dE+Mu)    :   -848264.87313 kcal/mol
 Total mean interaction energy in the mix (H_int)  :       -12.20891 kcal/mol
 Misfit interaction energy in the mix (H_MF)       :         6.86797 kcal/mol
 H-Bond interaction energy in the mix (H_HB)       :        -1.80668 kcal/mol
 VdW interaction energy in the mix (H_vdW)         :       -17.27021 kcal/mol




 Results for mixture 5
 ---------------------
 Temperature          :    298.150 K
 Compound Nr.         :         1         2
 Compound             : VMXUWOKSQ XSQUKJJJF
 Mole Fraction        :    0.0000    1.0000

 Compound: 2  (XSQUKJJJFZCRTK-UHFFFAOYSA-N)
 Chemical potential of the compound in the mixture :        -1.34323 kcal/mol
 Log10(partial pressure [mbar])                    :        -3.13149
 Free energy of molecule in mix (E_COSMO+dE+Mu)    :   -141433.25168 kcal/mol
 Total mean interaction energy in the mix (H_int)  :        -7.95200 kcal/mol
 Misfit interaction energy in the mix (H_MF)       :         1.46342 kcal/mol
 H-Bond interaction energy in the mix (H_HB)       :        -5.90644 kcal/mol
 VdW interaction energy in the mix (H_vdW)         :        -3.50898 kcal/mol




 Results for mixture 6
 ---------------------
 Temperature          :    298.150 K
 Compound Nr.         :         1         2
 Compound             : VMXUWOKSQ XSQUKJJJF
 Mole Fraction        :    0.0000    1.0000

 Compound: 1  (VMXUWOKSQNHOCA-UKTHLTGXSA-N)
 Chemical potential of the compound in the mixture :        -0.80096 kcal/mol
 Log10(partial pressure [mbar])                    :       -10.26716
 Free energy of molecule in mix (E_COSMO+dE+Mu)    :   -848262.48826 kcal/mol
 Total mean interaction energy in the mix (H_int)  :       -13.49105 kcal/mol
 Misfit interaction energy in the mix (H_MF)       :         6.90377 kcal/mol
 H-Bond interaction energy in the mix (H_HB)       :        -4.60766 kcal/mol
 VdW interaction energy in the mix (H_vdW)         :       -15.78716 kcal/mol
 Ln(Activity coefficient)                          :         4.02521

 Compound: 2  (XSQUKJJJFZCRTK-UHFFFAOYSA-N)
 Chemical potential of the compound in the mixture :        -1.34323 kcal/mol
 Log10(partial pressure [mbar])                    :        -3.13149
 Free energy of molecule in mix (E_COSMO+dE+Mu)    :   -141433.25168 kcal/mol
 Total mean interaction energy in the mix (H_int)  :        -7.95200 kcal/mol
 Misfit interaction energy in the mix (H_MF)       :         1.46342 kcal/mol
 H-Bond interaction energy in the mix (H_HB)       :        -5.90644 kcal/mol
 VdW interaction energy in the mix (H_vdW)         :        -3.50898 kcal/mol
 Ln(Activity coefficient)                          :         0.00000


----------------
 END job       2
----------------
