 -----------------------------------------------------------
 BIOVIA COSMOtherm Version 2019 (build: 19.0.5 [65f0de1d5f])
 -----------------------------------------------------------

 Copyright (C) 1999-2019, Dassault Systemes BIOVIA corp, all rights reserved

 Job name   : !! generated by COSMOthermX !!
 Job date   : 09/16/2022
 Job time   : 14:08:35
 Hostname   : unknown
 OS type    : unknown
 Executable : Linux 64-bit

 Reading COSMOtherm parameter file BP_TZVP_C30_1701.ctd from directory /home/comp3/software/COSMOlogic/COSMOthermX19/COSMOtherm/CTDATA-FILES/OLDPARAM/
 Info: # COSMOtherm parameter file ./BP_TZVP_C30_1701.ctd for BP-TZVP optimized COSMO files                                                                  

 Reading COSMOtherm license key license.txt from directory /home/comp3/software/COSMOlogic/COSMOthermX19/licensefiles/

 COSMOtherm license key expiration date 04/26/2025
 COSMOtherm license key version 21
 Customer : 200000000032966
 ID       : LKO1978637

 License keys:
  product                   |    licensed version    | status
 ------------------------------------------------------------------------------ 
  COSMOtherm                |          21            | active
  TURBOMOLE                 |          21            | active
 ------------------------------------------------------------------------------ 
 
 Reading vapor pressure and property information for compound 1 from file /home/comp3/Desktop/Nastya/DES/cosmo/WNLRTRBMVRJNCN-UHFFFAOYSA-N.vap
 Reading COSMO information for compound 1 conformer 1 from file /home/comp3/Desktop/Nastya/DES/cosmo/WNLRTRBMVRJNCN-UHFFFAOYSA-N.cosmo
 Note: Gas phase energy file could not be found for compound 1 conformer 1
 Note: converting Gaussian COSMO-file information of compound 1 conformer 1
 
 Reading vapor pressure and property information for compound 2 from file /home/comp3/Desktop/Nastya/DES/cosmo/BGQMOFGZRJUORO-UHFFFAOYSA-M.vap
 Reading COSMO information for compound 2 conformer 1 from file /home/comp3/Desktop/Nastya/DES/cosmo/BGQMOFGZRJUORO-UHFFFAOYSA-M.cosmo
 Note: Gas phase energy file could not be found for compound 2 conformer 1
 Note: converting Gaussian COSMO-file information of compound 2 conformer 1


 --- Compound 1 (WNLRTRBMVRJNCN-UHFFFAOYSA-N) ---

 Compound Information for compound 1 conformer 1 (COSMO file /home/comp3/Desktop/Nastya/DES/cosmo/WNLRTRBMVRJNCN-UHFFFAOYSA-N.cosmo)
 Atomic weights         : 11111111111111111111
 E_COSMO+dE             :    -336234.6557 kcal/mol
 E_gas                  :    -336223.1979 kcal/mol
 E_COSMO-E_gas+dE       :        -11.4577 kcal/mol
 E_diel                 :        -16.3564 kcal/mol
 Averaging corr dE      :          0.9890 kcal/mol
 Area                   :        185.1343 A^2
 Volume                 :        178.4675 A^3
 Molecular Weight       :        146.1419 a.m.u.
 Total COSMO charge     :          0.0025 a.u.
 Dipole moment (t,x,y,z):          3.1945 -1.169478 -2.792021 -1.020711 Debye                            
 Sigma moments (1-6)    :          0.0000  1.24E+02 -1.999725  2.19E+02 -9.54E+01  5.33E+02              
 H-bond moment (accept) :          3.2553
 H-bond moment (donor)  :          6.3676
 
 WARNING: QM computation level of compound 1 conformer 1 could not be determined - it may differ from the QM level of the parameter set.
 No gas phase energy for compound 1 conformer 1 specified, thus it will be estimated


 --- Compound 2 (BGQMOFGZRJUORO-UHFFFAOYSA-M) ---

 Compound Information for compound 2 conformer 1 (COSMO file /home/comp3/Desktop/Nastya/DES/cosmo/BGQMOFGZRJUORO-UHFFFAOYSA-M.cosmo)
 Atomic weights         : 111111111111111111111111111111111111111111
 E_COSMO+dE             :   -1947478.7869 kcal/mol
 E_gas                  :   -1947450.5719 kcal/mol
 E_COSMO-E_gas+dE       :        -28.2150 kcal/mol
 E_diel                 :        -41.0595 kcal/mol
 Averaging corr dE      :          0.5266 kcal/mol
 Area                   :        285.4279 A^2
 Volume                 :        335.9129 A^3
 Molecular Weight       :        266.2627 a.m.u.
 Total COSMO charge     :          0.0122 a.u.
 Dipole moment (t,x,y,z):         19.3003  1.91E+01  2.523938  0.785725 Debye                            
 Sigma moments (1-6)    :          0.0000  1.61E+02  1.56E+02  3.16E+02  4.62E+02  7.94E+02              
 H-bond moment (accept) :         17.2816
 H-bond moment (donor)  :          0.0103
 
 WARNING: QM computation level of compound 2 conformer 1 could not be determined - it may differ from the QM level of the parameter set.
 No gas phase energy for compound 2 conformer 1 specified, thus it will be estimated


 Total number of processed compounds:    2


----------------
 START job     1
----------------

 --------------------------------------------------------------------------------
 Computation of activity coefficients gamma at infinite dilution in compound    1
 --------------------------------------------------------------------------------



 Results for mixture 1
 ---------------------
 Temperature          :    298.150 K
 Compound Nr.         :         1         2
 Compound             : WNLRTRBMV BGQMOFGZR
 Mole Fraction        :    1.0000    0.0000

 Compound: 1  (WNLRTRBMVRJNCN-UHFFFAOYSA-N)
 Chemical potential of the compound in the mixture :        -2.50497 kcal/mol
 Log10(partial pressure [mbar])                    :        -2.66066
 Free energy of molecule in mix (E_COSMO+dE+Mu)    :   -336237.16065 kcal/mol
 Total mean interaction energy in the mix (H_int)  :       -11.57765 kcal/mol
 Misfit interaction energy in the mix (H_MF)       :         2.95040 kcal/mol
 H-Bond interaction energy in the mix (H_HB)       :        -7.22482 kcal/mol
 VdW interaction energy in the mix (H_vdW)         :        -7.30323 kcal/mol




 Results for mixture 2
 ---------------------
 Temperature          :    298.150 K
 Compound Nr.         :         1         2
 Compound             : WNLRTRBMV BGQMOFGZR
 Mole Fraction        :    0.0000    1.0000

 Compound: 2  (BGQMOFGZRJUORO-UHFFFAOYSA-M)
 Chemical potential of the compound in the mixture :         0.43431 kcal/mol
 Log10(partial pressure [mbar])                    :       -12.78932
 Free energy of molecule in mix (E_COSMO+dE+Mu)    :  -1947478.35255 kcal/mol
 Total mean interaction energy in the mix (H_int)  :        -6.04559 kcal/mol
 Misfit interaction energy in the mix (H_MF)       :         9.75107 kcal/mol
 H-Bond interaction energy in the mix (H_HB)       :        -0.70661 kcal/mol
 VdW interaction energy in the mix (H_vdW)         :       -15.09005 kcal/mol




 Results for mixture 3
 ---------------------
 Temperature          :    298.150 K
 Compound Nr.         :         1         2
 Compound             : WNLRTRBMV BGQMOFGZR
 Mole Fraction        :    1.0000    0.0000

 Compound: 1  (WNLRTRBMVRJNCN-UHFFFAOYSA-N)
 Chemical potential of the compound in the mixture :        -2.50497 kcal/mol
 Log10(partial pressure [mbar])                    :        -2.66066
 Free energy of molecule in mix (E_COSMO+dE+Mu)    :   -336237.16065 kcal/mol
 Total mean interaction energy in the mix (H_int)  :       -11.57765 kcal/mol
 Misfit interaction energy in the mix (H_MF)       :         2.95040 kcal/mol
 H-Bond interaction energy in the mix (H_HB)       :        -7.22482 kcal/mol
 VdW interaction energy in the mix (H_vdW)         :        -7.30323 kcal/mol
 Ln(Activity coefficient)                          :         0.00000

 Compound: 2  (BGQMOFGZRJUORO-UHFFFAOYSA-M)
 Chemical potential of the compound in the mixture :        -8.10865 kcal/mol
 Log10(partial pressure [mbar])                    :       -19.05135
 Free energy of molecule in mix (E_COSMO+dE+Mu)    :  -1947486.89550 kcal/mol
 Total mean interaction energy in the mix (H_int)  :       -29.41333 kcal/mol
 Misfit interaction energy in the mix (H_MF)       :         4.43522 kcal/mol
 H-Bond interaction energy in the mix (H_HB)       :       -20.67723 kcal/mol
 VdW interaction energy in the mix (H_vdW)         :       -13.17132 kcal/mol
 Ln(Activity coefficient)                          :       -14.41886


----------------
 END job       1
----------------
----------------
 START job     2
----------------

 --------------------------------------------------------------------------------
 Computation of activity coefficients gamma at infinite dilution in compound    2
 --------------------------------------------------------------------------------



 Results for mixture 4
 ---------------------
 Temperature          :    298.150 K
 Compound Nr.         :         1         2
 Compound             : WNLRTRBMV BGQMOFGZR
 Mole Fraction        :    1.0000    0.0000

 Compound: 1  (WNLRTRBMVRJNCN-UHFFFAOYSA-N)
 Chemical potential of the compound in the mixture :        -2.50497 kcal/mol
 Log10(partial pressure [mbar])                    :        -2.66066
 Free energy of molecule in mix (E_COSMO+dE+Mu)    :   -336237.16065 kcal/mol
 Total mean interaction energy in the mix (H_int)  :       -11.57765 kcal/mol
 Misfit interaction energy in the mix (H_MF)       :         2.95040 kcal/mol
 H-Bond interaction energy in the mix (H_HB)       :        -7.22482 kcal/mol
 VdW interaction energy in the mix (H_vdW)         :        -7.30323 kcal/mol




 Results for mixture 5
 ---------------------
 Temperature          :    298.150 K
 Compound Nr.         :         1         2
 Compound             : WNLRTRBMV BGQMOFGZR
 Mole Fraction        :    0.0000    1.0000

 Compound: 2  (BGQMOFGZRJUORO-UHFFFAOYSA-M)
 Chemical potential of the compound in the mixture :         0.43431 kcal/mol
 Log10(partial pressure [mbar])                    :       -12.78932
 Free energy of molecule in mix (E_COSMO+dE+Mu)    :  -1947478.35255 kcal/mol
 Total mean interaction energy in the mix (H_int)  :        -6.04559 kcal/mol
 Misfit interaction energy in the mix (H_MF)       :         9.75107 kcal/mol
 H-Bond interaction energy in the mix (H_HB)       :        -0.70661 kcal/mol
 VdW interaction energy in the mix (H_vdW)         :       -15.09005 kcal/mol




 Results for mixture 6
 ---------------------
 Temperature          :    298.150 K
 Compound Nr.         :         1         2
 Compound             : WNLRTRBMV BGQMOFGZR
 Mole Fraction        :    0.0000    1.0000

 Compound: 1  (WNLRTRBMVRJNCN-UHFFFAOYSA-N)
 Chemical potential of the compound in the mixture :        -6.21296 kcal/mol
 Log10(partial pressure [mbar])                    :        -5.37864
 Free energy of molecule in mix (E_COSMO+dE+Mu)    :   -336240.86864 kcal/mol
 Total mean interaction energy in the mix (H_int)  :       -11.56281 kcal/mol
 Misfit interaction energy in the mix (H_MF)       :         4.26658 kcal/mol
 H-Bond interaction energy in the mix (H_HB)       :        -7.14110 kcal/mol
 VdW interaction energy in the mix (H_vdW)         :        -8.68829 kcal/mol
 Ln(Activity coefficient)                          :        -6.25837

 Compound: 2  (BGQMOFGZRJUORO-UHFFFAOYSA-M)
 Chemical potential of the compound in the mixture :         0.43431 kcal/mol
 Log10(partial pressure [mbar])                    :       -12.78932
 Free energy of molecule in mix (E_COSMO+dE+Mu)    :  -1947478.35255 kcal/mol
 Total mean interaction energy in the mix (H_int)  :        -6.04559 kcal/mol
 Misfit interaction energy in the mix (H_MF)       :         9.75107 kcal/mol
 H-Bond interaction energy in the mix (H_HB)       :        -0.70661 kcal/mol
 VdW interaction energy in the mix (H_vdW)         :       -15.09005 kcal/mol
 Ln(Activity coefficient)                          :         0.00000


----------------
 END job       2
----------------
