 -----------------------------------------------------------
 BIOVIA COSMOtherm Version 2019 (build: 19.0.5 [65f0de1d5f])
 -----------------------------------------------------------

 Copyright (C) 1999-2019, Dassault Systemes BIOVIA corp, all rights reserved

 Job name   : !! generated by COSMOthermX !!
 Job date   : 09/16/2022
 Job time   : 14:08:35
 Hostname   : unknown
 OS type    : unknown
 Executable : Linux 64-bit

 Reading COSMOtherm parameter file BP_TZVP_C30_1701.ctd from directory /home/comp3/software/COSMOlogic/COSMOthermX19/COSMOtherm/CTDATA-FILES/OLDPARAM/
 Info: # COSMOtherm parameter file ./BP_TZVP_C30_1701.ctd for BP-TZVP optimized COSMO files                                                                  

 Reading COSMOtherm license key license.txt from directory /home/comp3/software/COSMOlogic/COSMOthermX19/licensefiles/

 COSMOtherm license key expiration date 04/26/2025
 COSMOtherm license key version 21
 Customer : 200000000032966
 ID       : LKO1978637

 License keys:
  product                   |    licensed version    | status
 ------------------------------------------------------------------------------ 
  COSMOtherm                |          21            | active
  TURBOMOLE                 |          21            | active
 ------------------------------------------------------------------------------ 
 
 Reading vapor pressure and property information for compound 1 from file /home/comp3/Desktop/Nastya/DES/cosmo/WNLRTRBMVRJNCN-UHFFFAOYSA-N.vap
 Reading COSMO information for compound 1 conformer 1 from file /home/comp3/Desktop/Nastya/DES/cosmo/WNLRTRBMVRJNCN-UHFFFAOYSA-N.cosmo
 Note: Gas phase energy file could not be found for compound 1 conformer 1
 Note: converting Gaussian COSMO-file information of compound 1 conformer 1
 
 Note: Vapor pressure / property file could not be found for compound 2
 Reading COSMO information for compound 2 conformer 1 from file /home/comp3/Desktop/Nastya/DES/cosmo/HWCKGOZZJDHMNC-UHFFFAOYSA-M.cosmo
 Note: Gas phase energy file could not be found for compound 2 conformer 1
 Note: converting Gaussian COSMO-file information of compound 2 conformer 1


 --- Compound 1 (WNLRTRBMVRJNCN-UHFFFAOYSA-N) ---

 Compound Information for compound 1 conformer 1 (COSMO file /home/comp3/Desktop/Nastya/DES/cosmo/WNLRTRBMVRJNCN-UHFFFAOYSA-N.cosmo)
 Atomic weights         : 11111111111111111111
 E_COSMO+dE             :    -336234.6557 kcal/mol
 E_gas                  :    -336223.1979 kcal/mol
 E_COSMO-E_gas+dE       :        -11.4577 kcal/mol
 E_diel                 :        -16.3564 kcal/mol
 Averaging corr dE      :          0.9890 kcal/mol
 Area                   :        185.1343 A^2
 Volume                 :        178.4675 A^3
 Molecular Weight       :        146.1419 a.m.u.
 Total COSMO charge     :          0.0025 a.u.
 Dipole moment (t,x,y,z):          3.1945 -1.169478 -2.792021 -1.020711 Debye                            
 Sigma moments (1-6)    :          0.0000  1.24E+02 -1.999725  2.19E+02 -9.54E+01  5.33E+02              
 H-bond moment (accept) :          3.2553
 H-bond moment (donor)  :          6.3676
 
 WARNING: QM computation level of compound 1 conformer 1 could not be determined - it may differ from the QM level of the parameter set.
 No gas phase energy for compound 1 conformer 1 specified, thus it will be estimated


 --- Compound 2 (HWCKGOZZJDHMNC-UHFFFAOYSA-M) ---

 Compound Information for compound 2 conformer 1 (COSMO file /home/comp3/Desktop/Nastya/DES/cosmo/HWCKGOZZJDHMNC-UHFFFAOYSA-M.cosmo)
 Atomic weights         : 111111111111111111111111111111
 E_COSMO+dE             :   -1848780.5017 kcal/mol
 E_gas                  :   -1848752.6625 kcal/mol
 E_COSMO-E_gas+dE       :        -27.8392 kcal/mol
 E_diel                 :        -40.5118 kcal/mol
 Averaging corr dE      :          0.5191 kcal/mol
 Area                   :        217.9637 A^2
 Volume                 :        246.3720 A^3
 Molecular Weight       :        210.1560 a.m.u.
 Total COSMO charge     :          0.0093 a.u.
 Dipole moment (t,x,y,z):         18.4992  1.84E+01  1.453623 -0.300269 Debye                            
 Sigma moments (1-6)    :          0.0000  1.54E+02  1.41E+02  2.94E+02  4.16E+02  7.08E+02              
 H-bond moment (accept) :         15.8609
 H-bond moment (donor)  :          0.0002
 
 WARNING: QM computation level of compound 2 conformer 1 could not be determined - it may differ from the QM level of the parameter set.
 No gas phase energy for compound 2 conformer 1 specified, thus it will be estimated


 Total number of processed compounds:    2


----------------
 START job     1
----------------

 --------------------------------------------------------------------------------
 Computation of activity coefficients gamma at infinite dilution in compound    1
 --------------------------------------------------------------------------------



 Results for mixture 1
 ---------------------
 Temperature          :    298.150 K
 Compound Nr.         :         1         2
 Compound             : WNLRTRBMV HWCKGOZZJ
 Mole Fraction        :    1.0000    0.0000

 Compound: 1  (WNLRTRBMVRJNCN-UHFFFAOYSA-N)
 Chemical potential of the compound in the mixture :        -2.50497 kcal/mol
 Log10(partial pressure [mbar])                    :        -2.66066
 Free energy of molecule in mix (E_COSMO+dE+Mu)    :   -336237.16065 kcal/mol
 Total mean interaction energy in the mix (H_int)  :       -11.57765 kcal/mol
 Misfit interaction energy in the mix (H_MF)       :         2.95040 kcal/mol
 H-Bond interaction energy in the mix (H_HB)       :        -7.22482 kcal/mol
 VdW interaction energy in the mix (H_vdW)         :        -7.30323 kcal/mol




 Results for mixture 2
 ---------------------
 Temperature          :    298.150 K
 Compound Nr.         :         1         2
 Compound             : WNLRTRBMV HWCKGOZZJ
 Mole Fraction        :    0.0000    1.0000

 Compound: 2  (HWCKGOZZJDHMNC-UHFFFAOYSA-M)
 Chemical potential of the compound in the mixture :         1.96333 kcal/mol
 Log10(partial pressure [mbar])                    :       -11.39309
 Free energy of molecule in mix (E_COSMO+dE+Mu)    :  -1848778.53838 kcal/mol
 Total mean interaction energy in the mix (H_int)  :        -3.29208 kcal/mol
 Misfit interaction energy in the mix (H_MF)       :         9.08820 kcal/mol
 H-Bond interaction energy in the mix (H_HB)       :        -0.65603 kcal/mol
 VdW interaction energy in the mix (H_vdW)         :       -11.72425 kcal/mol




 Results for mixture 3
 ---------------------
 Temperature          :    298.150 K
 Compound Nr.         :         1         2
 Compound             : WNLRTRBMV HWCKGOZZJ
 Mole Fraction        :    1.0000    0.0000

 Compound: 1  (WNLRTRBMVRJNCN-UHFFFAOYSA-N)
 Chemical potential of the compound in the mixture :        -2.50497 kcal/mol
 Log10(partial pressure [mbar])                    :        -2.66066
 Free energy of molecule in mix (E_COSMO+dE+Mu)    :   -336237.16065 kcal/mol
 Total mean interaction energy in the mix (H_int)  :       -11.57765 kcal/mol
 Misfit interaction energy in the mix (H_MF)       :         2.95040 kcal/mol
 H-Bond interaction energy in the mix (H_HB)       :        -7.22482 kcal/mol
 VdW interaction energy in the mix (H_vdW)         :        -7.30323 kcal/mol
 Ln(Activity coefficient)                          :         0.00000

 Compound: 2  (HWCKGOZZJDHMNC-UHFFFAOYSA-M)
 Chemical potential of the compound in the mixture :        -6.07402 kcal/mol
 Log10(partial pressure [mbar])                    :       -17.28451
 Free energy of molecule in mix (E_COSMO+dE+Mu)    :  -1848786.57573 kcal/mol
 Total mean interaction energy in the mix (H_int)  :       -25.57865 kcal/mol
 Misfit interaction energy in the mix (H_MF)       :         3.56724 kcal/mol
 H-Bond interaction energy in the mix (H_HB)       :       -19.09678 kcal/mol
 VdW interaction energy in the mix (H_vdW)         :       -10.04911 kcal/mol
 Ln(Activity coefficient)                          :       -13.56550


----------------
 END job       1
----------------
----------------
 START job     2
----------------

 --------------------------------------------------------------------------------
 Computation of activity coefficients gamma at infinite dilution in compound    2
 --------------------------------------------------------------------------------



 Results for mixture 4
 ---------------------
 Temperature          :    298.150 K
 Compound Nr.         :         1         2
 Compound             : WNLRTRBMV HWCKGOZZJ
 Mole Fraction        :    1.0000    0.0000

 Compound: 1  (WNLRTRBMVRJNCN-UHFFFAOYSA-N)
 Chemical potential of the compound in the mixture :        -2.50497 kcal/mol
 Log10(partial pressure [mbar])                    :        -2.66066
 Free energy of molecule in mix (E_COSMO+dE+Mu)    :   -336237.16065 kcal/mol
 Total mean interaction energy in the mix (H_int)  :       -11.57765 kcal/mol
 Misfit interaction energy in the mix (H_MF)       :         2.95040 kcal/mol
 H-Bond interaction energy in the mix (H_HB)       :        -7.22482 kcal/mol
 VdW interaction energy in the mix (H_vdW)         :        -7.30323 kcal/mol




 Results for mixture 5
 ---------------------
 Temperature          :    298.150 K
 Compound Nr.         :         1         2
 Compound             : WNLRTRBMV HWCKGOZZJ
 Mole Fraction        :    0.0000    1.0000

 Compound: 2  (HWCKGOZZJDHMNC-UHFFFAOYSA-M)
 Chemical potential of the compound in the mixture :         1.96333 kcal/mol
 Log10(partial pressure [mbar])                    :       -11.39309
 Free energy of molecule in mix (E_COSMO+dE+Mu)    :  -1848778.53838 kcal/mol
 Total mean interaction energy in the mix (H_int)  :        -3.29208 kcal/mol
 Misfit interaction energy in the mix (H_MF)       :         9.08820 kcal/mol
 H-Bond interaction energy in the mix (H_HB)       :        -0.65603 kcal/mol
 VdW interaction energy in the mix (H_vdW)         :       -11.72425 kcal/mol




 Results for mixture 6
 ---------------------
 Temperature          :    298.150 K
 Compound Nr.         :         1         2
 Compound             : WNLRTRBMV HWCKGOZZJ
 Mole Fraction        :    0.0000    1.0000

 Compound: 1  (WNLRTRBMVRJNCN-UHFFFAOYSA-N)
 Chemical potential of the compound in the mixture :        -6.39545 kcal/mol
 Log10(partial pressure [mbar])                    :        -5.51240
 Free energy of molecule in mix (E_COSMO+dE+Mu)    :   -336241.05112 kcal/mol
 Total mean interaction energy in the mix (H_int)  :       -11.04700 kcal/mol
 Misfit interaction energy in the mix (H_MF)       :         4.57607 kcal/mol
 H-Bond interaction energy in the mix (H_HB)       :        -6.93773 kcal/mol
 VdW interaction energy in the mix (H_vdW)         :        -8.68534 kcal/mol
 Ln(Activity coefficient)                          :        -6.56637

 Compound: 2  (HWCKGOZZJDHMNC-UHFFFAOYSA-M)
 Chemical potential of the compound in the mixture :         1.96333 kcal/mol
 Log10(partial pressure [mbar])                    :       -11.39309
 Free energy of molecule in mix (E_COSMO+dE+Mu)    :  -1848778.53838 kcal/mol
 Total mean interaction energy in the mix (H_int)  :        -3.29208 kcal/mol
 Misfit interaction energy in the mix (H_MF)       :         9.08820 kcal/mol
 H-Bond interaction energy in the mix (H_HB)       :        -0.65603 kcal/mol
 VdW interaction energy in the mix (H_vdW)         :       -11.72425 kcal/mol
 Ln(Activity coefficient)                          :         0.00000


----------------
 END job       2
----------------
