 -----------------------------------------------------------
 BIOVIA COSMOtherm Version 2019 (build: 19.0.5 [65f0de1d5f])
 -----------------------------------------------------------

 Copyright (C) 1999-2019, Dassault Systemes BIOVIA corp, all rights reserved

 Job name   : !! generated by COSMOthermX !!
 Job date   : 09/16/2022
 Job time   : 14:08:35
 Hostname   : unknown
 OS type    : unknown
 Executable : Linux 64-bit

 Reading COSMOtherm parameter file BP_TZVP_C30_1701.ctd from directory /home/comp3/software/COSMOlogic/COSMOthermX19/COSMOtherm/CTDATA-FILES/OLDPARAM/
 Info: # COSMOtherm parameter file ./BP_TZVP_C30_1701.ctd for BP-TZVP optimized COSMO files                                                                  

 Reading COSMOtherm license key license.txt from directory /home/comp3/software/COSMOlogic/COSMOthermX19/licensefiles/

 COSMOtherm license key expiration date 04/26/2025
 COSMOtherm license key version 21
 Customer : 200000000032966
 ID       : LKO1978637

 License keys:
  product                   |    licensed version    | status
 ------------------------------------------------------------------------------ 
  COSMOtherm                |          21            | active
  TURBOMOLE                 |          21            | active
 ------------------------------------------------------------------------------ 
 
 Reading vapor pressure and property information for compound 1 from file /home/comp3/Desktop/Nastya/DES/cosmo/WPYMKLBDIGXBTP-UHFFFAOYSA-N.vap
 Reading COSMO information for compound 1 conformer 1 from file /home/comp3/Desktop/Nastya/DES/cosmo/WPYMKLBDIGXBTP-UHFFFAOYSA-N.cosmo
 Note: Gas phase energy file could not be found for compound 1 conformer 1
 Note: converting Gaussian COSMO-file information of compound 1 conformer 1
 
 Reading vapor pressure and property information for compound 2 from file /home/comp3/Desktop/Nastya/DES/cosmo/KWIUHFFTVRNATP-UHFFFAOYSA-N.vap
 Reading COSMO information for compound 2 conformer 1 from file /home/comp3/Desktop/Nastya/DES/cosmo/KWIUHFFTVRNATP-UHFFFAOYSA-N.cosmo
 Note: Gas phase energy file could not be found for compound 2 conformer 1
 Note: converting Gaussian COSMO-file information of compound 2 conformer 1


 --- Compound 1 (WPYMKLBDIGXBTP-UHFFFAOYSA-N) ---

 Compound Information for compound 1 conformer 1 (COSMO file /home/comp3/Desktop/Nastya/DES/cosmo/WPYMKLBDIGXBTP-UHFFFAOYSA-N.cosmo)
 Atomic weights         : 111111111111111
 E_COSMO+dE             :    -264171.9648 kcal/mol
 E_gas                  :    -264165.0902 kcal/mol
 E_COSMO-E_gas+dE       :         -6.8746 kcal/mol
 E_diel                 :         -9.1709 kcal/mol
 Averaging corr dE      :          0.5721 kcal/mol
 Area                   :        153.2173 A^2
 Volume                 :        146.4500 A^3
 Molecular Weight       :        122.1220 a.m.u.
 Total COSMO charge     :   5.1188948E-05 a.u.
 Dipole moment (t,x,y,z):          2.9783 -2.183711 -2.025327  0.004275 Debye                            
 Sigma moments (1-6)    :          0.0000  6.88E+01 -1.39E+01  1.09E+02 -7.35E+01  2.69E+02              
 H-bond moment (accept) :          1.1963
 H-bond moment (donor)  :          3.3868
 
 WARNING: QM computation level of compound 1 conformer 1 could not be determined - it may differ from the QM level of the parameter set.
 No gas phase energy for compound 1 conformer 1 specified, thus it will be estimated


 --- Compound 2 (KWIUHFFTVRNATP-UHFFFAOYSA-N) ---

 Compound Information for compound 2 conformer 1 (COSMO file /home/comp3/Desktop/Nastya/DES/cosmo/KWIUHFFTVRNATP-UHFFFAOYSA-N.cosmo)
 Atomic weights         : 1111111111111111111
 E_COSMO+dE             :    -252580.8433 kcal/mol
 E_gas                  :    -252553.4740 kcal/mol
 E_COSMO-E_gas+dE       :        -27.3693 kcal/mol
 E_diel                 :        -40.1242 kcal/mol
 Averaging corr dE      :          0.7176 kcal/mol
 Area                   :        154.0612 A^2
 Volume                 :        155.3798 A^3
 Molecular Weight       :        117.1469 a.m.u.
 Total COSMO charge     :          0.0039 a.u.
 Dipole moment (t,x,y,z):         15.1887  1.51E+01 -1.715292  0.002027 Debye                            
 Sigma moments (1-6)    :          0.0000  1.69E+02  1.64E+02  4.27E+02  6.97E+02  1.45E+03              
 H-bond moment (accept) :         19.6211
 H-bond moment (donor)  :          0.1747
 
 WARNING: QM computation level of compound 2 conformer 1 could not be determined - it may differ from the QM level of the parameter set.
 No gas phase energy for compound 2 conformer 1 specified, thus it will be estimated


 Total number of processed compounds:    2


----------------
 START job     1
----------------

 --------------------------------------------------------------------------------
 Computation of activity coefficients gamma at infinite dilution in compound    1
 --------------------------------------------------------------------------------



 Results for mixture 1
 ---------------------
 Temperature          :    298.150 K
 Compound Nr.         :         1         2
 Compound             : WPYMKLBDI KWIUHFFTV
 Mole Fraction        :    1.0000    0.0000

 Compound: 1  (WPYMKLBDIGXBTP-UHFFFAOYSA-N)
 Chemical potential of the compound in the mixture :        -3.31764 kcal/mol
 Log10(partial pressure [mbar])                    :        -0.72774
 Free energy of molecule in mix (E_COSMO+dE+Mu)    :   -264175.28243 kcal/mol
 Total mean interaction energy in the mix (H_int)  :        -8.24754 kcal/mol
 Misfit interaction energy in the mix (H_MF)       :         1.93702 kcal/mol
 H-Bond interaction energy in the mix (H_HB)       :        -3.13204 kcal/mol
 VdW interaction energy in the mix (H_vdW)         :        -7.05252 kcal/mol




 Results for mixture 2
 ---------------------
 Temperature          :    298.150 K
 Compound Nr.         :         1         2
 Compound             : WPYMKLBDI KWIUHFFTV
 Mole Fraction        :    0.0000    1.0000

 Compound: 2  (KWIUHFFTVRNATP-UHFFFAOYSA-N)
 Chemical potential of the compound in the mixture :         3.52939 kcal/mol
 Log10(partial pressure [mbar])                    :        -9.90070
 Free energy of molecule in mix (E_COSMO+dE+Mu)    :   -252577.31389 kcal/mol
 Total mean interaction energy in the mix (H_int)  :        -2.27473 kcal/mol
 Misfit interaction energy in the mix (H_MF)       :         7.65703 kcal/mol
 H-Bond interaction energy in the mix (H_HB)       :        -3.05325 kcal/mol
 VdW interaction energy in the mix (H_vdW)         :        -6.87851 kcal/mol




 Results for mixture 3
 ---------------------
 Temperature          :    298.150 K
 Compound Nr.         :         1         2
 Compound             : WPYMKLBDI KWIUHFFTV
 Mole Fraction        :    1.0000    0.0000

 Compound: 1  (WPYMKLBDIGXBTP-UHFFFAOYSA-N)
 Chemical potential of the compound in the mixture :        -3.31764 kcal/mol
 Log10(partial pressure [mbar])                    :        -0.72774
 Free energy of molecule in mix (E_COSMO+dE+Mu)    :   -264175.28243 kcal/mol
 Total mean interaction energy in the mix (H_int)  :        -8.24754 kcal/mol
 Misfit interaction energy in the mix (H_MF)       :         1.93702 kcal/mol
 H-Bond interaction energy in the mix (H_HB)       :        -3.13204 kcal/mol
 VdW interaction energy in the mix (H_vdW)         :        -7.05252 kcal/mol
 Ln(Activity coefficient)                          :         0.00000

 Compound: 2  (KWIUHFFTVRNATP-UHFFFAOYSA-N)
 Chemical potential of the compound in the mixture :        -7.60320 kcal/mol
 Log10(partial pressure [mbar])                    :       -18.06096
 Free energy of molecule in mix (E_COSMO+dE+Mu)    :   -252588.44648 kcal/mol
 Total mean interaction energy in the mix (H_int)  :       -28.51349 kcal/mol
 Misfit interaction energy in the mix (H_MF)       :         2.43352 kcal/mol
 H-Bond interaction energy in the mix (H_HB)       :       -24.14659 kcal/mol
 VdW interaction energy in the mix (H_vdW)         :        -6.80042 kcal/mol
 Ln(Activity coefficient)                          :       -18.78967


----------------
 END job       1
----------------
----------------
 START job     2
----------------

 --------------------------------------------------------------------------------
 Computation of activity coefficients gamma at infinite dilution in compound    2
 --------------------------------------------------------------------------------



 Results for mixture 4
 ---------------------
 Temperature          :    298.150 K
 Compound Nr.         :         1         2
 Compound             : WPYMKLBDI KWIUHFFTV
 Mole Fraction        :    1.0000    0.0000

 Compound: 1  (WPYMKLBDIGXBTP-UHFFFAOYSA-N)
 Chemical potential of the compound in the mixture :        -3.31764 kcal/mol
 Log10(partial pressure [mbar])                    :        -0.72774
 Free energy of molecule in mix (E_COSMO+dE+Mu)    :   -264175.28243 kcal/mol
 Total mean interaction energy in the mix (H_int)  :        -8.24754 kcal/mol
 Misfit interaction energy in the mix (H_MF)       :         1.93702 kcal/mol
 H-Bond interaction energy in the mix (H_HB)       :        -3.13204 kcal/mol
 VdW interaction energy in the mix (H_vdW)         :        -7.05252 kcal/mol




 Results for mixture 5
 ---------------------
 Temperature          :    298.150 K
 Compound Nr.         :         1         2
 Compound             : WPYMKLBDI KWIUHFFTV
 Mole Fraction        :    0.0000    1.0000

 Compound: 2  (KWIUHFFTVRNATP-UHFFFAOYSA-N)
 Chemical potential of the compound in the mixture :         3.52939 kcal/mol
 Log10(partial pressure [mbar])                    :        -9.90070
 Free energy of molecule in mix (E_COSMO+dE+Mu)    :   -252577.31389 kcal/mol
 Total mean interaction energy in the mix (H_int)  :        -2.27473 kcal/mol
 Misfit interaction energy in the mix (H_MF)       :         7.65703 kcal/mol
 H-Bond interaction energy in the mix (H_HB)       :        -3.05325 kcal/mol
 VdW interaction energy in the mix (H_vdW)         :        -6.87851 kcal/mol




 Results for mixture 6
 ---------------------
 Temperature          :    298.150 K
 Compound Nr.         :         1         2
 Compound             : WPYMKLBDI KWIUHFFTV
 Mole Fraction        :    0.0000    1.0000

 Compound: 1  (WPYMKLBDIGXBTP-UHFFFAOYSA-N)
 Chemical potential of the compound in the mixture :        -7.14848 kcal/mol
 Log10(partial pressure [mbar])                    :        -3.53576
 Free energy of molecule in mix (E_COSMO+dE+Mu)    :   -264179.11326 kcal/mol
 Total mean interaction energy in the mix (H_int)  :        -8.95308 kcal/mol
 Misfit interaction energy in the mix (H_MF)       :         4.00516 kcal/mol
 H-Bond interaction energy in the mix (H_HB)       :        -5.82612 kcal/mol
 VdW interaction energy in the mix (H_vdW)         :        -7.13212 kcal/mol
 Ln(Activity coefficient)                          :        -6.46571

 Compound: 2  (KWIUHFFTVRNATP-UHFFFAOYSA-N)
 Chemical potential of the compound in the mixture :         3.52939 kcal/mol
 Log10(partial pressure [mbar])                    :        -9.90070
 Free energy of molecule in mix (E_COSMO+dE+Mu)    :   -252577.31389 kcal/mol
 Total mean interaction energy in the mix (H_int)  :        -2.27473 kcal/mol
 Misfit interaction energy in the mix (H_MF)       :         7.65703 kcal/mol
 H-Bond interaction energy in the mix (H_HB)       :        -3.05325 kcal/mol
 VdW interaction energy in the mix (H_vdW)         :        -6.87851 kcal/mol
 Ln(Activity coefficient)                          :         0.00000


----------------
 END job       2
----------------
