 -----------------------------------------------------------
 BIOVIA COSMOtherm Version 2019 (build: 19.0.5 [65f0de1d5f])
 -----------------------------------------------------------

 Copyright (C) 1999-2019, Dassault Systemes BIOVIA corp, all rights reserved

 Job name   : !! generated by COSMOthermX !!
 Job date   : 09/16/2022
 Job time   : 14:09:21
 Hostname   : unknown
 OS type    : unknown
 Executable : Linux 64-bit

 Reading COSMOtherm parameter file BP_TZVP_C30_1701.ctd from directory /home/comp3/software/COSMOlogic/COSMOthermX19/COSMOtherm/CTDATA-FILES/OLDPARAM/
 Info: # COSMOtherm parameter file ./BP_TZVP_C30_1701.ctd for BP-TZVP optimized COSMO files                                                                  

 Reading COSMOtherm license key license.txt from directory /home/comp3/software/COSMOlogic/COSMOthermX19/licensefiles/

 COSMOtherm license key expiration date 04/26/2025
 COSMOtherm license key version 21
 Customer : 200000000032966
 ID       : LKO1978637

 License keys:
  product                   |    licensed version    | status
 ------------------------------------------------------------------------------ 
  COSMOtherm                |          21            | active
  TURBOMOLE                 |          21            | active
 ------------------------------------------------------------------------------ 
 
 Note: Vapor pressure / property file could not be found for compound 1
 Reading COSMO information for compound 1 conformer 1 from file /home/comp3/Desktop/Nastya/DES/cosmo/XMGQYMWWDOXHJM-SNVBAGLBSA-N.cosmo
 Note: Gas phase energy file could not be found for compound 1 conformer 1
 Note: converting Gaussian COSMO-file information of compound 1 conformer 1
 
 Note: Vapor pressure / property file could not be found for compound 2
 Reading COSMO information for compound 2 conformer 1 from file /home/comp3/Desktop/Nastya/DES/cosmo/TUNFSRHWOTWDNC-UHFFFAOYSA-N.cosmo
 Note: Gas phase energy file could not be found for compound 2 conformer 1
 Note: converting Gaussian COSMO-file information of compound 2 conformer 1


 --- Compound 1 (XMGQYMWWDOXHJM-SNVBAGLBSA-N) ---

 Compound Information for compound 1 conformer 1 (COSMO file /home/comp3/Desktop/Nastya/DES/cosmo/XMGQYMWWDOXHJM-SNVBAGLBSA-N.cosmo)
 Atomic weights         : 11111111111111111111111111
 E_COSMO+dE             :    -245223.8298 kcal/mol
 E_gas                  :    -245221.6374 kcal/mol
 E_COSMO-E_gas+dE       :         -2.1924 kcal/mol
 E_diel                 :         -2.8533 kcal/mol
 Averaging corr dE      :          0.2524 kcal/mol
 Area                   :        196.0094 A^2
 Volume                 :        204.7482 A^3
 Molecular Weight       :        136.2350 a.m.u.
 Total COSMO charge     :         -0.0040 a.u.
 Dipole moment (t,x,y,z):          0.8793  0.559387 -0.300934 -0.608058 Debye                            
 Sigma moments (1-6)    :          0.0000  2.46E+01  6.902662  9.063582  5.496420  5.223130              
 H-bond moment (accept) :          0.0000
 H-bond moment (donor)  :          0.0000
 
 WARNING: QM computation level of compound 1 conformer 1 could not be determined - it may differ from the QM level of the parameter set.
 No gas phase energy for compound 1 conformer 1 specified, thus it will be estimated


 --- Compound 2 (TUNFSRHWOTWDNC-UHFFFAOYSA-N) ---

 Compound Information for compound 2 conformer 1 (COSMO file /home/comp3/Desktop/Nastya/DES/cosmo/TUNFSRHWOTWDNC-UHFFFAOYSA-N.cosmo)
 Atomic weights         : 11111111111111111111111111111111111111111111
 E_COSMO+dE             :    -439933.0532 kcal/mol
 E_gas                  :    -439926.3022 kcal/mol
 E_COSMO-E_gas+dE       :         -6.7510 kcal/mol
 E_diel                 :         -9.0544 kcal/mol
 Averaging corr dE      :          0.6086 kcal/mol
 Area                   :        330.5786 A^2
 Volume                 :        338.0133 A^3
 Molecular Weight       :        228.3723 a.m.u.
 Total COSMO charge     :         -0.0072 a.u.
 Dipole moment (t,x,y,z):          2.8730  2.129440  0.418204 -1.882675 Debye                            
 Sigma moments (1-6)    :          0.0000  6.97E+01  4.338649  1.10E+02 -3.62E+01  2.63E+02              
 H-bond moment (accept) :          1.8457
 H-bond moment (donor)  :          3.0730
 
 WARNING: QM computation level of compound 2 conformer 1 could not be determined - it may differ from the QM level of the parameter set.
 No gas phase energy for compound 2 conformer 1 specified, thus it will be estimated


 Total number of processed compounds:    2


----------------
 START job     1
----------------

 --------------------------------------------------------------------------------
 Computation of activity coefficients gamma at infinite dilution in compound    1
 --------------------------------------------------------------------------------



 Results for mixture 1
 ---------------------
 Temperature          :    298.150 K
 Compound Nr.         :         1         2
 Compound             : XMGQYMWWD TUNFSRHWO
 Mole Fraction        :    1.0000    0.0000

 Compound: 1  (XMGQYMWWDOXHJM-SNVBAGLBSA-N)
 Chemical potential of the compound in the mixture :        -6.35795 kcal/mol
 Log10(partial pressure [mbar])                    :         0.47573
 Free energy of molecule in mix (E_COSMO+dE+Mu)    :   -245230.18779 kcal/mol
 Total mean interaction energy in the mix (H_int)  :        -8.53697 kcal/mol
 Misfit interaction energy in the mix (H_MF)       :         1.25391 kcal/mol
 H-Bond interaction energy in the mix (H_HB)       :         0.00000 kcal/mol
 VdW interaction energy in the mix (H_vdW)         :        -9.79087 kcal/mol




 Results for mixture 2
 ---------------------
 Temperature          :    298.150 K
 Compound Nr.         :         1         2
 Compound             : XMGQYMWWD TUNFSRHWO
 Mole Fraction        :    0.0000    1.0000

 Compound: 2  (TUNFSRHWOTWDNC-UHFFFAOYSA-N)
 Chemical potential of the compound in the mixture :        -8.51566 kcal/mol
 Log10(partial pressure [mbar])                    :        -3.61647
 Free energy of molecule in mix (E_COSMO+dE+Mu)    :   -439941.56889 kcal/mol
 Total mean interaction energy in the mix (H_int)  :       -16.70808 kcal/mol
 Misfit interaction energy in the mix (H_MF)       :         2.47968 kcal/mol
 H-Bond interaction energy in the mix (H_HB)       :        -3.35515 kcal/mol
 VdW interaction energy in the mix (H_vdW)         :       -15.83261 kcal/mol




 Results for mixture 3
 ---------------------
 Temperature          :    298.150 K
 Compound Nr.         :         1         2
 Compound             : XMGQYMWWD TUNFSRHWO
 Mole Fraction        :    1.0000    0.0000

 Compound: 1  (XMGQYMWWDOXHJM-SNVBAGLBSA-N)
 Chemical potential of the compound in the mixture :        -6.35795 kcal/mol
 Log10(partial pressure [mbar])                    :         0.47573
 Free energy of molecule in mix (E_COSMO+dE+Mu)    :   -245230.18779 kcal/mol
 Total mean interaction energy in the mix (H_int)  :        -8.53697 kcal/mol
 Misfit interaction energy in the mix (H_MF)       :         1.25391 kcal/mol
 H-Bond interaction energy in the mix (H_HB)       :         0.00000 kcal/mol
 VdW interaction energy in the mix (H_vdW)         :        -9.79087 kcal/mol
 Ln(Activity coefficient)                          :         0.00000

 Compound: 2  (TUNFSRHWOTWDNC-UHFFFAOYSA-N)
 Chemical potential of the compound in the mixture :        -7.23733 kcal/mol
 Log10(partial pressure [mbar])                    :        -2.67945
 Free energy of molecule in mix (E_COSMO+dE+Mu)    :   -439940.29056 kcal/mol
 Total mean interaction energy in the mix (H_int)  :       -13.16783 kcal/mol
 Misfit interaction energy in the mix (H_MF)       :         3.00686 kcal/mol
 H-Bond interaction energy in the mix (H_HB)       :        -0.02458 kcal/mol
 VdW interaction energy in the mix (H_vdW)         :       -16.15012 kcal/mol
 Ln(Activity coefficient)                          :         2.15757


----------------
 END job       1
----------------
----------------
 START job     2
----------------

 --------------------------------------------------------------------------------
 Computation of activity coefficients gamma at infinite dilution in compound    2
 --------------------------------------------------------------------------------



 Results for mixture 4
 ---------------------
 Temperature          :    298.150 K
 Compound Nr.         :         1         2
 Compound             : XMGQYMWWD TUNFSRHWO
 Mole Fraction        :    1.0000    0.0000

 Compound: 1  (XMGQYMWWDOXHJM-SNVBAGLBSA-N)
 Chemical potential of the compound in the mixture :        -6.35795 kcal/mol
 Log10(partial pressure [mbar])                    :         0.47573
 Free energy of molecule in mix (E_COSMO+dE+Mu)    :   -245230.18779 kcal/mol
 Total mean interaction energy in the mix (H_int)  :        -8.53697 kcal/mol
 Misfit interaction energy in the mix (H_MF)       :         1.25391 kcal/mol
 H-Bond interaction energy in the mix (H_HB)       :         0.00000 kcal/mol
 VdW interaction energy in the mix (H_vdW)         :        -9.79087 kcal/mol




 Results for mixture 5
 ---------------------
 Temperature          :    298.150 K
 Compound Nr.         :         1         2
 Compound             : XMGQYMWWD TUNFSRHWO
 Mole Fraction        :    0.0000    1.0000

 Compound: 2  (TUNFSRHWOTWDNC-UHFFFAOYSA-N)
 Chemical potential of the compound in the mixture :        -8.51566 kcal/mol
 Log10(partial pressure [mbar])                    :        -3.61647
 Free energy of molecule in mix (E_COSMO+dE+Mu)    :   -439941.56889 kcal/mol
 Total mean interaction energy in the mix (H_int)  :       -16.70808 kcal/mol
 Misfit interaction energy in the mix (H_MF)       :         2.47968 kcal/mol
 H-Bond interaction energy in the mix (H_HB)       :        -3.35515 kcal/mol
 VdW interaction energy in the mix (H_vdW)         :       -15.83261 kcal/mol




 Results for mixture 6
 ---------------------
 Temperature          :    298.150 K
 Compound Nr.         :         1         2
 Compound             : XMGQYMWWD TUNFSRHWO
 Mole Fraction        :    0.0000    1.0000

 Compound: 1  (XMGQYMWWDOXHJM-SNVBAGLBSA-N)
 Chemical potential of the compound in the mixture :        -6.06930 kcal/mol
 Log10(partial pressure [mbar])                    :         0.68732
 Free energy of molecule in mix (E_COSMO+dE+Mu)    :   -245229.89913 kcal/mol
 Total mean interaction energy in the mix (H_int)  :        -8.22744 kcal/mol
 Misfit interaction energy in the mix (H_MF)       :         1.38444 kcal/mol
 H-Bond interaction energy in the mix (H_HB)       :        -0.00288 kcal/mol
 VdW interaction energy in the mix (H_vdW)         :        -9.60900 kcal/mol
 Ln(Activity coefficient)                          :         0.48719

 Compound: 2  (TUNFSRHWOTWDNC-UHFFFAOYSA-N)
 Chemical potential of the compound in the mixture :        -8.51566 kcal/mol
 Log10(partial pressure [mbar])                    :        -3.61647
 Free energy of molecule in mix (E_COSMO+dE+Mu)    :   -439941.56889 kcal/mol
 Total mean interaction energy in the mix (H_int)  :       -16.70808 kcal/mol
 Misfit interaction energy in the mix (H_MF)       :         2.47968 kcal/mol
 H-Bond interaction energy in the mix (H_HB)       :        -3.35515 kcal/mol
 VdW interaction energy in the mix (H_vdW)         :       -15.83261 kcal/mol
 Ln(Activity coefficient)                          :         0.00000


----------------
 END job       2
----------------
