 -----------------------------------------------------------
 BIOVIA COSMOtherm Version 2019 (build: 19.0.5 [65f0de1d5f])
 -----------------------------------------------------------

 Copyright (C) 1999-2019, Dassault Systemes BIOVIA corp, all rights reserved

 Job name   : !! generated by COSMOthermX !!
 Job date   : 09/16/2022
 Job time   : 14:09:21
 Hostname   : unknown
 OS type    : unknown
 Executable : Linux 64-bit

 Reading COSMOtherm parameter file BP_TZVP_C30_1701.ctd from directory /home/comp3/software/COSMOlogic/COSMOthermX19/COSMOtherm/CTDATA-FILES/OLDPARAM/
 Info: # COSMOtherm parameter file ./BP_TZVP_C30_1701.ctd for BP-TZVP optimized COSMO files                                                                  

 Reading COSMOtherm license key license.txt from directory /home/comp3/software/COSMOlogic/COSMOthermX19/licensefiles/

 COSMOtherm license key expiration date 04/26/2025
 COSMOtherm license key version 21
 Customer : 200000000032966
 ID       : LKO1978637

 License keys:
  product                   |    licensed version    | status
 ------------------------------------------------------------------------------ 
  COSMOtherm                |          21            | active
  TURBOMOLE                 |          21            | active
 ------------------------------------------------------------------------------ 
 
 Note: Vapor pressure / property file could not be found for compound 1
 Reading COSMO information for compound 1 conformer 1 from file /home/comp3/Desktop/Nastya/DES/cosmo/XMGQYMWWDOXHJM-SNVBAGLBSA-N.cosmo
 Note: Gas phase energy file could not be found for compound 1 conformer 1
 Note: converting Gaussian COSMO-file information of compound 1 conformer 1
 
 Note: Vapor pressure / property file could not be found for compound 2
 Reading COSMO information for compound 2 conformer 1 from file /home/comp3/Desktop/Nastya/DES/cosmo/GHVNFZFCNZKVNT-UHFFFAOYSA-N.cosmo
 Note: Gas phase energy file could not be found for compound 2 conformer 1
 Note: converting Gaussian COSMO-file information of compound 2 conformer 1


 --- Compound 1 (XMGQYMWWDOXHJM-SNVBAGLBSA-N) ---

 Compound Information for compound 1 conformer 1 (COSMO file /home/comp3/Desktop/Nastya/DES/cosmo/XMGQYMWWDOXHJM-SNVBAGLBSA-N.cosmo)
 Atomic weights         : 11111111111111111111111111
 E_COSMO+dE             :    -245223.8298 kcal/mol
 E_gas                  :    -245221.6374 kcal/mol
 E_COSMO-E_gas+dE       :         -2.1924 kcal/mol
 E_diel                 :         -2.8533 kcal/mol
 Averaging corr dE      :          0.2524 kcal/mol
 Area                   :        196.0094 A^2
 Volume                 :        204.7482 A^3
 Molecular Weight       :        136.2350 a.m.u.
 Total COSMO charge     :         -0.0040 a.u.
 Dipole moment (t,x,y,z):          0.8793  0.559387 -0.300934 -0.608058 Debye                            
 Sigma moments (1-6)    :          0.0000  2.46E+01  6.902662  9.063582  5.496420  5.223130              
 H-bond moment (accept) :          0.0000
 H-bond moment (donor)  :          0.0000
 
 WARNING: QM computation level of compound 1 conformer 1 could not be determined - it may differ from the QM level of the parameter set.
 No gas phase energy for compound 1 conformer 1 specified, thus it will be estimated


 --- Compound 2 (GHVNFZFCNZKVNT-UHFFFAOYSA-N) ---

 Compound Information for compound 2 conformer 1 (COSMO file /home/comp3/Desktop/Nastya/DES/cosmo/GHVNFZFCNZKVNT-UHFFFAOYSA-N.cosmo)
 Atomic weights         : 11111111111111111111111111111111
 E_COSMO+dE             :    -341228.4087 kcal/mol
 E_gas                  :    -341221.8182 kcal/mol
 E_COSMO-E_gas+dE       :         -6.5905 kcal/mol
 E_diel                 :         -8.7806 kcal/mol
 Averaging corr dE      :          0.5636 kcal/mol
 Area                   :        251.5038 A^2
 Volume                 :        251.0810 A^3
 Molecular Weight       :        172.2656 a.m.u.
 Total COSMO charge     :         -0.0042 a.u.
 Dipole moment (t,x,y,z):          2.7231 -1.896075  0.952154 -1.706973 Debye                            
 Sigma moments (1-6)    :          0.0000  6.73E+01  3.907905  1.11E+02 -3.63E+01  2.65E+02              
 H-bond moment (accept) :          1.8764
 H-bond moment (donor)  :          3.0810
 
 WARNING: QM computation level of compound 2 conformer 1 could not be determined - it may differ from the QM level of the parameter set.
 No gas phase energy for compound 2 conformer 1 specified, thus it will be estimated


 Total number of processed compounds:    2


----------------
 START job     1
----------------

 --------------------------------------------------------------------------------
 Computation of activity coefficients gamma at infinite dilution in compound    1
 --------------------------------------------------------------------------------



 Results for mixture 1
 ---------------------
 Temperature          :    298.150 K
 Compound Nr.         :         1         2
 Compound             : XMGQYMWWD GHVNFZFCN
 Mole Fraction        :    1.0000    0.0000

 Compound: 1  (XMGQYMWWDOXHJM-SNVBAGLBSA-N)
 Chemical potential of the compound in the mixture :        -6.35795 kcal/mol
 Log10(partial pressure [mbar])                    :         0.47573
 Free energy of molecule in mix (E_COSMO+dE+Mu)    :   -245230.18779 kcal/mol
 Total mean interaction energy in the mix (H_int)  :        -8.53697 kcal/mol
 Misfit interaction energy in the mix (H_MF)       :         1.25391 kcal/mol
 H-Bond interaction energy in the mix (H_HB)       :         0.00000 kcal/mol
 VdW interaction energy in the mix (H_vdW)         :        -9.79087 kcal/mol




 Results for mixture 2
 ---------------------
 Temperature          :    298.150 K
 Compound Nr.         :         1         2
 Compound             : XMGQYMWWD GHVNFZFCN
 Mole Fraction        :    0.0000    1.0000

 Compound: 2  (GHVNFZFCNZKVNT-UHFFFAOYSA-N)
 Chemical potential of the compound in the mixture :        -6.18421 kcal/mol
 Log10(partial pressure [mbar])                    :        -1.78984
 Free energy of molecule in mix (E_COSMO+dE+Mu)    :   -341234.59288 kcal/mol
 Total mean interaction energy in the mix (H_int)  :       -13.06374 kcal/mol
 Misfit interaction energy in the mix (H_MF)       :         2.26430 kcal/mol
 H-Bond interaction energy in the mix (H_HB)       :        -3.53987 kcal/mol
 VdW interaction energy in the mix (H_vdW)         :       -11.78818 kcal/mol




 Results for mixture 3
 ---------------------
 Temperature          :    298.150 K
 Compound Nr.         :         1         2
 Compound             : XMGQYMWWD GHVNFZFCN
 Mole Fraction        :    1.0000    0.0000

 Compound: 1  (XMGQYMWWDOXHJM-SNVBAGLBSA-N)
 Chemical potential of the compound in the mixture :        -6.35795 kcal/mol
 Log10(partial pressure [mbar])                    :         0.47573
 Free energy of molecule in mix (E_COSMO+dE+Mu)    :   -245230.18779 kcal/mol
 Total mean interaction energy in the mix (H_int)  :        -8.53697 kcal/mol
 Misfit interaction energy in the mix (H_MF)       :         1.25391 kcal/mol
 H-Bond interaction energy in the mix (H_HB)       :         0.00000 kcal/mol
 VdW interaction energy in the mix (H_vdW)         :        -9.79087 kcal/mol
 Ln(Activity coefficient)                          :         0.00000

 Compound: 2  (GHVNFZFCNZKVNT-UHFFFAOYSA-N)
 Chemical potential of the compound in the mixture :        -4.70282 kcal/mol
 Log10(partial pressure [mbar])                    :        -0.70398
 Free energy of molecule in mix (E_COSMO+dE+Mu)    :   -341233.11149 kcal/mol
 Total mean interaction energy in the mix (H_int)  :        -9.48929 kcal/mol
 Misfit interaction energy in the mix (H_MF)       :         2.71391 kcal/mol
 H-Bond interaction energy in the mix (H_HB)       :        -0.02498 kcal/mol
 VdW interaction energy in the mix (H_vdW)         :       -12.17823 kcal/mol
 Ln(Activity coefficient)                          :         2.50030


----------------
 END job       1
----------------
----------------
 START job     2
----------------

 --------------------------------------------------------------------------------
 Computation of activity coefficients gamma at infinite dilution in compound    2
 --------------------------------------------------------------------------------



 Results for mixture 4
 ---------------------
 Temperature          :    298.150 K
 Compound Nr.         :         1         2
 Compound             : XMGQYMWWD GHVNFZFCN
 Mole Fraction        :    1.0000    0.0000

 Compound: 1  (XMGQYMWWDOXHJM-SNVBAGLBSA-N)
 Chemical potential of the compound in the mixture :        -6.35795 kcal/mol
 Log10(partial pressure [mbar])                    :         0.47573
 Free energy of molecule in mix (E_COSMO+dE+Mu)    :   -245230.18779 kcal/mol
 Total mean interaction energy in the mix (H_int)  :        -8.53697 kcal/mol
 Misfit interaction energy in the mix (H_MF)       :         1.25391 kcal/mol
 H-Bond interaction energy in the mix (H_HB)       :         0.00000 kcal/mol
 VdW interaction energy in the mix (H_vdW)         :        -9.79087 kcal/mol




 Results for mixture 5
 ---------------------
 Temperature          :    298.150 K
 Compound Nr.         :         1         2
 Compound             : XMGQYMWWD GHVNFZFCN
 Mole Fraction        :    0.0000    1.0000

 Compound: 2  (GHVNFZFCNZKVNT-UHFFFAOYSA-N)
 Chemical potential of the compound in the mixture :        -6.18421 kcal/mol
 Log10(partial pressure [mbar])                    :        -1.78984
 Free energy of molecule in mix (E_COSMO+dE+Mu)    :   -341234.59288 kcal/mol
 Total mean interaction energy in the mix (H_int)  :       -13.06374 kcal/mol
 Misfit interaction energy in the mix (H_MF)       :         2.26430 kcal/mol
 H-Bond interaction energy in the mix (H_HB)       :        -3.53987 kcal/mol
 VdW interaction energy in the mix (H_vdW)         :       -11.78818 kcal/mol




 Results for mixture 6
 ---------------------
 Temperature          :    298.150 K
 Compound Nr.         :         1         2
 Compound             : XMGQYMWWD GHVNFZFCN
 Mole Fraction        :    0.0000    1.0000

 Compound: 1  (XMGQYMWWDOXHJM-SNVBAGLBSA-N)
 Chemical potential of the compound in the mixture :        -5.93584 kcal/mol
 Log10(partial pressure [mbar])                    :         0.78514
 Free energy of molecule in mix (E_COSMO+dE+Mu)    :   -245229.76568 kcal/mol
 Total mean interaction energy in the mix (H_int)  :        -7.99819 kcal/mol
 Misfit interaction energy in the mix (H_MF)       :         1.54633 kcal/mol
 H-Bond interaction energy in the mix (H_HB)       :        -0.00327 kcal/mol
 VdW interaction energy in the mix (H_vdW)         :        -9.54125 kcal/mol
 Ln(Activity coefficient)                          :         0.71244

 Compound: 2  (GHVNFZFCNZKVNT-UHFFFAOYSA-N)
 Chemical potential of the compound in the mixture :        -6.18421 kcal/mol
 Log10(partial pressure [mbar])                    :        -1.78984
 Free energy of molecule in mix (E_COSMO+dE+Mu)    :   -341234.59288 kcal/mol
 Total mean interaction energy in the mix (H_int)  :       -13.06374 kcal/mol
 Misfit interaction energy in the mix (H_MF)       :         2.26430 kcal/mol
 H-Bond interaction energy in the mix (H_HB)       :        -3.53987 kcal/mol
 VdW interaction energy in the mix (H_vdW)         :       -11.78818 kcal/mol
 Ln(Activity coefficient)                          :         0.00000


----------------
 END job       2
----------------
