 -----------------------------------------------------------
 BIOVIA COSMOtherm Version 2019 (build: 19.0.5 [65f0de1d5f])
 -----------------------------------------------------------

 Copyright (C) 1999-2019, Dassault Systemes BIOVIA corp, all rights reserved

 Job name   : !! generated by COSMOthermX !!
 Job date   : 09/16/2022
 Job time   : 14:08:58
 Hostname   : unknown
 OS type    : unknown
 Executable : Linux 64-bit

 Reading COSMOtherm parameter file BP_TZVP_C30_1701.ctd from directory /home/comp3/software/COSMOlogic/COSMOthermX19/COSMOtherm/CTDATA-FILES/OLDPARAM/
 Info: # COSMOtherm parameter file ./BP_TZVP_C30_1701.ctd for BP-TZVP optimized COSMO files                                                                  

 Reading COSMOtherm license key license.txt from directory /home/comp3/software/COSMOlogic/COSMOthermX19/licensefiles/

 COSMOtherm license key expiration date 04/26/2025
 COSMOtherm license key version 21
 Customer : 200000000032966
 ID       : LKO1978637

 License keys:
  product                   |    licensed version    | status
 ------------------------------------------------------------------------------ 
  COSMOtherm                |          21            | active
  TURBOMOLE                 |          21            | active
 ------------------------------------------------------------------------------ 
 
 Note: Vapor pressure / property file could not be found for compound 1
 Reading COSMO information for compound 1 conformer 1 from file /home/comp3/Desktop/Nastya/DES/cosmo/XPFVYQJUAUNWIW-UHFFFAOYSA-N.cosmo
 Note: Gas phase energy file could not be found for compound 1 conformer 1
 Note: converting Gaussian COSMO-file information of compound 1 conformer 1
 
 Reading vapor pressure and property information for compound 2 from file /home/comp3/Desktop/Nastya/DES/cosmo/SGMZJAMFUVOLNK-UHFFFAOYSA-M.vap
 Reading COSMO information for compound 2 conformer 1 from file /home/comp3/Desktop/Nastya/DES/cosmo/SGMZJAMFUVOLNK-UHFFFAOYSA-M.cosmo
 Note: Gas phase energy file could not be found for compound 2 conformer 1
 Note: converting Gaussian COSMO-file information of compound 2 conformer 1


 --- Compound 1 (XPFVYQJUAUNWIW-UHFFFAOYSA-N) ---

 Compound Information for compound 1 conformer 1 (COSMO file /home/comp3/Desktop/Nastya/DES/cosmo/XPFVYQJUAUNWIW-UHFFFAOYSA-N.cosmo)
 Atomic weights         : 1111111111111
 E_COSMO+dE             :    -216295.5171 kcal/mol
 E_gas                  :    -216287.6055 kcal/mol
 E_COSMO-E_gas+dE       :         -7.9116 kcal/mol
 E_diel                 :        -10.5092 kcal/mol
 Averaging corr dE      :          0.5218 kcal/mol
 Area                   :        133.1265 A^2
 Volume                 :        120.8184 A^3
 Molecular Weight       :         98.1004 a.m.u.
 Total COSMO charge     :         -0.0005 a.u.
 Dipole moment (t,x,y,z):          2.2837  0.419053  1.218591  1.885421 Debye                            
 Sigma moments (1-6)    :          0.0000  7.39E+01  9.489549  1.07E+02  2.87E+01  2.21E+02              
 H-bond moment (accept) :          2.8746
 H-bond moment (donor)  :          1.7743
 
 WARNING: QM computation level of compound 1 conformer 1 could not be determined - it may differ from the QM level of the parameter set.
 No gas phase energy for compound 1 conformer 1 specified, thus it will be estimated


 --- Compound 2 (SGMZJAMFUVOLNK-UHFFFAOYSA-M) ---

 Compound Information for compound 2 conformer 1 (COSMO file /home/comp3/Desktop/Nastya/DES/cosmo/SGMZJAMFUVOLNK-UHFFFAOYSA-M.cosmo)
 Atomic weights         : 1111111111111111111111
 E_COSMO+dE             :    -495311.0092 kcal/mol
 E_gas                  :    -495280.9240 kcal/mol
 E_COSMO-E_gas+dE       :        -30.0852 kcal/mol
 E_diel                 :        -43.9005 kcal/mol
 Averaging corr dE      :          0.6451 kcal/mol
 Area                   :        177.0496 A^2
 Volume                 :        188.1524 A^3
 Molecular Weight       :        139.6245 a.m.u.
 Total COSMO charge     :          0.0093 a.u.
 Dipole moment (t,x,y,z):         18.3247 -1.83E+01  0.122140 -1.618568 Debye                            
 Sigma moments (1-6)    :          0.0000  1.72E+02  1.20E+02  3.11E+02  3.77E+02  7.14E+02              
 H-bond moment (accept) :         15.0395
 H-bond moment (donor)  :          0.2290
 
 WARNING: QM computation level of compound 2 conformer 1 could not be determined - it may differ from the QM level of the parameter set.
 No gas phase energy for compound 2 conformer 1 specified, thus it will be estimated


 Total number of processed compounds:    2


----------------
 START job     1
----------------

 --------------------------------------------------------------------------------
 Computation of activity coefficients gamma at infinite dilution in compound    1
 --------------------------------------------------------------------------------



 Results for mixture 1
 ---------------------
 Temperature          :    298.150 K
 Compound Nr.         :         1         2
 Compound             : XPFVYQJUA SGMZJAMFU
 Mole Fraction        :    1.0000    0.0000

 Compound: 1  (XPFVYQJUAUNWIW-UHFFFAOYSA-N)
 Chemical potential of the compound in the mixture :        -2.31988 kcal/mol
 Log10(partial pressure [mbar])                    :        -0.61808
 Free energy of molecule in mix (E_COSMO+dE+Mu)    :   -216297.83701 kcal/mol
 Total mean interaction energy in the mix (H_int)  :        -7.44325 kcal/mol
 Misfit interaction energy in the mix (H_MF)       :         2.13653 kcal/mol
 H-Bond interaction energy in the mix (H_HB)       :        -3.51980 kcal/mol
 VdW interaction energy in the mix (H_vdW)         :        -6.05998 kcal/mol




 Results for mixture 2
 ---------------------
 Temperature          :    298.150 K
 Compound Nr.         :         1         2
 Compound             : XPFVYQJUA SGMZJAMFU
 Mole Fraction        :    0.0000    1.0000

 Compound: 2  (SGMZJAMFUVOLNK-UHFFFAOYSA-M)
 Chemical potential of the compound in the mixture :         1.80745 kcal/mol
 Log10(partial pressure [mbar])                    :       -13.15367
 Free energy of molecule in mix (E_COSMO+dE+Mu)    :   -495309.20179 kcal/mol
 Total mean interaction energy in the mix (H_int)  :        -4.76377 kcal/mol
 Misfit interaction energy in the mix (H_MF)       :         6.76689 kcal/mol
 H-Bond interaction energy in the mix (H_HB)       :        -2.52734 kcal/mol
 VdW interaction energy in the mix (H_vdW)         :        -9.00332 kcal/mol




 Results for mixture 3
 ---------------------
 Temperature          :    298.150 K
 Compound Nr.         :         1         2
 Compound             : XPFVYQJUA SGMZJAMFU
 Mole Fraction        :    1.0000    0.0000

 Compound: 1  (XPFVYQJUAUNWIW-UHFFFAOYSA-N)
 Chemical potential of the compound in the mixture :        -2.31988 kcal/mol
 Log10(partial pressure [mbar])                    :        -0.61808
 Free energy of molecule in mix (E_COSMO+dE+Mu)    :   -216297.83701 kcal/mol
 Total mean interaction energy in the mix (H_int)  :        -7.44325 kcal/mol
 Misfit interaction energy in the mix (H_MF)       :         2.13653 kcal/mol
 H-Bond interaction energy in the mix (H_HB)       :        -3.51980 kcal/mol
 VdW interaction energy in the mix (H_vdW)         :        -6.05998 kcal/mol
 Ln(Activity coefficient)                          :         0.00000

 Compound: 2  (SGMZJAMFUVOLNK-UHFFFAOYSA-M)
 Chemical potential of the compound in the mixture :        -0.52836 kcal/mol
 Log10(partial pressure [mbar])                    :       -14.86583
 Free energy of molecule in mix (E_COSMO+dE+Mu)    :   -495311.53759 kcal/mol
 Total mean interaction energy in the mix (H_int)  :       -15.87347 kcal/mol
 Misfit interaction energy in the mix (H_MF)       :         3.46425 kcal/mol
 H-Bond interaction energy in the mix (H_HB)       :       -10.95456 kcal/mol
 VdW interaction energy in the mix (H_vdW)         :        -8.38316 kcal/mol
 Ln(Activity coefficient)                          :        -3.94238


----------------
 END job       1
----------------
----------------
 START job     2
----------------

 --------------------------------------------------------------------------------
 Computation of activity coefficients gamma at infinite dilution in compound    2
 --------------------------------------------------------------------------------



 Results for mixture 4
 ---------------------
 Temperature          :    298.150 K
 Compound Nr.         :         1         2
 Compound             : XPFVYQJUA SGMZJAMFU
 Mole Fraction        :    1.0000    0.0000

 Compound: 1  (XPFVYQJUAUNWIW-UHFFFAOYSA-N)
 Chemical potential of the compound in the mixture :        -2.31988 kcal/mol
 Log10(partial pressure [mbar])                    :        -0.61808
 Free energy of molecule in mix (E_COSMO+dE+Mu)    :   -216297.83701 kcal/mol
 Total mean interaction energy in the mix (H_int)  :        -7.44325 kcal/mol
 Misfit interaction energy in the mix (H_MF)       :         2.13653 kcal/mol
 H-Bond interaction energy in the mix (H_HB)       :        -3.51980 kcal/mol
 VdW interaction energy in the mix (H_vdW)         :        -6.05998 kcal/mol




 Results for mixture 5
 ---------------------
 Temperature          :    298.150 K
 Compound Nr.         :         1         2
 Compound             : XPFVYQJUA SGMZJAMFU
 Mole Fraction        :    0.0000    1.0000

 Compound: 2  (SGMZJAMFUVOLNK-UHFFFAOYSA-M)
 Chemical potential of the compound in the mixture :         1.80745 kcal/mol
 Log10(partial pressure [mbar])                    :       -13.15367
 Free energy of molecule in mix (E_COSMO+dE+Mu)    :   -495309.20179 kcal/mol
 Total mean interaction energy in the mix (H_int)  :        -4.76377 kcal/mol
 Misfit interaction energy in the mix (H_MF)       :         6.76689 kcal/mol
 H-Bond interaction energy in the mix (H_HB)       :        -2.52734 kcal/mol
 VdW interaction energy in the mix (H_vdW)         :        -9.00332 kcal/mol




 Results for mixture 6
 ---------------------
 Temperature          :    298.150 K
 Compound Nr.         :         1         2
 Compound             : XPFVYQJUA SGMZJAMFU
 Mole Fraction        :    0.0000    1.0000

 Compound: 1  (XPFVYQJUAUNWIW-UHFFFAOYSA-N)
 Chemical potential of the compound in the mixture :        -3.43482 kcal/mol
 Log10(partial pressure [mbar])                    :        -1.43534
 Free energy of molecule in mix (E_COSMO+dE+Mu)    :   -216298.95195 kcal/mol
 Total mean interaction energy in the mix (H_int)  :        -5.62478 kcal/mol
 Misfit interaction energy in the mix (H_MF)       :         3.60243 kcal/mol
 H-Bond interaction energy in the mix (H_HB)       :        -2.83132 kcal/mol
 VdW interaction energy in the mix (H_vdW)         :        -6.39590 kcal/mol
 Ln(Activity coefficient)                          :        -1.88181

 Compound: 2  (SGMZJAMFUVOLNK-UHFFFAOYSA-M)
 Chemical potential of the compound in the mixture :         1.80745 kcal/mol
 Log10(partial pressure [mbar])                    :       -13.15367
 Free energy of molecule in mix (E_COSMO+dE+Mu)    :   -495309.20179 kcal/mol
 Total mean interaction energy in the mix (H_int)  :        -4.76377 kcal/mol
 Misfit interaction energy in the mix (H_MF)       :         6.76689 kcal/mol
 H-Bond interaction energy in the mix (H_HB)       :        -2.52734 kcal/mol
 VdW interaction energy in the mix (H_vdW)         :        -9.00332 kcal/mol
 Ln(Activity coefficient)                          :         0.00000


----------------
 END job       2
----------------
