 -----------------------------------------------------------
 BIOVIA COSMOtherm Version 2019 (build: 19.0.5 [65f0de1d5f])
 -----------------------------------------------------------

 Copyright (C) 1999-2019, Dassault Systemes BIOVIA corp, all rights reserved

 Job name   : !! generated by COSMOthermX !!
 Job date   : 09/16/2022
 Job time   : 14:10:06
 Hostname   : unknown
 OS type    : unknown
 Executable : Linux 64-bit

 Reading COSMOtherm parameter file BP_TZVP_C30_1701.ctd from directory /home/comp3/software/COSMOlogic/COSMOthermX19/COSMOtherm/CTDATA-FILES/OLDPARAM/
 Info: # COSMOtherm parameter file ./BP_TZVP_C30_1701.ctd for BP-TZVP optimized COSMO files                                                                  

 Reading COSMOtherm license key license.txt from directory /home/comp3/software/COSMOlogic/COSMOthermX19/licensefiles/

 COSMOtherm license key expiration date 04/26/2025
 COSMOtherm license key version 21
 Customer : 200000000032966
 ID       : LKO1978637

 License keys:
  product                   |    licensed version    | status
 ------------------------------------------------------------------------------ 
  COSMOtherm                |          21            | active
  TURBOMOLE                 |          21            | active
 ------------------------------------------------------------------------------ 
 
 Note: Vapor pressure / property file could not be found for compound 1
 Reading COSMO information for compound 1 conformer 1 from file /home/comp3/Desktop/Nastya/DES/cosmo/YGSDEFSMJLZEOE-UHFFFAOYSA-N.cosmo
 Note: Gas phase energy file could not be found for compound 1 conformer 1
 Note: converting Gaussian COSMO-file information of compound 1 conformer 1
 
 Reading vapor pressure and property information for compound 2 from file /home/comp3/Desktop/Nastya/DES/cosmo/KWIUHFFTVRNATP-UHFFFAOYSA-N.vap
 Reading COSMO information for compound 2 conformer 1 from file /home/comp3/Desktop/Nastya/DES/cosmo/KWIUHFFTVRNATP-UHFFFAOYSA-N.cosmo
 Note: Gas phase energy file could not be found for compound 2 conformer 1
 Note: converting Gaussian COSMO-file information of compound 2 conformer 1


 --- Compound 1 (YGSDEFSMJLZEOE-UHFFFAOYSA-N) ---

 Compound Information for compound 1 conformer 1 (COSMO file /home/comp3/Desktop/Nastya/DES/cosmo/YGSDEFSMJLZEOE-UHFFFAOYSA-N.cosmo)
 Atomic weights         : 1111111111111111
 E_COSMO+dE             :    -311404.0137 kcal/mol
 E_gas                  :    -311397.4242 kcal/mol
 E_COSMO-E_gas+dE       :         -6.5895 kcal/mol
 E_diel                 :         -8.9272 kcal/mol
 Averaging corr dE      :          0.6748 kcal/mol
 Area                   :        158.6000 A^2
 Volume                 :        153.7806 A^3
 Molecular Weight       :        138.1214 a.m.u.
 Total COSMO charge     :          0.0040 a.u.
 Dipole moment (t,x,y,z):          3.1762 -0.491676 -3.137872  0.002028 Debye                            
 Sigma moments (1-6)    :          0.0000  7.03E+01 -2.34E+01  1.15E+02 -1.13E+02  3.12E+02              
 H-bond moment (accept) :          0.6837
 H-bond moment (donor)  :          3.9338
 
 WARNING: QM computation level of compound 1 conformer 1 could not be determined - it may differ from the QM level of the parameter set.
 No gas phase energy for compound 1 conformer 1 specified, thus it will be estimated


 --- Compound 2 (KWIUHFFTVRNATP-UHFFFAOYSA-N) ---

 Compound Information for compound 2 conformer 1 (COSMO file /home/comp3/Desktop/Nastya/DES/cosmo/KWIUHFFTVRNATP-UHFFFAOYSA-N.cosmo)
 Atomic weights         : 1111111111111111111
 E_COSMO+dE             :    -252580.8433 kcal/mol
 E_gas                  :    -252553.4740 kcal/mol
 E_COSMO-E_gas+dE       :        -27.3693 kcal/mol
 E_diel                 :        -40.1242 kcal/mol
 Averaging corr dE      :          0.7176 kcal/mol
 Area                   :        154.0612 A^2
 Volume                 :        155.3798 A^3
 Molecular Weight       :        117.1469 a.m.u.
 Total COSMO charge     :          0.0039 a.u.
 Dipole moment (t,x,y,z):         15.1887  1.51E+01 -1.715292  0.002027 Debye                            
 Sigma moments (1-6)    :          0.0000  1.69E+02  1.64E+02  4.27E+02  6.97E+02  1.45E+03              
 H-bond moment (accept) :         19.6211
 H-bond moment (donor)  :          0.1747
 
 WARNING: QM computation level of compound 2 conformer 1 could not be determined - it may differ from the QM level of the parameter set.
 No gas phase energy for compound 2 conformer 1 specified, thus it will be estimated


 Total number of processed compounds:    2


----------------
 START job     1
----------------

 --------------------------------------------------------------------------------
 Computation of activity coefficients gamma at infinite dilution in compound    1
 --------------------------------------------------------------------------------



 Results for mixture 1
 ---------------------
 Temperature          :    298.150 K
 Compound Nr.         :         1         2
 Compound             : YGSDEFSMJ KWIUHFFTV
 Mole Fraction        :    1.0000    0.0000

 Compound: 1  (YGSDEFSMJLZEOE-UHFFFAOYSA-N)
 Chemical potential of the compound in the mixture :        -3.13862 kcal/mol
 Log10(partial pressure [mbar])                    :        -0.38754
 Free energy of molecule in mix (E_COSMO+dE+Mu)    :   -311407.15234 kcal/mol
 Total mean interaction energy in the mix (H_int)  :        -7.36030 kcal/mol
 Misfit interaction energy in the mix (H_MF)       :         2.00765 kcal/mol
 H-Bond interaction energy in the mix (H_HB)       :        -2.53158 kcal/mol
 VdW interaction energy in the mix (H_vdW)         :        -6.83636 kcal/mol




 Results for mixture 2
 ---------------------
 Temperature          :    298.150 K
 Compound Nr.         :         1         2
 Compound             : YGSDEFSMJ KWIUHFFTV
 Mole Fraction        :    0.0000    1.0000

 Compound: 2  (KWIUHFFTVRNATP-UHFFFAOYSA-N)
 Chemical potential of the compound in the mixture :         3.52939 kcal/mol
 Log10(partial pressure [mbar])                    :        -9.90070
 Free energy of molecule in mix (E_COSMO+dE+Mu)    :   -252577.31389 kcal/mol
 Total mean interaction energy in the mix (H_int)  :        -2.27473 kcal/mol
 Misfit interaction energy in the mix (H_MF)       :         7.65703 kcal/mol
 H-Bond interaction energy in the mix (H_HB)       :        -3.05325 kcal/mol
 VdW interaction energy in the mix (H_vdW)         :        -6.87851 kcal/mol




 Results for mixture 3
 ---------------------
 Temperature          :    298.150 K
 Compound Nr.         :         1         2
 Compound             : YGSDEFSMJ KWIUHFFTV
 Mole Fraction        :    1.0000    0.0000

 Compound: 1  (YGSDEFSMJLZEOE-UHFFFAOYSA-N)
 Chemical potential of the compound in the mixture :        -3.13862 kcal/mol
 Log10(partial pressure [mbar])                    :        -0.38754
 Free energy of molecule in mix (E_COSMO+dE+Mu)    :   -311407.15234 kcal/mol
 Total mean interaction energy in the mix (H_int)  :        -7.36030 kcal/mol
 Misfit interaction energy in the mix (H_MF)       :         2.00765 kcal/mol
 H-Bond interaction energy in the mix (H_HB)       :        -2.53158 kcal/mol
 VdW interaction energy in the mix (H_vdW)         :        -6.83636 kcal/mol
 Ln(Activity coefficient)                          :         0.00000

 Compound: 2  (KWIUHFFTVRNATP-UHFFFAOYSA-N)
 Chemical potential of the compound in the mixture :       -11.59298 kcal/mol
 Log10(partial pressure [mbar])                    :       -20.98548
 Free energy of molecule in mix (E_COSMO+dE+Mu)    :   -252592.43625 kcal/mol
 Total mean interaction energy in the mix (H_int)  :       -31.15712 kcal/mol
 Misfit interaction energy in the mix (H_MF)       :         2.15592 kcal/mol
 H-Bond interaction energy in the mix (H_HB)       :       -26.64410 kcal/mol
 VdW interaction energy in the mix (H_vdW)         :        -6.66895 kcal/mol
 Ln(Activity coefficient)                          :       -25.52364


----------------
 END job       1
----------------
----------------
 START job     2
----------------

 --------------------------------------------------------------------------------
 Computation of activity coefficients gamma at infinite dilution in compound    2
 --------------------------------------------------------------------------------



 Results for mixture 4
 ---------------------
 Temperature          :    298.150 K
 Compound Nr.         :         1         2
 Compound             : YGSDEFSMJ KWIUHFFTV
 Mole Fraction        :    1.0000    0.0000

 Compound: 1  (YGSDEFSMJLZEOE-UHFFFAOYSA-N)
 Chemical potential of the compound in the mixture :        -3.13862 kcal/mol
 Log10(partial pressure [mbar])                    :        -0.38754
 Free energy of molecule in mix (E_COSMO+dE+Mu)    :   -311407.15234 kcal/mol
 Total mean interaction energy in the mix (H_int)  :        -7.36030 kcal/mol
 Misfit interaction energy in the mix (H_MF)       :         2.00765 kcal/mol
 H-Bond interaction energy in the mix (H_HB)       :        -2.53158 kcal/mol
 VdW interaction energy in the mix (H_vdW)         :        -6.83636 kcal/mol




 Results for mixture 5
 ---------------------
 Temperature          :    298.150 K
 Compound Nr.         :         1         2
 Compound             : YGSDEFSMJ KWIUHFFTV
 Mole Fraction        :    0.0000    1.0000

 Compound: 2  (KWIUHFFTVRNATP-UHFFFAOYSA-N)
 Chemical potential of the compound in the mixture :         3.52939 kcal/mol
 Log10(partial pressure [mbar])                    :        -9.90070
 Free energy of molecule in mix (E_COSMO+dE+Mu)    :   -252577.31389 kcal/mol
 Total mean interaction energy in the mix (H_int)  :        -2.27473 kcal/mol
 Misfit interaction energy in the mix (H_MF)       :         7.65703 kcal/mol
 H-Bond interaction energy in the mix (H_HB)       :        -3.05325 kcal/mol
 VdW interaction energy in the mix (H_vdW)         :        -6.87851 kcal/mol




 Results for mixture 6
 ---------------------
 Temperature          :    298.150 K
 Compound Nr.         :         1         2
 Compound             : YGSDEFSMJ KWIUHFFTV
 Mole Fraction        :    0.0000    1.0000

 Compound: 1  (YGSDEFSMJLZEOE-UHFFFAOYSA-N)
 Chemical potential of the compound in the mixture :        -8.14652 kcal/mol
 Log10(partial pressure [mbar])                    :        -4.05836
 Free energy of molecule in mix (E_COSMO+dE+Mu)    :   -311412.16023 kcal/mol
 Total mean interaction energy in the mix (H_int)  :        -9.93081 kcal/mol
 Misfit interaction energy in the mix (H_MF)       :         3.81103 kcal/mol
 H-Bond interaction energy in the mix (H_HB)       :        -6.50079 kcal/mol
 VdW interaction energy in the mix (H_vdW)         :        -7.24105 kcal/mol
 Ln(Activity coefficient)                          :        -8.45236

 Compound: 2  (KWIUHFFTVRNATP-UHFFFAOYSA-N)
 Chemical potential of the compound in the mixture :         3.52939 kcal/mol
 Log10(partial pressure [mbar])                    :        -9.90070
 Free energy of molecule in mix (E_COSMO+dE+Mu)    :   -252577.31389 kcal/mol
 Total mean interaction energy in the mix (H_int)  :        -2.27473 kcal/mol
 Misfit interaction energy in the mix (H_MF)       :         7.65703 kcal/mol
 H-Bond interaction energy in the mix (H_HB)       :        -3.05325 kcal/mol
 VdW interaction energy in the mix (H_vdW)         :        -6.87851 kcal/mol
 Ln(Activity coefficient)                          :         0.00000


----------------
 END job       2
----------------
