 -----------------------------------------------------------
 BIOVIA COSMOtherm Version 2019 (build: 19.0.5 [65f0de1d5f])
 -----------------------------------------------------------

 Copyright (C) 1999-2019, Dassault Systemes BIOVIA corp, all rights reserved

 Job name   : !! generated by COSMOthermX !!
 Job date   : 09/16/2022
 Job time   : 14:10:31
 Hostname   : unknown
 OS type    : unknown
 Executable : Linux 64-bit

 Reading COSMOtherm parameter file BP_TZVP_C30_1701.ctd from directory /home/comp3/software/COSMOlogic/COSMOthermX19/COSMOtherm/CTDATA-FILES/OLDPARAM/
 Info: # COSMOtherm parameter file ./BP_TZVP_C30_1701.ctd for BP-TZVP optimized COSMO files                                                                  

 Reading COSMOtherm license key license.txt from directory /home/comp3/software/COSMOlogic/COSMOthermX19/licensefiles/

 COSMOtherm license key expiration date 04/26/2025
 COSMOtherm license key version 21
 Customer : 200000000032966
 ID       : LKO1978637

 License keys:
  product                   |    licensed version    | status
 ------------------------------------------------------------------------------ 
  COSMOtherm                |          21            | active
  TURBOMOLE                 |          21            | active
 ------------------------------------------------------------------------------ 
 
 Note: Vapor pressure / property file could not be found for compound 1
 Reading COSMO information for compound 1 conformer 1 from file /home/comp3/Desktop/Nastya/DES/cosmo/ZIBGPFATKBEMQZ-UHFFFAOYSA-N.cosmo
 Note: Gas phase energy file could not be found for compound 1 conformer 1
 Note: converting Gaussian COSMO-file information of compound 1 conformer 1
 
 Reading vapor pressure and property information for compound 2 from file /home/comp3/Desktop/Nastya/DES/cosmo/BGQMOFGZRJUORO-UHFFFAOYSA-M.vap
 Reading COSMO information for compound 2 conformer 1 from file /home/comp3/Desktop/Nastya/DES/cosmo/BGQMOFGZRJUORO-UHFFFAOYSA-M.cosmo
 Note: Gas phase energy file could not be found for compound 2 conformer 1
 Note: converting Gaussian COSMO-file information of compound 2 conformer 1


 --- Compound 1 (ZIBGPFATKBEMQZ-UHFFFAOYSA-N) ---

 Compound Information for compound 1 conformer 1 (COSMO file /home/comp3/Desktop/Nastya/DES/cosmo/ZIBGPFATKBEMQZ-UHFFFAOYSA-N.cosmo)
 Atomic weights         : 111111111111111111111111
 E_COSMO+dE             :    -337680.5771 kcal/mol
 E_gas                  :    -337668.7350 kcal/mol
 E_COSMO-E_gas+dE       :        -11.8421 kcal/mol
 E_diel                 :        -17.0221 kcal/mol
 Averaging corr dE      :          1.0308 kcal/mol
 Area                   :        204.9417 A^2
 Volume                 :        191.5174 A^3
 Molecular Weight       :        150.1737 a.m.u.
 Total COSMO charge     :         -0.0011 a.u.
 Dipole moment (t,x,y,z):          2.8965 -1.212930 -2.525282  0.735785 Debye                            
 Sigma moments (1-6)    :          0.0000  1.29E+02  5.68E+01  2.40E+02  1.46E+02  5.75E+02              
 H-bond moment (accept) :          8.2543
 H-bond moment (donor)  :          3.6342
 
 WARNING: QM computation level of compound 1 conformer 1 could not be determined - it may differ from the QM level of the parameter set.
 No gas phase energy for compound 1 conformer 1 specified, thus it will be estimated


 --- Compound 2 (BGQMOFGZRJUORO-UHFFFAOYSA-M) ---

 Compound Information for compound 2 conformer 1 (COSMO file /home/comp3/Desktop/Nastya/DES/cosmo/BGQMOFGZRJUORO-UHFFFAOYSA-M.cosmo)
 Atomic weights         : 111111111111111111111111111111111111111111
 E_COSMO+dE             :   -1947478.7869 kcal/mol
 E_gas                  :   -1947450.5719 kcal/mol
 E_COSMO-E_gas+dE       :        -28.2150 kcal/mol
 E_diel                 :        -41.0595 kcal/mol
 Averaging corr dE      :          0.5266 kcal/mol
 Area                   :        285.4279 A^2
 Volume                 :        335.9129 A^3
 Molecular Weight       :        266.2627 a.m.u.
 Total COSMO charge     :          0.0122 a.u.
 Dipole moment (t,x,y,z):         19.3003  1.91E+01  2.523938  0.785725 Debye                            
 Sigma moments (1-6)    :          0.0000  1.61E+02  1.56E+02  3.16E+02  4.62E+02  7.94E+02              
 H-bond moment (accept) :         17.2816
 H-bond moment (donor)  :          0.0103
 
 WARNING: QM computation level of compound 2 conformer 1 could not be determined - it may differ from the QM level of the parameter set.
 No gas phase energy for compound 2 conformer 1 specified, thus it will be estimated


 Total number of processed compounds:    2


----------------
 START job     1
----------------

 --------------------------------------------------------------------------------
 Computation of activity coefficients gamma at infinite dilution in compound    1
 --------------------------------------------------------------------------------



 Results for mixture 1
 ---------------------
 Temperature          :    298.150 K
 Compound Nr.         :         1         2
 Compound             : ZIBGPFATK BGQMOFGZR
 Mole Fraction        :    1.0000    0.0000

 Compound: 1  (ZIBGPFATKBEMQZ-UHFFFAOYSA-N)
 Chemical potential of the compound in the mixture :        -3.68524 kcal/mol
 Log10(partial pressure [mbar])                    :        -3.80756
 Free energy of molecule in mix (E_COSMO+dE+Mu)    :   -337684.26234 kcal/mol
 Total mean interaction energy in the mix (H_int)  :       -14.71919 kcal/mol
 Misfit interaction energy in the mix (H_MF)       :         3.37008 kcal/mol
 H-Bond interaction energy in the mix (H_HB)       :        -9.01911 kcal/mol
 VdW interaction energy in the mix (H_vdW)         :        -9.07016 kcal/mol




 Results for mixture 2
 ---------------------
 Temperature          :    298.150 K
 Compound Nr.         :         1         2
 Compound             : ZIBGPFATK BGQMOFGZR
 Mole Fraction        :    0.0000    1.0000

 Compound: 2  (BGQMOFGZRJUORO-UHFFFAOYSA-M)
 Chemical potential of the compound in the mixture :         0.43431 kcal/mol
 Log10(partial pressure [mbar])                    :       -12.78932
 Free energy of molecule in mix (E_COSMO+dE+Mu)    :  -1947478.35255 kcal/mol
 Total mean interaction energy in the mix (H_int)  :        -6.04559 kcal/mol
 Misfit interaction energy in the mix (H_MF)       :         9.75107 kcal/mol
 H-Bond interaction energy in the mix (H_HB)       :        -0.70661 kcal/mol
 VdW interaction energy in the mix (H_vdW)         :       -15.09005 kcal/mol




 Results for mixture 3
 ---------------------
 Temperature          :    298.150 K
 Compound Nr.         :         1         2
 Compound             : ZIBGPFATK BGQMOFGZR
 Mole Fraction        :    1.0000    0.0000

 Compound: 1  (ZIBGPFATKBEMQZ-UHFFFAOYSA-N)
 Chemical potential of the compound in the mixture :        -3.68524 kcal/mol
 Log10(partial pressure [mbar])                    :        -3.80756
 Free energy of molecule in mix (E_COSMO+dE+Mu)    :   -337684.26234 kcal/mol
 Total mean interaction energy in the mix (H_int)  :       -14.71919 kcal/mol
 Misfit interaction energy in the mix (H_MF)       :         3.37008 kcal/mol
 H-Bond interaction energy in the mix (H_HB)       :        -9.01911 kcal/mol
 VdW interaction energy in the mix (H_vdW)         :        -9.07016 kcal/mol
 Ln(Activity coefficient)                          :         0.00000

 Compound: 2  (BGQMOFGZRJUORO-UHFFFAOYSA-M)
 Chemical potential of the compound in the mixture :        -2.33251 kcal/mol
 Log10(partial pressure [mbar])                    :       -14.81741
 Free energy of molecule in mix (E_COSMO+dE+Mu)    :  -1947481.11937 kcal/mol
 Total mean interaction energy in the mix (H_int)  :       -19.34808 kcal/mol
 Misfit interaction energy in the mix (H_MF)       :         5.56396 kcal/mol
 H-Bond interaction energy in the mix (H_HB)       :       -11.16499 kcal/mol
 VdW interaction energy in the mix (H_vdW)         :       -13.74705 kcal/mol
 Ln(Activity coefficient)                          :        -4.66985


----------------
 END job       1
----------------
----------------
 START job     2
----------------

 --------------------------------------------------------------------------------
 Computation of activity coefficients gamma at infinite dilution in compound    2
 --------------------------------------------------------------------------------



 Results for mixture 4
 ---------------------
 Temperature          :    298.150 K
 Compound Nr.         :         1         2
 Compound             : ZIBGPFATK BGQMOFGZR
 Mole Fraction        :    1.0000    0.0000

 Compound: 1  (ZIBGPFATKBEMQZ-UHFFFAOYSA-N)
 Chemical potential of the compound in the mixture :        -3.68524 kcal/mol
 Log10(partial pressure [mbar])                    :        -3.80756
 Free energy of molecule in mix (E_COSMO+dE+Mu)    :   -337684.26234 kcal/mol
 Total mean interaction energy in the mix (H_int)  :       -14.71919 kcal/mol
 Misfit interaction energy in the mix (H_MF)       :         3.37008 kcal/mol
 H-Bond interaction energy in the mix (H_HB)       :        -9.01911 kcal/mol
 VdW interaction energy in the mix (H_vdW)         :        -9.07016 kcal/mol




 Results for mixture 5
 ---------------------
 Temperature          :    298.150 K
 Compound Nr.         :         1         2
 Compound             : ZIBGPFATK BGQMOFGZR
 Mole Fraction        :    0.0000    1.0000

 Compound: 2  (BGQMOFGZRJUORO-UHFFFAOYSA-M)
 Chemical potential of the compound in the mixture :         0.43431 kcal/mol
 Log10(partial pressure [mbar])                    :       -12.78932
 Free energy of molecule in mix (E_COSMO+dE+Mu)    :  -1947478.35255 kcal/mol
 Total mean interaction energy in the mix (H_int)  :        -6.04559 kcal/mol
 Misfit interaction energy in the mix (H_MF)       :         9.75107 kcal/mol
 H-Bond interaction energy in the mix (H_HB)       :        -0.70661 kcal/mol
 VdW interaction energy in the mix (H_vdW)         :       -15.09005 kcal/mol




 Results for mixture 6
 ---------------------
 Temperature          :    298.150 K
 Compound Nr.         :         1         2
 Compound             : ZIBGPFATK BGQMOFGZR
 Mole Fraction        :    0.0000    1.0000

 Compound: 1  (ZIBGPFATKBEMQZ-UHFFFAOYSA-N)
 Chemical potential of the compound in the mixture :        -4.96559 kcal/mol
 Log10(partial pressure [mbar])                    :        -4.74606
 Free energy of molecule in mix (E_COSMO+dE+Mu)    :   -337685.54269 kcal/mol
 Total mean interaction energy in the mix (H_int)  :       -10.24930 kcal/mol
 Misfit interaction energy in the mix (H_MF)       :         4.99972 kcal/mol
 H-Bond interaction energy in the mix (H_HB)       :        -5.31733 kcal/mol
 VdW interaction energy in the mix (H_vdW)         :        -9.93169 kcal/mol
 Ln(Activity coefficient)                          :        -2.16098

 Compound: 2  (BGQMOFGZRJUORO-UHFFFAOYSA-M)
 Chemical potential of the compound in the mixture :         0.43431 kcal/mol
 Log10(partial pressure [mbar])                    :       -12.78932
 Free energy of molecule in mix (E_COSMO+dE+Mu)    :  -1947478.35255 kcal/mol
 Total mean interaction energy in the mix (H_int)  :        -6.04559 kcal/mol
 Misfit interaction energy in the mix (H_MF)       :         9.75107 kcal/mol
 H-Bond interaction energy in the mix (H_HB)       :        -0.70661 kcal/mol
 VdW interaction energy in the mix (H_vdW)         :       -15.09005 kcal/mol
 Ln(Activity coefficient)                          :         0.00000


----------------
 END job       2
----------------
